2022-11-08 13:28:19,785 WARNING:biomolecule.py:966:create_residue:Unable to find amino or nucleic acid definition for SAM.  Parsing as new residue.
2022-11-08 13:28:19,786 WARNING:main.py:418:setup_molecule:Multiple occupancies found: N in SER A 78.
2022-11-08 13:28:19,786 WARNING:main.py:418:setup_molecule:Multiple occupancies found: CA in SER A 78.
2022-11-08 13:28:19,786 WARNING:main.py:418:setup_molecule:Multiple occupancies found: C in SER A 78.
2022-11-08 13:28:19,786 WARNING:main.py:418:setup_molecule:Multiple occupancies found: O in SER A 78.
2022-11-08 13:28:19,786 WARNING:main.py:418:setup_molecule:Multiple occupancies found: CB in SER A 78.
2022-11-08 13:28:19,786 WARNING:main.py:418:setup_molecule:Multiple occupancies found: OG in SER A 78.
2022-11-08 13:28:19,786 WARNING:main.py:424:setup_molecule:Multiple occupancies found in SER A 78. At least one of the instances is being ignored.
2022-11-08 13:28:19,787 WARNING:main.py:418:setup_molecule:Multiple occupancies found: N in SER A 89.
2022-11-08 13:28:19,787 WARNING:main.py:418:setup_molecule:Multiple occupancies found: CA in SER A 89.
2022-11-08 13:28:19,787 WARNING:main.py:418:setup_molecule:Multiple occupancies found: C in SER A 89.
2022-11-08 13:28:19,787 WARNING:main.py:418:setup_molecule:Multiple occupancies found: O in SER A 89.
2022-11-08 13:28:19,787 WARNING:main.py:418:setup_molecule:Multiple occupancies found: CB in SER A 89.
2022-11-08 13:28:19,787 WARNING:main.py:418:setup_molecule:Multiple occupancies found: OG in SER A 89.
2022-11-08 13:28:19,787 WARNING:main.py:424:setup_molecule:Multiple occupancies found in SER A 89. At least one of the instances is being ignored.
2022-11-08 13:28:19,787 WARNING:main.py:418:setup_molecule:Multiple occupancies found: N in ILE A 101.
2022-11-08 13:28:19,787 WARNING:main.py:418:setup_molecule:Multiple occupancies found: CA in ILE A 101.
2022-11-08 13:28:19,788 WARNING:main.py:418:setup_molecule:Multiple occupancies found: C in ILE A 101.
2022-11-08 13:28:19,788 WARNING:main.py:418:setup_molecule:Multiple occupancies found: O in ILE A 101.
2022-11-08 13:28:19,788 WARNING:main.py:418:setup_molecule:Multiple occupancies found: CB in ILE A 101.
2022-11-08 13:28:19,788 WARNING:main.py:418:setup_molecule:Multiple occupancies found: CG1 in ILE A 101.
2022-11-08 13:28:19,788 WARNING:main.py:418:setup_molecule:Multiple occupancies found: CG2 in ILE A 101.
2022-11-08 13:28:19,788 WARNING:main.py:418:setup_molecule:Multiple occupancies found: CD1 in ILE A 101.
2022-11-08 13:28:19,788 WARNING:main.py:424:setup_molecule:Multiple occupancies found in ILE A 101. At least one of the instances is being ignored.
2022-11-08 13:28:19,788 WARNING:main.py:418:setup_molecule:Multiple occupancies found: CA in ARG A 119.
2022-11-08 13:28:19,788 WARNING:main.py:418:setup_molecule:Multiple occupancies found: CB in ARG A 119.
2022-11-08 13:28:19,789 WARNING:main.py:418:setup_molecule:Multiple occupancies found: CG in ARG A 119.
2022-11-08 13:28:19,789 WARNING:main.py:418:setup_molecule:Multiple occupancies found: CD in ARG A 119.
2022-11-08 13:28:19,789 WARNING:main.py:418:setup_molecule:Multiple occupancies found: NE in ARG A 119.
2022-11-08 13:28:19,789 WARNING:main.py:418:setup_molecule:Multiple occupancies found: CZ in ARG A 119.
2022-11-08 13:28:19,789 WARNING:main.py:418:setup_molecule:Multiple occupancies found: NH1 in ARG A 119.
2022-11-08 13:28:19,789 WARNING:main.py:418:setup_molecule:Multiple occupancies found: NH2 in ARG A 119.
2022-11-08 13:28:19,789 WARNING:main.py:424:setup_molecule:Multiple occupancies found in ARG A 119. At least one of the instances is being ignored.
2022-11-08 13:28:19,789 WARNING:main.py:418:setup_molecule:Multiple occupancies found: N in SER A 123.
2022-11-08 13:28:19,790 WARNING:main.py:418:setup_molecule:Multiple occupancies found: CA in SER A 123.
2022-11-08 13:28:19,790 WARNING:main.py:418:setup_molecule:Multiple occupancies found: C in SER A 123.
2022-11-08 13:28:19,790 WARNING:main.py:418:setup_molecule:Multiple occupancies found: O in SER A 123.
2022-11-08 13:28:19,790 WARNING:main.py:418:setup_molecule:Multiple occupancies found: CB in SER A 123.
2022-11-08 13:28:19,791 WARNING:main.py:418:setup_molecule:Multiple occupancies found: OG in SER A 123.
2022-11-08 13:28:19,791 WARNING:main.py:424:setup_molecule:Multiple occupancies found in SER A 123. At least one of the instances is being ignored.
2022-11-08 13:28:19,791 WARNING:main.py:418:setup_molecule:Multiple occupancies found: CA in ARG A 178.
2022-11-08 13:28:19,791 WARNING:main.py:418:setup_molecule:Multiple occupancies found: CB in ARG A 178.
2022-11-08 13:28:19,791 WARNING:main.py:418:setup_molecule:Multiple occupancies found: CG in ARG A 178.
2022-11-08 13:28:19,791 WARNING:main.py:418:setup_molecule:Multiple occupancies found: CD in ARG A 178.
2022-11-08 13:28:19,791 WARNING:main.py:418:setup_molecule:Multiple occupancies found: NE in ARG A 178.
2022-11-08 13:28:19,791 WARNING:main.py:418:setup_molecule:Multiple occupancies found: CZ in ARG A 178.
2022-11-08 13:28:19,792 WARNING:main.py:418:setup_molecule:Multiple occupancies found: NH1 in ARG A 178.
2022-11-08 13:28:19,792 WARNING:main.py:418:setup_molecule:Multiple occupancies found: NH2 in ARG A 178.
2022-11-08 13:28:19,792 WARNING:main.py:424:setup_molecule:Multiple occupancies found in ARG A 178. At least one of the instances is being ignored.
2022-11-08 13:28:19,833 WARNING:biomolecule.py:157:num_missing_heavy:Missing atom OXT in residue HIS A 219
2022-11-08 13:28:19,834 WARNING:biomolecule.py:157:num_missing_heavy:Missing atom OXT in residue HIS A 219
2022-11-08 13:28:19,836 WARNING:biomolecule.py:157:num_missing_heavy:Missing atom OXT in residue HIS A 219
2022-11-08 13:28:22,316 WARNING:main.py:311:print_pqr:Ignoring 1697 header lines in output.
2022-11-08 13:28:22,316 WARNING:main.py:315:print_pqr:Ignoring 26 missing lines in output.
