2022-11-08 13:39:52,783 WARNING:biomolecule.py:966:create_residue:Unable to find amino or nucleic acid definition for SAM.  Parsing as new residue.
2022-11-08 13:39:52,784 WARNING:biomolecule.py:966:create_residue:Unable to find amino or nucleic acid definition for GOL.  Parsing as new residue.
2022-11-08 13:39:52,785 WARNING:main.py:418:setup_molecule:Multiple occupancies found: CA in SER A 3.
2022-11-08 13:39:52,785 WARNING:main.py:418:setup_molecule:Multiple occupancies found: CB in SER A 3.
2022-11-08 13:39:52,785 WARNING:main.py:418:setup_molecule:Multiple occupancies found: OG in SER A 3.
2022-11-08 13:39:52,786 WARNING:main.py:424:setup_molecule:Multiple occupancies found in SER A 3. At least one of the instances is being ignored.
2022-11-08 13:39:52,786 WARNING:main.py:418:setup_molecule:Multiple occupancies found: CA in TYR A 29.
2022-11-08 13:39:52,786 WARNING:main.py:418:setup_molecule:Multiple occupancies found: CB in TYR A 29.
2022-11-08 13:39:52,786 WARNING:main.py:418:setup_molecule:Multiple occupancies found: CG in TYR A 29.
2022-11-08 13:39:52,786 WARNING:main.py:418:setup_molecule:Multiple occupancies found: CD1 in TYR A 29.
2022-11-08 13:39:52,786 WARNING:main.py:418:setup_molecule:Multiple occupancies found: CD2 in TYR A 29.
2022-11-08 13:39:52,786 WARNING:main.py:418:setup_molecule:Multiple occupancies found: CE1 in TYR A 29.
2022-11-08 13:39:52,786 WARNING:main.py:418:setup_molecule:Multiple occupancies found: CE2 in TYR A 29.
2022-11-08 13:39:52,787 WARNING:main.py:418:setup_molecule:Multiple occupancies found: CZ in TYR A 29.
2022-11-08 13:39:52,787 WARNING:main.py:418:setup_molecule:Multiple occupancies found: OH in TYR A 29.
2022-11-08 13:39:52,787 WARNING:main.py:424:setup_molecule:Multiple occupancies found in TYR A 29. At least one of the instances is being ignored.
2022-11-08 13:39:52,787 WARNING:main.py:418:setup_molecule:Multiple occupancies found: CA in ASN A 59.
2022-11-08 13:39:52,787 WARNING:main.py:418:setup_molecule:Multiple occupancies found: CB in ASN A 59.
2022-11-08 13:39:52,787 WARNING:main.py:418:setup_molecule:Multiple occupancies found: CG in ASN A 59.
2022-11-08 13:39:52,787 WARNING:main.py:418:setup_molecule:Multiple occupancies found: ND2 in ASN A 59.
2022-11-08 13:39:52,787 WARNING:main.py:418:setup_molecule:Multiple occupancies found: OD1 in ASN A 59.
2022-11-08 13:39:52,788 WARNING:main.py:424:setup_molecule:Multiple occupancies found in ASN A 59. At least one of the instances is being ignored.
2022-11-08 13:39:52,788 WARNING:main.py:418:setup_molecule:Multiple occupancies found: CA in GLN A 64.
2022-11-08 13:39:52,788 WARNING:main.py:418:setup_molecule:Multiple occupancies found: CB in GLN A 64.
2022-11-08 13:39:52,788 WARNING:main.py:418:setup_molecule:Multiple occupancies found: CG in GLN A 64.
2022-11-08 13:39:52,788 WARNING:main.py:418:setup_molecule:Multiple occupancies found: CD in GLN A 64.
2022-11-08 13:39:52,788 WARNING:main.py:418:setup_molecule:Multiple occupancies found: NE2 in GLN A 64.
2022-11-08 13:39:52,788 WARNING:main.py:418:setup_molecule:Multiple occupancies found: OE1 in GLN A 64.
2022-11-08 13:39:52,788 WARNING:main.py:424:setup_molecule:Multiple occupancies found in GLN A 64. At least one of the instances is being ignored.
2022-11-08 13:39:52,789 WARNING:main.py:418:setup_molecule:Multiple occupancies found: CA in ASP A 67.
2022-11-08 13:39:52,789 WARNING:main.py:418:setup_molecule:Multiple occupancies found: CB in ASP A 67.
2022-11-08 13:39:52,789 WARNING:main.py:418:setup_molecule:Multiple occupancies found: CG in ASP A 67.
2022-11-08 13:39:52,789 WARNING:main.py:418:setup_molecule:Multiple occupancies found: OD1 in ASP A 67.
2022-11-08 13:39:52,789 WARNING:main.py:418:setup_molecule:Multiple occupancies found: OD2 in ASP A 67.
2022-11-08 13:39:52,789 WARNING:main.py:424:setup_molecule:Multiple occupancies found in ASP A 67. At least one of the instances is being ignored.
2022-11-08 13:39:52,789 WARNING:main.py:418:setup_molecule:Multiple occupancies found: CA in SER A 78.
2022-11-08 13:39:52,790 WARNING:main.py:418:setup_molecule:Multiple occupancies found: CB in SER A 78.
2022-11-08 13:39:52,790 WARNING:main.py:418:setup_molecule:Multiple occupancies found: OG in SER A 78.
2022-11-08 13:39:52,790 WARNING:main.py:424:setup_molecule:Multiple occupancies found in SER A 78. At least one of the instances is being ignored.
2022-11-08 13:39:52,791 WARNING:main.py:418:setup_molecule:Multiple occupancies found: N in LYS A 101.
2022-11-08 13:39:52,791 WARNING:main.py:418:setup_molecule:Multiple occupancies found: CA in LYS A 101.
2022-11-08 13:39:52,791 WARNING:main.py:418:setup_molecule:Multiple occupancies found: C in LYS A 101.
2022-11-08 13:39:52,791 WARNING:main.py:418:setup_molecule:Multiple occupancies found: O in LYS A 101.
2022-11-08 13:39:52,791 WARNING:main.py:418:setup_molecule:Multiple occupancies found: CB in LYS A 101.
2022-11-08 13:39:52,791 WARNING:main.py:418:setup_molecule:Multiple occupancies found: CG in LYS A 101.
2022-11-08 13:39:52,791 WARNING:main.py:418:setup_molecule:Multiple occupancies found: CD in LYS A 101.
2022-11-08 13:39:52,791 WARNING:main.py:418:setup_molecule:Multiple occupancies found: CE in LYS A 101.
2022-11-08 13:39:52,792 WARNING:main.py:418:setup_molecule:Multiple occupancies found: NZ in LYS A 101.
2022-11-08 13:39:52,792 WARNING:main.py:424:setup_molecule:Multiple occupancies found in LYS A 101. At least one of the instances is being ignored.
2022-11-08 13:39:52,792 WARNING:main.py:418:setup_molecule:Multiple occupancies found: CA in ASP A 108.
2022-11-08 13:39:52,792 WARNING:main.py:418:setup_molecule:Multiple occupancies found: CB in ASP A 108.
2022-11-08 13:39:52,792 WARNING:main.py:418:setup_molecule:Multiple occupancies found: CG in ASP A 108.
2022-11-08 13:39:52,792 WARNING:main.py:418:setup_molecule:Multiple occupancies found: OD1 in ASP A 108.
2022-11-08 13:39:52,792 WARNING:main.py:418:setup_molecule:Multiple occupancies found: OD2 in ASP A 108.
2022-11-08 13:39:52,792 WARNING:main.py:424:setup_molecule:Multiple occupancies found in ASP A 108. At least one of the instances is being ignored.
2022-11-08 13:39:52,792 WARNING:main.py:418:setup_molecule:Multiple occupancies found: CA in GLN A 112.
2022-11-08 13:39:52,793 WARNING:main.py:418:setup_molecule:Multiple occupancies found: CB in GLN A 112.
2022-11-08 13:39:52,793 WARNING:main.py:418:setup_molecule:Multiple occupancies found: CG in GLN A 112.
2022-11-08 13:39:52,793 WARNING:main.py:418:setup_molecule:Multiple occupancies found: CD in GLN A 112.
2022-11-08 13:39:52,793 WARNING:main.py:418:setup_molecule:Multiple occupancies found: NE2 in GLN A 112.
2022-11-08 13:39:52,793 WARNING:main.py:418:setup_molecule:Multiple occupancies found: OE1 in GLN A 112.
2022-11-08 13:39:52,793 WARNING:main.py:424:setup_molecule:Multiple occupancies found in GLN A 112. At least one of the instances is being ignored.
2022-11-08 13:39:52,793 WARNING:main.py:418:setup_molecule:Multiple occupancies found: CA in LEU A 118.
2022-11-08 13:39:52,793 WARNING:main.py:418:setup_molecule:Multiple occupancies found: CB in LEU A 118.
2022-11-08 13:39:52,794 WARNING:main.py:418:setup_molecule:Multiple occupancies found: CG in LEU A 118.
2022-11-08 13:39:52,794 WARNING:main.py:418:setup_molecule:Multiple occupancies found: CD1 in LEU A 118.
2022-11-08 13:39:52,794 WARNING:main.py:418:setup_molecule:Multiple occupancies found: CD2 in LEU A 118.
2022-11-08 13:39:52,794 WARNING:main.py:424:setup_molecule:Multiple occupancies found in LEU A 118. At least one of the instances is being ignored.
2022-11-08 13:39:52,794 WARNING:main.py:418:setup_molecule:Multiple occupancies found: CA in SER A 120.
2022-11-08 13:39:52,794 WARNING:main.py:418:setup_molecule:Multiple occupancies found: CB in SER A 120.
2022-11-08 13:39:52,794 WARNING:main.py:418:setup_molecule:Multiple occupancies found: OG in SER A 120.
2022-11-08 13:39:52,794 WARNING:main.py:424:setup_molecule:Multiple occupancies found in SER A 120. At least one of the instances is being ignored.
2022-11-08 13:39:52,795 WARNING:main.py:418:setup_molecule:Multiple occupancies found: CA in GLN A 129.
2022-11-08 13:39:52,795 WARNING:main.py:418:setup_molecule:Multiple occupancies found: CB in GLN A 129.
2022-11-08 13:39:52,795 WARNING:main.py:418:setup_molecule:Multiple occupancies found: CG in GLN A 129.
2022-11-08 13:39:52,795 WARNING:main.py:418:setup_molecule:Multiple occupancies found: CD in GLN A 129.
2022-11-08 13:39:52,795 WARNING:main.py:418:setup_molecule:Multiple occupancies found: NE2 in GLN A 129.
2022-11-08 13:39:52,795 WARNING:main.py:418:setup_molecule:Multiple occupancies found: OE1 in GLN A 129.
2022-11-08 13:39:52,795 WARNING:main.py:424:setup_molecule:Multiple occupancies found in GLN A 129. At least one of the instances is being ignored.
2022-11-08 13:39:52,795 WARNING:main.py:418:setup_molecule:Multiple occupancies found: CA in ASP A 140.
2022-11-08 13:39:52,796 WARNING:main.py:418:setup_molecule:Multiple occupancies found: CB in ASP A 140.
2022-11-08 13:39:52,796 WARNING:main.py:418:setup_molecule:Multiple occupancies found: CG in ASP A 140.
2022-11-08 13:39:52,796 WARNING:main.py:418:setup_molecule:Multiple occupancies found: OD1 in ASP A 140.
2022-11-08 13:39:52,796 WARNING:main.py:418:setup_molecule:Multiple occupancies found: OD2 in ASP A 140.
2022-11-08 13:39:52,796 WARNING:main.py:424:setup_molecule:Multiple occupancies found in ASP A 140. At least one of the instances is being ignored.
2022-11-08 13:39:52,796 WARNING:main.py:418:setup_molecule:Multiple occupancies found: CA in MET A 144.
2022-11-08 13:39:52,796 WARNING:main.py:418:setup_molecule:Multiple occupancies found: CB in MET A 144.
2022-11-08 13:39:52,797 WARNING:main.py:418:setup_molecule:Multiple occupancies found: CG in MET A 144.
2022-11-08 13:39:52,797 WARNING:main.py:418:setup_molecule:Multiple occupancies found: SD in MET A 144.
2022-11-08 13:39:52,797 WARNING:main.py:418:setup_molecule:Multiple occupancies found: CE in MET A 144.
2022-11-08 13:39:52,797 WARNING:main.py:424:setup_molecule:Multiple occupancies found in MET A 144. At least one of the instances is being ignored.
2022-11-08 13:39:52,797 WARNING:main.py:418:setup_molecule:Multiple occupancies found: CA in ILE A 153.
2022-11-08 13:39:52,797 WARNING:main.py:418:setup_molecule:Multiple occupancies found: CB in ILE A 153.
2022-11-08 13:39:52,797 WARNING:main.py:418:setup_molecule:Multiple occupancies found: CG1 in ILE A 153.
2022-11-08 13:39:52,798 WARNING:main.py:418:setup_molecule:Multiple occupancies found: CG2 in ILE A 153.
2022-11-08 13:39:52,798 WARNING:main.py:418:setup_molecule:Multiple occupancies found: CD1 in ILE A 153.
2022-11-08 13:39:52,798 WARNING:main.py:424:setup_molecule:Multiple occupancies found in ILE A 153. At least one of the instances is being ignored.
2022-11-08 13:39:52,798 WARNING:main.py:418:setup_molecule:Multiple occupancies found: CA in SER A 167.
2022-11-08 13:39:52,798 WARNING:main.py:418:setup_molecule:Multiple occupancies found: CB in SER A 167.
2022-11-08 13:39:52,798 WARNING:main.py:418:setup_molecule:Multiple occupancies found: OG in SER A 167.
2022-11-08 13:39:52,798 WARNING:main.py:424:setup_molecule:Multiple occupancies found in SER A 167. At least one of the instances is being ignored.
2022-11-08 13:39:52,799 WARNING:main.py:418:setup_molecule:Multiple occupancies found: CA in LEU A 177.
2022-11-08 13:39:52,799 WARNING:main.py:418:setup_molecule:Multiple occupancies found: CB in LEU A 177.
2022-11-08 13:39:52,799 WARNING:main.py:418:setup_molecule:Multiple occupancies found: CG in LEU A 177.
2022-11-08 13:39:52,799 WARNING:main.py:418:setup_molecule:Multiple occupancies found: CD1 in LEU A 177.
2022-11-08 13:39:52,799 WARNING:main.py:418:setup_molecule:Multiple occupancies found: CD2 in LEU A 177.
2022-11-08 13:39:52,799 WARNING:main.py:424:setup_molecule:Multiple occupancies found in LEU A 177. At least one of the instances is being ignored.
2022-11-08 13:39:52,799 WARNING:main.py:418:setup_molecule:Multiple occupancies found: CA in LYS A 186.
2022-11-08 13:39:52,799 WARNING:main.py:418:setup_molecule:Multiple occupancies found: CB in LYS A 186.
2022-11-08 13:39:52,799 WARNING:main.py:418:setup_molecule:Multiple occupancies found: CG in LYS A 186.
2022-11-08 13:39:52,800 WARNING:main.py:424:setup_molecule:Multiple occupancies found in LYS A 186. At least one of the instances is being ignored.
2022-11-08 13:39:52,800 WARNING:main.py:418:setup_molecule:Multiple occupancies found: CA in HIS A 208.
2022-11-08 13:39:52,800 WARNING:main.py:418:setup_molecule:Multiple occupancies found: CB in HIS A 208.
2022-11-08 13:39:52,800 WARNING:main.py:418:setup_molecule:Multiple occupancies found: CG in HIS A 208.
2022-11-08 13:39:52,800 WARNING:main.py:418:setup_molecule:Multiple occupancies found: CD2 in HIS A 208.
2022-11-08 13:39:52,800 WARNING:main.py:418:setup_molecule:Multiple occupancies found: ND1 in HIS A 208.
2022-11-08 13:39:52,800 WARNING:main.py:418:setup_molecule:Multiple occupancies found: CE1 in HIS A 208.
2022-11-08 13:39:52,800 WARNING:main.py:418:setup_molecule:Multiple occupancies found: NE2 in HIS A 208.
2022-11-08 13:39:52,801 WARNING:main.py:424:setup_molecule:Multiple occupancies found in HIS A 208. At least one of the instances is being ignored.
2022-11-08 13:39:52,801 WARNING:main.py:418:setup_molecule:Multiple occupancies found: CA in ARG A 210.
2022-11-08 13:39:52,801 WARNING:main.py:418:setup_molecule:Multiple occupancies found: CB in ARG A 210.
2022-11-08 13:39:52,801 WARNING:main.py:418:setup_molecule:Multiple occupancies found: CG in ARG A 210.
2022-11-08 13:39:52,801 WARNING:main.py:418:setup_molecule:Multiple occupancies found: CD in ARG A 210.
2022-11-08 13:39:52,801 WARNING:main.py:418:setup_molecule:Multiple occupancies found: NE in ARG A 210.
2022-11-08 13:39:52,801 WARNING:main.py:418:setup_molecule:Multiple occupancies found: CZ in ARG A 210.
2022-11-08 13:39:52,801 WARNING:main.py:418:setup_molecule:Multiple occupancies found: NH1 in ARG A 210.
2022-11-08 13:39:52,801 WARNING:main.py:418:setup_molecule:Multiple occupancies found: NH2 in ARG A 210.
2022-11-08 13:39:52,802 WARNING:main.py:424:setup_molecule:Multiple occupancies found in ARG A 210. At least one of the instances is being ignored.
2022-11-08 13:39:52,802 WARNING:main.py:418:setup_molecule:Multiple occupancies found: CA in ASP A 216.
2022-11-08 13:39:52,802 WARNING:main.py:418:setup_molecule:Multiple occupancies found: CB in ASP A 216.
2022-11-08 13:39:52,802 WARNING:main.py:418:setup_molecule:Multiple occupancies found: CG in ASP A 216.
2022-11-08 13:39:52,802 WARNING:main.py:418:setup_molecule:Multiple occupancies found: OD1 in ASP A 216.
2022-11-08 13:39:52,802 WARNING:main.py:418:setup_molecule:Multiple occupancies found: OD2 in ASP A 216.
2022-11-08 13:39:52,802 WARNING:main.py:424:setup_molecule:Multiple occupancies found in ASP A 216. At least one of the instances is being ignored.
2022-11-08 13:39:52,841 WARNING:biomolecule.py:157:num_missing_heavy:Missing atom CD in residue LYS A 58
2022-11-08 13:39:52,841 WARNING:biomolecule.py:157:num_missing_heavy:Missing atom CE in residue LYS A 58
2022-11-08 13:39:52,841 WARNING:biomolecule.py:157:num_missing_heavy:Missing atom NZ in residue LYS A 58
2022-11-08 13:39:52,842 WARNING:biomolecule.py:157:num_missing_heavy:Missing atom CB in residue LYS A 147
2022-11-08 13:39:52,842 WARNING:biomolecule.py:157:num_missing_heavy:Missing atom CG in residue LYS A 147
2022-11-08 13:39:52,842 WARNING:biomolecule.py:157:num_missing_heavy:Missing atom CD in residue LYS A 147
2022-11-08 13:39:52,842 WARNING:biomolecule.py:157:num_missing_heavy:Missing atom CE in residue LYS A 147
2022-11-08 13:39:52,842 WARNING:biomolecule.py:157:num_missing_heavy:Missing atom NZ in residue LYS A 147
2022-11-08 13:39:52,843 WARNING:biomolecule.py:157:num_missing_heavy:Missing atom CG in residue HIS A 149
2022-11-08 13:39:52,843 WARNING:biomolecule.py:157:num_missing_heavy:Missing atom ND1 in residue HIS A 149
2022-11-08 13:39:52,843 WARNING:biomolecule.py:157:num_missing_heavy:Missing atom CD2 in residue HIS A 149
2022-11-08 13:39:52,843 WARNING:biomolecule.py:157:num_missing_heavy:Missing atom CE1 in residue HIS A 149
2022-11-08 13:39:52,843 WARNING:biomolecule.py:157:num_missing_heavy:Missing atom NE2 in residue HIS A 149
2022-11-08 13:39:52,843 WARNING:biomolecule.py:157:num_missing_heavy:Missing atom CB in residue ASN A 178
2022-11-08 13:39:52,844 WARNING:biomolecule.py:157:num_missing_heavy:Missing atom CG in residue ASN A 178
2022-11-08 13:39:52,844 WARNING:biomolecule.py:157:num_missing_heavy:Missing atom OD1 in residue ASN A 178
2022-11-08 13:39:52,844 WARNING:biomolecule.py:157:num_missing_heavy:Missing atom ND2 in residue ASN A 178
2022-11-08 13:39:52,844 WARNING:biomolecule.py:157:num_missing_heavy:Missing atom CB in residue ASN A 179
2022-11-08 13:39:52,844 WARNING:biomolecule.py:157:num_missing_heavy:Missing atom CG in residue ASN A 179
2022-11-08 13:39:52,844 WARNING:biomolecule.py:157:num_missing_heavy:Missing atom OD1 in residue ASN A 179
2022-11-08 13:39:52,844 WARNING:biomolecule.py:157:num_missing_heavy:Missing atom ND2 in residue ASN A 179
2022-11-08 13:39:52,844 WARNING:biomolecule.py:157:num_missing_heavy:Missing atom CD in residue LYS A 186
2022-11-08 13:39:52,845 WARNING:biomolecule.py:157:num_missing_heavy:Missing atom CE in residue LYS A 186
2022-11-08 13:39:52,845 WARNING:biomolecule.py:157:num_missing_heavy:Missing atom NZ in residue LYS A 186
2022-11-08 13:39:52,845 WARNING:biomolecule.py:157:num_missing_heavy:Missing atom CE in residue LYS A 201
2022-11-08 13:39:52,845 WARNING:biomolecule.py:157:num_missing_heavy:Missing atom NZ in residue LYS A 201
2022-11-08 13:39:52,845 WARNING:biomolecule.py:157:num_missing_heavy:Missing atom CD in residue GLN A 209
2022-11-08 13:39:52,845 WARNING:biomolecule.py:157:num_missing_heavy:Missing atom OE1 in residue GLN A 209
2022-11-08 13:39:52,845 WARNING:biomolecule.py:157:num_missing_heavy:Missing atom NE2 in residue GLN A 209
2022-11-08 13:39:52,846 WARNING:biomolecule.py:157:num_missing_heavy:Missing atom CD in residue LYS A 58
2022-11-08 13:39:52,846 WARNING:biomolecule.py:157:num_missing_heavy:Missing atom CE in residue LYS A 58
2022-11-08 13:39:52,846 WARNING:biomolecule.py:157:num_missing_heavy:Missing atom NZ in residue LYS A 58
2022-11-08 13:39:52,847 WARNING:biomolecule.py:157:num_missing_heavy:Missing atom CB in residue LYS A 147
2022-11-08 13:39:52,847 WARNING:biomolecule.py:157:num_missing_heavy:Missing atom CG in residue LYS A 147
2022-11-08 13:39:52,847 WARNING:biomolecule.py:157:num_missing_heavy:Missing atom CD in residue LYS A 147
2022-11-08 13:39:52,847 WARNING:biomolecule.py:157:num_missing_heavy:Missing atom CE in residue LYS A 147
2022-11-08 13:39:52,847 WARNING:biomolecule.py:157:num_missing_heavy:Missing atom NZ in residue LYS A 147
2022-11-08 13:39:52,848 WARNING:biomolecule.py:157:num_missing_heavy:Missing atom CG in residue HIS A 149
2022-11-08 13:39:52,848 WARNING:biomolecule.py:157:num_missing_heavy:Missing atom ND1 in residue HIS A 149
2022-11-08 13:39:52,848 WARNING:biomolecule.py:157:num_missing_heavy:Missing atom CD2 in residue HIS A 149
2022-11-08 13:39:52,848 WARNING:biomolecule.py:157:num_missing_heavy:Missing atom CE1 in residue HIS A 149
2022-11-08 13:39:52,848 WARNING:biomolecule.py:157:num_missing_heavy:Missing atom NE2 in residue HIS A 149
2022-11-08 13:39:52,848 WARNING:biomolecule.py:157:num_missing_heavy:Missing atom CB in residue ASN A 178
2022-11-08 13:39:52,849 WARNING:biomolecule.py:157:num_missing_heavy:Missing atom CG in residue ASN A 178
2022-11-08 13:39:52,849 WARNING:biomolecule.py:157:num_missing_heavy:Missing atom OD1 in residue ASN A 178
2022-11-08 13:39:52,849 WARNING:biomolecule.py:157:num_missing_heavy:Missing atom ND2 in residue ASN A 178
2022-11-08 13:39:52,849 WARNING:biomolecule.py:157:num_missing_heavy:Missing atom CB in residue ASN A 179
2022-11-08 13:39:52,849 WARNING:biomolecule.py:157:num_missing_heavy:Missing atom CG in residue ASN A 179
2022-11-08 13:39:52,849 WARNING:biomolecule.py:157:num_missing_heavy:Missing atom OD1 in residue ASN A 179
2022-11-08 13:39:52,849 WARNING:biomolecule.py:157:num_missing_heavy:Missing atom ND2 in residue ASN A 179
2022-11-08 13:39:52,849 WARNING:biomolecule.py:157:num_missing_heavy:Missing atom CD in residue LYS A 186
2022-11-08 13:39:52,850 WARNING:biomolecule.py:157:num_missing_heavy:Missing atom CE in residue LYS A 186
2022-11-08 13:39:52,850 WARNING:biomolecule.py:157:num_missing_heavy:Missing atom NZ in residue LYS A 186
2022-11-08 13:39:52,850 WARNING:biomolecule.py:157:num_missing_heavy:Missing atom CE in residue LYS A 201
2022-11-08 13:39:52,850 WARNING:biomolecule.py:157:num_missing_heavy:Missing atom NZ in residue LYS A 201
2022-11-08 13:39:52,850 WARNING:biomolecule.py:157:num_missing_heavy:Missing atom CD in residue GLN A 209
2022-11-08 13:39:52,850 WARNING:biomolecule.py:157:num_missing_heavy:Missing atom OE1 in residue GLN A 209
2022-11-08 13:39:52,850 WARNING:biomolecule.py:157:num_missing_heavy:Missing atom NE2 in residue GLN A 209
2022-11-08 13:39:52,851 WARNING:biomolecule.py:157:num_missing_heavy:Missing atom CD in residue LYS A 58
2022-11-08 13:39:52,851 WARNING:biomolecule.py:157:num_missing_heavy:Missing atom CE in residue LYS A 58
2022-11-08 13:39:52,851 WARNING:biomolecule.py:157:num_missing_heavy:Missing atom NZ in residue LYS A 58
2022-11-08 13:39:52,852 WARNING:biomolecule.py:157:num_missing_heavy:Missing atom CB in residue LYS A 147
2022-11-08 13:39:52,852 WARNING:biomolecule.py:157:num_missing_heavy:Missing atom CG in residue LYS A 147
2022-11-08 13:39:52,852 WARNING:biomolecule.py:157:num_missing_heavy:Missing atom CD in residue LYS A 147
2022-11-08 13:39:52,852 WARNING:biomolecule.py:157:num_missing_heavy:Missing atom CE in residue LYS A 147
2022-11-08 13:39:52,852 WARNING:biomolecule.py:157:num_missing_heavy:Missing atom NZ in residue LYS A 147
2022-11-08 13:39:52,853 WARNING:biomolecule.py:157:num_missing_heavy:Missing atom CG in residue HIS A 149
2022-11-08 13:39:52,853 WARNING:biomolecule.py:157:num_missing_heavy:Missing atom ND1 in residue HIS A 149
2022-11-08 13:39:52,853 WARNING:biomolecule.py:157:num_missing_heavy:Missing atom CD2 in residue HIS A 149
2022-11-08 13:39:52,853 WARNING:biomolecule.py:157:num_missing_heavy:Missing atom CE1 in residue HIS A 149
2022-11-08 13:39:52,853 WARNING:biomolecule.py:157:num_missing_heavy:Missing atom NE2 in residue HIS A 149
2022-11-08 13:39:52,853 WARNING:biomolecule.py:157:num_missing_heavy:Missing atom CB in residue ASN A 178
2022-11-08 13:39:52,853 WARNING:biomolecule.py:157:num_missing_heavy:Missing atom CG in residue ASN A 178
2022-11-08 13:39:52,854 WARNING:biomolecule.py:157:num_missing_heavy:Missing atom OD1 in residue ASN A 178
2022-11-08 13:39:52,854 WARNING:biomolecule.py:157:num_missing_heavy:Missing atom ND2 in residue ASN A 178
2022-11-08 13:39:52,854 WARNING:biomolecule.py:157:num_missing_heavy:Missing atom CB in residue ASN A 179
2022-11-08 13:39:52,854 WARNING:biomolecule.py:157:num_missing_heavy:Missing atom CG in residue ASN A 179
2022-11-08 13:39:52,854 WARNING:biomolecule.py:157:num_missing_heavy:Missing atom OD1 in residue ASN A 179
2022-11-08 13:39:52,854 WARNING:biomolecule.py:157:num_missing_heavy:Missing atom ND2 in residue ASN A 179
2022-11-08 13:39:52,854 WARNING:biomolecule.py:157:num_missing_heavy:Missing atom CD in residue LYS A 186
2022-11-08 13:39:52,855 WARNING:biomolecule.py:157:num_missing_heavy:Missing atom CE in residue LYS A 186
2022-11-08 13:39:52,855 WARNING:biomolecule.py:157:num_missing_heavy:Missing atom NZ in residue LYS A 186
2022-11-08 13:39:52,855 WARNING:biomolecule.py:157:num_missing_heavy:Missing atom CE in residue LYS A 201
2022-11-08 13:39:52,855 WARNING:biomolecule.py:157:num_missing_heavy:Missing atom NZ in residue LYS A 201
2022-11-08 13:39:52,855 WARNING:biomolecule.py:157:num_missing_heavy:Missing atom CD in residue GLN A 209
2022-11-08 13:39:52,855 WARNING:biomolecule.py:157:num_missing_heavy:Missing atom OE1 in residue GLN A 209
2022-11-08 13:39:52,855 WARNING:biomolecule.py:157:num_missing_heavy:Missing atom NE2 in residue GLN A 209
2022-11-08 13:39:55,706 WARNING:main.py:311:print_pqr:Ignoring 1928 header lines in output.
2022-11-08 13:39:55,706 WARNING:main.py:315:print_pqr:Ignoring 33 missing lines in output.
