2022-11-08 13:37:07,733 WARNING:biomolecule.py:966:create_residue:Unable to find amino or nucleic acid definition for SAM.  Parsing as new residue.
2022-11-08 13:37:07,734 WARNING:biomolecule.py:966:create_residue:Unable to find amino or nucleic acid definition for DQL.  Parsing as new residue.
2022-11-08 13:37:07,734 WARNING:biomolecule.py:966:create_residue:Unable to find amino or nucleic acid definition for DW9.  Parsing as new residue.
2022-11-08 13:37:07,735 WARNING:biomolecule.py:966:create_residue:Unable to find amino or nucleic acid definition for ZN.  Parsing as new residue.
2022-11-08 13:37:07,735 WARNING:biomolecule.py:966:create_residue:Unable to find amino or nucleic acid definition for ZN.  Parsing as new residue.
2022-11-08 13:37:07,735 WARNING:biomolecule.py:966:create_residue:Unable to find amino or nucleic acid definition for ZN.  Parsing as new residue.
2022-11-08 13:37:07,735 WARNING:biomolecule.py:966:create_residue:Unable to find amino or nucleic acid definition for CA.  Parsing as new residue.
2022-11-08 13:37:07,735 WARNING:biomolecule.py:966:create_residue:Unable to find amino or nucleic acid definition for CA.  Parsing as new residue.
2022-11-08 13:37:07,736 WARNING:main.py:418:setup_molecule:Multiple occupancies found: CA in GLU A 1966.
2022-11-08 13:37:07,736 WARNING:main.py:418:setup_molecule:Multiple occupancies found: CB in GLU A 1966.
2022-11-08 13:37:07,736 WARNING:main.py:418:setup_molecule:Multiple occupancies found: CG in GLU A 1966.
2022-11-08 13:37:07,736 WARNING:main.py:418:setup_molecule:Multiple occupancies found: CD in GLU A 1966.
2022-11-08 13:37:07,736 WARNING:main.py:418:setup_molecule:Multiple occupancies found: OE1 in GLU A 1966.
2022-11-08 13:37:07,736 WARNING:main.py:418:setup_molecule:Multiple occupancies found: OE2 in GLU A 1966.
2022-11-08 13:37:07,737 WARNING:main.py:424:setup_molecule:Multiple occupancies found in GLU A 1966. At least one of the instances is being ignored.
2022-11-08 13:37:07,737 WARNING:main.py:418:setup_molecule:Multiple occupancies found: CA in LEU A 1975.
2022-11-08 13:37:07,737 WARNING:main.py:418:setup_molecule:Multiple occupancies found: CB in LEU A 1975.
2022-11-08 13:37:07,737 WARNING:main.py:418:setup_molecule:Multiple occupancies found: CG in LEU A 1975.
2022-11-08 13:37:07,737 WARNING:main.py:418:setup_molecule:Multiple occupancies found: CD1 in LEU A 1975.
2022-11-08 13:37:07,737 WARNING:main.py:418:setup_molecule:Multiple occupancies found: CD2 in LEU A 1975.
2022-11-08 13:37:07,737 WARNING:main.py:424:setup_molecule:Multiple occupancies found in LEU A 1975. At least one of the instances is being ignored.
2022-11-08 13:37:07,737 WARNING:main.py:418:setup_molecule:Multiple occupancies found: CA in SER A 2033.
2022-11-08 13:37:07,738 WARNING:main.py:418:setup_molecule:Multiple occupancies found: CB in SER A 2033.
2022-11-08 13:37:07,738 WARNING:main.py:418:setup_molecule:Multiple occupancies found: OG in SER A 2033.
2022-11-08 13:37:07,738 WARNING:main.py:424:setup_molecule:Multiple occupancies found in SER A 2033. At least one of the instances is being ignored.
2022-11-08 13:37:07,778 WARNING:biomolecule.py:157:num_missing_heavy:Missing atom CG in residue GLU A 1891
2022-11-08 13:37:07,778 WARNING:biomolecule.py:157:num_missing_heavy:Missing atom CD in residue GLU A 1891
2022-11-08 13:37:07,778 WARNING:biomolecule.py:157:num_missing_heavy:Missing atom OE1 in residue GLU A 1891
2022-11-08 13:37:07,778 WARNING:biomolecule.py:157:num_missing_heavy:Missing atom OE2 in residue GLU A 1891
2022-11-08 13:37:07,779 WARNING:biomolecule.py:157:num_missing_heavy:Missing atom CG in residue ARG A 1894
2022-11-08 13:37:07,779 WARNING:biomolecule.py:157:num_missing_heavy:Missing atom CD in residue ARG A 1894
2022-11-08 13:37:07,779 WARNING:biomolecule.py:157:num_missing_heavy:Missing atom NE in residue ARG A 1894
2022-11-08 13:37:07,779 WARNING:biomolecule.py:157:num_missing_heavy:Missing atom CZ in residue ARG A 1894
2022-11-08 13:37:07,779 WARNING:biomolecule.py:157:num_missing_heavy:Missing atom NH1 in residue ARG A 1894
2022-11-08 13:37:07,780 WARNING:biomolecule.py:157:num_missing_heavy:Missing atom NH2 in residue ARG A 1894
2022-11-08 13:37:07,780 WARNING:biomolecule.py:157:num_missing_heavy:Missing atom CG in residue GLU A 1902
2022-11-08 13:37:07,780 WARNING:biomolecule.py:157:num_missing_heavy:Missing atom CD in residue GLU A 1902
2022-11-08 13:37:07,781 WARNING:biomolecule.py:157:num_missing_heavy:Missing atom OE1 in residue GLU A 1902
2022-11-08 13:37:07,781 WARNING:biomolecule.py:157:num_missing_heavy:Missing atom OE2 in residue GLU A 1902
2022-11-08 13:37:07,782 WARNING:biomolecule.py:157:num_missing_heavy:Missing atom OXT in residue PRO A 2085
2022-11-08 13:37:07,782 WARNING:biomolecule.py:157:num_missing_heavy:Missing atom CG in residue GLU A 1891
2022-11-08 13:37:07,782 WARNING:biomolecule.py:157:num_missing_heavy:Missing atom CD in residue GLU A 1891
2022-11-08 13:37:07,783 WARNING:biomolecule.py:157:num_missing_heavy:Missing atom OE1 in residue GLU A 1891
2022-11-08 13:37:07,783 WARNING:biomolecule.py:157:num_missing_heavy:Missing atom OE2 in residue GLU A 1891
2022-11-08 13:37:07,783 WARNING:biomolecule.py:157:num_missing_heavy:Missing atom CG in residue ARG A 1894
2022-11-08 13:37:07,783 WARNING:biomolecule.py:157:num_missing_heavy:Missing atom CD in residue ARG A 1894
2022-11-08 13:37:07,783 WARNING:biomolecule.py:157:num_missing_heavy:Missing atom NE in residue ARG A 1894
2022-11-08 13:37:07,783 WARNING:biomolecule.py:157:num_missing_heavy:Missing atom CZ in residue ARG A 1894
2022-11-08 13:37:07,783 WARNING:biomolecule.py:157:num_missing_heavy:Missing atom NH1 in residue ARG A 1894
2022-11-08 13:37:07,783 WARNING:biomolecule.py:157:num_missing_heavy:Missing atom NH2 in residue ARG A 1894
2022-11-08 13:37:07,784 WARNING:biomolecule.py:157:num_missing_heavy:Missing atom CG in residue GLU A 1902
2022-11-08 13:37:07,784 WARNING:biomolecule.py:157:num_missing_heavy:Missing atom CD in residue GLU A 1902
2022-11-08 13:37:07,784 WARNING:biomolecule.py:157:num_missing_heavy:Missing atom OE1 in residue GLU A 1902
2022-11-08 13:37:07,784 WARNING:biomolecule.py:157:num_missing_heavy:Missing atom OE2 in residue GLU A 1902
2022-11-08 13:37:07,785 WARNING:biomolecule.py:157:num_missing_heavy:Missing atom OXT in residue PRO A 2085
2022-11-08 13:37:07,786 WARNING:biomolecule.py:157:num_missing_heavy:Missing atom CG in residue GLU A 1891
2022-11-08 13:37:07,786 WARNING:biomolecule.py:157:num_missing_heavy:Missing atom CD in residue GLU A 1891
2022-11-08 13:37:07,786 WARNING:biomolecule.py:157:num_missing_heavy:Missing atom OE1 in residue GLU A 1891
2022-11-08 13:37:07,786 WARNING:biomolecule.py:157:num_missing_heavy:Missing atom OE2 in residue GLU A 1891
2022-11-08 13:37:07,786 WARNING:biomolecule.py:157:num_missing_heavy:Missing atom CG in residue ARG A 1894
2022-11-08 13:37:07,786 WARNING:biomolecule.py:157:num_missing_heavy:Missing atom CD in residue ARG A 1894
2022-11-08 13:37:07,786 WARNING:biomolecule.py:157:num_missing_heavy:Missing atom NE in residue ARG A 1894
2022-11-08 13:37:07,786 WARNING:biomolecule.py:157:num_missing_heavy:Missing atom CZ in residue ARG A 1894
2022-11-08 13:37:07,787 WARNING:biomolecule.py:157:num_missing_heavy:Missing atom NH1 in residue ARG A 1894
2022-11-08 13:37:07,787 WARNING:biomolecule.py:157:num_missing_heavy:Missing atom NH2 in residue ARG A 1894
2022-11-08 13:37:07,787 WARNING:biomolecule.py:157:num_missing_heavy:Missing atom CG in residue GLU A 1902
2022-11-08 13:37:07,787 WARNING:biomolecule.py:157:num_missing_heavy:Missing atom CD in residue GLU A 1902
2022-11-08 13:37:07,787 WARNING:biomolecule.py:157:num_missing_heavy:Missing atom OE1 in residue GLU A 1902
2022-11-08 13:37:07,787 WARNING:biomolecule.py:157:num_missing_heavy:Missing atom OE2 in residue GLU A 1902
2022-11-08 13:37:07,788 WARNING:biomolecule.py:157:num_missing_heavy:Missing atom OXT in residue PRO A 2085
2022-11-08 13:37:11,481 WARNING:main.py:311:print_pqr:Ignoring 3172 header lines in output.
2022-11-08 13:37:11,482 WARNING:main.py:315:print_pqr:Ignoring 68 missing lines in output.
