2022-11-08 13:24:18,227 WARNING:biomolecule.py:966:create_residue:Unable to find amino or nucleic acid definition for SAM.  Parsing as new residue.
2022-11-08 13:24:18,288 WARNING:biomolecule.py:157:num_missing_heavy:Missing atom CD in residue GLU A 103
2022-11-08 13:24:18,288 WARNING:biomolecule.py:157:num_missing_heavy:Missing atom OE1 in residue GLU A 103
2022-11-08 13:24:18,288 WARNING:biomolecule.py:157:num_missing_heavy:Missing atom OE2 in residue GLU A 103
2022-11-08 13:24:18,288 WARNING:biomolecule.py:157:num_missing_heavy:Missing atom CG in residue LYS A 107
2022-11-08 13:24:18,288 WARNING:biomolecule.py:157:num_missing_heavy:Missing atom CD in residue LYS A 107
2022-11-08 13:24:18,289 WARNING:biomolecule.py:157:num_missing_heavy:Missing atom CE in residue LYS A 107
2022-11-08 13:24:18,289 WARNING:biomolecule.py:157:num_missing_heavy:Missing atom NZ in residue LYS A 107
2022-11-08 13:24:18,290 WARNING:biomolecule.py:157:num_missing_heavy:Missing atom CD in residue GLU A 103
2022-11-08 13:24:18,291 WARNING:biomolecule.py:157:num_missing_heavy:Missing atom OE1 in residue GLU A 103
2022-11-08 13:24:18,291 WARNING:biomolecule.py:157:num_missing_heavy:Missing atom OE2 in residue GLU A 103
2022-11-08 13:24:18,291 WARNING:biomolecule.py:157:num_missing_heavy:Missing atom CG in residue LYS A 107
2022-11-08 13:24:18,291 WARNING:biomolecule.py:157:num_missing_heavy:Missing atom CD in residue LYS A 107
2022-11-08 13:24:18,291 WARNING:biomolecule.py:157:num_missing_heavy:Missing atom CE in residue LYS A 107
2022-11-08 13:24:18,291 WARNING:biomolecule.py:157:num_missing_heavy:Missing atom NZ in residue LYS A 107
2022-11-08 13:24:18,293 WARNING:biomolecule.py:157:num_missing_heavy:Missing atom CD in residue GLU A 103
2022-11-08 13:24:18,293 WARNING:biomolecule.py:157:num_missing_heavy:Missing atom OE1 in residue GLU A 103
2022-11-08 13:24:18,293 WARNING:biomolecule.py:157:num_missing_heavy:Missing atom OE2 in residue GLU A 103
2022-11-08 13:24:18,294 WARNING:biomolecule.py:157:num_missing_heavy:Missing atom CG in residue LYS A 107
2022-11-08 13:24:18,294 WARNING:biomolecule.py:157:num_missing_heavy:Missing atom CD in residue LYS A 107
2022-11-08 13:24:18,294 WARNING:biomolecule.py:157:num_missing_heavy:Missing atom CE in residue LYS A 107
2022-11-08 13:24:18,294 WARNING:biomolecule.py:157:num_missing_heavy:Missing atom NZ in residue LYS A 107
2022-11-08 13:24:20,290 WARNING:main.py:311:print_pqr:Ignoring 1729 header lines in output.
2022-11-08 13:24:20,290 WARNING:main.py:315:print_pqr:Ignoring 27 missing lines in output.
