2022-11-08 13:34:02,551 WARNING:biomolecule.py:966:create_residue:Unable to find amino or nucleic acid definition for SAM.  Parsing as new residue.
2022-11-08 13:34:02,552 WARNING:biomolecule.py:966:create_residue:Unable to find amino or nucleic acid definition for UNX.  Parsing as new residue.
2022-11-08 13:34:02,552 WARNING:biomolecule.py:966:create_residue:Unable to find amino or nucleic acid definition for UNX.  Parsing as new residue.
2022-11-08 13:34:02,552 WARNING:biomolecule.py:966:create_residue:Unable to find amino or nucleic acid definition for UNX.  Parsing as new residue.
2022-11-08 13:34:02,552 WARNING:biomolecule.py:966:create_residue:Unable to find amino or nucleic acid definition for UNX.  Parsing as new residue.
2022-11-08 13:34:02,553 WARNING:biomolecule.py:966:create_residue:Unable to find amino or nucleic acid definition for UNX.  Parsing as new residue.
2022-11-08 13:34:02,553 WARNING:biomolecule.py:966:create_residue:Unable to find amino or nucleic acid definition for UNX.  Parsing as new residue.
2022-11-08 13:34:02,553 WARNING:biomolecule.py:966:create_residue:Unable to find amino or nucleic acid definition for UNX.  Parsing as new residue.
2022-11-08 13:34:02,553 WARNING:biomolecule.py:966:create_residue:Unable to find amino or nucleic acid definition for UNX.  Parsing as new residue.
2022-11-08 13:34:02,553 WARNING:io.py:40:filter:Suppressing further "Unable to find amino or nucleic acid definition for" messages
2022-11-08 13:34:02,554 WARNING:main.py:418:setup_molecule:Multiple occupancies found: CE in LYS A 1074.
2022-11-08 13:34:02,554 WARNING:main.py:418:setup_molecule:Multiple occupancies found: NZ in LYS A 1074.
2022-11-08 13:34:02,554 WARNING:main.py:424:setup_molecule:Multiple occupancies found in LYS A 1074. At least one of the instances is being ignored.
2022-11-08 13:34:02,555 WARNING:main.py:418:setup_molecule:Multiple occupancies found: CG in LYS A 1077.
2022-11-08 13:34:02,555 WARNING:main.py:418:setup_molecule:Multiple occupancies found: CD in LYS A 1077.
2022-11-08 13:34:02,555 WARNING:main.py:418:setup_molecule:Multiple occupancies found: CE in LYS A 1077.
2022-11-08 13:34:02,555 WARNING:main.py:424:setup_molecule:Multiple occupancies found in LYS A 1077. At least one of the instances is being ignored.
2022-11-08 13:34:02,555 WARNING:main.py:418:setup_molecule:Multiple occupancies found: CG in LYS A 1084.
2022-11-08 13:34:02,555 WARNING:main.py:418:setup_molecule:Multiple occupancies found: CD in LYS A 1084.
2022-11-08 13:34:02,555 WARNING:main.py:424:setup_molecule:Multiple occupancies found in LYS A 1084. At least one of the instances is being ignored.
2022-11-08 13:34:02,555 WARNING:main.py:418:setup_molecule:Multiple occupancies found: CG in GLN A 1126.
2022-11-08 13:34:02,556 WARNING:main.py:418:setup_molecule:Multiple occupancies found: CD in GLN A 1126.
2022-11-08 13:34:02,556 WARNING:main.py:418:setup_molecule:Multiple occupancies found: NE2 in GLN A 1126.
2022-11-08 13:34:02,556 WARNING:main.py:418:setup_molecule:Multiple occupancies found: OE1 in GLN A 1126.
2022-11-08 13:34:02,556 WARNING:main.py:424:setup_molecule:Multiple occupancies found in GLN A 1126. At least one of the instances is being ignored.
2022-11-08 13:34:02,556 WARNING:main.py:418:setup_molecule:Multiple occupancies found: CG in ARG A 1142.
2022-11-08 13:34:02,556 WARNING:main.py:418:setup_molecule:Multiple occupancies found: CD in ARG A 1142.
2022-11-08 13:34:02,556 WARNING:main.py:418:setup_molecule:Multiple occupancies found: NE in ARG A 1142.
2022-11-08 13:34:02,556 WARNING:main.py:418:setup_molecule:Multiple occupancies found: CZ in ARG A 1142.
2022-11-08 13:34:02,556 WARNING:main.py:418:setup_molecule:Multiple occupancies found: NH1 in ARG A 1142.
2022-11-08 13:34:02,557 WARNING:main.py:418:setup_molecule:Multiple occupancies found: NH2 in ARG A 1142.
2022-11-08 13:34:02,557 WARNING:main.py:424:setup_molecule:Multiple occupancies found in ARG A 1142. At least one of the instances is being ignored.
2022-11-08 13:34:02,558 WARNING:main.py:418:setup_molecule:Multiple occupancies found: CA in GLU A 1153.
2022-11-08 13:34:02,558 WARNING:main.py:418:setup_molecule:Multiple occupancies found: CB in GLU A 1153.
2022-11-08 13:34:02,558 WARNING:main.py:418:setup_molecule:Multiple occupancies found: CG in GLU A 1153.
2022-11-08 13:34:02,558 WARNING:main.py:418:setup_molecule:Multiple occupancies found: CD in GLU A 1153.
2022-11-08 13:34:02,558 WARNING:main.py:418:setup_molecule:Multiple occupancies found: OE1 in GLU A 1153.
2022-11-08 13:34:02,558 WARNING:main.py:418:setup_molecule:Multiple occupancies found: OE2 in GLU A 1153.
2022-11-08 13:34:02,558 WARNING:main.py:424:setup_molecule:Multiple occupancies found in GLU A 1153. At least one of the instances is being ignored.
2022-11-08 13:34:02,559 WARNING:main.py:418:setup_molecule:Multiple occupancies found: CG in ARG A 1154.
2022-11-08 13:34:02,559 WARNING:main.py:418:setup_molecule:Multiple occupancies found: CD in ARG A 1154.
2022-11-08 13:34:02,559 WARNING:main.py:418:setup_molecule:Multiple occupancies found: NE in ARG A 1154.
2022-11-08 13:34:02,559 WARNING:main.py:418:setup_molecule:Multiple occupancies found: CZ in ARG A 1154.
2022-11-08 13:34:02,559 WARNING:main.py:424:setup_molecule:Multiple occupancies found in ARG A 1154. At least one of the instances is being ignored.
2022-11-08 13:34:02,559 WARNING:main.py:418:setup_molecule:Multiple occupancies found: CA in SER A 1164.
2022-11-08 13:34:02,559 WARNING:main.py:418:setup_molecule:Multiple occupancies found: CB in SER A 1164.
2022-11-08 13:34:02,559 WARNING:main.py:418:setup_molecule:Multiple occupancies found: OG in SER A 1164.
2022-11-08 13:34:02,559 WARNING:main.py:424:setup_molecule:Multiple occupancies found in SER A 1164. At least one of the instances is being ignored.
2022-11-08 13:34:02,560 WARNING:main.py:418:setup_molecule:Multiple occupancies found: CG in GLU A 1193.
2022-11-08 13:34:02,560 WARNING:main.py:418:setup_molecule:Multiple occupancies found: CD in GLU A 1193.
2022-11-08 13:34:02,560 WARNING:main.py:418:setup_molecule:Multiple occupancies found: OE1 in GLU A 1193.
2022-11-08 13:34:02,560 WARNING:main.py:418:setup_molecule:Multiple occupancies found: OE2 in GLU A 1193.
2022-11-08 13:34:02,560 WARNING:main.py:424:setup_molecule:Multiple occupancies found in GLU A 1193. At least one of the instances is being ignored.
2022-11-08 13:34:02,560 WARNING:main.py:418:setup_molecule:Multiple occupancies found: CA in ARG A 1208.
2022-11-08 13:34:02,560 WARNING:main.py:418:setup_molecule:Multiple occupancies found: CB in ARG A 1208.
2022-11-08 13:34:02,560 WARNING:main.py:418:setup_molecule:Multiple occupancies found: CG in ARG A 1208.
2022-11-08 13:34:02,561 WARNING:main.py:418:setup_molecule:Multiple occupancies found: CD in ARG A 1208.
2022-11-08 13:34:02,561 WARNING:main.py:418:setup_molecule:Multiple occupancies found: NE in ARG A 1208.
2022-11-08 13:34:02,561 WARNING:main.py:418:setup_molecule:Multiple occupancies found: CZ in ARG A 1208.
2022-11-08 13:34:02,561 WARNING:main.py:418:setup_molecule:Multiple occupancies found: NH1 in ARG A 1208.
2022-11-08 13:34:02,561 WARNING:main.py:418:setup_molecule:Multiple occupancies found: NH2 in ARG A 1208.
2022-11-08 13:34:02,561 WARNING:main.py:424:setup_molecule:Multiple occupancies found in ARG A 1208. At least one of the instances is being ignored.
2022-11-08 13:34:02,561 WARNING:main.py:418:setup_molecule:Multiple occupancies found: CG in LYS A 1215.
2022-11-08 13:34:02,561 WARNING:main.py:418:setup_molecule:Multiple occupancies found: CD in LYS A 1215.
2022-11-08 13:34:02,561 WARNING:main.py:418:setup_molecule:Multiple occupancies found: CE in LYS A 1215.
2022-11-08 13:34:02,562 WARNING:main.py:418:setup_molecule:Multiple occupancies found: NZ in LYS A 1215.
2022-11-08 13:34:02,562 WARNING:main.py:424:setup_molecule:Multiple occupancies found in LYS A 1215. At least one of the instances is being ignored.
2022-11-08 13:34:02,562 WARNING:main.py:418:setup_molecule:Multiple occupancies found: CA in LEU A 1245.
2022-11-08 13:34:02,562 WARNING:main.py:418:setup_molecule:Multiple occupancies found: CB in LEU A 1245.
2022-11-08 13:34:02,562 WARNING:main.py:418:setup_molecule:Multiple occupancies found: CG in LEU A 1245.
2022-11-08 13:34:02,562 WARNING:main.py:418:setup_molecule:Multiple occupancies found: CD1 in LEU A 1245.
2022-11-08 13:34:02,562 WARNING:main.py:418:setup_molecule:Multiple occupancies found: CD2 in LEU A 1245.
2022-11-08 13:34:02,562 WARNING:main.py:424:setup_molecule:Multiple occupancies found in LEU A 1245. At least one of the instances is being ignored.
2022-11-08 13:34:02,562 WARNING:main.py:418:setup_molecule:Multiple occupancies found: CA in MET A 1255.
2022-11-08 13:34:02,563 WARNING:main.py:418:setup_molecule:Multiple occupancies found: CB in MET A 1255.
2022-11-08 13:34:02,563 WARNING:main.py:418:setup_molecule:Multiple occupancies found: CG in MET A 1255.
2022-11-08 13:34:02,563 WARNING:main.py:418:setup_molecule:Multiple occupancies found: SD in MET A 1255.
2022-11-08 13:34:02,563 WARNING:main.py:418:setup_molecule:Multiple occupancies found: CE in MET A 1255.
2022-11-08 13:34:02,563 WARNING:main.py:424:setup_molecule:Multiple occupancies found in MET A 1255. At least one of the instances is being ignored.
2022-11-08 13:34:02,563 WARNING:main.py:418:setup_molecule:Multiple occupancies found: CA in ASN A 1262.
2022-11-08 13:34:02,563 WARNING:main.py:418:setup_molecule:Multiple occupancies found: CB in ASN A 1262.
2022-11-08 13:34:02,563 WARNING:main.py:418:setup_molecule:Multiple occupancies found: CG in ASN A 1262.
2022-11-08 13:34:02,564 WARNING:main.py:418:setup_molecule:Multiple occupancies found: ND2 in ASN A 1262.
2022-11-08 13:34:02,564 WARNING:main.py:418:setup_molecule:Multiple occupancies found: OD1 in ASN A 1262.
2022-11-08 13:34:02,564 WARNING:main.py:424:setup_molecule:Multiple occupancies found in ASN A 1262. At least one of the instances is being ignored.
2022-11-08 13:34:02,602 WARNING:biomolecule.py:157:num_missing_heavy:Missing atom N in residue LYS A 1069
2022-11-08 13:34:02,602 WARNING:biomolecule.py:157:num_missing_heavy:Missing atom CB in residue LYS A 1069
2022-11-08 13:34:02,602 WARNING:biomolecule.py:157:num_missing_heavy:Missing atom CG in residue LYS A 1069
2022-11-08 13:34:02,602 WARNING:biomolecule.py:157:num_missing_heavy:Missing atom CD in residue LYS A 1069
2022-11-08 13:34:02,602 WARNING:biomolecule.py:157:num_missing_heavy:Missing atom CE in residue LYS A 1069
2022-11-08 13:34:02,602 WARNING:biomolecule.py:157:num_missing_heavy:Missing atom NZ in residue LYS A 1069
2022-11-08 13:34:02,603 WARNING:biomolecule.py:157:num_missing_heavy:Missing atom NZ in residue LYS A 1077
2022-11-08 13:34:02,603 WARNING:biomolecule.py:157:num_missing_heavy:Missing atom CE in residue LYS A 1084
2022-11-08 13:34:02,603 WARNING:biomolecule.py:157:num_missing_heavy:Missing atom NZ in residue LYS A 1084
2022-11-08 13:34:02,603 WARNING:biomolecule.py:157:num_missing_heavy:Missing atom CG in residue GLN A 1086
2022-11-08 13:34:02,603 WARNING:biomolecule.py:157:num_missing_heavy:Missing atom CD in residue GLN A 1086
2022-11-08 13:34:02,603 WARNING:biomolecule.py:157:num_missing_heavy:Missing atom OE1 in residue GLN A 1086
2022-11-08 13:34:02,603 WARNING:biomolecule.py:157:num_missing_heavy:Missing atom NE2 in residue GLN A 1086
2022-11-08 13:34:02,603 WARNING:biomolecule.py:157:num_missing_heavy:Missing atom CG1 in residue ILE A 1087
2022-11-08 13:34:02,604 WARNING:biomolecule.py:157:num_missing_heavy:Missing atom CG2 in residue ILE A 1087
2022-11-08 13:34:02,604 WARNING:biomolecule.py:157:num_missing_heavy:Missing atom CD1 in residue ILE A 1087
2022-11-08 13:34:02,604 WARNING:biomolecule.py:157:num_missing_heavy:Missing atom CG in residue GLN A 1088
2022-11-08 13:34:02,604 WARNING:biomolecule.py:157:num_missing_heavy:Missing atom CD in residue GLN A 1088
2022-11-08 13:34:02,604 WARNING:biomolecule.py:157:num_missing_heavy:Missing atom OE1 in residue GLN A 1088
2022-11-08 13:34:02,604 WARNING:biomolecule.py:157:num_missing_heavy:Missing atom NE2 in residue GLN A 1088
2022-11-08 13:34:02,604 WARNING:biomolecule.py:157:num_missing_heavy:Missing atom CG in residue GLU A 1105
2022-11-08 13:34:02,605 WARNING:biomolecule.py:157:num_missing_heavy:Missing atom CD in residue GLU A 1105
2022-11-08 13:34:02,605 WARNING:biomolecule.py:157:num_missing_heavy:Missing atom OE1 in residue GLU A 1105
2022-11-08 13:34:02,605 WARNING:biomolecule.py:157:num_missing_heavy:Missing atom OE2 in residue GLU A 1105
2022-11-08 13:34:02,605 WARNING:biomolecule.py:157:num_missing_heavy:Missing atom CG in residue GLU A 1111
2022-11-08 13:34:02,605 WARNING:biomolecule.py:157:num_missing_heavy:Missing atom CD in residue GLU A 1111
2022-11-08 13:34:02,605 WARNING:biomolecule.py:157:num_missing_heavy:Missing atom OE1 in residue GLU A 1111
2022-11-08 13:34:02,605 WARNING:biomolecule.py:157:num_missing_heavy:Missing atom OE2 in residue GLU A 1111
2022-11-08 13:34:02,605 WARNING:biomolecule.py:157:num_missing_heavy:Missing atom CG in residue GLU A 1113
2022-11-08 13:34:02,606 WARNING:biomolecule.py:157:num_missing_heavy:Missing atom CD in residue GLU A 1113
2022-11-08 13:34:02,606 WARNING:biomolecule.py:157:num_missing_heavy:Missing atom OE1 in residue GLU A 1113
2022-11-08 13:34:02,606 WARNING:biomolecule.py:157:num_missing_heavy:Missing atom OE2 in residue GLU A 1113
2022-11-08 13:34:02,606 WARNING:biomolecule.py:157:num_missing_heavy:Missing atom NH1 in residue ARG A 1154
2022-11-08 13:34:02,606 WARNING:biomolecule.py:157:num_missing_heavy:Missing atom NH2 in residue ARG A 1154
2022-11-08 13:34:02,607 WARNING:biomolecule.py:157:num_missing_heavy:Missing atom CD in residue LYS A 1166
2022-11-08 13:34:02,607 WARNING:biomolecule.py:157:num_missing_heavy:Missing atom CE in residue LYS A 1166
2022-11-08 13:34:02,607 WARNING:biomolecule.py:157:num_missing_heavy:Missing atom NZ in residue LYS A 1166
2022-11-08 13:34:02,607 WARNING:biomolecule.py:157:num_missing_heavy:Missing atom CD in residue LYS A 1206
2022-11-08 13:34:02,607 WARNING:biomolecule.py:157:num_missing_heavy:Missing atom CE in residue LYS A 1206
2022-11-08 13:34:02,607 WARNING:biomolecule.py:157:num_missing_heavy:Missing atom NZ in residue LYS A 1206
2022-11-08 13:34:02,608 WARNING:biomolecule.py:157:num_missing_heavy:Missing atom C in residue LEU A 1263
2022-11-08 13:34:02,608 WARNING:biomolecule.py:157:num_missing_heavy:Missing atom O in residue LEU A 1263
2022-11-08 13:34:02,608 WARNING:biomolecule.py:157:num_missing_heavy:Missing atom CB in residue LEU A 1263
2022-11-08 13:34:02,608 WARNING:biomolecule.py:157:num_missing_heavy:Missing atom CG in residue LEU A 1263
2022-11-08 13:34:02,608 WARNING:biomolecule.py:157:num_missing_heavy:Missing atom CD1 in residue LEU A 1263
2022-11-08 13:34:02,609 WARNING:biomolecule.py:157:num_missing_heavy:Missing atom CD2 in residue LEU A 1263
2022-11-08 13:34:02,609 WARNING:biomolecule.py:157:num_missing_heavy:Missing atom C in residue GLY A 1285
2022-11-08 13:34:02,609 WARNING:biomolecule.py:157:num_missing_heavy:Missing atom O in residue GLY A 1285
2022-11-08 13:34:02,609 WARNING:biomolecule.py:157:num_missing_heavy:Missing atom OXT in residue GLY A 1285
2022-11-08 13:34:02,609 WARNING:biomolecule.py:157:num_missing_heavy:Missing atom N in residue LYS A 1069
2022-11-08 13:34:02,609 WARNING:biomolecule.py:157:num_missing_heavy:Missing atom CB in residue LYS A 1069
2022-11-08 13:34:02,609 WARNING:biomolecule.py:157:num_missing_heavy:Missing atom CG in residue LYS A 1069
2022-11-08 13:34:02,610 WARNING:biomolecule.py:157:num_missing_heavy:Missing atom CD in residue LYS A 1069
2022-11-08 13:34:02,610 WARNING:biomolecule.py:157:num_missing_heavy:Missing atom CE in residue LYS A 1069
2022-11-08 13:34:02,610 WARNING:biomolecule.py:157:num_missing_heavy:Missing atom NZ in residue LYS A 1069
2022-11-08 13:34:02,610 WARNING:biomolecule.py:157:num_missing_heavy:Missing atom NZ in residue LYS A 1077
2022-11-08 13:34:02,610 WARNING:biomolecule.py:157:num_missing_heavy:Missing atom CE in residue LYS A 1084
2022-11-08 13:34:02,610 WARNING:biomolecule.py:157:num_missing_heavy:Missing atom NZ in residue LYS A 1084
2022-11-08 13:34:02,610 WARNING:biomolecule.py:157:num_missing_heavy:Missing atom CG in residue GLN A 1086
2022-11-08 13:34:02,610 WARNING:biomolecule.py:157:num_missing_heavy:Missing atom CD in residue GLN A 1086
2022-11-08 13:34:02,611 WARNING:biomolecule.py:157:num_missing_heavy:Missing atom OE1 in residue GLN A 1086
2022-11-08 13:34:02,611 WARNING:biomolecule.py:157:num_missing_heavy:Missing atom NE2 in residue GLN A 1086
2022-11-08 13:34:02,611 WARNING:biomolecule.py:157:num_missing_heavy:Missing atom CG1 in residue ILE A 1087
2022-11-08 13:34:02,611 WARNING:biomolecule.py:157:num_missing_heavy:Missing atom CG2 in residue ILE A 1087
2022-11-08 13:34:02,611 WARNING:biomolecule.py:157:num_missing_heavy:Missing atom CD1 in residue ILE A 1087
2022-11-08 13:34:02,611 WARNING:biomolecule.py:157:num_missing_heavy:Missing atom CG in residue GLN A 1088
2022-11-08 13:34:02,611 WARNING:biomolecule.py:157:num_missing_heavy:Missing atom CD in residue GLN A 1088
2022-11-08 13:34:02,611 WARNING:biomolecule.py:157:num_missing_heavy:Missing atom OE1 in residue GLN A 1088
2022-11-08 13:34:02,612 WARNING:biomolecule.py:157:num_missing_heavy:Missing atom NE2 in residue GLN A 1088
2022-11-08 13:34:02,612 WARNING:biomolecule.py:157:num_missing_heavy:Missing atom CG in residue GLU A 1105
2022-11-08 13:34:02,612 WARNING:biomolecule.py:157:num_missing_heavy:Missing atom CD in residue GLU A 1105
2022-11-08 13:34:02,612 WARNING:biomolecule.py:157:num_missing_heavy:Missing atom OE1 in residue GLU A 1105
2022-11-08 13:34:02,612 WARNING:biomolecule.py:157:num_missing_heavy:Missing atom OE2 in residue GLU A 1105
2022-11-08 13:34:02,612 WARNING:biomolecule.py:157:num_missing_heavy:Missing atom CG in residue GLU A 1111
2022-11-08 13:34:02,612 WARNING:biomolecule.py:157:num_missing_heavy:Missing atom CD in residue GLU A 1111
2022-11-08 13:34:02,613 WARNING:biomolecule.py:157:num_missing_heavy:Missing atom OE1 in residue GLU A 1111
2022-11-08 13:34:02,613 WARNING:biomolecule.py:157:num_missing_heavy:Missing atom OE2 in residue GLU A 1111
2022-11-08 13:34:02,613 WARNING:biomolecule.py:157:num_missing_heavy:Missing atom CG in residue GLU A 1113
2022-11-08 13:34:02,613 WARNING:biomolecule.py:157:num_missing_heavy:Missing atom CD in residue GLU A 1113
2022-11-08 13:34:02,613 WARNING:biomolecule.py:157:num_missing_heavy:Missing atom OE1 in residue GLU A 1113
2022-11-08 13:34:02,613 WARNING:biomolecule.py:157:num_missing_heavy:Missing atom OE2 in residue GLU A 1113
2022-11-08 13:34:02,614 WARNING:biomolecule.py:157:num_missing_heavy:Missing atom NH1 in residue ARG A 1154
2022-11-08 13:34:02,614 WARNING:biomolecule.py:157:num_missing_heavy:Missing atom NH2 in residue ARG A 1154
2022-11-08 13:34:02,614 WARNING:biomolecule.py:157:num_missing_heavy:Missing atom CD in residue LYS A 1166
2022-11-08 13:34:02,614 WARNING:biomolecule.py:157:num_missing_heavy:Missing atom CE in residue LYS A 1166
2022-11-08 13:34:02,614 WARNING:biomolecule.py:157:num_missing_heavy:Missing atom NZ in residue LYS A 1166
2022-11-08 13:34:02,615 WARNING:biomolecule.py:157:num_missing_heavy:Missing atom CD in residue LYS A 1206
2022-11-08 13:34:02,615 WARNING:biomolecule.py:157:num_missing_heavy:Missing atom CE in residue LYS A 1206
2022-11-08 13:34:02,615 WARNING:biomolecule.py:157:num_missing_heavy:Missing atom NZ in residue LYS A 1206
2022-11-08 13:34:02,615 WARNING:biomolecule.py:157:num_missing_heavy:Missing atom C in residue LEU A 1263
2022-11-08 13:34:02,615 WARNING:biomolecule.py:157:num_missing_heavy:Missing atom O in residue LEU A 1263
2022-11-08 13:34:02,616 WARNING:biomolecule.py:157:num_missing_heavy:Missing atom CB in residue LEU A 1263
2022-11-08 13:34:02,616 WARNING:biomolecule.py:157:num_missing_heavy:Missing atom CG in residue LEU A 1263
2022-11-08 13:34:02,616 WARNING:biomolecule.py:157:num_missing_heavy:Missing atom CD1 in residue LEU A 1263
2022-11-08 13:34:02,616 WARNING:biomolecule.py:157:num_missing_heavy:Missing atom CD2 in residue LEU A 1263
2022-11-08 13:34:02,616 WARNING:biomolecule.py:157:num_missing_heavy:Missing atom C in residue GLY A 1285
2022-11-08 13:34:02,616 WARNING:biomolecule.py:157:num_missing_heavy:Missing atom O in residue GLY A 1285
2022-11-08 13:34:02,616 WARNING:biomolecule.py:157:num_missing_heavy:Missing atom OXT in residue GLY A 1285
2022-11-08 13:34:02,616 WARNING:biomolecule.py:157:num_missing_heavy:Missing atom N in residue LYS A 1069
2022-11-08 13:34:02,617 WARNING:biomolecule.py:157:num_missing_heavy:Missing atom CB in residue LYS A 1069
2022-11-08 13:34:02,617 WARNING:biomolecule.py:157:num_missing_heavy:Missing atom CG in residue LYS A 1069
2022-11-08 13:34:02,617 WARNING:biomolecule.py:157:num_missing_heavy:Missing atom CD in residue LYS A 1069
2022-11-08 13:34:02,617 WARNING:biomolecule.py:157:num_missing_heavy:Missing atom CE in residue LYS A 1069
2022-11-08 13:34:02,617 WARNING:biomolecule.py:157:num_missing_heavy:Missing atom NZ in residue LYS A 1069
2022-11-08 13:34:02,617 WARNING:biomolecule.py:157:num_missing_heavy:Missing atom NZ in residue LYS A 1077
2022-11-08 13:34:02,617 WARNING:biomolecule.py:157:num_missing_heavy:Missing atom CE in residue LYS A 1084
2022-11-08 13:34:02,618 WARNING:biomolecule.py:157:num_missing_heavy:Missing atom NZ in residue LYS A 1084
2022-11-08 13:34:02,618 WARNING:biomolecule.py:157:num_missing_heavy:Missing atom CG in residue GLN A 1086
2022-11-08 13:34:02,618 WARNING:biomolecule.py:157:num_missing_heavy:Missing atom CD in residue GLN A 1086
2022-11-08 13:34:02,618 WARNING:biomolecule.py:157:num_missing_heavy:Missing atom OE1 in residue GLN A 1086
2022-11-08 13:34:02,618 WARNING:biomolecule.py:157:num_missing_heavy:Missing atom NE2 in residue GLN A 1086
2022-11-08 13:34:02,618 WARNING:biomolecule.py:157:num_missing_heavy:Missing atom CG1 in residue ILE A 1087
2022-11-08 13:34:02,618 WARNING:biomolecule.py:157:num_missing_heavy:Missing atom CG2 in residue ILE A 1087
2022-11-08 13:34:02,618 WARNING:biomolecule.py:157:num_missing_heavy:Missing atom CD1 in residue ILE A 1087
2022-11-08 13:34:02,619 WARNING:biomolecule.py:157:num_missing_heavy:Missing atom CG in residue GLN A 1088
2022-11-08 13:34:02,619 WARNING:biomolecule.py:157:num_missing_heavy:Missing atom CD in residue GLN A 1088
2022-11-08 13:34:02,619 WARNING:biomolecule.py:157:num_missing_heavy:Missing atom OE1 in residue GLN A 1088
2022-11-08 13:34:02,619 WARNING:biomolecule.py:157:num_missing_heavy:Missing atom NE2 in residue GLN A 1088
2022-11-08 13:34:02,619 WARNING:biomolecule.py:157:num_missing_heavy:Missing atom CG in residue GLU A 1105
2022-11-08 13:34:02,619 WARNING:biomolecule.py:157:num_missing_heavy:Missing atom CD in residue GLU A 1105
2022-11-08 13:34:02,619 WARNING:biomolecule.py:157:num_missing_heavy:Missing atom OE1 in residue GLU A 1105
2022-11-08 13:34:02,620 WARNING:biomolecule.py:157:num_missing_heavy:Missing atom OE2 in residue GLU A 1105
2022-11-08 13:34:02,620 WARNING:biomolecule.py:157:num_missing_heavy:Missing atom CG in residue GLU A 1111
2022-11-08 13:34:02,620 WARNING:biomolecule.py:157:num_missing_heavy:Missing atom CD in residue GLU A 1111
2022-11-08 13:34:02,620 WARNING:biomolecule.py:157:num_missing_heavy:Missing atom OE1 in residue GLU A 1111
2022-11-08 13:34:02,620 WARNING:biomolecule.py:157:num_missing_heavy:Missing atom OE2 in residue GLU A 1111
2022-11-08 13:34:02,620 WARNING:biomolecule.py:157:num_missing_heavy:Missing atom CG in residue GLU A 1113
2022-11-08 13:34:02,620 WARNING:biomolecule.py:157:num_missing_heavy:Missing atom CD in residue GLU A 1113
2022-11-08 13:34:02,620 WARNING:biomolecule.py:157:num_missing_heavy:Missing atom OE1 in residue GLU A 1113
2022-11-08 13:34:02,621 WARNING:biomolecule.py:157:num_missing_heavy:Missing atom OE2 in residue GLU A 1113
2022-11-08 13:34:02,621 WARNING:biomolecule.py:157:num_missing_heavy:Missing atom NH1 in residue ARG A 1154
2022-11-08 13:34:02,621 WARNING:biomolecule.py:157:num_missing_heavy:Missing atom NH2 in residue ARG A 1154
2022-11-08 13:34:02,621 WARNING:biomolecule.py:157:num_missing_heavy:Missing atom CD in residue LYS A 1166
2022-11-08 13:34:02,621 WARNING:biomolecule.py:157:num_missing_heavy:Missing atom CE in residue LYS A 1166
2022-11-08 13:34:02,621 WARNING:biomolecule.py:157:num_missing_heavy:Missing atom NZ in residue LYS A 1166
2022-11-08 13:34:02,622 WARNING:biomolecule.py:157:num_missing_heavy:Missing atom CD in residue LYS A 1206
2022-11-08 13:34:02,622 WARNING:biomolecule.py:157:num_missing_heavy:Missing atom CE in residue LYS A 1206
2022-11-08 13:34:02,622 WARNING:biomolecule.py:157:num_missing_heavy:Missing atom NZ in residue LYS A 1206
2022-11-08 13:34:02,623 WARNING:biomolecule.py:157:num_missing_heavy:Missing atom C in residue LEU A 1263
2022-11-08 13:34:02,623 WARNING:biomolecule.py:157:num_missing_heavy:Missing atom O in residue LEU A 1263
2022-11-08 13:34:02,623 WARNING:biomolecule.py:157:num_missing_heavy:Missing atom CB in residue LEU A 1263
2022-11-08 13:34:02,623 WARNING:biomolecule.py:157:num_missing_heavy:Missing atom CG in residue LEU A 1263
2022-11-08 13:34:02,623 WARNING:biomolecule.py:157:num_missing_heavy:Missing atom CD1 in residue LEU A 1263
2022-11-08 13:34:02,623 WARNING:biomolecule.py:157:num_missing_heavy:Missing atom CD2 in residue LEU A 1263
2022-11-08 13:34:02,623 WARNING:biomolecule.py:157:num_missing_heavy:Missing atom C in residue GLY A 1285
2022-11-08 13:34:02,624 WARNING:biomolecule.py:157:num_missing_heavy:Missing atom O in residue GLY A 1285
2022-11-08 13:34:02,624 WARNING:biomolecule.py:157:num_missing_heavy:Missing atom OXT in residue GLY A 1285
2022-11-08 13:34:02,788 WARNING:debump.py:172:debump_biomolecule:WARNING: Unable to debump GLY A 1285
2022-11-08 13:34:03,921 WARNING:debump.py:172:debump_biomolecule:WARNING: Unable to debump GLY A 1285
2022-11-08 13:34:05,600 WARNING:main.py:311:print_pqr:Ignoring 2450 header lines in output.
2022-11-08 13:34:05,600 WARNING:main.py:315:print_pqr:Ignoring 47 missing lines in output.
