2022-11-08 13:33:11,640 WARNING:biomolecule.py:966:create_residue:Unable to find amino or nucleic acid definition for SAM.  Parsing as new residue.
2022-11-08 13:33:11,642 WARNING:biomolecule.py:966:create_residue:Unable to find amino or nucleic acid definition for MG.  Parsing as new residue.
2022-11-08 13:33:11,692 WARNING:biomolecule.py:966:create_residue:Unable to find amino or nucleic acid definition for ACT.  Parsing as new residue.
2022-11-08 13:33:11,694 WARNING:main.py:418:setup_molecule:Multiple occupancies found: CA in CYS B 260.
2022-11-08 13:33:11,694 WARNING:main.py:418:setup_molecule:Multiple occupancies found: CB in CYS B 260.
2022-11-08 13:33:11,694 WARNING:main.py:418:setup_molecule:Multiple occupancies found: SG in CYS B 260.
2022-11-08 13:33:11,694 WARNING:main.py:418:setup_molecule:Multiple occupancies found: H in CYS B 260.
2022-11-08 13:33:11,695 WARNING:main.py:418:setup_molecule:Multiple occupancies found: HA in CYS B 260.
2022-11-08 13:33:11,695 WARNING:main.py:418:setup_molecule:Multiple occupancies found: HB2 in CYS B 260.
2022-11-08 13:33:11,695 WARNING:main.py:418:setup_molecule:Multiple occupancies found: HB3 in CYS B 260.
2022-11-08 13:33:11,695 WARNING:main.py:418:setup_molecule:Multiple occupancies found: HG in CYS B 260.
2022-11-08 13:33:11,695 WARNING:main.py:424:setup_molecule:Multiple occupancies found in CYS B 260. At least one of the instances is being ignored.
2022-11-08 13:33:11,718 WARNING:biomolecule.py:600:update_bonds:Gap in backbone detected between ILE A 400 and GLY A 407!
2022-11-08 13:33:11,720 WARNING:biomolecule.py:600:update_bonds:Gap in backbone detected between THR A 469 and HIS A 474!
2022-11-08 13:33:11,722 WARNING:biomolecule.py:600:update_bonds:Gap in backbone detected between ASP B 136 and ILE B 153!
2022-11-08 13:33:11,723 WARNING:biomolecule.py:600:update_bonds:Gap in backbone detected between ARG B 200 and LYS B 209!
2022-11-08 13:33:11,724 WARNING:biomolecule.py:600:update_bonds:Gap in backbone detected between GLY B 270 and LEU B 275!
2022-11-08 13:33:11,725 WARNING:biomolecule.py:600:update_bonds:Gap in backbone detected between THR B 295 and VAL B 309!
2022-11-08 13:33:11,759 WARNING:biomolecule.py:157:num_missing_heavy:Missing atom CG in residue LEU A 368
2022-11-08 13:33:11,760 WARNING:biomolecule.py:157:num_missing_heavy:Missing atom CD1 in residue LEU A 368
2022-11-08 13:33:11,760 WARNING:biomolecule.py:157:num_missing_heavy:Missing atom CD2 in residue LEU A 368
2022-11-08 13:33:11,761 WARNING:biomolecule.py:157:num_missing_heavy:Missing atom OXT in residue LYS A 576
2022-11-08 13:33:11,763 WARNING:biomolecule.py:157:num_missing_heavy:Missing atom CG in residue GLU B 393
2022-11-08 13:33:11,763 WARNING:biomolecule.py:157:num_missing_heavy:Missing atom CD in residue GLU B 393
2022-11-08 13:33:11,764 WARNING:biomolecule.py:157:num_missing_heavy:Missing atom OE1 in residue GLU B 393
2022-11-08 13:33:11,764 WARNING:biomolecule.py:157:num_missing_heavy:Missing atom OE2 in residue GLU B 393
2022-11-08 13:33:11,764 WARNING:biomolecule.py:157:num_missing_heavy:Missing atom OXT in residue GLU B 393
2022-11-08 13:33:11,764 WARNING:biomolecule.py:157:num_missing_heavy:Missing atom CG in residue LEU A 368
2022-11-08 13:33:11,764 WARNING:biomolecule.py:157:num_missing_heavy:Missing atom CD1 in residue LEU A 368
2022-11-08 13:33:11,764 WARNING:biomolecule.py:157:num_missing_heavy:Missing atom CD2 in residue LEU A 368
2022-11-08 13:33:11,766 WARNING:biomolecule.py:157:num_missing_heavy:Missing atom OXT in residue LYS A 576
2022-11-08 13:33:11,768 WARNING:biomolecule.py:157:num_missing_heavy:Missing atom CG in residue GLU B 393
2022-11-08 13:33:11,768 WARNING:biomolecule.py:157:num_missing_heavy:Missing atom CD in residue GLU B 393
2022-11-08 13:33:11,768 WARNING:biomolecule.py:157:num_missing_heavy:Missing atom OE1 in residue GLU B 393
2022-11-08 13:33:11,768 WARNING:biomolecule.py:157:num_missing_heavy:Missing atom OE2 in residue GLU B 393
2022-11-08 13:33:11,770 WARNING:biomolecule.py:157:num_missing_heavy:Missing atom OXT in residue GLU B 393
2022-11-08 13:33:11,770 WARNING:biomolecule.py:157:num_missing_heavy:Missing atom CG in residue LEU A 368
2022-11-08 13:33:11,770 WARNING:biomolecule.py:157:num_missing_heavy:Missing atom CD1 in residue LEU A 368
2022-11-08 13:33:11,771 WARNING:biomolecule.py:157:num_missing_heavy:Missing atom CD2 in residue LEU A 368
2022-11-08 13:33:11,772 WARNING:biomolecule.py:157:num_missing_heavy:Missing atom OXT in residue LYS A 576
2022-11-08 13:33:11,774 WARNING:biomolecule.py:157:num_missing_heavy:Missing atom CG in residue GLU B 393
2022-11-08 13:33:11,774 WARNING:biomolecule.py:157:num_missing_heavy:Missing atom CD in residue GLU B 393
2022-11-08 13:33:11,774 WARNING:biomolecule.py:157:num_missing_heavy:Missing atom OE1 in residue GLU B 393
2022-11-08 13:33:11,774 WARNING:biomolecule.py:157:num_missing_heavy:Missing atom OE2 in residue GLU B 393
2022-11-08 13:33:11,774 WARNING:biomolecule.py:157:num_missing_heavy:Missing atom OXT in residue GLU B 393
2022-11-08 13:33:15,943 WARNING:main.py:311:print_pqr:Ignoring 2677 header lines in output.
2022-11-08 13:33:15,944 WARNING:main.py:315:print_pqr:Ignoring 55 missing lines in output.
