2022-11-08 13:40:11,491 WARNING:biomolecule.py:966:create_residue:Unable to find amino or nucleic acid definition for SAM.  Parsing as new residue.
2022-11-08 13:40:11,493 WARNING:main.py:418:setup_molecule:Multiple occupancies found: H in VAL A 230.
2022-11-08 13:40:11,493 WARNING:main.py:424:setup_molecule:Multiple occupancies found in VAL A 230. At least one of the instances is being ignored.
2022-11-08 13:40:11,493 WARNING:main.py:418:setup_molecule:Multiple occupancies found: N in ARG A 314.
2022-11-08 13:40:11,493 WARNING:main.py:418:setup_molecule:Multiple occupancies found: CA in ARG A 314.
2022-11-08 13:40:11,493 WARNING:main.py:418:setup_molecule:Multiple occupancies found: C in ARG A 314.
2022-11-08 13:40:11,494 WARNING:main.py:418:setup_molecule:Multiple occupancies found: O in ARG A 314.
2022-11-08 13:40:11,494 WARNING:main.py:418:setup_molecule:Multiple occupancies found: CB in ARG A 314.
2022-11-08 13:40:11,494 WARNING:main.py:418:setup_molecule:Multiple occupancies found: CG in ARG A 314.
2022-11-08 13:40:11,494 WARNING:main.py:418:setup_molecule:Multiple occupancies found: CD in ARG A 314.
2022-11-08 13:40:11,494 WARNING:main.py:418:setup_molecule:Multiple occupancies found: NE in ARG A 314.
2022-11-08 13:40:11,494 WARNING:main.py:418:setup_molecule:Multiple occupancies found: CZ in ARG A 314.
2022-11-08 13:40:11,494 WARNING:main.py:418:setup_molecule:Multiple occupancies found: NH1 in ARG A 314.
2022-11-08 13:40:11,494 WARNING:main.py:418:setup_molecule:Multiple occupancies found: NH2 in ARG A 314.
2022-11-08 13:40:11,495 WARNING:main.py:418:setup_molecule:Multiple occupancies found: H in ARG A 314.
2022-11-08 13:40:11,495 WARNING:main.py:418:setup_molecule:Multiple occupancies found: HA in ARG A 314.
2022-11-08 13:40:11,495 WARNING:main.py:418:setup_molecule:Multiple occupancies found: HB2 in ARG A 314.
2022-11-08 13:40:11,495 WARNING:main.py:418:setup_molecule:Multiple occupancies found: HB3 in ARG A 314.
2022-11-08 13:40:11,495 WARNING:main.py:418:setup_molecule:Multiple occupancies found: HG2 in ARG A 314.
2022-11-08 13:40:11,495 WARNING:main.py:418:setup_molecule:Multiple occupancies found: HG3 in ARG A 314.
2022-11-08 13:40:11,495 WARNING:main.py:418:setup_molecule:Multiple occupancies found: HD2 in ARG A 314.
2022-11-08 13:40:11,495 WARNING:main.py:418:setup_molecule:Multiple occupancies found: HD3 in ARG A 314.
2022-11-08 13:40:11,496 WARNING:main.py:418:setup_molecule:Multiple occupancies found: HE in ARG A 314.
2022-11-08 13:40:11,496 WARNING:main.py:418:setup_molecule:Multiple occupancies found: HH11 in ARG A 314.
2022-11-08 13:40:11,496 WARNING:main.py:418:setup_molecule:Multiple occupancies found: HH12 in ARG A 314.
2022-11-08 13:40:11,496 WARNING:main.py:418:setup_molecule:Multiple occupancies found: HH21 in ARG A 314.
2022-11-08 13:40:11,496 WARNING:main.py:418:setup_molecule:Multiple occupancies found: HH22 in ARG A 314.
2022-11-08 13:40:11,496 WARNING:main.py:424:setup_molecule:Multiple occupancies found in ARG A 314. At least one of the instances is being ignored.
2022-11-08 13:40:11,509 WARNING:biomolecule.py:600:update_bonds:Gap in backbone detected between CYS A 99 and ASP A 104!
2022-11-08 13:40:11,542 WARNING:biomolecule.py:157:num_missing_heavy:Missing atom OXT in residue PRO A 317
2022-11-08 13:40:11,544 WARNING:biomolecule.py:157:num_missing_heavy:Missing atom OXT in residue PRO A 317
2022-11-08 13:40:11,545 WARNING:biomolecule.py:157:num_missing_heavy:Missing atom OXT in residue PRO A 317
2022-11-08 13:40:13,322 WARNING:main.py:311:print_pqr:Ignoring 2481 header lines in output.
2022-11-08 13:40:13,322 WARNING:main.py:315:print_pqr:Ignoring 49 missing lines in output.
