2022-11-08 13:27:21,148 WARNING:biomolecule.py:966:create_residue:Unable to find amino or nucleic acid definition for SO4.  Parsing as new residue.
2022-11-08 13:27:21,149 WARNING:biomolecule.py:966:create_residue:Unable to find amino or nucleic acid definition for SO4.  Parsing as new residue.
2022-11-08 13:27:21,150 WARNING:biomolecule.py:966:create_residue:Unable to find amino or nucleic acid definition for SO4.  Parsing as new residue.
2022-11-08 13:27:21,150 WARNING:biomolecule.py:966:create_residue:Unable to find amino or nucleic acid definition for SO4.  Parsing as new residue.
2022-11-08 13:27:21,150 WARNING:biomolecule.py:966:create_residue:Unable to find amino or nucleic acid definition for SO4.  Parsing as new residue.
2022-11-08 13:27:21,150 WARNING:biomolecule.py:966:create_residue:Unable to find amino or nucleic acid definition for SO4.  Parsing as new residue.
2022-11-08 13:27:21,151 WARNING:biomolecule.py:966:create_residue:Unable to find amino or nucleic acid definition for SAM.  Parsing as new residue.
2022-11-08 13:27:21,152 WARNING:main.py:418:setup_molecule:Multiple occupancies found: N in ARG A 187.
2022-11-08 13:27:21,152 WARNING:main.py:418:setup_molecule:Multiple occupancies found: CA in ARG A 187.
2022-11-08 13:27:21,152 WARNING:main.py:418:setup_molecule:Multiple occupancies found: C in ARG A 187.
2022-11-08 13:27:21,152 WARNING:main.py:418:setup_molecule:Multiple occupancies found: O in ARG A 187.
2022-11-08 13:27:21,152 WARNING:main.py:418:setup_molecule:Multiple occupancies found: CB in ARG A 187.
2022-11-08 13:27:21,153 WARNING:main.py:418:setup_molecule:Multiple occupancies found: CG in ARG A 187.
2022-11-08 13:27:21,153 WARNING:main.py:418:setup_molecule:Multiple occupancies found: CD in ARG A 187.
2022-11-08 13:27:21,153 WARNING:main.py:418:setup_molecule:Multiple occupancies found: NE in ARG A 187.
2022-11-08 13:27:21,153 WARNING:main.py:418:setup_molecule:Multiple occupancies found: CZ in ARG A 187.
2022-11-08 13:27:21,153 WARNING:main.py:418:setup_molecule:Multiple occupancies found: NH1 in ARG A 187.
2022-11-08 13:27:21,153 WARNING:main.py:418:setup_molecule:Multiple occupancies found: NH2 in ARG A 187.
2022-11-08 13:27:21,153 WARNING:main.py:424:setup_molecule:Multiple occupancies found in ARG A 187. At least one of the instances is being ignored.
2022-11-08 13:27:21,153 WARNING:main.py:418:setup_molecule:Multiple occupancies found: N in SER A 190.
2022-11-08 13:27:21,154 WARNING:main.py:418:setup_molecule:Multiple occupancies found: CA in SER A 190.
2022-11-08 13:27:21,154 WARNING:main.py:418:setup_molecule:Multiple occupancies found: C in SER A 190.
2022-11-08 13:27:21,154 WARNING:main.py:418:setup_molecule:Multiple occupancies found: O in SER A 190.
2022-11-08 13:27:21,154 WARNING:main.py:418:setup_molecule:Multiple occupancies found: CB in SER A 190.
2022-11-08 13:27:21,154 WARNING:main.py:418:setup_molecule:Multiple occupancies found: OG in SER A 190.
2022-11-08 13:27:21,154 WARNING:main.py:424:setup_molecule:Multiple occupancies found in SER A 190. At least one of the instances is being ignored.
2022-11-08 13:27:21,155 WARNING:main.py:418:setup_molecule:Multiple occupancies found: N in ASN A 324.
2022-11-08 13:27:21,155 WARNING:main.py:418:setup_molecule:Multiple occupancies found: CA in ASN A 324.
2022-11-08 13:27:21,155 WARNING:main.py:418:setup_molecule:Multiple occupancies found: C in ASN A 324.
2022-11-08 13:27:21,155 WARNING:main.py:418:setup_molecule:Multiple occupancies found: O in ASN A 324.
2022-11-08 13:27:21,155 WARNING:main.py:418:setup_molecule:Multiple occupancies found: CB in ASN A 324.
2022-11-08 13:27:21,155 WARNING:main.py:418:setup_molecule:Multiple occupancies found: CG in ASN A 324.
2022-11-08 13:27:21,155 WARNING:main.py:418:setup_molecule:Multiple occupancies found: ND2 in ASN A 324.
2022-11-08 13:27:21,155 WARNING:main.py:418:setup_molecule:Multiple occupancies found: OD1 in ASN A 324.
2022-11-08 13:27:21,156 WARNING:main.py:424:setup_molecule:Multiple occupancies found in ASN A 324. At least one of the instances is being ignored.
2022-11-08 13:27:21,158 WARNING:main.py:418:setup_molecule:Multiple occupancies found: N in GLU A 364.
2022-11-08 13:27:21,158 WARNING:main.py:418:setup_molecule:Multiple occupancies found: CA in GLU A 364.
2022-11-08 13:27:21,158 WARNING:main.py:418:setup_molecule:Multiple occupancies found: C in GLU A 364.
2022-11-08 13:27:21,158 WARNING:main.py:418:setup_molecule:Multiple occupancies found: O in GLU A 364.
2022-11-08 13:27:21,159 WARNING:main.py:418:setup_molecule:Multiple occupancies found: CB in GLU A 364.
2022-11-08 13:27:21,159 WARNING:main.py:418:setup_molecule:Multiple occupancies found: CG in GLU A 364.
2022-11-08 13:27:21,159 WARNING:main.py:418:setup_molecule:Multiple occupancies found: CD in GLU A 364.
2022-11-08 13:27:21,159 WARNING:main.py:418:setup_molecule:Multiple occupancies found: OE1 in GLU A 364.
2022-11-08 13:27:21,159 WARNING:main.py:418:setup_molecule:Multiple occupancies found: OE2 in GLU A 364.
2022-11-08 13:27:21,159 WARNING:main.py:424:setup_molecule:Multiple occupancies found in GLU A 364. At least one of the instances is being ignored.
2022-11-08 13:27:21,207 WARNING:biomolecule.py:157:num_missing_heavy:Missing atom CD2 in residue PHE A 79
2022-11-08 13:27:21,207 WARNING:biomolecule.py:157:num_missing_heavy:Missing atom CE1 in residue PHE A 79
2022-11-08 13:27:21,207 WARNING:biomolecule.py:157:num_missing_heavy:Missing atom CE2 in residue PHE A 79
2022-11-08 13:27:21,207 WARNING:biomolecule.py:157:num_missing_heavy:Missing atom CZ in residue PHE A 79
2022-11-08 13:27:21,209 WARNING:biomolecule.py:157:num_missing_heavy:Missing atom CD in residue LYS A 281
2022-11-08 13:27:21,209 WARNING:biomolecule.py:157:num_missing_heavy:Missing atom CE in residue LYS A 281
2022-11-08 13:27:21,209 WARNING:biomolecule.py:157:num_missing_heavy:Missing atom NZ in residue LYS A 281
2022-11-08 13:27:21,210 WARNING:biomolecule.py:157:num_missing_heavy:Missing atom CD in residue ARG A 373
2022-11-08 13:27:21,210 WARNING:biomolecule.py:157:num_missing_heavy:Missing atom NE in residue ARG A 373
2022-11-08 13:27:21,210 WARNING:biomolecule.py:157:num_missing_heavy:Missing atom CZ in residue ARG A 373
2022-11-08 13:27:21,210 WARNING:biomolecule.py:157:num_missing_heavy:Missing atom NH1 in residue ARG A 373
2022-11-08 13:27:21,210 WARNING:biomolecule.py:157:num_missing_heavy:Missing atom NH2 in residue ARG A 373
2022-11-08 13:27:21,210 WARNING:biomolecule.py:157:num_missing_heavy:Missing atom OXT in residue ARG A 373
2022-11-08 13:27:21,211 WARNING:biomolecule.py:157:num_missing_heavy:Missing atom CD2 in residue PHE A 79
2022-11-08 13:27:21,211 WARNING:biomolecule.py:157:num_missing_heavy:Missing atom CE1 in residue PHE A 79
2022-11-08 13:27:21,211 WARNING:biomolecule.py:157:num_missing_heavy:Missing atom CE2 in residue PHE A 79
2022-11-08 13:27:21,211 WARNING:biomolecule.py:157:num_missing_heavy:Missing atom CZ in residue PHE A 79
2022-11-08 13:27:21,213 WARNING:biomolecule.py:157:num_missing_heavy:Missing atom CD in residue LYS A 281
2022-11-08 13:27:21,213 WARNING:biomolecule.py:157:num_missing_heavy:Missing atom CE in residue LYS A 281
2022-11-08 13:27:21,213 WARNING:biomolecule.py:157:num_missing_heavy:Missing atom NZ in residue LYS A 281
2022-11-08 13:27:21,214 WARNING:biomolecule.py:157:num_missing_heavy:Missing atom CD in residue ARG A 373
2022-11-08 13:27:21,214 WARNING:biomolecule.py:157:num_missing_heavy:Missing atom NE in residue ARG A 373
2022-11-08 13:27:21,214 WARNING:biomolecule.py:157:num_missing_heavy:Missing atom CZ in residue ARG A 373
2022-11-08 13:27:21,214 WARNING:biomolecule.py:157:num_missing_heavy:Missing atom NH1 in residue ARG A 373
2022-11-08 13:27:21,214 WARNING:biomolecule.py:157:num_missing_heavy:Missing atom NH2 in residue ARG A 373
2022-11-08 13:27:21,214 WARNING:biomolecule.py:157:num_missing_heavy:Missing atom OXT in residue ARG A 373
2022-11-08 13:27:21,215 WARNING:biomolecule.py:157:num_missing_heavy:Missing atom CD2 in residue PHE A 79
2022-11-08 13:27:21,215 WARNING:biomolecule.py:157:num_missing_heavy:Missing atom CE1 in residue PHE A 79
2022-11-08 13:27:21,215 WARNING:biomolecule.py:157:num_missing_heavy:Missing atom CE2 in residue PHE A 79
2022-11-08 13:27:21,215 WARNING:biomolecule.py:157:num_missing_heavy:Missing atom CZ in residue PHE A 79
2022-11-08 13:27:21,217 WARNING:biomolecule.py:157:num_missing_heavy:Missing atom CD in residue LYS A 281
2022-11-08 13:27:21,217 WARNING:biomolecule.py:157:num_missing_heavy:Missing atom CE in residue LYS A 281
2022-11-08 13:27:21,217 WARNING:biomolecule.py:157:num_missing_heavy:Missing atom NZ in residue LYS A 281
2022-11-08 13:27:21,218 WARNING:biomolecule.py:157:num_missing_heavy:Missing atom CD in residue ARG A 373
2022-11-08 13:27:21,218 WARNING:biomolecule.py:157:num_missing_heavy:Missing atom NE in residue ARG A 373
2022-11-08 13:27:21,218 WARNING:biomolecule.py:157:num_missing_heavy:Missing atom CZ in residue ARG A 373
2022-11-08 13:27:21,218 WARNING:biomolecule.py:157:num_missing_heavy:Missing atom NH1 in residue ARG A 373
2022-11-08 13:27:21,218 WARNING:biomolecule.py:157:num_missing_heavy:Missing atom NH2 in residue ARG A 373
2022-11-08 13:27:21,218 WARNING:biomolecule.py:157:num_missing_heavy:Missing atom OXT in residue ARG A 373
2022-11-08 13:27:25,167 WARNING:main.py:311:print_pqr:Ignoring 2713 header lines in output.
2022-11-08 13:27:25,168 WARNING:main.py:315:print_pqr:Ignoring 57 missing lines in output.
