2022-11-08 13:29:45,328 WARNING:biomolecule.py:966:create_residue:Unable to find amino or nucleic acid definition for MSE.  Parsing as new residue.
2022-11-08 13:29:45,330 WARNING:biomolecule.py:966:create_residue:Unable to find amino or nucleic acid definition for MSE.  Parsing as new residue.
2022-11-08 13:29:45,332 WARNING:biomolecule.py:966:create_residue:Unable to find amino or nucleic acid definition for MSE.  Parsing as new residue.
2022-11-08 13:29:45,333 WARNING:biomolecule.py:966:create_residue:Unable to find amino or nucleic acid definition for MSE.  Parsing as new residue.
2022-11-08 13:29:45,338 WARNING:biomolecule.py:966:create_residue:Unable to find amino or nucleic acid definition for MSE.  Parsing as new residue.
2022-11-08 13:29:45,340 WARNING:biomolecule.py:966:create_residue:Unable to find amino or nucleic acid definition for MSE.  Parsing as new residue.
2022-11-08 13:29:45,340 WARNING:biomolecule.py:966:create_residue:Unable to find amino or nucleic acid definition for MSE.  Parsing as new residue.
2022-11-08 13:29:45,341 WARNING:biomolecule.py:966:create_residue:Unable to find amino or nucleic acid definition for MSE.  Parsing as new residue.
2022-11-08 13:29:45,344 WARNING:biomolecule.py:966:create_residue:Unable to find amino or nucleic acid definition for MSE.  Parsing as new residue.
2022-11-08 13:29:45,346 WARNING:io.py:40:filter:Suppressing further "Unable to find amino or nucleic acid definition for" messages
2022-11-08 13:29:45,373 WARNING:main.py:418:setup_molecule:Multiple occupancies found: N in SER A 14.
2022-11-08 13:29:45,374 WARNING:main.py:418:setup_molecule:Multiple occupancies found: CA in SER A 14.
2022-11-08 13:29:45,374 WARNING:main.py:418:setup_molecule:Multiple occupancies found: C in SER A 14.
2022-11-08 13:29:45,374 WARNING:main.py:418:setup_molecule:Multiple occupancies found: O in SER A 14.
2022-11-08 13:29:45,374 WARNING:main.py:418:setup_molecule:Multiple occupancies found: CB in SER A 14.
2022-11-08 13:29:45,374 WARNING:main.py:418:setup_molecule:Multiple occupancies found: OG in SER A 14.
2022-11-08 13:29:45,374 WARNING:main.py:424:setup_molecule:Multiple occupancies found in SER A 14. At least one of the instances is being ignored.
2022-11-08 13:29:45,374 WARNING:main.py:418:setup_molecule:Multiple occupancies found: N in SER A 130.
2022-11-08 13:29:45,375 WARNING:main.py:418:setup_molecule:Multiple occupancies found: CA in SER A 130.
2022-11-08 13:29:45,375 WARNING:main.py:418:setup_molecule:Multiple occupancies found: C in SER A 130.
2022-11-08 13:29:45,375 WARNING:main.py:418:setup_molecule:Multiple occupancies found: O in SER A 130.
2022-11-08 13:29:45,375 WARNING:main.py:418:setup_molecule:Multiple occupancies found: CB in SER A 130.
2022-11-08 13:29:45,375 WARNING:main.py:418:setup_molecule:Multiple occupancies found: OG in SER A 130.
2022-11-08 13:29:45,375 WARNING:main.py:424:setup_molecule:Multiple occupancies found in SER A 130. At least one of the instances is being ignored.
2022-11-08 13:29:45,375 WARNING:main.py:418:setup_molecule:Multiple occupancies found: N in LEU A 193.
2022-11-08 13:29:45,375 WARNING:main.py:418:setup_molecule:Multiple occupancies found: CA in LEU A 193.
2022-11-08 13:29:45,375 WARNING:main.py:418:setup_molecule:Multiple occupancies found: C in LEU A 193.
2022-11-08 13:29:45,376 WARNING:main.py:418:setup_molecule:Multiple occupancies found: O in LEU A 193.
2022-11-08 13:29:45,376 WARNING:main.py:418:setup_molecule:Multiple occupancies found: CB in LEU A 193.
2022-11-08 13:29:45,376 WARNING:main.py:418:setup_molecule:Multiple occupancies found: CG in LEU A 193.
2022-11-08 13:29:45,376 WARNING:main.py:418:setup_molecule:Multiple occupancies found: CD1 in LEU A 193.
2022-11-08 13:29:45,376 WARNING:main.py:418:setup_molecule:Multiple occupancies found: CD2 in LEU A 193.
2022-11-08 13:29:45,376 WARNING:main.py:424:setup_molecule:Multiple occupancies found in LEU A 193. At least one of the instances is being ignored.
2022-11-08 13:29:45,379 WARNING:main.py:418:setup_molecule:Multiple occupancies found: N in GLN A 201.
2022-11-08 13:29:45,379 WARNING:main.py:418:setup_molecule:Multiple occupancies found: CA in GLN A 201.
2022-11-08 13:29:45,379 WARNING:main.py:418:setup_molecule:Multiple occupancies found: C in GLN A 201.
2022-11-08 13:29:45,379 WARNING:main.py:418:setup_molecule:Multiple occupancies found: O in GLN A 201.
2022-11-08 13:29:45,380 WARNING:main.py:418:setup_molecule:Multiple occupancies found: CB in GLN A 201.
2022-11-08 13:29:45,380 WARNING:main.py:418:setup_molecule:Multiple occupancies found: CG in GLN A 201.
2022-11-08 13:29:45,380 WARNING:main.py:418:setup_molecule:Multiple occupancies found: CD in GLN A 201.
2022-11-08 13:29:45,380 WARNING:main.py:418:setup_molecule:Multiple occupancies found: NE2 in GLN A 201.
2022-11-08 13:29:45,380 WARNING:main.py:418:setup_molecule:Multiple occupancies found: OE1 in GLN A 201.
2022-11-08 13:29:45,380 WARNING:main.py:424:setup_molecule:Multiple occupancies found in GLN A 201. At least one of the instances is being ignored.
2022-11-08 13:29:45,380 WARNING:main.py:418:setup_molecule:Multiple occupancies found: N in LEU A 244.
2022-11-08 13:29:45,380 WARNING:main.py:418:setup_molecule:Multiple occupancies found: CA in LEU A 244.
2022-11-08 13:29:45,381 WARNING:main.py:418:setup_molecule:Multiple occupancies found: C in LEU A 244.
2022-11-08 13:29:45,381 WARNING:main.py:418:setup_molecule:Multiple occupancies found: O in LEU A 244.
2022-11-08 13:29:45,381 WARNING:main.py:418:setup_molecule:Multiple occupancies found: CB in LEU A 244.
2022-11-08 13:29:45,381 WARNING:main.py:418:setup_molecule:Multiple occupancies found: CG in LEU A 244.
2022-11-08 13:29:45,381 WARNING:main.py:418:setup_molecule:Multiple occupancies found: CD1 in LEU A 244.
2022-11-08 13:29:45,381 WARNING:main.py:418:setup_molecule:Multiple occupancies found: CD2 in LEU A 244.
2022-11-08 13:29:45,381 WARNING:main.py:424:setup_molecule:Multiple occupancies found in LEU A 244. At least one of the instances is being ignored.
2022-11-08 13:29:45,381 WARNING:main.py:418:setup_molecule:Multiple occupancies found: N in SER B 14.
2022-11-08 13:29:45,382 WARNING:main.py:418:setup_molecule:Multiple occupancies found: CA in SER B 14.
2022-11-08 13:29:45,382 WARNING:main.py:418:setup_molecule:Multiple occupancies found: C in SER B 14.
2022-11-08 13:29:45,382 WARNING:main.py:418:setup_molecule:Multiple occupancies found: O in SER B 14.
2022-11-08 13:29:45,382 WARNING:main.py:418:setup_molecule:Multiple occupancies found: CB in SER B 14.
2022-11-08 13:29:45,382 WARNING:main.py:418:setup_molecule:Multiple occupancies found: OG in SER B 14.
2022-11-08 13:29:45,382 WARNING:main.py:424:setup_molecule:Multiple occupancies found in SER B 14. At least one of the instances is being ignored.
2022-11-08 13:29:45,382 WARNING:main.py:418:setup_molecule:Multiple occupancies found: N in SER B 107.
2022-11-08 13:29:45,383 WARNING:main.py:418:setup_molecule:Multiple occupancies found: CA in SER B 107.
2022-11-08 13:29:45,383 WARNING:main.py:418:setup_molecule:Multiple occupancies found: C in SER B 107.
2022-11-08 13:29:45,383 WARNING:main.py:418:setup_molecule:Multiple occupancies found: O in SER B 107.
2022-11-08 13:29:45,383 WARNING:main.py:418:setup_molecule:Multiple occupancies found: CB in SER B 107.
2022-11-08 13:29:45,383 WARNING:main.py:418:setup_molecule:Multiple occupancies found: OG in SER B 107.
2022-11-08 13:29:45,383 WARNING:main.py:424:setup_molecule:Multiple occupancies found in SER B 107. At least one of the instances is being ignored.
2022-11-08 13:29:45,383 WARNING:main.py:418:setup_molecule:Multiple occupancies found: N in GLN B 190.
2022-11-08 13:29:45,383 WARNING:main.py:418:setup_molecule:Multiple occupancies found: CA in GLN B 190.
2022-11-08 13:29:45,384 WARNING:main.py:418:setup_molecule:Multiple occupancies found: C in GLN B 190.
2022-11-08 13:29:45,384 WARNING:main.py:418:setup_molecule:Multiple occupancies found: O in GLN B 190.
2022-11-08 13:29:45,384 WARNING:main.py:418:setup_molecule:Multiple occupancies found: CB in GLN B 190.
2022-11-08 13:29:45,384 WARNING:main.py:418:setup_molecule:Multiple occupancies found: CG in GLN B 190.
2022-11-08 13:29:45,384 WARNING:main.py:418:setup_molecule:Multiple occupancies found: CD in GLN B 190.
2022-11-08 13:29:45,384 WARNING:main.py:418:setup_molecule:Multiple occupancies found: NE2 in GLN B 190.
2022-11-08 13:29:45,384 WARNING:main.py:418:setup_molecule:Multiple occupancies found: OE1 in GLN B 190.
2022-11-08 13:29:45,384 WARNING:main.py:424:setup_molecule:Multiple occupancies found in GLN B 190. At least one of the instances is being ignored.
2022-11-08 13:29:45,384 WARNING:main.py:418:setup_molecule:Multiple occupancies found: N in HIS B 219.
2022-11-08 13:29:45,385 WARNING:main.py:418:setup_molecule:Multiple occupancies found: CA in HIS B 219.
2022-11-08 13:29:45,385 WARNING:main.py:418:setup_molecule:Multiple occupancies found: C in HIS B 219.
2022-11-08 13:29:45,385 WARNING:main.py:418:setup_molecule:Multiple occupancies found: O in HIS B 219.
2022-11-08 13:29:45,385 WARNING:main.py:418:setup_molecule:Multiple occupancies found: CB in HIS B 219.
2022-11-08 13:29:45,385 WARNING:main.py:418:setup_molecule:Multiple occupancies found: CG in HIS B 219.
2022-11-08 13:29:45,385 WARNING:main.py:418:setup_molecule:Multiple occupancies found: CD2 in HIS B 219.
2022-11-08 13:29:45,385 WARNING:main.py:418:setup_molecule:Multiple occupancies found: ND1 in HIS B 219.
2022-11-08 13:29:45,385 WARNING:main.py:418:setup_molecule:Multiple occupancies found: CE1 in HIS B 219.
2022-11-08 13:29:45,386 WARNING:main.py:418:setup_molecule:Multiple occupancies found: NE2 in HIS B 219.
2022-11-08 13:29:45,386 WARNING:main.py:424:setup_molecule:Multiple occupancies found in HIS B 219. At least one of the instances is being ignored.
2022-11-08 13:29:45,402 WARNING:biomolecule.py:600:update_bonds:Gap in backbone detected between ALA A 88 and GLY A 90!
2022-11-08 13:29:45,403 WARNING:biomolecule.py:600:update_bonds:Gap in backbone detected between LYS A 175 and LEU A 180!
2022-11-08 13:29:45,439 WARNING:biomolecule.py:157:num_missing_heavy:Missing atom OXT in residue GLN A 256
2022-11-08 13:29:45,441 WARNING:biomolecule.py:157:num_missing_heavy:Missing atom OXT in residue PRO B 255
2022-11-08 13:29:45,442 WARNING:biomolecule.py:157:num_missing_heavy:Missing atom OXT in residue GLN A 256
2022-11-08 13:29:45,444 WARNING:biomolecule.py:157:num_missing_heavy:Missing atom OXT in residue PRO B 255
2022-11-08 13:29:45,446 WARNING:biomolecule.py:157:num_missing_heavy:Missing atom OXT in residue GLN A 256
2022-11-08 13:29:45,447 WARNING:biomolecule.py:157:num_missing_heavy:Missing atom OXT in residue PRO B 255
2022-11-08 13:29:51,137 WARNING:main.py:311:print_pqr:Ignoring 8294 header lines in output.
2022-11-08 13:29:51,138 WARNING:main.py:315:print_pqr:Ignoring 231 missing lines in output.
