2022-11-08 13:26:25,060 WARNING:biomolecule.py:966:create_residue:Unable to find amino or nucleic acid definition for SO4.  Parsing as new residue.
2022-11-08 13:26:25,061 WARNING:biomolecule.py:966:create_residue:Unable to find amino or nucleic acid definition for SAM.  Parsing as new residue.
2022-11-08 13:26:25,069 WARNING:biomolecule.py:600:update_bonds:Gap in backbone detected between ILE A 80 and ASN A 92!
2022-11-08 13:26:25,071 WARNING:biomolecule.py:600:update_bonds:Gap in backbone detected between LYS A 180 and SER A 186!
2022-11-08 13:26:25,098 WARNING:biomolecule.py:157:num_missing_heavy:Missing atom CG in residue LYS A 45
2022-11-08 13:26:25,098 WARNING:biomolecule.py:157:num_missing_heavy:Missing atom CD in residue LYS A 45
2022-11-08 13:26:25,098 WARNING:biomolecule.py:157:num_missing_heavy:Missing atom CE in residue LYS A 45
2022-11-08 13:26:25,099 WARNING:biomolecule.py:157:num_missing_heavy:Missing atom NZ in residue LYS A 45
2022-11-08 13:26:25,099 WARNING:biomolecule.py:157:num_missing_heavy:Missing atom CG1 in residue ILE A 80
2022-11-08 13:26:25,099 WARNING:biomolecule.py:157:num_missing_heavy:Missing atom CG2 in residue ILE A 80
2022-11-08 13:26:25,099 WARNING:biomolecule.py:157:num_missing_heavy:Missing atom CD1 in residue ILE A 80
2022-11-08 13:26:25,100 WARNING:biomolecule.py:157:num_missing_heavy:Missing atom OXT in residue ARG A 199
2022-11-08 13:26:25,100 WARNING:biomolecule.py:157:num_missing_heavy:Missing atom CG in residue LYS A 45
2022-11-08 13:26:25,101 WARNING:biomolecule.py:157:num_missing_heavy:Missing atom CD in residue LYS A 45
2022-11-08 13:26:25,101 WARNING:biomolecule.py:157:num_missing_heavy:Missing atom CE in residue LYS A 45
2022-11-08 13:26:25,101 WARNING:biomolecule.py:157:num_missing_heavy:Missing atom NZ in residue LYS A 45
2022-11-08 13:26:25,101 WARNING:biomolecule.py:157:num_missing_heavy:Missing atom CG1 in residue ILE A 80
2022-11-08 13:26:25,101 WARNING:biomolecule.py:157:num_missing_heavy:Missing atom CG2 in residue ILE A 80
2022-11-08 13:26:25,101 WARNING:biomolecule.py:157:num_missing_heavy:Missing atom CD1 in residue ILE A 80
2022-11-08 13:26:25,102 WARNING:biomolecule.py:157:num_missing_heavy:Missing atom OXT in residue ARG A 199
2022-11-08 13:26:25,103 WARNING:biomolecule.py:157:num_missing_heavy:Missing atom CG in residue LYS A 45
2022-11-08 13:26:25,103 WARNING:biomolecule.py:157:num_missing_heavy:Missing atom CD in residue LYS A 45
2022-11-08 13:26:25,103 WARNING:biomolecule.py:157:num_missing_heavy:Missing atom CE in residue LYS A 45
2022-11-08 13:26:25,103 WARNING:biomolecule.py:157:num_missing_heavy:Missing atom NZ in residue LYS A 45
2022-11-08 13:26:25,103 WARNING:biomolecule.py:157:num_missing_heavy:Missing atom CG1 in residue ILE A 80
2022-11-08 13:26:25,103 WARNING:biomolecule.py:157:num_missing_heavy:Missing atom CG2 in residue ILE A 80
2022-11-08 13:26:25,104 WARNING:biomolecule.py:157:num_missing_heavy:Missing atom CD1 in residue ILE A 80
2022-11-08 13:26:25,104 WARNING:biomolecule.py:157:num_missing_heavy:Missing atom OXT in residue ARG A 199
2022-11-08 13:26:27,962 WARNING:main.py:311:print_pqr:Ignoring 1893 header lines in output.
2022-11-08 13:26:27,962 WARNING:main.py:315:print_pqr:Ignoring 32 missing lines in output.
