2022-11-08 13:38:32,948 WARNING:biomolecule.py:966:create_residue:Unable to find amino or nucleic acid definition for EPE.  Parsing as new residue.
2022-11-08 13:38:32,949 WARNING:biomolecule.py:966:create_residue:Unable to find amino or nucleic acid definition for SAM.  Parsing as new residue.
2022-11-08 13:38:32,949 WARNING:biomolecule.py:966:create_residue:Unable to find amino or nucleic acid definition for ZN.  Parsing as new residue.
2022-11-08 13:38:32,949 WARNING:biomolecule.py:966:create_residue:Unable to find amino or nucleic acid definition for ZN.  Parsing as new residue.
2022-11-08 13:38:32,950 WARNING:biomolecule.py:966:create_residue:Unable to find amino or nucleic acid definition for ZN.  Parsing as new residue.
2022-11-08 13:38:32,950 WARNING:biomolecule.py:966:create_residue:Unable to find amino or nucleic acid definition for UG7.  Parsing as new residue.
2022-11-08 13:38:32,951 WARNING:main.py:418:setup_molecule:Multiple occupancies found: CA in ARG A 2101.
2022-11-08 13:38:32,951 WARNING:main.py:418:setup_molecule:Multiple occupancies found: CB in ARG A 2101.
2022-11-08 13:38:32,951 WARNING:main.py:418:setup_molecule:Multiple occupancies found: CG in ARG A 2101.
2022-11-08 13:38:32,951 WARNING:main.py:418:setup_molecule:Multiple occupancies found: CD in ARG A 2101.
2022-11-08 13:38:32,951 WARNING:main.py:418:setup_molecule:Multiple occupancies found: NE in ARG A 2101.
2022-11-08 13:38:32,951 WARNING:main.py:418:setup_molecule:Multiple occupancies found: CZ in ARG A 2101.
2022-11-08 13:38:32,951 WARNING:main.py:418:setup_molecule:Multiple occupancies found: NH1 in ARG A 2101.
2022-11-08 13:38:32,951 WARNING:main.py:418:setup_molecule:Multiple occupancies found: NH2 in ARG A 2101.
2022-11-08 13:38:32,952 WARNING:main.py:424:setup_molecule:Multiple occupancies found in ARG A 2101. At least one of the instances is being ignored.
2022-11-08 13:38:32,952 WARNING:main.py:418:setup_molecule:Multiple occupancies found: CA in MET A 2112.
2022-11-08 13:38:32,952 WARNING:main.py:418:setup_molecule:Multiple occupancies found: CB in MET A 2112.
2022-11-08 13:38:32,952 WARNING:main.py:418:setup_molecule:Multiple occupancies found: CG in MET A 2112.
2022-11-08 13:38:32,952 WARNING:main.py:418:setup_molecule:Multiple occupancies found: SD in MET A 2112.
2022-11-08 13:38:32,952 WARNING:main.py:418:setup_molecule:Multiple occupancies found: CE in MET A 2112.
2022-11-08 13:38:32,952 WARNING:main.py:424:setup_molecule:Multiple occupancies found in MET A 2112. At least one of the instances is being ignored.
2022-11-08 13:38:32,952 WARNING:main.py:418:setup_molecule:Multiple occupancies found: CA in ARG A 2144.
2022-11-08 13:38:32,952 WARNING:main.py:418:setup_molecule:Multiple occupancies found: CB in ARG A 2144.
2022-11-08 13:38:32,953 WARNING:main.py:418:setup_molecule:Multiple occupancies found: CG in ARG A 2144.
2022-11-08 13:38:32,953 WARNING:main.py:418:setup_molecule:Multiple occupancies found: CD in ARG A 2144.
2022-11-08 13:38:32,953 WARNING:main.py:418:setup_molecule:Multiple occupancies found: NE in ARG A 2144.
2022-11-08 13:38:32,953 WARNING:main.py:418:setup_molecule:Multiple occupancies found: CZ in ARG A 2144.
2022-11-08 13:38:32,953 WARNING:main.py:418:setup_molecule:Multiple occupancies found: NH1 in ARG A 2144.
2022-11-08 13:38:32,953 WARNING:main.py:418:setup_molecule:Multiple occupancies found: NH2 in ARG A 2144.
2022-11-08 13:38:32,953 WARNING:main.py:424:setup_molecule:Multiple occupancies found in ARG A 2144. At least one of the instances is being ignored.
2022-11-08 13:38:32,993 WARNING:biomolecule.py:157:num_missing_heavy:Missing atom CG in residue LYS A 2282
2022-11-08 13:38:32,993 WARNING:biomolecule.py:157:num_missing_heavy:Missing atom CD in residue LYS A 2282
2022-11-08 13:38:32,993 WARNING:biomolecule.py:157:num_missing_heavy:Missing atom CE in residue LYS A 2282
2022-11-08 13:38:32,993 WARNING:biomolecule.py:157:num_missing_heavy:Missing atom NZ in residue LYS A 2282
2022-11-08 13:38:32,996 WARNING:biomolecule.py:157:num_missing_heavy:Missing atom OXT in residue SER A 2283
2022-11-08 13:38:32,998 WARNING:biomolecule.py:157:num_missing_heavy:Missing atom CG in residue LYS A 2282
2022-11-08 13:38:32,998 WARNING:biomolecule.py:157:num_missing_heavy:Missing atom CD in residue LYS A 2282
2022-11-08 13:38:32,998 WARNING:biomolecule.py:157:num_missing_heavy:Missing atom CE in residue LYS A 2282
2022-11-08 13:38:32,998 WARNING:biomolecule.py:157:num_missing_heavy:Missing atom NZ in residue LYS A 2282
2022-11-08 13:38:32,998 WARNING:biomolecule.py:157:num_missing_heavy:Missing atom OXT in residue SER A 2283
2022-11-08 13:38:33,000 WARNING:biomolecule.py:157:num_missing_heavy:Missing atom CG in residue LYS A 2282
2022-11-08 13:38:33,000 WARNING:biomolecule.py:157:num_missing_heavy:Missing atom CD in residue LYS A 2282
2022-11-08 13:38:33,000 WARNING:biomolecule.py:157:num_missing_heavy:Missing atom CE in residue LYS A 2282
2022-11-08 13:38:33,000 WARNING:biomolecule.py:157:num_missing_heavy:Missing atom NZ in residue LYS A 2282
2022-11-08 13:38:33,000 WARNING:biomolecule.py:157:num_missing_heavy:Missing atom OXT in residue SER A 2283
2022-11-08 13:38:36,726 WARNING:main.py:311:print_pqr:Ignoring 3734 header lines in output.
2022-11-08 13:38:36,727 WARNING:main.py:315:print_pqr:Ignoring 84 missing lines in output.
