2022-11-08 13:25:54,589 WARNING:biomolecule.py:966:create_residue:Unable to find amino or nucleic acid definition for MG.  Parsing as new residue.
2022-11-08 13:25:54,589 WARNING:biomolecule.py:966:create_residue:Unable to find amino or nucleic acid definition for SAM.  Parsing as new residue.
2022-11-08 13:25:54,590 WARNING:biomolecule.py:966:create_residue:Unable to find amino or nucleic acid definition for BIE.  Parsing as new residue.
2022-11-08 13:25:54,590 WARNING:biomolecule.py:966:create_residue:Unable to find amino or nucleic acid definition for BU3.  Parsing as new residue.
2022-11-08 13:25:54,590 WARNING:biomolecule.py:966:create_residue:Unable to find amino or nucleic acid definition for BU3.  Parsing as new residue.
2022-11-08 13:25:54,591 WARNING:main.py:418:setup_molecule:Multiple occupancies found: CB in SER A 24.
2022-11-08 13:25:54,591 WARNING:main.py:418:setup_molecule:Multiple occupancies found: OG in SER A 24.
2022-11-08 13:25:54,591 WARNING:main.py:424:setup_molecule:Multiple occupancies found in SER A 24. At least one of the instances is being ignored.
2022-11-08 13:25:54,591 WARNING:main.py:418:setup_molecule:Multiple occupancies found: CB in GLN A 48.
2022-11-08 13:25:54,591 WARNING:main.py:418:setup_molecule:Multiple occupancies found: CG in GLN A 48.
2022-11-08 13:25:54,591 WARNING:main.py:418:setup_molecule:Multiple occupancies found: CD in GLN A 48.
2022-11-08 13:25:54,592 WARNING:main.py:418:setup_molecule:Multiple occupancies found: NE2 in GLN A 48.
2022-11-08 13:25:54,592 WARNING:main.py:418:setup_molecule:Multiple occupancies found: OE1 in GLN A 48.
2022-11-08 13:25:54,592 WARNING:main.py:424:setup_molecule:Multiple occupancies found in GLN A 48. At least one of the instances is being ignored.
2022-11-08 13:25:54,592 WARNING:main.py:418:setup_molecule:Multiple occupancies found: CB in SER A 58.
2022-11-08 13:25:54,592 WARNING:main.py:418:setup_molecule:Multiple occupancies found: OG in SER A 58.
2022-11-08 13:25:54,592 WARNING:main.py:424:setup_molecule:Multiple occupancies found in SER A 58. At least one of the instances is being ignored.
2022-11-08 13:25:54,592 WARNING:main.py:418:setup_molecule:Multiple occupancies found: CB in GLU A 155.
2022-11-08 13:25:54,592 WARNING:main.py:418:setup_molecule:Multiple occupancies found: CG in GLU A 155.
2022-11-08 13:25:54,593 WARNING:main.py:418:setup_molecule:Multiple occupancies found: CD in GLU A 155.
2022-11-08 13:25:54,593 WARNING:main.py:418:setup_molecule:Multiple occupancies found: OE1 in GLU A 155.
2022-11-08 13:25:54,593 WARNING:main.py:418:setup_molecule:Multiple occupancies found: OE2 in GLU A 155.
2022-11-08 13:25:54,593 WARNING:main.py:424:setup_molecule:Multiple occupancies found in GLU A 155. At least one of the instances is being ignored.
2022-11-08 13:25:54,593 WARNING:main.py:418:setup_molecule:Multiple occupancies found: CB in ASP A 178.
2022-11-08 13:25:54,593 WARNING:main.py:418:setup_molecule:Multiple occupancies found: CG in ASP A 178.
2022-11-08 13:25:54,593 WARNING:main.py:418:setup_molecule:Multiple occupancies found: OD1 in ASP A 178.
2022-11-08 13:25:54,593 WARNING:main.py:418:setup_molecule:Multiple occupancies found: OD2 in ASP A 178.
2022-11-08 13:25:54,593 WARNING:main.py:424:setup_molecule:Multiple occupancies found in ASP A 178. At least one of the instances is being ignored.
2022-11-08 13:25:54,594 WARNING:main.py:418:setup_molecule:Multiple occupancies found: CB in GLU A 190.
2022-11-08 13:25:54,594 WARNING:main.py:418:setup_molecule:Multiple occupancies found: CG in GLU A 190.
2022-11-08 13:25:54,594 WARNING:main.py:418:setup_molecule:Multiple occupancies found: CD in GLU A 190.
2022-11-08 13:25:54,594 WARNING:main.py:418:setup_molecule:Multiple occupancies found: OE1 in GLU A 190.
2022-11-08 13:25:54,594 WARNING:main.py:418:setup_molecule:Multiple occupancies found: OE2 in GLU A 190.
2022-11-08 13:25:54,594 WARNING:main.py:424:setup_molecule:Multiple occupancies found in GLU A 190. At least one of the instances is being ignored.
2022-11-08 13:25:54,635 WARNING:biomolecule.py:157:num_missing_heavy:Missing atom CA in residue SER A 216
2022-11-08 13:25:54,635 WARNING:biomolecule.py:157:num_missing_heavy:Missing atom C in residue SER A 216
2022-11-08 13:25:54,635 WARNING:biomolecule.py:157:num_missing_heavy:Missing atom O in residue SER A 216
2022-11-08 13:25:54,635 WARNING:biomolecule.py:157:num_missing_heavy:Missing atom CB in residue SER A 216
2022-11-08 13:25:54,636 WARNING:biomolecule.py:157:num_missing_heavy:Missing atom OG in residue SER A 216
2022-11-08 13:25:54,636 WARNING:biomolecule.py:157:num_missing_heavy:Missing atom OXT in residue SER A 216
2022-11-08 13:25:54,637 WARNING:biomolecule.py:157:num_missing_heavy:Missing atom CA in residue SER A 216
2022-11-08 13:25:54,637 WARNING:biomolecule.py:157:num_missing_heavy:Missing atom C in residue SER A 216
2022-11-08 13:25:54,638 WARNING:biomolecule.py:157:num_missing_heavy:Missing atom O in residue SER A 216
2022-11-08 13:25:54,638 WARNING:biomolecule.py:157:num_missing_heavy:Missing atom CB in residue SER A 216
2022-11-08 13:25:54,638 WARNING:biomolecule.py:157:num_missing_heavy:Missing atom OG in residue SER A 216
2022-11-08 13:25:54,638 WARNING:biomolecule.py:157:num_missing_heavy:Missing atom OXT in residue SER A 216
2022-11-08 13:25:54,639 WARNING:biomolecule.py:157:num_missing_heavy:Missing atom CA in residue SER A 216
2022-11-08 13:25:54,640 WARNING:biomolecule.py:157:num_missing_heavy:Missing atom C in residue SER A 216
2022-11-08 13:25:54,640 WARNING:biomolecule.py:157:num_missing_heavy:Missing atom O in residue SER A 216
2022-11-08 13:25:54,640 WARNING:biomolecule.py:157:num_missing_heavy:Missing atom CB in residue SER A 216
2022-11-08 13:25:54,640 WARNING:biomolecule.py:157:num_missing_heavy:Missing atom OG in residue SER A 216
2022-11-08 13:25:54,640 WARNING:biomolecule.py:157:num_missing_heavy:Missing atom OXT in residue SER A 216
2022-11-08 13:25:54,642 CRITICAL:main.py:793:main_driver:Too few atoms present to reconstruct or cap residue SER A 216 in structure! This error is generally caused by missing backbone atoms in this biomolecule; you must use an external program to complete gaps in the biomolecule backbone. Heavy atoms missing from SER A 216:  C O CB OG OXT CA
2022-11-08 13:25:54,642 CRITICAL:main.py:794:main_driver:Giving up.
2022-11-08 15:51:46,475 WARNING:biomolecule.py:966:create_residue:Unable to find amino or nucleic acid definition for MG.  Parsing as new residue.
2022-11-08 15:51:46,481 WARNING:biomolecule.py:966:create_residue:Unable to find amino or nucleic acid definition for SAM.  Parsing as new residue.
2022-11-08 15:51:46,482 WARNING:biomolecule.py:966:create_residue:Unable to find amino or nucleic acid definition for BIE.  Parsing as new residue.
2022-11-08 15:51:46,482 WARNING:biomolecule.py:966:create_residue:Unable to find amino or nucleic acid definition for BU3.  Parsing as new residue.
2022-11-08 15:51:46,482 WARNING:biomolecule.py:966:create_residue:Unable to find amino or nucleic acid definition for BU3.  Parsing as new residue.
2022-11-08 15:51:46,483 WARNING:main.py:418:setup_molecule:Multiple occupancies found: CB in SER A 24.
2022-11-08 15:51:46,483 WARNING:main.py:418:setup_molecule:Multiple occupancies found: OG in SER A 24.
2022-11-08 15:51:46,483 WARNING:main.py:424:setup_molecule:Multiple occupancies found in SER A 24. At least one of the instances is being ignored.
2022-11-08 15:51:46,484 WARNING:main.py:418:setup_molecule:Multiple occupancies found: CB in GLN A 48.
2022-11-08 15:51:46,484 WARNING:main.py:418:setup_molecule:Multiple occupancies found: CG in GLN A 48.
2022-11-08 15:51:46,484 WARNING:main.py:418:setup_molecule:Multiple occupancies found: CD in GLN A 48.
2022-11-08 15:51:46,484 WARNING:main.py:418:setup_molecule:Multiple occupancies found: NE2 in GLN A 48.
2022-11-08 15:51:46,484 WARNING:main.py:418:setup_molecule:Multiple occupancies found: OE1 in GLN A 48.
2022-11-08 15:51:46,484 WARNING:main.py:424:setup_molecule:Multiple occupancies found in GLN A 48. At least one of the instances is being ignored.
2022-11-08 15:51:46,485 WARNING:main.py:418:setup_molecule:Multiple occupancies found: CB in SER A 58.
2022-11-08 15:51:46,485 WARNING:main.py:418:setup_molecule:Multiple occupancies found: OG in SER A 58.
2022-11-08 15:51:46,486 WARNING:main.py:424:setup_molecule:Multiple occupancies found in SER A 58. At least one of the instances is being ignored.
2022-11-08 15:51:46,486 WARNING:main.py:418:setup_molecule:Multiple occupancies found: CB in GLU A 155.
2022-11-08 15:51:46,487 WARNING:main.py:418:setup_molecule:Multiple occupancies found: CG in GLU A 155.
2022-11-08 15:51:46,487 WARNING:main.py:418:setup_molecule:Multiple occupancies found: CD in GLU A 155.
2022-11-08 15:51:46,487 WARNING:main.py:418:setup_molecule:Multiple occupancies found: OE1 in GLU A 155.
2022-11-08 15:51:46,487 WARNING:main.py:418:setup_molecule:Multiple occupancies found: OE2 in GLU A 155.
2022-11-08 15:51:46,487 WARNING:main.py:424:setup_molecule:Multiple occupancies found in GLU A 155. At least one of the instances is being ignored.
2022-11-08 15:51:46,487 WARNING:main.py:418:setup_molecule:Multiple occupancies found: CB in ASP A 178.
2022-11-08 15:51:46,487 WARNING:main.py:418:setup_molecule:Multiple occupancies found: CG in ASP A 178.
2022-11-08 15:51:46,488 WARNING:main.py:418:setup_molecule:Multiple occupancies found: OD1 in ASP A 178.
2022-11-08 15:51:46,488 WARNING:main.py:418:setup_molecule:Multiple occupancies found: OD2 in ASP A 178.
2022-11-08 15:51:46,488 WARNING:main.py:424:setup_molecule:Multiple occupancies found in ASP A 178. At least one of the instances is being ignored.
2022-11-08 15:51:46,488 WARNING:main.py:418:setup_molecule:Multiple occupancies found: CB in GLU A 190.
2022-11-08 15:51:46,488 WARNING:main.py:418:setup_molecule:Multiple occupancies found: CG in GLU A 190.
2022-11-08 15:51:46,488 WARNING:main.py:418:setup_molecule:Multiple occupancies found: CD in GLU A 190.
2022-11-08 15:51:46,488 WARNING:main.py:418:setup_molecule:Multiple occupancies found: OE1 in GLU A 190.
2022-11-08 15:51:46,489 WARNING:main.py:418:setup_molecule:Multiple occupancies found: OE2 in GLU A 190.
2022-11-08 15:51:46,489 WARNING:main.py:424:setup_molecule:Multiple occupancies found in GLU A 190. At least one of the instances is being ignored.
2022-11-08 15:51:46,535 WARNING:biomolecule.py:157:num_missing_heavy:Missing atom CA in residue SER A 216
2022-11-08 15:51:46,536 WARNING:biomolecule.py:157:num_missing_heavy:Missing atom C in residue SER A 216
2022-11-08 15:51:46,536 WARNING:biomolecule.py:157:num_missing_heavy:Missing atom O in residue SER A 216
2022-11-08 15:51:46,536 WARNING:biomolecule.py:157:num_missing_heavy:Missing atom CB in residue SER A 216
2022-11-08 15:51:46,536 WARNING:biomolecule.py:157:num_missing_heavy:Missing atom OG in residue SER A 216
2022-11-08 15:51:46,536 WARNING:biomolecule.py:157:num_missing_heavy:Missing atom OXT in residue SER A 216
2022-11-08 15:51:46,538 WARNING:biomolecule.py:157:num_missing_heavy:Missing atom CA in residue SER A 216
2022-11-08 15:51:46,538 WARNING:biomolecule.py:157:num_missing_heavy:Missing atom C in residue SER A 216
2022-11-08 15:51:46,538 WARNING:biomolecule.py:157:num_missing_heavy:Missing atom O in residue SER A 216
2022-11-08 15:51:46,538 WARNING:biomolecule.py:157:num_missing_heavy:Missing atom CB in residue SER A 216
2022-11-08 15:51:46,538 WARNING:biomolecule.py:157:num_missing_heavy:Missing atom OG in residue SER A 216
2022-11-08 15:51:46,538 WARNING:biomolecule.py:157:num_missing_heavy:Missing atom OXT in residue SER A 216
2022-11-08 15:51:46,540 WARNING:biomolecule.py:157:num_missing_heavy:Missing atom CA in residue SER A 216
2022-11-08 15:51:46,540 WARNING:biomolecule.py:157:num_missing_heavy:Missing atom C in residue SER A 216
2022-11-08 15:51:46,540 WARNING:biomolecule.py:157:num_missing_heavy:Missing atom O in residue SER A 216
2022-11-08 15:51:46,540 WARNING:biomolecule.py:157:num_missing_heavy:Missing atom CB in residue SER A 216
2022-11-08 15:51:46,540 WARNING:biomolecule.py:157:num_missing_heavy:Missing atom OG in residue SER A 216
2022-11-08 15:51:46,540 WARNING:biomolecule.py:157:num_missing_heavy:Missing atom OXT in residue SER A 216
2022-11-08 15:51:46,542 CRITICAL:main.py:793:main_driver:Too few atoms present to reconstruct or cap residue SER A 216 in structure! This error is generally caused by missing backbone atoms in this biomolecule; you must use an external program to complete gaps in the biomolecule backbone. Heavy atoms missing from SER A 216:  C O CB OG OXT CA
2022-11-08 15:51:46,543 CRITICAL:main.py:794:main_driver:Giving up.
