2022-11-08 13:31:30,507 WARNING:biomolecule.py:966:create_residue:Unable to find amino or nucleic acid definition for SAM.  Parsing as new residue.
2022-11-08 13:31:30,508 WARNING:biomolecule.py:966:create_residue:Unable to find amino or nucleic acid definition for 4M0.  Parsing as new residue.
2022-11-08 13:31:30,508 WARNING:main.py:418:setup_molecule:Multiple occupancies found: N in GLU A 111.
2022-11-08 13:31:30,509 WARNING:main.py:418:setup_molecule:Multiple occupancies found: CA in GLU A 111.
2022-11-08 13:31:30,509 WARNING:main.py:418:setup_molecule:Multiple occupancies found: C in GLU A 111.
2022-11-08 13:31:30,509 WARNING:main.py:418:setup_molecule:Multiple occupancies found: O in GLU A 111.
2022-11-08 13:31:30,509 WARNING:main.py:418:setup_molecule:Multiple occupancies found: CB in GLU A 111.
2022-11-08 13:31:30,509 WARNING:main.py:418:setup_molecule:Multiple occupancies found: CG in GLU A 111.
2022-11-08 13:31:30,509 WARNING:main.py:418:setup_molecule:Multiple occupancies found: CD in GLU A 111.
2022-11-08 13:31:30,509 WARNING:main.py:418:setup_molecule:Multiple occupancies found: OE1 in GLU A 111.
2022-11-08 13:31:30,509 WARNING:main.py:418:setup_molecule:Multiple occupancies found: OE2 in GLU A 111.
2022-11-08 13:31:30,509 WARNING:main.py:424:setup_molecule:Multiple occupancies found in GLU A 111. At least one of the instances is being ignored.
2022-11-08 13:31:30,510 WARNING:main.py:418:setup_molecule:Multiple occupancies found: N in ASN A 174.
2022-11-08 13:31:30,510 WARNING:main.py:418:setup_molecule:Multiple occupancies found: CA in ASN A 174.
2022-11-08 13:31:30,510 WARNING:main.py:418:setup_molecule:Multiple occupancies found: C in ASN A 174.
2022-11-08 13:31:30,510 WARNING:main.py:418:setup_molecule:Multiple occupancies found: O in ASN A 174.
2022-11-08 13:31:30,510 WARNING:main.py:418:setup_molecule:Multiple occupancies found: CB in ASN A 174.
2022-11-08 13:31:30,510 WARNING:main.py:418:setup_molecule:Multiple occupancies found: CG in ASN A 174.
2022-11-08 13:31:30,510 WARNING:main.py:418:setup_molecule:Multiple occupancies found: ND2 in ASN A 174.
2022-11-08 13:31:30,510 WARNING:main.py:418:setup_molecule:Multiple occupancies found: OD1 in ASN A 174.
2022-11-08 13:31:30,511 WARNING:main.py:424:setup_molecule:Multiple occupancies found in ASN A 174. At least one of the instances is being ignored.
2022-11-08 13:31:30,552 WARNING:biomolecule.py:157:num_missing_heavy:Missing atom CD in residue LYS A 95
2022-11-08 13:31:30,552 WARNING:biomolecule.py:157:num_missing_heavy:Missing atom CE in residue LYS A 95
2022-11-08 13:31:30,552 WARNING:biomolecule.py:157:num_missing_heavy:Missing atom NZ in residue LYS A 95
2022-11-08 13:31:30,553 WARNING:biomolecule.py:157:num_missing_heavy:Missing atom CD in residue LYS A 139
2022-11-08 13:31:30,553 WARNING:biomolecule.py:157:num_missing_heavy:Missing atom CE in residue LYS A 139
2022-11-08 13:31:30,553 WARNING:biomolecule.py:157:num_missing_heavy:Missing atom NZ in residue LYS A 139
2022-11-08 13:31:30,554 WARNING:biomolecule.py:157:num_missing_heavy:Missing atom OXT in residue ARG A 262
2022-11-08 13:31:30,554 WARNING:biomolecule.py:157:num_missing_heavy:Missing atom CD in residue LYS A 95
2022-11-08 13:31:30,555 WARNING:biomolecule.py:157:num_missing_heavy:Missing atom CE in residue LYS A 95
2022-11-08 13:31:30,555 WARNING:biomolecule.py:157:num_missing_heavy:Missing atom NZ in residue LYS A 95
2022-11-08 13:31:30,555 WARNING:biomolecule.py:157:num_missing_heavy:Missing atom CD in residue LYS A 139
2022-11-08 13:31:30,555 WARNING:biomolecule.py:157:num_missing_heavy:Missing atom CE in residue LYS A 139
2022-11-08 13:31:30,555 WARNING:biomolecule.py:157:num_missing_heavy:Missing atom NZ in residue LYS A 139
2022-11-08 13:31:30,556 WARNING:biomolecule.py:157:num_missing_heavy:Missing atom OXT in residue ARG A 262
2022-11-08 13:31:30,557 WARNING:biomolecule.py:157:num_missing_heavy:Missing atom CD in residue LYS A 95
2022-11-08 13:31:30,557 WARNING:biomolecule.py:157:num_missing_heavy:Missing atom CE in residue LYS A 95
2022-11-08 13:31:30,558 WARNING:biomolecule.py:157:num_missing_heavy:Missing atom NZ in residue LYS A 95
2022-11-08 13:31:30,559 WARNING:biomolecule.py:157:num_missing_heavy:Missing atom CD in residue LYS A 139
2022-11-08 13:31:30,559 WARNING:biomolecule.py:157:num_missing_heavy:Missing atom CE in residue LYS A 139
2022-11-08 13:31:30,559 WARNING:biomolecule.py:157:num_missing_heavy:Missing atom NZ in residue LYS A 139
2022-11-08 13:31:30,560 WARNING:biomolecule.py:157:num_missing_heavy:Missing atom OXT in residue ARG A 262
2022-11-08 13:31:34,386 WARNING:main.py:311:print_pqr:Ignoring 2104 header lines in output.
2022-11-08 13:31:34,387 WARNING:main.py:315:print_pqr:Ignoring 38 missing lines in output.
