2022-11-08 13:36:42,669 WARNING:biomolecule.py:966:create_residue:Unable to find amino or nucleic acid definition for SAM.  Parsing as new residue.
2022-11-08 13:36:42,670 WARNING:biomolecule.py:966:create_residue:Unable to find amino or nucleic acid definition for NA.  Parsing as new residue.
2022-11-08 13:36:42,713 WARNING:biomolecule.py:966:create_residue:Unable to find amino or nucleic acid definition for B0O.  Parsing as new residue.
2022-11-08 13:36:42,714 WARNING:biomolecule.py:966:create_residue:Unable to find amino or nucleic acid definition for SAM.  Parsing as new residue.
2022-11-08 13:36:42,714 WARNING:biomolecule.py:966:create_residue:Unable to find amino or nucleic acid definition for GOL.  Parsing as new residue.
2022-11-08 13:36:42,714 WARNING:biomolecule.py:966:create_residue:Unable to find amino or nucleic acid definition for CL.  Parsing as new residue.
2022-11-08 13:36:42,716 WARNING:main.py:418:setup_molecule:Multiple occupancies found: N in LEU A 10.
2022-11-08 13:36:42,716 WARNING:main.py:418:setup_molecule:Multiple occupancies found: CA in LEU A 10.
2022-11-08 13:36:42,716 WARNING:main.py:418:setup_molecule:Multiple occupancies found: C in LEU A 10.
2022-11-08 13:36:42,716 WARNING:main.py:418:setup_molecule:Multiple occupancies found: O in LEU A 10.
2022-11-08 13:36:42,716 WARNING:main.py:418:setup_molecule:Multiple occupancies found: CB in LEU A 10.
2022-11-08 13:36:42,716 WARNING:main.py:418:setup_molecule:Multiple occupancies found: CG in LEU A 10.
2022-11-08 13:36:42,717 WARNING:main.py:418:setup_molecule:Multiple occupancies found: CD1 in LEU A 10.
2022-11-08 13:36:42,717 WARNING:main.py:418:setup_molecule:Multiple occupancies found: CD2 in LEU A 10.
2022-11-08 13:36:42,717 WARNING:main.py:424:setup_molecule:Multiple occupancies found in LEU A 10. At least one of the instances is being ignored.
2022-11-08 13:36:42,717 WARNING:main.py:418:setup_molecule:Multiple occupancies found: N in GLN A 12.
2022-11-08 13:36:42,717 WARNING:main.py:418:setup_molecule:Multiple occupancies found: CA in GLN A 12.
2022-11-08 13:36:42,717 WARNING:main.py:418:setup_molecule:Multiple occupancies found: C in GLN A 12.
2022-11-08 13:36:42,717 WARNING:main.py:418:setup_molecule:Multiple occupancies found: O in GLN A 12.
2022-11-08 13:36:42,717 WARNING:main.py:418:setup_molecule:Multiple occupancies found: CB in GLN A 12.
2022-11-08 13:36:42,718 WARNING:main.py:418:setup_molecule:Multiple occupancies found: CG in GLN A 12.
2022-11-08 13:36:42,718 WARNING:main.py:418:setup_molecule:Multiple occupancies found: CD in GLN A 12.
2022-11-08 13:36:42,718 WARNING:main.py:418:setup_molecule:Multiple occupancies found: NE2 in GLN A 12.
2022-11-08 13:36:42,718 WARNING:main.py:418:setup_molecule:Multiple occupancies found: OE1 in GLN A 12.
2022-11-08 13:36:42,718 WARNING:main.py:424:setup_molecule:Multiple occupancies found in GLN A 12. At least one of the instances is being ignored.
2022-11-08 13:36:42,718 WARNING:main.py:418:setup_molecule:Multiple occupancies found: N in SER A 17.
2022-11-08 13:36:42,718 WARNING:main.py:418:setup_molecule:Multiple occupancies found: CA in SER A 17.
2022-11-08 13:36:42,718 WARNING:main.py:418:setup_molecule:Multiple occupancies found: C in SER A 17.
2022-11-08 13:36:42,718 WARNING:main.py:418:setup_molecule:Multiple occupancies found: O in SER A 17.
2022-11-08 13:36:42,719 WARNING:main.py:418:setup_molecule:Multiple occupancies found: CB in SER A 17.
2022-11-08 13:36:42,719 WARNING:main.py:418:setup_molecule:Multiple occupancies found: OG in SER A 17.
2022-11-08 13:36:42,719 WARNING:main.py:424:setup_molecule:Multiple occupancies found in SER A 17. At least one of the instances is being ignored.
2022-11-08 13:36:42,719 WARNING:main.py:418:setup_molecule:Multiple occupancies found: N in THR A 18.
2022-11-08 13:36:42,719 WARNING:main.py:418:setup_molecule:Multiple occupancies found: CA in THR A 18.
2022-11-08 13:36:42,719 WARNING:main.py:418:setup_molecule:Multiple occupancies found: C in THR A 18.
2022-11-08 13:36:42,722 WARNING:main.py:418:setup_molecule:Multiple occupancies found: O in THR A 18.
2022-11-08 13:36:42,722 WARNING:main.py:418:setup_molecule:Multiple occupancies found: CB in THR A 18.
2022-11-08 13:36:42,722 WARNING:main.py:418:setup_molecule:Multiple occupancies found: CG2 in THR A 18.
2022-11-08 13:36:42,722 WARNING:main.py:418:setup_molecule:Multiple occupancies found: OG1 in THR A 18.
2022-11-08 13:36:42,722 WARNING:main.py:424:setup_molecule:Multiple occupancies found in THR A 18. At least one of the instances is being ignored.
2022-11-08 13:36:42,723 WARNING:main.py:418:setup_molecule:Multiple occupancies found: N in GLU A 32.
2022-11-08 13:36:42,723 WARNING:main.py:418:setup_molecule:Multiple occupancies found: CA in GLU A 32.
2022-11-08 13:36:42,723 WARNING:main.py:418:setup_molecule:Multiple occupancies found: C in GLU A 32.
2022-11-08 13:36:42,723 WARNING:main.py:418:setup_molecule:Multiple occupancies found: O in GLU A 32.
2022-11-08 13:36:42,723 WARNING:main.py:418:setup_molecule:Multiple occupancies found: CB in GLU A 32.
2022-11-08 13:36:42,723 WARNING:main.py:418:setup_molecule:Multiple occupancies found: CG in GLU A 32.
2022-11-08 13:36:42,723 WARNING:main.py:418:setup_molecule:Multiple occupancies found: CD in GLU A 32.
2022-11-08 13:36:42,723 WARNING:main.py:418:setup_molecule:Multiple occupancies found: OE1 in GLU A 32.
2022-11-08 13:36:42,723 WARNING:main.py:418:setup_molecule:Multiple occupancies found: OE2 in GLU A 32.
2022-11-08 13:36:42,724 WARNING:main.py:424:setup_molecule:Multiple occupancies found in GLU A 32. At least one of the instances is being ignored.
2022-11-08 13:36:42,724 WARNING:main.py:418:setup_molecule:Multiple occupancies found: N in GLN A 34.
2022-11-08 13:36:42,724 WARNING:main.py:418:setup_molecule:Multiple occupancies found: CA in GLN A 34.
2022-11-08 13:36:42,724 WARNING:main.py:418:setup_molecule:Multiple occupancies found: C in GLN A 34.
2022-11-08 13:36:42,724 WARNING:main.py:418:setup_molecule:Multiple occupancies found: O in GLN A 34.
2022-11-08 13:36:42,724 WARNING:main.py:418:setup_molecule:Multiple occupancies found: CB in GLN A 34.
2022-11-08 13:36:42,724 WARNING:main.py:418:setup_molecule:Multiple occupancies found: CG in GLN A 34.
2022-11-08 13:36:42,724 WARNING:main.py:418:setup_molecule:Multiple occupancies found: CD in GLN A 34.
2022-11-08 13:36:42,725 WARNING:main.py:418:setup_molecule:Multiple occupancies found: NE2 in GLN A 34.
2022-11-08 13:36:42,725 WARNING:main.py:418:setup_molecule:Multiple occupancies found: OE1 in GLN A 34.
2022-11-08 13:36:42,725 WARNING:main.py:424:setup_molecule:Multiple occupancies found in GLN A 34. At least one of the instances is being ignored.
2022-11-08 13:36:42,725 WARNING:main.py:418:setup_molecule:Multiple occupancies found: N in MET A 45.
2022-11-08 13:36:42,725 WARNING:main.py:418:setup_molecule:Multiple occupancies found: CA in MET A 45.
2022-11-08 13:36:42,725 WARNING:main.py:418:setup_molecule:Multiple occupancies found: C in MET A 45.
2022-11-08 13:36:42,725 WARNING:main.py:418:setup_molecule:Multiple occupancies found: O in MET A 45.
2022-11-08 13:36:42,725 WARNING:main.py:418:setup_molecule:Multiple occupancies found: CB in MET A 45.
2022-11-08 13:36:42,726 WARNING:main.py:418:setup_molecule:Multiple occupancies found: CG in MET A 45.
2022-11-08 13:36:42,726 WARNING:main.py:418:setup_molecule:Multiple occupancies found: SD in MET A 45.
2022-11-08 13:36:42,726 WARNING:main.py:418:setup_molecule:Multiple occupancies found: CE in MET A 45.
2022-11-08 13:36:42,726 WARNING:main.py:424:setup_molecule:Multiple occupancies found in MET A 45. At least one of the instances is being ignored.
2022-11-08 13:36:42,726 WARNING:main.py:418:setup_molecule:Multiple occupancies found: CA in SER A 70.
2022-11-08 13:36:42,726 WARNING:main.py:418:setup_molecule:Multiple occupancies found: CB in SER A 70.
2022-11-08 13:36:42,726 WARNING:main.py:418:setup_molecule:Multiple occupancies found: OG in SER A 70.
2022-11-08 13:36:42,726 WARNING:main.py:424:setup_molecule:Multiple occupancies found in SER A 70. At least one of the instances is being ignored.
2022-11-08 13:36:42,726 WARNING:main.py:418:setup_molecule:Multiple occupancies found: N in GLN A 71.
2022-11-08 13:36:42,727 WARNING:main.py:418:setup_molecule:Multiple occupancies found: CA in GLN A 71.
2022-11-08 13:36:42,727 WARNING:main.py:418:setup_molecule:Multiple occupancies found: C in GLN A 71.
2022-11-08 13:36:42,727 WARNING:main.py:418:setup_molecule:Multiple occupancies found: O in GLN A 71.
2022-11-08 13:36:42,727 WARNING:main.py:418:setup_molecule:Multiple occupancies found: CB in GLN A 71.
2022-11-08 13:36:42,727 WARNING:main.py:418:setup_molecule:Multiple occupancies found: CG in GLN A 71.
2022-11-08 13:36:42,727 WARNING:main.py:418:setup_molecule:Multiple occupancies found: CD in GLN A 71.
2022-11-08 13:36:42,727 WARNING:main.py:418:setup_molecule:Multiple occupancies found: NE2 in GLN A 71.
2022-11-08 13:36:42,727 WARNING:main.py:418:setup_molecule:Multiple occupancies found: OE1 in GLN A 71.
2022-11-08 13:36:42,728 WARNING:main.py:424:setup_molecule:Multiple occupancies found in GLN A 71. At least one of the instances is being ignored.
2022-11-08 13:36:42,728 WARNING:main.py:418:setup_molecule:Multiple occupancies found: N in GLU A 79.
2022-11-08 13:36:42,728 WARNING:main.py:418:setup_molecule:Multiple occupancies found: CA in GLU A 79.
2022-11-08 13:36:42,728 WARNING:main.py:418:setup_molecule:Multiple occupancies found: C in GLU A 79.
2022-11-08 13:36:42,728 WARNING:main.py:418:setup_molecule:Multiple occupancies found: O in GLU A 79.
2022-11-08 13:36:42,728 WARNING:main.py:418:setup_molecule:Multiple occupancies found: CB in GLU A 79.
2022-11-08 13:36:42,728 WARNING:main.py:418:setup_molecule:Multiple occupancies found: CG in GLU A 79.
2022-11-08 13:36:42,728 WARNING:main.py:418:setup_molecule:Multiple occupancies found: CD in GLU A 79.
2022-11-08 13:36:42,729 WARNING:main.py:418:setup_molecule:Multiple occupancies found: OE1 in GLU A 79.
2022-11-08 13:36:42,729 WARNING:main.py:418:setup_molecule:Multiple occupancies found: OE2 in GLU A 79.
2022-11-08 13:36:42,729 WARNING:main.py:424:setup_molecule:Multiple occupancies found in GLU A 79. At least one of the instances is being ignored.
2022-11-08 13:36:42,729 WARNING:main.py:418:setup_molecule:Multiple occupancies found: N in SER A 101.
2022-11-08 13:36:42,729 WARNING:main.py:418:setup_molecule:Multiple occupancies found: CA in SER A 101.
2022-11-08 13:36:42,729 WARNING:main.py:418:setup_molecule:Multiple occupancies found: C in SER A 101.
2022-11-08 13:36:42,729 WARNING:main.py:418:setup_molecule:Multiple occupancies found: O in SER A 101.
2022-11-08 13:36:42,729 WARNING:main.py:418:setup_molecule:Multiple occupancies found: CB in SER A 101.
2022-11-08 13:36:42,729 WARNING:main.py:418:setup_molecule:Multiple occupancies found: OG in SER A 101.
2022-11-08 13:36:42,730 WARNING:main.py:424:setup_molecule:Multiple occupancies found in SER A 101. At least one of the instances is being ignored.
2022-11-08 13:36:42,730 WARNING:main.py:418:setup_molecule:Multiple occupancies found: N in TRP A 139.
2022-11-08 13:36:42,730 WARNING:main.py:418:setup_molecule:Multiple occupancies found: CA in TRP A 139.
2022-11-08 13:36:42,730 WARNING:main.py:418:setup_molecule:Multiple occupancies found: C in TRP A 139.
2022-11-08 13:36:42,730 WARNING:main.py:418:setup_molecule:Multiple occupancies found: O in TRP A 139.
2022-11-08 13:36:42,730 WARNING:main.py:418:setup_molecule:Multiple occupancies found: CB in TRP A 139.
2022-11-08 13:36:42,730 WARNING:main.py:418:setup_molecule:Multiple occupancies found: CG in TRP A 139.
2022-11-08 13:36:42,730 WARNING:main.py:418:setup_molecule:Multiple occupancies found: CD1 in TRP A 139.
2022-11-08 13:36:42,731 WARNING:main.py:418:setup_molecule:Multiple occupancies found: CD2 in TRP A 139.
2022-11-08 13:36:42,731 WARNING:main.py:418:setup_molecule:Multiple occupancies found: CE2 in TRP A 139.
2022-11-08 13:36:42,731 WARNING:main.py:418:setup_molecule:Multiple occupancies found: CE3 in TRP A 139.
2022-11-08 13:36:42,731 WARNING:main.py:418:setup_molecule:Multiple occupancies found: NE1 in TRP A 139.
2022-11-08 13:36:42,731 WARNING:main.py:418:setup_molecule:Multiple occupancies found: CZ2 in TRP A 139.
2022-11-08 13:36:42,731 WARNING:main.py:418:setup_molecule:Multiple occupancies found: CZ3 in TRP A 139.
2022-11-08 13:36:42,731 WARNING:main.py:418:setup_molecule:Multiple occupancies found: CH2 in TRP A 139.
2022-11-08 13:36:42,731 WARNING:main.py:424:setup_molecule:Multiple occupancies found in TRP A 139. At least one of the instances is being ignored.
2022-11-08 13:36:42,731 WARNING:main.py:418:setup_molecule:Multiple occupancies found: CA in VAL A 141.
2022-11-08 13:36:42,732 WARNING:main.py:418:setup_molecule:Multiple occupancies found: CB in VAL A 141.
2022-11-08 13:36:42,732 WARNING:main.py:418:setup_molecule:Multiple occupancies found: CG1 in VAL A 141.
2022-11-08 13:36:42,732 WARNING:main.py:418:setup_molecule:Multiple occupancies found: CG2 in VAL A 141.
2022-11-08 13:36:42,732 WARNING:main.py:424:setup_molecule:Multiple occupancies found in VAL A 141. At least one of the instances is being ignored.
2022-11-08 13:36:42,732 WARNING:main.py:418:setup_molecule:Multiple occupancies found: N in MET A 143.
2022-11-08 13:36:42,732 WARNING:main.py:418:setup_molecule:Multiple occupancies found: CA in MET A 143.
2022-11-08 13:36:42,732 WARNING:main.py:418:setup_molecule:Multiple occupancies found: C in MET A 143.
2022-11-08 13:36:42,732 WARNING:main.py:418:setup_molecule:Multiple occupancies found: O in MET A 143.
2022-11-08 13:36:42,732 WARNING:main.py:418:setup_molecule:Multiple occupancies found: CB in MET A 143.
2022-11-08 13:36:42,733 WARNING:main.py:418:setup_molecule:Multiple occupancies found: CG in MET A 143.
2022-11-08 13:36:42,733 WARNING:main.py:418:setup_molecule:Multiple occupancies found: SD in MET A 143.
2022-11-08 13:36:42,733 WARNING:main.py:418:setup_molecule:Multiple occupancies found: CE in MET A 143.
2022-11-08 13:36:42,733 WARNING:main.py:424:setup_molecule:Multiple occupancies found in MET A 143. At least one of the instances is being ignored.
2022-11-08 13:36:42,733 WARNING:main.py:418:setup_molecule:Multiple occupancies found: N in LYS A 167.
2022-11-08 13:36:42,733 WARNING:main.py:418:setup_molecule:Multiple occupancies found: CA in LYS A 167.
2022-11-08 13:36:42,733 WARNING:main.py:418:setup_molecule:Multiple occupancies found: C in LYS A 167.
2022-11-08 13:36:42,733 WARNING:main.py:418:setup_molecule:Multiple occupancies found: O in LYS A 167.
2022-11-08 13:36:42,733 WARNING:main.py:418:setup_molecule:Multiple occupancies found: CB in LYS A 167.
2022-11-08 13:36:42,734 WARNING:main.py:418:setup_molecule:Multiple occupancies found: CG in LYS A 167.
2022-11-08 13:36:42,734 WARNING:main.py:418:setup_molecule:Multiple occupancies found: CD in LYS A 167.
2022-11-08 13:36:42,734 WARNING:main.py:418:setup_molecule:Multiple occupancies found: CE in LYS A 167.
2022-11-08 13:36:42,734 WARNING:main.py:418:setup_molecule:Multiple occupancies found: NZ in LYS A 167.
2022-11-08 13:36:42,734 WARNING:main.py:424:setup_molecule:Multiple occupancies found in LYS A 167. At least one of the instances is being ignored.
2022-11-08 13:36:42,734 WARNING:main.py:418:setup_molecule:Multiple occupancies found: N in ARG A 197.
2022-11-08 13:36:42,734 WARNING:main.py:418:setup_molecule:Multiple occupancies found: CA in ARG A 197.
2022-11-08 13:36:42,734 WARNING:main.py:418:setup_molecule:Multiple occupancies found: C in ARG A 197.
2022-11-08 13:36:42,735 WARNING:main.py:418:setup_molecule:Multiple occupancies found: O in ARG A 197.
2022-11-08 13:36:42,735 WARNING:main.py:418:setup_molecule:Multiple occupancies found: CB in ARG A 197.
2022-11-08 13:36:42,735 WARNING:main.py:418:setup_molecule:Multiple occupancies found: CG in ARG A 197.
2022-11-08 13:36:42,735 WARNING:main.py:418:setup_molecule:Multiple occupancies found: CD in ARG A 197.
2022-11-08 13:36:42,735 WARNING:main.py:418:setup_molecule:Multiple occupancies found: NE in ARG A 197.
2022-11-08 13:36:42,735 WARNING:main.py:418:setup_molecule:Multiple occupancies found: CZ in ARG A 197.
2022-11-08 13:36:42,735 WARNING:main.py:418:setup_molecule:Multiple occupancies found: NH1 in ARG A 197.
2022-11-08 13:36:42,735 WARNING:main.py:418:setup_molecule:Multiple occupancies found: NH2 in ARG A 197.
2022-11-08 13:36:42,735 WARNING:main.py:424:setup_molecule:Multiple occupancies found in ARG A 197. At least one of the instances is being ignored.
2022-11-08 13:36:42,736 WARNING:main.py:418:setup_molecule:Multiple occupancies found: N in THR A 198.
2022-11-08 13:36:42,736 WARNING:main.py:418:setup_molecule:Multiple occupancies found: CA in THR A 198.
2022-11-08 13:36:42,736 WARNING:main.py:418:setup_molecule:Multiple occupancies found: C in THR A 198.
2022-11-08 13:36:42,736 WARNING:main.py:418:setup_molecule:Multiple occupancies found: O in THR A 198.
2022-11-08 13:36:42,736 WARNING:main.py:418:setup_molecule:Multiple occupancies found: CB in THR A 198.
2022-11-08 13:36:42,736 WARNING:main.py:418:setup_molecule:Multiple occupancies found: CG2 in THR A 198.
2022-11-08 13:36:42,736 WARNING:main.py:418:setup_molecule:Multiple occupancies found: OG1 in THR A 198.
2022-11-08 13:36:42,736 WARNING:main.py:424:setup_molecule:Multiple occupancies found in THR A 198. At least one of the instances is being ignored.
2022-11-08 13:36:42,736 WARNING:main.py:418:setup_molecule:Multiple occupancies found: N in SER A 215.
2022-11-08 13:36:42,737 WARNING:main.py:418:setup_molecule:Multiple occupancies found: CA in SER A 215.
2022-11-08 13:36:42,737 WARNING:main.py:418:setup_molecule:Multiple occupancies found: C in SER A 215.
2022-11-08 13:36:42,737 WARNING:main.py:418:setup_molecule:Multiple occupancies found: O in SER A 215.
2022-11-08 13:36:42,737 WARNING:main.py:418:setup_molecule:Multiple occupancies found: CB in SER A 215.
2022-11-08 13:36:42,737 WARNING:main.py:418:setup_molecule:Multiple occupancies found: OG in SER A 215.
2022-11-08 13:36:42,737 WARNING:main.py:424:setup_molecule:Multiple occupancies found in SER A 215. At least one of the instances is being ignored.
2022-11-08 13:36:42,737 WARNING:main.py:418:setup_molecule:Multiple occupancies found: N in ARG A 238.
2022-11-08 13:36:42,737 WARNING:main.py:418:setup_molecule:Multiple occupancies found: CA in ARG A 238.
2022-11-08 13:36:42,738 WARNING:main.py:418:setup_molecule:Multiple occupancies found: C in ARG A 238.
2022-11-08 13:36:42,738 WARNING:main.py:418:setup_molecule:Multiple occupancies found: O in ARG A 238.
2022-11-08 13:36:42,738 WARNING:main.py:418:setup_molecule:Multiple occupancies found: CB in ARG A 238.
2022-11-08 13:36:42,738 WARNING:main.py:418:setup_molecule:Multiple occupancies found: CG in ARG A 238.
2022-11-08 13:36:42,738 WARNING:main.py:418:setup_molecule:Multiple occupancies found: CD in ARG A 238.
2022-11-08 13:36:42,738 WARNING:main.py:418:setup_molecule:Multiple occupancies found: NE in ARG A 238.
2022-11-08 13:36:42,738 WARNING:main.py:418:setup_molecule:Multiple occupancies found: CZ in ARG A 238.
2022-11-08 13:36:42,738 WARNING:main.py:418:setup_molecule:Multiple occupancies found: NH1 in ARG A 238.
2022-11-08 13:36:42,738 WARNING:main.py:418:setup_molecule:Multiple occupancies found: NH2 in ARG A 238.
2022-11-08 13:36:42,739 WARNING:main.py:424:setup_molecule:Multiple occupancies found in ARG A 238. At least one of the instances is being ignored.
2022-11-08 13:36:42,739 WARNING:main.py:418:setup_molecule:Multiple occupancies found: N in ASN A 243.
2022-11-08 13:36:42,739 WARNING:main.py:418:setup_molecule:Multiple occupancies found: CA in ASN A 243.
2022-11-08 13:36:42,739 WARNING:main.py:418:setup_molecule:Multiple occupancies found: C in ASN A 243.
2022-11-08 13:36:42,739 WARNING:main.py:418:setup_molecule:Multiple occupancies found: O in ASN A 243.
2022-11-08 13:36:42,739 WARNING:main.py:418:setup_molecule:Multiple occupancies found: CB in ASN A 243.
2022-11-08 13:36:42,739 WARNING:main.py:418:setup_molecule:Multiple occupancies found: CG in ASN A 243.
2022-11-08 13:36:42,739 WARNING:main.py:418:setup_molecule:Multiple occupancies found: ND2 in ASN A 243.
2022-11-08 13:36:42,739 WARNING:main.py:418:setup_molecule:Multiple occupancies found: OD1 in ASN A 243.
2022-11-08 13:36:42,740 WARNING:main.py:424:setup_molecule:Multiple occupancies found in ASN A 243. At least one of the instances is being ignored.
2022-11-08 13:36:42,740 WARNING:main.py:418:setup_molecule:Multiple occupancies found: CA in ARG A 295.
2022-11-08 13:36:42,740 WARNING:main.py:418:setup_molecule:Multiple occupancies found: CB in ARG A 295.
2022-11-08 13:36:42,740 WARNING:main.py:418:setup_molecule:Multiple occupancies found: CG in ARG A 295.
2022-11-08 13:36:42,740 WARNING:main.py:418:setup_molecule:Multiple occupancies found: CD in ARG A 295.
2022-11-08 13:36:42,740 WARNING:main.py:418:setup_molecule:Multiple occupancies found: NE in ARG A 295.
2022-11-08 13:36:42,740 WARNING:main.py:418:setup_molecule:Multiple occupancies found: CZ in ARG A 295.
2022-11-08 13:36:42,740 WARNING:main.py:418:setup_molecule:Multiple occupancies found: NH1 in ARG A 295.
2022-11-08 13:36:42,741 WARNING:main.py:418:setup_molecule:Multiple occupancies found: NH2 in ARG A 295.
2022-11-08 13:36:42,741 WARNING:main.py:424:setup_molecule:Multiple occupancies found in ARG A 295. At least one of the instances is being ignored.
2022-11-08 13:36:42,741 WARNING:main.py:418:setup_molecule:Multiple occupancies found: N in GLU A 316.
2022-11-08 13:36:42,741 WARNING:main.py:418:setup_molecule:Multiple occupancies found: CA in GLU A 316.
2022-11-08 13:36:42,741 WARNING:main.py:418:setup_molecule:Multiple occupancies found: C in GLU A 316.
2022-11-08 13:36:42,741 WARNING:main.py:418:setup_molecule:Multiple occupancies found: O in GLU A 316.
2022-11-08 13:36:42,741 WARNING:main.py:418:setup_molecule:Multiple occupancies found: CB in GLU A 316.
2022-11-08 13:36:42,741 WARNING:main.py:418:setup_molecule:Multiple occupancies found: CG in GLU A 316.
2022-11-08 13:36:42,741 WARNING:main.py:418:setup_molecule:Multiple occupancies found: CD in GLU A 316.
2022-11-08 13:36:42,742 WARNING:main.py:418:setup_molecule:Multiple occupancies found: OE1 in GLU A 316.
2022-11-08 13:36:42,742 WARNING:main.py:418:setup_molecule:Multiple occupancies found: OE2 in GLU A 316.
2022-11-08 13:36:42,742 WARNING:main.py:424:setup_molecule:Multiple occupancies found in GLU A 316. At least one of the instances is being ignored.
2022-11-08 13:36:42,742 WARNING:main.py:418:setup_molecule:Multiple occupancies found: CA in THR A 338.
2022-11-08 13:36:42,743 WARNING:main.py:418:setup_molecule:Multiple occupancies found: CB in THR A 338.
2022-11-08 13:36:42,743 WARNING:main.py:418:setup_molecule:Multiple occupancies found: CG2 in THR A 338.
2022-11-08 13:36:42,743 WARNING:main.py:418:setup_molecule:Multiple occupancies found: OG1 in THR A 338.
2022-11-08 13:36:42,743 WARNING:main.py:424:setup_molecule:Multiple occupancies found in THR A 338. At least one of the instances is being ignored.
2022-11-08 13:36:42,744 WARNING:main.py:418:setup_molecule:Multiple occupancies found: N in GLN A 366.
2022-11-08 13:36:42,744 WARNING:main.py:418:setup_molecule:Multiple occupancies found: CA in GLN A 366.
2022-11-08 13:36:42,744 WARNING:main.py:418:setup_molecule:Multiple occupancies found: C in GLN A 366.
2022-11-08 13:36:42,744 WARNING:main.py:418:setup_molecule:Multiple occupancies found: O in GLN A 366.
2022-11-08 13:36:42,745 WARNING:main.py:418:setup_molecule:Multiple occupancies found: CB in GLN A 366.
2022-11-08 13:36:42,745 WARNING:main.py:418:setup_molecule:Multiple occupancies found: CG in GLN A 366.
2022-11-08 13:36:42,745 WARNING:main.py:418:setup_molecule:Multiple occupancies found: CD in GLN A 366.
2022-11-08 13:36:42,745 WARNING:main.py:418:setup_molecule:Multiple occupancies found: NE2 in GLN A 366.
2022-11-08 13:36:42,745 WARNING:main.py:418:setup_molecule:Multiple occupancies found: OE1 in GLN A 366.
2022-11-08 13:36:42,746 WARNING:main.py:424:setup_molecule:Multiple occupancies found in GLN A 366. At least one of the instances is being ignored.
2022-11-08 13:36:42,746 WARNING:main.py:418:setup_molecule:Multiple occupancies found: N in GLN A 372.
2022-11-08 13:36:42,746 WARNING:main.py:418:setup_molecule:Multiple occupancies found: CA in GLN A 372.
2022-11-08 13:36:42,746 WARNING:main.py:418:setup_molecule:Multiple occupancies found: C in GLN A 372.
2022-11-08 13:36:42,747 WARNING:main.py:418:setup_molecule:Multiple occupancies found: O in GLN A 372.
2022-11-08 13:36:42,747 WARNING:main.py:418:setup_molecule:Multiple occupancies found: CB in GLN A 372.
2022-11-08 13:36:42,747 WARNING:main.py:418:setup_molecule:Multiple occupancies found: CG in GLN A 372.
2022-11-08 13:36:42,747 WARNING:main.py:418:setup_molecule:Multiple occupancies found: CD in GLN A 372.
2022-11-08 13:36:42,747 WARNING:main.py:418:setup_molecule:Multiple occupancies found: NE2 in GLN A 372.
2022-11-08 13:36:42,748 WARNING:main.py:418:setup_molecule:Multiple occupancies found: OE1 in GLN A 372.
2022-11-08 13:36:42,748 WARNING:main.py:424:setup_molecule:Multiple occupancies found in GLN A 372. At least one of the instances is being ignored.
2022-11-08 13:36:42,748 WARNING:main.py:418:setup_molecule:Multiple occupancies found: N in GLU B 2.
2022-11-08 13:36:42,748 WARNING:main.py:418:setup_molecule:Multiple occupancies found: CA in GLU B 2.
2022-11-08 13:36:42,749 WARNING:main.py:418:setup_molecule:Multiple occupancies found: C in GLU B 2.
2022-11-08 13:36:42,749 WARNING:main.py:418:setup_molecule:Multiple occupancies found: O in GLU B 2.
2022-11-08 13:36:42,749 WARNING:main.py:418:setup_molecule:Multiple occupancies found: CB in GLU B 2.
2022-11-08 13:36:42,749 WARNING:main.py:418:setup_molecule:Multiple occupancies found: CG in GLU B 2.
2022-11-08 13:36:42,749 WARNING:main.py:418:setup_molecule:Multiple occupancies found: CD in GLU B 2.
2022-11-08 13:36:42,749 WARNING:main.py:418:setup_molecule:Multiple occupancies found: OE1 in GLU B 2.
2022-11-08 13:36:42,749 WARNING:main.py:418:setup_molecule:Multiple occupancies found: OE2 in GLU B 2.
2022-11-08 13:36:42,750 WARNING:main.py:424:setup_molecule:Multiple occupancies found in GLU B 2. At least one of the instances is being ignored.
2022-11-08 13:36:42,750 WARNING:main.py:418:setup_molecule:Multiple occupancies found: CA in GLN B 12.
2022-11-08 13:36:42,750 WARNING:main.py:418:setup_molecule:Multiple occupancies found: CB in GLN B 12.
2022-11-08 13:36:42,750 WARNING:main.py:418:setup_molecule:Multiple occupancies found: CG in GLN B 12.
2022-11-08 13:36:42,750 WARNING:main.py:418:setup_molecule:Multiple occupancies found: CD in GLN B 12.
2022-11-08 13:36:42,750 WARNING:main.py:418:setup_molecule:Multiple occupancies found: NE2 in GLN B 12.
2022-11-08 13:36:42,750 WARNING:main.py:418:setup_molecule:Multiple occupancies found: OE1 in GLN B 12.
2022-11-08 13:36:42,751 WARNING:main.py:424:setup_molecule:Multiple occupancies found in GLN B 12. At least one of the instances is being ignored.
2022-11-08 13:36:42,751 WARNING:main.py:418:setup_molecule:Multiple occupancies found: N in GLU B 25.
2022-11-08 13:36:42,751 WARNING:main.py:418:setup_molecule:Multiple occupancies found: CA in GLU B 25.
2022-11-08 13:36:42,751 WARNING:main.py:418:setup_molecule:Multiple occupancies found: C in GLU B 25.
2022-11-08 13:36:42,751 WARNING:main.py:418:setup_molecule:Multiple occupancies found: O in GLU B 25.
2022-11-08 13:36:42,751 WARNING:main.py:418:setup_molecule:Multiple occupancies found: CB in GLU B 25.
2022-11-08 13:36:42,752 WARNING:main.py:418:setup_molecule:Multiple occupancies found: CG in GLU B 25.
2022-11-08 13:36:42,752 WARNING:main.py:418:setup_molecule:Multiple occupancies found: CD in GLU B 25.
2022-11-08 13:36:42,752 WARNING:main.py:418:setup_molecule:Multiple occupancies found: OE1 in GLU B 25.
2022-11-08 13:36:42,752 WARNING:main.py:418:setup_molecule:Multiple occupancies found: OE2 in GLU B 25.
2022-11-08 13:36:42,752 WARNING:main.py:424:setup_molecule:Multiple occupancies found in GLU B 25. At least one of the instances is being ignored.
2022-11-08 13:36:42,752 WARNING:main.py:418:setup_molecule:Multiple occupancies found: N in GLU B 32.
2022-11-08 13:36:42,752 WARNING:main.py:418:setup_molecule:Multiple occupancies found: CA in GLU B 32.
2022-11-08 13:36:42,753 WARNING:main.py:418:setup_molecule:Multiple occupancies found: C in GLU B 32.
2022-11-08 13:36:42,753 WARNING:main.py:418:setup_molecule:Multiple occupancies found: O in GLU B 32.
2022-11-08 13:36:42,753 WARNING:main.py:418:setup_molecule:Multiple occupancies found: CB in GLU B 32.
2022-11-08 13:36:42,753 WARNING:main.py:418:setup_molecule:Multiple occupancies found: CG in GLU B 32.
2022-11-08 13:36:42,753 WARNING:main.py:418:setup_molecule:Multiple occupancies found: CD in GLU B 32.
2022-11-08 13:36:42,753 WARNING:main.py:418:setup_molecule:Multiple occupancies found: OE1 in GLU B 32.
2022-11-08 13:36:42,754 WARNING:main.py:418:setup_molecule:Multiple occupancies found: OE2 in GLU B 32.
2022-11-08 13:36:42,754 WARNING:main.py:424:setup_molecule:Multiple occupancies found in GLU B 32. At least one of the instances is being ignored.
2022-11-08 13:36:42,754 WARNING:main.py:418:setup_molecule:Multiple occupancies found: N in GLN B 34.
2022-11-08 13:36:42,754 WARNING:main.py:418:setup_molecule:Multiple occupancies found: CA in GLN B 34.
2022-11-08 13:36:42,754 WARNING:main.py:418:setup_molecule:Multiple occupancies found: C in GLN B 34.
2022-11-08 13:36:42,754 WARNING:main.py:418:setup_molecule:Multiple occupancies found: O in GLN B 34.
2022-11-08 13:36:42,754 WARNING:main.py:418:setup_molecule:Multiple occupancies found: CB in GLN B 34.
2022-11-08 13:36:42,755 WARNING:main.py:418:setup_molecule:Multiple occupancies found: CG in GLN B 34.
2022-11-08 13:36:42,755 WARNING:main.py:418:setup_molecule:Multiple occupancies found: CD in GLN B 34.
2022-11-08 13:36:42,755 WARNING:main.py:418:setup_molecule:Multiple occupancies found: NE2 in GLN B 34.
2022-11-08 13:36:42,755 WARNING:main.py:418:setup_molecule:Multiple occupancies found: OE1 in GLN B 34.
2022-11-08 13:36:42,755 WARNING:main.py:424:setup_molecule:Multiple occupancies found in GLN B 34. At least one of the instances is being ignored.
2022-11-08 13:36:42,755 WARNING:main.py:418:setup_molecule:Multiple occupancies found: CA in SER B 70.
2022-11-08 13:36:42,756 WARNING:main.py:418:setup_molecule:Multiple occupancies found: CB in SER B 70.
2022-11-08 13:36:42,756 WARNING:main.py:418:setup_molecule:Multiple occupancies found: OG in SER B 70.
2022-11-08 13:36:42,756 WARNING:main.py:424:setup_molecule:Multiple occupancies found in SER B 70. At least one of the instances is being ignored.
2022-11-08 13:36:42,756 WARNING:main.py:418:setup_molecule:Multiple occupancies found: CA in ARG B 97.
2022-11-08 13:36:42,756 WARNING:main.py:418:setup_molecule:Multiple occupancies found: CB in ARG B 97.
2022-11-08 13:36:42,756 WARNING:main.py:418:setup_molecule:Multiple occupancies found: CG in ARG B 97.
2022-11-08 13:36:42,756 WARNING:main.py:418:setup_molecule:Multiple occupancies found: CD in ARG B 97.
2022-11-08 13:36:42,757 WARNING:main.py:418:setup_molecule:Multiple occupancies found: NE in ARG B 97.
2022-11-08 13:36:42,757 WARNING:main.py:418:setup_molecule:Multiple occupancies found: CZ in ARG B 97.
2022-11-08 13:36:42,757 WARNING:main.py:418:setup_molecule:Multiple occupancies found: NH1 in ARG B 97.
2022-11-08 13:36:42,757 WARNING:main.py:418:setup_molecule:Multiple occupancies found: NH2 in ARG B 97.
2022-11-08 13:36:42,757 WARNING:main.py:424:setup_molecule:Multiple occupancies found in ARG B 97. At least one of the instances is being ignored.
2022-11-08 13:36:42,757 WARNING:main.py:418:setup_molecule:Multiple occupancies found: N in SER B 101.
2022-11-08 13:36:42,757 WARNING:main.py:418:setup_molecule:Multiple occupancies found: CA in SER B 101.
2022-11-08 13:36:42,758 WARNING:main.py:418:setup_molecule:Multiple occupancies found: C in SER B 101.
2022-11-08 13:36:42,758 WARNING:main.py:418:setup_molecule:Multiple occupancies found: O in SER B 101.
2022-11-08 13:36:42,758 WARNING:main.py:418:setup_molecule:Multiple occupancies found: CB in SER B 101.
2022-11-08 13:36:42,758 WARNING:main.py:418:setup_molecule:Multiple occupancies found: OG in SER B 101.
2022-11-08 13:36:42,758 WARNING:main.py:424:setup_molecule:Multiple occupancies found in SER B 101. At least one of the instances is being ignored.
2022-11-08 13:36:42,758 WARNING:main.py:418:setup_molecule:Multiple occupancies found: CA in SER B 115.
2022-11-08 13:36:42,759 WARNING:main.py:418:setup_molecule:Multiple occupancies found: CB in SER B 115.
2022-11-08 13:36:42,759 WARNING:main.py:418:setup_molecule:Multiple occupancies found: OG in SER B 115.
2022-11-08 13:36:42,759 WARNING:main.py:424:setup_molecule:Multiple occupancies found in SER B 115. At least one of the instances is being ignored.
2022-11-08 13:36:42,759 WARNING:main.py:418:setup_molecule:Multiple occupancies found: N in TRP B 139.
2022-11-08 13:36:42,759 WARNING:main.py:418:setup_molecule:Multiple occupancies found: CA in TRP B 139.
2022-11-08 13:36:42,759 WARNING:main.py:418:setup_molecule:Multiple occupancies found: C in TRP B 139.
2022-11-08 13:36:42,759 WARNING:main.py:418:setup_molecule:Multiple occupancies found: O in TRP B 139.
2022-11-08 13:36:42,760 WARNING:main.py:418:setup_molecule:Multiple occupancies found: CB in TRP B 139.
2022-11-08 13:36:42,760 WARNING:main.py:418:setup_molecule:Multiple occupancies found: CG in TRP B 139.
2022-11-08 13:36:42,760 WARNING:main.py:418:setup_molecule:Multiple occupancies found: CD1 in TRP B 139.
2022-11-08 13:36:42,760 WARNING:main.py:418:setup_molecule:Multiple occupancies found: CD2 in TRP B 139.
2022-11-08 13:36:42,760 WARNING:main.py:418:setup_molecule:Multiple occupancies found: CE2 in TRP B 139.
2022-11-08 13:36:42,760 WARNING:main.py:418:setup_molecule:Multiple occupancies found: CE3 in TRP B 139.
2022-11-08 13:36:42,760 WARNING:main.py:418:setup_molecule:Multiple occupancies found: NE1 in TRP B 139.
2022-11-08 13:36:42,761 WARNING:main.py:418:setup_molecule:Multiple occupancies found: CZ2 in TRP B 139.
2022-11-08 13:36:42,761 WARNING:main.py:418:setup_molecule:Multiple occupancies found: CZ3 in TRP B 139.
2022-11-08 13:36:42,761 WARNING:main.py:418:setup_molecule:Multiple occupancies found: CH2 in TRP B 139.
2022-11-08 13:36:42,761 WARNING:main.py:424:setup_molecule:Multiple occupancies found in TRP B 139. At least one of the instances is being ignored.
2022-11-08 13:36:42,761 WARNING:main.py:418:setup_molecule:Multiple occupancies found: CA in VAL B 141.
2022-11-08 13:36:42,761 WARNING:main.py:418:setup_molecule:Multiple occupancies found: CB in VAL B 141.
2022-11-08 13:36:42,761 WARNING:main.py:418:setup_molecule:Multiple occupancies found: CG1 in VAL B 141.
2022-11-08 13:36:42,762 WARNING:main.py:418:setup_molecule:Multiple occupancies found: CG2 in VAL B 141.
2022-11-08 13:36:42,762 WARNING:main.py:424:setup_molecule:Multiple occupancies found in VAL B 141. At least one of the instances is being ignored.
2022-11-08 13:36:42,762 WARNING:main.py:418:setup_molecule:Multiple occupancies found: N in MET B 143.
2022-11-08 13:36:42,762 WARNING:main.py:418:setup_molecule:Multiple occupancies found: CA in MET B 143.
2022-11-08 13:36:42,762 WARNING:main.py:418:setup_molecule:Multiple occupancies found: C in MET B 143.
2022-11-08 13:36:42,762 WARNING:main.py:418:setup_molecule:Multiple occupancies found: O in MET B 143.
2022-11-08 13:36:42,762 WARNING:main.py:418:setup_molecule:Multiple occupancies found: CB in MET B 143.
2022-11-08 13:36:42,763 WARNING:main.py:418:setup_molecule:Multiple occupancies found: CG in MET B 143.
2022-11-08 13:36:42,763 WARNING:main.py:418:setup_molecule:Multiple occupancies found: SD in MET B 143.
2022-11-08 13:36:42,763 WARNING:main.py:418:setup_molecule:Multiple occupancies found: CE in MET B 143.
2022-11-08 13:36:42,763 WARNING:main.py:424:setup_molecule:Multiple occupancies found in MET B 143. At least one of the instances is being ignored.
2022-11-08 13:36:42,763 WARNING:main.py:418:setup_molecule:Multiple occupancies found: N in ARG B 152.
2022-11-08 13:36:42,763 WARNING:main.py:418:setup_molecule:Multiple occupancies found: CA in ARG B 152.
2022-11-08 13:36:42,763 WARNING:main.py:418:setup_molecule:Multiple occupancies found: C in ARG B 152.
2022-11-08 13:36:42,764 WARNING:main.py:418:setup_molecule:Multiple occupancies found: O in ARG B 152.
2022-11-08 13:36:42,764 WARNING:main.py:418:setup_molecule:Multiple occupancies found: CB in ARG B 152.
2022-11-08 13:36:42,764 WARNING:main.py:418:setup_molecule:Multiple occupancies found: CG in ARG B 152.
2022-11-08 13:36:42,764 WARNING:main.py:418:setup_molecule:Multiple occupancies found: CD in ARG B 152.
2022-11-08 13:36:42,764 WARNING:main.py:418:setup_molecule:Multiple occupancies found: NE in ARG B 152.
2022-11-08 13:36:42,764 WARNING:main.py:418:setup_molecule:Multiple occupancies found: CZ in ARG B 152.
2022-11-08 13:36:42,764 WARNING:main.py:418:setup_molecule:Multiple occupancies found: NH1 in ARG B 152.
2022-11-08 13:36:42,765 WARNING:main.py:418:setup_molecule:Multiple occupancies found: NH2 in ARG B 152.
2022-11-08 13:36:42,765 WARNING:main.py:424:setup_molecule:Multiple occupancies found in ARG B 152. At least one of the instances is being ignored.
2022-11-08 13:36:42,765 WARNING:main.py:418:setup_molecule:Multiple occupancies found: CA in ASN B 170.
2022-11-08 13:36:42,765 WARNING:main.py:418:setup_molecule:Multiple occupancies found: CB in ASN B 170.
2022-11-08 13:36:42,765 WARNING:main.py:418:setup_molecule:Multiple occupancies found: CG in ASN B 170.
2022-11-08 13:36:42,765 WARNING:main.py:418:setup_molecule:Multiple occupancies found: ND2 in ASN B 170.
2022-11-08 13:36:42,765 WARNING:main.py:418:setup_molecule:Multiple occupancies found: OD1 in ASN B 170.
2022-11-08 13:36:42,766 WARNING:main.py:424:setup_molecule:Multiple occupancies found in ASN B 170. At least one of the instances is being ignored.
2022-11-08 13:36:51,055 WARNING:main.py:311:print_pqr:Ignoring 3740 header lines in output.
2022-11-08 13:36:51,974 WARNING:main.py:315:print_pqr:Ignoring 87 missing lines in output.
