2022-11-08 13:30:02,340 WARNING:biomolecule.py:966:create_residue:Unable to find amino or nucleic acid definition for SAM.  Parsing as new residue.
2022-11-08 13:30:02,341 WARNING:biomolecule.py:966:create_residue:Unable to find amino or nucleic acid definition for BME.  Parsing as new residue.
2022-11-08 13:30:02,365 WARNING:biomolecule.py:966:create_residue:Unable to find amino or nucleic acid definition for SAM.  Parsing as new residue.
2022-11-08 13:30:02,365 WARNING:biomolecule.py:966:create_residue:Unable to find amino or nucleic acid definition for BME.  Parsing as new residue.
2022-11-08 13:30:02,366 WARNING:main.py:418:setup_molecule:Multiple occupancies found: N in VAL A 79.
2022-11-08 13:30:02,367 WARNING:main.py:418:setup_molecule:Multiple occupancies found: CA in VAL A 79.
2022-11-08 13:30:02,367 WARNING:main.py:418:setup_molecule:Multiple occupancies found: C in VAL A 79.
2022-11-08 13:30:02,367 WARNING:main.py:418:setup_molecule:Multiple occupancies found: O in VAL A 79.
2022-11-08 13:30:02,367 WARNING:main.py:418:setup_molecule:Multiple occupancies found: CB in VAL A 79.
2022-11-08 13:30:02,367 WARNING:main.py:418:setup_molecule:Multiple occupancies found: CG1 in VAL A 79.
2022-11-08 13:30:02,367 WARNING:main.py:418:setup_molecule:Multiple occupancies found: CG2 in VAL A 79.
2022-11-08 13:30:02,367 WARNING:main.py:424:setup_molecule:Multiple occupancies found in VAL A 79. At least one of the instances is being ignored.
2022-11-08 13:30:02,368 WARNING:main.py:418:setup_molecule:Multiple occupancies found: N in VAL B 79.
2022-11-08 13:30:02,368 WARNING:main.py:418:setup_molecule:Multiple occupancies found: CA in VAL B 79.
2022-11-08 13:30:02,368 WARNING:main.py:418:setup_molecule:Multiple occupancies found: C in VAL B 79.
2022-11-08 13:30:02,368 WARNING:main.py:418:setup_molecule:Multiple occupancies found: O in VAL B 79.
2022-11-08 13:30:02,368 WARNING:main.py:418:setup_molecule:Multiple occupancies found: CB in VAL B 79.
2022-11-08 13:30:02,368 WARNING:main.py:418:setup_molecule:Multiple occupancies found: CG1 in VAL B 79.
2022-11-08 13:30:02,369 WARNING:main.py:418:setup_molecule:Multiple occupancies found: CG2 in VAL B 79.
2022-11-08 13:30:02,369 WARNING:main.py:424:setup_molecule:Multiple occupancies found in VAL B 79. At least one of the instances is being ignored.
2022-11-08 13:30:08,672 WARNING:main.py:311:print_pqr:Ignoring 2890 header lines in output.
2022-11-08 13:30:08,672 WARNING:main.py:315:print_pqr:Ignoring 62 missing lines in output.
