2022-11-08 13:27:33,963 WARNING:biomolecule.py:966:create_residue:Unable to find amino or nucleic acid definition for SAM.  Parsing as new residue.
2022-11-08 13:27:33,964 WARNING:biomolecule.py:966:create_residue:Unable to find amino or nucleic acid definition for GOL.  Parsing as new residue.
2022-11-08 13:27:33,965 WARNING:biomolecule.py:966:create_residue:Unable to find amino or nucleic acid definition for GOL.  Parsing as new residue.
2022-11-08 13:27:33,965 WARNING:biomolecule.py:966:create_residue:Unable to find amino or nucleic acid definition for SO4.  Parsing as new residue.
2022-11-08 13:27:33,992 WARNING:biomolecule.py:966:create_residue:Unable to find amino or nucleic acid definition for GOL.  Parsing as new residue.
2022-11-08 13:27:33,993 WARNING:main.py:418:setup_molecule:Multiple occupancies found: CA in MET A 74.
2022-11-08 13:27:33,993 WARNING:main.py:418:setup_molecule:Multiple occupancies found: CB in MET A 74.
2022-11-08 13:27:33,993 WARNING:main.py:418:setup_molecule:Multiple occupancies found: CG in MET A 74.
2022-11-08 13:27:33,994 WARNING:main.py:418:setup_molecule:Multiple occupancies found: SD in MET A 74.
2022-11-08 13:27:33,994 WARNING:main.py:418:setup_molecule:Multiple occupancies found: CE in MET A 74.
2022-11-08 13:27:33,994 WARNING:main.py:424:setup_molecule:Multiple occupancies found in MET A 74. At least one of the instances is being ignored.
2022-11-08 13:27:33,994 WARNING:main.py:418:setup_molecule:Multiple occupancies found: CA in MET A 81.
2022-11-08 13:27:33,994 WARNING:main.py:418:setup_molecule:Multiple occupancies found: CB in MET A 81.
2022-11-08 13:27:33,995 WARNING:main.py:418:setup_molecule:Multiple occupancies found: CG in MET A 81.
2022-11-08 13:27:33,995 WARNING:main.py:418:setup_molecule:Multiple occupancies found: SD in MET A 81.
2022-11-08 13:27:33,995 WARNING:main.py:418:setup_molecule:Multiple occupancies found: CE in MET A 81.
2022-11-08 13:27:33,995 WARNING:main.py:424:setup_molecule:Multiple occupancies found in MET A 81. At least one of the instances is being ignored.
2022-11-08 13:27:33,995 WARNING:main.py:418:setup_molecule:Multiple occupancies found: CA in SER A 106.
2022-11-08 13:27:33,996 WARNING:main.py:418:setup_molecule:Multiple occupancies found: CB in SER A 106.
2022-11-08 13:27:33,996 WARNING:main.py:418:setup_molecule:Multiple occupancies found: OG in SER A 106.
2022-11-08 13:27:33,996 WARNING:main.py:424:setup_molecule:Multiple occupancies found in SER A 106. At least one of the instances is being ignored.
2022-11-08 13:27:33,996 WARNING:main.py:418:setup_molecule:Multiple occupancies found: CA in LEU A 115.
2022-11-08 13:27:33,996 WARNING:main.py:418:setup_molecule:Multiple occupancies found: CB in LEU A 115.
2022-11-08 13:27:33,997 WARNING:main.py:418:setup_molecule:Multiple occupancies found: CG in LEU A 115.
2022-11-08 13:27:33,997 WARNING:main.py:418:setup_molecule:Multiple occupancies found: CD1 in LEU A 115.
2022-11-08 13:27:33,997 WARNING:main.py:418:setup_molecule:Multiple occupancies found: CD2 in LEU A 115.
2022-11-08 13:27:33,997 WARNING:main.py:424:setup_molecule:Multiple occupancies found in LEU A 115. At least one of the instances is being ignored.
2022-11-08 13:27:33,997 WARNING:main.py:418:setup_molecule:Multiple occupancies found: CA in ASP A 121.
2022-11-08 13:27:33,998 WARNING:main.py:418:setup_molecule:Multiple occupancies found: CB in ASP A 121.
2022-11-08 13:27:33,998 WARNING:main.py:418:setup_molecule:Multiple occupancies found: CG in ASP A 121.
2022-11-08 13:27:33,998 WARNING:main.py:418:setup_molecule:Multiple occupancies found: OD1 in ASP A 121.
2022-11-08 13:27:33,998 WARNING:main.py:418:setup_molecule:Multiple occupancies found: OD2 in ASP A 121.
2022-11-08 13:27:33,998 WARNING:main.py:424:setup_molecule:Multiple occupancies found in ASP A 121. At least one of the instances is being ignored.
2022-11-08 13:27:33,999 WARNING:main.py:418:setup_molecule:Multiple occupancies found: CA in ASN A 133.
2022-11-08 13:27:33,999 WARNING:main.py:418:setup_molecule:Multiple occupancies found: CB in ASN A 133.
2022-11-08 13:27:34,001 WARNING:main.py:418:setup_molecule:Multiple occupancies found: CG in ASN A 133.
2022-11-08 13:27:34,001 WARNING:main.py:418:setup_molecule:Multiple occupancies found: ND2 in ASN A 133.
2022-11-08 13:27:34,001 WARNING:main.py:418:setup_molecule:Multiple occupancies found: OD1 in ASN A 133.
2022-11-08 13:27:34,001 WARNING:main.py:424:setup_molecule:Multiple occupancies found in ASN A 133. At least one of the instances is being ignored.
2022-11-08 13:27:34,002 WARNING:main.py:418:setup_molecule:Multiple occupancies found: CA in GLU A 163.
2022-11-08 13:27:34,002 WARNING:main.py:418:setup_molecule:Multiple occupancies found: CB in GLU A 163.
2022-11-08 13:27:34,002 WARNING:main.py:418:setup_molecule:Multiple occupancies found: CG in GLU A 163.
2022-11-08 13:27:34,002 WARNING:main.py:418:setup_molecule:Multiple occupancies found: CD in GLU A 163.
2022-11-08 13:27:34,002 WARNING:main.py:418:setup_molecule:Multiple occupancies found: OE1 in GLU A 163.
2022-11-08 13:27:34,003 WARNING:main.py:418:setup_molecule:Multiple occupancies found: OE2 in GLU A 163.
2022-11-08 13:27:34,003 WARNING:main.py:424:setup_molecule:Multiple occupancies found in GLU A 163. At least one of the instances is being ignored.
2022-11-08 13:27:34,003 WARNING:main.py:418:setup_molecule:Multiple occupancies found: CA in SER A 193.
2022-11-08 13:27:34,003 WARNING:main.py:418:setup_molecule:Multiple occupancies found: CB in SER A 193.
2022-11-08 13:27:34,003 WARNING:main.py:418:setup_molecule:Multiple occupancies found: OG in SER A 193.
2022-11-08 13:27:34,004 WARNING:main.py:424:setup_molecule:Multiple occupancies found in SER A 193. At least one of the instances is being ignored.
2022-11-08 13:27:34,004 WARNING:main.py:418:setup_molecule:Multiple occupancies found: CA in ASN A 205.
2022-11-08 13:27:34,004 WARNING:main.py:418:setup_molecule:Multiple occupancies found: CB in ASN A 205.
2022-11-08 13:27:34,004 WARNING:main.py:418:setup_molecule:Multiple occupancies found: CG in ASN A 205.
2022-11-08 13:27:34,004 WARNING:main.py:418:setup_molecule:Multiple occupancies found: ND2 in ASN A 205.
2022-11-08 13:27:34,005 WARNING:main.py:418:setup_molecule:Multiple occupancies found: OD1 in ASN A 205.
2022-11-08 13:27:34,005 WARNING:main.py:424:setup_molecule:Multiple occupancies found in ASN A 205. At least one of the instances is being ignored.
2022-11-08 13:27:34,005 WARNING:main.py:418:setup_molecule:Multiple occupancies found: CA in MET A 234.
2022-11-08 13:27:34,005 WARNING:main.py:418:setup_molecule:Multiple occupancies found: CB in MET A 234.
2022-11-08 13:27:34,005 WARNING:main.py:418:setup_molecule:Multiple occupancies found: CG in MET A 234.
2022-11-08 13:27:34,005 WARNING:main.py:418:setup_molecule:Multiple occupancies found: SD in MET A 234.
2022-11-08 13:27:34,006 WARNING:main.py:418:setup_molecule:Multiple occupancies found: CE in MET A 234.
2022-11-08 13:27:34,006 WARNING:main.py:424:setup_molecule:Multiple occupancies found in MET A 234. At least one of the instances is being ignored.
2022-11-08 13:27:34,049 WARNING:biomolecule.py:157:num_missing_heavy:Missing atom OXT in residue HIS A 242
2022-11-08 13:27:34,050 WARNING:biomolecule.py:157:num_missing_heavy:Missing atom OXT in residue HIS A 242
2022-11-08 13:27:34,052 WARNING:biomolecule.py:157:num_missing_heavy:Missing atom OXT in residue HIS A 242
2022-11-08 13:27:36,481 WARNING:main.py:311:print_pqr:Ignoring 2303 header lines in output.
2022-11-08 13:27:36,482 WARNING:main.py:315:print_pqr:Ignoring 50 missing lines in output.
