2022-11-08 13:38:10,676 WARNING:biomolecule.py:966:create_residue:Unable to find amino or nucleic acid definition for SAM.  Parsing as new residue.
2022-11-08 13:38:10,676 WARNING:biomolecule.py:966:create_residue:Unable to find amino or nucleic acid definition for EDO.  Parsing as new residue.
2022-11-08 13:38:10,677 WARNING:biomolecule.py:966:create_residue:Unable to find amino or nucleic acid definition for EDO.  Parsing as new residue.
2022-11-08 13:38:10,677 WARNING:biomolecule.py:966:create_residue:Unable to find amino or nucleic acid definition for EDO.  Parsing as new residue.
2022-11-08 13:38:10,677 WARNING:biomolecule.py:966:create_residue:Unable to find amino or nucleic acid definition for EDO.  Parsing as new residue.
2022-11-08 13:38:10,677 WARNING:biomolecule.py:966:create_residue:Unable to find amino or nucleic acid definition for EDO.  Parsing as new residue.
2022-11-08 13:38:10,677 WARNING:biomolecule.py:966:create_residue:Unable to find amino or nucleic acid definition for EDO.  Parsing as new residue.
2022-11-08 13:38:10,677 WARNING:biomolecule.py:966:create_residue:Unable to find amino or nucleic acid definition for EDO.  Parsing as new residue.
2022-11-08 13:38:10,722 WARNING:biomolecule.py:966:create_residue:Unable to find amino or nucleic acid definition for SAM.  Parsing as new residue.
2022-11-08 13:38:10,723 WARNING:io.py:40:filter:Suppressing further "Unable to find amino or nucleic acid definition for" messages
2022-11-08 13:38:10,726 WARNING:main.py:418:setup_molecule:Multiple occupancies found: CA in MET A 251.
2022-11-08 13:38:10,727 WARNING:main.py:418:setup_molecule:Multiple occupancies found: CB in MET A 251.
2022-11-08 13:38:10,727 WARNING:main.py:418:setup_molecule:Multiple occupancies found: CG in MET A 251.
2022-11-08 13:38:10,727 WARNING:main.py:418:setup_molecule:Multiple occupancies found: SD in MET A 251.
2022-11-08 13:38:10,727 WARNING:main.py:418:setup_molecule:Multiple occupancies found: CE in MET A 251.
2022-11-08 13:38:10,727 WARNING:main.py:424:setup_molecule:Multiple occupancies found in MET A 251. At least one of the instances is being ignored.
2022-11-08 13:38:10,727 WARNING:main.py:418:setup_molecule:Multiple occupancies found: CA in CYS A 294.
2022-11-08 13:38:10,727 WARNING:main.py:418:setup_molecule:Multiple occupancies found: CB in CYS A 294.
2022-11-08 13:38:10,727 WARNING:main.py:418:setup_molecule:Multiple occupancies found: SG in CYS A 294.
2022-11-08 13:38:10,728 WARNING:main.py:424:setup_molecule:Multiple occupancies found in CYS A 294. At least one of the instances is being ignored.
2022-11-08 13:38:10,728 WARNING:main.py:418:setup_molecule:Multiple occupancies found: N in ALA A 318.
2022-11-08 13:38:10,728 WARNING:main.py:418:setup_molecule:Multiple occupancies found: CA in ALA A 318.
2022-11-08 13:38:10,728 WARNING:main.py:418:setup_molecule:Multiple occupancies found: C in ALA A 318.
2022-11-08 13:38:10,728 WARNING:main.py:418:setup_molecule:Multiple occupancies found: O in ALA A 318.
2022-11-08 13:38:10,728 WARNING:main.py:418:setup_molecule:Multiple occupancies found: CB in ALA A 318.
2022-11-08 13:38:10,728 WARNING:main.py:424:setup_molecule:Multiple occupancies found in ALA A 318. At least one of the instances is being ignored.
2022-11-08 13:38:10,728 WARNING:main.py:418:setup_molecule:Multiple occupancies found: CA in SER A 332.
2022-11-08 13:38:10,729 WARNING:main.py:418:setup_molecule:Multiple occupancies found: CB in SER A 332.
2022-11-08 13:38:10,729 WARNING:main.py:418:setup_molecule:Multiple occupancies found: OG in SER A 332.
2022-11-08 13:38:10,729 WARNING:main.py:424:setup_molecule:Multiple occupancies found in SER A 332. At least one of the instances is being ignored.
2022-11-08 13:38:10,729 WARNING:main.py:418:setup_molecule:Multiple occupancies found: N in THR A 363.
2022-11-08 13:38:10,729 WARNING:main.py:418:setup_molecule:Multiple occupancies found: CA in THR A 363.
2022-11-08 13:38:10,729 WARNING:main.py:418:setup_molecule:Multiple occupancies found: C in THR A 363.
2022-11-08 13:38:10,731 WARNING:main.py:418:setup_molecule:Multiple occupancies found: O in THR A 363.
2022-11-08 13:38:10,731 WARNING:main.py:418:setup_molecule:Multiple occupancies found: CB in THR A 363.
2022-11-08 13:38:10,731 WARNING:main.py:418:setup_molecule:Multiple occupancies found: CG2 in THR A 363.
2022-11-08 13:38:10,731 WARNING:main.py:418:setup_molecule:Multiple occupancies found: OG1 in THR A 363.
2022-11-08 13:38:10,731 WARNING:main.py:424:setup_molecule:Multiple occupancies found in THR A 363. At least one of the instances is being ignored.
2022-11-08 13:38:10,732 WARNING:main.py:418:setup_molecule:Multiple occupancies found: CA in SER A 413.
2022-11-08 13:38:10,732 WARNING:main.py:418:setup_molecule:Multiple occupancies found: CB in SER A 413.
2022-11-08 13:38:10,732 WARNING:main.py:418:setup_molecule:Multiple occupancies found: OG in SER A 413.
2022-11-08 13:38:10,732 WARNING:main.py:424:setup_molecule:Multiple occupancies found in SER A 413. At least one of the instances is being ignored.
2022-11-08 13:38:10,732 WARNING:main.py:418:setup_molecule:Multiple occupancies found: CA in CYS D 294.
2022-11-08 13:38:10,733 WARNING:main.py:418:setup_molecule:Multiple occupancies found: CB in CYS D 294.
2022-11-08 13:38:10,733 WARNING:main.py:418:setup_molecule:Multiple occupancies found: SG in CYS D 294.
2022-11-08 13:38:10,733 WARNING:main.py:424:setup_molecule:Multiple occupancies found in CYS D 294. At least one of the instances is being ignored.
2022-11-08 13:38:10,733 WARNING:main.py:418:setup_molecule:Multiple occupancies found: N in ALA D 318.
2022-11-08 13:38:10,733 WARNING:main.py:418:setup_molecule:Multiple occupancies found: CA in ALA D 318.
2022-11-08 13:38:10,733 WARNING:main.py:418:setup_molecule:Multiple occupancies found: C in ALA D 318.
2022-11-08 13:38:10,733 WARNING:main.py:418:setup_molecule:Multiple occupancies found: O in ALA D 318.
2022-11-08 13:38:10,733 WARNING:main.py:418:setup_molecule:Multiple occupancies found: CB in ALA D 318.
2022-11-08 13:38:10,733 WARNING:main.py:424:setup_molecule:Multiple occupancies found in ALA D 318. At least one of the instances is being ignored.
2022-11-08 13:38:10,734 WARNING:main.py:418:setup_molecule:Multiple occupancies found: CA in SER D 332.
2022-11-08 13:38:10,734 WARNING:main.py:418:setup_molecule:Multiple occupancies found: CB in SER D 332.
2022-11-08 13:38:10,734 WARNING:main.py:418:setup_molecule:Multiple occupancies found: OG in SER D 332.
2022-11-08 13:38:10,734 WARNING:main.py:424:setup_molecule:Multiple occupancies found in SER D 332. At least one of the instances is being ignored.
2022-11-08 13:38:10,734 WARNING:main.py:418:setup_molecule:Multiple occupancies found: N in THR D 363.
2022-11-08 13:38:10,734 WARNING:main.py:418:setup_molecule:Multiple occupancies found: CA in THR D 363.
2022-11-08 13:38:10,734 WARNING:main.py:418:setup_molecule:Multiple occupancies found: C in THR D 363.
2022-11-08 13:38:10,734 WARNING:main.py:418:setup_molecule:Multiple occupancies found: O in THR D 363.
2022-11-08 13:38:10,735 WARNING:main.py:418:setup_molecule:Multiple occupancies found: CB in THR D 363.
2022-11-08 13:38:10,735 WARNING:main.py:418:setup_molecule:Multiple occupancies found: CG2 in THR D 363.
2022-11-08 13:38:10,735 WARNING:main.py:418:setup_molecule:Multiple occupancies found: OG1 in THR D 363.
2022-11-08 13:38:10,735 WARNING:main.py:424:setup_molecule:Multiple occupancies found in THR D 363. At least one of the instances is being ignored.
2022-11-08 13:38:10,735 WARNING:main.py:418:setup_molecule:Multiple occupancies found: CA in SER D 413.
2022-11-08 13:38:10,735 WARNING:main.py:418:setup_molecule:Multiple occupancies found: CB in SER D 413.
2022-11-08 13:38:10,735 WARNING:main.py:418:setup_molecule:Multiple occupancies found: OG in SER D 413.
2022-11-08 13:38:10,735 WARNING:main.py:424:setup_molecule:Multiple occupancies found in SER D 413. At least one of the instances is being ignored.
2022-11-08 13:38:10,816 WARNING:biomolecule.py:157:num_missing_heavy:Missing atom CG in residue LYS A 22
2022-11-08 13:38:10,816 WARNING:biomolecule.py:157:num_missing_heavy:Missing atom CD in residue LYS A 22
2022-11-08 13:38:10,816 WARNING:biomolecule.py:157:num_missing_heavy:Missing atom CE in residue LYS A 22
2022-11-08 13:38:10,816 WARNING:biomolecule.py:157:num_missing_heavy:Missing atom NZ in residue LYS A 22
2022-11-08 13:38:10,816 WARNING:biomolecule.py:157:num_missing_heavy:Missing atom CG in residue GLN A 33
2022-11-08 13:38:10,817 WARNING:biomolecule.py:157:num_missing_heavy:Missing atom CD in residue GLN A 33
2022-11-08 13:38:10,817 WARNING:biomolecule.py:157:num_missing_heavy:Missing atom OE1 in residue GLN A 33
2022-11-08 13:38:10,817 WARNING:biomolecule.py:157:num_missing_heavy:Missing atom NE2 in residue GLN A 33
2022-11-08 13:38:10,817 WARNING:biomolecule.py:157:num_missing_heavy:Missing atom CG in residue LYS A 44
2022-11-08 13:38:10,817 WARNING:biomolecule.py:157:num_missing_heavy:Missing atom CD in residue LYS A 44
2022-11-08 13:38:10,817 WARNING:biomolecule.py:157:num_missing_heavy:Missing atom CE in residue LYS A 44
2022-11-08 13:38:10,817 WARNING:biomolecule.py:157:num_missing_heavy:Missing atom NZ in residue LYS A 44
2022-11-08 13:38:10,818 WARNING:biomolecule.py:157:num_missing_heavy:Missing atom CE in residue LYS A 58
2022-11-08 13:38:10,818 WARNING:biomolecule.py:157:num_missing_heavy:Missing atom NZ in residue LYS A 58
2022-11-08 13:38:10,818 WARNING:biomolecule.py:157:num_missing_heavy:Missing atom CG in residue LYS A 61
2022-11-08 13:38:10,818 WARNING:biomolecule.py:157:num_missing_heavy:Missing atom CD in residue LYS A 61
2022-11-08 13:38:10,818 WARNING:biomolecule.py:157:num_missing_heavy:Missing atom CE in residue LYS A 61
2022-11-08 13:38:10,818 WARNING:biomolecule.py:157:num_missing_heavy:Missing atom NZ in residue LYS A 61
2022-11-08 13:38:10,818 WARNING:biomolecule.py:157:num_missing_heavy:Missing atom CG in residue LYS A 64
2022-11-08 13:38:10,818 WARNING:biomolecule.py:157:num_missing_heavy:Missing atom CD in residue LYS A 64
2022-11-08 13:38:10,819 WARNING:biomolecule.py:157:num_missing_heavy:Missing atom CE in residue LYS A 64
2022-11-08 13:38:10,819 WARNING:biomolecule.py:157:num_missing_heavy:Missing atom NZ in residue LYS A 64
2022-11-08 13:38:10,819 WARNING:biomolecule.py:157:num_missing_heavy:Missing atom CE in residue LYS A 114
2022-11-08 13:38:10,819 WARNING:biomolecule.py:157:num_missing_heavy:Missing atom NZ in residue LYS A 114
2022-11-08 13:38:10,819 WARNING:biomolecule.py:157:num_missing_heavy:Missing atom CG in residue LYS A 125
2022-11-08 13:38:10,820 WARNING:biomolecule.py:157:num_missing_heavy:Missing atom CD in residue LYS A 125
2022-11-08 13:38:10,820 WARNING:biomolecule.py:157:num_missing_heavy:Missing atom CE in residue LYS A 125
2022-11-08 13:38:10,820 WARNING:biomolecule.py:157:num_missing_heavy:Missing atom NZ in residue LYS A 125
2022-11-08 13:38:10,820 WARNING:biomolecule.py:157:num_missing_heavy:Missing atom CG in residue GLU A 131
2022-11-08 13:38:10,820 WARNING:biomolecule.py:157:num_missing_heavy:Missing atom CD in residue GLU A 131
2022-11-08 13:38:10,820 WARNING:biomolecule.py:157:num_missing_heavy:Missing atom OE1 in residue GLU A 131
2022-11-08 13:38:10,820 WARNING:biomolecule.py:157:num_missing_heavy:Missing atom OE2 in residue GLU A 131
2022-11-08 13:38:10,820 WARNING:biomolecule.py:157:num_missing_heavy:Missing atom CD in residue LYS A 134
2022-11-08 13:38:10,821 WARNING:biomolecule.py:157:num_missing_heavy:Missing atom CE in residue LYS A 134
2022-11-08 13:38:10,821 WARNING:biomolecule.py:157:num_missing_heavy:Missing atom NZ in residue LYS A 134
2022-11-08 13:38:10,821 WARNING:biomolecule.py:157:num_missing_heavy:Missing atom CD in residue GLN A 144
2022-11-08 13:38:10,821 WARNING:biomolecule.py:157:num_missing_heavy:Missing atom OE1 in residue GLN A 144
2022-11-08 13:38:10,821 WARNING:biomolecule.py:157:num_missing_heavy:Missing atom NE2 in residue GLN A 144
2022-11-08 13:38:10,821 WARNING:biomolecule.py:157:num_missing_heavy:Missing atom CG in residue ARG A 146
2022-11-08 13:38:10,821 WARNING:biomolecule.py:157:num_missing_heavy:Missing atom CD in residue ARG A 146
2022-11-08 13:38:10,821 WARNING:biomolecule.py:157:num_missing_heavy:Missing atom NE in residue ARG A 146
2022-11-08 13:38:10,822 WARNING:biomolecule.py:157:num_missing_heavy:Missing atom CZ in residue ARG A 146
2022-11-08 13:38:10,822 WARNING:biomolecule.py:157:num_missing_heavy:Missing atom NH1 in residue ARG A 146
2022-11-08 13:38:10,822 WARNING:biomolecule.py:157:num_missing_heavy:Missing atom NH2 in residue ARG A 146
2022-11-08 13:38:10,822 WARNING:biomolecule.py:157:num_missing_heavy:Missing atom CG in residue LYS A 221
2022-11-08 13:38:10,823 WARNING:biomolecule.py:157:num_missing_heavy:Missing atom CD in residue LYS A 221
2022-11-08 13:38:10,823 WARNING:biomolecule.py:157:num_missing_heavy:Missing atom CE in residue LYS A 221
2022-11-08 13:38:10,823 WARNING:biomolecule.py:157:num_missing_heavy:Missing atom NZ in residue LYS A 221
2022-11-08 13:38:10,823 WARNING:biomolecule.py:157:num_missing_heavy:Missing atom CG in residue LYS A 231
2022-11-08 13:38:10,823 WARNING:biomolecule.py:157:num_missing_heavy:Missing atom CD in residue LYS A 231
2022-11-08 13:38:10,823 WARNING:biomolecule.py:157:num_missing_heavy:Missing atom CE in residue LYS A 231
2022-11-08 13:38:10,823 WARNING:biomolecule.py:157:num_missing_heavy:Missing atom NZ in residue LYS A 231
2022-11-08 13:38:10,824 WARNING:biomolecule.py:157:num_missing_heavy:Missing atom CG in residue ASP A 236
2022-11-08 13:38:10,824 WARNING:biomolecule.py:157:num_missing_heavy:Missing atom OD1 in residue ASP A 236
2022-11-08 13:38:10,824 WARNING:biomolecule.py:157:num_missing_heavy:Missing atom OD2 in residue ASP A 236
2022-11-08 13:38:10,824 WARNING:biomolecule.py:157:num_missing_heavy:Missing atom CG in residue GLU A 260
2022-11-08 13:38:10,824 WARNING:biomolecule.py:157:num_missing_heavy:Missing atom CD in residue GLU A 260
2022-11-08 13:38:10,824 WARNING:biomolecule.py:157:num_missing_heavy:Missing atom OE1 in residue GLU A 260
2022-11-08 13:38:10,824 WARNING:biomolecule.py:157:num_missing_heavy:Missing atom OE2 in residue GLU A 260
2022-11-08 13:38:10,825 WARNING:biomolecule.py:157:num_missing_heavy:Missing atom CG in residue ASP A 261
2022-11-08 13:38:10,825 WARNING:biomolecule.py:157:num_missing_heavy:Missing atom OD1 in residue ASP A 261
2022-11-08 13:38:10,825 WARNING:biomolecule.py:157:num_missing_heavy:Missing atom OD2 in residue ASP A 261
2022-11-08 13:38:10,825 WARNING:biomolecule.py:157:num_missing_heavy:Missing atom CG in residue ARG A 264
2022-11-08 13:38:10,825 WARNING:biomolecule.py:157:num_missing_heavy:Missing atom CD in residue ARG A 264
2022-11-08 13:38:10,825 WARNING:biomolecule.py:157:num_missing_heavy:Missing atom NE in residue ARG A 264
2022-11-08 13:38:10,825 WARNING:biomolecule.py:157:num_missing_heavy:Missing atom CZ in residue ARG A 264
2022-11-08 13:38:10,825 WARNING:biomolecule.py:157:num_missing_heavy:Missing atom NH1 in residue ARG A 264
2022-11-08 13:38:10,826 WARNING:biomolecule.py:157:num_missing_heavy:Missing atom NH2 in residue ARG A 264
2022-11-08 13:38:10,826 WARNING:biomolecule.py:157:num_missing_heavy:Missing atom CE in residue LYS A 339
2022-11-08 13:38:10,826 WARNING:biomolecule.py:157:num_missing_heavy:Missing atom NZ in residue LYS A 339
2022-11-08 13:38:10,826 WARNING:biomolecule.py:157:num_missing_heavy:Missing atom CD in residue LYS A 344
2022-11-08 13:38:10,827 WARNING:biomolecule.py:157:num_missing_heavy:Missing atom CE in residue LYS A 344
2022-11-08 13:38:10,827 WARNING:biomolecule.py:157:num_missing_heavy:Missing atom NZ in residue LYS A 344
2022-11-08 13:38:10,827 WARNING:biomolecule.py:157:num_missing_heavy:Missing atom CG in residue GLU A 373
2022-11-08 13:38:10,827 WARNING:biomolecule.py:157:num_missing_heavy:Missing atom CD in residue GLU A 373
2022-11-08 13:38:10,827 WARNING:biomolecule.py:157:num_missing_heavy:Missing atom OE1 in residue GLU A 373
2022-11-08 13:38:10,827 WARNING:biomolecule.py:157:num_missing_heavy:Missing atom OE2 in residue GLU A 373
2022-11-08 13:38:10,828 WARNING:biomolecule.py:157:num_missing_heavy:Missing atom CG in residue GLU A 392
2022-11-08 13:38:10,828 WARNING:biomolecule.py:157:num_missing_heavy:Missing atom CD in residue GLU A 392
2022-11-08 13:38:10,828 WARNING:biomolecule.py:157:num_missing_heavy:Missing atom OE1 in residue GLU A 392
2022-11-08 13:38:10,828 WARNING:biomolecule.py:157:num_missing_heavy:Missing atom OE2 in residue GLU A 392
2022-11-08 13:38:10,828 WARNING:biomolecule.py:157:num_missing_heavy:Missing atom CD in residue GLU A 414
2022-11-08 13:38:10,828 WARNING:biomolecule.py:157:num_missing_heavy:Missing atom OE1 in residue GLU A 414
2022-11-08 13:38:10,828 WARNING:biomolecule.py:157:num_missing_heavy:Missing atom OE2 in residue GLU A 414
2022-11-08 13:38:10,829 WARNING:biomolecule.py:157:num_missing_heavy:Missing atom CD in residue LYS A 441
2022-11-08 13:38:10,829 WARNING:biomolecule.py:157:num_missing_heavy:Missing atom CE in residue LYS A 441
2022-11-08 13:38:10,829 WARNING:biomolecule.py:157:num_missing_heavy:Missing atom NZ in residue LYS A 441
2022-11-08 13:38:10,829 WARNING:biomolecule.py:157:num_missing_heavy:Missing atom CG in residue GLU A 445
2022-11-08 13:38:10,829 WARNING:biomolecule.py:157:num_missing_heavy:Missing atom CD in residue GLU A 445
2022-11-08 13:38:10,829 WARNING:biomolecule.py:157:num_missing_heavy:Missing atom OE1 in residue GLU A 445
2022-11-08 13:38:10,830 WARNING:biomolecule.py:157:num_missing_heavy:Missing atom OE2 in residue GLU A 445
2022-11-08 13:38:10,830 WARNING:biomolecule.py:157:num_missing_heavy:Missing atom CE in residue LYS A 495
2022-11-08 13:38:10,830 WARNING:biomolecule.py:157:num_missing_heavy:Missing atom NZ in residue LYS A 495
2022-11-08 13:38:10,830 WARNING:biomolecule.py:157:num_missing_heavy:Missing atom CG in residue LYS A 500
2022-11-08 13:38:10,830 WARNING:biomolecule.py:157:num_missing_heavy:Missing atom CD in residue LYS A 500
2022-11-08 13:38:10,831 WARNING:biomolecule.py:157:num_missing_heavy:Missing atom CE in residue LYS A 500
2022-11-08 13:38:10,831 WARNING:biomolecule.py:157:num_missing_heavy:Missing atom NZ in residue LYS A 500
2022-11-08 13:38:10,831 WARNING:biomolecule.py:157:num_missing_heavy:Missing atom OXT in residue TYR A 501
2022-11-08 13:38:10,831 WARNING:biomolecule.py:157:num_missing_heavy:Missing atom OG1 in residue THR C 66
2022-11-08 13:38:10,831 WARNING:biomolecule.py:157:num_missing_heavy:Missing atom CG2 in residue THR C 66
2022-11-08 13:38:10,831 WARNING:biomolecule.py:157:num_missing_heavy:Missing atom CG in residue LYS C 68
2022-11-08 13:38:10,831 WARNING:biomolecule.py:157:num_missing_heavy:Missing atom CD in residue LYS C 68
2022-11-08 13:38:10,831 WARNING:biomolecule.py:157:num_missing_heavy:Missing atom CE in residue LYS C 68
2022-11-08 13:38:10,832 WARNING:biomolecule.py:157:num_missing_heavy:Missing atom NZ in residue LYS C 68
2022-11-08 13:38:10,832 WARNING:biomolecule.py:157:num_missing_heavy:Missing atom CG in residue LYS C 84
2022-11-08 13:38:10,832 WARNING:biomolecule.py:157:num_missing_heavy:Missing atom CD in residue LYS C 84
2022-11-08 13:38:10,832 WARNING:biomolecule.py:157:num_missing_heavy:Missing atom CE in residue LYS C 84
2022-11-08 13:38:10,832 WARNING:biomolecule.py:157:num_missing_heavy:Missing atom NZ in residue LYS C 84
2022-11-08 13:38:10,832 WARNING:biomolecule.py:157:num_missing_heavy:Missing atom OXT in residue LYS C 84
2022-11-08 13:38:10,832 WARNING:biomolecule.py:157:num_missing_heavy:Missing atom CG1 in residue VAL D 19
2022-11-08 13:38:10,833 WARNING:biomolecule.py:157:num_missing_heavy:Missing atom CG2 in residue VAL D 19
2022-11-08 13:38:10,833 WARNING:biomolecule.py:157:num_missing_heavy:Missing atom CG in residue LYS D 22
2022-11-08 13:38:10,833 WARNING:biomolecule.py:157:num_missing_heavy:Missing atom CD in residue LYS D 22
2022-11-08 13:38:10,833 WARNING:biomolecule.py:157:num_missing_heavy:Missing atom CE in residue LYS D 22
2022-11-08 13:38:10,833 WARNING:biomolecule.py:157:num_missing_heavy:Missing atom NZ in residue LYS D 22
2022-11-08 13:38:10,833 WARNING:biomolecule.py:157:num_missing_heavy:Missing atom CD in residue GLN D 33
2022-11-08 13:38:10,833 WARNING:biomolecule.py:157:num_missing_heavy:Missing atom OE1 in residue GLN D 33
2022-11-08 13:38:10,833 WARNING:biomolecule.py:157:num_missing_heavy:Missing atom NE2 in residue GLN D 33
2022-11-08 13:38:10,834 WARNING:biomolecule.py:157:num_missing_heavy:Missing atom CG in residue LYS D 44
2022-11-08 13:38:10,834 WARNING:biomolecule.py:157:num_missing_heavy:Missing atom CD in residue LYS D 44
2022-11-08 13:38:10,834 WARNING:biomolecule.py:157:num_missing_heavy:Missing atom CE in residue LYS D 44
2022-11-08 13:38:10,834 WARNING:biomolecule.py:157:num_missing_heavy:Missing atom NZ in residue LYS D 44
2022-11-08 13:38:10,834 WARNING:biomolecule.py:157:num_missing_heavy:Missing atom CG in residue LYS D 61
2022-11-08 13:38:10,834 WARNING:biomolecule.py:157:num_missing_heavy:Missing atom CD in residue LYS D 61
2022-11-08 13:38:10,835 WARNING:biomolecule.py:157:num_missing_heavy:Missing atom CE in residue LYS D 61
2022-11-08 13:38:10,835 WARNING:biomolecule.py:157:num_missing_heavy:Missing atom NZ in residue LYS D 61
2022-11-08 13:38:10,835 WARNING:biomolecule.py:157:num_missing_heavy:Missing atom CE in residue LYS D 64
2022-11-08 13:38:10,835 WARNING:biomolecule.py:157:num_missing_heavy:Missing atom NZ in residue LYS D 64
2022-11-08 13:38:10,835 WARNING:biomolecule.py:157:num_missing_heavy:Missing atom CD in residue LYS D 114
2022-11-08 13:38:10,836 WARNING:biomolecule.py:157:num_missing_heavy:Missing atom CE in residue LYS D 114
2022-11-08 13:38:10,836 WARNING:biomolecule.py:157:num_missing_heavy:Missing atom NZ in residue LYS D 114
2022-11-08 13:38:10,836 WARNING:biomolecule.py:157:num_missing_heavy:Missing atom CG in residue LYS D 125
2022-11-08 13:38:10,836 WARNING:biomolecule.py:157:num_missing_heavy:Missing atom CD in residue LYS D 125
2022-11-08 13:38:10,836 WARNING:biomolecule.py:157:num_missing_heavy:Missing atom CE in residue LYS D 125
2022-11-08 13:38:10,836 WARNING:biomolecule.py:157:num_missing_heavy:Missing atom NZ in residue LYS D 125
2022-11-08 13:38:10,836 WARNING:biomolecule.py:157:num_missing_heavy:Missing atom CG in residue GLU D 131
2022-11-08 13:38:10,836 WARNING:biomolecule.py:157:num_missing_heavy:Missing atom CD in residue GLU D 131
2022-11-08 13:38:10,837 WARNING:biomolecule.py:157:num_missing_heavy:Missing atom OE1 in residue GLU D 131
2022-11-08 13:38:10,837 WARNING:biomolecule.py:157:num_missing_heavy:Missing atom OE2 in residue GLU D 131
2022-11-08 13:38:10,837 WARNING:biomolecule.py:157:num_missing_heavy:Missing atom CE in residue LYS D 134
2022-11-08 13:38:10,837 WARNING:biomolecule.py:157:num_missing_heavy:Missing atom NZ in residue LYS D 134
2022-11-08 13:38:10,837 WARNING:biomolecule.py:157:num_missing_heavy:Missing atom CD in residue GLN D 144
2022-11-08 13:38:10,837 WARNING:biomolecule.py:157:num_missing_heavy:Missing atom OE1 in residue GLN D 144
2022-11-08 13:38:10,837 WARNING:biomolecule.py:157:num_missing_heavy:Missing atom NE2 in residue GLN D 144
2022-11-08 13:38:10,838 WARNING:biomolecule.py:157:num_missing_heavy:Missing atom CG in residue ARG D 146
2022-11-08 13:38:10,838 WARNING:biomolecule.py:157:num_missing_heavy:Missing atom CD in residue ARG D 146
2022-11-08 13:38:10,838 WARNING:biomolecule.py:157:num_missing_heavy:Missing atom NE in residue ARG D 146
2022-11-08 13:38:10,838 WARNING:biomolecule.py:157:num_missing_heavy:Missing atom CZ in residue ARG D 146
2022-11-08 13:38:10,838 WARNING:biomolecule.py:157:num_missing_heavy:Missing atom NH1 in residue ARG D 146
2022-11-08 13:38:10,838 WARNING:biomolecule.py:157:num_missing_heavy:Missing atom NH2 in residue ARG D 146
2022-11-08 13:38:10,839 WARNING:biomolecule.py:157:num_missing_heavy:Missing atom CG in residue GLU D 181
2022-11-08 13:38:10,839 WARNING:biomolecule.py:157:num_missing_heavy:Missing atom CD in residue GLU D 181
2022-11-08 13:38:10,839 WARNING:biomolecule.py:157:num_missing_heavy:Missing atom OE1 in residue GLU D 181
2022-11-08 13:38:10,839 WARNING:biomolecule.py:157:num_missing_heavy:Missing atom OE2 in residue GLU D 181
2022-11-08 13:38:10,839 WARNING:biomolecule.py:157:num_missing_heavy:Missing atom CD in residue LYS D 221
2022-11-08 13:38:10,839 WARNING:biomolecule.py:157:num_missing_heavy:Missing atom CE in residue LYS D 221
2022-11-08 13:38:10,840 WARNING:biomolecule.py:157:num_missing_heavy:Missing atom NZ in residue LYS D 221
2022-11-08 13:38:10,840 WARNING:biomolecule.py:157:num_missing_heavy:Missing atom CG in residue LYS D 231
2022-11-08 13:38:10,840 WARNING:biomolecule.py:157:num_missing_heavy:Missing atom CD in residue LYS D 231
2022-11-08 13:38:10,840 WARNING:biomolecule.py:157:num_missing_heavy:Missing atom CE in residue LYS D 231
2022-11-08 13:38:10,840 WARNING:biomolecule.py:157:num_missing_heavy:Missing atom NZ in residue LYS D 231
2022-11-08 13:38:10,840 WARNING:biomolecule.py:157:num_missing_heavy:Missing atom CG in residue ASP D 236
2022-11-08 13:38:10,840 WARNING:biomolecule.py:157:num_missing_heavy:Missing atom OD1 in residue ASP D 236
2022-11-08 13:38:10,840 WARNING:biomolecule.py:157:num_missing_heavy:Missing atom OD2 in residue ASP D 236
2022-11-08 13:38:10,841 WARNING:biomolecule.py:157:num_missing_heavy:Missing atom CG in residue GLU D 260
2022-11-08 13:38:10,841 WARNING:biomolecule.py:157:num_missing_heavy:Missing atom CD in residue GLU D 260
2022-11-08 13:38:10,841 WARNING:biomolecule.py:157:num_missing_heavy:Missing atom OE1 in residue GLU D 260
2022-11-08 13:38:10,841 WARNING:biomolecule.py:157:num_missing_heavy:Missing atom OE2 in residue GLU D 260
2022-11-08 13:38:10,841 WARNING:biomolecule.py:157:num_missing_heavy:Missing atom CG in residue ASP D 261
2022-11-08 13:38:10,841 WARNING:biomolecule.py:157:num_missing_heavy:Missing atom OD1 in residue ASP D 261
2022-11-08 13:38:10,841 WARNING:biomolecule.py:157:num_missing_heavy:Missing atom OD2 in residue ASP D 261
2022-11-08 13:38:10,842 WARNING:biomolecule.py:157:num_missing_heavy:Missing atom CG in residue ARG D 264
2022-11-08 13:38:10,842 WARNING:biomolecule.py:157:num_missing_heavy:Missing atom CD in residue ARG D 264
2022-11-08 13:38:10,842 WARNING:biomolecule.py:157:num_missing_heavy:Missing atom NE in residue ARG D 264
2022-11-08 13:38:10,842 WARNING:biomolecule.py:157:num_missing_heavy:Missing atom CZ in residue ARG D 264
2022-11-08 13:38:10,842 WARNING:biomolecule.py:157:num_missing_heavy:Missing atom NH1 in residue ARG D 264
2022-11-08 13:38:10,842 WARNING:biomolecule.py:157:num_missing_heavy:Missing atom NH2 in residue ARG D 264
2022-11-08 13:38:10,843 WARNING:biomolecule.py:157:num_missing_heavy:Missing atom CG in residue GLU D 290
2022-11-08 13:38:10,843 WARNING:biomolecule.py:157:num_missing_heavy:Missing atom CD in residue GLU D 290
2022-11-08 13:38:10,843 WARNING:biomolecule.py:157:num_missing_heavy:Missing atom OE1 in residue GLU D 290
2022-11-08 13:38:10,843 WARNING:biomolecule.py:157:num_missing_heavy:Missing atom OE2 in residue GLU D 290
2022-11-08 13:38:10,843 WARNING:biomolecule.py:157:num_missing_heavy:Missing atom CE in residue LYS D 337
2022-11-08 13:38:10,843 WARNING:biomolecule.py:157:num_missing_heavy:Missing atom NZ in residue LYS D 337
2022-11-08 13:38:10,844 WARNING:biomolecule.py:157:num_missing_heavy:Missing atom CD in residue LYS D 339
2022-11-08 13:38:10,844 WARNING:biomolecule.py:157:num_missing_heavy:Missing atom CE in residue LYS D 339
2022-11-08 13:38:10,844 WARNING:biomolecule.py:157:num_missing_heavy:Missing atom NZ in residue LYS D 339
2022-11-08 13:38:10,844 WARNING:biomolecule.py:157:num_missing_heavy:Missing atom CG in residue LYS D 344
2022-11-08 13:38:10,844 WARNING:biomolecule.py:157:num_missing_heavy:Missing atom CD in residue LYS D 344
2022-11-08 13:38:10,844 WARNING:biomolecule.py:157:num_missing_heavy:Missing atom CE in residue LYS D 344
2022-11-08 13:38:10,844 WARNING:biomolecule.py:157:num_missing_heavy:Missing atom NZ in residue LYS D 344
2022-11-08 13:38:10,845 WARNING:biomolecule.py:157:num_missing_heavy:Missing atom CG in residue GLU D 373
2022-11-08 13:38:10,845 WARNING:biomolecule.py:157:num_missing_heavy:Missing atom CD in residue GLU D 373
2022-11-08 13:38:10,845 WARNING:biomolecule.py:157:num_missing_heavy:Missing atom OE1 in residue GLU D 373
2022-11-08 13:38:10,845 WARNING:biomolecule.py:157:num_missing_heavy:Missing atom OE2 in residue GLU D 373
2022-11-08 13:38:10,845 WARNING:biomolecule.py:157:num_missing_heavy:Missing atom CG in residue GLU D 392
2022-11-08 13:38:10,845 WARNING:biomolecule.py:157:num_missing_heavy:Missing atom CD in residue GLU D 392
2022-11-08 13:38:10,845 WARNING:biomolecule.py:157:num_missing_heavy:Missing atom OE1 in residue GLU D 392
2022-11-08 13:38:10,846 WARNING:biomolecule.py:157:num_missing_heavy:Missing atom OE2 in residue GLU D 392
2022-11-08 13:38:10,846 WARNING:biomolecule.py:157:num_missing_heavy:Missing atom CE in residue LYS D 395
2022-11-08 13:38:10,846 WARNING:biomolecule.py:157:num_missing_heavy:Missing atom NZ in residue LYS D 395
2022-11-08 13:38:10,846 WARNING:biomolecule.py:157:num_missing_heavy:Missing atom CD in residue GLU D 414
2022-11-08 13:38:10,846 WARNING:biomolecule.py:157:num_missing_heavy:Missing atom OE1 in residue GLU D 414
2022-11-08 13:38:10,846 WARNING:biomolecule.py:157:num_missing_heavy:Missing atom OE2 in residue GLU D 414
2022-11-08 13:38:10,847 WARNING:biomolecule.py:157:num_missing_heavy:Missing atom CD in residue LYS D 441
2022-11-08 13:38:10,847 WARNING:biomolecule.py:157:num_missing_heavy:Missing atom CE in residue LYS D 441
2022-11-08 13:38:10,847 WARNING:biomolecule.py:157:num_missing_heavy:Missing atom NZ in residue LYS D 441
2022-11-08 13:38:10,847 WARNING:biomolecule.py:157:num_missing_heavy:Missing atom CG in residue GLU D 445
2022-11-08 13:38:10,847 WARNING:biomolecule.py:157:num_missing_heavy:Missing atom CD in residue GLU D 445
2022-11-08 13:38:10,847 WARNING:biomolecule.py:157:num_missing_heavy:Missing atom OE1 in residue GLU D 445
2022-11-08 13:38:10,847 WARNING:biomolecule.py:157:num_missing_heavy:Missing atom OE2 in residue GLU D 445
2022-11-08 13:38:10,848 WARNING:biomolecule.py:157:num_missing_heavy:Missing atom CD in residue GLU D 475
2022-11-08 13:38:10,848 WARNING:biomolecule.py:157:num_missing_heavy:Missing atom OE1 in residue GLU D 475
2022-11-08 13:38:10,848 WARNING:biomolecule.py:157:num_missing_heavy:Missing atom OE2 in residue GLU D 475
2022-11-08 13:38:10,848 WARNING:biomolecule.py:157:num_missing_heavy:Missing atom CD in residue LYS D 479
2022-11-08 13:38:10,848 WARNING:biomolecule.py:157:num_missing_heavy:Missing atom CE in residue LYS D 479
2022-11-08 13:38:10,848 WARNING:biomolecule.py:157:num_missing_heavy:Missing atom NZ in residue LYS D 479
2022-11-08 13:38:10,849 WARNING:biomolecule.py:157:num_missing_heavy:Missing atom CG in residue GLU D 493
2022-11-08 13:38:10,849 WARNING:biomolecule.py:157:num_missing_heavy:Missing atom CD in residue GLU D 493
2022-11-08 13:38:10,849 WARNING:biomolecule.py:157:num_missing_heavy:Missing atom OE1 in residue GLU D 493
2022-11-08 13:38:10,849 WARNING:biomolecule.py:157:num_missing_heavy:Missing atom OE2 in residue GLU D 493
2022-11-08 13:38:10,849 WARNING:biomolecule.py:157:num_missing_heavy:Missing atom CG in residue LYS D 495
2022-11-08 13:38:10,849 WARNING:biomolecule.py:157:num_missing_heavy:Missing atom CD in residue LYS D 495
2022-11-08 13:38:10,849 WARNING:biomolecule.py:157:num_missing_heavy:Missing atom CE in residue LYS D 495
2022-11-08 13:38:10,849 WARNING:biomolecule.py:157:num_missing_heavy:Missing atom NZ in residue LYS D 495
2022-11-08 13:38:10,850 WARNING:biomolecule.py:157:num_missing_heavy:Missing atom CD1 in residue LEU D 498
2022-11-08 13:38:10,850 WARNING:biomolecule.py:157:num_missing_heavy:Missing atom CD2 in residue LEU D 498
2022-11-08 13:38:10,850 WARNING:biomolecule.py:157:num_missing_heavy:Missing atom CG in residue LYS D 500
2022-11-08 13:38:10,850 WARNING:biomolecule.py:157:num_missing_heavy:Missing atom CD in residue LYS D 500
2022-11-08 13:38:10,850 WARNING:biomolecule.py:157:num_missing_heavy:Missing atom CE in residue LYS D 500
2022-11-08 13:38:10,850 WARNING:biomolecule.py:157:num_missing_heavy:Missing atom NZ in residue LYS D 500
2022-11-08 13:38:10,850 WARNING:biomolecule.py:157:num_missing_heavy:Missing atom CG in residue TYR D 501
2022-11-08 13:38:10,850 WARNING:biomolecule.py:157:num_missing_heavy:Missing atom CD1 in residue TYR D 501
2022-11-08 13:38:10,851 WARNING:biomolecule.py:157:num_missing_heavy:Missing atom CD2 in residue TYR D 501
2022-11-08 13:38:10,851 WARNING:biomolecule.py:157:num_missing_heavy:Missing atom CE1 in residue TYR D 501
2022-11-08 13:38:10,851 WARNING:biomolecule.py:157:num_missing_heavy:Missing atom CE2 in residue TYR D 501
2022-11-08 13:38:10,851 WARNING:biomolecule.py:157:num_missing_heavy:Missing atom CZ in residue TYR D 501
2022-11-08 13:38:10,851 WARNING:biomolecule.py:157:num_missing_heavy:Missing atom OH in residue TYR D 501
2022-11-08 13:38:10,851 WARNING:biomolecule.py:157:num_missing_heavy:Missing atom OXT in residue TYR D 501
2022-11-08 13:38:10,851 WARNING:biomolecule.py:157:num_missing_heavy:Missing atom OG1 in residue THR Y 66
2022-11-08 13:38:10,851 WARNING:biomolecule.py:157:num_missing_heavy:Missing atom CG2 in residue THR Y 66
2022-11-08 13:38:10,852 WARNING:biomolecule.py:157:num_missing_heavy:Missing atom CG in residue LYS Y 68
2022-11-08 13:38:10,852 WARNING:biomolecule.py:157:num_missing_heavy:Missing atom CD in residue LYS Y 68
2022-11-08 13:38:10,852 WARNING:biomolecule.py:157:num_missing_heavy:Missing atom CE in residue LYS Y 68
2022-11-08 13:38:10,852 WARNING:biomolecule.py:157:num_missing_heavy:Missing atom NZ in residue LYS Y 68
2022-11-08 13:38:10,852 WARNING:biomolecule.py:157:num_missing_heavy:Missing atom CG in residue GLU Y 83
2022-11-08 13:38:10,852 WARNING:biomolecule.py:157:num_missing_heavy:Missing atom CD in residue GLU Y 83
2022-11-08 13:38:10,852 WARNING:biomolecule.py:157:num_missing_heavy:Missing atom OE1 in residue GLU Y 83
2022-11-08 13:38:10,852 WARNING:biomolecule.py:157:num_missing_heavy:Missing atom OE2 in residue GLU Y 83
2022-11-08 13:38:10,853 WARNING:biomolecule.py:157:num_missing_heavy:Missing atom CG in residue LYS Y 84
2022-11-08 13:38:10,853 WARNING:biomolecule.py:157:num_missing_heavy:Missing atom CD in residue LYS Y 84
2022-11-08 13:38:10,853 WARNING:biomolecule.py:157:num_missing_heavy:Missing atom CE in residue LYS Y 84
2022-11-08 13:38:10,853 WARNING:biomolecule.py:157:num_missing_heavy:Missing atom NZ in residue LYS Y 84
2022-11-08 13:38:10,853 WARNING:biomolecule.py:157:num_missing_heavy:Missing atom OXT in residue LYS Y 84
2022-11-08 13:38:10,853 WARNING:biomolecule.py:157:num_missing_heavy:Missing atom CG in residue LYS A 22
2022-11-08 13:38:10,853 WARNING:biomolecule.py:157:num_missing_heavy:Missing atom CD in residue LYS A 22
2022-11-08 13:38:10,853 WARNING:biomolecule.py:157:num_missing_heavy:Missing atom CE in residue LYS A 22
2022-11-08 13:38:10,854 WARNING:biomolecule.py:157:num_missing_heavy:Missing atom NZ in residue LYS A 22
2022-11-08 13:38:10,854 WARNING:biomolecule.py:157:num_missing_heavy:Missing atom CG in residue GLN A 33
2022-11-08 13:38:10,854 WARNING:biomolecule.py:157:num_missing_heavy:Missing atom CD in residue GLN A 33
2022-11-08 13:38:10,854 WARNING:biomolecule.py:157:num_missing_heavy:Missing atom OE1 in residue GLN A 33
2022-11-08 13:38:10,854 WARNING:biomolecule.py:157:num_missing_heavy:Missing atom NE2 in residue GLN A 33
2022-11-08 13:38:10,854 WARNING:biomolecule.py:157:num_missing_heavy:Missing atom CG in residue LYS A 44
2022-11-08 13:38:10,854 WARNING:biomolecule.py:157:num_missing_heavy:Missing atom CD in residue LYS A 44
2022-11-08 13:38:10,855 WARNING:biomolecule.py:157:num_missing_heavy:Missing atom CE in residue LYS A 44
2022-11-08 13:38:10,855 WARNING:biomolecule.py:157:num_missing_heavy:Missing atom NZ in residue LYS A 44
2022-11-08 13:38:10,855 WARNING:biomolecule.py:157:num_missing_heavy:Missing atom CE in residue LYS A 58
2022-11-08 13:38:10,855 WARNING:biomolecule.py:157:num_missing_heavy:Missing atom NZ in residue LYS A 58
2022-11-08 13:38:10,855 WARNING:biomolecule.py:157:num_missing_heavy:Missing atom CG in residue LYS A 61
2022-11-08 13:38:10,855 WARNING:biomolecule.py:157:num_missing_heavy:Missing atom CD in residue LYS A 61
2022-11-08 13:38:10,855 WARNING:biomolecule.py:157:num_missing_heavy:Missing atom CE in residue LYS A 61
2022-11-08 13:38:10,856 WARNING:biomolecule.py:157:num_missing_heavy:Missing atom NZ in residue LYS A 61
2022-11-08 13:38:10,856 WARNING:biomolecule.py:157:num_missing_heavy:Missing atom CG in residue LYS A 64
2022-11-08 13:38:10,856 WARNING:biomolecule.py:157:num_missing_heavy:Missing atom CD in residue LYS A 64
2022-11-08 13:38:10,856 WARNING:biomolecule.py:157:num_missing_heavy:Missing atom CE in residue LYS A 64
2022-11-08 13:38:10,856 WARNING:biomolecule.py:157:num_missing_heavy:Missing atom NZ in residue LYS A 64
2022-11-08 13:38:10,856 WARNING:biomolecule.py:157:num_missing_heavy:Missing atom CE in residue LYS A 114
2022-11-08 13:38:10,857 WARNING:biomolecule.py:157:num_missing_heavy:Missing atom NZ in residue LYS A 114
2022-11-08 13:38:10,857 WARNING:biomolecule.py:157:num_missing_heavy:Missing atom CG in residue LYS A 125
2022-11-08 13:38:10,857 WARNING:biomolecule.py:157:num_missing_heavy:Missing atom CD in residue LYS A 125
2022-11-08 13:38:10,857 WARNING:biomolecule.py:157:num_missing_heavy:Missing atom CE in residue LYS A 125
2022-11-08 13:38:10,857 WARNING:biomolecule.py:157:num_missing_heavy:Missing atom NZ in residue LYS A 125
2022-11-08 13:38:10,857 WARNING:biomolecule.py:157:num_missing_heavy:Missing atom CG in residue GLU A 131
2022-11-08 13:38:10,857 WARNING:biomolecule.py:157:num_missing_heavy:Missing atom CD in residue GLU A 131
2022-11-08 13:38:10,858 WARNING:biomolecule.py:157:num_missing_heavy:Missing atom OE1 in residue GLU A 131
2022-11-08 13:38:10,858 WARNING:biomolecule.py:157:num_missing_heavy:Missing atom OE2 in residue GLU A 131
2022-11-08 13:38:10,858 WARNING:biomolecule.py:157:num_missing_heavy:Missing atom CD in residue LYS A 134
2022-11-08 13:38:10,858 WARNING:biomolecule.py:157:num_missing_heavy:Missing atom CE in residue LYS A 134
2022-11-08 13:38:10,858 WARNING:biomolecule.py:157:num_missing_heavy:Missing atom NZ in residue LYS A 134
2022-11-08 13:38:10,858 WARNING:biomolecule.py:157:num_missing_heavy:Missing atom CD in residue GLN A 144
2022-11-08 13:38:10,858 WARNING:biomolecule.py:157:num_missing_heavy:Missing atom OE1 in residue GLN A 144
2022-11-08 13:38:10,858 WARNING:biomolecule.py:157:num_missing_heavy:Missing atom NE2 in residue GLN A 144
2022-11-08 13:38:10,859 WARNING:biomolecule.py:157:num_missing_heavy:Missing atom CG in residue ARG A 146
2022-11-08 13:38:10,859 WARNING:biomolecule.py:157:num_missing_heavy:Missing atom CD in residue ARG A 146
2022-11-08 13:38:10,859 WARNING:biomolecule.py:157:num_missing_heavy:Missing atom NE in residue ARG A 146
2022-11-08 13:38:10,859 WARNING:biomolecule.py:157:num_missing_heavy:Missing atom CZ in residue ARG A 146
2022-11-08 13:38:10,859 WARNING:biomolecule.py:157:num_missing_heavy:Missing atom NH1 in residue ARG A 146
2022-11-08 13:38:10,859 WARNING:biomolecule.py:157:num_missing_heavy:Missing atom NH2 in residue ARG A 146
2022-11-08 13:38:10,860 WARNING:biomolecule.py:157:num_missing_heavy:Missing atom CG in residue LYS A 221
2022-11-08 13:38:10,860 WARNING:biomolecule.py:157:num_missing_heavy:Missing atom CD in residue LYS A 221
2022-11-08 13:38:10,860 WARNING:biomolecule.py:157:num_missing_heavy:Missing atom CE in residue LYS A 221
2022-11-08 13:38:10,860 WARNING:biomolecule.py:157:num_missing_heavy:Missing atom NZ in residue LYS A 221
2022-11-08 13:38:10,860 WARNING:biomolecule.py:157:num_missing_heavy:Missing atom CG in residue LYS A 231
2022-11-08 13:38:10,861 WARNING:biomolecule.py:157:num_missing_heavy:Missing atom CD in residue LYS A 231
2022-11-08 13:38:10,861 WARNING:biomolecule.py:157:num_missing_heavy:Missing atom CE in residue LYS A 231
2022-11-08 13:38:10,861 WARNING:biomolecule.py:157:num_missing_heavy:Missing atom NZ in residue LYS A 231
2022-11-08 13:38:10,861 WARNING:biomolecule.py:157:num_missing_heavy:Missing atom CG in residue ASP A 236
2022-11-08 13:38:10,861 WARNING:biomolecule.py:157:num_missing_heavy:Missing atom OD1 in residue ASP A 236
2022-11-08 13:38:10,861 WARNING:biomolecule.py:157:num_missing_heavy:Missing atom OD2 in residue ASP A 236
2022-11-08 13:38:10,861 WARNING:biomolecule.py:157:num_missing_heavy:Missing atom CG in residue GLU A 260
2022-11-08 13:38:10,862 WARNING:biomolecule.py:157:num_missing_heavy:Missing atom CD in residue GLU A 260
2022-11-08 13:38:10,862 WARNING:biomolecule.py:157:num_missing_heavy:Missing atom OE1 in residue GLU A 260
2022-11-08 13:38:10,862 WARNING:biomolecule.py:157:num_missing_heavy:Missing atom OE2 in residue GLU A 260
2022-11-08 13:38:10,862 WARNING:biomolecule.py:157:num_missing_heavy:Missing atom CG in residue ASP A 261
2022-11-08 13:38:10,862 WARNING:biomolecule.py:157:num_missing_heavy:Missing atom OD1 in residue ASP A 261
2022-11-08 13:38:10,862 WARNING:biomolecule.py:157:num_missing_heavy:Missing atom OD2 in residue ASP A 261
2022-11-08 13:38:10,862 WARNING:biomolecule.py:157:num_missing_heavy:Missing atom CG in residue ARG A 264
2022-11-08 13:38:10,862 WARNING:biomolecule.py:157:num_missing_heavy:Missing atom CD in residue ARG A 264
2022-11-08 13:38:10,863 WARNING:biomolecule.py:157:num_missing_heavy:Missing atom NE in residue ARG A 264
2022-11-08 13:38:10,863 WARNING:biomolecule.py:157:num_missing_heavy:Missing atom CZ in residue ARG A 264
2022-11-08 13:38:10,863 WARNING:biomolecule.py:157:num_missing_heavy:Missing atom NH1 in residue ARG A 264
2022-11-08 13:38:10,863 WARNING:biomolecule.py:157:num_missing_heavy:Missing atom NH2 in residue ARG A 264
2022-11-08 13:38:10,864 WARNING:biomolecule.py:157:num_missing_heavy:Missing atom CE in residue LYS A 339
2022-11-08 13:38:10,864 WARNING:biomolecule.py:157:num_missing_heavy:Missing atom NZ in residue LYS A 339
2022-11-08 13:38:10,864 WARNING:biomolecule.py:157:num_missing_heavy:Missing atom CD in residue LYS A 344
2022-11-08 13:38:10,864 WARNING:biomolecule.py:157:num_missing_heavy:Missing atom CE in residue LYS A 344
2022-11-08 13:38:10,864 WARNING:biomolecule.py:157:num_missing_heavy:Missing atom NZ in residue LYS A 344
2022-11-08 13:38:10,864 WARNING:biomolecule.py:157:num_missing_heavy:Missing atom CG in residue GLU A 373
2022-11-08 13:38:10,864 WARNING:biomolecule.py:157:num_missing_heavy:Missing atom CD in residue GLU A 373
2022-11-08 13:38:10,865 WARNING:biomolecule.py:157:num_missing_heavy:Missing atom OE1 in residue GLU A 373
2022-11-08 13:38:10,865 WARNING:biomolecule.py:157:num_missing_heavy:Missing atom OE2 in residue GLU A 373
2022-11-08 13:38:10,865 WARNING:biomolecule.py:157:num_missing_heavy:Missing atom CG in residue GLU A 392
2022-11-08 13:38:10,865 WARNING:biomolecule.py:157:num_missing_heavy:Missing atom CD in residue GLU A 392
2022-11-08 13:38:10,865 WARNING:biomolecule.py:157:num_missing_heavy:Missing atom OE1 in residue GLU A 392
2022-11-08 13:38:10,865 WARNING:biomolecule.py:157:num_missing_heavy:Missing atom OE2 in residue GLU A 392
2022-11-08 13:38:10,866 WARNING:biomolecule.py:157:num_missing_heavy:Missing atom CD in residue GLU A 414
2022-11-08 13:38:10,866 WARNING:biomolecule.py:157:num_missing_heavy:Missing atom OE1 in residue GLU A 414
2022-11-08 13:38:10,866 WARNING:biomolecule.py:157:num_missing_heavy:Missing atom OE2 in residue GLU A 414
2022-11-08 13:38:10,866 WARNING:biomolecule.py:157:num_missing_heavy:Missing atom CD in residue LYS A 441
2022-11-08 13:38:10,866 WARNING:biomolecule.py:157:num_missing_heavy:Missing atom CE in residue LYS A 441
2022-11-08 13:38:10,866 WARNING:biomolecule.py:157:num_missing_heavy:Missing atom NZ in residue LYS A 441
2022-11-08 13:38:10,867 WARNING:biomolecule.py:157:num_missing_heavy:Missing atom CG in residue GLU A 445
2022-11-08 13:38:10,867 WARNING:biomolecule.py:157:num_missing_heavy:Missing atom CD in residue GLU A 445
2022-11-08 13:38:10,867 WARNING:biomolecule.py:157:num_missing_heavy:Missing atom OE1 in residue GLU A 445
2022-11-08 13:38:10,867 WARNING:biomolecule.py:157:num_missing_heavy:Missing atom OE2 in residue GLU A 445
2022-11-08 13:38:10,867 WARNING:biomolecule.py:157:num_missing_heavy:Missing atom CE in residue LYS A 495
2022-11-08 13:38:10,867 WARNING:biomolecule.py:157:num_missing_heavy:Missing atom NZ in residue LYS A 495
2022-11-08 13:38:10,868 WARNING:biomolecule.py:157:num_missing_heavy:Missing atom CG in residue LYS A 500
2022-11-08 13:38:10,868 WARNING:biomolecule.py:157:num_missing_heavy:Missing atom CD in residue LYS A 500
2022-11-08 13:38:10,868 WARNING:biomolecule.py:157:num_missing_heavy:Missing atom CE in residue LYS A 500
2022-11-08 13:38:10,868 WARNING:biomolecule.py:157:num_missing_heavy:Missing atom NZ in residue LYS A 500
2022-11-08 13:38:10,868 WARNING:biomolecule.py:157:num_missing_heavy:Missing atom OXT in residue TYR A 501
2022-11-08 13:38:10,868 WARNING:biomolecule.py:157:num_missing_heavy:Missing atom OG1 in residue THR C 66
2022-11-08 13:38:10,868 WARNING:biomolecule.py:157:num_missing_heavy:Missing atom CG2 in residue THR C 66
2022-11-08 13:38:10,869 WARNING:biomolecule.py:157:num_missing_heavy:Missing atom CG in residue LYS C 68
2022-11-08 13:38:10,869 WARNING:biomolecule.py:157:num_missing_heavy:Missing atom CD in residue LYS C 68
2022-11-08 13:38:10,869 WARNING:biomolecule.py:157:num_missing_heavy:Missing atom CE in residue LYS C 68
2022-11-08 13:38:10,869 WARNING:biomolecule.py:157:num_missing_heavy:Missing atom NZ in residue LYS C 68
2022-11-08 13:38:10,869 WARNING:biomolecule.py:157:num_missing_heavy:Missing atom CG in residue LYS C 84
2022-11-08 13:38:10,869 WARNING:biomolecule.py:157:num_missing_heavy:Missing atom CD in residue LYS C 84
2022-11-08 13:38:10,869 WARNING:biomolecule.py:157:num_missing_heavy:Missing atom CE in residue LYS C 84
2022-11-08 13:38:10,869 WARNING:biomolecule.py:157:num_missing_heavy:Missing atom NZ in residue LYS C 84
2022-11-08 13:38:10,870 WARNING:biomolecule.py:157:num_missing_heavy:Missing atom OXT in residue LYS C 84
2022-11-08 13:38:10,870 WARNING:biomolecule.py:157:num_missing_heavy:Missing atom CG1 in residue VAL D 19
2022-11-08 13:38:10,870 WARNING:biomolecule.py:157:num_missing_heavy:Missing atom CG2 in residue VAL D 19
2022-11-08 13:38:10,870 WARNING:biomolecule.py:157:num_missing_heavy:Missing atom CG in residue LYS D 22
2022-11-08 13:38:10,870 WARNING:biomolecule.py:157:num_missing_heavy:Missing atom CD in residue LYS D 22
2022-11-08 13:38:10,870 WARNING:biomolecule.py:157:num_missing_heavy:Missing atom CE in residue LYS D 22
2022-11-08 13:38:10,870 WARNING:biomolecule.py:157:num_missing_heavy:Missing atom NZ in residue LYS D 22
2022-11-08 13:38:10,871 WARNING:biomolecule.py:157:num_missing_heavy:Missing atom CD in residue GLN D 33
2022-11-08 13:38:10,871 WARNING:biomolecule.py:157:num_missing_heavy:Missing atom OE1 in residue GLN D 33
2022-11-08 13:38:10,871 WARNING:biomolecule.py:157:num_missing_heavy:Missing atom NE2 in residue GLN D 33
2022-11-08 13:38:10,871 WARNING:biomolecule.py:157:num_missing_heavy:Missing atom CG in residue LYS D 44
2022-11-08 13:38:10,871 WARNING:biomolecule.py:157:num_missing_heavy:Missing atom CD in residue LYS D 44
2022-11-08 13:38:10,871 WARNING:biomolecule.py:157:num_missing_heavy:Missing atom CE in residue LYS D 44
2022-11-08 13:38:10,871 WARNING:biomolecule.py:157:num_missing_heavy:Missing atom NZ in residue LYS D 44
2022-11-08 13:38:10,872 WARNING:biomolecule.py:157:num_missing_heavy:Missing atom CG in residue LYS D 61
2022-11-08 13:38:10,872 WARNING:biomolecule.py:157:num_missing_heavy:Missing atom CD in residue LYS D 61
2022-11-08 13:38:10,872 WARNING:biomolecule.py:157:num_missing_heavy:Missing atom CE in residue LYS D 61
2022-11-08 13:38:10,872 WARNING:biomolecule.py:157:num_missing_heavy:Missing atom NZ in residue LYS D 61
2022-11-08 13:38:10,872 WARNING:biomolecule.py:157:num_missing_heavy:Missing atom CE in residue LYS D 64
2022-11-08 13:38:10,872 WARNING:biomolecule.py:157:num_missing_heavy:Missing atom NZ in residue LYS D 64
2022-11-08 13:38:10,873 WARNING:biomolecule.py:157:num_missing_heavy:Missing atom CD in residue LYS D 114
2022-11-08 13:38:10,873 WARNING:biomolecule.py:157:num_missing_heavy:Missing atom CE in residue LYS D 114
2022-11-08 13:38:10,873 WARNING:biomolecule.py:157:num_missing_heavy:Missing atom NZ in residue LYS D 114
2022-11-08 13:38:10,873 WARNING:biomolecule.py:157:num_missing_heavy:Missing atom CG in residue LYS D 125
2022-11-08 13:38:10,873 WARNING:biomolecule.py:157:num_missing_heavy:Missing atom CD in residue LYS D 125
2022-11-08 13:38:10,873 WARNING:biomolecule.py:157:num_missing_heavy:Missing atom CE in residue LYS D 125
2022-11-08 13:38:10,873 WARNING:biomolecule.py:157:num_missing_heavy:Missing atom NZ in residue LYS D 125
2022-11-08 13:38:10,874 WARNING:biomolecule.py:157:num_missing_heavy:Missing atom CG in residue GLU D 131
2022-11-08 13:38:10,874 WARNING:biomolecule.py:157:num_missing_heavy:Missing atom CD in residue GLU D 131
2022-11-08 13:38:10,874 WARNING:biomolecule.py:157:num_missing_heavy:Missing atom OE1 in residue GLU D 131
2022-11-08 13:38:10,874 WARNING:biomolecule.py:157:num_missing_heavy:Missing atom OE2 in residue GLU D 131
2022-11-08 13:38:10,874 WARNING:biomolecule.py:157:num_missing_heavy:Missing atom CE in residue LYS D 134
2022-11-08 13:38:10,874 WARNING:biomolecule.py:157:num_missing_heavy:Missing atom NZ in residue LYS D 134
2022-11-08 13:38:10,874 WARNING:biomolecule.py:157:num_missing_heavy:Missing atom CD in residue GLN D 144
2022-11-08 13:38:10,875 WARNING:biomolecule.py:157:num_missing_heavy:Missing atom OE1 in residue GLN D 144
2022-11-08 13:38:10,875 WARNING:biomolecule.py:157:num_missing_heavy:Missing atom NE2 in residue GLN D 144
2022-11-08 13:38:10,875 WARNING:biomolecule.py:157:num_missing_heavy:Missing atom CG in residue ARG D 146
2022-11-08 13:38:10,875 WARNING:biomolecule.py:157:num_missing_heavy:Missing atom CD in residue ARG D 146
2022-11-08 13:38:10,875 WARNING:biomolecule.py:157:num_missing_heavy:Missing atom NE in residue ARG D 146
2022-11-08 13:38:10,875 WARNING:biomolecule.py:157:num_missing_heavy:Missing atom CZ in residue ARG D 146
2022-11-08 13:38:10,875 WARNING:biomolecule.py:157:num_missing_heavy:Missing atom NH1 in residue ARG D 146
2022-11-08 13:38:10,875 WARNING:biomolecule.py:157:num_missing_heavy:Missing atom NH2 in residue ARG D 146
2022-11-08 13:38:10,876 WARNING:biomolecule.py:157:num_missing_heavy:Missing atom CG in residue GLU D 181
2022-11-08 13:38:10,876 WARNING:biomolecule.py:157:num_missing_heavy:Missing atom CD in residue GLU D 181
2022-11-08 13:38:10,876 WARNING:biomolecule.py:157:num_missing_heavy:Missing atom OE1 in residue GLU D 181
2022-11-08 13:38:10,876 WARNING:biomolecule.py:157:num_missing_heavy:Missing atom OE2 in residue GLU D 181
2022-11-08 13:38:10,877 WARNING:biomolecule.py:157:num_missing_heavy:Missing atom CD in residue LYS D 221
2022-11-08 13:38:10,877 WARNING:biomolecule.py:157:num_missing_heavy:Missing atom CE in residue LYS D 221
2022-11-08 13:38:10,877 WARNING:biomolecule.py:157:num_missing_heavy:Missing atom NZ in residue LYS D 221
2022-11-08 13:38:10,877 WARNING:biomolecule.py:157:num_missing_heavy:Missing atom CG in residue LYS D 231
2022-11-08 13:38:10,877 WARNING:biomolecule.py:157:num_missing_heavy:Missing atom CD in residue LYS D 231
2022-11-08 13:38:10,877 WARNING:biomolecule.py:157:num_missing_heavy:Missing atom CE in residue LYS D 231
2022-11-08 13:38:10,877 WARNING:biomolecule.py:157:num_missing_heavy:Missing atom NZ in residue LYS D 231
2022-11-08 13:38:10,877 WARNING:biomolecule.py:157:num_missing_heavy:Missing atom CG in residue ASP D 236
2022-11-08 13:38:10,878 WARNING:biomolecule.py:157:num_missing_heavy:Missing atom OD1 in residue ASP D 236
2022-11-08 13:38:10,878 WARNING:biomolecule.py:157:num_missing_heavy:Missing atom OD2 in residue ASP D 236
2022-11-08 13:38:10,878 WARNING:biomolecule.py:157:num_missing_heavy:Missing atom CG in residue GLU D 260
2022-11-08 13:38:10,878 WARNING:biomolecule.py:157:num_missing_heavy:Missing atom CD in residue GLU D 260
2022-11-08 13:38:10,878 WARNING:biomolecule.py:157:num_missing_heavy:Missing atom OE1 in residue GLU D 260
2022-11-08 13:38:10,878 WARNING:biomolecule.py:157:num_missing_heavy:Missing atom OE2 in residue GLU D 260
2022-11-08 13:38:10,878 WARNING:biomolecule.py:157:num_missing_heavy:Missing atom CG in residue ASP D 261
2022-11-08 13:38:10,879 WARNING:biomolecule.py:157:num_missing_heavy:Missing atom OD1 in residue ASP D 261
2022-11-08 13:38:10,879 WARNING:biomolecule.py:157:num_missing_heavy:Missing atom OD2 in residue ASP D 261
2022-11-08 13:38:10,879 WARNING:biomolecule.py:157:num_missing_heavy:Missing atom CG in residue ARG D 264
2022-11-08 13:38:10,879 WARNING:biomolecule.py:157:num_missing_heavy:Missing atom CD in residue ARG D 264
2022-11-08 13:38:10,879 WARNING:biomolecule.py:157:num_missing_heavy:Missing atom NE in residue ARG D 264
2022-11-08 13:38:10,879 WARNING:biomolecule.py:157:num_missing_heavy:Missing atom CZ in residue ARG D 264
2022-11-08 13:38:10,879 WARNING:biomolecule.py:157:num_missing_heavy:Missing atom NH1 in residue ARG D 264
2022-11-08 13:38:10,879 WARNING:biomolecule.py:157:num_missing_heavy:Missing atom NH2 in residue ARG D 264
2022-11-08 13:38:10,880 WARNING:biomolecule.py:157:num_missing_heavy:Missing atom CG in residue GLU D 290
2022-11-08 13:38:10,880 WARNING:biomolecule.py:157:num_missing_heavy:Missing atom CD in residue GLU D 290
2022-11-08 13:38:10,880 WARNING:biomolecule.py:157:num_missing_heavy:Missing atom OE1 in residue GLU D 290
2022-11-08 13:38:10,880 WARNING:biomolecule.py:157:num_missing_heavy:Missing atom OE2 in residue GLU D 290
2022-11-08 13:38:10,881 WARNING:biomolecule.py:157:num_missing_heavy:Missing atom CE in residue LYS D 337
2022-11-08 13:38:10,881 WARNING:biomolecule.py:157:num_missing_heavy:Missing atom NZ in residue LYS D 337
2022-11-08 13:38:10,881 WARNING:biomolecule.py:157:num_missing_heavy:Missing atom CD in residue LYS D 339
2022-11-08 13:38:10,881 WARNING:biomolecule.py:157:num_missing_heavy:Missing atom CE in residue LYS D 339
2022-11-08 13:38:10,881 WARNING:biomolecule.py:157:num_missing_heavy:Missing atom NZ in residue LYS D 339
2022-11-08 13:38:10,881 WARNING:biomolecule.py:157:num_missing_heavy:Missing atom CG in residue LYS D 344
2022-11-08 13:38:10,881 WARNING:biomolecule.py:157:num_missing_heavy:Missing atom CD in residue LYS D 344
2022-11-08 13:38:10,881 WARNING:biomolecule.py:157:num_missing_heavy:Missing atom CE in residue LYS D 344
2022-11-08 13:38:10,882 WARNING:biomolecule.py:157:num_missing_heavy:Missing atom NZ in residue LYS D 344
2022-11-08 13:38:10,882 WARNING:biomolecule.py:157:num_missing_heavy:Missing atom CG in residue GLU D 373
2022-11-08 13:38:10,882 WARNING:biomolecule.py:157:num_missing_heavy:Missing atom CD in residue GLU D 373
2022-11-08 13:38:10,882 WARNING:biomolecule.py:157:num_missing_heavy:Missing atom OE1 in residue GLU D 373
2022-11-08 13:38:10,882 WARNING:biomolecule.py:157:num_missing_heavy:Missing atom OE2 in residue GLU D 373
2022-11-08 13:38:10,882 WARNING:biomolecule.py:157:num_missing_heavy:Missing atom CG in residue GLU D 392
2022-11-08 13:38:10,883 WARNING:biomolecule.py:157:num_missing_heavy:Missing atom CD in residue GLU D 392
2022-11-08 13:38:10,883 WARNING:biomolecule.py:157:num_missing_heavy:Missing atom OE1 in residue GLU D 392
2022-11-08 13:38:10,883 WARNING:biomolecule.py:157:num_missing_heavy:Missing atom OE2 in residue GLU D 392
2022-11-08 13:38:10,883 WARNING:biomolecule.py:157:num_missing_heavy:Missing atom CE in residue LYS D 395
2022-11-08 13:38:10,883 WARNING:biomolecule.py:157:num_missing_heavy:Missing atom NZ in residue LYS D 395
2022-11-08 13:38:10,883 WARNING:biomolecule.py:157:num_missing_heavy:Missing atom CD in residue GLU D 414
2022-11-08 13:38:10,883 WARNING:biomolecule.py:157:num_missing_heavy:Missing atom OE1 in residue GLU D 414
2022-11-08 13:38:10,884 WARNING:biomolecule.py:157:num_missing_heavy:Missing atom OE2 in residue GLU D 414
2022-11-08 13:38:10,884 WARNING:biomolecule.py:157:num_missing_heavy:Missing atom CD in residue LYS D 441
2022-11-08 13:38:10,884 WARNING:biomolecule.py:157:num_missing_heavy:Missing atom CE in residue LYS D 441
2022-11-08 13:38:10,884 WARNING:biomolecule.py:157:num_missing_heavy:Missing atom NZ in residue LYS D 441
2022-11-08 13:38:10,884 WARNING:biomolecule.py:157:num_missing_heavy:Missing atom CG in residue GLU D 445
2022-11-08 13:38:10,884 WARNING:biomolecule.py:157:num_missing_heavy:Missing atom CD in residue GLU D 445
2022-11-08 13:38:10,885 WARNING:biomolecule.py:157:num_missing_heavy:Missing atom OE1 in residue GLU D 445
2022-11-08 13:38:10,885 WARNING:biomolecule.py:157:num_missing_heavy:Missing atom OE2 in residue GLU D 445
2022-11-08 13:38:10,885 WARNING:biomolecule.py:157:num_missing_heavy:Missing atom CD in residue GLU D 475
2022-11-08 13:38:10,885 WARNING:biomolecule.py:157:num_missing_heavy:Missing atom OE1 in residue GLU D 475
2022-11-08 13:38:10,885 WARNING:biomolecule.py:157:num_missing_heavy:Missing atom OE2 in residue GLU D 475
2022-11-08 13:38:10,885 WARNING:biomolecule.py:157:num_missing_heavy:Missing atom CD in residue LYS D 479
2022-11-08 13:38:10,885 WARNING:biomolecule.py:157:num_missing_heavy:Missing atom CE in residue LYS D 479
2022-11-08 13:38:10,886 WARNING:biomolecule.py:157:num_missing_heavy:Missing atom NZ in residue LYS D 479
2022-11-08 13:38:10,886 WARNING:biomolecule.py:157:num_missing_heavy:Missing atom CG in residue GLU D 493
2022-11-08 13:38:10,886 WARNING:biomolecule.py:157:num_missing_heavy:Missing atom CD in residue GLU D 493
2022-11-08 13:38:10,886 WARNING:biomolecule.py:157:num_missing_heavy:Missing atom OE1 in residue GLU D 493
2022-11-08 13:38:10,886 WARNING:biomolecule.py:157:num_missing_heavy:Missing atom OE2 in residue GLU D 493
2022-11-08 13:38:10,886 WARNING:biomolecule.py:157:num_missing_heavy:Missing atom CG in residue LYS D 495
2022-11-08 13:38:10,886 WARNING:biomolecule.py:157:num_missing_heavy:Missing atom CD in residue LYS D 495
2022-11-08 13:38:10,887 WARNING:biomolecule.py:157:num_missing_heavy:Missing atom CE in residue LYS D 495
2022-11-08 13:38:10,887 WARNING:biomolecule.py:157:num_missing_heavy:Missing atom NZ in residue LYS D 495
2022-11-08 13:38:10,887 WARNING:biomolecule.py:157:num_missing_heavy:Missing atom CD1 in residue LEU D 498
2022-11-08 13:38:10,887 WARNING:biomolecule.py:157:num_missing_heavy:Missing atom CD2 in residue LEU D 498
2022-11-08 13:38:10,887 WARNING:biomolecule.py:157:num_missing_heavy:Missing atom CG in residue LYS D 500
2022-11-08 13:38:10,887 WARNING:biomolecule.py:157:num_missing_heavy:Missing atom CD in residue LYS D 500
2022-11-08 13:38:10,887 WARNING:biomolecule.py:157:num_missing_heavy:Missing atom CE in residue LYS D 500
2022-11-08 13:38:10,887 WARNING:biomolecule.py:157:num_missing_heavy:Missing atom NZ in residue LYS D 500
2022-11-08 13:38:10,888 WARNING:biomolecule.py:157:num_missing_heavy:Missing atom CG in residue TYR D 501
2022-11-08 13:38:10,888 WARNING:biomolecule.py:157:num_missing_heavy:Missing atom CD1 in residue TYR D 501
2022-11-08 13:38:10,888 WARNING:biomolecule.py:157:num_missing_heavy:Missing atom CD2 in residue TYR D 501
2022-11-08 13:38:10,888 WARNING:biomolecule.py:157:num_missing_heavy:Missing atom CE1 in residue TYR D 501
2022-11-08 13:38:10,888 WARNING:biomolecule.py:157:num_missing_heavy:Missing atom CE2 in residue TYR D 501
2022-11-08 13:38:10,888 WARNING:biomolecule.py:157:num_missing_heavy:Missing atom CZ in residue TYR D 501
2022-11-08 13:38:10,888 WARNING:biomolecule.py:157:num_missing_heavy:Missing atom OH in residue TYR D 501
2022-11-08 13:38:10,888 WARNING:biomolecule.py:157:num_missing_heavy:Missing atom OXT in residue TYR D 501
2022-11-08 13:38:10,889 WARNING:biomolecule.py:157:num_missing_heavy:Missing atom OG1 in residue THR Y 66
2022-11-08 13:38:10,889 WARNING:biomolecule.py:157:num_missing_heavy:Missing atom CG2 in residue THR Y 66
2022-11-08 13:38:10,889 WARNING:biomolecule.py:157:num_missing_heavy:Missing atom CG in residue LYS Y 68
2022-11-08 13:38:10,889 WARNING:biomolecule.py:157:num_missing_heavy:Missing atom CD in residue LYS Y 68
2022-11-08 13:38:10,889 WARNING:biomolecule.py:157:num_missing_heavy:Missing atom CE in residue LYS Y 68
2022-11-08 13:38:10,889 WARNING:biomolecule.py:157:num_missing_heavy:Missing atom NZ in residue LYS Y 68
2022-11-08 13:38:10,889 WARNING:biomolecule.py:157:num_missing_heavy:Missing atom CG in residue GLU Y 83
2022-11-08 13:38:10,889 WARNING:biomolecule.py:157:num_missing_heavy:Missing atom CD in residue GLU Y 83
2022-11-08 13:38:10,890 WARNING:biomolecule.py:157:num_missing_heavy:Missing atom OE1 in residue GLU Y 83
2022-11-08 13:38:10,890 WARNING:biomolecule.py:157:num_missing_heavy:Missing atom OE2 in residue GLU Y 83
2022-11-08 13:38:10,890 WARNING:biomolecule.py:157:num_missing_heavy:Missing atom CG in residue LYS Y 84
2022-11-08 13:38:10,890 WARNING:biomolecule.py:157:num_missing_heavy:Missing atom CD in residue LYS Y 84
2022-11-08 13:38:10,890 WARNING:biomolecule.py:157:num_missing_heavy:Missing atom CE in residue LYS Y 84
2022-11-08 13:38:10,890 WARNING:biomolecule.py:157:num_missing_heavy:Missing atom NZ in residue LYS Y 84
2022-11-08 13:38:10,890 WARNING:biomolecule.py:157:num_missing_heavy:Missing atom OXT in residue LYS Y 84
2022-11-08 13:38:10,890 WARNING:biomolecule.py:157:num_missing_heavy:Missing atom CG in residue LYS A 22
2022-11-08 13:38:10,891 WARNING:biomolecule.py:157:num_missing_heavy:Missing atom CD in residue LYS A 22
2022-11-08 13:38:10,891 WARNING:biomolecule.py:157:num_missing_heavy:Missing atom CE in residue LYS A 22
2022-11-08 13:38:10,891 WARNING:biomolecule.py:157:num_missing_heavy:Missing atom NZ in residue LYS A 22
2022-11-08 13:38:10,891 WARNING:biomolecule.py:157:num_missing_heavy:Missing atom CG in residue GLN A 33
2022-11-08 13:38:10,891 WARNING:biomolecule.py:157:num_missing_heavy:Missing atom CD in residue GLN A 33
2022-11-08 13:38:10,891 WARNING:biomolecule.py:157:num_missing_heavy:Missing atom OE1 in residue GLN A 33
2022-11-08 13:38:10,891 WARNING:biomolecule.py:157:num_missing_heavy:Missing atom NE2 in residue GLN A 33
2022-11-08 13:38:10,892 WARNING:biomolecule.py:157:num_missing_heavy:Missing atom CG in residue LYS A 44
2022-11-08 13:38:10,892 WARNING:biomolecule.py:157:num_missing_heavy:Missing atom CD in residue LYS A 44
2022-11-08 13:38:10,892 WARNING:biomolecule.py:157:num_missing_heavy:Missing atom CE in residue LYS A 44
2022-11-08 13:38:10,892 WARNING:biomolecule.py:157:num_missing_heavy:Missing atom NZ in residue LYS A 44
2022-11-08 13:38:10,892 WARNING:biomolecule.py:157:num_missing_heavy:Missing atom CE in residue LYS A 58
2022-11-08 13:38:10,892 WARNING:biomolecule.py:157:num_missing_heavy:Missing atom NZ in residue LYS A 58
2022-11-08 13:38:10,892 WARNING:biomolecule.py:157:num_missing_heavy:Missing atom CG in residue LYS A 61
2022-11-08 13:38:10,893 WARNING:biomolecule.py:157:num_missing_heavy:Missing atom CD in residue LYS A 61
2022-11-08 13:38:10,893 WARNING:biomolecule.py:157:num_missing_heavy:Missing atom CE in residue LYS A 61
2022-11-08 13:38:10,893 WARNING:biomolecule.py:157:num_missing_heavy:Missing atom NZ in residue LYS A 61
2022-11-08 13:38:10,893 WARNING:biomolecule.py:157:num_missing_heavy:Missing atom CG in residue LYS A 64
2022-11-08 13:38:10,893 WARNING:biomolecule.py:157:num_missing_heavy:Missing atom CD in residue LYS A 64
2022-11-08 13:38:10,893 WARNING:biomolecule.py:157:num_missing_heavy:Missing atom CE in residue LYS A 64
2022-11-08 13:38:10,893 WARNING:biomolecule.py:157:num_missing_heavy:Missing atom NZ in residue LYS A 64
2022-11-08 13:38:10,894 WARNING:biomolecule.py:157:num_missing_heavy:Missing atom CE in residue LYS A 114
2022-11-08 13:38:10,894 WARNING:biomolecule.py:157:num_missing_heavy:Missing atom NZ in residue LYS A 114
2022-11-08 13:38:10,894 WARNING:biomolecule.py:157:num_missing_heavy:Missing atom CG in residue LYS A 125
2022-11-08 13:38:10,894 WARNING:biomolecule.py:157:num_missing_heavy:Missing atom CD in residue LYS A 125
2022-11-08 13:38:10,894 WARNING:biomolecule.py:157:num_missing_heavy:Missing atom CE in residue LYS A 125
2022-11-08 13:38:10,894 WARNING:biomolecule.py:157:num_missing_heavy:Missing atom NZ in residue LYS A 125
2022-11-08 13:38:10,895 WARNING:biomolecule.py:157:num_missing_heavy:Missing atom CG in residue GLU A 131
2022-11-08 13:38:10,895 WARNING:biomolecule.py:157:num_missing_heavy:Missing atom CD in residue GLU A 131
2022-11-08 13:38:10,895 WARNING:biomolecule.py:157:num_missing_heavy:Missing atom OE1 in residue GLU A 131
2022-11-08 13:38:10,895 WARNING:biomolecule.py:157:num_missing_heavy:Missing atom OE2 in residue GLU A 131
2022-11-08 13:38:10,895 WARNING:biomolecule.py:157:num_missing_heavy:Missing atom CD in residue LYS A 134
2022-11-08 13:38:10,895 WARNING:biomolecule.py:157:num_missing_heavy:Missing atom CE in residue LYS A 134
2022-11-08 13:38:10,895 WARNING:biomolecule.py:157:num_missing_heavy:Missing atom NZ in residue LYS A 134
2022-11-08 13:38:10,895 WARNING:biomolecule.py:157:num_missing_heavy:Missing atom CD in residue GLN A 144
2022-11-08 13:38:10,896 WARNING:biomolecule.py:157:num_missing_heavy:Missing atom OE1 in residue GLN A 144
2022-11-08 13:38:10,896 WARNING:biomolecule.py:157:num_missing_heavy:Missing atom NE2 in residue GLN A 144
2022-11-08 13:38:10,896 WARNING:biomolecule.py:157:num_missing_heavy:Missing atom CG in residue ARG A 146
2022-11-08 13:38:10,896 WARNING:biomolecule.py:157:num_missing_heavy:Missing atom CD in residue ARG A 146
2022-11-08 13:38:10,896 WARNING:biomolecule.py:157:num_missing_heavy:Missing atom NE in residue ARG A 146
2022-11-08 13:38:10,896 WARNING:biomolecule.py:157:num_missing_heavy:Missing atom CZ in residue ARG A 146
2022-11-08 13:38:10,896 WARNING:biomolecule.py:157:num_missing_heavy:Missing atom NH1 in residue ARG A 146
2022-11-08 13:38:10,896 WARNING:biomolecule.py:157:num_missing_heavy:Missing atom NH2 in residue ARG A 146
2022-11-08 13:38:10,897 WARNING:biomolecule.py:157:num_missing_heavy:Missing atom CG in residue LYS A 221
2022-11-08 13:38:10,897 WARNING:biomolecule.py:157:num_missing_heavy:Missing atom CD in residue LYS A 221
2022-11-08 13:38:10,897 WARNING:biomolecule.py:157:num_missing_heavy:Missing atom CE in residue LYS A 221
2022-11-08 13:38:10,897 WARNING:biomolecule.py:157:num_missing_heavy:Missing atom NZ in residue LYS A 221
2022-11-08 13:38:10,898 WARNING:biomolecule.py:157:num_missing_heavy:Missing atom CG in residue LYS A 231
2022-11-08 13:38:10,898 WARNING:biomolecule.py:157:num_missing_heavy:Missing atom CD in residue LYS A 231
2022-11-08 13:38:10,898 WARNING:biomolecule.py:157:num_missing_heavy:Missing atom CE in residue LYS A 231
2022-11-08 13:38:10,898 WARNING:biomolecule.py:157:num_missing_heavy:Missing atom NZ in residue LYS A 231
2022-11-08 13:38:10,898 WARNING:biomolecule.py:157:num_missing_heavy:Missing atom CG in residue ASP A 236
2022-11-08 13:38:10,898 WARNING:biomolecule.py:157:num_missing_heavy:Missing atom OD1 in residue ASP A 236
2022-11-08 13:38:10,898 WARNING:biomolecule.py:157:num_missing_heavy:Missing atom OD2 in residue ASP A 236
2022-11-08 13:38:10,899 WARNING:biomolecule.py:157:num_missing_heavy:Missing atom CG in residue GLU A 260
2022-11-08 13:38:10,899 WARNING:biomolecule.py:157:num_missing_heavy:Missing atom CD in residue GLU A 260
2022-11-08 13:38:10,899 WARNING:biomolecule.py:157:num_missing_heavy:Missing atom OE1 in residue GLU A 260
2022-11-08 13:38:10,899 WARNING:biomolecule.py:157:num_missing_heavy:Missing atom OE2 in residue GLU A 260
2022-11-08 13:38:10,899 WARNING:biomolecule.py:157:num_missing_heavy:Missing atom CG in residue ASP A 261
2022-11-08 13:38:10,899 WARNING:biomolecule.py:157:num_missing_heavy:Missing atom OD1 in residue ASP A 261
2022-11-08 13:38:10,899 WARNING:biomolecule.py:157:num_missing_heavy:Missing atom OD2 in residue ASP A 261
2022-11-08 13:38:10,900 WARNING:biomolecule.py:157:num_missing_heavy:Missing atom CG in residue ARG A 264
2022-11-08 13:38:10,900 WARNING:biomolecule.py:157:num_missing_heavy:Missing atom CD in residue ARG A 264
2022-11-08 13:38:10,900 WARNING:biomolecule.py:157:num_missing_heavy:Missing atom NE in residue ARG A 264
2022-11-08 13:38:10,900 WARNING:biomolecule.py:157:num_missing_heavy:Missing atom CZ in residue ARG A 264
2022-11-08 13:38:10,900 WARNING:biomolecule.py:157:num_missing_heavy:Missing atom NH1 in residue ARG A 264
2022-11-08 13:38:10,900 WARNING:biomolecule.py:157:num_missing_heavy:Missing atom NH2 in residue ARG A 264
2022-11-08 13:38:10,901 WARNING:biomolecule.py:157:num_missing_heavy:Missing atom CE in residue LYS A 339
2022-11-08 13:38:10,901 WARNING:biomolecule.py:157:num_missing_heavy:Missing atom NZ in residue LYS A 339
2022-11-08 13:38:10,901 WARNING:biomolecule.py:157:num_missing_heavy:Missing atom CD in residue LYS A 344
2022-11-08 13:38:10,901 WARNING:biomolecule.py:157:num_missing_heavy:Missing atom CE in residue LYS A 344
2022-11-08 13:38:10,901 WARNING:biomolecule.py:157:num_missing_heavy:Missing atom NZ in residue LYS A 344
2022-11-08 13:38:10,902 WARNING:biomolecule.py:157:num_missing_heavy:Missing atom CG in residue GLU A 373
2022-11-08 13:38:10,902 WARNING:biomolecule.py:157:num_missing_heavy:Missing atom CD in residue GLU A 373
2022-11-08 13:38:10,902 WARNING:biomolecule.py:157:num_missing_heavy:Missing atom OE1 in residue GLU A 373
2022-11-08 13:38:10,902 WARNING:biomolecule.py:157:num_missing_heavy:Missing atom OE2 in residue GLU A 373
2022-11-08 13:38:10,902 WARNING:biomolecule.py:157:num_missing_heavy:Missing atom CG in residue GLU A 392
2022-11-08 13:38:10,902 WARNING:biomolecule.py:157:num_missing_heavy:Missing atom CD in residue GLU A 392
2022-11-08 13:38:10,902 WARNING:biomolecule.py:157:num_missing_heavy:Missing atom OE1 in residue GLU A 392
2022-11-08 13:38:10,903 WARNING:biomolecule.py:157:num_missing_heavy:Missing atom OE2 in residue GLU A 392
2022-11-08 13:38:10,903 WARNING:biomolecule.py:157:num_missing_heavy:Missing atom CD in residue GLU A 414
2022-11-08 13:38:10,903 WARNING:biomolecule.py:157:num_missing_heavy:Missing atom OE1 in residue GLU A 414
2022-11-08 13:38:10,903 WARNING:biomolecule.py:157:num_missing_heavy:Missing atom OE2 in residue GLU A 414
2022-11-08 13:38:10,903 WARNING:biomolecule.py:157:num_missing_heavy:Missing atom CD in residue LYS A 441
2022-11-08 13:38:10,904 WARNING:biomolecule.py:157:num_missing_heavy:Missing atom CE in residue LYS A 441
2022-11-08 13:38:10,904 WARNING:biomolecule.py:157:num_missing_heavy:Missing atom NZ in residue LYS A 441
2022-11-08 13:38:10,904 WARNING:biomolecule.py:157:num_missing_heavy:Missing atom CG in residue GLU A 445
2022-11-08 13:38:10,904 WARNING:biomolecule.py:157:num_missing_heavy:Missing atom CD in residue GLU A 445
2022-11-08 13:38:10,904 WARNING:biomolecule.py:157:num_missing_heavy:Missing atom OE1 in residue GLU A 445
2022-11-08 13:38:10,904 WARNING:biomolecule.py:157:num_missing_heavy:Missing atom OE2 in residue GLU A 445
2022-11-08 13:38:10,905 WARNING:biomolecule.py:157:num_missing_heavy:Missing atom CE in residue LYS A 495
2022-11-08 13:38:10,905 WARNING:biomolecule.py:157:num_missing_heavy:Missing atom NZ in residue LYS A 495
2022-11-08 13:38:10,905 WARNING:biomolecule.py:157:num_missing_heavy:Missing atom CG in residue LYS A 500
2022-11-08 13:38:10,905 WARNING:biomolecule.py:157:num_missing_heavy:Missing atom CD in residue LYS A 500
2022-11-08 13:38:10,905 WARNING:biomolecule.py:157:num_missing_heavy:Missing atom CE in residue LYS A 500
2022-11-08 13:38:10,905 WARNING:biomolecule.py:157:num_missing_heavy:Missing atom NZ in residue LYS A 500
2022-11-08 13:38:10,905 WARNING:biomolecule.py:157:num_missing_heavy:Missing atom OXT in residue TYR A 501
2022-11-08 13:38:10,906 WARNING:biomolecule.py:157:num_missing_heavy:Missing atom OG1 in residue THR C 66
2022-11-08 13:38:10,906 WARNING:biomolecule.py:157:num_missing_heavy:Missing atom CG2 in residue THR C 66
2022-11-08 13:38:10,906 WARNING:biomolecule.py:157:num_missing_heavy:Missing atom CG in residue LYS C 68
2022-11-08 13:38:10,906 WARNING:biomolecule.py:157:num_missing_heavy:Missing atom CD in residue LYS C 68
2022-11-08 13:38:10,906 WARNING:biomolecule.py:157:num_missing_heavy:Missing atom CE in residue LYS C 68
2022-11-08 13:38:10,906 WARNING:biomolecule.py:157:num_missing_heavy:Missing atom NZ in residue LYS C 68
2022-11-08 13:38:10,906 WARNING:biomolecule.py:157:num_missing_heavy:Missing atom CG in residue LYS C 84
2022-11-08 13:38:10,906 WARNING:biomolecule.py:157:num_missing_heavy:Missing atom CD in residue LYS C 84
2022-11-08 13:38:10,907 WARNING:biomolecule.py:157:num_missing_heavy:Missing atom CE in residue LYS C 84
2022-11-08 13:38:10,907 WARNING:biomolecule.py:157:num_missing_heavy:Missing atom NZ in residue LYS C 84
2022-11-08 13:38:10,907 WARNING:biomolecule.py:157:num_missing_heavy:Missing atom OXT in residue LYS C 84
2022-11-08 13:38:10,907 WARNING:biomolecule.py:157:num_missing_heavy:Missing atom CG1 in residue VAL D 19
2022-11-08 13:38:10,907 WARNING:biomolecule.py:157:num_missing_heavy:Missing atom CG2 in residue VAL D 19
2022-11-08 13:38:10,907 WARNING:biomolecule.py:157:num_missing_heavy:Missing atom CG in residue LYS D 22
2022-11-08 13:38:10,907 WARNING:biomolecule.py:157:num_missing_heavy:Missing atom CD in residue LYS D 22
2022-11-08 13:38:10,907 WARNING:biomolecule.py:157:num_missing_heavy:Missing atom CE in residue LYS D 22
2022-11-08 13:38:10,908 WARNING:biomolecule.py:157:num_missing_heavy:Missing atom NZ in residue LYS D 22
2022-11-08 13:38:10,908 WARNING:biomolecule.py:157:num_missing_heavy:Missing atom CD in residue GLN D 33
2022-11-08 13:38:10,908 WARNING:biomolecule.py:157:num_missing_heavy:Missing atom OE1 in residue GLN D 33
2022-11-08 13:38:10,908 WARNING:biomolecule.py:157:num_missing_heavy:Missing atom NE2 in residue GLN D 33
2022-11-08 13:38:10,908 WARNING:biomolecule.py:157:num_missing_heavy:Missing atom CG in residue LYS D 44
2022-11-08 13:38:10,908 WARNING:biomolecule.py:157:num_missing_heavy:Missing atom CD in residue LYS D 44
2022-11-08 13:38:10,908 WARNING:biomolecule.py:157:num_missing_heavy:Missing atom CE in residue LYS D 44
2022-11-08 13:38:10,909 WARNING:biomolecule.py:157:num_missing_heavy:Missing atom NZ in residue LYS D 44
2022-11-08 13:38:10,909 WARNING:biomolecule.py:157:num_missing_heavy:Missing atom CG in residue LYS D 61
2022-11-08 13:38:10,909 WARNING:biomolecule.py:157:num_missing_heavy:Missing atom CD in residue LYS D 61
2022-11-08 13:38:10,909 WARNING:biomolecule.py:157:num_missing_heavy:Missing atom CE in residue LYS D 61
2022-11-08 13:38:10,909 WARNING:biomolecule.py:157:num_missing_heavy:Missing atom NZ in residue LYS D 61
2022-11-08 13:38:10,909 WARNING:biomolecule.py:157:num_missing_heavy:Missing atom CE in residue LYS D 64
2022-11-08 13:38:10,909 WARNING:biomolecule.py:157:num_missing_heavy:Missing atom NZ in residue LYS D 64
2022-11-08 13:38:10,910 WARNING:biomolecule.py:157:num_missing_heavy:Missing atom CD in residue LYS D 114
2022-11-08 13:38:10,910 WARNING:biomolecule.py:157:num_missing_heavy:Missing atom CE in residue LYS D 114
2022-11-08 13:38:10,910 WARNING:biomolecule.py:157:num_missing_heavy:Missing atom NZ in residue LYS D 114
2022-11-08 13:38:10,910 WARNING:biomolecule.py:157:num_missing_heavy:Missing atom CG in residue LYS D 125
2022-11-08 13:38:10,910 WARNING:biomolecule.py:157:num_missing_heavy:Missing atom CD in residue LYS D 125
2022-11-08 13:38:10,911 WARNING:biomolecule.py:157:num_missing_heavy:Missing atom CE in residue LYS D 125
2022-11-08 13:38:10,911 WARNING:biomolecule.py:157:num_missing_heavy:Missing atom NZ in residue LYS D 125
2022-11-08 13:38:10,911 WARNING:biomolecule.py:157:num_missing_heavy:Missing atom CG in residue GLU D 131
2022-11-08 13:38:10,911 WARNING:biomolecule.py:157:num_missing_heavy:Missing atom CD in residue GLU D 131
2022-11-08 13:38:10,911 WARNING:biomolecule.py:157:num_missing_heavy:Missing atom OE1 in residue GLU D 131
2022-11-08 13:38:10,911 WARNING:biomolecule.py:157:num_missing_heavy:Missing atom OE2 in residue GLU D 131
2022-11-08 13:38:10,911 WARNING:biomolecule.py:157:num_missing_heavy:Missing atom CE in residue LYS D 134
2022-11-08 13:38:10,911 WARNING:biomolecule.py:157:num_missing_heavy:Missing atom NZ in residue LYS D 134
2022-11-08 13:38:10,912 WARNING:biomolecule.py:157:num_missing_heavy:Missing atom CD in residue GLN D 144
2022-11-08 13:38:10,912 WARNING:biomolecule.py:157:num_missing_heavy:Missing atom OE1 in residue GLN D 144
2022-11-08 13:38:10,912 WARNING:biomolecule.py:157:num_missing_heavy:Missing atom NE2 in residue GLN D 144
2022-11-08 13:38:10,912 WARNING:biomolecule.py:157:num_missing_heavy:Missing atom CG in residue ARG D 146
2022-11-08 13:38:10,912 WARNING:biomolecule.py:157:num_missing_heavy:Missing atom CD in residue ARG D 146
2022-11-08 13:38:10,912 WARNING:biomolecule.py:157:num_missing_heavy:Missing atom NE in residue ARG D 146
2022-11-08 13:38:10,912 WARNING:biomolecule.py:157:num_missing_heavy:Missing atom CZ in residue ARG D 146
2022-11-08 13:38:10,912 WARNING:biomolecule.py:157:num_missing_heavy:Missing atom NH1 in residue ARG D 146
2022-11-08 13:38:10,913 WARNING:biomolecule.py:157:num_missing_heavy:Missing atom NH2 in residue ARG D 146
2022-11-08 13:38:10,913 WARNING:biomolecule.py:157:num_missing_heavy:Missing atom CG in residue GLU D 181
2022-11-08 13:38:10,913 WARNING:biomolecule.py:157:num_missing_heavy:Missing atom CD in residue GLU D 181
2022-11-08 13:38:10,913 WARNING:biomolecule.py:157:num_missing_heavy:Missing atom OE1 in residue GLU D 181
2022-11-08 13:38:10,913 WARNING:biomolecule.py:157:num_missing_heavy:Missing atom OE2 in residue GLU D 181
2022-11-08 13:38:10,914 WARNING:biomolecule.py:157:num_missing_heavy:Missing atom CD in residue LYS D 221
2022-11-08 13:38:10,914 WARNING:biomolecule.py:157:num_missing_heavy:Missing atom CE in residue LYS D 221
2022-11-08 13:38:10,914 WARNING:biomolecule.py:157:num_missing_heavy:Missing atom NZ in residue LYS D 221
2022-11-08 13:38:10,914 WARNING:biomolecule.py:157:num_missing_heavy:Missing atom CG in residue LYS D 231
2022-11-08 13:38:10,914 WARNING:biomolecule.py:157:num_missing_heavy:Missing atom CD in residue LYS D 231
2022-11-08 13:38:10,914 WARNING:biomolecule.py:157:num_missing_heavy:Missing atom CE in residue LYS D 231
2022-11-08 13:38:10,915 WARNING:biomolecule.py:157:num_missing_heavy:Missing atom NZ in residue LYS D 231
2022-11-08 13:38:10,915 WARNING:biomolecule.py:157:num_missing_heavy:Missing atom CG in residue ASP D 236
2022-11-08 13:38:10,915 WARNING:biomolecule.py:157:num_missing_heavy:Missing atom OD1 in residue ASP D 236
2022-11-08 13:38:10,915 WARNING:biomolecule.py:157:num_missing_heavy:Missing atom OD2 in residue ASP D 236
2022-11-08 13:38:10,915 WARNING:biomolecule.py:157:num_missing_heavy:Missing atom CG in residue GLU D 260
2022-11-08 13:38:10,915 WARNING:biomolecule.py:157:num_missing_heavy:Missing atom CD in residue GLU D 260
2022-11-08 13:38:10,915 WARNING:biomolecule.py:157:num_missing_heavy:Missing atom OE1 in residue GLU D 260
2022-11-08 13:38:10,916 WARNING:biomolecule.py:157:num_missing_heavy:Missing atom OE2 in residue GLU D 260
2022-11-08 13:38:10,916 WARNING:biomolecule.py:157:num_missing_heavy:Missing atom CG in residue ASP D 261
2022-11-08 13:38:10,916 WARNING:biomolecule.py:157:num_missing_heavy:Missing atom OD1 in residue ASP D 261
2022-11-08 13:38:10,916 WARNING:biomolecule.py:157:num_missing_heavy:Missing atom OD2 in residue ASP D 261
2022-11-08 13:38:10,916 WARNING:biomolecule.py:157:num_missing_heavy:Missing atom CG in residue ARG D 264
2022-11-08 13:38:10,916 WARNING:biomolecule.py:157:num_missing_heavy:Missing atom CD in residue ARG D 264
2022-11-08 13:38:10,916 WARNING:biomolecule.py:157:num_missing_heavy:Missing atom NE in residue ARG D 264
2022-11-08 13:38:10,916 WARNING:biomolecule.py:157:num_missing_heavy:Missing atom CZ in residue ARG D 264
2022-11-08 13:38:10,917 WARNING:biomolecule.py:157:num_missing_heavy:Missing atom NH1 in residue ARG D 264
2022-11-08 13:38:10,917 WARNING:biomolecule.py:157:num_missing_heavy:Missing atom NH2 in residue ARG D 264
2022-11-08 13:38:10,917 WARNING:biomolecule.py:157:num_missing_heavy:Missing atom CG in residue GLU D 290
2022-11-08 13:38:10,917 WARNING:biomolecule.py:157:num_missing_heavy:Missing atom CD in residue GLU D 290
2022-11-08 13:38:10,917 WARNING:biomolecule.py:157:num_missing_heavy:Missing atom OE1 in residue GLU D 290
2022-11-08 13:38:10,917 WARNING:biomolecule.py:157:num_missing_heavy:Missing atom OE2 in residue GLU D 290
2022-11-08 13:38:10,918 WARNING:biomolecule.py:157:num_missing_heavy:Missing atom CE in residue LYS D 337
2022-11-08 13:38:10,918 WARNING:biomolecule.py:157:num_missing_heavy:Missing atom NZ in residue LYS D 337
2022-11-08 13:38:10,918 WARNING:biomolecule.py:157:num_missing_heavy:Missing atom CD in residue LYS D 339
2022-11-08 13:38:10,918 WARNING:biomolecule.py:157:num_missing_heavy:Missing atom CE in residue LYS D 339
2022-11-08 13:38:10,918 WARNING:biomolecule.py:157:num_missing_heavy:Missing atom NZ in residue LYS D 339
2022-11-08 13:38:10,918 WARNING:biomolecule.py:157:num_missing_heavy:Missing atom CG in residue LYS D 344
2022-11-08 13:38:10,919 WARNING:biomolecule.py:157:num_missing_heavy:Missing atom CD in residue LYS D 344
2022-11-08 13:38:10,919 WARNING:biomolecule.py:157:num_missing_heavy:Missing atom CE in residue LYS D 344
2022-11-08 13:38:10,919 WARNING:biomolecule.py:157:num_missing_heavy:Missing atom NZ in residue LYS D 344
2022-11-08 13:38:10,919 WARNING:biomolecule.py:157:num_missing_heavy:Missing atom CG in residue GLU D 373
2022-11-08 13:38:10,919 WARNING:biomolecule.py:157:num_missing_heavy:Missing atom CD in residue GLU D 373
2022-11-08 13:38:10,919 WARNING:biomolecule.py:157:num_missing_heavy:Missing atom OE1 in residue GLU D 373
2022-11-08 13:38:10,919 WARNING:biomolecule.py:157:num_missing_heavy:Missing atom OE2 in residue GLU D 373
2022-11-08 13:38:10,920 WARNING:biomolecule.py:157:num_missing_heavy:Missing atom CG in residue GLU D 392
2022-11-08 13:38:10,920 WARNING:biomolecule.py:157:num_missing_heavy:Missing atom CD in residue GLU D 392
2022-11-08 13:38:10,920 WARNING:biomolecule.py:157:num_missing_heavy:Missing atom OE1 in residue GLU D 392
2022-11-08 13:38:10,920 WARNING:biomolecule.py:157:num_missing_heavy:Missing atom OE2 in residue GLU D 392
2022-11-08 13:38:10,920 WARNING:biomolecule.py:157:num_missing_heavy:Missing atom CE in residue LYS D 395
2022-11-08 13:38:10,920 WARNING:biomolecule.py:157:num_missing_heavy:Missing atom NZ in residue LYS D 395
2022-11-08 13:38:10,921 WARNING:biomolecule.py:157:num_missing_heavy:Missing atom CD in residue GLU D 414
2022-11-08 13:38:10,921 WARNING:biomolecule.py:157:num_missing_heavy:Missing atom OE1 in residue GLU D 414
2022-11-08 13:38:10,921 WARNING:biomolecule.py:157:num_missing_heavy:Missing atom OE2 in residue GLU D 414
2022-11-08 13:38:10,921 WARNING:biomolecule.py:157:num_missing_heavy:Missing atom CD in residue LYS D 441
2022-11-08 13:38:10,921 WARNING:biomolecule.py:157:num_missing_heavy:Missing atom CE in residue LYS D 441
2022-11-08 13:38:10,921 WARNING:biomolecule.py:157:num_missing_heavy:Missing atom NZ in residue LYS D 441
2022-11-08 13:38:10,921 WARNING:biomolecule.py:157:num_missing_heavy:Missing atom CG in residue GLU D 445
2022-11-08 13:38:10,922 WARNING:biomolecule.py:157:num_missing_heavy:Missing atom CD in residue GLU D 445
2022-11-08 13:38:10,922 WARNING:biomolecule.py:157:num_missing_heavy:Missing atom OE1 in residue GLU D 445
2022-11-08 13:38:10,922 WARNING:biomolecule.py:157:num_missing_heavy:Missing atom OE2 in residue GLU D 445
2022-11-08 13:38:10,922 WARNING:biomolecule.py:157:num_missing_heavy:Missing atom CD in residue GLU D 475
2022-11-08 13:38:10,922 WARNING:biomolecule.py:157:num_missing_heavy:Missing atom OE1 in residue GLU D 475
2022-11-08 13:38:10,922 WARNING:biomolecule.py:157:num_missing_heavy:Missing atom OE2 in residue GLU D 475
2022-11-08 13:38:10,923 WARNING:biomolecule.py:157:num_missing_heavy:Missing atom CD in residue LYS D 479
2022-11-08 13:38:10,923 WARNING:biomolecule.py:157:num_missing_heavy:Missing atom CE in residue LYS D 479
2022-11-08 13:38:10,923 WARNING:biomolecule.py:157:num_missing_heavy:Missing atom NZ in residue LYS D 479
2022-11-08 13:38:10,923 WARNING:biomolecule.py:157:num_missing_heavy:Missing atom CG in residue GLU D 493
2022-11-08 13:38:10,923 WARNING:biomolecule.py:157:num_missing_heavy:Missing atom CD in residue GLU D 493
2022-11-08 13:38:10,923 WARNING:biomolecule.py:157:num_missing_heavy:Missing atom OE1 in residue GLU D 493
2022-11-08 13:38:10,923 WARNING:biomolecule.py:157:num_missing_heavy:Missing atom OE2 in residue GLU D 493
2022-11-08 13:38:10,923 WARNING:biomolecule.py:157:num_missing_heavy:Missing atom CG in residue LYS D 495
2022-11-08 13:38:10,924 WARNING:biomolecule.py:157:num_missing_heavy:Missing atom CD in residue LYS D 495
2022-11-08 13:38:10,924 WARNING:biomolecule.py:157:num_missing_heavy:Missing atom CE in residue LYS D 495
2022-11-08 13:38:10,924 WARNING:biomolecule.py:157:num_missing_heavy:Missing atom NZ in residue LYS D 495
2022-11-08 13:38:10,924 WARNING:biomolecule.py:157:num_missing_heavy:Missing atom CD1 in residue LEU D 498
2022-11-08 13:38:10,924 WARNING:biomolecule.py:157:num_missing_heavy:Missing atom CD2 in residue LEU D 498
2022-11-08 13:38:10,924 WARNING:biomolecule.py:157:num_missing_heavy:Missing atom CG in residue LYS D 500
2022-11-08 13:38:10,924 WARNING:biomolecule.py:157:num_missing_heavy:Missing atom CD in residue LYS D 500
2022-11-08 13:38:10,924 WARNING:biomolecule.py:157:num_missing_heavy:Missing atom CE in residue LYS D 500
2022-11-08 13:38:10,925 WARNING:biomolecule.py:157:num_missing_heavy:Missing atom NZ in residue LYS D 500
2022-11-08 13:38:10,925 WARNING:biomolecule.py:157:num_missing_heavy:Missing atom CG in residue TYR D 501
2022-11-08 13:38:10,925 WARNING:biomolecule.py:157:num_missing_heavy:Missing atom CD1 in residue TYR D 501
2022-11-08 13:38:10,925 WARNING:biomolecule.py:157:num_missing_heavy:Missing atom CD2 in residue TYR D 501
2022-11-08 13:38:10,925 WARNING:biomolecule.py:157:num_missing_heavy:Missing atom CE1 in residue TYR D 501
2022-11-08 13:38:10,925 WARNING:biomolecule.py:157:num_missing_heavy:Missing atom CE2 in residue TYR D 501
2022-11-08 13:38:10,925 WARNING:biomolecule.py:157:num_missing_heavy:Missing atom CZ in residue TYR D 501
2022-11-08 13:38:10,925 WARNING:biomolecule.py:157:num_missing_heavy:Missing atom OH in residue TYR D 501
2022-11-08 13:38:10,926 WARNING:biomolecule.py:157:num_missing_heavy:Missing atom OXT in residue TYR D 501
2022-11-08 13:38:10,926 WARNING:biomolecule.py:157:num_missing_heavy:Missing atom OG1 in residue THR Y 66
2022-11-08 13:38:10,926 WARNING:biomolecule.py:157:num_missing_heavy:Missing atom CG2 in residue THR Y 66
2022-11-08 13:38:10,926 WARNING:biomolecule.py:157:num_missing_heavy:Missing atom CG in residue LYS Y 68
2022-11-08 13:38:10,926 WARNING:biomolecule.py:157:num_missing_heavy:Missing atom CD in residue LYS Y 68
2022-11-08 13:38:10,926 WARNING:biomolecule.py:157:num_missing_heavy:Missing atom CE in residue LYS Y 68
2022-11-08 13:38:10,926 WARNING:biomolecule.py:157:num_missing_heavy:Missing atom NZ in residue LYS Y 68
2022-11-08 13:38:10,926 WARNING:biomolecule.py:157:num_missing_heavy:Missing atom CG in residue GLU Y 83
2022-11-08 13:38:10,927 WARNING:biomolecule.py:157:num_missing_heavy:Missing atom CD in residue GLU Y 83
2022-11-08 13:38:10,927 WARNING:biomolecule.py:157:num_missing_heavy:Missing atom OE1 in residue GLU Y 83
2022-11-08 13:38:10,927 WARNING:biomolecule.py:157:num_missing_heavy:Missing atom OE2 in residue GLU Y 83
2022-11-08 13:38:10,927 WARNING:biomolecule.py:157:num_missing_heavy:Missing atom CG in residue LYS Y 84
2022-11-08 13:38:10,927 WARNING:biomolecule.py:157:num_missing_heavy:Missing atom CD in residue LYS Y 84
2022-11-08 13:38:10,927 WARNING:biomolecule.py:157:num_missing_heavy:Missing atom CE in residue LYS Y 84
2022-11-08 13:38:10,927 WARNING:biomolecule.py:157:num_missing_heavy:Missing atom NZ in residue LYS Y 84
2022-11-08 13:38:10,927 WARNING:biomolecule.py:157:num_missing_heavy:Missing atom OXT in residue LYS Y 84
2022-11-08 13:38:25,155 WARNING:main.py:311:print_pqr:Ignoring 3716 header lines in output.
2022-11-08 13:38:25,155 WARNING:main.py:315:print_pqr:Ignoring 87 missing lines in output.
