2022-11-08 13:27:11,086 WARNING:biomolecule.py:966:create_residue:Unable to find amino or nucleic acid definition for SAM.  Parsing as new residue.
2022-11-08 13:27:11,086 WARNING:biomolecule.py:966:create_residue:Unable to find amino or nucleic acid definition for UPP.  Parsing as new residue.
2022-11-08 13:27:11,107 WARNING:biomolecule.py:966:create_residue:Unable to find amino or nucleic acid definition for SAM.  Parsing as new residue.
2022-11-08 13:27:11,108 WARNING:biomolecule.py:966:create_residue:Unable to find amino or nucleic acid definition for UPP.  Parsing as new residue.
2022-11-08 13:27:11,108 WARNING:biomolecule.py:966:create_residue:Unable to find amino or nucleic acid definition for EDO.  Parsing as new residue.
2022-11-08 13:27:11,109 WARNING:main.py:418:setup_molecule:Multiple occupancies found: N in ARG A 33.
2022-11-08 13:27:11,109 WARNING:main.py:418:setup_molecule:Multiple occupancies found: CA in ARG A 33.
2022-11-08 13:27:11,109 WARNING:main.py:418:setup_molecule:Multiple occupancies found: C in ARG A 33.
2022-11-08 13:27:11,109 WARNING:main.py:418:setup_molecule:Multiple occupancies found: O in ARG A 33.
2022-11-08 13:27:11,110 WARNING:main.py:418:setup_molecule:Multiple occupancies found: CB in ARG A 33.
2022-11-08 13:27:11,110 WARNING:main.py:418:setup_molecule:Multiple occupancies found: CG in ARG A 33.
2022-11-08 13:27:11,110 WARNING:main.py:418:setup_molecule:Multiple occupancies found: CD in ARG A 33.
2022-11-08 13:27:11,110 WARNING:main.py:418:setup_molecule:Multiple occupancies found: NE in ARG A 33.
2022-11-08 13:27:11,110 WARNING:main.py:418:setup_molecule:Multiple occupancies found: CZ in ARG A 33.
2022-11-08 13:27:11,110 WARNING:main.py:418:setup_molecule:Multiple occupancies found: NH1 in ARG A 33.
2022-11-08 13:27:11,110 WARNING:main.py:418:setup_molecule:Multiple occupancies found: NH2 in ARG A 33.
2022-11-08 13:27:11,110 WARNING:main.py:424:setup_molecule:Multiple occupancies found in ARG A 33. At least one of the instances is being ignored.
2022-11-08 13:27:11,111 WARNING:main.py:418:setup_molecule:Multiple occupancies found: N in GLU A 172.
2022-11-08 13:27:11,111 WARNING:main.py:418:setup_molecule:Multiple occupancies found: CA in GLU A 172.
2022-11-08 13:27:11,111 WARNING:main.py:418:setup_molecule:Multiple occupancies found: C in GLU A 172.
2022-11-08 13:27:11,111 WARNING:main.py:418:setup_molecule:Multiple occupancies found: O in GLU A 172.
2022-11-08 13:27:11,111 WARNING:main.py:418:setup_molecule:Multiple occupancies found: CB in GLU A 172.
2022-11-08 13:27:11,111 WARNING:main.py:418:setup_molecule:Multiple occupancies found: CG in GLU A 172.
2022-11-08 13:27:11,111 WARNING:main.py:418:setup_molecule:Multiple occupancies found: CD in GLU A 172.
2022-11-08 13:27:11,111 WARNING:main.py:418:setup_molecule:Multiple occupancies found: OE1 in GLU A 172.
2022-11-08 13:27:11,112 WARNING:main.py:418:setup_molecule:Multiple occupancies found: OE2 in GLU A 172.
2022-11-08 13:27:11,112 WARNING:main.py:424:setup_molecule:Multiple occupancies found in GLU A 172. At least one of the instances is being ignored.
2022-11-08 13:27:11,112 WARNING:main.py:418:setup_molecule:Multiple occupancies found: CG2 in THR B 74.
2022-11-08 13:27:11,112 WARNING:main.py:418:setup_molecule:Multiple occupancies found: OG1 in THR B 74.
2022-11-08 13:27:11,112 WARNING:main.py:424:setup_molecule:Multiple occupancies found in THR B 74. At least one of the instances is being ignored.
2022-11-08 13:27:11,112 WARNING:main.py:418:setup_molecule:Multiple occupancies found: N in ARG B 157.
2022-11-08 13:27:11,112 WARNING:main.py:418:setup_molecule:Multiple occupancies found: CA in ARG B 157.
2022-11-08 13:27:11,113 WARNING:main.py:418:setup_molecule:Multiple occupancies found: C in ARG B 157.
2022-11-08 13:27:11,113 WARNING:main.py:418:setup_molecule:Multiple occupancies found: O in ARG B 157.
2022-11-08 13:27:11,113 WARNING:main.py:418:setup_molecule:Multiple occupancies found: CB in ARG B 157.
2022-11-08 13:27:11,114 WARNING:main.py:418:setup_molecule:Multiple occupancies found: CG in ARG B 157.
2022-11-08 13:27:11,114 WARNING:main.py:418:setup_molecule:Multiple occupancies found: CD in ARG B 157.
2022-11-08 13:27:11,114 WARNING:main.py:418:setup_molecule:Multiple occupancies found: NE in ARG B 157.
2022-11-08 13:27:11,114 WARNING:main.py:418:setup_molecule:Multiple occupancies found: CZ in ARG B 157.
2022-11-08 13:27:11,114 WARNING:main.py:418:setup_molecule:Multiple occupancies found: NH1 in ARG B 157.
2022-11-08 13:27:11,114 WARNING:main.py:418:setup_molecule:Multiple occupancies found: NH2 in ARG B 157.
2022-11-08 13:27:11,115 WARNING:main.py:424:setup_molecule:Multiple occupancies found in ARG B 157. At least one of the instances is being ignored.
2022-11-08 13:27:11,115 WARNING:main.py:418:setup_molecule:Multiple occupancies found: N in GLU B 172.
2022-11-08 13:27:11,115 WARNING:main.py:418:setup_molecule:Multiple occupancies found: CA in GLU B 172.
2022-11-08 13:27:11,115 WARNING:main.py:418:setup_molecule:Multiple occupancies found: C in GLU B 172.
2022-11-08 13:27:11,115 WARNING:main.py:418:setup_molecule:Multiple occupancies found: O in GLU B 172.
2022-11-08 13:27:11,115 WARNING:main.py:418:setup_molecule:Multiple occupancies found: CB in GLU B 172.
2022-11-08 13:27:11,115 WARNING:main.py:418:setup_molecule:Multiple occupancies found: CG in GLU B 172.
2022-11-08 13:27:11,115 WARNING:main.py:418:setup_molecule:Multiple occupancies found: CD in GLU B 172.
2022-11-08 13:27:11,115 WARNING:main.py:418:setup_molecule:Multiple occupancies found: OE1 in GLU B 172.
2022-11-08 13:27:11,116 WARNING:main.py:418:setup_molecule:Multiple occupancies found: OE2 in GLU B 172.
2022-11-08 13:27:11,116 WARNING:main.py:424:setup_molecule:Multiple occupancies found in GLU B 172. At least one of the instances is being ignored.
2022-11-08 13:27:11,116 WARNING:main.py:418:setup_molecule:Multiple occupancies found: N in ARG B 218.
2022-11-08 13:27:11,116 WARNING:main.py:418:setup_molecule:Multiple occupancies found: CA in ARG B 218.
2022-11-08 13:27:11,116 WARNING:main.py:418:setup_molecule:Multiple occupancies found: C in ARG B 218.
2022-11-08 13:27:11,116 WARNING:main.py:418:setup_molecule:Multiple occupancies found: O in ARG B 218.
2022-11-08 13:27:11,116 WARNING:main.py:418:setup_molecule:Multiple occupancies found: CB in ARG B 218.
2022-11-08 13:27:11,116 WARNING:main.py:418:setup_molecule:Multiple occupancies found: CG in ARG B 218.
2022-11-08 13:27:11,117 WARNING:main.py:418:setup_molecule:Multiple occupancies found: CD in ARG B 218.
2022-11-08 13:27:11,117 WARNING:main.py:418:setup_molecule:Multiple occupancies found: NE in ARG B 218.
2022-11-08 13:27:11,117 WARNING:main.py:418:setup_molecule:Multiple occupancies found: CZ in ARG B 218.
2022-11-08 13:27:11,117 WARNING:main.py:418:setup_molecule:Multiple occupancies found: NH1 in ARG B 218.
2022-11-08 13:27:11,117 WARNING:main.py:418:setup_molecule:Multiple occupancies found: NH2 in ARG B 218.
2022-11-08 13:27:11,117 WARNING:main.py:424:setup_molecule:Multiple occupancies found in ARG B 218. At least one of the instances is being ignored.
2022-11-08 13:27:16,963 WARNING:main.py:311:print_pqr:Ignoring 4848 header lines in output.
2022-11-08 13:27:16,963 WARNING:main.py:315:print_pqr:Ignoring 120 missing lines in output.
