2022-11-08 13:27:30,946 WARNING:biomolecule.py:966:create_residue:Unable to find amino or nucleic acid definition for SAM.  Parsing as new residue.
2022-11-08 13:27:30,952 WARNING:biomolecule.py:966:create_residue:Unable to find amino or nucleic acid definition for MSE.  Parsing as new residue.
2022-11-08 13:27:30,955 WARNING:biomolecule.py:966:create_residue:Unable to find amino or nucleic acid definition for MSE.  Parsing as new residue.
2022-11-08 13:27:30,957 WARNING:biomolecule.py:966:create_residue:Unable to find amino or nucleic acid definition for MSE.  Parsing as new residue.
2022-11-08 13:27:30,959 WARNING:biomolecule.py:966:create_residue:Unable to find amino or nucleic acid definition for MSE.  Parsing as new residue.
2022-11-08 13:27:30,962 WARNING:biomolecule.py:966:create_residue:Unable to find amino or nucleic acid definition for MSE.  Parsing as new residue.
2022-11-08 13:27:30,963 WARNING:main.py:418:setup_molecule:Multiple occupancies found: CA in ARG A 34.
2022-11-08 13:27:30,963 WARNING:main.py:418:setup_molecule:Multiple occupancies found: CB in ARG A 34.
2022-11-08 13:27:30,963 WARNING:main.py:418:setup_molecule:Multiple occupancies found: CG in ARG A 34.
2022-11-08 13:27:30,964 WARNING:main.py:418:setup_molecule:Multiple occupancies found: CD in ARG A 34.
2022-11-08 13:27:30,964 WARNING:main.py:418:setup_molecule:Multiple occupancies found: NE in ARG A 34.
2022-11-08 13:27:30,964 WARNING:main.py:418:setup_molecule:Multiple occupancies found: CZ in ARG A 34.
2022-11-08 13:27:30,964 WARNING:main.py:418:setup_molecule:Multiple occupancies found: NH1 in ARG A 34.
2022-11-08 13:27:30,964 WARNING:main.py:418:setup_molecule:Multiple occupancies found: NH2 in ARG A 34.
2022-11-08 13:27:30,964 WARNING:main.py:424:setup_molecule:Multiple occupancies found in ARG A 34. At least one of the instances is being ignored.
2022-11-08 13:27:30,964 WARNING:main.py:418:setup_molecule:Multiple occupancies found: CA in ARG A 37.
2022-11-08 13:27:30,964 WARNING:main.py:418:setup_molecule:Multiple occupancies found: CB in ARG A 37.
2022-11-08 13:27:30,965 WARNING:main.py:418:setup_molecule:Multiple occupancies found: CG in ARG A 37.
2022-11-08 13:27:30,965 WARNING:main.py:418:setup_molecule:Multiple occupancies found: CD in ARG A 37.
2022-11-08 13:27:30,965 WARNING:main.py:418:setup_molecule:Multiple occupancies found: NE in ARG A 37.
2022-11-08 13:27:30,965 WARNING:main.py:418:setup_molecule:Multiple occupancies found: CZ in ARG A 37.
2022-11-08 13:27:30,965 WARNING:main.py:418:setup_molecule:Multiple occupancies found: NH1 in ARG A 37.
2022-11-08 13:27:30,965 WARNING:main.py:418:setup_molecule:Multiple occupancies found: NH2 in ARG A 37.
2022-11-08 13:27:30,965 WARNING:main.py:424:setup_molecule:Multiple occupancies found in ARG A 37. At least one of the instances is being ignored.
2022-11-08 13:27:30,965 WARNING:main.py:418:setup_molecule:Multiple occupancies found: CA in SER A 48.
2022-11-08 13:27:30,965 WARNING:main.py:418:setup_molecule:Multiple occupancies found: CB in SER A 48.
2022-11-08 13:27:30,966 WARNING:main.py:418:setup_molecule:Multiple occupancies found: OG in SER A 48.
2022-11-08 13:27:30,966 WARNING:main.py:424:setup_molecule:Multiple occupancies found in SER A 48. At least one of the instances is being ignored.
2022-11-08 13:27:30,966 WARNING:main.py:418:setup_molecule:Multiple occupancies found: CA in SER A 58.
2022-11-08 13:27:30,966 WARNING:main.py:418:setup_molecule:Multiple occupancies found: CB in SER A 58.
2022-11-08 13:27:30,966 WARNING:main.py:418:setup_molecule:Multiple occupancies found: OG in SER A 58.
2022-11-08 13:27:30,966 WARNING:main.py:424:setup_molecule:Multiple occupancies found in SER A 58. At least one of the instances is being ignored.
2022-11-08 13:27:30,966 WARNING:main.py:418:setup_molecule:Multiple occupancies found: CA in GLN A 69.
2022-11-08 13:27:30,966 WARNING:main.py:418:setup_molecule:Multiple occupancies found: CB in GLN A 69.
2022-11-08 13:27:30,966 WARNING:main.py:418:setup_molecule:Multiple occupancies found: CG in GLN A 69.
2022-11-08 13:27:30,967 WARNING:main.py:418:setup_molecule:Multiple occupancies found: CD in GLN A 69.
2022-11-08 13:27:30,968 WARNING:main.py:418:setup_molecule:Multiple occupancies found: NE2 in GLN A 69.
2022-11-08 13:27:30,968 WARNING:main.py:418:setup_molecule:Multiple occupancies found: OE1 in GLN A 69.
2022-11-08 13:27:30,968 WARNING:main.py:424:setup_molecule:Multiple occupancies found in GLN A 69. At least one of the instances is being ignored.
2022-11-08 13:27:30,968 WARNING:main.py:418:setup_molecule:Multiple occupancies found: CA in VAL A 116.
2022-11-08 13:27:30,968 WARNING:main.py:418:setup_molecule:Multiple occupancies found: CB in VAL A 116.
2022-11-08 13:27:30,968 WARNING:main.py:418:setup_molecule:Multiple occupancies found: CG1 in VAL A 116.
2022-11-08 13:27:30,968 WARNING:main.py:418:setup_molecule:Multiple occupancies found: CG2 in VAL A 116.
2022-11-08 13:27:30,968 WARNING:main.py:424:setup_molecule:Multiple occupancies found in VAL A 116. At least one of the instances is being ignored.
2022-11-08 13:27:30,969 WARNING:main.py:418:setup_molecule:Multiple occupancies found: CA in VAL A 126.
2022-11-08 13:27:30,969 WARNING:main.py:418:setup_molecule:Multiple occupancies found: CB in VAL A 126.
2022-11-08 13:27:30,969 WARNING:main.py:418:setup_molecule:Multiple occupancies found: CG1 in VAL A 126.
2022-11-08 13:27:30,969 WARNING:main.py:418:setup_molecule:Multiple occupancies found: CG2 in VAL A 126.
2022-11-08 13:27:30,969 WARNING:main.py:424:setup_molecule:Multiple occupancies found in VAL A 126. At least one of the instances is being ignored.
2022-11-08 13:27:30,969 WARNING:main.py:418:setup_molecule:Multiple occupancies found: CA in SER A 127.
2022-11-08 13:27:30,969 WARNING:main.py:418:setup_molecule:Multiple occupancies found: CB in SER A 127.
2022-11-08 13:27:30,969 WARNING:main.py:418:setup_molecule:Multiple occupancies found: OG in SER A 127.
2022-11-08 13:27:30,970 WARNING:main.py:424:setup_molecule:Multiple occupancies found in SER A 127. At least one of the instances is being ignored.
2022-11-08 13:27:30,970 WARNING:main.py:418:setup_molecule:Multiple occupancies found: CA in GLN A 129.
2022-11-08 13:27:30,970 WARNING:main.py:418:setup_molecule:Multiple occupancies found: CB in GLN A 129.
2022-11-08 13:27:30,970 WARNING:main.py:418:setup_molecule:Multiple occupancies found: CG in GLN A 129.
2022-11-08 13:27:30,970 WARNING:main.py:418:setup_molecule:Multiple occupancies found: CD in GLN A 129.
2022-11-08 13:27:30,970 WARNING:main.py:418:setup_molecule:Multiple occupancies found: NE2 in GLN A 129.
2022-11-08 13:27:30,970 WARNING:main.py:418:setup_molecule:Multiple occupancies found: OE1 in GLN A 129.
2022-11-08 13:27:30,970 WARNING:main.py:424:setup_molecule:Multiple occupancies found in GLN A 129. At least one of the instances is being ignored.
2022-11-08 13:27:30,970 WARNING:main.py:418:setup_molecule:Multiple occupancies found: CA in LEU A 142.
2022-11-08 13:27:30,971 WARNING:main.py:418:setup_molecule:Multiple occupancies found: CB in LEU A 142.
2022-11-08 13:27:30,971 WARNING:main.py:418:setup_molecule:Multiple occupancies found: CG in LEU A 142.
2022-11-08 13:27:30,971 WARNING:main.py:418:setup_molecule:Multiple occupancies found: CD1 in LEU A 142.
2022-11-08 13:27:30,971 WARNING:main.py:418:setup_molecule:Multiple occupancies found: CD2 in LEU A 142.
2022-11-08 13:27:30,971 WARNING:main.py:424:setup_molecule:Multiple occupancies found in LEU A 142. At least one of the instances is being ignored.
2022-11-08 13:27:30,971 WARNING:main.py:418:setup_molecule:Multiple occupancies found: CA in ASN A 144.
2022-11-08 13:27:30,971 WARNING:main.py:418:setup_molecule:Multiple occupancies found: CB in ASN A 144.
2022-11-08 13:27:30,971 WARNING:main.py:418:setup_molecule:Multiple occupancies found: CG in ASN A 144.
2022-11-08 13:27:30,971 WARNING:main.py:418:setup_molecule:Multiple occupancies found: ND2 in ASN A 144.
2022-11-08 13:27:30,972 WARNING:main.py:418:setup_molecule:Multiple occupancies found: OD1 in ASN A 144.
2022-11-08 13:27:30,972 WARNING:main.py:424:setup_molecule:Multiple occupancies found in ASN A 144. At least one of the instances is being ignored.
2022-11-08 13:27:30,972 WARNING:main.py:418:setup_molecule:Multiple occupancies found: CA in LEU A 150.
2022-11-08 13:27:30,972 WARNING:main.py:418:setup_molecule:Multiple occupancies found: CB in LEU A 150.
2022-11-08 13:27:30,972 WARNING:main.py:418:setup_molecule:Multiple occupancies found: CG in LEU A 150.
2022-11-08 13:27:30,972 WARNING:main.py:418:setup_molecule:Multiple occupancies found: CD1 in LEU A 150.
2022-11-08 13:27:30,972 WARNING:main.py:418:setup_molecule:Multiple occupancies found: CD2 in LEU A 150.
2022-11-08 13:27:30,972 WARNING:main.py:424:setup_molecule:Multiple occupancies found in LEU A 150. At least one of the instances is being ignored.
2022-11-08 13:27:30,972 WARNING:main.py:418:setup_molecule:Multiple occupancies found: CA in ASP A 160.
2022-11-08 13:27:30,973 WARNING:main.py:418:setup_molecule:Multiple occupancies found: CB in ASP A 160.
2022-11-08 13:27:30,973 WARNING:main.py:418:setup_molecule:Multiple occupancies found: CG in ASP A 160.
2022-11-08 13:27:30,973 WARNING:main.py:418:setup_molecule:Multiple occupancies found: OD1 in ASP A 160.
2022-11-08 13:27:30,973 WARNING:main.py:418:setup_molecule:Multiple occupancies found: OD2 in ASP A 160.
2022-11-08 13:27:30,973 WARNING:main.py:424:setup_molecule:Multiple occupancies found in ASP A 160. At least one of the instances is being ignored.
2022-11-08 13:27:30,973 WARNING:main.py:418:setup_molecule:Multiple occupancies found: CA in SER A 170.
2022-11-08 13:27:30,973 WARNING:main.py:418:setup_molecule:Multiple occupancies found: CB in SER A 170.
2022-11-08 13:27:30,973 WARNING:main.py:418:setup_molecule:Multiple occupancies found: OG in SER A 170.
2022-11-08 13:27:30,974 WARNING:main.py:424:setup_molecule:Multiple occupancies found in SER A 170. At least one of the instances is being ignored.
2022-11-08 13:27:30,974 WARNING:main.py:418:setup_molecule:Multiple occupancies found: CA in LYS A 173.
2022-11-08 13:27:30,974 WARNING:main.py:418:setup_molecule:Multiple occupancies found: CB in LYS A 173.
2022-11-08 13:27:30,974 WARNING:main.py:418:setup_molecule:Multiple occupancies found: CG in LYS A 173.
2022-11-08 13:27:30,974 WARNING:main.py:418:setup_molecule:Multiple occupancies found: CD in LYS A 173.
2022-11-08 13:27:30,974 WARNING:main.py:418:setup_molecule:Multiple occupancies found: CE in LYS A 173.
2022-11-08 13:27:30,974 WARNING:main.py:418:setup_molecule:Multiple occupancies found: NZ in LYS A 173.
2022-11-08 13:27:30,974 WARNING:main.py:424:setup_molecule:Multiple occupancies found in LYS A 173. At least one of the instances is being ignored.
2022-11-08 13:27:30,974 WARNING:main.py:418:setup_molecule:Multiple occupancies found: CA in LYS A 176.
2022-11-08 13:27:30,975 WARNING:main.py:418:setup_molecule:Multiple occupancies found: CB in LYS A 176.
2022-11-08 13:27:30,975 WARNING:main.py:418:setup_molecule:Multiple occupancies found: CG in LYS A 176.
2022-11-08 13:27:30,975 WARNING:main.py:418:setup_molecule:Multiple occupancies found: CD in LYS A 176.
2022-11-08 13:27:30,975 WARNING:main.py:418:setup_molecule:Multiple occupancies found: CE in LYS A 176.
2022-11-08 13:27:30,975 WARNING:main.py:418:setup_molecule:Multiple occupancies found: NZ in LYS A 176.
2022-11-08 13:27:30,975 WARNING:main.py:424:setup_molecule:Multiple occupancies found in LYS A 176. At least one of the instances is being ignored.
2022-11-08 13:27:30,983 WARNING:biomolecule.py:600:update_bonds:Gap in backbone detected between PRO A 177 and SER A 184!
2022-11-08 13:27:31,011 WARNING:biomolecule.py:157:num_missing_heavy:Missing atom OXT in residue GLU A 197
2022-11-08 13:27:31,012 WARNING:biomolecule.py:157:num_missing_heavy:Missing atom OXT in residue GLU A 197
2022-11-08 13:27:31,013 WARNING:biomolecule.py:157:num_missing_heavy:Missing atom OXT in residue GLU A 197
2022-11-08 13:27:32,887 WARNING:main.py:311:print_pqr:Ignoring 2893 header lines in output.
2022-11-08 13:27:32,887 WARNING:main.py:315:print_pqr:Ignoring 67 missing lines in output.
