2022-11-08 13:26:09,812 WARNING:biomolecule.py:966:create_residue:Unable to find amino or nucleic acid definition for SAM.  Parsing as new residue.
2022-11-08 13:26:09,854 WARNING:biomolecule.py:157:num_missing_heavy:Missing atom CG1 in residue ILE A 21
2022-11-08 13:26:09,854 WARNING:biomolecule.py:157:num_missing_heavy:Missing atom CG2 in residue ILE A 21
2022-11-08 13:26:09,854 WARNING:biomolecule.py:157:num_missing_heavy:Missing atom CD1 in residue ILE A 21
2022-11-08 13:26:09,855 WARNING:biomolecule.py:157:num_missing_heavy:Missing atom CG in residue LYS A 106
2022-11-08 13:26:09,855 WARNING:biomolecule.py:157:num_missing_heavy:Missing atom CD in residue LYS A 106
2022-11-08 13:26:09,855 WARNING:biomolecule.py:157:num_missing_heavy:Missing atom CE in residue LYS A 106
2022-11-08 13:26:09,855 WARNING:biomolecule.py:157:num_missing_heavy:Missing atom NZ in residue LYS A 106
2022-11-08 13:26:09,856 WARNING:biomolecule.py:157:num_missing_heavy:Missing atom CG in residue HIS A 182
2022-11-08 13:26:09,856 WARNING:biomolecule.py:157:num_missing_heavy:Missing atom ND1 in residue HIS A 182
2022-11-08 13:26:09,856 WARNING:biomolecule.py:157:num_missing_heavy:Missing atom CD2 in residue HIS A 182
2022-11-08 13:26:09,856 WARNING:biomolecule.py:157:num_missing_heavy:Missing atom CE1 in residue HIS A 182
2022-11-08 13:26:09,856 WARNING:biomolecule.py:157:num_missing_heavy:Missing atom NE2 in residue HIS A 182
2022-11-08 13:26:09,856 WARNING:biomolecule.py:157:num_missing_heavy:Missing atom CG in residue TYR A 184
2022-11-08 13:26:09,857 WARNING:biomolecule.py:157:num_missing_heavy:Missing atom CD1 in residue TYR A 184
2022-11-08 13:26:09,857 WARNING:biomolecule.py:157:num_missing_heavy:Missing atom CD2 in residue TYR A 184
2022-11-08 13:26:09,857 WARNING:biomolecule.py:157:num_missing_heavy:Missing atom CE1 in residue TYR A 184
2022-11-08 13:26:09,857 WARNING:biomolecule.py:157:num_missing_heavy:Missing atom CE2 in residue TYR A 184
2022-11-08 13:26:09,857 WARNING:biomolecule.py:157:num_missing_heavy:Missing atom CZ in residue TYR A 184
2022-11-08 13:26:09,857 WARNING:biomolecule.py:157:num_missing_heavy:Missing atom OH in residue TYR A 184
2022-11-08 13:26:09,857 WARNING:biomolecule.py:157:num_missing_heavy:Missing atom CG in residue LYS A 191
2022-11-08 13:26:09,857 WARNING:biomolecule.py:157:num_missing_heavy:Missing atom CD in residue LYS A 191
2022-11-08 13:26:09,858 WARNING:biomolecule.py:157:num_missing_heavy:Missing atom CE in residue LYS A 191
2022-11-08 13:26:09,858 WARNING:biomolecule.py:157:num_missing_heavy:Missing atom NZ in residue LYS A 191
2022-11-08 13:26:09,858 WARNING:biomolecule.py:157:num_missing_heavy:Missing atom CG in residue LYS A 202
2022-11-08 13:26:09,858 WARNING:biomolecule.py:157:num_missing_heavy:Missing atom CD in residue LYS A 202
2022-11-08 13:26:09,858 WARNING:biomolecule.py:157:num_missing_heavy:Missing atom CE in residue LYS A 202
2022-11-08 13:26:09,858 WARNING:biomolecule.py:157:num_missing_heavy:Missing atom NZ in residue LYS A 202
2022-11-08 13:26:09,859 WARNING:biomolecule.py:157:num_missing_heavy:Missing atom CG in residue GLU A 261
2022-11-08 13:26:09,859 WARNING:biomolecule.py:157:num_missing_heavy:Missing atom CD in residue GLU A 261
2022-11-08 13:26:09,859 WARNING:biomolecule.py:157:num_missing_heavy:Missing atom OE1 in residue GLU A 261
2022-11-08 13:26:09,859 WARNING:biomolecule.py:157:num_missing_heavy:Missing atom OE2 in residue GLU A 261
2022-11-08 13:26:09,859 WARNING:biomolecule.py:157:num_missing_heavy:Missing atom CG in residue GLU A 265
2022-11-08 13:26:09,859 WARNING:biomolecule.py:157:num_missing_heavy:Missing atom CD in residue GLU A 265
2022-11-08 13:26:09,860 WARNING:biomolecule.py:157:num_missing_heavy:Missing atom OE1 in residue GLU A 265
2022-11-08 13:26:09,860 WARNING:biomolecule.py:157:num_missing_heavy:Missing atom OE2 in residue GLU A 265
2022-11-08 13:26:09,860 WARNING:biomolecule.py:157:num_missing_heavy:Missing atom OXT in residue ALA A 301
2022-11-08 13:26:09,861 WARNING:biomolecule.py:157:num_missing_heavy:Missing atom CG1 in residue ILE A 21
2022-11-08 13:26:09,861 WARNING:biomolecule.py:157:num_missing_heavy:Missing atom CG2 in residue ILE A 21
2022-11-08 13:26:09,861 WARNING:biomolecule.py:157:num_missing_heavy:Missing atom CD1 in residue ILE A 21
2022-11-08 13:26:09,862 WARNING:biomolecule.py:157:num_missing_heavy:Missing atom CG in residue LYS A 106
2022-11-08 13:26:09,862 WARNING:biomolecule.py:157:num_missing_heavy:Missing atom CD in residue LYS A 106
2022-11-08 13:26:09,862 WARNING:biomolecule.py:157:num_missing_heavy:Missing atom CE in residue LYS A 106
2022-11-08 13:26:09,862 WARNING:biomolecule.py:157:num_missing_heavy:Missing atom NZ in residue LYS A 106
2022-11-08 13:26:09,863 WARNING:biomolecule.py:157:num_missing_heavy:Missing atom CG in residue HIS A 182
2022-11-08 13:26:09,863 WARNING:biomolecule.py:157:num_missing_heavy:Missing atom ND1 in residue HIS A 182
2022-11-08 13:26:09,863 WARNING:biomolecule.py:157:num_missing_heavy:Missing atom CD2 in residue HIS A 182
2022-11-08 13:26:09,864 WARNING:biomolecule.py:157:num_missing_heavy:Missing atom CE1 in residue HIS A 182
2022-11-08 13:26:09,864 WARNING:biomolecule.py:157:num_missing_heavy:Missing atom NE2 in residue HIS A 182
2022-11-08 13:26:09,864 WARNING:biomolecule.py:157:num_missing_heavy:Missing atom CG in residue TYR A 184
2022-11-08 13:26:09,864 WARNING:biomolecule.py:157:num_missing_heavy:Missing atom CD1 in residue TYR A 184
2022-11-08 13:26:09,864 WARNING:biomolecule.py:157:num_missing_heavy:Missing atom CD2 in residue TYR A 184
2022-11-08 13:26:09,864 WARNING:biomolecule.py:157:num_missing_heavy:Missing atom CE1 in residue TYR A 184
2022-11-08 13:26:09,864 WARNING:biomolecule.py:157:num_missing_heavy:Missing atom CE2 in residue TYR A 184
2022-11-08 13:26:09,864 WARNING:biomolecule.py:157:num_missing_heavy:Missing atom CZ in residue TYR A 184
2022-11-08 13:26:09,865 WARNING:biomolecule.py:157:num_missing_heavy:Missing atom OH in residue TYR A 184
2022-11-08 13:26:09,865 WARNING:biomolecule.py:157:num_missing_heavy:Missing atom CG in residue LYS A 191
2022-11-08 13:26:09,865 WARNING:biomolecule.py:157:num_missing_heavy:Missing atom CD in residue LYS A 191
2022-11-08 13:26:09,865 WARNING:biomolecule.py:157:num_missing_heavy:Missing atom CE in residue LYS A 191
2022-11-08 13:26:09,865 WARNING:biomolecule.py:157:num_missing_heavy:Missing atom NZ in residue LYS A 191
2022-11-08 13:26:09,865 WARNING:biomolecule.py:157:num_missing_heavy:Missing atom CG in residue LYS A 202
2022-11-08 13:26:09,865 WARNING:biomolecule.py:157:num_missing_heavy:Missing atom CD in residue LYS A 202
2022-11-08 13:26:09,866 WARNING:biomolecule.py:157:num_missing_heavy:Missing atom CE in residue LYS A 202
2022-11-08 13:26:09,866 WARNING:biomolecule.py:157:num_missing_heavy:Missing atom NZ in residue LYS A 202
2022-11-08 13:26:09,866 WARNING:biomolecule.py:157:num_missing_heavy:Missing atom CG in residue GLU A 261
2022-11-08 13:26:09,866 WARNING:biomolecule.py:157:num_missing_heavy:Missing atom CD in residue GLU A 261
2022-11-08 13:26:09,866 WARNING:biomolecule.py:157:num_missing_heavy:Missing atom OE1 in residue GLU A 261
2022-11-08 13:26:09,867 WARNING:biomolecule.py:157:num_missing_heavy:Missing atom OE2 in residue GLU A 261
2022-11-08 13:26:09,867 WARNING:biomolecule.py:157:num_missing_heavy:Missing atom CG in residue GLU A 265
2022-11-08 13:26:09,867 WARNING:biomolecule.py:157:num_missing_heavy:Missing atom CD in residue GLU A 265
2022-11-08 13:26:09,867 WARNING:biomolecule.py:157:num_missing_heavy:Missing atom OE1 in residue GLU A 265
2022-11-08 13:26:09,867 WARNING:biomolecule.py:157:num_missing_heavy:Missing atom OE2 in residue GLU A 265
2022-11-08 13:26:09,867 WARNING:biomolecule.py:157:num_missing_heavy:Missing atom OXT in residue ALA A 301
2022-11-08 13:26:09,868 WARNING:biomolecule.py:157:num_missing_heavy:Missing atom CG1 in residue ILE A 21
2022-11-08 13:26:09,868 WARNING:biomolecule.py:157:num_missing_heavy:Missing atom CG2 in residue ILE A 21
2022-11-08 13:26:09,868 WARNING:biomolecule.py:157:num_missing_heavy:Missing atom CD1 in residue ILE A 21
2022-11-08 13:26:09,868 WARNING:biomolecule.py:157:num_missing_heavy:Missing atom CG in residue LYS A 106
2022-11-08 13:26:09,869 WARNING:biomolecule.py:157:num_missing_heavy:Missing atom CD in residue LYS A 106
2022-11-08 13:26:09,869 WARNING:biomolecule.py:157:num_missing_heavy:Missing atom CE in residue LYS A 106
2022-11-08 13:26:09,869 WARNING:biomolecule.py:157:num_missing_heavy:Missing atom NZ in residue LYS A 106
2022-11-08 13:26:09,869 WARNING:biomolecule.py:157:num_missing_heavy:Missing atom CG in residue HIS A 182
2022-11-08 13:26:09,870 WARNING:biomolecule.py:157:num_missing_heavy:Missing atom ND1 in residue HIS A 182
2022-11-08 13:26:09,870 WARNING:biomolecule.py:157:num_missing_heavy:Missing atom CD2 in residue HIS A 182
2022-11-08 13:26:09,870 WARNING:biomolecule.py:157:num_missing_heavy:Missing atom CE1 in residue HIS A 182
2022-11-08 13:26:09,870 WARNING:biomolecule.py:157:num_missing_heavy:Missing atom NE2 in residue HIS A 182
2022-11-08 13:26:09,870 WARNING:biomolecule.py:157:num_missing_heavy:Missing atom CG in residue TYR A 184
2022-11-08 13:26:09,870 WARNING:biomolecule.py:157:num_missing_heavy:Missing atom CD1 in residue TYR A 184
2022-11-08 13:26:09,870 WARNING:biomolecule.py:157:num_missing_heavy:Missing atom CD2 in residue TYR A 184
2022-11-08 13:26:09,870 WARNING:biomolecule.py:157:num_missing_heavy:Missing atom CE1 in residue TYR A 184
2022-11-08 13:26:09,871 WARNING:biomolecule.py:157:num_missing_heavy:Missing atom CE2 in residue TYR A 184
2022-11-08 13:26:09,871 WARNING:biomolecule.py:157:num_missing_heavy:Missing atom CZ in residue TYR A 184
2022-11-08 13:26:09,871 WARNING:biomolecule.py:157:num_missing_heavy:Missing atom OH in residue TYR A 184
2022-11-08 13:26:09,871 WARNING:biomolecule.py:157:num_missing_heavy:Missing atom CG in residue LYS A 191
2022-11-08 13:26:09,871 WARNING:biomolecule.py:157:num_missing_heavy:Missing atom CD in residue LYS A 191
2022-11-08 13:26:09,871 WARNING:biomolecule.py:157:num_missing_heavy:Missing atom CE in residue LYS A 191
2022-11-08 13:26:09,871 WARNING:biomolecule.py:157:num_missing_heavy:Missing atom NZ in residue LYS A 191
2022-11-08 13:26:09,872 WARNING:biomolecule.py:157:num_missing_heavy:Missing atom CG in residue LYS A 202
2022-11-08 13:26:09,872 WARNING:biomolecule.py:157:num_missing_heavy:Missing atom CD in residue LYS A 202
2022-11-08 13:26:09,872 WARNING:biomolecule.py:157:num_missing_heavy:Missing atom CE in residue LYS A 202
2022-11-08 13:26:09,872 WARNING:biomolecule.py:157:num_missing_heavy:Missing atom NZ in residue LYS A 202
2022-11-08 13:26:09,872 WARNING:biomolecule.py:157:num_missing_heavy:Missing atom CG in residue GLU A 261
2022-11-08 13:26:09,873 WARNING:biomolecule.py:157:num_missing_heavy:Missing atom CD in residue GLU A 261
2022-11-08 13:26:09,873 WARNING:biomolecule.py:157:num_missing_heavy:Missing atom OE1 in residue GLU A 261
2022-11-08 13:26:09,873 WARNING:biomolecule.py:157:num_missing_heavy:Missing atom OE2 in residue GLU A 261
2022-11-08 13:26:09,873 WARNING:biomolecule.py:157:num_missing_heavy:Missing atom CG in residue GLU A 265
2022-11-08 13:26:09,873 WARNING:biomolecule.py:157:num_missing_heavy:Missing atom CD in residue GLU A 265
2022-11-08 13:26:09,873 WARNING:biomolecule.py:157:num_missing_heavy:Missing atom OE1 in residue GLU A 265
2022-11-08 13:26:09,873 WARNING:biomolecule.py:157:num_missing_heavy:Missing atom OE2 in residue GLU A 265
2022-11-08 13:26:09,874 WARNING:biomolecule.py:157:num_missing_heavy:Missing atom OXT in residue ALA A 301
2022-11-08 13:26:13,859 WARNING:main.py:311:print_pqr:Ignoring 1731 header lines in output.
2022-11-08 13:26:13,860 WARNING:main.py:315:print_pqr:Ignoring 27 missing lines in output.
