2022-11-08 13:37:12,414 WARNING:biomolecule.py:966:create_residue:Unable to find amino or nucleic acid definition for SAM.  Parsing as new residue.
2022-11-08 13:37:12,415 WARNING:biomolecule.py:966:create_residue:Unable to find amino or nucleic acid definition for EAO.  Parsing as new residue.
2022-11-08 13:37:12,416 WARNING:biomolecule.py:966:create_residue:Unable to find amino or nucleic acid definition for MG.  Parsing as new residue.
2022-11-08 13:37:12,416 WARNING:biomolecule.py:966:create_residue:Unable to find amino or nucleic acid definition for IPA.  Parsing as new residue.
2022-11-08 13:37:12,416 WARNING:biomolecule.py:966:create_residue:Unable to find amino or nucleic acid definition for IPA.  Parsing as new residue.
2022-11-08 13:37:12,416 WARNING:biomolecule.py:966:create_residue:Unable to find amino or nucleic acid definition for PEG.  Parsing as new residue.
2022-11-08 13:37:12,416 WARNING:biomolecule.py:966:create_residue:Unable to find amino or nucleic acid definition for PEG.  Parsing as new residue.
2022-11-08 13:37:12,417 WARNING:main.py:418:setup_molecule:Multiple occupancies found: CG in MET A 50.
2022-11-08 13:37:12,417 WARNING:main.py:418:setup_molecule:Multiple occupancies found: SD in MET A 50.
2022-11-08 13:37:12,417 WARNING:main.py:418:setup_molecule:Multiple occupancies found: CE in MET A 50.
2022-11-08 13:37:12,417 WARNING:main.py:424:setup_molecule:Multiple occupancies found in MET A 50. At least one of the instances is being ignored.
2022-11-08 13:37:12,417 WARNING:main.py:418:setup_molecule:Multiple occupancies found: CD in ARG A 55.
2022-11-08 13:37:12,418 WARNING:main.py:418:setup_molecule:Multiple occupancies found: NE in ARG A 55.
2022-11-08 13:37:12,418 WARNING:main.py:418:setup_molecule:Multiple occupancies found: CZ in ARG A 55.
2022-11-08 13:37:12,418 WARNING:main.py:418:setup_molecule:Multiple occupancies found: NH1 in ARG A 55.
2022-11-08 13:37:12,418 WARNING:main.py:418:setup_molecule:Multiple occupancies found: NH2 in ARG A 55.
2022-11-08 13:37:12,418 WARNING:main.py:424:setup_molecule:Multiple occupancies found in ARG A 55. At least one of the instances is being ignored.
2022-11-08 13:37:12,418 WARNING:main.py:418:setup_molecule:Multiple occupancies found: N in SER A 58.
2022-11-08 13:37:12,418 WARNING:main.py:418:setup_molecule:Multiple occupancies found: CA in SER A 58.
2022-11-08 13:37:12,418 WARNING:main.py:418:setup_molecule:Multiple occupancies found: C in SER A 58.
2022-11-08 13:37:12,418 WARNING:main.py:418:setup_molecule:Multiple occupancies found: O in SER A 58.
2022-11-08 13:37:12,419 WARNING:main.py:418:setup_molecule:Multiple occupancies found: OG in SER A 58.
2022-11-08 13:37:12,419 WARNING:main.py:424:setup_molecule:Multiple occupancies found in SER A 58. At least one of the instances is being ignored.
2022-11-08 13:37:12,419 WARNING:main.py:418:setup_molecule:Multiple occupancies found: CG in ASN A 116.
2022-11-08 13:37:12,419 WARNING:main.py:418:setup_molecule:Multiple occupancies found: ND2 in ASN A 116.
2022-11-08 13:37:12,419 WARNING:main.py:418:setup_molecule:Multiple occupancies found: OD1 in ASN A 116.
2022-11-08 13:37:12,419 WARNING:main.py:424:setup_molecule:Multiple occupancies found in ASN A 116. At least one of the instances is being ignored.
2022-11-08 13:37:12,419 WARNING:main.py:418:setup_molecule:Multiple occupancies found: CE in MET A 137.
2022-11-08 13:37:12,419 WARNING:main.py:424:setup_molecule:Multiple occupancies found in MET A 137. At least one of the instances is being ignored.
2022-11-08 13:37:12,420 WARNING:main.py:418:setup_molecule:Multiple occupancies found: CD in GLU A 155.
2022-11-08 13:37:12,420 WARNING:main.py:418:setup_molecule:Multiple occupancies found: OE1 in GLU A 155.
2022-11-08 13:37:12,420 WARNING:main.py:418:setup_molecule:Multiple occupancies found: OE2 in GLU A 155.
2022-11-08 13:37:12,420 WARNING:main.py:424:setup_molecule:Multiple occupancies found in GLU A 155. At least one of the instances is being ignored.
2022-11-08 13:37:12,421 WARNING:main.py:418:setup_molecule:Multiple occupancies found: N in LYS A 162.
2022-11-08 13:37:12,421 WARNING:main.py:418:setup_molecule:Multiple occupancies found: C in LYS A 162.
2022-11-08 13:37:12,421 WARNING:main.py:418:setup_molecule:Multiple occupancies found: O in LYS A 162.
2022-11-08 13:37:12,421 WARNING:main.py:418:setup_molecule:Multiple occupancies found: CE in LYS A 162.
2022-11-08 13:37:12,421 WARNING:main.py:418:setup_molecule:Multiple occupancies found: NZ in LYS A 162.
2022-11-08 13:37:12,422 WARNING:main.py:424:setup_molecule:Multiple occupancies found in LYS A 162. At least one of the instances is being ignored.
2022-11-08 13:37:12,422 WARNING:main.py:418:setup_molecule:Multiple occupancies found: CG2 in THR A 176.
2022-11-08 13:37:12,422 WARNING:main.py:418:setup_molecule:Multiple occupancies found: OG1 in THR A 176.
2022-11-08 13:37:12,422 WARNING:main.py:424:setup_molecule:Multiple occupancies found in THR A 176. At least one of the instances is being ignored.
2022-11-08 13:37:12,422 WARNING:main.py:418:setup_molecule:Multiple occupancies found: OG in SER A 187.
2022-11-08 13:37:12,422 WARNING:main.py:424:setup_molecule:Multiple occupancies found in SER A 187. At least one of the instances is being ignored.
2022-11-08 13:37:12,422 WARNING:main.py:418:setup_molecule:Multiple occupancies found: CG in GLU A 190.
2022-11-08 13:37:12,422 WARNING:main.py:418:setup_molecule:Multiple occupancies found: CD in GLU A 190.
2022-11-08 13:37:12,422 WARNING:main.py:418:setup_molecule:Multiple occupancies found: OE1 in GLU A 190.
2022-11-08 13:37:12,423 WARNING:main.py:418:setup_molecule:Multiple occupancies found: OE2 in GLU A 190.
2022-11-08 13:37:12,423 WARNING:main.py:424:setup_molecule:Multiple occupancies found in GLU A 190. At least one of the instances is being ignored.
2022-11-08 13:37:12,423 WARNING:main.py:418:setup_molecule:Multiple occupancies found: CG2 in ILE A 211.
2022-11-08 13:37:12,423 WARNING:main.py:418:setup_molecule:Multiple occupancies found: CD1 in ILE A 211.
2022-11-08 13:37:12,423 WARNING:main.py:424:setup_molecule:Multiple occupancies found in ILE A 211. At least one of the instances is being ignored.
2022-11-08 13:37:12,462 WARNING:biomolecule.py:157:num_missing_heavy:Missing atom CD in residue LYS A 36
2022-11-08 13:37:12,462 WARNING:biomolecule.py:157:num_missing_heavy:Missing atom CE in residue LYS A 36
2022-11-08 13:37:12,462 WARNING:biomolecule.py:157:num_missing_heavy:Missing atom NZ in residue LYS A 36
2022-11-08 13:37:12,463 WARNING:biomolecule.py:157:num_missing_heavy:Missing atom CD in residue LYS A 202
2022-11-08 13:37:12,463 WARNING:biomolecule.py:157:num_missing_heavy:Missing atom CE in residue LYS A 202
2022-11-08 13:37:12,463 WARNING:biomolecule.py:157:num_missing_heavy:Missing atom NZ in residue LYS A 202
2022-11-08 13:37:12,464 WARNING:biomolecule.py:157:num_missing_heavy:Missing atom OXT in residue PRO A 215
2022-11-08 13:37:12,464 WARNING:biomolecule.py:157:num_missing_heavy:Missing atom CD in residue LYS A 36
2022-11-08 13:37:12,464 WARNING:biomolecule.py:157:num_missing_heavy:Missing atom CE in residue LYS A 36
2022-11-08 13:37:12,464 WARNING:biomolecule.py:157:num_missing_heavy:Missing atom NZ in residue LYS A 36
2022-11-08 13:37:12,465 WARNING:biomolecule.py:157:num_missing_heavy:Missing atom CD in residue LYS A 202
2022-11-08 13:37:12,465 WARNING:biomolecule.py:157:num_missing_heavy:Missing atom CE in residue LYS A 202
2022-11-08 13:37:12,466 WARNING:biomolecule.py:157:num_missing_heavy:Missing atom NZ in residue LYS A 202
2022-11-08 13:37:12,466 WARNING:biomolecule.py:157:num_missing_heavy:Missing atom OXT in residue PRO A 215
2022-11-08 13:37:12,466 WARNING:biomolecule.py:157:num_missing_heavy:Missing atom CD in residue LYS A 36
2022-11-08 13:37:12,466 WARNING:biomolecule.py:157:num_missing_heavy:Missing atom CE in residue LYS A 36
2022-11-08 13:37:12,466 WARNING:biomolecule.py:157:num_missing_heavy:Missing atom NZ in residue LYS A 36
2022-11-08 13:37:12,468 WARNING:biomolecule.py:157:num_missing_heavy:Missing atom CD in residue LYS A 202
2022-11-08 13:37:12,468 WARNING:biomolecule.py:157:num_missing_heavy:Missing atom CE in residue LYS A 202
2022-11-08 13:37:12,468 WARNING:biomolecule.py:157:num_missing_heavy:Missing atom NZ in residue LYS A 202
2022-11-08 13:37:12,468 WARNING:biomolecule.py:157:num_missing_heavy:Missing atom OXT in residue PRO A 215
2022-11-08 13:37:15,201 WARNING:main.py:311:print_pqr:Ignoring 3134 header lines in output.
2022-11-08 13:37:15,202 WARNING:main.py:315:print_pqr:Ignoring 69 missing lines in output.
