2022-11-08 13:29:22,879 WARNING:biomolecule.py:966:create_residue:Unable to find amino or nucleic acid definition for SAM.  Parsing as new residue.
2022-11-08 13:29:22,880 WARNING:biomolecule.py:966:create_residue:Unable to find amino or nucleic acid definition for 3A9.  Parsing as new residue.
2022-11-08 13:29:22,880 WARNING:biomolecule.py:966:create_residue:Unable to find amino or nucleic acid definition for NA.  Parsing as new residue.
2022-11-08 13:29:22,881 WARNING:main.py:418:setup_molecule:Multiple occupancies found: N in LYS A 12.
2022-11-08 13:29:22,881 WARNING:main.py:418:setup_molecule:Multiple occupancies found: CA in LYS A 12.
2022-11-08 13:29:22,881 WARNING:main.py:418:setup_molecule:Multiple occupancies found: C in LYS A 12.
2022-11-08 13:29:22,881 WARNING:main.py:418:setup_molecule:Multiple occupancies found: O in LYS A 12.
2022-11-08 13:29:22,882 WARNING:main.py:418:setup_molecule:Multiple occupancies found: CB in LYS A 12.
2022-11-08 13:29:22,882 WARNING:main.py:418:setup_molecule:Multiple occupancies found: CG in LYS A 12.
2022-11-08 13:29:22,882 WARNING:main.py:418:setup_molecule:Multiple occupancies found: CD in LYS A 12.
2022-11-08 13:29:22,882 WARNING:main.py:418:setup_molecule:Multiple occupancies found: CE in LYS A 12.
2022-11-08 13:29:22,882 WARNING:main.py:418:setup_molecule:Multiple occupancies found: NZ in LYS A 12.
2022-11-08 13:29:22,882 WARNING:main.py:424:setup_molecule:Multiple occupancies found in LYS A 12. At least one of the instances is being ignored.
2022-11-08 13:29:22,883 WARNING:main.py:418:setup_molecule:Multiple occupancies found: N in GLU A 40.
2022-11-08 13:29:22,883 WARNING:main.py:418:setup_molecule:Multiple occupancies found: CA in GLU A 40.
2022-11-08 13:29:22,883 WARNING:main.py:418:setup_molecule:Multiple occupancies found: C in GLU A 40.
2022-11-08 13:29:22,883 WARNING:main.py:418:setup_molecule:Multiple occupancies found: O in GLU A 40.
2022-11-08 13:29:22,883 WARNING:main.py:418:setup_molecule:Multiple occupancies found: CB in GLU A 40.
2022-11-08 13:29:22,883 WARNING:main.py:418:setup_molecule:Multiple occupancies found: CG in GLU A 40.
2022-11-08 13:29:22,883 WARNING:main.py:418:setup_molecule:Multiple occupancies found: CD in GLU A 40.
2022-11-08 13:29:22,884 WARNING:main.py:418:setup_molecule:Multiple occupancies found: OE1 in GLU A 40.
2022-11-08 13:29:22,884 WARNING:main.py:418:setup_molecule:Multiple occupancies found: OE2 in GLU A 40.
2022-11-08 13:29:22,884 WARNING:main.py:424:setup_molecule:Multiple occupancies found in GLU A 40. At least one of the instances is being ignored.
2022-11-08 13:29:22,884 WARNING:main.py:418:setup_molecule:Multiple occupancies found: N in GLU A 111.
2022-11-08 13:29:22,884 WARNING:main.py:418:setup_molecule:Multiple occupancies found: CA in GLU A 111.
2022-11-08 13:29:22,884 WARNING:main.py:418:setup_molecule:Multiple occupancies found: C in GLU A 111.
2022-11-08 13:29:22,884 WARNING:main.py:418:setup_molecule:Multiple occupancies found: O in GLU A 111.
2022-11-08 13:29:22,885 WARNING:main.py:418:setup_molecule:Multiple occupancies found: CB in GLU A 111.
2022-11-08 13:29:22,885 WARNING:main.py:418:setup_molecule:Multiple occupancies found: CG in GLU A 111.
2022-11-08 13:29:22,885 WARNING:main.py:418:setup_molecule:Multiple occupancies found: CD in GLU A 111.
2022-11-08 13:29:22,885 WARNING:main.py:418:setup_molecule:Multiple occupancies found: OE1 in GLU A 111.
2022-11-08 13:29:22,885 WARNING:main.py:418:setup_molecule:Multiple occupancies found: OE2 in GLU A 111.
2022-11-08 13:29:22,885 WARNING:main.py:424:setup_molecule:Multiple occupancies found in GLU A 111. At least one of the instances is being ignored.
2022-11-08 13:29:22,886 WARNING:main.py:418:setup_molecule:Multiple occupancies found: N in MET A 127.
2022-11-08 13:29:22,886 WARNING:main.py:418:setup_molecule:Multiple occupancies found: CA in MET A 127.
2022-11-08 13:29:22,886 WARNING:main.py:418:setup_molecule:Multiple occupancies found: C in MET A 127.
2022-11-08 13:29:22,887 WARNING:main.py:418:setup_molecule:Multiple occupancies found: O in MET A 127.
2022-11-08 13:29:22,887 WARNING:main.py:418:setup_molecule:Multiple occupancies found: CB in MET A 127.
2022-11-08 13:29:22,887 WARNING:main.py:418:setup_molecule:Multiple occupancies found: CG in MET A 127.
2022-11-08 13:29:22,887 WARNING:main.py:418:setup_molecule:Multiple occupancies found: SD in MET A 127.
2022-11-08 13:29:22,887 WARNING:main.py:418:setup_molecule:Multiple occupancies found: CE in MET A 127.
2022-11-08 13:29:22,887 WARNING:main.py:424:setup_molecule:Multiple occupancies found in MET A 127. At least one of the instances is being ignored.
2022-11-08 13:29:22,888 WARNING:main.py:418:setup_molecule:Multiple occupancies found: N in LYS A 180.
2022-11-08 13:29:22,888 WARNING:main.py:418:setup_molecule:Multiple occupancies found: CA in LYS A 180.
2022-11-08 13:29:22,888 WARNING:main.py:418:setup_molecule:Multiple occupancies found: C in LYS A 180.
2022-11-08 13:29:22,888 WARNING:main.py:418:setup_molecule:Multiple occupancies found: O in LYS A 180.
2022-11-08 13:29:22,888 WARNING:main.py:418:setup_molecule:Multiple occupancies found: CB in LYS A 180.
2022-11-08 13:29:22,888 WARNING:main.py:418:setup_molecule:Multiple occupancies found: CG in LYS A 180.
2022-11-08 13:29:22,889 WARNING:main.py:418:setup_molecule:Multiple occupancies found: CD in LYS A 180.
2022-11-08 13:29:22,889 WARNING:main.py:418:setup_molecule:Multiple occupancies found: CE in LYS A 180.
2022-11-08 13:29:22,889 WARNING:main.py:418:setup_molecule:Multiple occupancies found: NZ in LYS A 180.
2022-11-08 13:29:22,889 WARNING:main.py:424:setup_molecule:Multiple occupancies found in LYS A 180. At least one of the instances is being ignored.
2022-11-08 13:29:22,889 WARNING:main.py:418:setup_molecule:Multiple occupancies found: N in MET A 186.
2022-11-08 13:29:22,889 WARNING:main.py:418:setup_molecule:Multiple occupancies found: CA in MET A 186.
2022-11-08 13:29:22,889 WARNING:main.py:418:setup_molecule:Multiple occupancies found: C in MET A 186.
2022-11-08 13:29:22,890 WARNING:main.py:418:setup_molecule:Multiple occupancies found: O in MET A 186.
2022-11-08 13:29:22,890 WARNING:main.py:418:setup_molecule:Multiple occupancies found: CB in MET A 186.
2022-11-08 13:29:22,890 WARNING:main.py:418:setup_molecule:Multiple occupancies found: CG in MET A 186.
2022-11-08 13:29:22,890 WARNING:main.py:418:setup_molecule:Multiple occupancies found: SD in MET A 186.
2022-11-08 13:29:22,890 WARNING:main.py:418:setup_molecule:Multiple occupancies found: CE in MET A 186.
2022-11-08 13:29:22,890 WARNING:main.py:424:setup_molecule:Multiple occupancies found in MET A 186. At least one of the instances is being ignored.
2022-11-08 13:29:22,890 WARNING:main.py:418:setup_molecule:Multiple occupancies found: N in ILE A 190.
2022-11-08 13:29:22,891 WARNING:main.py:418:setup_molecule:Multiple occupancies found: CA in ILE A 190.
2022-11-08 13:29:22,891 WARNING:main.py:418:setup_molecule:Multiple occupancies found: C in ILE A 190.
2022-11-08 13:29:22,891 WARNING:main.py:418:setup_molecule:Multiple occupancies found: O in ILE A 190.
2022-11-08 13:29:22,891 WARNING:main.py:418:setup_molecule:Multiple occupancies found: CB in ILE A 190.
2022-11-08 13:29:22,891 WARNING:main.py:418:setup_molecule:Multiple occupancies found: CG1 in ILE A 190.
2022-11-08 13:29:22,891 WARNING:main.py:418:setup_molecule:Multiple occupancies found: CG2 in ILE A 190.
2022-11-08 13:29:22,891 WARNING:main.py:418:setup_molecule:Multiple occupancies found: CD1 in ILE A 190.
2022-11-08 13:29:22,892 WARNING:main.py:424:setup_molecule:Multiple occupancies found in ILE A 190. At least one of the instances is being ignored.
2022-11-08 13:29:22,892 WARNING:main.py:418:setup_molecule:Multiple occupancies found: N in MET A 203.
2022-11-08 13:29:22,892 WARNING:main.py:418:setup_molecule:Multiple occupancies found: CA in MET A 203.
2022-11-08 13:29:22,892 WARNING:main.py:418:setup_molecule:Multiple occupancies found: C in MET A 203.
2022-11-08 13:29:22,892 WARNING:main.py:418:setup_molecule:Multiple occupancies found: O in MET A 203.
2022-11-08 13:29:22,892 WARNING:main.py:418:setup_molecule:Multiple occupancies found: CB in MET A 203.
2022-11-08 13:29:22,892 WARNING:main.py:418:setup_molecule:Multiple occupancies found: CG in MET A 203.
2022-11-08 13:29:22,893 WARNING:main.py:418:setup_molecule:Multiple occupancies found: SD in MET A 203.
2022-11-08 13:29:22,893 WARNING:main.py:418:setup_molecule:Multiple occupancies found: CE in MET A 203.
2022-11-08 13:29:22,893 WARNING:main.py:424:setup_molecule:Multiple occupancies found in MET A 203. At least one of the instances is being ignored.
2022-11-08 13:29:22,893 WARNING:main.py:418:setup_molecule:Multiple occupancies found: N in THR A 224.
2022-11-08 13:29:22,893 WARNING:main.py:418:setup_molecule:Multiple occupancies found: CA in THR A 224.
2022-11-08 13:29:22,893 WARNING:main.py:418:setup_molecule:Multiple occupancies found: C in THR A 224.
2022-11-08 13:29:22,893 WARNING:main.py:418:setup_molecule:Multiple occupancies found: O in THR A 224.
2022-11-08 13:29:22,894 WARNING:main.py:418:setup_molecule:Multiple occupancies found: CB in THR A 224.
2022-11-08 13:29:22,894 WARNING:main.py:418:setup_molecule:Multiple occupancies found: CG2 in THR A 224.
2022-11-08 13:29:22,894 WARNING:main.py:418:setup_molecule:Multiple occupancies found: OG1 in THR A 224.
2022-11-08 13:29:22,894 WARNING:main.py:424:setup_molecule:Multiple occupancies found in THR A 224. At least one of the instances is being ignored.
2022-11-08 13:29:22,894 WARNING:main.py:418:setup_molecule:Multiple occupancies found: N in MET A 233.
2022-11-08 13:29:22,894 WARNING:main.py:418:setup_molecule:Multiple occupancies found: CA in MET A 233.
2022-11-08 13:29:22,894 WARNING:main.py:418:setup_molecule:Multiple occupancies found: C in MET A 233.
2022-11-08 13:29:22,895 WARNING:main.py:418:setup_molecule:Multiple occupancies found: O in MET A 233.
2022-11-08 13:29:22,895 WARNING:main.py:418:setup_molecule:Multiple occupancies found: CB in MET A 233.
2022-11-08 13:29:22,895 WARNING:main.py:418:setup_molecule:Multiple occupancies found: CG in MET A 233.
2022-11-08 13:29:22,895 WARNING:main.py:418:setup_molecule:Multiple occupancies found: SD in MET A 233.
2022-11-08 13:29:22,895 WARNING:main.py:418:setup_molecule:Multiple occupancies found: CE in MET A 233.
2022-11-08 13:29:22,895 WARNING:main.py:424:setup_molecule:Multiple occupancies found in MET A 233. At least one of the instances is being ignored.
2022-11-08 13:29:22,895 WARNING:main.py:418:setup_molecule:Multiple occupancies found: N in LYS A 253.
2022-11-08 13:29:22,895 WARNING:main.py:418:setup_molecule:Multiple occupancies found: CA in LYS A 253.
2022-11-08 13:29:22,896 WARNING:main.py:418:setup_molecule:Multiple occupancies found: C in LYS A 253.
2022-11-08 13:29:22,896 WARNING:main.py:418:setup_molecule:Multiple occupancies found: O in LYS A 253.
2022-11-08 13:29:22,896 WARNING:main.py:418:setup_molecule:Multiple occupancies found: CB in LYS A 253.
2022-11-08 13:29:22,896 WARNING:main.py:418:setup_molecule:Multiple occupancies found: CG in LYS A 253.
2022-11-08 13:29:22,896 WARNING:main.py:418:setup_molecule:Multiple occupancies found: CD in LYS A 253.
2022-11-08 13:29:22,896 WARNING:main.py:418:setup_molecule:Multiple occupancies found: CE in LYS A 253.
2022-11-08 13:29:22,896 WARNING:main.py:418:setup_molecule:Multiple occupancies found: NZ in LYS A 253.
2022-11-08 13:29:22,897 WARNING:main.py:424:setup_molecule:Multiple occupancies found in LYS A 253. At least one of the instances is being ignored.
2022-11-08 13:29:22,942 WARNING:biomolecule.py:157:num_missing_heavy:Missing atom CA in residue HIS A 263
2022-11-08 13:29:22,942 WARNING:biomolecule.py:157:num_missing_heavy:Missing atom C in residue HIS A 263
2022-11-08 13:29:22,942 WARNING:biomolecule.py:157:num_missing_heavy:Missing atom O in residue HIS A 263
2022-11-08 13:29:22,942 WARNING:biomolecule.py:157:num_missing_heavy:Missing atom CB in residue HIS A 263
2022-11-08 13:29:22,943 WARNING:biomolecule.py:157:num_missing_heavy:Missing atom CG in residue HIS A 263
2022-11-08 13:29:22,943 WARNING:biomolecule.py:157:num_missing_heavy:Missing atom ND1 in residue HIS A 263
2022-11-08 13:29:22,943 WARNING:biomolecule.py:157:num_missing_heavy:Missing atom CD2 in residue HIS A 263
2022-11-08 13:29:22,943 WARNING:biomolecule.py:157:num_missing_heavy:Missing atom CE1 in residue HIS A 263
2022-11-08 13:29:22,943 WARNING:biomolecule.py:157:num_missing_heavy:Missing atom NE2 in residue HIS A 263
2022-11-08 13:29:22,943 WARNING:biomolecule.py:157:num_missing_heavy:Missing atom OXT in residue HIS A 263
2022-11-08 13:29:22,945 WARNING:biomolecule.py:157:num_missing_heavy:Missing atom CA in residue HIS A 263
2022-11-08 13:29:22,945 WARNING:biomolecule.py:157:num_missing_heavy:Missing atom C in residue HIS A 263
2022-11-08 13:29:22,945 WARNING:biomolecule.py:157:num_missing_heavy:Missing atom O in residue HIS A 263
2022-11-08 13:29:22,945 WARNING:biomolecule.py:157:num_missing_heavy:Missing atom CB in residue HIS A 263
2022-11-08 13:29:22,945 WARNING:biomolecule.py:157:num_missing_heavy:Missing atom CG in residue HIS A 263
2022-11-08 13:29:22,946 WARNING:biomolecule.py:157:num_missing_heavy:Missing atom ND1 in residue HIS A 263
2022-11-08 13:29:22,946 WARNING:biomolecule.py:157:num_missing_heavy:Missing atom CD2 in residue HIS A 263
2022-11-08 13:29:22,946 WARNING:biomolecule.py:157:num_missing_heavy:Missing atom CE1 in residue HIS A 263
2022-11-08 13:29:22,946 WARNING:biomolecule.py:157:num_missing_heavy:Missing atom NE2 in residue HIS A 263
2022-11-08 13:29:22,946 WARNING:biomolecule.py:157:num_missing_heavy:Missing atom OXT in residue HIS A 263
2022-11-08 13:29:22,948 WARNING:biomolecule.py:157:num_missing_heavy:Missing atom CA in residue HIS A 263
2022-11-08 13:29:22,948 WARNING:biomolecule.py:157:num_missing_heavy:Missing atom C in residue HIS A 263
2022-11-08 13:29:22,948 WARNING:biomolecule.py:157:num_missing_heavy:Missing atom O in residue HIS A 263
2022-11-08 13:29:22,948 WARNING:biomolecule.py:157:num_missing_heavy:Missing atom CB in residue HIS A 263
2022-11-08 13:29:22,948 WARNING:biomolecule.py:157:num_missing_heavy:Missing atom CG in residue HIS A 263
2022-11-08 13:29:22,948 WARNING:biomolecule.py:157:num_missing_heavy:Missing atom ND1 in residue HIS A 263
2022-11-08 13:29:22,949 WARNING:biomolecule.py:157:num_missing_heavy:Missing atom CD2 in residue HIS A 263
2022-11-08 13:29:22,949 WARNING:biomolecule.py:157:num_missing_heavy:Missing atom CE1 in residue HIS A 263
2022-11-08 13:29:22,949 WARNING:biomolecule.py:157:num_missing_heavy:Missing atom NE2 in residue HIS A 263
2022-11-08 13:29:22,949 WARNING:biomolecule.py:157:num_missing_heavy:Missing atom OXT in residue HIS A 263
2022-11-08 13:29:22,952 CRITICAL:main.py:793:main_driver:Too few atoms present to reconstruct or cap residue HIS A 263 in structure! This error is generally caused by missing backbone atoms in this biomolecule; you must use an external program to complete gaps in the biomolecule backbone. Heavy atoms missing from HIS A 263:  C O CB CG ND1 CD2 CE1 NE2 OXT CA
2022-11-08 13:29:22,952 CRITICAL:main.py:794:main_driver:Giving up.
2022-11-08 15:51:47,948 WARNING:biomolecule.py:966:create_residue:Unable to find amino or nucleic acid definition for SAM.  Parsing as new residue.
2022-11-08 15:51:47,954 WARNING:biomolecule.py:966:create_residue:Unable to find amino or nucleic acid definition for 3A9.  Parsing as new residue.
2022-11-08 15:51:47,955 WARNING:biomolecule.py:966:create_residue:Unable to find amino or nucleic acid definition for NA.  Parsing as new residue.
2022-11-08 15:51:47,955 WARNING:main.py:418:setup_molecule:Multiple occupancies found: N in LYS A 12.
2022-11-08 15:51:47,955 WARNING:main.py:418:setup_molecule:Multiple occupancies found: CA in LYS A 12.
2022-11-08 15:51:47,956 WARNING:main.py:418:setup_molecule:Multiple occupancies found: C in LYS A 12.
2022-11-08 15:51:47,956 WARNING:main.py:418:setup_molecule:Multiple occupancies found: O in LYS A 12.
2022-11-08 15:51:47,956 WARNING:main.py:418:setup_molecule:Multiple occupancies found: CB in LYS A 12.
2022-11-08 15:51:47,956 WARNING:main.py:418:setup_molecule:Multiple occupancies found: CG in LYS A 12.
2022-11-08 15:51:47,956 WARNING:main.py:418:setup_molecule:Multiple occupancies found: CD in LYS A 12.
2022-11-08 15:51:47,956 WARNING:main.py:418:setup_molecule:Multiple occupancies found: CE in LYS A 12.
2022-11-08 15:51:47,957 WARNING:main.py:418:setup_molecule:Multiple occupancies found: NZ in LYS A 12.
2022-11-08 15:51:47,958 WARNING:main.py:424:setup_molecule:Multiple occupancies found in LYS A 12. At least one of the instances is being ignored.
2022-11-08 15:51:47,958 WARNING:main.py:418:setup_molecule:Multiple occupancies found: N in GLU A 40.
2022-11-08 15:51:47,958 WARNING:main.py:418:setup_molecule:Multiple occupancies found: CA in GLU A 40.
2022-11-08 15:51:47,958 WARNING:main.py:418:setup_molecule:Multiple occupancies found: C in GLU A 40.
2022-11-08 15:51:47,958 WARNING:main.py:418:setup_molecule:Multiple occupancies found: O in GLU A 40.
2022-11-08 15:51:47,958 WARNING:main.py:418:setup_molecule:Multiple occupancies found: CB in GLU A 40.
2022-11-08 15:51:47,958 WARNING:main.py:418:setup_molecule:Multiple occupancies found: CG in GLU A 40.
2022-11-08 15:51:47,958 WARNING:main.py:418:setup_molecule:Multiple occupancies found: CD in GLU A 40.
2022-11-08 15:51:47,958 WARNING:main.py:418:setup_molecule:Multiple occupancies found: OE1 in GLU A 40.
2022-11-08 15:51:47,959 WARNING:main.py:418:setup_molecule:Multiple occupancies found: OE2 in GLU A 40.
2022-11-08 15:51:47,959 WARNING:main.py:424:setup_molecule:Multiple occupancies found in GLU A 40. At least one of the instances is being ignored.
2022-11-08 15:51:47,959 WARNING:main.py:418:setup_molecule:Multiple occupancies found: N in GLU A 111.
2022-11-08 15:51:47,959 WARNING:main.py:418:setup_molecule:Multiple occupancies found: CA in GLU A 111.
2022-11-08 15:51:47,959 WARNING:main.py:418:setup_molecule:Multiple occupancies found: C in GLU A 111.
2022-11-08 15:51:47,959 WARNING:main.py:418:setup_molecule:Multiple occupancies found: O in GLU A 111.
2022-11-08 15:51:47,959 WARNING:main.py:418:setup_molecule:Multiple occupancies found: CB in GLU A 111.
2022-11-08 15:51:47,959 WARNING:main.py:418:setup_molecule:Multiple occupancies found: CG in GLU A 111.
2022-11-08 15:51:47,960 WARNING:main.py:418:setup_molecule:Multiple occupancies found: CD in GLU A 111.
2022-11-08 15:51:47,960 WARNING:main.py:418:setup_molecule:Multiple occupancies found: OE1 in GLU A 111.
2022-11-08 15:51:47,960 WARNING:main.py:418:setup_molecule:Multiple occupancies found: OE2 in GLU A 111.
2022-11-08 15:51:47,960 WARNING:main.py:424:setup_molecule:Multiple occupancies found in GLU A 111. At least one of the instances is being ignored.
2022-11-08 15:51:47,960 WARNING:main.py:418:setup_molecule:Multiple occupancies found: N in MET A 127.
2022-11-08 15:51:47,960 WARNING:main.py:418:setup_molecule:Multiple occupancies found: CA in MET A 127.
2022-11-08 15:51:47,960 WARNING:main.py:418:setup_molecule:Multiple occupancies found: C in MET A 127.
2022-11-08 15:51:47,960 WARNING:main.py:418:setup_molecule:Multiple occupancies found: O in MET A 127.
2022-11-08 15:51:47,960 WARNING:main.py:418:setup_molecule:Multiple occupancies found: CB in MET A 127.
2022-11-08 15:51:47,961 WARNING:main.py:418:setup_molecule:Multiple occupancies found: CG in MET A 127.
2022-11-08 15:51:47,961 WARNING:main.py:418:setup_molecule:Multiple occupancies found: SD in MET A 127.
2022-11-08 15:51:47,961 WARNING:main.py:418:setup_molecule:Multiple occupancies found: CE in MET A 127.
2022-11-08 15:51:47,961 WARNING:main.py:424:setup_molecule:Multiple occupancies found in MET A 127. At least one of the instances is being ignored.
2022-11-08 15:51:47,961 WARNING:main.py:418:setup_molecule:Multiple occupancies found: N in LYS A 180.
2022-11-08 15:51:47,961 WARNING:main.py:418:setup_molecule:Multiple occupancies found: CA in LYS A 180.
2022-11-08 15:51:47,961 WARNING:main.py:418:setup_molecule:Multiple occupancies found: C in LYS A 180.
2022-11-08 15:51:47,961 WARNING:main.py:418:setup_molecule:Multiple occupancies found: O in LYS A 180.
2022-11-08 15:51:47,961 WARNING:main.py:418:setup_molecule:Multiple occupancies found: CB in LYS A 180.
2022-11-08 15:51:47,962 WARNING:main.py:418:setup_molecule:Multiple occupancies found: CG in LYS A 180.
2022-11-08 15:51:47,962 WARNING:main.py:418:setup_molecule:Multiple occupancies found: CD in LYS A 180.
2022-11-08 15:51:47,963 WARNING:main.py:418:setup_molecule:Multiple occupancies found: CE in LYS A 180.
2022-11-08 15:51:47,963 WARNING:main.py:418:setup_molecule:Multiple occupancies found: NZ in LYS A 180.
2022-11-08 15:51:47,963 WARNING:main.py:424:setup_molecule:Multiple occupancies found in LYS A 180. At least one of the instances is being ignored.
2022-11-08 15:51:47,963 WARNING:main.py:418:setup_molecule:Multiple occupancies found: N in MET A 186.
2022-11-08 15:51:47,963 WARNING:main.py:418:setup_molecule:Multiple occupancies found: CA in MET A 186.
2022-11-08 15:51:47,963 WARNING:main.py:418:setup_molecule:Multiple occupancies found: C in MET A 186.
2022-11-08 15:51:47,963 WARNING:main.py:418:setup_molecule:Multiple occupancies found: O in MET A 186.
2022-11-08 15:51:47,963 WARNING:main.py:418:setup_molecule:Multiple occupancies found: CB in MET A 186.
2022-11-08 15:51:47,964 WARNING:main.py:418:setup_molecule:Multiple occupancies found: CG in MET A 186.
2022-11-08 15:51:47,964 WARNING:main.py:418:setup_molecule:Multiple occupancies found: SD in MET A 186.
2022-11-08 15:51:47,964 WARNING:main.py:418:setup_molecule:Multiple occupancies found: CE in MET A 186.
2022-11-08 15:51:47,964 WARNING:main.py:424:setup_molecule:Multiple occupancies found in MET A 186. At least one of the instances is being ignored.
2022-11-08 15:51:47,964 WARNING:main.py:418:setup_molecule:Multiple occupancies found: N in ILE A 190.
2022-11-08 15:51:47,964 WARNING:main.py:418:setup_molecule:Multiple occupancies found: CA in ILE A 190.
2022-11-08 15:51:47,964 WARNING:main.py:418:setup_molecule:Multiple occupancies found: C in ILE A 190.
2022-11-08 15:51:47,964 WARNING:main.py:418:setup_molecule:Multiple occupancies found: O in ILE A 190.
2022-11-08 15:51:47,964 WARNING:main.py:418:setup_molecule:Multiple occupancies found: CB in ILE A 190.
2022-11-08 15:51:47,964 WARNING:main.py:418:setup_molecule:Multiple occupancies found: CG1 in ILE A 190.
2022-11-08 15:51:47,965 WARNING:main.py:418:setup_molecule:Multiple occupancies found: CG2 in ILE A 190.
2022-11-08 15:51:47,965 WARNING:main.py:418:setup_molecule:Multiple occupancies found: CD1 in ILE A 190.
2022-11-08 15:51:47,965 WARNING:main.py:424:setup_molecule:Multiple occupancies found in ILE A 190. At least one of the instances is being ignored.
2022-11-08 15:51:47,965 WARNING:main.py:418:setup_molecule:Multiple occupancies found: N in MET A 203.
2022-11-08 15:51:47,965 WARNING:main.py:418:setup_molecule:Multiple occupancies found: CA in MET A 203.
2022-11-08 15:51:47,965 WARNING:main.py:418:setup_molecule:Multiple occupancies found: C in MET A 203.
2022-11-08 15:51:47,965 WARNING:main.py:418:setup_molecule:Multiple occupancies found: O in MET A 203.
2022-11-08 15:51:47,965 WARNING:main.py:418:setup_molecule:Multiple occupancies found: CB in MET A 203.
2022-11-08 15:51:47,965 WARNING:main.py:418:setup_molecule:Multiple occupancies found: CG in MET A 203.
2022-11-08 15:51:47,966 WARNING:main.py:418:setup_molecule:Multiple occupancies found: SD in MET A 203.
2022-11-08 15:51:47,966 WARNING:main.py:418:setup_molecule:Multiple occupancies found: CE in MET A 203.
2022-11-08 15:51:47,966 WARNING:main.py:424:setup_molecule:Multiple occupancies found in MET A 203. At least one of the instances is being ignored.
2022-11-08 15:51:47,966 WARNING:main.py:418:setup_molecule:Multiple occupancies found: N in THR A 224.
2022-11-08 15:51:47,966 WARNING:main.py:418:setup_molecule:Multiple occupancies found: CA in THR A 224.
2022-11-08 15:51:47,966 WARNING:main.py:418:setup_molecule:Multiple occupancies found: C in THR A 224.
2022-11-08 15:51:47,966 WARNING:main.py:418:setup_molecule:Multiple occupancies found: O in THR A 224.
2022-11-08 15:51:47,966 WARNING:main.py:418:setup_molecule:Multiple occupancies found: CB in THR A 224.
2022-11-08 15:51:47,966 WARNING:main.py:418:setup_molecule:Multiple occupancies found: CG2 in THR A 224.
2022-11-08 15:51:47,967 WARNING:main.py:418:setup_molecule:Multiple occupancies found: OG1 in THR A 224.
2022-11-08 15:51:47,968 WARNING:main.py:424:setup_molecule:Multiple occupancies found in THR A 224. At least one of the instances is being ignored.
2022-11-08 15:51:47,968 WARNING:main.py:418:setup_molecule:Multiple occupancies found: N in MET A 233.
2022-11-08 15:51:47,968 WARNING:main.py:418:setup_molecule:Multiple occupancies found: CA in MET A 233.
2022-11-08 15:51:47,968 WARNING:main.py:418:setup_molecule:Multiple occupancies found: C in MET A 233.
2022-11-08 15:51:47,968 WARNING:main.py:418:setup_molecule:Multiple occupancies found: O in MET A 233.
2022-11-08 15:51:47,968 WARNING:main.py:418:setup_molecule:Multiple occupancies found: CB in MET A 233.
2022-11-08 15:51:47,968 WARNING:main.py:418:setup_molecule:Multiple occupancies found: CG in MET A 233.
2022-11-08 15:51:47,968 WARNING:main.py:418:setup_molecule:Multiple occupancies found: SD in MET A 233.
2022-11-08 15:51:47,969 WARNING:main.py:418:setup_molecule:Multiple occupancies found: CE in MET A 233.
2022-11-08 15:51:47,969 WARNING:main.py:424:setup_molecule:Multiple occupancies found in MET A 233. At least one of the instances is being ignored.
2022-11-08 15:51:47,969 WARNING:main.py:418:setup_molecule:Multiple occupancies found: N in LYS A 253.
2022-11-08 15:51:47,969 WARNING:main.py:418:setup_molecule:Multiple occupancies found: CA in LYS A 253.
2022-11-08 15:51:47,969 WARNING:main.py:418:setup_molecule:Multiple occupancies found: C in LYS A 253.
2022-11-08 15:51:47,969 WARNING:main.py:418:setup_molecule:Multiple occupancies found: O in LYS A 253.
2022-11-08 15:51:47,969 WARNING:main.py:418:setup_molecule:Multiple occupancies found: CB in LYS A 253.
2022-11-08 15:51:47,969 WARNING:main.py:418:setup_molecule:Multiple occupancies found: CG in LYS A 253.
2022-11-08 15:51:47,969 WARNING:main.py:418:setup_molecule:Multiple occupancies found: CD in LYS A 253.
2022-11-08 15:51:47,969 WARNING:main.py:418:setup_molecule:Multiple occupancies found: CE in LYS A 253.
2022-11-08 15:51:47,970 WARNING:main.py:418:setup_molecule:Multiple occupancies found: NZ in LYS A 253.
2022-11-08 15:51:47,970 WARNING:main.py:424:setup_molecule:Multiple occupancies found in LYS A 253. At least one of the instances is being ignored.
2022-11-08 15:51:48,013 WARNING:biomolecule.py:157:num_missing_heavy:Missing atom CA in residue HIS A 263
2022-11-08 15:51:48,014 WARNING:biomolecule.py:157:num_missing_heavy:Missing atom C in residue HIS A 263
2022-11-08 15:51:48,014 WARNING:biomolecule.py:157:num_missing_heavy:Missing atom O in residue HIS A 263
2022-11-08 15:51:48,014 WARNING:biomolecule.py:157:num_missing_heavy:Missing atom CB in residue HIS A 263
2022-11-08 15:51:48,014 WARNING:biomolecule.py:157:num_missing_heavy:Missing atom CG in residue HIS A 263
2022-11-08 15:51:48,014 WARNING:biomolecule.py:157:num_missing_heavy:Missing atom ND1 in residue HIS A 263
2022-11-08 15:51:48,014 WARNING:biomolecule.py:157:num_missing_heavy:Missing atom CD2 in residue HIS A 263
2022-11-08 15:51:48,014 WARNING:biomolecule.py:157:num_missing_heavy:Missing atom CE1 in residue HIS A 263
2022-11-08 15:51:48,014 WARNING:biomolecule.py:157:num_missing_heavy:Missing atom NE2 in residue HIS A 263
2022-11-08 15:51:48,015 WARNING:biomolecule.py:157:num_missing_heavy:Missing atom OXT in residue HIS A 263
2022-11-08 15:51:48,016 WARNING:biomolecule.py:157:num_missing_heavy:Missing atom CA in residue HIS A 263
2022-11-08 15:51:48,017 WARNING:biomolecule.py:157:num_missing_heavy:Missing atom C in residue HIS A 263
2022-11-08 15:51:48,017 WARNING:biomolecule.py:157:num_missing_heavy:Missing atom O in residue HIS A 263
2022-11-08 15:51:48,017 WARNING:biomolecule.py:157:num_missing_heavy:Missing atom CB in residue HIS A 263
2022-11-08 15:51:48,017 WARNING:biomolecule.py:157:num_missing_heavy:Missing atom CG in residue HIS A 263
2022-11-08 15:51:48,017 WARNING:biomolecule.py:157:num_missing_heavy:Missing atom ND1 in residue HIS A 263
2022-11-08 15:51:48,017 WARNING:biomolecule.py:157:num_missing_heavy:Missing atom CD2 in residue HIS A 263
2022-11-08 15:51:48,017 WARNING:biomolecule.py:157:num_missing_heavy:Missing atom CE1 in residue HIS A 263
2022-11-08 15:51:48,018 WARNING:biomolecule.py:157:num_missing_heavy:Missing atom NE2 in residue HIS A 263
2022-11-08 15:51:48,018 WARNING:biomolecule.py:157:num_missing_heavy:Missing atom OXT in residue HIS A 263
2022-11-08 15:51:48,020 WARNING:biomolecule.py:157:num_missing_heavy:Missing atom CA in residue HIS A 263
2022-11-08 15:51:48,020 WARNING:biomolecule.py:157:num_missing_heavy:Missing atom C in residue HIS A 263
2022-11-08 15:51:48,021 WARNING:biomolecule.py:157:num_missing_heavy:Missing atom O in residue HIS A 263
2022-11-08 15:51:48,021 WARNING:biomolecule.py:157:num_missing_heavy:Missing atom CB in residue HIS A 263
2022-11-08 15:51:48,021 WARNING:biomolecule.py:157:num_missing_heavy:Missing atom CG in residue HIS A 263
2022-11-08 15:51:48,021 WARNING:biomolecule.py:157:num_missing_heavy:Missing atom ND1 in residue HIS A 263
2022-11-08 15:51:48,021 WARNING:biomolecule.py:157:num_missing_heavy:Missing atom CD2 in residue HIS A 263
2022-11-08 15:51:48,021 WARNING:biomolecule.py:157:num_missing_heavy:Missing atom CE1 in residue HIS A 263
2022-11-08 15:51:48,021 WARNING:biomolecule.py:157:num_missing_heavy:Missing atom NE2 in residue HIS A 263
2022-11-08 15:51:48,021 WARNING:biomolecule.py:157:num_missing_heavy:Missing atom OXT in residue HIS A 263
2022-11-08 15:51:48,024 CRITICAL:main.py:793:main_driver:Too few atoms present to reconstruct or cap residue HIS A 263 in structure! This error is generally caused by missing backbone atoms in this biomolecule; you must use an external program to complete gaps in the biomolecule backbone. Heavy atoms missing from HIS A 263:  C O CB CG ND1 CD2 CE1 NE2 OXT CA
2022-11-08 15:51:48,024 CRITICAL:main.py:794:main_driver:Giving up.
