2022-11-08 13:27:26,091 WARNING:biomolecule.py:966:create_residue:Unable to find amino or nucleic acid definition for SO4.  Parsing as new residue.
2022-11-08 13:27:26,092 WARNING:biomolecule.py:966:create_residue:Unable to find amino or nucleic acid definition for SO4.  Parsing as new residue.
2022-11-08 13:27:26,092 WARNING:biomolecule.py:966:create_residue:Unable to find amino or nucleic acid definition for SAM.  Parsing as new residue.
2022-11-08 13:27:26,092 WARNING:biomolecule.py:966:create_residue:Unable to find amino or nucleic acid definition for GMP.  Parsing as new residue.
2022-11-08 13:27:26,093 WARNING:main.py:418:setup_molecule:Multiple occupancies found: N in GLU A 257.
2022-11-08 13:27:26,093 WARNING:main.py:418:setup_molecule:Multiple occupancies found: CA in GLU A 257.
2022-11-08 13:27:26,094 WARNING:main.py:418:setup_molecule:Multiple occupancies found: C in GLU A 257.
2022-11-08 13:27:26,094 WARNING:main.py:418:setup_molecule:Multiple occupancies found: O in GLU A 257.
2022-11-08 13:27:26,094 WARNING:main.py:418:setup_molecule:Multiple occupancies found: CB in GLU A 257.
2022-11-08 13:27:26,094 WARNING:main.py:418:setup_molecule:Multiple occupancies found: CG in GLU A 257.
2022-11-08 13:27:26,094 WARNING:main.py:418:setup_molecule:Multiple occupancies found: CD in GLU A 257.
2022-11-08 13:27:26,094 WARNING:main.py:418:setup_molecule:Multiple occupancies found: OE1 in GLU A 257.
2022-11-08 13:27:26,094 WARNING:main.py:418:setup_molecule:Multiple occupancies found: OE2 in GLU A 257.
2022-11-08 13:27:26,094 WARNING:main.py:424:setup_molecule:Multiple occupancies found in GLU A 257. At least one of the instances is being ignored.
2022-11-08 13:27:26,143 WARNING:biomolecule.py:157:num_missing_heavy:Missing atom CD2 in residue PHE A 79
2022-11-08 13:27:26,143 WARNING:biomolecule.py:157:num_missing_heavy:Missing atom CE1 in residue PHE A 79
2022-11-08 13:27:26,143 WARNING:biomolecule.py:157:num_missing_heavy:Missing atom CE2 in residue PHE A 79
2022-11-08 13:27:26,143 WARNING:biomolecule.py:157:num_missing_heavy:Missing atom CZ in residue PHE A 79
2022-11-08 13:27:26,144 WARNING:biomolecule.py:157:num_missing_heavy:Missing atom CB in residue VAL A 310
2022-11-08 13:27:26,145 WARNING:biomolecule.py:157:num_missing_heavy:Missing atom CG1 in residue VAL A 310
2022-11-08 13:27:26,145 WARNING:biomolecule.py:157:num_missing_heavy:Missing atom CG2 in residue VAL A 310
2022-11-08 13:27:26,145 WARNING:biomolecule.py:157:num_missing_heavy:Missing atom CG in residue ARG A 373
2022-11-08 13:27:26,145 WARNING:biomolecule.py:157:num_missing_heavy:Missing atom CD in residue ARG A 373
2022-11-08 13:27:26,146 WARNING:biomolecule.py:157:num_missing_heavy:Missing atom NE in residue ARG A 373
2022-11-08 13:27:26,146 WARNING:biomolecule.py:157:num_missing_heavy:Missing atom CZ in residue ARG A 373
2022-11-08 13:27:26,146 WARNING:biomolecule.py:157:num_missing_heavy:Missing atom NH1 in residue ARG A 373
2022-11-08 13:27:26,146 WARNING:biomolecule.py:157:num_missing_heavy:Missing atom NH2 in residue ARG A 373
2022-11-08 13:27:26,146 WARNING:biomolecule.py:157:num_missing_heavy:Missing atom OXT in residue ARG A 373
2022-11-08 13:27:26,147 WARNING:biomolecule.py:157:num_missing_heavy:Missing atom CD2 in residue PHE A 79
2022-11-08 13:27:26,147 WARNING:biomolecule.py:157:num_missing_heavy:Missing atom CE1 in residue PHE A 79
2022-11-08 13:27:26,147 WARNING:biomolecule.py:157:num_missing_heavy:Missing atom CE2 in residue PHE A 79
2022-11-08 13:27:26,147 WARNING:biomolecule.py:157:num_missing_heavy:Missing atom CZ in residue PHE A 79
2022-11-08 13:27:26,149 WARNING:biomolecule.py:157:num_missing_heavy:Missing atom CB in residue VAL A 310
2022-11-08 13:27:26,149 WARNING:biomolecule.py:157:num_missing_heavy:Missing atom CG1 in residue VAL A 310
2022-11-08 13:27:26,149 WARNING:biomolecule.py:157:num_missing_heavy:Missing atom CG2 in residue VAL A 310
2022-11-08 13:27:26,149 WARNING:biomolecule.py:157:num_missing_heavy:Missing atom CG in residue ARG A 373
2022-11-08 13:27:26,150 WARNING:biomolecule.py:157:num_missing_heavy:Missing atom CD in residue ARG A 373
2022-11-08 13:27:26,150 WARNING:biomolecule.py:157:num_missing_heavy:Missing atom NE in residue ARG A 373
2022-11-08 13:27:26,151 WARNING:biomolecule.py:157:num_missing_heavy:Missing atom CZ in residue ARG A 373
2022-11-08 13:27:26,151 WARNING:biomolecule.py:157:num_missing_heavy:Missing atom NH1 in residue ARG A 373
2022-11-08 13:27:26,151 WARNING:biomolecule.py:157:num_missing_heavy:Missing atom NH2 in residue ARG A 373
2022-11-08 13:27:26,151 WARNING:biomolecule.py:157:num_missing_heavy:Missing atom OXT in residue ARG A 373
2022-11-08 13:27:26,152 WARNING:biomolecule.py:157:num_missing_heavy:Missing atom CD2 in residue PHE A 79
2022-11-08 13:27:26,152 WARNING:biomolecule.py:157:num_missing_heavy:Missing atom CE1 in residue PHE A 79
2022-11-08 13:27:26,152 WARNING:biomolecule.py:157:num_missing_heavy:Missing atom CE2 in residue PHE A 79
2022-11-08 13:27:26,152 WARNING:biomolecule.py:157:num_missing_heavy:Missing atom CZ in residue PHE A 79
2022-11-08 13:27:26,153 WARNING:biomolecule.py:157:num_missing_heavy:Missing atom CB in residue VAL A 310
2022-11-08 13:27:26,154 WARNING:biomolecule.py:157:num_missing_heavy:Missing atom CG1 in residue VAL A 310
2022-11-08 13:27:26,154 WARNING:biomolecule.py:157:num_missing_heavy:Missing atom CG2 in residue VAL A 310
2022-11-08 13:27:26,154 WARNING:biomolecule.py:157:num_missing_heavy:Missing atom CG in residue ARG A 373
2022-11-08 13:27:26,154 WARNING:biomolecule.py:157:num_missing_heavy:Missing atom CD in residue ARG A 373
2022-11-08 13:27:26,154 WARNING:biomolecule.py:157:num_missing_heavy:Missing atom NE in residue ARG A 373
2022-11-08 13:27:26,155 WARNING:biomolecule.py:157:num_missing_heavy:Missing atom CZ in residue ARG A 373
2022-11-08 13:27:26,155 WARNING:biomolecule.py:157:num_missing_heavy:Missing atom NH1 in residue ARG A 373
2022-11-08 13:27:26,155 WARNING:biomolecule.py:157:num_missing_heavy:Missing atom NH2 in residue ARG A 373
2022-11-08 13:27:26,155 WARNING:biomolecule.py:157:num_missing_heavy:Missing atom OXT in residue ARG A 373
2022-11-08 13:27:30,085 WARNING:main.py:311:print_pqr:Ignoring 2658 header lines in output.
2022-11-08 13:27:30,086 WARNING:main.py:315:print_pqr:Ignoring 55 missing lines in output.
