2022-11-08 13:33:30,641 WARNING:biomolecule.py:966:create_residue:Unable to find amino or nucleic acid definition for ZN.  Parsing as new residue.
2022-11-08 13:33:30,642 WARNING:biomolecule.py:966:create_residue:Unable to find amino or nucleic acid definition for ZN.  Parsing as new residue.
2022-11-08 13:33:30,642 WARNING:biomolecule.py:966:create_residue:Unable to find amino or nucleic acid definition for ZN.  Parsing as new residue.
2022-11-08 13:33:30,643 WARNING:biomolecule.py:966:create_residue:Unable to find amino or nucleic acid definition for ZN.  Parsing as new residue.
2022-11-08 13:33:30,643 WARNING:biomolecule.py:966:create_residue:Unable to find amino or nucleic acid definition for SAM.  Parsing as new residue.
2022-11-08 13:33:30,644 WARNING:biomolecule.py:966:create_residue:Unable to find amino or nucleic acid definition for SAH.  Parsing as new residue.
2022-11-08 13:33:30,645 WARNING:biomolecule.py:966:create_residue:Unable to find amino or nucleic acid definition for NLE.  Parsing as new residue.
2022-11-08 13:33:30,646 WARNING:main.py:418:setup_molecule:Multiple occupancies found: N in CYS A 923.
2022-11-08 13:33:30,646 WARNING:main.py:418:setup_molecule:Multiple occupancies found: CA in CYS A 923.
2022-11-08 13:33:30,646 WARNING:main.py:418:setup_molecule:Multiple occupancies found: C in CYS A 923.
2022-11-08 13:33:30,646 WARNING:main.py:418:setup_molecule:Multiple occupancies found: O in CYS A 923.
2022-11-08 13:33:30,646 WARNING:main.py:418:setup_molecule:Multiple occupancies found: CB in CYS A 923.
2022-11-08 13:33:30,646 WARNING:main.py:418:setup_molecule:Multiple occupancies found: SG in CYS A 923.
2022-11-08 13:33:30,646 WARNING:main.py:424:setup_molecule:Multiple occupancies found in CYS A 923. At least one of the instances is being ignored.
2022-11-08 13:33:30,647 WARNING:main.py:418:setup_molecule:Multiple occupancies found: N in ASP A 1090.
2022-11-08 13:33:30,647 WARNING:main.py:418:setup_molecule:Multiple occupancies found: CA in ASP A 1090.
2022-11-08 13:33:30,647 WARNING:main.py:418:setup_molecule:Multiple occupancies found: C in ASP A 1090.
2022-11-08 13:33:30,647 WARNING:main.py:418:setup_molecule:Multiple occupancies found: O in ASP A 1090.
2022-11-08 13:33:30,647 WARNING:main.py:418:setup_molecule:Multiple occupancies found: CB in ASP A 1090.
2022-11-08 13:33:30,647 WARNING:main.py:418:setup_molecule:Multiple occupancies found: CG in ASP A 1090.
2022-11-08 13:33:30,647 WARNING:main.py:418:setup_molecule:Multiple occupancies found: OD1 in ASP A 1090.
2022-11-08 13:33:30,648 WARNING:main.py:418:setup_molecule:Multiple occupancies found: OD2 in ASP A 1090.
2022-11-08 13:33:30,648 WARNING:main.py:424:setup_molecule:Multiple occupancies found in ASP A 1090. At least one of the instances is being ignored.
2022-11-08 13:33:30,648 WARNING:main.py:418:setup_molecule:Multiple occupancies found: N in CYS A 1098.
2022-11-08 13:33:30,648 WARNING:main.py:418:setup_molecule:Multiple occupancies found: CA in CYS A 1098.
2022-11-08 13:33:30,648 WARNING:main.py:418:setup_molecule:Multiple occupancies found: C in CYS A 1098.
2022-11-08 13:33:30,648 WARNING:main.py:418:setup_molecule:Multiple occupancies found: O in CYS A 1098.
2022-11-08 13:33:30,648 WARNING:main.py:418:setup_molecule:Multiple occupancies found: CB in CYS A 1098.
2022-11-08 13:33:30,648 WARNING:main.py:418:setup_molecule:Multiple occupancies found: SG in CYS A 1098.
2022-11-08 13:33:30,648 WARNING:main.py:424:setup_molecule:Multiple occupancies found in CYS A 1098. At least one of the instances is being ignored.
2022-11-08 13:33:30,649 WARNING:main.py:418:setup_molecule:Multiple occupancies found: N in SER A 1108.
2022-11-08 13:33:30,649 WARNING:main.py:418:setup_molecule:Multiple occupancies found: CA in SER A 1108.
2022-11-08 13:33:30,649 WARNING:main.py:418:setup_molecule:Multiple occupancies found: C in SER A 1108.
2022-11-08 13:33:30,649 WARNING:main.py:418:setup_molecule:Multiple occupancies found: O in SER A 1108.
2022-11-08 13:33:30,650 WARNING:main.py:418:setup_molecule:Multiple occupancies found: CB in SER A 1108.
2022-11-08 13:33:30,650 WARNING:main.py:418:setup_molecule:Multiple occupancies found: OG in SER A 1108.
2022-11-08 13:33:30,650 WARNING:main.py:424:setup_molecule:Multiple occupancies found in SER A 1108. At least one of the instances is being ignored.
2022-11-08 13:33:30,650 WARNING:main.py:418:setup_molecule:Multiple occupancies found: N in SAM A 1205.
2022-11-08 13:33:30,650 WARNING:main.py:418:setup_molecule:Multiple occupancies found: CA in SAM A 1205.
2022-11-08 13:33:30,651 WARNING:main.py:418:setup_molecule:Multiple occupancies found: C in SAM A 1205.
2022-11-08 13:33:30,651 WARNING:main.py:418:setup_molecule:Multiple occupancies found: O in SAM A 1205.
2022-11-08 13:33:30,651 WARNING:main.py:418:setup_molecule:Multiple occupancies found: CB in SAM A 1205.
2022-11-08 13:33:30,651 WARNING:main.py:418:setup_molecule:Multiple occupancies found: CG in SAM A 1205.
2022-11-08 13:33:30,651 WARNING:main.py:418:setup_molecule:Multiple occupancies found: SD in SAM A 1205.
2022-11-08 13:33:30,651 WARNING:main.py:418:setup_molecule:Multiple occupancies found: CE in SAM A 1205.
2022-11-08 13:33:30,651 WARNING:main.py:418:setup_molecule:Multiple occupancies found: C5' in SAM A 1205.
2022-11-08 13:33:30,651 WARNING:main.py:418:setup_molecule:Multiple occupancies found: C4' in SAM A 1205.
2022-11-08 13:33:30,651 WARNING:main.py:418:setup_molecule:Multiple occupancies found: O4' in SAM A 1205.
2022-11-08 13:33:30,652 WARNING:main.py:418:setup_molecule:Multiple occupancies found: C3' in SAM A 1205.
2022-11-08 13:33:30,652 WARNING:main.py:418:setup_molecule:Multiple occupancies found: O3' in SAM A 1205.
2022-11-08 13:33:30,652 WARNING:main.py:418:setup_molecule:Multiple occupancies found: C2' in SAM A 1205.
2022-11-08 13:33:30,652 WARNING:main.py:418:setup_molecule:Multiple occupancies found: O2' in SAM A 1205.
2022-11-08 13:33:30,652 WARNING:main.py:418:setup_molecule:Multiple occupancies found: C1' in SAM A 1205.
2022-11-08 13:33:30,652 WARNING:main.py:418:setup_molecule:Multiple occupancies found: OXT in SAM A 1205.
2022-11-08 13:33:30,652 WARNING:main.py:418:setup_molecule:Multiple occupancies found: N1 in SAM A 1205.
2022-11-08 13:33:30,652 WARNING:main.py:418:setup_molecule:Multiple occupancies found: C2 in SAM A 1205.
2022-11-08 13:33:30,653 WARNING:main.py:418:setup_molecule:Multiple occupancies found: N3 in SAM A 1205.
2022-11-08 13:33:30,653 WARNING:main.py:418:setup_molecule:Multiple occupancies found: C4 in SAM A 1205.
2022-11-08 13:33:30,653 WARNING:main.py:418:setup_molecule:Multiple occupancies found: C5 in SAM A 1205.
2022-11-08 13:33:30,653 WARNING:main.py:418:setup_molecule:Multiple occupancies found: C6 in SAM A 1205.
2022-11-08 13:33:30,653 WARNING:main.py:418:setup_molecule:Multiple occupancies found: N6 in SAM A 1205.
2022-11-08 13:33:30,653 WARNING:main.py:418:setup_molecule:Multiple occupancies found: N7 in SAM A 1205.
2022-11-08 13:33:30,653 WARNING:main.py:418:setup_molecule:Multiple occupancies found: C8 in SAM A 1205.
2022-11-08 13:33:30,653 WARNING:main.py:418:setup_molecule:Multiple occupancies found: N9 in SAM A 1205.
2022-11-08 13:33:30,653 WARNING:main.py:424:setup_molecule:Multiple occupancies found in SAM A 1205. At least one of the instances is being ignored.
2022-11-08 13:33:30,654 WARNING:main.py:418:setup_molecule:Multiple occupancies found: N in SAH A 1206.
2022-11-08 13:33:30,654 WARNING:main.py:418:setup_molecule:Multiple occupancies found: CA in SAH A 1206.
2022-11-08 13:33:30,654 WARNING:main.py:418:setup_molecule:Multiple occupancies found: C in SAH A 1206.
2022-11-08 13:33:30,654 WARNING:main.py:418:setup_molecule:Multiple occupancies found: O in SAH A 1206.
2022-11-08 13:33:30,654 WARNING:main.py:418:setup_molecule:Multiple occupancies found: CB in SAH A 1206.
2022-11-08 13:33:30,654 WARNING:main.py:418:setup_molecule:Multiple occupancies found: CG in SAH A 1206.
2022-11-08 13:33:30,654 WARNING:main.py:418:setup_molecule:Multiple occupancies found: SD in SAH A 1206.
2022-11-08 13:33:30,654 WARNING:main.py:418:setup_molecule:Multiple occupancies found: C5' in SAH A 1206.
2022-11-08 13:33:30,654 WARNING:main.py:418:setup_molecule:Multiple occupancies found: C4' in SAH A 1206.
2022-11-08 13:33:30,655 WARNING:main.py:418:setup_molecule:Multiple occupancies found: O4' in SAH A 1206.
2022-11-08 13:33:30,655 WARNING:main.py:418:setup_molecule:Multiple occupancies found: C3' in SAH A 1206.
2022-11-08 13:33:30,655 WARNING:main.py:418:setup_molecule:Multiple occupancies found: O3' in SAH A 1206.
2022-11-08 13:33:30,655 WARNING:main.py:418:setup_molecule:Multiple occupancies found: C2' in SAH A 1206.
2022-11-08 13:33:30,655 WARNING:main.py:418:setup_molecule:Multiple occupancies found: O2' in SAH A 1206.
2022-11-08 13:33:30,655 WARNING:main.py:418:setup_molecule:Multiple occupancies found: C1' in SAH A 1206.
2022-11-08 13:33:30,655 WARNING:main.py:418:setup_molecule:Multiple occupancies found: OXT in SAH A 1206.
2022-11-08 13:33:30,655 WARNING:main.py:418:setup_molecule:Multiple occupancies found: N1 in SAH A 1206.
2022-11-08 13:33:30,655 WARNING:main.py:418:setup_molecule:Multiple occupancies found: C2 in SAH A 1206.
2022-11-08 13:33:30,656 WARNING:main.py:418:setup_molecule:Multiple occupancies found: N3 in SAH A 1206.
2022-11-08 13:33:30,656 WARNING:main.py:418:setup_molecule:Multiple occupancies found: C4 in SAH A 1206.
2022-11-08 13:33:30,656 WARNING:main.py:418:setup_molecule:Multiple occupancies found: C5 in SAH A 1206.
2022-11-08 13:33:30,656 WARNING:main.py:418:setup_molecule:Multiple occupancies found: C6 in SAH A 1206.
2022-11-08 13:33:30,656 WARNING:main.py:418:setup_molecule:Multiple occupancies found: N6 in SAH A 1206.
2022-11-08 13:33:30,656 WARNING:main.py:418:setup_molecule:Multiple occupancies found: N7 in SAH A 1206.
2022-11-08 13:33:30,656 WARNING:main.py:418:setup_molecule:Multiple occupancies found: C8 in SAH A 1206.
2022-11-08 13:33:30,656 WARNING:main.py:418:setup_molecule:Multiple occupancies found: N9 in SAH A 1206.
2022-11-08 13:33:30,657 WARNING:main.py:424:setup_molecule:Multiple occupancies found in SAH A 1206. At least one of the instances is being ignored.
2022-11-08 13:33:30,669 WARNING:biomolecule.py:600:update_bonds:Gap in backbone detected between ASP A 1090 and GLU A 1095!
2022-11-08 13:33:30,701 WARNING:biomolecule.py:157:num_missing_heavy:Missing atom OXT in residue LEU A 1184
2022-11-08 13:33:30,701 WARNING:biomolecule.py:157:num_missing_heavy:Missing atom CA in residue GLY P 12
2022-11-08 13:33:30,701 WARNING:biomolecule.py:157:num_missing_heavy:Missing atom C in residue GLY P 12
2022-11-08 13:33:30,702 WARNING:biomolecule.py:157:num_missing_heavy:Missing atom O in residue GLY P 12
2022-11-08 13:33:30,702 WARNING:biomolecule.py:157:num_missing_heavy:Missing atom OXT in residue GLY P 12
2022-11-08 13:33:30,704 WARNING:biomolecule.py:157:num_missing_heavy:Missing atom OXT in residue LEU A 1184
2022-11-08 13:33:30,704 WARNING:biomolecule.py:157:num_missing_heavy:Missing atom CA in residue GLY P 12
2022-11-08 13:33:30,704 WARNING:biomolecule.py:157:num_missing_heavy:Missing atom C in residue GLY P 12
2022-11-08 13:33:30,704 WARNING:biomolecule.py:157:num_missing_heavy:Missing atom O in residue GLY P 12
2022-11-08 13:33:30,704 WARNING:biomolecule.py:157:num_missing_heavy:Missing atom OXT in residue GLY P 12
2022-11-08 13:33:30,706 WARNING:biomolecule.py:157:num_missing_heavy:Missing atom OXT in residue LEU A 1184
2022-11-08 13:33:30,706 WARNING:biomolecule.py:157:num_missing_heavy:Missing atom CA in residue GLY P 12
2022-11-08 13:33:30,706 WARNING:biomolecule.py:157:num_missing_heavy:Missing atom C in residue GLY P 12
2022-11-08 13:33:30,706 WARNING:biomolecule.py:157:num_missing_heavy:Missing atom O in residue GLY P 12
2022-11-08 13:33:30,706 WARNING:biomolecule.py:157:num_missing_heavy:Missing atom OXT in residue GLY P 12
2022-11-08 13:33:30,708 CRITICAL:main.py:793:main_driver:Too few atoms present to reconstruct or cap residue GLY P 12 in structure! This error is generally caused by missing backbone atoms in this biomolecule; you must use an external program to complete gaps in the biomolecule backbone. Heavy atoms missing from GLY P 12:  C O OXT CA
2022-11-08 13:33:30,708 CRITICAL:main.py:794:main_driver:Giving up.
2022-11-08 15:51:57,207 WARNING:biomolecule.py:966:create_residue:Unable to find amino or nucleic acid definition for ZN.  Parsing as new residue.
2022-11-08 15:51:57,214 WARNING:biomolecule.py:966:create_residue:Unable to find amino or nucleic acid definition for ZN.  Parsing as new residue.
2022-11-08 15:51:57,214 WARNING:biomolecule.py:966:create_residue:Unable to find amino or nucleic acid definition for ZN.  Parsing as new residue.
2022-11-08 15:51:57,214 WARNING:biomolecule.py:966:create_residue:Unable to find amino or nucleic acid definition for ZN.  Parsing as new residue.
2022-11-08 15:51:57,214 WARNING:biomolecule.py:966:create_residue:Unable to find amino or nucleic acid definition for SAM.  Parsing as new residue.
2022-11-08 15:51:57,216 WARNING:biomolecule.py:966:create_residue:Unable to find amino or nucleic acid definition for SAH.  Parsing as new residue.
2022-11-08 15:51:57,216 WARNING:biomolecule.py:966:create_residue:Unable to find amino or nucleic acid definition for NLE.  Parsing as new residue.
2022-11-08 15:51:57,217 WARNING:main.py:418:setup_molecule:Multiple occupancies found: N in CYS A 923.
2022-11-08 15:51:57,217 WARNING:main.py:418:setup_molecule:Multiple occupancies found: CA in CYS A 923.
2022-11-08 15:51:57,218 WARNING:main.py:418:setup_molecule:Multiple occupancies found: C in CYS A 923.
2022-11-08 15:51:57,218 WARNING:main.py:418:setup_molecule:Multiple occupancies found: O in CYS A 923.
2022-11-08 15:51:57,218 WARNING:main.py:418:setup_molecule:Multiple occupancies found: CB in CYS A 923.
2022-11-08 15:51:57,218 WARNING:main.py:418:setup_molecule:Multiple occupancies found: SG in CYS A 923.
2022-11-08 15:51:57,218 WARNING:main.py:424:setup_molecule:Multiple occupancies found in CYS A 923. At least one of the instances is being ignored.
2022-11-08 15:51:57,218 WARNING:main.py:418:setup_molecule:Multiple occupancies found: N in ASP A 1090.
2022-11-08 15:51:57,218 WARNING:main.py:418:setup_molecule:Multiple occupancies found: CA in ASP A 1090.
2022-11-08 15:51:57,218 WARNING:main.py:418:setup_molecule:Multiple occupancies found: C in ASP A 1090.
2022-11-08 15:51:57,219 WARNING:main.py:418:setup_molecule:Multiple occupancies found: O in ASP A 1090.
2022-11-08 15:51:57,219 WARNING:main.py:418:setup_molecule:Multiple occupancies found: CB in ASP A 1090.
2022-11-08 15:51:57,219 WARNING:main.py:418:setup_molecule:Multiple occupancies found: CG in ASP A 1090.
2022-11-08 15:51:57,219 WARNING:main.py:418:setup_molecule:Multiple occupancies found: OD1 in ASP A 1090.
2022-11-08 15:51:57,219 WARNING:main.py:418:setup_molecule:Multiple occupancies found: OD2 in ASP A 1090.
2022-11-08 15:51:57,219 WARNING:main.py:424:setup_molecule:Multiple occupancies found in ASP A 1090. At least one of the instances is being ignored.
2022-11-08 15:51:57,219 WARNING:main.py:418:setup_molecule:Multiple occupancies found: N in CYS A 1098.
2022-11-08 15:51:57,219 WARNING:main.py:418:setup_molecule:Multiple occupancies found: CA in CYS A 1098.
2022-11-08 15:51:57,219 WARNING:main.py:418:setup_molecule:Multiple occupancies found: C in CYS A 1098.
2022-11-08 15:51:57,220 WARNING:main.py:418:setup_molecule:Multiple occupancies found: O in CYS A 1098.
2022-11-08 15:51:57,220 WARNING:main.py:418:setup_molecule:Multiple occupancies found: CB in CYS A 1098.
2022-11-08 15:51:57,220 WARNING:main.py:418:setup_molecule:Multiple occupancies found: SG in CYS A 1098.
2022-11-08 15:51:57,220 WARNING:main.py:424:setup_molecule:Multiple occupancies found in CYS A 1098. At least one of the instances is being ignored.
2022-11-08 15:51:57,220 WARNING:main.py:418:setup_molecule:Multiple occupancies found: N in SER A 1108.
2022-11-08 15:51:57,220 WARNING:main.py:418:setup_molecule:Multiple occupancies found: CA in SER A 1108.
2022-11-08 15:51:57,220 WARNING:main.py:418:setup_molecule:Multiple occupancies found: C in SER A 1108.
2022-11-08 15:51:57,220 WARNING:main.py:418:setup_molecule:Multiple occupancies found: O in SER A 1108.
2022-11-08 15:51:57,220 WARNING:main.py:418:setup_molecule:Multiple occupancies found: CB in SER A 1108.
2022-11-08 15:51:57,222 WARNING:main.py:418:setup_molecule:Multiple occupancies found: OG in SER A 1108.
2022-11-08 15:51:57,222 WARNING:main.py:424:setup_molecule:Multiple occupancies found in SER A 1108. At least one of the instances is being ignored.
2022-11-08 15:51:57,222 WARNING:main.py:418:setup_molecule:Multiple occupancies found: N in SAM A 1205.
2022-11-08 15:51:57,222 WARNING:main.py:418:setup_molecule:Multiple occupancies found: CA in SAM A 1205.
2022-11-08 15:51:57,222 WARNING:main.py:418:setup_molecule:Multiple occupancies found: C in SAM A 1205.
2022-11-08 15:51:57,222 WARNING:main.py:418:setup_molecule:Multiple occupancies found: O in SAM A 1205.
2022-11-08 15:51:57,222 WARNING:main.py:418:setup_molecule:Multiple occupancies found: CB in SAM A 1205.
2022-11-08 15:51:57,223 WARNING:main.py:418:setup_molecule:Multiple occupancies found: CG in SAM A 1205.
2022-11-08 15:51:57,223 WARNING:main.py:418:setup_molecule:Multiple occupancies found: SD in SAM A 1205.
2022-11-08 15:51:57,223 WARNING:main.py:418:setup_molecule:Multiple occupancies found: CE in SAM A 1205.
2022-11-08 15:51:57,223 WARNING:main.py:418:setup_molecule:Multiple occupancies found: C5' in SAM A 1205.
2022-11-08 15:51:57,223 WARNING:main.py:418:setup_molecule:Multiple occupancies found: C4' in SAM A 1205.
2022-11-08 15:51:57,223 WARNING:main.py:418:setup_molecule:Multiple occupancies found: O4' in SAM A 1205.
2022-11-08 15:51:57,223 WARNING:main.py:418:setup_molecule:Multiple occupancies found: C3' in SAM A 1205.
2022-11-08 15:51:57,223 WARNING:main.py:418:setup_molecule:Multiple occupancies found: O3' in SAM A 1205.
2022-11-08 15:51:57,223 WARNING:main.py:418:setup_molecule:Multiple occupancies found: C2' in SAM A 1205.
2022-11-08 15:51:57,224 WARNING:main.py:418:setup_molecule:Multiple occupancies found: O2' in SAM A 1205.
2022-11-08 15:51:57,224 WARNING:main.py:418:setup_molecule:Multiple occupancies found: C1' in SAM A 1205.
2022-11-08 15:51:57,224 WARNING:main.py:418:setup_molecule:Multiple occupancies found: OXT in SAM A 1205.
2022-11-08 15:51:57,224 WARNING:main.py:418:setup_molecule:Multiple occupancies found: N1 in SAM A 1205.
2022-11-08 15:51:57,224 WARNING:main.py:418:setup_molecule:Multiple occupancies found: C2 in SAM A 1205.
2022-11-08 15:51:57,224 WARNING:main.py:418:setup_molecule:Multiple occupancies found: N3 in SAM A 1205.
2022-11-08 15:51:57,224 WARNING:main.py:418:setup_molecule:Multiple occupancies found: C4 in SAM A 1205.
2022-11-08 15:51:57,224 WARNING:main.py:418:setup_molecule:Multiple occupancies found: C5 in SAM A 1205.
2022-11-08 15:51:57,224 WARNING:main.py:418:setup_molecule:Multiple occupancies found: C6 in SAM A 1205.
2022-11-08 15:51:57,224 WARNING:main.py:418:setup_molecule:Multiple occupancies found: N6 in SAM A 1205.
2022-11-08 15:51:57,225 WARNING:main.py:418:setup_molecule:Multiple occupancies found: N7 in SAM A 1205.
2022-11-08 15:51:57,225 WARNING:main.py:418:setup_molecule:Multiple occupancies found: C8 in SAM A 1205.
2022-11-08 15:51:57,225 WARNING:main.py:418:setup_molecule:Multiple occupancies found: N9 in SAM A 1205.
2022-11-08 15:51:57,225 WARNING:main.py:424:setup_molecule:Multiple occupancies found in SAM A 1205. At least one of the instances is being ignored.
2022-11-08 15:51:57,225 WARNING:main.py:418:setup_molecule:Multiple occupancies found: N in SAH A 1206.
2022-11-08 15:51:57,225 WARNING:main.py:418:setup_molecule:Multiple occupancies found: CA in SAH A 1206.
2022-11-08 15:51:57,225 WARNING:main.py:418:setup_molecule:Multiple occupancies found: C in SAH A 1206.
2022-11-08 15:51:57,225 WARNING:main.py:418:setup_molecule:Multiple occupancies found: O in SAH A 1206.
2022-11-08 15:51:57,225 WARNING:main.py:418:setup_molecule:Multiple occupancies found: CB in SAH A 1206.
2022-11-08 15:51:57,226 WARNING:main.py:418:setup_molecule:Multiple occupancies found: CG in SAH A 1206.
2022-11-08 15:51:57,226 WARNING:main.py:418:setup_molecule:Multiple occupancies found: SD in SAH A 1206.
2022-11-08 15:51:57,226 WARNING:main.py:418:setup_molecule:Multiple occupancies found: C5' in SAH A 1206.
2022-11-08 15:51:57,227 WARNING:main.py:418:setup_molecule:Multiple occupancies found: C4' in SAH A 1206.
2022-11-08 15:51:57,227 WARNING:main.py:418:setup_molecule:Multiple occupancies found: O4' in SAH A 1206.
2022-11-08 15:51:57,227 WARNING:main.py:418:setup_molecule:Multiple occupancies found: C3' in SAH A 1206.
2022-11-08 15:51:57,227 WARNING:main.py:418:setup_molecule:Multiple occupancies found: O3' in SAH A 1206.
2022-11-08 15:51:57,227 WARNING:main.py:418:setup_molecule:Multiple occupancies found: C2' in SAH A 1206.
2022-11-08 15:51:57,227 WARNING:main.py:418:setup_molecule:Multiple occupancies found: O2' in SAH A 1206.
2022-11-08 15:51:57,227 WARNING:main.py:418:setup_molecule:Multiple occupancies found: C1' in SAH A 1206.
2022-11-08 15:51:57,227 WARNING:main.py:418:setup_molecule:Multiple occupancies found: OXT in SAH A 1206.
2022-11-08 15:51:57,227 WARNING:main.py:418:setup_molecule:Multiple occupancies found: N1 in SAH A 1206.
2022-11-08 15:51:57,228 WARNING:main.py:418:setup_molecule:Multiple occupancies found: C2 in SAH A 1206.
2022-11-08 15:51:57,228 WARNING:main.py:418:setup_molecule:Multiple occupancies found: N3 in SAH A 1206.
2022-11-08 15:51:57,228 WARNING:main.py:418:setup_molecule:Multiple occupancies found: C4 in SAH A 1206.
2022-11-08 15:51:57,228 WARNING:main.py:418:setup_molecule:Multiple occupancies found: C5 in SAH A 1206.
2022-11-08 15:51:57,228 WARNING:main.py:418:setup_molecule:Multiple occupancies found: C6 in SAH A 1206.
2022-11-08 15:51:57,228 WARNING:main.py:418:setup_molecule:Multiple occupancies found: N6 in SAH A 1206.
2022-11-08 15:51:57,228 WARNING:main.py:418:setup_molecule:Multiple occupancies found: N7 in SAH A 1206.
2022-11-08 15:51:57,228 WARNING:main.py:418:setup_molecule:Multiple occupancies found: C8 in SAH A 1206.
2022-11-08 15:51:57,228 WARNING:main.py:418:setup_molecule:Multiple occupancies found: N9 in SAH A 1206.
2022-11-08 15:51:57,229 WARNING:main.py:424:setup_molecule:Multiple occupancies found in SAH A 1206. At least one of the instances is being ignored.
2022-11-08 15:51:57,241 WARNING:biomolecule.py:600:update_bonds:Gap in backbone detected between ASP A 1090 and GLU A 1095!
2022-11-08 15:51:57,271 WARNING:biomolecule.py:157:num_missing_heavy:Missing atom OXT in residue LEU A 1184
2022-11-08 15:51:57,271 WARNING:biomolecule.py:157:num_missing_heavy:Missing atom CA in residue GLY P 12
2022-11-08 15:51:57,271 WARNING:biomolecule.py:157:num_missing_heavy:Missing atom C in residue GLY P 12
2022-11-08 15:51:57,271 WARNING:biomolecule.py:157:num_missing_heavy:Missing atom O in residue GLY P 12
2022-11-08 15:51:57,272 WARNING:biomolecule.py:157:num_missing_heavy:Missing atom OXT in residue GLY P 12
2022-11-08 15:51:57,273 WARNING:biomolecule.py:157:num_missing_heavy:Missing atom OXT in residue LEU A 1184
2022-11-08 15:51:57,274 WARNING:biomolecule.py:157:num_missing_heavy:Missing atom CA in residue GLY P 12
2022-11-08 15:51:57,274 WARNING:biomolecule.py:157:num_missing_heavy:Missing atom C in residue GLY P 12
2022-11-08 15:51:57,274 WARNING:biomolecule.py:157:num_missing_heavy:Missing atom O in residue GLY P 12
2022-11-08 15:51:57,274 WARNING:biomolecule.py:157:num_missing_heavy:Missing atom OXT in residue GLY P 12
2022-11-08 15:51:57,276 WARNING:biomolecule.py:157:num_missing_heavy:Missing atom OXT in residue LEU A 1184
2022-11-08 15:51:57,276 WARNING:biomolecule.py:157:num_missing_heavy:Missing atom CA in residue GLY P 12
2022-11-08 15:51:57,276 WARNING:biomolecule.py:157:num_missing_heavy:Missing atom C in residue GLY P 12
2022-11-08 15:51:57,276 WARNING:biomolecule.py:157:num_missing_heavy:Missing atom O in residue GLY P 12
2022-11-08 15:51:57,276 WARNING:biomolecule.py:157:num_missing_heavy:Missing atom OXT in residue GLY P 12
2022-11-08 15:51:57,278 CRITICAL:main.py:793:main_driver:Too few atoms present to reconstruct or cap residue GLY P 12 in structure! This error is generally caused by missing backbone atoms in this biomolecule; you must use an external program to complete gaps in the biomolecule backbone. Heavy atoms missing from GLY P 12:  C O OXT CA
2022-11-08 15:51:57,279 CRITICAL:main.py:794:main_driver:Giving up.
