2022-11-08 13:29:52,074 WARNING:biomolecule.py:966:create_residue:Unable to find amino or nucleic acid definition for SAM.  Parsing as new residue.
2022-11-08 13:29:52,075 WARNING:biomolecule.py:966:create_residue:Unable to find amino or nucleic acid definition for UNX.  Parsing as new residue.
2022-11-08 13:29:52,075 WARNING:biomolecule.py:966:create_residue:Unable to find amino or nucleic acid definition for UNX.  Parsing as new residue.
2022-11-08 13:29:52,075 WARNING:biomolecule.py:966:create_residue:Unable to find amino or nucleic acid definition for UNX.  Parsing as new residue.
2022-11-08 13:29:52,076 WARNING:biomolecule.py:966:create_residue:Unable to find amino or nucleic acid definition for UNX.  Parsing as new residue.
2022-11-08 13:29:52,076 WARNING:biomolecule.py:966:create_residue:Unable to find amino or nucleic acid definition for UNX.  Parsing as new residue.
2022-11-08 13:29:52,076 WARNING:biomolecule.py:966:create_residue:Unable to find amino or nucleic acid definition for UNX.  Parsing as new residue.
2022-11-08 13:29:52,076 WARNING:biomolecule.py:966:create_residue:Unable to find amino or nucleic acid definition for UNX.  Parsing as new residue.
2022-11-08 13:29:52,076 WARNING:biomolecule.py:966:create_residue:Unable to find amino or nucleic acid definition for UNX.  Parsing as new residue.
2022-11-08 13:29:52,076 WARNING:io.py:40:filter:Suppressing further "Unable to find amino or nucleic acid definition for" messages
2022-11-08 13:29:52,092 WARNING:main.py:418:setup_molecule:Multiple occupancies found: CA in LYS A 255.
2022-11-08 13:29:52,092 WARNING:main.py:418:setup_molecule:Multiple occupancies found: C in LYS A 255.
2022-11-08 13:29:52,092 WARNING:main.py:418:setup_molecule:Multiple occupancies found: O in LYS A 255.
2022-11-08 13:29:52,092 WARNING:main.py:424:setup_molecule:Multiple occupancies found in LYS A 255. At least one of the instances is being ignored.
2022-11-08 13:29:52,092 WARNING:main.py:418:setup_molecule:Multiple occupancies found: N in GLU A 256.
2022-11-08 13:29:52,093 WARNING:main.py:418:setup_molecule:Multiple occupancies found: CA in GLU A 256.
2022-11-08 13:29:52,093 WARNING:main.py:424:setup_molecule:Multiple occupancies found in GLU A 256. At least one of the instances is being ignored.
2022-11-08 13:29:52,093 WARNING:main.py:418:setup_molecule:Multiple occupancies found: CA in ASP A 289.
2022-11-08 13:29:52,093 WARNING:main.py:418:setup_molecule:Multiple occupancies found: CB in ASP A 289.
2022-11-08 13:29:52,093 WARNING:main.py:418:setup_molecule:Multiple occupancies found: CG in ASP A 289.
2022-11-08 13:29:52,093 WARNING:main.py:418:setup_molecule:Multiple occupancies found: OD1 in ASP A 289.
2022-11-08 13:29:52,093 WARNING:main.py:418:setup_molecule:Multiple occupancies found: OD2 in ASP A 289.
2022-11-08 13:29:52,094 WARNING:main.py:424:setup_molecule:Multiple occupancies found in ASP A 289. At least one of the instances is being ignored.
2022-11-08 13:29:52,094 WARNING:main.py:418:setup_molecule:Multiple occupancies found: CA in ASN A 332.
2022-11-08 13:29:52,094 WARNING:main.py:418:setup_molecule:Multiple occupancies found: CB in ASN A 332.
2022-11-08 13:29:52,094 WARNING:main.py:418:setup_molecule:Multiple occupancies found: CG in ASN A 332.
2022-11-08 13:29:52,094 WARNING:main.py:418:setup_molecule:Multiple occupancies found: ND2 in ASN A 332.
2022-11-08 13:29:52,094 WARNING:main.py:418:setup_molecule:Multiple occupancies found: OD1 in ASN A 332.
2022-11-08 13:29:52,094 WARNING:main.py:424:setup_molecule:Multiple occupancies found in ASN A 332. At least one of the instances is being ignored.
2022-11-08 13:29:52,095 WARNING:main.py:418:setup_molecule:Multiple occupancies found: CA in ILE B 293.
2022-11-08 13:29:52,095 WARNING:main.py:418:setup_molecule:Multiple occupancies found: CB in ILE B 293.
2022-11-08 13:29:52,095 WARNING:main.py:418:setup_molecule:Multiple occupancies found: CG1 in ILE B 293.
2022-11-08 13:29:52,095 WARNING:main.py:418:setup_molecule:Multiple occupancies found: CG2 in ILE B 293.
2022-11-08 13:29:52,098 WARNING:main.py:418:setup_molecule:Multiple occupancies found: CD1 in ILE B 293.
2022-11-08 13:29:52,098 WARNING:main.py:424:setup_molecule:Multiple occupancies found in ILE B 293. At least one of the instances is being ignored.
2022-11-08 13:29:52,098 WARNING:main.py:418:setup_molecule:Multiple occupancies found: CA in SER B 320.
2022-11-08 13:29:52,098 WARNING:main.py:418:setup_molecule:Multiple occupancies found: CB in SER B 320.
2022-11-08 13:29:52,098 WARNING:main.py:418:setup_molecule:Multiple occupancies found: OG in SER B 320.
2022-11-08 13:29:52,099 WARNING:main.py:424:setup_molecule:Multiple occupancies found in SER B 320. At least one of the instances is being ignored.
2022-11-08 13:29:52,099 WARNING:main.py:418:setup_molecule:Multiple occupancies found: CA in ARG B 329.
2022-11-08 13:29:52,099 WARNING:main.py:418:setup_molecule:Multiple occupancies found: CB in ARG B 329.
2022-11-08 13:29:52,099 WARNING:main.py:418:setup_molecule:Multiple occupancies found: CG in ARG B 329.
2022-11-08 13:29:52,099 WARNING:main.py:424:setup_molecule:Multiple occupancies found in ARG B 329. At least one of the instances is being ignored.
2022-11-08 13:29:52,143 WARNING:biomolecule.py:157:num_missing_heavy:Missing atom CG in residue ARG A 233
2022-11-08 13:29:52,143 WARNING:biomolecule.py:157:num_missing_heavy:Missing atom CD in residue ARG A 233
2022-11-08 13:29:52,143 WARNING:biomolecule.py:157:num_missing_heavy:Missing atom NE in residue ARG A 233
2022-11-08 13:29:52,143 WARNING:biomolecule.py:157:num_missing_heavy:Missing atom CZ in residue ARG A 233
2022-11-08 13:29:52,144 WARNING:biomolecule.py:157:num_missing_heavy:Missing atom NH1 in residue ARG A 233
2022-11-08 13:29:52,144 WARNING:biomolecule.py:157:num_missing_heavy:Missing atom NH2 in residue ARG A 233
2022-11-08 13:29:52,144 WARNING:biomolecule.py:157:num_missing_heavy:Missing atom CE in residue LYS A 234
2022-11-08 13:29:52,144 WARNING:biomolecule.py:157:num_missing_heavy:Missing atom NZ in residue LYS A 234
2022-11-08 13:29:52,144 WARNING:biomolecule.py:157:num_missing_heavy:Missing atom CG in residue GLU A 238
2022-11-08 13:29:52,144 WARNING:biomolecule.py:157:num_missing_heavy:Missing atom CD in residue GLU A 238
2022-11-08 13:29:52,144 WARNING:biomolecule.py:157:num_missing_heavy:Missing atom OE1 in residue GLU A 238
2022-11-08 13:29:52,145 WARNING:biomolecule.py:157:num_missing_heavy:Missing atom OE2 in residue GLU A 238
2022-11-08 13:29:52,145 WARNING:biomolecule.py:157:num_missing_heavy:Missing atom CG in residue LEU A 239
2022-11-08 13:29:52,145 WARNING:biomolecule.py:157:num_missing_heavy:Missing atom CD1 in residue LEU A 239
2022-11-08 13:29:52,145 WARNING:biomolecule.py:157:num_missing_heavy:Missing atom CD2 in residue LEU A 239
2022-11-08 13:29:52,145 WARNING:biomolecule.py:157:num_missing_heavy:Missing atom CG in residue GLN A 240
2022-11-08 13:29:52,145 WARNING:biomolecule.py:157:num_missing_heavy:Missing atom CD in residue GLN A 240
2022-11-08 13:29:52,145 WARNING:biomolecule.py:157:num_missing_heavy:Missing atom OE1 in residue GLN A 240
2022-11-08 13:29:52,145 WARNING:biomolecule.py:157:num_missing_heavy:Missing atom NE2 in residue GLN A 240
2022-11-08 13:29:52,146 WARNING:biomolecule.py:157:num_missing_heavy:Missing atom OG in residue SER A 241
2022-11-08 13:29:52,146 WARNING:biomolecule.py:157:num_missing_heavy:Missing atom CG in residue GLU A 242
2022-11-08 13:29:52,146 WARNING:biomolecule.py:157:num_missing_heavy:Missing atom CD in residue GLU A 242
2022-11-08 13:29:52,146 WARNING:biomolecule.py:157:num_missing_heavy:Missing atom OE1 in residue GLU A 242
2022-11-08 13:29:52,146 WARNING:biomolecule.py:157:num_missing_heavy:Missing atom OE2 in residue GLU A 242
2022-11-08 13:29:52,146 WARNING:biomolecule.py:157:num_missing_heavy:Missing atom CG in residue GLU A 243
2022-11-08 13:29:52,146 WARNING:biomolecule.py:157:num_missing_heavy:Missing atom CD in residue GLU A 243
2022-11-08 13:29:52,147 WARNING:biomolecule.py:157:num_missing_heavy:Missing atom OE1 in residue GLU A 243
2022-11-08 13:29:52,147 WARNING:biomolecule.py:157:num_missing_heavy:Missing atom OE2 in residue GLU A 243
2022-11-08 13:29:52,147 WARNING:biomolecule.py:157:num_missing_heavy:Missing atom CG in residue LYS A 245
2022-11-08 13:29:52,147 WARNING:biomolecule.py:157:num_missing_heavy:Missing atom CD in residue LYS A 245
2022-11-08 13:29:52,147 WARNING:biomolecule.py:157:num_missing_heavy:Missing atom CE in residue LYS A 245
2022-11-08 13:29:52,147 WARNING:biomolecule.py:157:num_missing_heavy:Missing atom NZ in residue LYS A 245
2022-11-08 13:29:52,147 WARNING:biomolecule.py:157:num_missing_heavy:Missing atom CG in residue ARG A 246
2022-11-08 13:29:52,147 WARNING:biomolecule.py:157:num_missing_heavy:Missing atom CD in residue ARG A 246
2022-11-08 13:29:52,148 WARNING:biomolecule.py:157:num_missing_heavy:Missing atom NE in residue ARG A 246
2022-11-08 13:29:52,148 WARNING:biomolecule.py:157:num_missing_heavy:Missing atom CZ in residue ARG A 246
2022-11-08 13:29:52,148 WARNING:biomolecule.py:157:num_missing_heavy:Missing atom NH1 in residue ARG A 246
2022-11-08 13:29:52,148 WARNING:biomolecule.py:157:num_missing_heavy:Missing atom NH2 in residue ARG A 246
2022-11-08 13:29:52,148 WARNING:biomolecule.py:157:num_missing_heavy:Missing atom CD1 in residue ILE A 247
2022-11-08 13:29:52,148 WARNING:biomolecule.py:157:num_missing_heavy:Missing atom CG in residue GLU A 249
2022-11-08 13:29:52,148 WARNING:biomolecule.py:157:num_missing_heavy:Missing atom CD in residue GLU A 249
2022-11-08 13:29:52,148 WARNING:biomolecule.py:157:num_missing_heavy:Missing atom OE1 in residue GLU A 249
2022-11-08 13:29:52,149 WARNING:biomolecule.py:157:num_missing_heavy:Missing atom OE2 in residue GLU A 249
2022-11-08 13:29:52,149 WARNING:biomolecule.py:157:num_missing_heavy:Missing atom CG in residue LYS A 255
2022-11-08 13:29:52,149 WARNING:biomolecule.py:157:num_missing_heavy:Missing atom CD in residue LYS A 255
2022-11-08 13:29:52,149 WARNING:biomolecule.py:157:num_missing_heavy:Missing atom CE in residue LYS A 255
2022-11-08 13:29:52,149 WARNING:biomolecule.py:157:num_missing_heavy:Missing atom NZ in residue LYS A 255
2022-11-08 13:29:52,149 WARNING:biomolecule.py:157:num_missing_heavy:Missing atom CD in residue GLU A 257
2022-11-08 13:29:52,149 WARNING:biomolecule.py:157:num_missing_heavy:Missing atom OE1 in residue GLU A 257
2022-11-08 13:29:52,150 WARNING:biomolecule.py:157:num_missing_heavy:Missing atom OE2 in residue GLU A 257
2022-11-08 13:29:52,150 WARNING:biomolecule.py:157:num_missing_heavy:Missing atom NE in residue ARG A 279
2022-11-08 13:29:52,150 WARNING:biomolecule.py:157:num_missing_heavy:Missing atom CZ in residue ARG A 279
2022-11-08 13:29:52,150 WARNING:biomolecule.py:157:num_missing_heavy:Missing atom NH1 in residue ARG A 279
2022-11-08 13:29:52,150 WARNING:biomolecule.py:157:num_missing_heavy:Missing atom NH2 in residue ARG A 279
2022-11-08 13:29:52,150 WARNING:biomolecule.py:157:num_missing_heavy:Missing atom CD in residue LYS A 297
2022-11-08 13:29:52,151 WARNING:biomolecule.py:157:num_missing_heavy:Missing atom CE in residue LYS A 297
2022-11-08 13:29:52,151 WARNING:biomolecule.py:157:num_missing_heavy:Missing atom NZ in residue LYS A 297
2022-11-08 13:29:52,151 WARNING:biomolecule.py:157:num_missing_heavy:Missing atom CD in residue LYS A 382
2022-11-08 13:29:52,152 WARNING:biomolecule.py:157:num_missing_heavy:Missing atom CE in residue LYS A 382
2022-11-08 13:29:52,152 WARNING:biomolecule.py:157:num_missing_heavy:Missing atom NZ in residue LYS A 382
2022-11-08 13:29:52,152 WARNING:biomolecule.py:157:num_missing_heavy:Missing atom CG in residue ARG B 244
2022-11-08 13:29:52,152 WARNING:biomolecule.py:157:num_missing_heavy:Missing atom CD in residue ARG B 244
2022-11-08 13:29:52,152 WARNING:biomolecule.py:157:num_missing_heavy:Missing atom NE in residue ARG B 244
2022-11-08 13:29:52,152 WARNING:biomolecule.py:157:num_missing_heavy:Missing atom CZ in residue ARG B 244
2022-11-08 13:29:52,152 WARNING:biomolecule.py:157:num_missing_heavy:Missing atom NH1 in residue ARG B 244
2022-11-08 13:29:52,153 WARNING:biomolecule.py:157:num_missing_heavy:Missing atom NH2 in residue ARG B 244
2022-11-08 13:29:52,153 WARNING:biomolecule.py:157:num_missing_heavy:Missing atom CG in residue LYS B 245
2022-11-08 13:29:52,153 WARNING:biomolecule.py:157:num_missing_heavy:Missing atom CD in residue LYS B 245
2022-11-08 13:29:52,153 WARNING:biomolecule.py:157:num_missing_heavy:Missing atom CE in residue LYS B 245
2022-11-08 13:29:52,153 WARNING:biomolecule.py:157:num_missing_heavy:Missing atom NZ in residue LYS B 245
2022-11-08 13:29:52,153 WARNING:biomolecule.py:157:num_missing_heavy:Missing atom CG in residue ARG B 246
2022-11-08 13:29:52,153 WARNING:biomolecule.py:157:num_missing_heavy:Missing atom CD in residue ARG B 246
2022-11-08 13:29:52,154 WARNING:biomolecule.py:157:num_missing_heavy:Missing atom NE in residue ARG B 246
2022-11-08 13:29:52,154 WARNING:biomolecule.py:157:num_missing_heavy:Missing atom CZ in residue ARG B 246
2022-11-08 13:29:52,154 WARNING:biomolecule.py:157:num_missing_heavy:Missing atom NH1 in residue ARG B 246
2022-11-08 13:29:52,154 WARNING:biomolecule.py:157:num_missing_heavy:Missing atom NH2 in residue ARG B 246
2022-11-08 13:29:52,154 WARNING:biomolecule.py:157:num_missing_heavy:Missing atom CD1 in residue ILE B 247
2022-11-08 13:29:52,154 WARNING:biomolecule.py:157:num_missing_heavy:Missing atom CG in residue GLU B 249
2022-11-08 13:29:52,154 WARNING:biomolecule.py:157:num_missing_heavy:Missing atom CD in residue GLU B 249
2022-11-08 13:29:52,154 WARNING:biomolecule.py:157:num_missing_heavy:Missing atom OE1 in residue GLU B 249
2022-11-08 13:29:52,155 WARNING:biomolecule.py:157:num_missing_heavy:Missing atom OE2 in residue GLU B 249
2022-11-08 13:29:52,155 WARNING:biomolecule.py:157:num_missing_heavy:Missing atom NZ in residue LYS B 260
2022-11-08 13:29:52,155 WARNING:biomolecule.py:157:num_missing_heavy:Missing atom NH1 in residue ARG B 279
2022-11-08 13:29:52,155 WARNING:biomolecule.py:157:num_missing_heavy:Missing atom NH2 in residue ARG B 279
2022-11-08 13:29:52,155 WARNING:biomolecule.py:157:num_missing_heavy:Missing atom CG in residue LYS B 297
2022-11-08 13:29:52,156 WARNING:biomolecule.py:157:num_missing_heavy:Missing atom CD in residue LYS B 297
2022-11-08 13:29:52,156 WARNING:biomolecule.py:157:num_missing_heavy:Missing atom CE in residue LYS B 297
2022-11-08 13:29:52,156 WARNING:biomolecule.py:157:num_missing_heavy:Missing atom NZ in residue LYS B 297
2022-11-08 13:29:52,156 WARNING:biomolecule.py:157:num_missing_heavy:Missing atom CD in residue ARG B 329
2022-11-08 13:29:52,156 WARNING:biomolecule.py:157:num_missing_heavy:Missing atom NE in residue ARG B 329
2022-11-08 13:29:52,156 WARNING:biomolecule.py:157:num_missing_heavy:Missing atom CZ in residue ARG B 329
2022-11-08 13:29:52,157 WARNING:biomolecule.py:157:num_missing_heavy:Missing atom NH1 in residue ARG B 329
2022-11-08 13:29:52,157 WARNING:biomolecule.py:157:num_missing_heavy:Missing atom NH2 in residue ARG B 329
2022-11-08 13:29:52,157 WARNING:biomolecule.py:157:num_missing_heavy:Missing atom CD in residue LYS B 349
2022-11-08 13:29:52,157 WARNING:biomolecule.py:157:num_missing_heavy:Missing atom CE in residue LYS B 349
2022-11-08 13:29:52,157 WARNING:biomolecule.py:157:num_missing_heavy:Missing atom NZ in residue LYS B 349
2022-11-08 13:29:52,157 WARNING:biomolecule.py:157:num_missing_heavy:Missing atom CG in residue ASP B 354
2022-11-08 13:29:52,157 WARNING:biomolecule.py:157:num_missing_heavy:Missing atom OD1 in residue ASP B 354
2022-11-08 13:29:52,158 WARNING:biomolecule.py:157:num_missing_heavy:Missing atom OD2 in residue ASP B 354
2022-11-08 13:29:52,158 WARNING:biomolecule.py:157:num_missing_heavy:Missing atom NZ in residue LYS B 382
2022-11-08 13:29:52,158 WARNING:biomolecule.py:157:num_missing_heavy:Missing atom CG in residue ARG A 233
2022-11-08 13:29:52,158 WARNING:biomolecule.py:157:num_missing_heavy:Missing atom CD in residue ARG A 233
2022-11-08 13:29:52,158 WARNING:biomolecule.py:157:num_missing_heavy:Missing atom NE in residue ARG A 233
2022-11-08 13:29:52,159 WARNING:biomolecule.py:157:num_missing_heavy:Missing atom CZ in residue ARG A 233
2022-11-08 13:29:52,159 WARNING:biomolecule.py:157:num_missing_heavy:Missing atom NH1 in residue ARG A 233
2022-11-08 13:29:52,159 WARNING:biomolecule.py:157:num_missing_heavy:Missing atom NH2 in residue ARG A 233
2022-11-08 13:29:52,159 WARNING:biomolecule.py:157:num_missing_heavy:Missing atom CE in residue LYS A 234
2022-11-08 13:29:52,159 WARNING:biomolecule.py:157:num_missing_heavy:Missing atom NZ in residue LYS A 234
2022-11-08 13:29:52,159 WARNING:biomolecule.py:157:num_missing_heavy:Missing atom CG in residue GLU A 238
2022-11-08 13:29:52,159 WARNING:biomolecule.py:157:num_missing_heavy:Missing atom CD in residue GLU A 238
2022-11-08 13:29:52,159 WARNING:biomolecule.py:157:num_missing_heavy:Missing atom OE1 in residue GLU A 238
2022-11-08 13:29:52,160 WARNING:biomolecule.py:157:num_missing_heavy:Missing atom OE2 in residue GLU A 238
2022-11-08 13:29:52,160 WARNING:biomolecule.py:157:num_missing_heavy:Missing atom CG in residue LEU A 239
2022-11-08 13:29:52,160 WARNING:biomolecule.py:157:num_missing_heavy:Missing atom CD1 in residue LEU A 239
2022-11-08 13:29:52,160 WARNING:biomolecule.py:157:num_missing_heavy:Missing atom CD2 in residue LEU A 239
2022-11-08 13:29:52,160 WARNING:biomolecule.py:157:num_missing_heavy:Missing atom CG in residue GLN A 240
2022-11-08 13:29:52,160 WARNING:biomolecule.py:157:num_missing_heavy:Missing atom CD in residue GLN A 240
2022-11-08 13:29:52,160 WARNING:biomolecule.py:157:num_missing_heavy:Missing atom OE1 in residue GLN A 240
2022-11-08 13:29:52,160 WARNING:biomolecule.py:157:num_missing_heavy:Missing atom NE2 in residue GLN A 240
2022-11-08 13:29:52,161 WARNING:biomolecule.py:157:num_missing_heavy:Missing atom OG in residue SER A 241
2022-11-08 13:29:52,161 WARNING:biomolecule.py:157:num_missing_heavy:Missing atom CG in residue GLU A 242
2022-11-08 13:29:52,161 WARNING:biomolecule.py:157:num_missing_heavy:Missing atom CD in residue GLU A 242
2022-11-08 13:29:52,161 WARNING:biomolecule.py:157:num_missing_heavy:Missing atom OE1 in residue GLU A 242
2022-11-08 13:29:52,161 WARNING:biomolecule.py:157:num_missing_heavy:Missing atom OE2 in residue GLU A 242
2022-11-08 13:29:52,161 WARNING:biomolecule.py:157:num_missing_heavy:Missing atom CG in residue GLU A 243
2022-11-08 13:29:52,161 WARNING:biomolecule.py:157:num_missing_heavy:Missing atom CD in residue GLU A 243
2022-11-08 13:29:52,161 WARNING:biomolecule.py:157:num_missing_heavy:Missing atom OE1 in residue GLU A 243
2022-11-08 13:29:52,162 WARNING:biomolecule.py:157:num_missing_heavy:Missing atom OE2 in residue GLU A 243
2022-11-08 13:29:52,162 WARNING:biomolecule.py:157:num_missing_heavy:Missing atom CG in residue LYS A 245
2022-11-08 13:29:52,162 WARNING:biomolecule.py:157:num_missing_heavy:Missing atom CD in residue LYS A 245
2022-11-08 13:29:52,162 WARNING:biomolecule.py:157:num_missing_heavy:Missing atom CE in residue LYS A 245
2022-11-08 13:29:52,162 WARNING:biomolecule.py:157:num_missing_heavy:Missing atom NZ in residue LYS A 245
2022-11-08 13:29:52,162 WARNING:biomolecule.py:157:num_missing_heavy:Missing atom CG in residue ARG A 246
2022-11-08 13:29:52,162 WARNING:biomolecule.py:157:num_missing_heavy:Missing atom CD in residue ARG A 246
2022-11-08 13:29:52,162 WARNING:biomolecule.py:157:num_missing_heavy:Missing atom NE in residue ARG A 246
2022-11-08 13:29:52,163 WARNING:biomolecule.py:157:num_missing_heavy:Missing atom CZ in residue ARG A 246
2022-11-08 13:29:52,163 WARNING:biomolecule.py:157:num_missing_heavy:Missing atom NH1 in residue ARG A 246
2022-11-08 13:29:52,163 WARNING:biomolecule.py:157:num_missing_heavy:Missing atom NH2 in residue ARG A 246
2022-11-08 13:29:52,163 WARNING:biomolecule.py:157:num_missing_heavy:Missing atom CD1 in residue ILE A 247
2022-11-08 13:29:52,163 WARNING:biomolecule.py:157:num_missing_heavy:Missing atom CG in residue GLU A 249
2022-11-08 13:29:52,163 WARNING:biomolecule.py:157:num_missing_heavy:Missing atom CD in residue GLU A 249
2022-11-08 13:29:52,163 WARNING:biomolecule.py:157:num_missing_heavy:Missing atom OE1 in residue GLU A 249
2022-11-08 13:29:52,163 WARNING:biomolecule.py:157:num_missing_heavy:Missing atom OE2 in residue GLU A 249
2022-11-08 13:29:52,164 WARNING:biomolecule.py:157:num_missing_heavy:Missing atom CG in residue LYS A 255
2022-11-08 13:29:52,164 WARNING:biomolecule.py:157:num_missing_heavy:Missing atom CD in residue LYS A 255
2022-11-08 13:29:52,164 WARNING:biomolecule.py:157:num_missing_heavy:Missing atom CE in residue LYS A 255
2022-11-08 13:29:52,164 WARNING:biomolecule.py:157:num_missing_heavy:Missing atom NZ in residue LYS A 255
2022-11-08 13:29:52,164 WARNING:biomolecule.py:157:num_missing_heavy:Missing atom CD in residue GLU A 257
2022-11-08 13:29:52,164 WARNING:biomolecule.py:157:num_missing_heavy:Missing atom OE1 in residue GLU A 257
2022-11-08 13:29:52,164 WARNING:biomolecule.py:157:num_missing_heavy:Missing atom OE2 in residue GLU A 257
2022-11-08 13:29:52,165 WARNING:biomolecule.py:157:num_missing_heavy:Missing atom NE in residue ARG A 279
2022-11-08 13:29:52,165 WARNING:biomolecule.py:157:num_missing_heavy:Missing atom CZ in residue ARG A 279
2022-11-08 13:29:52,165 WARNING:biomolecule.py:157:num_missing_heavy:Missing atom NH1 in residue ARG A 279
2022-11-08 13:29:52,165 WARNING:biomolecule.py:157:num_missing_heavy:Missing atom NH2 in residue ARG A 279
2022-11-08 13:29:52,165 WARNING:biomolecule.py:157:num_missing_heavy:Missing atom CD in residue LYS A 297
2022-11-08 13:29:52,165 WARNING:biomolecule.py:157:num_missing_heavy:Missing atom CE in residue LYS A 297
2022-11-08 13:29:52,166 WARNING:biomolecule.py:157:num_missing_heavy:Missing atom NZ in residue LYS A 297
2022-11-08 13:29:52,166 WARNING:biomolecule.py:157:num_missing_heavy:Missing atom CD in residue LYS A 382
2022-11-08 13:29:52,166 WARNING:biomolecule.py:157:num_missing_heavy:Missing atom CE in residue LYS A 382
2022-11-08 13:29:52,167 WARNING:biomolecule.py:157:num_missing_heavy:Missing atom NZ in residue LYS A 382
2022-11-08 13:29:52,167 WARNING:biomolecule.py:157:num_missing_heavy:Missing atom CG in residue ARG B 244
2022-11-08 13:29:52,167 WARNING:biomolecule.py:157:num_missing_heavy:Missing atom CD in residue ARG B 244
2022-11-08 13:29:52,167 WARNING:biomolecule.py:157:num_missing_heavy:Missing atom NE in residue ARG B 244
2022-11-08 13:29:52,167 WARNING:biomolecule.py:157:num_missing_heavy:Missing atom CZ in residue ARG B 244
2022-11-08 13:29:52,167 WARNING:biomolecule.py:157:num_missing_heavy:Missing atom NH1 in residue ARG B 244
2022-11-08 13:29:52,167 WARNING:biomolecule.py:157:num_missing_heavy:Missing atom NH2 in residue ARG B 244
2022-11-08 13:29:52,168 WARNING:biomolecule.py:157:num_missing_heavy:Missing atom CG in residue LYS B 245
2022-11-08 13:29:52,168 WARNING:biomolecule.py:157:num_missing_heavy:Missing atom CD in residue LYS B 245
2022-11-08 13:29:52,168 WARNING:biomolecule.py:157:num_missing_heavy:Missing atom CE in residue LYS B 245
2022-11-08 13:29:52,168 WARNING:biomolecule.py:157:num_missing_heavy:Missing atom NZ in residue LYS B 245
2022-11-08 13:29:52,168 WARNING:biomolecule.py:157:num_missing_heavy:Missing atom CG in residue ARG B 246
2022-11-08 13:29:52,168 WARNING:biomolecule.py:157:num_missing_heavy:Missing atom CD in residue ARG B 246
2022-11-08 13:29:52,168 WARNING:biomolecule.py:157:num_missing_heavy:Missing atom NE in residue ARG B 246
2022-11-08 13:29:52,168 WARNING:biomolecule.py:157:num_missing_heavy:Missing atom CZ in residue ARG B 246
2022-11-08 13:29:52,169 WARNING:biomolecule.py:157:num_missing_heavy:Missing atom NH1 in residue ARG B 246
2022-11-08 13:29:52,169 WARNING:biomolecule.py:157:num_missing_heavy:Missing atom NH2 in residue ARG B 246
2022-11-08 13:29:52,169 WARNING:biomolecule.py:157:num_missing_heavy:Missing atom CD1 in residue ILE B 247
2022-11-08 13:29:52,169 WARNING:biomolecule.py:157:num_missing_heavy:Missing atom CG in residue GLU B 249
2022-11-08 13:29:52,169 WARNING:biomolecule.py:157:num_missing_heavy:Missing atom CD in residue GLU B 249
2022-11-08 13:29:52,169 WARNING:biomolecule.py:157:num_missing_heavy:Missing atom OE1 in residue GLU B 249
2022-11-08 13:29:52,169 WARNING:biomolecule.py:157:num_missing_heavy:Missing atom OE2 in residue GLU B 249
2022-11-08 13:29:52,169 WARNING:biomolecule.py:157:num_missing_heavy:Missing atom NZ in residue LYS B 260
2022-11-08 13:29:52,170 WARNING:biomolecule.py:157:num_missing_heavy:Missing atom NH1 in residue ARG B 279
2022-11-08 13:29:52,170 WARNING:biomolecule.py:157:num_missing_heavy:Missing atom NH2 in residue ARG B 279
2022-11-08 13:29:52,170 WARNING:biomolecule.py:157:num_missing_heavy:Missing atom CG in residue LYS B 297
2022-11-08 13:29:52,170 WARNING:biomolecule.py:157:num_missing_heavy:Missing atom CD in residue LYS B 297
2022-11-08 13:29:52,170 WARNING:biomolecule.py:157:num_missing_heavy:Missing atom CE in residue LYS B 297
2022-11-08 13:29:52,170 WARNING:biomolecule.py:157:num_missing_heavy:Missing atom NZ in residue LYS B 297
2022-11-08 13:29:52,171 WARNING:biomolecule.py:157:num_missing_heavy:Missing atom CD in residue ARG B 329
2022-11-08 13:29:52,171 WARNING:biomolecule.py:157:num_missing_heavy:Missing atom NE in residue ARG B 329
2022-11-08 13:29:52,171 WARNING:biomolecule.py:157:num_missing_heavy:Missing atom CZ in residue ARG B 329
2022-11-08 13:29:52,171 WARNING:biomolecule.py:157:num_missing_heavy:Missing atom NH1 in residue ARG B 329
2022-11-08 13:29:52,171 WARNING:biomolecule.py:157:num_missing_heavy:Missing atom NH2 in residue ARG B 329
2022-11-08 13:29:52,172 WARNING:biomolecule.py:157:num_missing_heavy:Missing atom CD in residue LYS B 349
2022-11-08 13:29:52,172 WARNING:biomolecule.py:157:num_missing_heavy:Missing atom CE in residue LYS B 349
2022-11-08 13:29:52,172 WARNING:biomolecule.py:157:num_missing_heavy:Missing atom NZ in residue LYS B 349
2022-11-08 13:29:52,172 WARNING:biomolecule.py:157:num_missing_heavy:Missing atom CG in residue ASP B 354
2022-11-08 13:29:52,172 WARNING:biomolecule.py:157:num_missing_heavy:Missing atom OD1 in residue ASP B 354
2022-11-08 13:29:52,172 WARNING:biomolecule.py:157:num_missing_heavy:Missing atom OD2 in residue ASP B 354
2022-11-08 13:29:52,173 WARNING:biomolecule.py:157:num_missing_heavy:Missing atom NZ in residue LYS B 382
2022-11-08 13:29:52,173 WARNING:biomolecule.py:157:num_missing_heavy:Missing atom CG in residue ARG A 233
2022-11-08 13:29:52,173 WARNING:biomolecule.py:157:num_missing_heavy:Missing atom CD in residue ARG A 233
2022-11-08 13:29:52,173 WARNING:biomolecule.py:157:num_missing_heavy:Missing atom NE in residue ARG A 233
2022-11-08 13:29:52,173 WARNING:biomolecule.py:157:num_missing_heavy:Missing atom CZ in residue ARG A 233
2022-11-08 13:29:52,173 WARNING:biomolecule.py:157:num_missing_heavy:Missing atom NH1 in residue ARG A 233
2022-11-08 13:29:52,173 WARNING:biomolecule.py:157:num_missing_heavy:Missing atom NH2 in residue ARG A 233
2022-11-08 13:29:52,174 WARNING:biomolecule.py:157:num_missing_heavy:Missing atom CE in residue LYS A 234
2022-11-08 13:29:52,174 WARNING:biomolecule.py:157:num_missing_heavy:Missing atom NZ in residue LYS A 234
2022-11-08 13:29:52,174 WARNING:biomolecule.py:157:num_missing_heavy:Missing atom CG in residue GLU A 238
2022-11-08 13:29:52,174 WARNING:biomolecule.py:157:num_missing_heavy:Missing atom CD in residue GLU A 238
2022-11-08 13:29:52,174 WARNING:biomolecule.py:157:num_missing_heavy:Missing atom OE1 in residue GLU A 238
2022-11-08 13:29:52,174 WARNING:biomolecule.py:157:num_missing_heavy:Missing atom OE2 in residue GLU A 238
2022-11-08 13:29:52,174 WARNING:biomolecule.py:157:num_missing_heavy:Missing atom CG in residue LEU A 239
2022-11-08 13:29:52,174 WARNING:biomolecule.py:157:num_missing_heavy:Missing atom CD1 in residue LEU A 239
2022-11-08 13:29:52,175 WARNING:biomolecule.py:157:num_missing_heavy:Missing atom CD2 in residue LEU A 239
2022-11-08 13:29:52,175 WARNING:biomolecule.py:157:num_missing_heavy:Missing atom CG in residue GLN A 240
2022-11-08 13:29:52,175 WARNING:biomolecule.py:157:num_missing_heavy:Missing atom CD in residue GLN A 240
2022-11-08 13:29:52,175 WARNING:biomolecule.py:157:num_missing_heavy:Missing atom OE1 in residue GLN A 240
2022-11-08 13:29:52,175 WARNING:biomolecule.py:157:num_missing_heavy:Missing atom NE2 in residue GLN A 240
2022-11-08 13:29:52,175 WARNING:biomolecule.py:157:num_missing_heavy:Missing atom OG in residue SER A 241
2022-11-08 13:29:52,175 WARNING:biomolecule.py:157:num_missing_heavy:Missing atom CG in residue GLU A 242
2022-11-08 13:29:52,175 WARNING:biomolecule.py:157:num_missing_heavy:Missing atom CD in residue GLU A 242
2022-11-08 13:29:52,176 WARNING:biomolecule.py:157:num_missing_heavy:Missing atom OE1 in residue GLU A 242
2022-11-08 13:29:52,176 WARNING:biomolecule.py:157:num_missing_heavy:Missing atom OE2 in residue GLU A 242
2022-11-08 13:29:52,176 WARNING:biomolecule.py:157:num_missing_heavy:Missing atom CG in residue GLU A 243
2022-11-08 13:29:52,176 WARNING:biomolecule.py:157:num_missing_heavy:Missing atom CD in residue GLU A 243
2022-11-08 13:29:52,176 WARNING:biomolecule.py:157:num_missing_heavy:Missing atom OE1 in residue GLU A 243
2022-11-08 13:29:52,176 WARNING:biomolecule.py:157:num_missing_heavy:Missing atom OE2 in residue GLU A 243
2022-11-08 13:29:52,176 WARNING:biomolecule.py:157:num_missing_heavy:Missing atom CG in residue LYS A 245
2022-11-08 13:29:52,177 WARNING:biomolecule.py:157:num_missing_heavy:Missing atom CD in residue LYS A 245
2022-11-08 13:29:52,177 WARNING:biomolecule.py:157:num_missing_heavy:Missing atom CE in residue LYS A 245
2022-11-08 13:29:52,177 WARNING:biomolecule.py:157:num_missing_heavy:Missing atom NZ in residue LYS A 245
2022-11-08 13:29:52,177 WARNING:biomolecule.py:157:num_missing_heavy:Missing atom CG in residue ARG A 246
2022-11-08 13:29:52,177 WARNING:biomolecule.py:157:num_missing_heavy:Missing atom CD in residue ARG A 246
2022-11-08 13:29:52,177 WARNING:biomolecule.py:157:num_missing_heavy:Missing atom NE in residue ARG A 246
2022-11-08 13:29:52,177 WARNING:biomolecule.py:157:num_missing_heavy:Missing atom CZ in residue ARG A 246
2022-11-08 13:29:52,177 WARNING:biomolecule.py:157:num_missing_heavy:Missing atom NH1 in residue ARG A 246
2022-11-08 13:29:52,178 WARNING:biomolecule.py:157:num_missing_heavy:Missing atom NH2 in residue ARG A 246
2022-11-08 13:29:52,178 WARNING:biomolecule.py:157:num_missing_heavy:Missing atom CD1 in residue ILE A 247
2022-11-08 13:29:52,178 WARNING:biomolecule.py:157:num_missing_heavy:Missing atom CG in residue GLU A 249
2022-11-08 13:29:52,178 WARNING:biomolecule.py:157:num_missing_heavy:Missing atom CD in residue GLU A 249
2022-11-08 13:29:52,178 WARNING:biomolecule.py:157:num_missing_heavy:Missing atom OE1 in residue GLU A 249
2022-11-08 13:29:52,178 WARNING:biomolecule.py:157:num_missing_heavy:Missing atom OE2 in residue GLU A 249
2022-11-08 13:29:52,178 WARNING:biomolecule.py:157:num_missing_heavy:Missing atom CG in residue LYS A 255
2022-11-08 13:29:52,179 WARNING:biomolecule.py:157:num_missing_heavy:Missing atom CD in residue LYS A 255
2022-11-08 13:29:52,179 WARNING:biomolecule.py:157:num_missing_heavy:Missing atom CE in residue LYS A 255
2022-11-08 13:29:52,179 WARNING:biomolecule.py:157:num_missing_heavy:Missing atom NZ in residue LYS A 255
2022-11-08 13:29:52,179 WARNING:biomolecule.py:157:num_missing_heavy:Missing atom CD in residue GLU A 257
2022-11-08 13:29:52,179 WARNING:biomolecule.py:157:num_missing_heavy:Missing atom OE1 in residue GLU A 257
2022-11-08 13:29:52,179 WARNING:biomolecule.py:157:num_missing_heavy:Missing atom OE2 in residue GLU A 257
2022-11-08 13:29:52,179 WARNING:biomolecule.py:157:num_missing_heavy:Missing atom NE in residue ARG A 279
2022-11-08 13:29:52,180 WARNING:biomolecule.py:157:num_missing_heavy:Missing atom CZ in residue ARG A 279
2022-11-08 13:29:52,180 WARNING:biomolecule.py:157:num_missing_heavy:Missing atom NH1 in residue ARG A 279
2022-11-08 13:29:52,180 WARNING:biomolecule.py:157:num_missing_heavy:Missing atom NH2 in residue ARG A 279
2022-11-08 13:29:52,180 WARNING:biomolecule.py:157:num_missing_heavy:Missing atom CD in residue LYS A 297
2022-11-08 13:29:52,180 WARNING:biomolecule.py:157:num_missing_heavy:Missing atom CE in residue LYS A 297
2022-11-08 13:29:52,180 WARNING:biomolecule.py:157:num_missing_heavy:Missing atom NZ in residue LYS A 297
2022-11-08 13:29:52,181 WARNING:biomolecule.py:157:num_missing_heavy:Missing atom CD in residue LYS A 382
2022-11-08 13:29:52,181 WARNING:biomolecule.py:157:num_missing_heavy:Missing atom CE in residue LYS A 382
2022-11-08 13:29:52,181 WARNING:biomolecule.py:157:num_missing_heavy:Missing atom NZ in residue LYS A 382
2022-11-08 13:29:52,181 WARNING:biomolecule.py:157:num_missing_heavy:Missing atom CG in residue ARG B 244
2022-11-08 13:29:52,182 WARNING:biomolecule.py:157:num_missing_heavy:Missing atom CD in residue ARG B 244
2022-11-08 13:29:52,182 WARNING:biomolecule.py:157:num_missing_heavy:Missing atom NE in residue ARG B 244
2022-11-08 13:29:52,182 WARNING:biomolecule.py:157:num_missing_heavy:Missing atom CZ in residue ARG B 244
2022-11-08 13:29:52,182 WARNING:biomolecule.py:157:num_missing_heavy:Missing atom NH1 in residue ARG B 244
2022-11-08 13:29:52,182 WARNING:biomolecule.py:157:num_missing_heavy:Missing atom NH2 in residue ARG B 244
2022-11-08 13:29:52,182 WARNING:biomolecule.py:157:num_missing_heavy:Missing atom CG in residue LYS B 245
2022-11-08 13:29:52,182 WARNING:biomolecule.py:157:num_missing_heavy:Missing atom CD in residue LYS B 245
2022-11-08 13:29:52,182 WARNING:biomolecule.py:157:num_missing_heavy:Missing atom CE in residue LYS B 245
2022-11-08 13:29:52,183 WARNING:biomolecule.py:157:num_missing_heavy:Missing atom NZ in residue LYS B 245
2022-11-08 13:29:52,183 WARNING:biomolecule.py:157:num_missing_heavy:Missing atom CG in residue ARG B 246
2022-11-08 13:29:52,183 WARNING:biomolecule.py:157:num_missing_heavy:Missing atom CD in residue ARG B 246
2022-11-08 13:29:52,183 WARNING:biomolecule.py:157:num_missing_heavy:Missing atom NE in residue ARG B 246
2022-11-08 13:29:52,183 WARNING:biomolecule.py:157:num_missing_heavy:Missing atom CZ in residue ARG B 246
2022-11-08 13:29:52,183 WARNING:biomolecule.py:157:num_missing_heavy:Missing atom NH1 in residue ARG B 246
2022-11-08 13:29:52,183 WARNING:biomolecule.py:157:num_missing_heavy:Missing atom NH2 in residue ARG B 246
2022-11-08 13:29:52,184 WARNING:biomolecule.py:157:num_missing_heavy:Missing atom CD1 in residue ILE B 247
2022-11-08 13:29:52,184 WARNING:biomolecule.py:157:num_missing_heavy:Missing atom CG in residue GLU B 249
2022-11-08 13:29:52,184 WARNING:biomolecule.py:157:num_missing_heavy:Missing atom CD in residue GLU B 249
2022-11-08 13:29:52,184 WARNING:biomolecule.py:157:num_missing_heavy:Missing atom OE1 in residue GLU B 249
2022-11-08 13:29:52,184 WARNING:biomolecule.py:157:num_missing_heavy:Missing atom OE2 in residue GLU B 249
2022-11-08 13:29:52,184 WARNING:biomolecule.py:157:num_missing_heavy:Missing atom NZ in residue LYS B 260
2022-11-08 13:29:52,184 WARNING:biomolecule.py:157:num_missing_heavy:Missing atom NH1 in residue ARG B 279
2022-11-08 13:29:52,185 WARNING:biomolecule.py:157:num_missing_heavy:Missing atom NH2 in residue ARG B 279
2022-11-08 13:29:52,185 WARNING:biomolecule.py:157:num_missing_heavy:Missing atom CG in residue LYS B 297
2022-11-08 13:29:52,185 WARNING:biomolecule.py:157:num_missing_heavy:Missing atom CD in residue LYS B 297
2022-11-08 13:29:52,185 WARNING:biomolecule.py:157:num_missing_heavy:Missing atom CE in residue LYS B 297
2022-11-08 13:29:52,185 WARNING:biomolecule.py:157:num_missing_heavy:Missing atom NZ in residue LYS B 297
2022-11-08 13:29:52,186 WARNING:biomolecule.py:157:num_missing_heavy:Missing atom CD in residue ARG B 329
2022-11-08 13:29:52,186 WARNING:biomolecule.py:157:num_missing_heavy:Missing atom NE in residue ARG B 329
2022-11-08 13:29:52,186 WARNING:biomolecule.py:157:num_missing_heavy:Missing atom CZ in residue ARG B 329
2022-11-08 13:29:52,186 WARNING:biomolecule.py:157:num_missing_heavy:Missing atom NH1 in residue ARG B 329
2022-11-08 13:29:52,186 WARNING:biomolecule.py:157:num_missing_heavy:Missing atom NH2 in residue ARG B 329
2022-11-08 13:29:52,186 WARNING:biomolecule.py:157:num_missing_heavy:Missing atom CD in residue LYS B 349
2022-11-08 13:29:52,186 WARNING:biomolecule.py:157:num_missing_heavy:Missing atom CE in residue LYS B 349
2022-11-08 13:29:52,187 WARNING:biomolecule.py:157:num_missing_heavy:Missing atom NZ in residue LYS B 349
2022-11-08 13:29:52,187 WARNING:biomolecule.py:157:num_missing_heavy:Missing atom CG in residue ASP B 354
2022-11-08 13:29:52,187 WARNING:biomolecule.py:157:num_missing_heavy:Missing atom OD1 in residue ASP B 354
2022-11-08 13:29:52,187 WARNING:biomolecule.py:157:num_missing_heavy:Missing atom OD2 in residue ASP B 354
2022-11-08 13:29:52,187 WARNING:biomolecule.py:157:num_missing_heavy:Missing atom NZ in residue LYS B 382
2022-11-08 13:29:56,732 WARNING:main.py:311:print_pqr:Ignoring 3375 header lines in output.
2022-11-08 13:29:56,733 WARNING:main.py:315:print_pqr:Ignoring 76 missing lines in output.
