2022-11-08 13:35:56,451 WARNING:biomolecule.py:966:create_residue:Unable to find amino or nucleic acid definition for SAM.  Parsing as new residue.
2022-11-08 13:35:56,451 WARNING:biomolecule.py:966:create_residue:Unable to find amino or nucleic acid definition for ZN.  Parsing as new residue.
2022-11-08 13:35:56,452 WARNING:biomolecule.py:966:create_residue:Unable to find amino or nucleic acid definition for ZN.  Parsing as new residue.
2022-11-08 13:35:56,452 WARNING:biomolecule.py:966:create_residue:Unable to find amino or nucleic acid definition for ZN.  Parsing as new residue.
2022-11-08 13:35:56,452 WARNING:biomolecule.py:966:create_residue:Unable to find amino or nucleic acid definition for ACE.  Parsing as new residue.
2022-11-08 13:35:56,452 WARNING:biomolecule.py:966:create_residue:Unable to find amino or nucleic acid definition for NLE.  Parsing as new residue.
2022-11-08 13:35:56,453 WARNING:biomolecule.py:966:create_residue:Unable to find amino or nucleic acid definition for NH2.  Parsing as new residue.
2022-11-08 13:35:56,453 WARNING:main.py:418:setup_molecule:Multiple occupancies found: CA in TYR A 1121.
2022-11-08 13:35:56,453 WARNING:main.py:418:setup_molecule:Multiple occupancies found: CB in TYR A 1121.
2022-11-08 13:35:56,454 WARNING:main.py:418:setup_molecule:Multiple occupancies found: CG in TYR A 1121.
2022-11-08 13:35:56,454 WARNING:main.py:418:setup_molecule:Multiple occupancies found: CD1 in TYR A 1121.
2022-11-08 13:35:56,454 WARNING:main.py:418:setup_molecule:Multiple occupancies found: CD2 in TYR A 1121.
2022-11-08 13:35:56,454 WARNING:main.py:418:setup_molecule:Multiple occupancies found: CE1 in TYR A 1121.
2022-11-08 13:35:56,454 WARNING:main.py:418:setup_molecule:Multiple occupancies found: CE2 in TYR A 1121.
2022-11-08 13:35:56,454 WARNING:main.py:418:setup_molecule:Multiple occupancies found: CZ in TYR A 1121.
2022-11-08 13:35:56,454 WARNING:main.py:418:setup_molecule:Multiple occupancies found: OH in TYR A 1121.
2022-11-08 13:35:56,454 WARNING:main.py:424:setup_molecule:Multiple occupancies found in TYR A 1121. At least one of the instances is being ignored.
2022-11-08 13:35:56,454 WARNING:main.py:418:setup_molecule:Multiple occupancies found: CA in SER A 1164.
2022-11-08 13:35:56,455 WARNING:main.py:418:setup_molecule:Multiple occupancies found: CB in SER A 1164.
2022-11-08 13:35:56,455 WARNING:main.py:418:setup_molecule:Multiple occupancies found: OG in SER A 1164.
2022-11-08 13:35:56,455 WARNING:main.py:424:setup_molecule:Multiple occupancies found in SER A 1164. At least one of the instances is being ignored.
2022-11-08 13:35:56,455 WARNING:main.py:418:setup_molecule:Multiple occupancies found: CA in MET A 1201.
2022-11-08 13:35:56,455 WARNING:main.py:418:setup_molecule:Multiple occupancies found: CB in MET A 1201.
2022-11-08 13:35:56,455 WARNING:main.py:418:setup_molecule:Multiple occupancies found: CG in MET A 1201.
2022-11-08 13:35:56,455 WARNING:main.py:418:setup_molecule:Multiple occupancies found: SD in MET A 1201.
2022-11-08 13:35:56,455 WARNING:main.py:418:setup_molecule:Multiple occupancies found: CE in MET A 1201.
2022-11-08 13:35:56,456 WARNING:main.py:424:setup_molecule:Multiple occupancies found in MET A 1201. At least one of the instances is being ignored.
2022-11-08 13:35:56,456 WARNING:main.py:418:setup_molecule:Multiple occupancies found: CA in ASN A 1238.
2022-11-08 13:35:56,456 WARNING:main.py:418:setup_molecule:Multiple occupancies found: CB in ASN A 1238.
2022-11-08 13:35:56,456 WARNING:main.py:418:setup_molecule:Multiple occupancies found: CG in ASN A 1238.
2022-11-08 13:35:56,456 WARNING:main.py:418:setup_molecule:Multiple occupancies found: ND2 in ASN A 1238.
2022-11-08 13:35:56,456 WARNING:main.py:418:setup_molecule:Multiple occupancies found: OD1 in ASN A 1238.
2022-11-08 13:35:56,456 WARNING:main.py:424:setup_molecule:Multiple occupancies found in ASN A 1238. At least one of the instances is being ignored.
2022-11-08 13:35:56,456 WARNING:main.py:418:setup_molecule:Multiple occupancies found: CA in LEU A 1245.
2022-11-08 13:35:56,457 WARNING:main.py:418:setup_molecule:Multiple occupancies found: CB in LEU A 1245.
2022-11-08 13:35:56,457 WARNING:main.py:418:setup_molecule:Multiple occupancies found: CG in LEU A 1245.
2022-11-08 13:35:56,457 WARNING:main.py:418:setup_molecule:Multiple occupancies found: CD1 in LEU A 1245.
2022-11-08 13:35:56,458 WARNING:main.py:418:setup_molecule:Multiple occupancies found: CD2 in LEU A 1245.
2022-11-08 13:35:56,458 WARNING:main.py:424:setup_molecule:Multiple occupancies found in LEU A 1245. At least one of the instances is being ignored.
2022-11-08 13:35:56,458 WARNING:main.py:418:setup_molecule:Multiple occupancies found: CA in MET A 1255.
2022-11-08 13:35:56,458 WARNING:main.py:418:setup_molecule:Multiple occupancies found: CB in MET A 1255.
2022-11-08 13:35:56,458 WARNING:main.py:418:setup_molecule:Multiple occupancies found: CG in MET A 1255.
2022-11-08 13:35:56,458 WARNING:main.py:418:setup_molecule:Multiple occupancies found: SD in MET A 1255.
2022-11-08 13:35:56,458 WARNING:main.py:418:setup_molecule:Multiple occupancies found: CE in MET A 1255.
2022-11-08 13:35:56,458 WARNING:main.py:424:setup_molecule:Multiple occupancies found in MET A 1255. At least one of the instances is being ignored.
2022-11-08 13:35:56,470 WARNING:biomolecule.py:600:update_bonds:Gap in backbone detected between LEU A 1266 and GLY A 1269!
2022-11-08 13:35:59,990 WARNING:main.py:311:print_pqr:Ignoring 2162 header lines in output.
2022-11-08 13:35:59,990 WARNING:main.py:315:print_pqr:Ignoring 40 missing lines in output.
