2022-11-08 13:27:17,897 WARNING:biomolecule.py:966:create_residue:Unable to find amino or nucleic acid definition for SAM.  Parsing as new residue.
2022-11-08 13:27:17,898 WARNING:biomolecule.py:966:create_residue:Unable to find amino or nucleic acid definition for GOL.  Parsing as new residue.
2022-11-08 13:27:17,898 WARNING:main.py:418:setup_molecule:Multiple occupancies found: N in LEU A 76.
2022-11-08 13:27:17,898 WARNING:main.py:418:setup_molecule:Multiple occupancies found: CA in LEU A 76.
2022-11-08 13:27:17,898 WARNING:main.py:418:setup_molecule:Multiple occupancies found: C in LEU A 76.
2022-11-08 13:27:17,899 WARNING:main.py:418:setup_molecule:Multiple occupancies found: O in LEU A 76.
2022-11-08 13:27:17,899 WARNING:main.py:418:setup_molecule:Multiple occupancies found: CB in LEU A 76.
2022-11-08 13:27:17,899 WARNING:main.py:418:setup_molecule:Multiple occupancies found: CG in LEU A 76.
2022-11-08 13:27:17,899 WARNING:main.py:418:setup_molecule:Multiple occupancies found: CD1 in LEU A 76.
2022-11-08 13:27:17,899 WARNING:main.py:418:setup_molecule:Multiple occupancies found: CD2 in LEU A 76.
2022-11-08 13:27:17,899 WARNING:main.py:424:setup_molecule:Multiple occupancies found in LEU A 76. At least one of the instances is being ignored.
2022-11-08 13:27:17,906 WARNING:biomolecule.py:600:update_bonds:Gap in backbone detected between PHE A 23 and ALA A 46!
2022-11-08 13:27:17,908 WARNING:biomolecule.py:600:update_bonds:Gap in backbone detected between ASP A 133 and ILE A 145!
2022-11-08 13:27:17,936 WARNING:biomolecule.py:157:num_missing_heavy:Missing atom CD1 in residue TYR A 7
2022-11-08 13:27:17,936 WARNING:biomolecule.py:157:num_missing_heavy:Missing atom CD2 in residue TYR A 7
2022-11-08 13:27:17,937 WARNING:biomolecule.py:157:num_missing_heavy:Missing atom CE1 in residue TYR A 7
2022-11-08 13:27:17,937 WARNING:biomolecule.py:157:num_missing_heavy:Missing atom CE2 in residue TYR A 7
2022-11-08 13:27:17,937 WARNING:biomolecule.py:157:num_missing_heavy:Missing atom CZ in residue TYR A 7
2022-11-08 13:27:17,937 WARNING:biomolecule.py:157:num_missing_heavy:Missing atom OH in residue TYR A 7
2022-11-08 13:27:17,937 WARNING:biomolecule.py:157:num_missing_heavy:Missing atom CB in residue VAL A 9
2022-11-08 13:27:17,937 WARNING:biomolecule.py:157:num_missing_heavy:Missing atom CG1 in residue VAL A 9
2022-11-08 13:27:17,937 WARNING:biomolecule.py:157:num_missing_heavy:Missing atom CG2 in residue VAL A 9
2022-11-08 13:27:17,937 WARNING:biomolecule.py:157:num_missing_heavy:Missing atom CD in residue GLU A 13
2022-11-08 13:27:17,938 WARNING:biomolecule.py:157:num_missing_heavy:Missing atom OE1 in residue GLU A 13
2022-11-08 13:27:17,938 WARNING:biomolecule.py:157:num_missing_heavy:Missing atom OE2 in residue GLU A 13
2022-11-08 13:27:17,938 WARNING:biomolecule.py:157:num_missing_heavy:Missing atom CG in residue GLU A 18
2022-11-08 13:27:17,938 WARNING:biomolecule.py:157:num_missing_heavy:Missing atom CD in residue GLU A 18
2022-11-08 13:27:17,938 WARNING:biomolecule.py:157:num_missing_heavy:Missing atom OE1 in residue GLU A 18
2022-11-08 13:27:17,938 WARNING:biomolecule.py:157:num_missing_heavy:Missing atom OE2 in residue GLU A 18
2022-11-08 13:27:17,939 WARNING:biomolecule.py:157:num_missing_heavy:Missing atom NZ in residue LYS A 81
2022-11-08 13:27:17,939 WARNING:biomolecule.py:157:num_missing_heavy:Missing atom CZ in residue ARG A 108
2022-11-08 13:27:17,939 WARNING:biomolecule.py:157:num_missing_heavy:Missing atom NH1 in residue ARG A 108
2022-11-08 13:27:17,939 WARNING:biomolecule.py:157:num_missing_heavy:Missing atom NH2 in residue ARG A 108
2022-11-08 13:27:17,939 WARNING:biomolecule.py:157:num_missing_heavy:Missing atom CE in residue LYS A 113
2022-11-08 13:27:17,939 WARNING:biomolecule.py:157:num_missing_heavy:Missing atom NZ in residue LYS A 113
2022-11-08 13:27:17,940 WARNING:biomolecule.py:157:num_missing_heavy:Missing atom CG1 in residue ILE A 145
2022-11-08 13:27:17,940 WARNING:biomolecule.py:157:num_missing_heavy:Missing atom CD1 in residue ILE A 145
2022-11-08 13:27:17,941 WARNING:biomolecule.py:157:num_missing_heavy:Missing atom CD in residue GLU A 172
2022-11-08 13:27:17,941 WARNING:biomolecule.py:157:num_missing_heavy:Missing atom OE1 in residue GLU A 172
2022-11-08 13:27:17,941 WARNING:biomolecule.py:157:num_missing_heavy:Missing atom OE2 in residue GLU A 172
2022-11-08 13:27:17,942 WARNING:biomolecule.py:157:num_missing_heavy:Missing atom CG in residue GLU A 193
2022-11-08 13:27:17,942 WARNING:biomolecule.py:157:num_missing_heavy:Missing atom CD in residue GLU A 193
2022-11-08 13:27:17,942 WARNING:biomolecule.py:157:num_missing_heavy:Missing atom OE1 in residue GLU A 193
2022-11-08 13:27:17,942 WARNING:biomolecule.py:157:num_missing_heavy:Missing atom OE2 in residue GLU A 193
2022-11-08 13:27:17,942 WARNING:biomolecule.py:157:num_missing_heavy:Missing atom CG in residue LYS A 220
2022-11-08 13:27:17,942 WARNING:biomolecule.py:157:num_missing_heavy:Missing atom CD in residue LYS A 220
2022-11-08 13:27:17,942 WARNING:biomolecule.py:157:num_missing_heavy:Missing atom CE in residue LYS A 220
2022-11-08 13:27:17,943 WARNING:biomolecule.py:157:num_missing_heavy:Missing atom NZ in residue LYS A 220
2022-11-08 13:27:17,943 WARNING:biomolecule.py:157:num_missing_heavy:Missing atom CD in residue GLN A 235
2022-11-08 13:27:17,943 WARNING:biomolecule.py:157:num_missing_heavy:Missing atom OE1 in residue GLN A 235
2022-11-08 13:27:17,943 WARNING:biomolecule.py:157:num_missing_heavy:Missing atom NE2 in residue GLN A 235
2022-11-08 13:27:17,943 WARNING:biomolecule.py:157:num_missing_heavy:Missing atom OXT in residue GLN A 235
2022-11-08 13:27:17,943 WARNING:biomolecule.py:157:num_missing_heavy:Missing atom CD1 in residue TYR A 7
2022-11-08 13:27:17,943 WARNING:biomolecule.py:157:num_missing_heavy:Missing atom CD2 in residue TYR A 7
2022-11-08 13:27:17,944 WARNING:biomolecule.py:157:num_missing_heavy:Missing atom CE1 in residue TYR A 7
2022-11-08 13:27:17,944 WARNING:biomolecule.py:157:num_missing_heavy:Missing atom CE2 in residue TYR A 7
2022-11-08 13:27:17,944 WARNING:biomolecule.py:157:num_missing_heavy:Missing atom CZ in residue TYR A 7
2022-11-08 13:27:17,944 WARNING:biomolecule.py:157:num_missing_heavy:Missing atom OH in residue TYR A 7
2022-11-08 13:27:17,944 WARNING:biomolecule.py:157:num_missing_heavy:Missing atom CB in residue VAL A 9
2022-11-08 13:27:17,944 WARNING:biomolecule.py:157:num_missing_heavy:Missing atom CG1 in residue VAL A 9
2022-11-08 13:27:17,944 WARNING:biomolecule.py:157:num_missing_heavy:Missing atom CG2 in residue VAL A 9
2022-11-08 13:27:17,944 WARNING:biomolecule.py:157:num_missing_heavy:Missing atom CD in residue GLU A 13
2022-11-08 13:27:17,945 WARNING:biomolecule.py:157:num_missing_heavy:Missing atom OE1 in residue GLU A 13
2022-11-08 13:27:17,945 WARNING:biomolecule.py:157:num_missing_heavy:Missing atom OE2 in residue GLU A 13
2022-11-08 13:27:17,945 WARNING:biomolecule.py:157:num_missing_heavy:Missing atom CG in residue GLU A 18
2022-11-08 13:27:17,945 WARNING:biomolecule.py:157:num_missing_heavy:Missing atom CD in residue GLU A 18
2022-11-08 13:27:17,945 WARNING:biomolecule.py:157:num_missing_heavy:Missing atom OE1 in residue GLU A 18
2022-11-08 13:27:17,945 WARNING:biomolecule.py:157:num_missing_heavy:Missing atom OE2 in residue GLU A 18
2022-11-08 13:27:17,946 WARNING:biomolecule.py:157:num_missing_heavy:Missing atom NZ in residue LYS A 81
2022-11-08 13:27:17,946 WARNING:biomolecule.py:157:num_missing_heavy:Missing atom CZ in residue ARG A 108
2022-11-08 13:27:17,946 WARNING:biomolecule.py:157:num_missing_heavy:Missing atom NH1 in residue ARG A 108
2022-11-08 13:27:17,946 WARNING:biomolecule.py:157:num_missing_heavy:Missing atom NH2 in residue ARG A 108
2022-11-08 13:27:17,946 WARNING:biomolecule.py:157:num_missing_heavy:Missing atom CE in residue LYS A 113
2022-11-08 13:27:17,946 WARNING:biomolecule.py:157:num_missing_heavy:Missing atom NZ in residue LYS A 113
2022-11-08 13:27:17,947 WARNING:biomolecule.py:157:num_missing_heavy:Missing atom CG1 in residue ILE A 145
2022-11-08 13:27:17,947 WARNING:biomolecule.py:157:num_missing_heavy:Missing atom CD1 in residue ILE A 145
2022-11-08 13:27:17,947 WARNING:biomolecule.py:157:num_missing_heavy:Missing atom CD in residue GLU A 172
2022-11-08 13:27:17,947 WARNING:biomolecule.py:157:num_missing_heavy:Missing atom OE1 in residue GLU A 172
2022-11-08 13:27:17,947 WARNING:biomolecule.py:157:num_missing_heavy:Missing atom OE2 in residue GLU A 172
2022-11-08 13:27:17,948 WARNING:biomolecule.py:157:num_missing_heavy:Missing atom CG in residue GLU A 193
2022-11-08 13:27:17,948 WARNING:biomolecule.py:157:num_missing_heavy:Missing atom CD in residue GLU A 193
2022-11-08 13:27:17,948 WARNING:biomolecule.py:157:num_missing_heavy:Missing atom OE1 in residue GLU A 193
2022-11-08 13:27:17,948 WARNING:biomolecule.py:157:num_missing_heavy:Missing atom OE2 in residue GLU A 193
2022-11-08 13:27:17,948 WARNING:biomolecule.py:157:num_missing_heavy:Missing atom CG in residue LYS A 220
2022-11-08 13:27:17,948 WARNING:biomolecule.py:157:num_missing_heavy:Missing atom CD in residue LYS A 220
2022-11-08 13:27:17,948 WARNING:biomolecule.py:157:num_missing_heavy:Missing atom CE in residue LYS A 220
2022-11-08 13:27:17,949 WARNING:biomolecule.py:157:num_missing_heavy:Missing atom NZ in residue LYS A 220
2022-11-08 13:27:17,949 WARNING:biomolecule.py:157:num_missing_heavy:Missing atom CD in residue GLN A 235
2022-11-08 13:27:17,949 WARNING:biomolecule.py:157:num_missing_heavy:Missing atom OE1 in residue GLN A 235
2022-11-08 13:27:17,949 WARNING:biomolecule.py:157:num_missing_heavy:Missing atom NE2 in residue GLN A 235
2022-11-08 13:27:17,949 WARNING:biomolecule.py:157:num_missing_heavy:Missing atom OXT in residue GLN A 235
2022-11-08 13:27:17,949 WARNING:biomolecule.py:157:num_missing_heavy:Missing atom CD1 in residue TYR A 7
2022-11-08 13:27:17,949 WARNING:biomolecule.py:157:num_missing_heavy:Missing atom CD2 in residue TYR A 7
2022-11-08 13:27:17,950 WARNING:biomolecule.py:157:num_missing_heavy:Missing atom CE1 in residue TYR A 7
2022-11-08 13:27:17,950 WARNING:biomolecule.py:157:num_missing_heavy:Missing atom CE2 in residue TYR A 7
2022-11-08 13:27:17,950 WARNING:biomolecule.py:157:num_missing_heavy:Missing atom CZ in residue TYR A 7
2022-11-08 13:27:17,950 WARNING:biomolecule.py:157:num_missing_heavy:Missing atom OH in residue TYR A 7
2022-11-08 13:27:17,950 WARNING:biomolecule.py:157:num_missing_heavy:Missing atom CB in residue VAL A 9
2022-11-08 13:27:17,950 WARNING:biomolecule.py:157:num_missing_heavy:Missing atom CG1 in residue VAL A 9
2022-11-08 13:27:17,950 WARNING:biomolecule.py:157:num_missing_heavy:Missing atom CG2 in residue VAL A 9
2022-11-08 13:27:17,950 WARNING:biomolecule.py:157:num_missing_heavy:Missing atom CD in residue GLU A 13
2022-11-08 13:27:17,951 WARNING:biomolecule.py:157:num_missing_heavy:Missing atom OE1 in residue GLU A 13
2022-11-08 13:27:17,951 WARNING:biomolecule.py:157:num_missing_heavy:Missing atom OE2 in residue GLU A 13
2022-11-08 13:27:17,951 WARNING:biomolecule.py:157:num_missing_heavy:Missing atom CG in residue GLU A 18
2022-11-08 13:27:17,951 WARNING:biomolecule.py:157:num_missing_heavy:Missing atom CD in residue GLU A 18
2022-11-08 13:27:17,951 WARNING:biomolecule.py:157:num_missing_heavy:Missing atom OE1 in residue GLU A 18
2022-11-08 13:27:17,951 WARNING:biomolecule.py:157:num_missing_heavy:Missing atom OE2 in residue GLU A 18
2022-11-08 13:27:17,952 WARNING:biomolecule.py:157:num_missing_heavy:Missing atom NZ in residue LYS A 81
2022-11-08 13:27:17,952 WARNING:biomolecule.py:157:num_missing_heavy:Missing atom CZ in residue ARG A 108
2022-11-08 13:27:17,952 WARNING:biomolecule.py:157:num_missing_heavy:Missing atom NH1 in residue ARG A 108
2022-11-08 13:27:17,952 WARNING:biomolecule.py:157:num_missing_heavy:Missing atom NH2 in residue ARG A 108
2022-11-08 13:27:17,952 WARNING:biomolecule.py:157:num_missing_heavy:Missing atom CE in residue LYS A 113
2022-11-08 13:27:17,952 WARNING:biomolecule.py:157:num_missing_heavy:Missing atom NZ in residue LYS A 113
2022-11-08 13:27:17,953 WARNING:biomolecule.py:157:num_missing_heavy:Missing atom CG1 in residue ILE A 145
2022-11-08 13:27:17,953 WARNING:biomolecule.py:157:num_missing_heavy:Missing atom CD1 in residue ILE A 145
2022-11-08 13:27:17,953 WARNING:biomolecule.py:157:num_missing_heavy:Missing atom CD in residue GLU A 172
2022-11-08 13:27:17,953 WARNING:biomolecule.py:157:num_missing_heavy:Missing atom OE1 in residue GLU A 172
2022-11-08 13:27:17,953 WARNING:biomolecule.py:157:num_missing_heavy:Missing atom OE2 in residue GLU A 172
2022-11-08 13:27:17,954 WARNING:biomolecule.py:157:num_missing_heavy:Missing atom CG in residue GLU A 193
2022-11-08 13:27:17,954 WARNING:biomolecule.py:157:num_missing_heavy:Missing atom CD in residue GLU A 193
2022-11-08 13:27:17,954 WARNING:biomolecule.py:157:num_missing_heavy:Missing atom OE1 in residue GLU A 193
2022-11-08 13:27:17,954 WARNING:biomolecule.py:157:num_missing_heavy:Missing atom OE2 in residue GLU A 193
2022-11-08 13:27:17,954 WARNING:biomolecule.py:157:num_missing_heavy:Missing atom CG in residue LYS A 220
2022-11-08 13:27:17,954 WARNING:biomolecule.py:157:num_missing_heavy:Missing atom CD in residue LYS A 220
2022-11-08 13:27:17,955 WARNING:biomolecule.py:157:num_missing_heavy:Missing atom CE in residue LYS A 220
2022-11-08 13:27:17,955 WARNING:biomolecule.py:157:num_missing_heavy:Missing atom NZ in residue LYS A 220
2022-11-08 13:27:17,955 WARNING:biomolecule.py:157:num_missing_heavy:Missing atom CD in residue GLN A 235
2022-11-08 13:27:17,955 WARNING:biomolecule.py:157:num_missing_heavy:Missing atom OE1 in residue GLN A 235
2022-11-08 13:27:17,955 WARNING:biomolecule.py:157:num_missing_heavy:Missing atom NE2 in residue GLN A 235
2022-11-08 13:27:17,955 WARNING:biomolecule.py:157:num_missing_heavy:Missing atom OXT in residue GLN A 235
2022-11-08 13:27:20,089 WARNING:main.py:311:print_pqr:Ignoring 1928 header lines in output.
2022-11-08 13:27:20,090 WARNING:main.py:315:print_pqr:Ignoring 33 missing lines in output.
