2022-11-08 13:37:42,896 WARNING:biomolecule.py:966:create_residue:Unable to find amino or nucleic acid definition for ZN.  Parsing as new residue.
2022-11-08 13:37:42,896 WARNING:biomolecule.py:966:create_residue:Unable to find amino or nucleic acid definition for ZN.  Parsing as new residue.
2022-11-08 13:37:42,897 WARNING:biomolecule.py:966:create_residue:Unable to find amino or nucleic acid definition for ZN.  Parsing as new residue.
2022-11-08 13:37:42,897 WARNING:biomolecule.py:966:create_residue:Unable to find amino or nucleic acid definition for MG.  Parsing as new residue.
2022-11-08 13:37:42,897 WARNING:biomolecule.py:966:create_residue:Unable to find amino or nucleic acid definition for MG.  Parsing as new residue.
2022-11-08 13:37:42,897 WARNING:biomolecule.py:966:create_residue:Unable to find amino or nucleic acid definition for GOL.  Parsing as new residue.
2022-11-08 13:37:42,897 WARNING:biomolecule.py:966:create_residue:Unable to find amino or nucleic acid definition for GOL.  Parsing as new residue.
2022-11-08 13:37:42,897 WARNING:biomolecule.py:966:create_residue:Unable to find amino or nucleic acid definition for SAM.  Parsing as new residue.
2022-11-08 13:37:42,898 WARNING:biomolecule.py:966:create_residue:Unable to find amino or nucleic acid definition for O6A.  Parsing as new residue.
2022-11-08 13:37:42,899 WARNING:main.py:418:setup_molecule:Multiple occupancies found: CA in LYS A 140.
2022-11-08 13:37:42,899 WARNING:main.py:418:setup_molecule:Multiple occupancies found: CB in LYS A 140.
2022-11-08 13:37:42,899 WARNING:main.py:418:setup_molecule:Multiple occupancies found: CG in LYS A 140.
2022-11-08 13:37:42,899 WARNING:main.py:418:setup_molecule:Multiple occupancies found: CD in LYS A 140.
2022-11-08 13:37:42,899 WARNING:main.py:418:setup_molecule:Multiple occupancies found: CE in LYS A 140.
2022-11-08 13:37:42,900 WARNING:main.py:418:setup_molecule:Multiple occupancies found: NZ in LYS A 140.
2022-11-08 13:37:42,900 WARNING:main.py:424:setup_molecule:Multiple occupancies found in LYS A 140. At least one of the instances is being ignored.
2022-11-08 13:37:42,900 WARNING:main.py:418:setup_molecule:Multiple occupancies found: CA in GLU A 192.
2022-11-08 13:37:42,900 WARNING:main.py:418:setup_molecule:Multiple occupancies found: CB in GLU A 192.
2022-11-08 13:37:42,900 WARNING:main.py:418:setup_molecule:Multiple occupancies found: CG in GLU A 192.
2022-11-08 13:37:42,900 WARNING:main.py:418:setup_molecule:Multiple occupancies found: CD in GLU A 192.
2022-11-08 13:37:42,900 WARNING:main.py:418:setup_molecule:Multiple occupancies found: OE1 in GLU A 192.
2022-11-08 13:37:42,900 WARNING:main.py:418:setup_molecule:Multiple occupancies found: OE2 in GLU A 192.
2022-11-08 13:37:42,901 WARNING:main.py:424:setup_molecule:Multiple occupancies found in GLU A 192. At least one of the instances is being ignored.
2022-11-08 13:37:42,901 WARNING:main.py:418:setup_molecule:Multiple occupancies found: CA in SER A 213.
2022-11-08 13:37:42,901 WARNING:main.py:418:setup_molecule:Multiple occupancies found: CB in SER A 213.
2022-11-08 13:37:42,901 WARNING:main.py:418:setup_molecule:Multiple occupancies found: OG in SER A 213.
2022-11-08 13:37:42,901 WARNING:main.py:424:setup_molecule:Multiple occupancies found in SER A 213. At least one of the instances is being ignored.
2022-11-08 13:37:42,901 WARNING:main.py:418:setup_molecule:Multiple occupancies found: CA in VAL A 215.
2022-11-08 13:37:42,901 WARNING:main.py:418:setup_molecule:Multiple occupancies found: CB in VAL A 215.
2022-11-08 13:37:42,901 WARNING:main.py:418:setup_molecule:Multiple occupancies found: CG1 in VAL A 215.
2022-11-08 13:37:42,902 WARNING:main.py:418:setup_molecule:Multiple occupancies found: CG2 in VAL A 215.
2022-11-08 13:37:42,902 WARNING:main.py:424:setup_molecule:Multiple occupancies found in VAL A 215. At least one of the instances is being ignored.
2022-11-08 13:37:42,902 WARNING:main.py:418:setup_molecule:Multiple occupancies found: CA in ASP A 241.
2022-11-08 13:37:42,903 WARNING:main.py:418:setup_molecule:Multiple occupancies found: CB in ASP A 241.
2022-11-08 13:37:42,903 WARNING:main.py:418:setup_molecule:Multiple occupancies found: CG in ASP A 241.
2022-11-08 13:37:42,903 WARNING:main.py:418:setup_molecule:Multiple occupancies found: OD1 in ASP A 241.
2022-11-08 13:37:42,903 WARNING:main.py:418:setup_molecule:Multiple occupancies found: OD2 in ASP A 241.
2022-11-08 13:37:42,903 WARNING:main.py:424:setup_molecule:Multiple occupancies found in ASP A 241. At least one of the instances is being ignored.
2022-11-08 13:37:42,903 WARNING:main.py:418:setup_molecule:Multiple occupancies found: CA in GLU A 247.
2022-11-08 13:37:42,903 WARNING:main.py:418:setup_molecule:Multiple occupancies found: CB in GLU A 247.
2022-11-08 13:37:42,903 WARNING:main.py:418:setup_molecule:Multiple occupancies found: CG in GLU A 247.
2022-11-08 13:37:42,904 WARNING:main.py:418:setup_molecule:Multiple occupancies found: CD in GLU A 247.
2022-11-08 13:37:42,904 WARNING:main.py:418:setup_molecule:Multiple occupancies found: OE1 in GLU A 247.
2022-11-08 13:37:42,904 WARNING:main.py:418:setup_molecule:Multiple occupancies found: OE2 in GLU A 247.
2022-11-08 13:37:42,904 WARNING:main.py:424:setup_molecule:Multiple occupancies found in GLU A 247. At least one of the instances is being ignored.
2022-11-08 13:37:42,904 WARNING:main.py:418:setup_molecule:Multiple occupancies found: CA in GLN A 252.
2022-11-08 13:37:42,904 WARNING:main.py:418:setup_molecule:Multiple occupancies found: CB in GLN A 252.
2022-11-08 13:37:42,904 WARNING:main.py:418:setup_molecule:Multiple occupancies found: CG in GLN A 252.
2022-11-08 13:37:42,904 WARNING:main.py:418:setup_molecule:Multiple occupancies found: CD in GLN A 252.
2022-11-08 13:37:42,904 WARNING:main.py:418:setup_molecule:Multiple occupancies found: NE2 in GLN A 252.
2022-11-08 13:37:42,905 WARNING:main.py:418:setup_molecule:Multiple occupancies found: OE1 in GLN A 252.
2022-11-08 13:37:42,905 WARNING:main.py:424:setup_molecule:Multiple occupancies found in GLN A 252. At least one of the instances is being ignored.
2022-11-08 13:37:42,905 WARNING:main.py:418:setup_molecule:Multiple occupancies found: CA in ASP A 262.
2022-11-08 13:37:42,905 WARNING:main.py:418:setup_molecule:Multiple occupancies found: CB in ASP A 262.
2022-11-08 13:37:42,905 WARNING:main.py:418:setup_molecule:Multiple occupancies found: CG in ASP A 262.
2022-11-08 13:37:42,905 WARNING:main.py:418:setup_molecule:Multiple occupancies found: OD1 in ASP A 262.
2022-11-08 13:37:42,905 WARNING:main.py:418:setup_molecule:Multiple occupancies found: OD2 in ASP A 262.
2022-11-08 13:37:42,905 WARNING:main.py:424:setup_molecule:Multiple occupancies found in ASP A 262. At least one of the instances is being ignored.
2022-11-08 13:37:42,906 WARNING:main.py:418:setup_molecule:Multiple occupancies found: CA in GLU A 294.
2022-11-08 13:37:42,906 WARNING:main.py:418:setup_molecule:Multiple occupancies found: CB in GLU A 294.
2022-11-08 13:37:42,906 WARNING:main.py:418:setup_molecule:Multiple occupancies found: CG in GLU A 294.
2022-11-08 13:37:42,906 WARNING:main.py:418:setup_molecule:Multiple occupancies found: CD in GLU A 294.
2022-11-08 13:37:42,906 WARNING:main.py:418:setup_molecule:Multiple occupancies found: OE1 in GLU A 294.
2022-11-08 13:37:42,906 WARNING:main.py:418:setup_molecule:Multiple occupancies found: OE2 in GLU A 294.
2022-11-08 13:37:42,906 WARNING:main.py:424:setup_molecule:Multiple occupancies found in GLU A 294. At least one of the instances is being ignored.
2022-11-08 13:37:42,906 WARNING:main.py:418:setup_molecule:Multiple occupancies found: CA in ASP A 332.
2022-11-08 13:37:42,906 WARNING:main.py:418:setup_molecule:Multiple occupancies found: CB in ASP A 332.
2022-11-08 13:37:42,907 WARNING:main.py:418:setup_molecule:Multiple occupancies found: CG in ASP A 332.
2022-11-08 13:37:42,907 WARNING:main.py:418:setup_molecule:Multiple occupancies found: OD1 in ASP A 332.
2022-11-08 13:37:42,907 WARNING:main.py:418:setup_molecule:Multiple occupancies found: OD2 in ASP A 332.
2022-11-08 13:37:42,907 WARNING:main.py:424:setup_molecule:Multiple occupancies found in ASP A 332. At least one of the instances is being ignored.
2022-11-08 13:37:42,907 WARNING:main.py:418:setup_molecule:Multiple occupancies found: CA in ARG A 401.
2022-11-08 13:37:42,907 WARNING:main.py:418:setup_molecule:Multiple occupancies found: CB in ARG A 401.
2022-11-08 13:37:42,907 WARNING:main.py:418:setup_molecule:Multiple occupancies found: CG in ARG A 401.
2022-11-08 13:37:42,907 WARNING:main.py:418:setup_molecule:Multiple occupancies found: CD in ARG A 401.
2022-11-08 13:37:42,908 WARNING:main.py:418:setup_molecule:Multiple occupancies found: NE in ARG A 401.
2022-11-08 13:37:42,908 WARNING:main.py:418:setup_molecule:Multiple occupancies found: CZ in ARG A 401.
2022-11-08 13:37:42,908 WARNING:main.py:418:setup_molecule:Multiple occupancies found: NH1 in ARG A 401.
2022-11-08 13:37:42,908 WARNING:main.py:418:setup_molecule:Multiple occupancies found: NH2 in ARG A 401.
2022-11-08 13:37:42,908 WARNING:main.py:424:setup_molecule:Multiple occupancies found in ARG A 401. At least one of the instances is being ignored.
2022-11-08 13:37:42,908 WARNING:main.py:418:setup_molecule:Multiple occupancies found: C1 in GOL A 507.
2022-11-08 13:37:42,908 WARNING:main.py:418:setup_molecule:Multiple occupancies found: O1 in GOL A 507.
2022-11-08 13:37:42,908 WARNING:main.py:418:setup_molecule:Multiple occupancies found: C2 in GOL A 507.
2022-11-08 13:37:42,909 WARNING:main.py:418:setup_molecule:Multiple occupancies found: O2 in GOL A 507.
2022-11-08 13:37:42,909 WARNING:main.py:418:setup_molecule:Multiple occupancies found: C3 in GOL A 507.
2022-11-08 13:37:42,909 WARNING:main.py:418:setup_molecule:Multiple occupancies found: O3 in GOL A 507.
2022-11-08 13:37:42,909 WARNING:main.py:424:setup_molecule:Multiple occupancies found in GOL A 507. At least one of the instances is being ignored.
2022-11-08 13:37:42,924 WARNING:biomolecule.py:600:update_bonds:Gap in backbone detected between LYS A 56 and LYS A 58!
2022-11-08 13:37:42,925 WARNING:biomolecule.py:600:update_bonds:Gap in backbone detected between CYS A 93 and ARG A 96!
2022-11-08 13:37:42,961 WARNING:biomolecule.py:157:num_missing_heavy:Missing atom CG in residue ARG A 25
2022-11-08 13:37:42,961 WARNING:biomolecule.py:157:num_missing_heavy:Missing atom CD in residue ARG A 25
2022-11-08 13:37:42,961 WARNING:biomolecule.py:157:num_missing_heavy:Missing atom NE in residue ARG A 25
2022-11-08 13:37:42,961 WARNING:biomolecule.py:157:num_missing_heavy:Missing atom CZ in residue ARG A 25
2022-11-08 13:37:42,961 WARNING:biomolecule.py:157:num_missing_heavy:Missing atom NH1 in residue ARG A 25
2022-11-08 13:37:42,961 WARNING:biomolecule.py:157:num_missing_heavy:Missing atom NH2 in residue ARG A 25
2022-11-08 13:37:42,962 WARNING:biomolecule.py:157:num_missing_heavy:Missing atom CD in residue LYS A 42
2022-11-08 13:37:42,962 WARNING:biomolecule.py:157:num_missing_heavy:Missing atom CE in residue LYS A 42
2022-11-08 13:37:42,962 WARNING:biomolecule.py:157:num_missing_heavy:Missing atom NZ in residue LYS A 42
2022-11-08 13:37:42,962 WARNING:biomolecule.py:157:num_missing_heavy:Missing atom CG in residue LYS A 56
2022-11-08 13:37:42,962 WARNING:biomolecule.py:157:num_missing_heavy:Missing atom CD in residue LYS A 56
2022-11-08 13:37:42,962 WARNING:biomolecule.py:157:num_missing_heavy:Missing atom CE in residue LYS A 56
2022-11-08 13:37:42,963 WARNING:biomolecule.py:157:num_missing_heavy:Missing atom NZ in residue LYS A 56
2022-11-08 13:37:42,963 WARNING:biomolecule.py:157:num_missing_heavy:Missing atom CG in residue LYS A 58
2022-11-08 13:37:42,963 WARNING:biomolecule.py:157:num_missing_heavy:Missing atom CD in residue LYS A 58
2022-11-08 13:37:42,963 WARNING:biomolecule.py:157:num_missing_heavy:Missing atom CE in residue LYS A 58
2022-11-08 13:37:42,963 WARNING:biomolecule.py:157:num_missing_heavy:Missing atom NZ in residue LYS A 58
2022-11-08 13:37:42,963 WARNING:biomolecule.py:157:num_missing_heavy:Missing atom CG in residue GLN A 64
2022-11-08 13:37:42,963 WARNING:biomolecule.py:157:num_missing_heavy:Missing atom CD in residue GLN A 64
2022-11-08 13:37:42,963 WARNING:biomolecule.py:157:num_missing_heavy:Missing atom OE1 in residue GLN A 64
2022-11-08 13:37:42,964 WARNING:biomolecule.py:157:num_missing_heavy:Missing atom NE2 in residue GLN A 64
2022-11-08 13:37:42,964 WARNING:biomolecule.py:157:num_missing_heavy:Missing atom NZ in residue LYS A 74
2022-11-08 13:37:42,964 WARNING:biomolecule.py:157:num_missing_heavy:Missing atom CE in residue LYS A 78
2022-11-08 13:37:42,964 WARNING:biomolecule.py:157:num_missing_heavy:Missing atom NZ in residue LYS A 78
2022-11-08 13:37:42,964 WARNING:biomolecule.py:157:num_missing_heavy:Missing atom CE in residue LYS A 84
2022-11-08 13:37:42,964 WARNING:biomolecule.py:157:num_missing_heavy:Missing atom NZ in residue LYS A 84
2022-11-08 13:37:42,964 WARNING:biomolecule.py:157:num_missing_heavy:Missing atom CG in residue LYS A 88
2022-11-08 13:37:42,965 WARNING:biomolecule.py:157:num_missing_heavy:Missing atom CD in residue LYS A 88
2022-11-08 13:37:42,965 WARNING:biomolecule.py:157:num_missing_heavy:Missing atom CE in residue LYS A 88
2022-11-08 13:37:42,965 WARNING:biomolecule.py:157:num_missing_heavy:Missing atom NZ in residue LYS A 88
2022-11-08 13:37:42,965 WARNING:biomolecule.py:157:num_missing_heavy:Missing atom CG in residue LYS A 91
2022-11-08 13:37:42,965 WARNING:biomolecule.py:157:num_missing_heavy:Missing atom CD in residue LYS A 91
2022-11-08 13:37:42,965 WARNING:biomolecule.py:157:num_missing_heavy:Missing atom CE in residue LYS A 91
2022-11-08 13:37:42,965 WARNING:biomolecule.py:157:num_missing_heavy:Missing atom NZ in residue LYS A 91
2022-11-08 13:37:42,965 WARNING:biomolecule.py:157:num_missing_heavy:Missing atom OG in residue SER A 92
2022-11-08 13:37:42,966 WARNING:biomolecule.py:157:num_missing_heavy:Missing atom CG in residue ARG A 96
2022-11-08 13:37:42,966 WARNING:biomolecule.py:157:num_missing_heavy:Missing atom CD in residue ARG A 96
2022-11-08 13:37:42,966 WARNING:biomolecule.py:157:num_missing_heavy:Missing atom NE in residue ARG A 96
2022-11-08 13:37:42,966 WARNING:biomolecule.py:157:num_missing_heavy:Missing atom CZ in residue ARG A 96
2022-11-08 13:37:42,966 WARNING:biomolecule.py:157:num_missing_heavy:Missing atom NH1 in residue ARG A 96
2022-11-08 13:37:42,966 WARNING:biomolecule.py:157:num_missing_heavy:Missing atom NH2 in residue ARG A 96
2022-11-08 13:37:42,967 WARNING:biomolecule.py:157:num_missing_heavy:Missing atom CD in residue ARG A 156
2022-11-08 13:37:42,967 WARNING:biomolecule.py:157:num_missing_heavy:Missing atom NE in residue ARG A 156
2022-11-08 13:37:42,967 WARNING:biomolecule.py:157:num_missing_heavy:Missing atom CZ in residue ARG A 156
2022-11-08 13:37:42,967 WARNING:biomolecule.py:157:num_missing_heavy:Missing atom NH1 in residue ARG A 156
2022-11-08 13:37:42,967 WARNING:biomolecule.py:157:num_missing_heavy:Missing atom NH2 in residue ARG A 156
2022-11-08 13:37:42,967 WARNING:biomolecule.py:157:num_missing_heavy:Missing atom CG in residue ASP A 161
2022-11-08 13:37:42,967 WARNING:biomolecule.py:157:num_missing_heavy:Missing atom OD1 in residue ASP A 161
2022-11-08 13:37:42,968 WARNING:biomolecule.py:157:num_missing_heavy:Missing atom OD2 in residue ASP A 161
2022-11-08 13:37:42,968 WARNING:biomolecule.py:157:num_missing_heavy:Missing atom CE in residue LYS A 284
2022-11-08 13:37:42,969 WARNING:biomolecule.py:157:num_missing_heavy:Missing atom NZ in residue LYS A 284
2022-11-08 13:37:42,969 WARNING:biomolecule.py:157:num_missing_heavy:Missing atom CD in residue LYS A 292
2022-11-08 13:37:42,969 WARNING:biomolecule.py:157:num_missing_heavy:Missing atom CE in residue LYS A 292
2022-11-08 13:37:42,969 WARNING:biomolecule.py:157:num_missing_heavy:Missing atom NZ in residue LYS A 292
2022-11-08 13:37:42,969 WARNING:biomolecule.py:157:num_missing_heavy:Missing atom CE in residue LYS A 301
2022-11-08 13:37:42,969 WARNING:biomolecule.py:157:num_missing_heavy:Missing atom NZ in residue LYS A 301
2022-11-08 13:37:42,970 WARNING:biomolecule.py:157:num_missing_heavy:Missing atom CD in residue GLN A 383
2022-11-08 13:37:42,970 WARNING:biomolecule.py:157:num_missing_heavy:Missing atom OE1 in residue GLN A 383
2022-11-08 13:37:42,970 WARNING:biomolecule.py:157:num_missing_heavy:Missing atom NE2 in residue GLN A 383
2022-11-08 13:37:42,970 WARNING:biomolecule.py:157:num_missing_heavy:Missing atom NZ in residue LYS A 391
2022-11-08 13:37:42,971 WARNING:biomolecule.py:157:num_missing_heavy:Missing atom CG in residue ARG A 406
2022-11-08 13:37:42,971 WARNING:biomolecule.py:157:num_missing_heavy:Missing atom CD in residue ARG A 406
2022-11-08 13:37:42,971 WARNING:biomolecule.py:157:num_missing_heavy:Missing atom NE in residue ARG A 406
2022-11-08 13:37:42,971 WARNING:biomolecule.py:157:num_missing_heavy:Missing atom CZ in residue ARG A 406
2022-11-08 13:37:42,971 WARNING:biomolecule.py:157:num_missing_heavy:Missing atom NH1 in residue ARG A 406
2022-11-08 13:37:42,971 WARNING:biomolecule.py:157:num_missing_heavy:Missing atom NH2 in residue ARG A 406
2022-11-08 13:37:42,971 WARNING:biomolecule.py:157:num_missing_heavy:Missing atom CD in residue ARG A 426
2022-11-08 13:37:42,971 WARNING:biomolecule.py:157:num_missing_heavy:Missing atom NE in residue ARG A 426
2022-11-08 13:37:42,972 WARNING:biomolecule.py:157:num_missing_heavy:Missing atom CZ in residue ARG A 426
2022-11-08 13:37:42,972 WARNING:biomolecule.py:157:num_missing_heavy:Missing atom NH1 in residue ARG A 426
2022-11-08 13:37:42,972 WARNING:biomolecule.py:157:num_missing_heavy:Missing atom NH2 in residue ARG A 426
2022-11-08 13:37:42,972 WARNING:biomolecule.py:157:num_missing_heavy:Missing atom CG in residue ARG A 25
2022-11-08 13:37:42,972 WARNING:biomolecule.py:157:num_missing_heavy:Missing atom CD in residue ARG A 25
2022-11-08 13:37:42,972 WARNING:biomolecule.py:157:num_missing_heavy:Missing atom NE in residue ARG A 25
2022-11-08 13:37:42,972 WARNING:biomolecule.py:157:num_missing_heavy:Missing atom CZ in residue ARG A 25
2022-11-08 13:37:42,973 WARNING:biomolecule.py:157:num_missing_heavy:Missing atom NH1 in residue ARG A 25
2022-11-08 13:37:42,973 WARNING:biomolecule.py:157:num_missing_heavy:Missing atom NH2 in residue ARG A 25
2022-11-08 13:37:42,973 WARNING:biomolecule.py:157:num_missing_heavy:Missing atom CD in residue LYS A 42
2022-11-08 13:37:42,973 WARNING:biomolecule.py:157:num_missing_heavy:Missing atom CE in residue LYS A 42
2022-11-08 13:37:42,973 WARNING:biomolecule.py:157:num_missing_heavy:Missing atom NZ in residue LYS A 42
2022-11-08 13:37:42,973 WARNING:biomolecule.py:157:num_missing_heavy:Missing atom CG in residue LYS A 56
2022-11-08 13:37:42,973 WARNING:biomolecule.py:157:num_missing_heavy:Missing atom CD in residue LYS A 56
2022-11-08 13:37:42,974 WARNING:biomolecule.py:157:num_missing_heavy:Missing atom CE in residue LYS A 56
2022-11-08 13:37:42,974 WARNING:biomolecule.py:157:num_missing_heavy:Missing atom NZ in residue LYS A 56
2022-11-08 13:37:42,974 WARNING:biomolecule.py:157:num_missing_heavy:Missing atom CG in residue LYS A 58
2022-11-08 13:37:42,974 WARNING:biomolecule.py:157:num_missing_heavy:Missing atom CD in residue LYS A 58
2022-11-08 13:37:42,974 WARNING:biomolecule.py:157:num_missing_heavy:Missing atom CE in residue LYS A 58
2022-11-08 13:37:42,974 WARNING:biomolecule.py:157:num_missing_heavy:Missing atom NZ in residue LYS A 58
2022-11-08 13:37:42,974 WARNING:biomolecule.py:157:num_missing_heavy:Missing atom CG in residue GLN A 64
2022-11-08 13:37:42,974 WARNING:biomolecule.py:157:num_missing_heavy:Missing atom CD in residue GLN A 64
2022-11-08 13:37:42,975 WARNING:biomolecule.py:157:num_missing_heavy:Missing atom OE1 in residue GLN A 64
2022-11-08 13:37:42,975 WARNING:biomolecule.py:157:num_missing_heavy:Missing atom NE2 in residue GLN A 64
2022-11-08 13:37:42,975 WARNING:biomolecule.py:157:num_missing_heavy:Missing atom NZ in residue LYS A 74
2022-11-08 13:37:42,975 WARNING:biomolecule.py:157:num_missing_heavy:Missing atom CE in residue LYS A 78
2022-11-08 13:37:42,975 WARNING:biomolecule.py:157:num_missing_heavy:Missing atom NZ in residue LYS A 78
2022-11-08 13:37:42,975 WARNING:biomolecule.py:157:num_missing_heavy:Missing atom CE in residue LYS A 84
2022-11-08 13:37:42,975 WARNING:biomolecule.py:157:num_missing_heavy:Missing atom NZ in residue LYS A 84
2022-11-08 13:37:42,976 WARNING:biomolecule.py:157:num_missing_heavy:Missing atom CG in residue LYS A 88
2022-11-08 13:37:42,976 WARNING:biomolecule.py:157:num_missing_heavy:Missing atom CD in residue LYS A 88
2022-11-08 13:37:42,976 WARNING:biomolecule.py:157:num_missing_heavy:Missing atom CE in residue LYS A 88
2022-11-08 13:37:42,976 WARNING:biomolecule.py:157:num_missing_heavy:Missing atom NZ in residue LYS A 88
2022-11-08 13:37:42,976 WARNING:biomolecule.py:157:num_missing_heavy:Missing atom CG in residue LYS A 91
2022-11-08 13:37:42,976 WARNING:biomolecule.py:157:num_missing_heavy:Missing atom CD in residue LYS A 91
2022-11-08 13:37:42,976 WARNING:biomolecule.py:157:num_missing_heavy:Missing atom CE in residue LYS A 91
2022-11-08 13:37:42,976 WARNING:biomolecule.py:157:num_missing_heavy:Missing atom NZ in residue LYS A 91
2022-11-08 13:37:42,977 WARNING:biomolecule.py:157:num_missing_heavy:Missing atom OG in residue SER A 92
2022-11-08 13:37:42,977 WARNING:biomolecule.py:157:num_missing_heavy:Missing atom CG in residue ARG A 96
2022-11-08 13:37:42,977 WARNING:biomolecule.py:157:num_missing_heavy:Missing atom CD in residue ARG A 96
2022-11-08 13:37:42,977 WARNING:biomolecule.py:157:num_missing_heavy:Missing atom NE in residue ARG A 96
2022-11-08 13:37:42,977 WARNING:biomolecule.py:157:num_missing_heavy:Missing atom CZ in residue ARG A 96
2022-11-08 13:37:42,977 WARNING:biomolecule.py:157:num_missing_heavy:Missing atom NH1 in residue ARG A 96
2022-11-08 13:37:42,977 WARNING:biomolecule.py:157:num_missing_heavy:Missing atom NH2 in residue ARG A 96
2022-11-08 13:37:42,978 WARNING:biomolecule.py:157:num_missing_heavy:Missing atom CD in residue ARG A 156
2022-11-08 13:37:42,978 WARNING:biomolecule.py:157:num_missing_heavy:Missing atom NE in residue ARG A 156
2022-11-08 13:37:42,978 WARNING:biomolecule.py:157:num_missing_heavy:Missing atom CZ in residue ARG A 156
2022-11-08 13:37:42,978 WARNING:biomolecule.py:157:num_missing_heavy:Missing atom NH1 in residue ARG A 156
2022-11-08 13:37:42,978 WARNING:biomolecule.py:157:num_missing_heavy:Missing atom NH2 in residue ARG A 156
2022-11-08 13:37:42,978 WARNING:biomolecule.py:157:num_missing_heavy:Missing atom CG in residue ASP A 161
2022-11-08 13:37:42,979 WARNING:biomolecule.py:157:num_missing_heavy:Missing atom OD1 in residue ASP A 161
2022-11-08 13:37:42,979 WARNING:biomolecule.py:157:num_missing_heavy:Missing atom OD2 in residue ASP A 161
2022-11-08 13:37:42,980 WARNING:biomolecule.py:157:num_missing_heavy:Missing atom CE in residue LYS A 284
2022-11-08 13:37:42,980 WARNING:biomolecule.py:157:num_missing_heavy:Missing atom NZ in residue LYS A 284
2022-11-08 13:37:42,980 WARNING:biomolecule.py:157:num_missing_heavy:Missing atom CD in residue LYS A 292
2022-11-08 13:37:42,980 WARNING:biomolecule.py:157:num_missing_heavy:Missing atom CE in residue LYS A 292
2022-11-08 13:37:42,980 WARNING:biomolecule.py:157:num_missing_heavy:Missing atom NZ in residue LYS A 292
2022-11-08 13:37:42,980 WARNING:biomolecule.py:157:num_missing_heavy:Missing atom CE in residue LYS A 301
2022-11-08 13:37:42,980 WARNING:biomolecule.py:157:num_missing_heavy:Missing atom NZ in residue LYS A 301
2022-11-08 13:37:42,981 WARNING:biomolecule.py:157:num_missing_heavy:Missing atom CD in residue GLN A 383
2022-11-08 13:37:42,981 WARNING:biomolecule.py:157:num_missing_heavy:Missing atom OE1 in residue GLN A 383
2022-11-08 13:37:42,981 WARNING:biomolecule.py:157:num_missing_heavy:Missing atom NE2 in residue GLN A 383
2022-11-08 13:37:42,981 WARNING:biomolecule.py:157:num_missing_heavy:Missing atom NZ in residue LYS A 391
2022-11-08 13:37:42,982 WARNING:biomolecule.py:157:num_missing_heavy:Missing atom CG in residue ARG A 406
2022-11-08 13:37:42,982 WARNING:biomolecule.py:157:num_missing_heavy:Missing atom CD in residue ARG A 406
2022-11-08 13:37:42,982 WARNING:biomolecule.py:157:num_missing_heavy:Missing atom NE in residue ARG A 406
2022-11-08 13:37:42,982 WARNING:biomolecule.py:157:num_missing_heavy:Missing atom CZ in residue ARG A 406
2022-11-08 13:37:42,982 WARNING:biomolecule.py:157:num_missing_heavy:Missing atom NH1 in residue ARG A 406
2022-11-08 13:37:42,982 WARNING:biomolecule.py:157:num_missing_heavy:Missing atom NH2 in residue ARG A 406
2022-11-08 13:37:42,982 WARNING:biomolecule.py:157:num_missing_heavy:Missing atom CD in residue ARG A 426
2022-11-08 13:37:42,983 WARNING:biomolecule.py:157:num_missing_heavy:Missing atom NE in residue ARG A 426
2022-11-08 13:37:42,983 WARNING:biomolecule.py:157:num_missing_heavy:Missing atom CZ in residue ARG A 426
2022-11-08 13:37:42,983 WARNING:biomolecule.py:157:num_missing_heavy:Missing atom NH1 in residue ARG A 426
2022-11-08 13:37:42,983 WARNING:biomolecule.py:157:num_missing_heavy:Missing atom NH2 in residue ARG A 426
2022-11-08 13:37:42,983 WARNING:biomolecule.py:157:num_missing_heavy:Missing atom CG in residue ARG A 25
2022-11-08 13:37:42,983 WARNING:biomolecule.py:157:num_missing_heavy:Missing atom CD in residue ARG A 25
2022-11-08 13:37:42,984 WARNING:biomolecule.py:157:num_missing_heavy:Missing atom NE in residue ARG A 25
2022-11-08 13:37:42,984 WARNING:biomolecule.py:157:num_missing_heavy:Missing atom CZ in residue ARG A 25
2022-11-08 13:37:42,984 WARNING:biomolecule.py:157:num_missing_heavy:Missing atom NH1 in residue ARG A 25
2022-11-08 13:37:42,984 WARNING:biomolecule.py:157:num_missing_heavy:Missing atom NH2 in residue ARG A 25
2022-11-08 13:37:42,984 WARNING:biomolecule.py:157:num_missing_heavy:Missing atom CD in residue LYS A 42
2022-11-08 13:37:42,984 WARNING:biomolecule.py:157:num_missing_heavy:Missing atom CE in residue LYS A 42
2022-11-08 13:37:42,984 WARNING:biomolecule.py:157:num_missing_heavy:Missing atom NZ in residue LYS A 42
2022-11-08 13:37:42,985 WARNING:biomolecule.py:157:num_missing_heavy:Missing atom CG in residue LYS A 56
2022-11-08 13:37:42,985 WARNING:biomolecule.py:157:num_missing_heavy:Missing atom CD in residue LYS A 56
2022-11-08 13:37:42,985 WARNING:biomolecule.py:157:num_missing_heavy:Missing atom CE in residue LYS A 56
2022-11-08 13:37:42,985 WARNING:biomolecule.py:157:num_missing_heavy:Missing atom NZ in residue LYS A 56
2022-11-08 13:37:42,985 WARNING:biomolecule.py:157:num_missing_heavy:Missing atom CG in residue LYS A 58
2022-11-08 13:37:42,985 WARNING:biomolecule.py:157:num_missing_heavy:Missing atom CD in residue LYS A 58
2022-11-08 13:37:42,985 WARNING:biomolecule.py:157:num_missing_heavy:Missing atom CE in residue LYS A 58
2022-11-08 13:37:42,985 WARNING:biomolecule.py:157:num_missing_heavy:Missing atom NZ in residue LYS A 58
2022-11-08 13:37:42,986 WARNING:biomolecule.py:157:num_missing_heavy:Missing atom CG in residue GLN A 64
2022-11-08 13:37:42,986 WARNING:biomolecule.py:157:num_missing_heavy:Missing atom CD in residue GLN A 64
2022-11-08 13:37:42,986 WARNING:biomolecule.py:157:num_missing_heavy:Missing atom OE1 in residue GLN A 64
2022-11-08 13:37:42,986 WARNING:biomolecule.py:157:num_missing_heavy:Missing atom NE2 in residue GLN A 64
2022-11-08 13:37:42,986 WARNING:biomolecule.py:157:num_missing_heavy:Missing atom NZ in residue LYS A 74
2022-11-08 13:37:42,986 WARNING:biomolecule.py:157:num_missing_heavy:Missing atom CE in residue LYS A 78
2022-11-08 13:37:42,986 WARNING:biomolecule.py:157:num_missing_heavy:Missing atom NZ in residue LYS A 78
2022-11-08 13:37:42,986 WARNING:biomolecule.py:157:num_missing_heavy:Missing atom CE in residue LYS A 84
2022-11-08 13:37:42,987 WARNING:biomolecule.py:157:num_missing_heavy:Missing atom NZ in residue LYS A 84
2022-11-08 13:37:42,987 WARNING:biomolecule.py:157:num_missing_heavy:Missing atom CG in residue LYS A 88
2022-11-08 13:37:42,987 WARNING:biomolecule.py:157:num_missing_heavy:Missing atom CD in residue LYS A 88
2022-11-08 13:37:42,987 WARNING:biomolecule.py:157:num_missing_heavy:Missing atom CE in residue LYS A 88
2022-11-08 13:37:42,987 WARNING:biomolecule.py:157:num_missing_heavy:Missing atom NZ in residue LYS A 88
2022-11-08 13:37:42,987 WARNING:biomolecule.py:157:num_missing_heavy:Missing atom CG in residue LYS A 91
2022-11-08 13:37:42,987 WARNING:biomolecule.py:157:num_missing_heavy:Missing atom CD in residue LYS A 91
2022-11-08 13:37:42,987 WARNING:biomolecule.py:157:num_missing_heavy:Missing atom CE in residue LYS A 91
2022-11-08 13:37:42,988 WARNING:biomolecule.py:157:num_missing_heavy:Missing atom NZ in residue LYS A 91
2022-11-08 13:37:42,988 WARNING:biomolecule.py:157:num_missing_heavy:Missing atom OG in residue SER A 92
2022-11-08 13:37:42,988 WARNING:biomolecule.py:157:num_missing_heavy:Missing atom CG in residue ARG A 96
2022-11-08 13:37:42,988 WARNING:biomolecule.py:157:num_missing_heavy:Missing atom CD in residue ARG A 96
2022-11-08 13:37:42,988 WARNING:biomolecule.py:157:num_missing_heavy:Missing atom NE in residue ARG A 96
2022-11-08 13:37:42,988 WARNING:biomolecule.py:157:num_missing_heavy:Missing atom CZ in residue ARG A 96
2022-11-08 13:37:42,988 WARNING:biomolecule.py:157:num_missing_heavy:Missing atom NH1 in residue ARG A 96
2022-11-08 13:37:42,988 WARNING:biomolecule.py:157:num_missing_heavy:Missing atom NH2 in residue ARG A 96
2022-11-08 13:37:42,989 WARNING:biomolecule.py:157:num_missing_heavy:Missing atom CD in residue ARG A 156
2022-11-08 13:37:42,989 WARNING:biomolecule.py:157:num_missing_heavy:Missing atom NE in residue ARG A 156
2022-11-08 13:37:42,989 WARNING:biomolecule.py:157:num_missing_heavy:Missing atom CZ in residue ARG A 156
2022-11-08 13:37:42,989 WARNING:biomolecule.py:157:num_missing_heavy:Missing atom NH1 in residue ARG A 156
2022-11-08 13:37:42,989 WARNING:biomolecule.py:157:num_missing_heavy:Missing atom NH2 in residue ARG A 156
2022-11-08 13:37:42,990 WARNING:biomolecule.py:157:num_missing_heavy:Missing atom CG in residue ASP A 161
2022-11-08 13:37:42,990 WARNING:biomolecule.py:157:num_missing_heavy:Missing atom OD1 in residue ASP A 161
2022-11-08 13:37:42,990 WARNING:biomolecule.py:157:num_missing_heavy:Missing atom OD2 in residue ASP A 161
2022-11-08 13:37:42,991 WARNING:biomolecule.py:157:num_missing_heavy:Missing atom CE in residue LYS A 284
2022-11-08 13:37:42,991 WARNING:biomolecule.py:157:num_missing_heavy:Missing atom NZ in residue LYS A 284
2022-11-08 13:37:42,991 WARNING:biomolecule.py:157:num_missing_heavy:Missing atom CD in residue LYS A 292
2022-11-08 13:37:42,991 WARNING:biomolecule.py:157:num_missing_heavy:Missing atom CE in residue LYS A 292
2022-11-08 13:37:42,991 WARNING:biomolecule.py:157:num_missing_heavy:Missing atom NZ in residue LYS A 292
2022-11-08 13:37:42,991 WARNING:biomolecule.py:157:num_missing_heavy:Missing atom CE in residue LYS A 301
2022-11-08 13:37:42,991 WARNING:biomolecule.py:157:num_missing_heavy:Missing atom NZ in residue LYS A 301
2022-11-08 13:37:42,992 WARNING:biomolecule.py:157:num_missing_heavy:Missing atom CD in residue GLN A 383
2022-11-08 13:37:42,992 WARNING:biomolecule.py:157:num_missing_heavy:Missing atom OE1 in residue GLN A 383
2022-11-08 13:37:42,992 WARNING:biomolecule.py:157:num_missing_heavy:Missing atom NE2 in residue GLN A 383
2022-11-08 13:37:42,993 WARNING:biomolecule.py:157:num_missing_heavy:Missing atom NZ in residue LYS A 391
2022-11-08 13:37:42,993 WARNING:biomolecule.py:157:num_missing_heavy:Missing atom CG in residue ARG A 406
2022-11-08 13:37:42,993 WARNING:biomolecule.py:157:num_missing_heavy:Missing atom CD in residue ARG A 406
2022-11-08 13:37:42,993 WARNING:biomolecule.py:157:num_missing_heavy:Missing atom NE in residue ARG A 406
2022-11-08 13:37:42,993 WARNING:biomolecule.py:157:num_missing_heavy:Missing atom CZ in residue ARG A 406
2022-11-08 13:37:42,993 WARNING:biomolecule.py:157:num_missing_heavy:Missing atom NH1 in residue ARG A 406
2022-11-08 13:37:42,993 WARNING:biomolecule.py:157:num_missing_heavy:Missing atom NH2 in residue ARG A 406
2022-11-08 13:37:42,994 WARNING:biomolecule.py:157:num_missing_heavy:Missing atom CD in residue ARG A 426
2022-11-08 13:37:42,994 WARNING:biomolecule.py:157:num_missing_heavy:Missing atom NE in residue ARG A 426
2022-11-08 13:37:42,994 WARNING:biomolecule.py:157:num_missing_heavy:Missing atom CZ in residue ARG A 426
2022-11-08 13:37:42,994 WARNING:biomolecule.py:157:num_missing_heavy:Missing atom NH1 in residue ARG A 426
2022-11-08 13:37:42,994 WARNING:biomolecule.py:157:num_missing_heavy:Missing atom NH2 in residue ARG A 426
2022-11-08 13:37:49,001 WARNING:main.py:311:print_pqr:Ignoring 3237 header lines in output.
2022-11-08 13:37:49,001 WARNING:main.py:315:print_pqr:Ignoring 72 missing lines in output.
