2022-11-08 13:31:20,675 WARNING:biomolecule.py:966:create_residue:Unable to find amino or nucleic acid definition for SAM.  Parsing as new residue.
2022-11-08 13:31:20,676 WARNING:biomolecule.py:966:create_residue:Unable to find amino or nucleic acid definition for 5LP.  Parsing as new residue.
2022-11-08 13:31:20,677 WARNING:main.py:418:setup_molecule:Multiple occupancies found: N in MET A 203.
2022-11-08 13:31:20,677 WARNING:main.py:418:setup_molecule:Multiple occupancies found: CA in MET A 203.
2022-11-08 13:31:20,678 WARNING:main.py:418:setup_molecule:Multiple occupancies found: C in MET A 203.
2022-11-08 13:31:20,678 WARNING:main.py:418:setup_molecule:Multiple occupancies found: O in MET A 203.
2022-11-08 13:31:20,678 WARNING:main.py:418:setup_molecule:Multiple occupancies found: CB in MET A 203.
2022-11-08 13:31:20,678 WARNING:main.py:418:setup_molecule:Multiple occupancies found: CG in MET A 203.
2022-11-08 13:31:20,678 WARNING:main.py:418:setup_molecule:Multiple occupancies found: SD in MET A 203.
2022-11-08 13:31:20,678 WARNING:main.py:418:setup_molecule:Multiple occupancies found: CE in MET A 203.
2022-11-08 13:31:20,678 WARNING:main.py:424:setup_molecule:Multiple occupancies found in MET A 203. At least one of the instances is being ignored.
2022-11-08 13:31:20,678 WARNING:main.py:418:setup_molecule:Multiple occupancies found: N in MET A 233.
2022-11-08 13:31:20,679 WARNING:main.py:418:setup_molecule:Multiple occupancies found: CA in MET A 233.
2022-11-08 13:31:20,679 WARNING:main.py:418:setup_molecule:Multiple occupancies found: C in MET A 233.
2022-11-08 13:31:20,679 WARNING:main.py:418:setup_molecule:Multiple occupancies found: O in MET A 233.
2022-11-08 13:31:20,679 WARNING:main.py:418:setup_molecule:Multiple occupancies found: CB in MET A 233.
2022-11-08 13:31:20,679 WARNING:main.py:418:setup_molecule:Multiple occupancies found: CG in MET A 233.
2022-11-08 13:31:20,679 WARNING:main.py:418:setup_molecule:Multiple occupancies found: SD in MET A 233.
2022-11-08 13:31:20,679 WARNING:main.py:418:setup_molecule:Multiple occupancies found: CE in MET A 233.
2022-11-08 13:31:20,679 WARNING:main.py:424:setup_molecule:Multiple occupancies found in MET A 233. At least one of the instances is being ignored.
2022-11-08 13:31:20,722 WARNING:biomolecule.py:157:num_missing_heavy:Missing atom CD in residue LYS A 15
2022-11-08 13:31:20,722 WARNING:biomolecule.py:157:num_missing_heavy:Missing atom CE in residue LYS A 15
2022-11-08 13:31:20,722 WARNING:biomolecule.py:157:num_missing_heavy:Missing atom NZ in residue LYS A 15
2022-11-08 13:31:20,723 WARNING:biomolecule.py:157:num_missing_heavy:Missing atom CD in residue GLU A 40
2022-11-08 13:31:20,723 WARNING:biomolecule.py:157:num_missing_heavy:Missing atom OE1 in residue GLU A 40
2022-11-08 13:31:20,723 WARNING:biomolecule.py:157:num_missing_heavy:Missing atom OE2 in residue GLU A 40
2022-11-08 13:31:20,723 WARNING:biomolecule.py:157:num_missing_heavy:Missing atom CD in residue LYS A 46
2022-11-08 13:31:20,723 WARNING:biomolecule.py:157:num_missing_heavy:Missing atom CE in residue LYS A 46
2022-11-08 13:31:20,723 WARNING:biomolecule.py:157:num_missing_heavy:Missing atom NZ in residue LYS A 46
2022-11-08 13:31:20,724 WARNING:biomolecule.py:157:num_missing_heavy:Missing atom CE in residue LYS A 95
2022-11-08 13:31:20,724 WARNING:biomolecule.py:157:num_missing_heavy:Missing atom NZ in residue LYS A 95
2022-11-08 13:31:20,724 WARNING:biomolecule.py:157:num_missing_heavy:Missing atom CE in residue LYS A 125
2022-11-08 13:31:20,725 WARNING:biomolecule.py:157:num_missing_heavy:Missing atom NZ in residue LYS A 125
2022-11-08 13:31:20,725 WARNING:biomolecule.py:157:num_missing_heavy:Missing atom CD in residue GLU A 149
2022-11-08 13:31:20,725 WARNING:biomolecule.py:157:num_missing_heavy:Missing atom OE1 in residue GLU A 149
2022-11-08 13:31:20,725 WARNING:biomolecule.py:157:num_missing_heavy:Missing atom OE2 in residue GLU A 149
2022-11-08 13:31:20,726 WARNING:biomolecule.py:157:num_missing_heavy:Missing atom CD in residue GLU A 191
2022-11-08 13:31:20,726 WARNING:biomolecule.py:157:num_missing_heavy:Missing atom OE1 in residue GLU A 191
2022-11-08 13:31:20,726 WARNING:biomolecule.py:157:num_missing_heavy:Missing atom OE2 in residue GLU A 191
2022-11-08 13:31:20,727 WARNING:biomolecule.py:157:num_missing_heavy:Missing atom CE in residue LYS A 253
2022-11-08 13:31:20,727 WARNING:biomolecule.py:157:num_missing_heavy:Missing atom NZ in residue LYS A 253
2022-11-08 13:31:20,727 WARNING:biomolecule.py:157:num_missing_heavy:Missing atom OXT in residue ARG A 262
2022-11-08 13:31:20,727 WARNING:biomolecule.py:157:num_missing_heavy:Missing atom CD in residue LYS A 15
2022-11-08 13:31:20,728 WARNING:biomolecule.py:157:num_missing_heavy:Missing atom CE in residue LYS A 15
2022-11-08 13:31:20,728 WARNING:biomolecule.py:157:num_missing_heavy:Missing atom NZ in residue LYS A 15
2022-11-08 13:31:20,728 WARNING:biomolecule.py:157:num_missing_heavy:Missing atom CD in residue GLU A 40
2022-11-08 13:31:20,728 WARNING:biomolecule.py:157:num_missing_heavy:Missing atom OE1 in residue GLU A 40
2022-11-08 13:31:20,728 WARNING:biomolecule.py:157:num_missing_heavy:Missing atom OE2 in residue GLU A 40
2022-11-08 13:31:20,728 WARNING:biomolecule.py:157:num_missing_heavy:Missing atom CD in residue LYS A 46
2022-11-08 13:31:20,729 WARNING:biomolecule.py:157:num_missing_heavy:Missing atom CE in residue LYS A 46
2022-11-08 13:31:20,729 WARNING:biomolecule.py:157:num_missing_heavy:Missing atom NZ in residue LYS A 46
2022-11-08 13:31:20,729 WARNING:biomolecule.py:157:num_missing_heavy:Missing atom CE in residue LYS A 95
2022-11-08 13:31:20,729 WARNING:biomolecule.py:157:num_missing_heavy:Missing atom NZ in residue LYS A 95
2022-11-08 13:31:20,730 WARNING:biomolecule.py:157:num_missing_heavy:Missing atom CE in residue LYS A 125
2022-11-08 13:31:20,730 WARNING:biomolecule.py:157:num_missing_heavy:Missing atom NZ in residue LYS A 125
2022-11-08 13:31:20,730 WARNING:biomolecule.py:157:num_missing_heavy:Missing atom CD in residue GLU A 149
2022-11-08 13:31:20,730 WARNING:biomolecule.py:157:num_missing_heavy:Missing atom OE1 in residue GLU A 149
2022-11-08 13:31:20,730 WARNING:biomolecule.py:157:num_missing_heavy:Missing atom OE2 in residue GLU A 149
2022-11-08 13:31:20,731 WARNING:biomolecule.py:157:num_missing_heavy:Missing atom CD in residue GLU A 191
2022-11-08 13:31:20,731 WARNING:biomolecule.py:157:num_missing_heavy:Missing atom OE1 in residue GLU A 191
2022-11-08 13:31:20,731 WARNING:biomolecule.py:157:num_missing_heavy:Missing atom OE2 in residue GLU A 191
2022-11-08 13:31:20,732 WARNING:biomolecule.py:157:num_missing_heavy:Missing atom CE in residue LYS A 253
2022-11-08 13:31:20,732 WARNING:biomolecule.py:157:num_missing_heavy:Missing atom NZ in residue LYS A 253
2022-11-08 13:31:20,732 WARNING:biomolecule.py:157:num_missing_heavy:Missing atom OXT in residue ARG A 262
2022-11-08 13:31:20,732 WARNING:biomolecule.py:157:num_missing_heavy:Missing atom CD in residue LYS A 15
2022-11-08 13:31:20,732 WARNING:biomolecule.py:157:num_missing_heavy:Missing atom CE in residue LYS A 15
2022-11-08 13:31:20,732 WARNING:biomolecule.py:157:num_missing_heavy:Missing atom NZ in residue LYS A 15
2022-11-08 13:31:20,733 WARNING:biomolecule.py:157:num_missing_heavy:Missing atom CD in residue GLU A 40
2022-11-08 13:31:20,733 WARNING:biomolecule.py:157:num_missing_heavy:Missing atom OE1 in residue GLU A 40
2022-11-08 13:31:20,733 WARNING:biomolecule.py:157:num_missing_heavy:Missing atom OE2 in residue GLU A 40
2022-11-08 13:31:20,733 WARNING:biomolecule.py:157:num_missing_heavy:Missing atom CD in residue LYS A 46
2022-11-08 13:31:20,733 WARNING:biomolecule.py:157:num_missing_heavy:Missing atom CE in residue LYS A 46
2022-11-08 13:31:20,733 WARNING:biomolecule.py:157:num_missing_heavy:Missing atom NZ in residue LYS A 46
2022-11-08 13:31:20,734 WARNING:biomolecule.py:157:num_missing_heavy:Missing atom CE in residue LYS A 95
2022-11-08 13:31:20,734 WARNING:biomolecule.py:157:num_missing_heavy:Missing atom NZ in residue LYS A 95
2022-11-08 13:31:20,734 WARNING:biomolecule.py:157:num_missing_heavy:Missing atom CE in residue LYS A 125
2022-11-08 13:31:20,734 WARNING:biomolecule.py:157:num_missing_heavy:Missing atom NZ in residue LYS A 125
2022-11-08 13:31:20,735 WARNING:biomolecule.py:157:num_missing_heavy:Missing atom CD in residue GLU A 149
2022-11-08 13:31:20,735 WARNING:biomolecule.py:157:num_missing_heavy:Missing atom OE1 in residue GLU A 149
2022-11-08 13:31:20,735 WARNING:biomolecule.py:157:num_missing_heavy:Missing atom OE2 in residue GLU A 149
2022-11-08 13:31:20,735 WARNING:biomolecule.py:157:num_missing_heavy:Missing atom CD in residue GLU A 191
2022-11-08 13:31:20,736 WARNING:biomolecule.py:157:num_missing_heavy:Missing atom OE1 in residue GLU A 191
2022-11-08 13:31:20,736 WARNING:biomolecule.py:157:num_missing_heavy:Missing atom OE2 in residue GLU A 191
2022-11-08 13:31:20,736 WARNING:biomolecule.py:157:num_missing_heavy:Missing atom CE in residue LYS A 253
2022-11-08 13:31:20,736 WARNING:biomolecule.py:157:num_missing_heavy:Missing atom NZ in residue LYS A 253
2022-11-08 13:31:20,737 WARNING:biomolecule.py:157:num_missing_heavy:Missing atom OXT in residue ARG A 262
2022-11-08 13:31:24,446 WARNING:main.py:311:print_pqr:Ignoring 2458 header lines in output.
2022-11-08 13:31:24,446 WARNING:main.py:315:print_pqr:Ignoring 49 missing lines in output.
