2022-11-08 13:27:07,628 WARNING:biomolecule.py:966:create_residue:Unable to find amino or nucleic acid definition for MG.  Parsing as new residue.
2022-11-08 13:27:07,628 WARNING:biomolecule.py:966:create_residue:Unable to find amino or nucleic acid definition for SAM.  Parsing as new residue.
2022-11-08 13:27:07,629 WARNING:biomolecule.py:966:create_residue:Unable to find amino or nucleic acid definition for DNC.  Parsing as new residue.
2022-11-08 13:27:07,629 WARNING:biomolecule.py:966:create_residue:Unable to find amino or nucleic acid definition for MPD.  Parsing as new residue.
2022-11-08 13:27:07,629 WARNING:biomolecule.py:966:create_residue:Unable to find amino or nucleic acid definition for MPD.  Parsing as new residue.
2022-11-08 13:27:07,629 WARNING:biomolecule.py:966:create_residue:Unable to find amino or nucleic acid definition for MPD.  Parsing as new residue.
2022-11-08 13:27:07,630 WARNING:main.py:418:setup_molecule:Multiple occupancies found: CB in ASN A 11.
2022-11-08 13:27:07,630 WARNING:main.py:418:setup_molecule:Multiple occupancies found: CG in ASN A 11.
2022-11-08 13:27:07,630 WARNING:main.py:418:setup_molecule:Multiple occupancies found: ND2 in ASN A 11.
2022-11-08 13:27:07,630 WARNING:main.py:418:setup_molecule:Multiple occupancies found: OD1 in ASN A 11.
2022-11-08 13:27:07,630 WARNING:main.py:424:setup_molecule:Multiple occupancies found in ASN A 11. At least one of the instances is being ignored.
2022-11-08 13:27:07,630 WARNING:main.py:418:setup_molecule:Multiple occupancies found: CG in GLU A 18.
2022-11-08 13:27:07,631 WARNING:main.py:418:setup_molecule:Multiple occupancies found: CD in GLU A 18.
2022-11-08 13:27:07,631 WARNING:main.py:418:setup_molecule:Multiple occupancies found: OE1 in GLU A 18.
2022-11-08 13:27:07,631 WARNING:main.py:418:setup_molecule:Multiple occupancies found: OE2 in GLU A 18.
2022-11-08 13:27:07,631 WARNING:main.py:424:setup_molecule:Multiple occupancies found in GLU A 18. At least one of the instances is being ignored.
2022-11-08 13:27:07,631 WARNING:main.py:418:setup_molecule:Multiple occupancies found: CB in GLN A 23.
2022-11-08 13:27:07,631 WARNING:main.py:418:setup_molecule:Multiple occupancies found: CG in GLN A 23.
2022-11-08 13:27:07,631 WARNING:main.py:418:setup_molecule:Multiple occupancies found: CD in GLN A 23.
2022-11-08 13:27:07,631 WARNING:main.py:418:setup_molecule:Multiple occupancies found: NE2 in GLN A 23.
2022-11-08 13:27:07,632 WARNING:main.py:418:setup_molecule:Multiple occupancies found: OE1 in GLN A 23.
2022-11-08 13:27:07,632 WARNING:main.py:424:setup_molecule:Multiple occupancies found in GLN A 23. At least one of the instances is being ignored.
2022-11-08 13:27:07,632 WARNING:main.py:418:setup_molecule:Multiple occupancies found: CB in GLN A 35.
2022-11-08 13:27:07,632 WARNING:main.py:418:setup_molecule:Multiple occupancies found: CG in GLN A 35.
2022-11-08 13:27:07,632 WARNING:main.py:418:setup_molecule:Multiple occupancies found: CD in GLN A 35.
2022-11-08 13:27:07,632 WARNING:main.py:418:setup_molecule:Multiple occupancies found: NE2 in GLN A 35.
2022-11-08 13:27:07,632 WARNING:main.py:418:setup_molecule:Multiple occupancies found: OE1 in GLN A 35.
2022-11-08 13:27:07,632 WARNING:main.py:424:setup_molecule:Multiple occupancies found in GLN A 35. At least one of the instances is being ignored.
2022-11-08 13:27:07,633 WARNING:main.py:418:setup_molecule:Multiple occupancies found: CG1 in ILE A 54.
2022-11-08 13:27:07,633 WARNING:main.py:418:setup_molecule:Multiple occupancies found: CD1 in ILE A 54.
2022-11-08 13:27:07,633 WARNING:main.py:424:setup_molecule:Multiple occupancies found in ILE A 54. At least one of the instances is being ignored.
2022-11-08 13:27:07,633 WARNING:main.py:418:setup_molecule:Multiple occupancies found: CB in THR A 88.
2022-11-08 13:27:07,633 WARNING:main.py:418:setup_molecule:Multiple occupancies found: CG2 in THR A 88.
2022-11-08 13:27:07,633 WARNING:main.py:418:setup_molecule:Multiple occupancies found: OG1 in THR A 88.
2022-11-08 13:27:07,634 WARNING:main.py:424:setup_molecule:Multiple occupancies found in THR A 88. At least one of the instances is being ignored.
2022-11-08 13:27:07,634 WARNING:main.py:418:setup_molecule:Multiple occupancies found: CB in ASP A 110.
2022-11-08 13:27:07,634 WARNING:main.py:418:setup_molecule:Multiple occupancies found: CG in ASP A 110.
2022-11-08 13:27:07,635 WARNING:main.py:418:setup_molecule:Multiple occupancies found: OD1 in ASP A 110.
2022-11-08 13:27:07,635 WARNING:main.py:418:setup_molecule:Multiple occupancies found: OD2 in ASP A 110.
2022-11-08 13:27:07,635 WARNING:main.py:424:setup_molecule:Multiple occupancies found in ASP A 110. At least one of the instances is being ignored.
2022-11-08 13:27:07,635 WARNING:main.py:418:setup_molecule:Multiple occupancies found: CB in LEU A 153.
2022-11-08 13:27:07,635 WARNING:main.py:418:setup_molecule:Multiple occupancies found: CG in LEU A 153.
2022-11-08 13:27:07,635 WARNING:main.py:418:setup_molecule:Multiple occupancies found: CD1 in LEU A 153.
2022-11-08 13:27:07,635 WARNING:main.py:418:setup_molecule:Multiple occupancies found: CD2 in LEU A 153.
2022-11-08 13:27:07,635 WARNING:main.py:424:setup_molecule:Multiple occupancies found in LEU A 153. At least one of the instances is being ignored.
2022-11-08 13:27:07,636 WARNING:main.py:418:setup_molecule:Multiple occupancies found: CG in GLU A 190.
2022-11-08 13:27:07,636 WARNING:main.py:418:setup_molecule:Multiple occupancies found: CD in GLU A 190.
2022-11-08 13:27:07,636 WARNING:main.py:418:setup_molecule:Multiple occupancies found: OE1 in GLU A 190.
2022-11-08 13:27:07,636 WARNING:main.py:418:setup_molecule:Multiple occupancies found: OE2 in GLU A 190.
2022-11-08 13:27:07,636 WARNING:main.py:424:setup_molecule:Multiple occupancies found in GLU A 190. At least one of the instances is being ignored.
2022-11-08 13:27:07,636 WARNING:main.py:418:setup_molecule:Multiple occupancies found: CD in ARG A 201.
2022-11-08 13:27:07,636 WARNING:main.py:418:setup_molecule:Multiple occupancies found: NE in ARG A 201.
2022-11-08 13:27:07,636 WARNING:main.py:418:setup_molecule:Multiple occupancies found: CZ in ARG A 201.
2022-11-08 13:27:07,637 WARNING:main.py:418:setup_molecule:Multiple occupancies found: NH1 in ARG A 201.
2022-11-08 13:27:07,637 WARNING:main.py:418:setup_molecule:Multiple occupancies found: NH2 in ARG A 201.
2022-11-08 13:27:07,637 WARNING:main.py:424:setup_molecule:Multiple occupancies found in ARG A 201. At least one of the instances is being ignored.
2022-11-08 13:27:07,637 WARNING:main.py:418:setup_molecule:Multiple occupancies found: CG in GLU A 202.
2022-11-08 13:27:07,637 WARNING:main.py:418:setup_molecule:Multiple occupancies found: CD in GLU A 202.
2022-11-08 13:27:07,637 WARNING:main.py:418:setup_molecule:Multiple occupancies found: OE1 in GLU A 202.
2022-11-08 13:27:07,637 WARNING:main.py:418:setup_molecule:Multiple occupancies found: OE2 in GLU A 202.
2022-11-08 13:27:07,637 WARNING:main.py:424:setup_molecule:Multiple occupancies found in GLU A 202. At least one of the instances is being ignored.
2022-11-08 13:27:07,677 WARNING:biomolecule.py:157:num_missing_heavy:Missing atom OXT in residue PRO A 215
2022-11-08 13:27:07,678 WARNING:biomolecule.py:157:num_missing_heavy:Missing atom OXT in residue PRO A 215
2022-11-08 13:27:07,680 WARNING:biomolecule.py:157:num_missing_heavy:Missing atom OXT in residue PRO A 215
2022-11-08 13:27:10,142 WARNING:main.py:311:print_pqr:Ignoring 3016 header lines in output.
2022-11-08 13:27:10,143 WARNING:main.py:315:print_pqr:Ignoring 66 missing lines in output.
