2022-11-08 13:36:23,373 WARNING:biomolecule.py:966:create_residue:Unable to find amino or nucleic acid definition for SAM.  Parsing as new residue.
2022-11-08 13:36:23,373 WARNING:biomolecule.py:966:create_residue:Unable to find amino or nucleic acid definition for B0L.  Parsing as new residue.
2022-11-08 13:36:23,374 WARNING:biomolecule.py:966:create_residue:Unable to find amino or nucleic acid definition for EDO.  Parsing as new residue.
2022-11-08 13:36:23,374 WARNING:biomolecule.py:966:create_residue:Unable to find amino or nucleic acid definition for EDO.  Parsing as new residue.
2022-11-08 13:36:23,374 WARNING:biomolecule.py:966:create_residue:Unable to find amino or nucleic acid definition for EDO.  Parsing as new residue.
2022-11-08 13:36:23,374 WARNING:biomolecule.py:966:create_residue:Unable to find amino or nucleic acid definition for EDO.  Parsing as new residue.
2022-11-08 13:36:23,374 WARNING:biomolecule.py:966:create_residue:Unable to find amino or nucleic acid definition for EDO.  Parsing as new residue.
2022-11-08 13:36:23,374 WARNING:biomolecule.py:966:create_residue:Unable to find amino or nucleic acid definition for EDO.  Parsing as new residue.
2022-11-08 13:36:23,375 WARNING:biomolecule.py:966:create_residue:Unable to find amino or nucleic acid definition for EDO.  Parsing as new residue.
2022-11-08 13:36:23,375 WARNING:io.py:40:filter:Suppressing further "Unable to find amino or nucleic acid definition for" messages
2022-11-08 13:36:23,412 WARNING:main.py:418:setup_molecule:Multiple occupancies found: CA in ASN A 0.
2022-11-08 13:36:23,412 WARNING:main.py:418:setup_molecule:Multiple occupancies found: CB in ASN A 0.
2022-11-08 13:36:23,413 WARNING:main.py:418:setup_molecule:Multiple occupancies found: CG in ASN A 0.
2022-11-08 13:36:23,413 WARNING:main.py:418:setup_molecule:Multiple occupancies found: ND2 in ASN A 0.
2022-11-08 13:36:23,413 WARNING:main.py:418:setup_molecule:Multiple occupancies found: OD1 in ASN A 0.
2022-11-08 13:36:23,413 WARNING:main.py:424:setup_molecule:Multiple occupancies found in ASN A 0. At least one of the instances is being ignored.
2022-11-08 13:36:23,413 WARNING:main.py:418:setup_molecule:Multiple occupancies found: N in GLN A 12.
2022-11-08 13:36:23,413 WARNING:main.py:418:setup_molecule:Multiple occupancies found: CA in GLN A 12.
2022-11-08 13:36:23,413 WARNING:main.py:418:setup_molecule:Multiple occupancies found: C in GLN A 12.
2022-11-08 13:36:23,413 WARNING:main.py:418:setup_molecule:Multiple occupancies found: O in GLN A 12.
2022-11-08 13:36:23,413 WARNING:main.py:418:setup_molecule:Multiple occupancies found: CB in GLN A 12.
2022-11-08 13:36:23,414 WARNING:main.py:418:setup_molecule:Multiple occupancies found: CG in GLN A 12.
2022-11-08 13:36:23,414 WARNING:main.py:418:setup_molecule:Multiple occupancies found: CD in GLN A 12.
2022-11-08 13:36:23,414 WARNING:main.py:418:setup_molecule:Multiple occupancies found: NE2 in GLN A 12.
2022-11-08 13:36:23,414 WARNING:main.py:418:setup_molecule:Multiple occupancies found: OE1 in GLN A 12.
2022-11-08 13:36:23,414 WARNING:main.py:424:setup_molecule:Multiple occupancies found in GLN A 12. At least one of the instances is being ignored.
2022-11-08 13:36:23,414 WARNING:main.py:418:setup_molecule:Multiple occupancies found: CA in ARG A 31.
2022-11-08 13:36:23,414 WARNING:main.py:418:setup_molecule:Multiple occupancies found: CB in ARG A 31.
2022-11-08 13:36:23,414 WARNING:main.py:418:setup_molecule:Multiple occupancies found: CG in ARG A 31.
2022-11-08 13:36:23,414 WARNING:main.py:418:setup_molecule:Multiple occupancies found: CD in ARG A 31.
2022-11-08 13:36:23,415 WARNING:main.py:418:setup_molecule:Multiple occupancies found: NE in ARG A 31.
2022-11-08 13:36:23,415 WARNING:main.py:418:setup_molecule:Multiple occupancies found: CZ in ARG A 31.
2022-11-08 13:36:23,415 WARNING:main.py:418:setup_molecule:Multiple occupancies found: NH1 in ARG A 31.
2022-11-08 13:36:23,415 WARNING:main.py:418:setup_molecule:Multiple occupancies found: NH2 in ARG A 31.
2022-11-08 13:36:23,417 WARNING:main.py:424:setup_molecule:Multiple occupancies found in ARG A 31. At least one of the instances is being ignored.
2022-11-08 13:36:23,417 WARNING:main.py:418:setup_molecule:Multiple occupancies found: CA in GLN A 34.
2022-11-08 13:36:23,417 WARNING:main.py:418:setup_molecule:Multiple occupancies found: CB in GLN A 34.
2022-11-08 13:36:23,417 WARNING:main.py:418:setup_molecule:Multiple occupancies found: CG in GLN A 34.
2022-11-08 13:36:23,418 WARNING:main.py:418:setup_molecule:Multiple occupancies found: CD in GLN A 34.
2022-11-08 13:36:23,418 WARNING:main.py:418:setup_molecule:Multiple occupancies found: NE2 in GLN A 34.
2022-11-08 13:36:23,418 WARNING:main.py:418:setup_molecule:Multiple occupancies found: OE1 in GLN A 34.
2022-11-08 13:36:23,418 WARNING:main.py:424:setup_molecule:Multiple occupancies found in GLN A 34. At least one of the instances is being ignored.
2022-11-08 13:36:23,418 WARNING:main.py:418:setup_molecule:Multiple occupancies found: CA in GLU A 38.
2022-11-08 13:36:23,418 WARNING:main.py:418:setup_molecule:Multiple occupancies found: CB in GLU A 38.
2022-11-08 13:36:23,418 WARNING:main.py:418:setup_molecule:Multiple occupancies found: CG in GLU A 38.
2022-11-08 13:36:23,418 WARNING:main.py:418:setup_molecule:Multiple occupancies found: CD in GLU A 38.
2022-11-08 13:36:23,418 WARNING:main.py:418:setup_molecule:Multiple occupancies found: OE1 in GLU A 38.
2022-11-08 13:36:23,419 WARNING:main.py:418:setup_molecule:Multiple occupancies found: OE2 in GLU A 38.
2022-11-08 13:36:23,419 WARNING:main.py:424:setup_molecule:Multiple occupancies found in GLU A 38. At least one of the instances is being ignored.
2022-11-08 13:36:23,419 WARNING:main.py:418:setup_molecule:Multiple occupancies found: CA in MET A 45.
2022-11-08 13:36:23,419 WARNING:main.py:418:setup_molecule:Multiple occupancies found: CB in MET A 45.
2022-11-08 13:36:23,419 WARNING:main.py:418:setup_molecule:Multiple occupancies found: CG in MET A 45.
2022-11-08 13:36:23,419 WARNING:main.py:418:setup_molecule:Multiple occupancies found: SD in MET A 45.
2022-11-08 13:36:23,419 WARNING:main.py:418:setup_molecule:Multiple occupancies found: CE in MET A 45.
2022-11-08 13:36:23,419 WARNING:main.py:424:setup_molecule:Multiple occupancies found in MET A 45. At least one of the instances is being ignored.
2022-11-08 13:36:23,419 WARNING:main.py:418:setup_molecule:Multiple occupancies found: CA in VAL A 54.
2022-11-08 13:36:23,420 WARNING:main.py:418:setup_molecule:Multiple occupancies found: CB in VAL A 54.
2022-11-08 13:36:23,420 WARNING:main.py:418:setup_molecule:Multiple occupancies found: CG1 in VAL A 54.
2022-11-08 13:36:23,420 WARNING:main.py:418:setup_molecule:Multiple occupancies found: CG2 in VAL A 54.
2022-11-08 13:36:23,420 WARNING:main.py:424:setup_molecule:Multiple occupancies found in VAL A 54. At least one of the instances is being ignored.
2022-11-08 13:36:23,420 WARNING:main.py:418:setup_molecule:Multiple occupancies found: CA in ARG A 58.
2022-11-08 13:36:23,420 WARNING:main.py:418:setup_molecule:Multiple occupancies found: CB in ARG A 58.
2022-11-08 13:36:23,420 WARNING:main.py:418:setup_molecule:Multiple occupancies found: CG in ARG A 58.
2022-11-08 13:36:23,420 WARNING:main.py:418:setup_molecule:Multiple occupancies found: CD in ARG A 58.
2022-11-08 13:36:23,421 WARNING:main.py:418:setup_molecule:Multiple occupancies found: NE in ARG A 58.
2022-11-08 13:36:23,421 WARNING:main.py:418:setup_molecule:Multiple occupancies found: CZ in ARG A 58.
2022-11-08 13:36:23,421 WARNING:main.py:418:setup_molecule:Multiple occupancies found: NH1 in ARG A 58.
2022-11-08 13:36:23,421 WARNING:main.py:418:setup_molecule:Multiple occupancies found: NH2 in ARG A 58.
2022-11-08 13:36:23,421 WARNING:main.py:424:setup_molecule:Multiple occupancies found in ARG A 58. At least one of the instances is being ignored.
2022-11-08 13:36:23,421 WARNING:main.py:418:setup_molecule:Multiple occupancies found: CA in SER A 70.
2022-11-08 13:36:23,421 WARNING:main.py:418:setup_molecule:Multiple occupancies found: CB in SER A 70.
2022-11-08 13:36:23,421 WARNING:main.py:418:setup_molecule:Multiple occupancies found: OG in SER A 70.
2022-11-08 13:36:23,421 WARNING:main.py:424:setup_molecule:Multiple occupancies found in SER A 70. At least one of the instances is being ignored.
2022-11-08 13:36:23,422 WARNING:main.py:418:setup_molecule:Multiple occupancies found: CA in ARG A 97.
2022-11-08 13:36:23,422 WARNING:main.py:418:setup_molecule:Multiple occupancies found: CB in ARG A 97.
2022-11-08 13:36:23,422 WARNING:main.py:418:setup_molecule:Multiple occupancies found: CG in ARG A 97.
2022-11-08 13:36:23,422 WARNING:main.py:418:setup_molecule:Multiple occupancies found: CD in ARG A 97.
2022-11-08 13:36:23,422 WARNING:main.py:418:setup_molecule:Multiple occupancies found: NE in ARG A 97.
2022-11-08 13:36:23,422 WARNING:main.py:418:setup_molecule:Multiple occupancies found: CZ in ARG A 97.
2022-11-08 13:36:23,422 WARNING:main.py:418:setup_molecule:Multiple occupancies found: NH1 in ARG A 97.
2022-11-08 13:36:23,422 WARNING:main.py:418:setup_molecule:Multiple occupancies found: NH2 in ARG A 97.
2022-11-08 13:36:23,422 WARNING:main.py:424:setup_molecule:Multiple occupancies found in ARG A 97. At least one of the instances is being ignored.
2022-11-08 13:36:23,423 WARNING:main.py:418:setup_molecule:Multiple occupancies found: CA in MET A 104.
2022-11-08 13:36:23,423 WARNING:main.py:418:setup_molecule:Multiple occupancies found: CB in MET A 104.
2022-11-08 13:36:23,423 WARNING:main.py:418:setup_molecule:Multiple occupancies found: CG in MET A 104.
2022-11-08 13:36:23,423 WARNING:main.py:418:setup_molecule:Multiple occupancies found: SD in MET A 104.
2022-11-08 13:36:23,423 WARNING:main.py:418:setup_molecule:Multiple occupancies found: CE in MET A 104.
2022-11-08 13:36:23,423 WARNING:main.py:424:setup_molecule:Multiple occupancies found in MET A 104. At least one of the instances is being ignored.
2022-11-08 13:36:23,423 WARNING:main.py:418:setup_molecule:Multiple occupancies found: CA in ASP A 109.
2022-11-08 13:36:23,423 WARNING:main.py:418:setup_molecule:Multiple occupancies found: CB in ASP A 109.
2022-11-08 13:36:23,423 WARNING:main.py:418:setup_molecule:Multiple occupancies found: CG in ASP A 109.
2022-11-08 13:36:23,424 WARNING:main.py:418:setup_molecule:Multiple occupancies found: OD1 in ASP A 109.
2022-11-08 13:36:23,424 WARNING:main.py:418:setup_molecule:Multiple occupancies found: OD2 in ASP A 109.
2022-11-08 13:36:23,424 WARNING:main.py:424:setup_molecule:Multiple occupancies found in ASP A 109. At least one of the instances is being ignored.
2022-11-08 13:36:23,424 WARNING:main.py:418:setup_molecule:Multiple occupancies found: CA in TRP A 139.
2022-11-08 13:36:23,424 WARNING:main.py:418:setup_molecule:Multiple occupancies found: CB in TRP A 139.
2022-11-08 13:36:23,424 WARNING:main.py:418:setup_molecule:Multiple occupancies found: CG in TRP A 139.
2022-11-08 13:36:23,424 WARNING:main.py:418:setup_molecule:Multiple occupancies found: CD1 in TRP A 139.
2022-11-08 13:36:23,424 WARNING:main.py:418:setup_molecule:Multiple occupancies found: CD2 in TRP A 139.
2022-11-08 13:36:23,425 WARNING:main.py:418:setup_molecule:Multiple occupancies found: CE2 in TRP A 139.
2022-11-08 13:36:23,425 WARNING:main.py:418:setup_molecule:Multiple occupancies found: CE3 in TRP A 139.
2022-11-08 13:36:23,425 WARNING:main.py:418:setup_molecule:Multiple occupancies found: NE1 in TRP A 139.
2022-11-08 13:36:23,425 WARNING:main.py:418:setup_molecule:Multiple occupancies found: CZ2 in TRP A 139.
2022-11-08 13:36:23,425 WARNING:main.py:418:setup_molecule:Multiple occupancies found: CZ3 in TRP A 139.
2022-11-08 13:36:23,425 WARNING:main.py:418:setup_molecule:Multiple occupancies found: CH2 in TRP A 139.
2022-11-08 13:36:23,425 WARNING:main.py:424:setup_molecule:Multiple occupancies found in TRP A 139. At least one of the instances is being ignored.
2022-11-08 13:36:23,425 WARNING:main.py:418:setup_molecule:Multiple occupancies found: N in VAL A 141.
2022-11-08 13:36:23,425 WARNING:main.py:418:setup_molecule:Multiple occupancies found: CA in VAL A 141.
2022-11-08 13:36:23,426 WARNING:main.py:418:setup_molecule:Multiple occupancies found: C in VAL A 141.
2022-11-08 13:36:23,426 WARNING:main.py:418:setup_molecule:Multiple occupancies found: O in VAL A 141.
2022-11-08 13:36:23,426 WARNING:main.py:418:setup_molecule:Multiple occupancies found: CB in VAL A 141.
2022-11-08 13:36:23,426 WARNING:main.py:418:setup_molecule:Multiple occupancies found: CG1 in VAL A 141.
2022-11-08 13:36:23,426 WARNING:main.py:418:setup_molecule:Multiple occupancies found: CG2 in VAL A 141.
2022-11-08 13:36:23,426 WARNING:main.py:424:setup_molecule:Multiple occupancies found in VAL A 141. At least one of the instances is being ignored.
2022-11-08 13:36:23,426 WARNING:main.py:418:setup_molecule:Multiple occupancies found: CA in MET A 143.
2022-11-08 13:36:23,426 WARNING:main.py:418:setup_molecule:Multiple occupancies found: CB in MET A 143.
2022-11-08 13:36:23,426 WARNING:main.py:418:setup_molecule:Multiple occupancies found: CG in MET A 143.
2022-11-08 13:36:23,427 WARNING:main.py:418:setup_molecule:Multiple occupancies found: SD in MET A 143.
2022-11-08 13:36:23,427 WARNING:main.py:418:setup_molecule:Multiple occupancies found: CE in MET A 143.
2022-11-08 13:36:23,427 WARNING:main.py:424:setup_molecule:Multiple occupancies found in MET A 143. At least one of the instances is being ignored.
2022-11-08 13:36:23,427 WARNING:main.py:418:setup_molecule:Multiple occupancies found: CA in LYS A 167.
2022-11-08 13:36:23,427 WARNING:main.py:418:setup_molecule:Multiple occupancies found: CB in LYS A 167.
2022-11-08 13:36:23,427 WARNING:main.py:418:setup_molecule:Multiple occupancies found: CG in LYS A 167.
2022-11-08 13:36:23,427 WARNING:main.py:418:setup_molecule:Multiple occupancies found: CD in LYS A 167.
2022-11-08 13:36:23,427 WARNING:main.py:418:setup_molecule:Multiple occupancies found: CE in LYS A 167.
2022-11-08 13:36:23,428 WARNING:main.py:418:setup_molecule:Multiple occupancies found: NZ in LYS A 167.
2022-11-08 13:36:23,428 WARNING:main.py:424:setup_molecule:Multiple occupancies found in LYS A 167. At least one of the instances is being ignored.
2022-11-08 13:36:23,428 WARNING:main.py:418:setup_molecule:Multiple occupancies found: CA in ASP A 172.
2022-11-08 13:36:23,428 WARNING:main.py:418:setup_molecule:Multiple occupancies found: CB in ASP A 172.
2022-11-08 13:36:23,428 WARNING:main.py:418:setup_molecule:Multiple occupancies found: CG in ASP A 172.
2022-11-08 13:36:23,428 WARNING:main.py:418:setup_molecule:Multiple occupancies found: OD1 in ASP A 172.
2022-11-08 13:36:23,428 WARNING:main.py:418:setup_molecule:Multiple occupancies found: OD2 in ASP A 172.
2022-11-08 13:36:23,428 WARNING:main.py:424:setup_molecule:Multiple occupancies found in ASP A 172. At least one of the instances is being ignored.
2022-11-08 13:36:23,428 WARNING:main.py:418:setup_molecule:Multiple occupancies found: CA in HIS A 177.
2022-11-08 13:36:23,429 WARNING:main.py:418:setup_molecule:Multiple occupancies found: CB in HIS A 177.
2022-11-08 13:36:23,429 WARNING:main.py:418:setup_molecule:Multiple occupancies found: CG in HIS A 177.
2022-11-08 13:36:23,429 WARNING:main.py:418:setup_molecule:Multiple occupancies found: CD2 in HIS A 177.
2022-11-08 13:36:23,429 WARNING:main.py:418:setup_molecule:Multiple occupancies found: ND1 in HIS A 177.
2022-11-08 13:36:23,429 WARNING:main.py:418:setup_molecule:Multiple occupancies found: CE1 in HIS A 177.
2022-11-08 13:36:23,429 WARNING:main.py:418:setup_molecule:Multiple occupancies found: NE2 in HIS A 177.
2022-11-08 13:36:23,429 WARNING:main.py:424:setup_molecule:Multiple occupancies found in HIS A 177. At least one of the instances is being ignored.
2022-11-08 13:36:23,429 WARNING:main.py:418:setup_molecule:Multiple occupancies found: CA in ILE A 186.
2022-11-08 13:36:23,429 WARNING:main.py:418:setup_molecule:Multiple occupancies found: CB in ILE A 186.
2022-11-08 13:36:23,430 WARNING:main.py:418:setup_molecule:Multiple occupancies found: CG1 in ILE A 186.
2022-11-08 13:36:23,430 WARNING:main.py:418:setup_molecule:Multiple occupancies found: CG2 in ILE A 186.
2022-11-08 13:36:23,430 WARNING:main.py:418:setup_molecule:Multiple occupancies found: CD1 in ILE A 186.
2022-11-08 13:36:23,430 WARNING:main.py:424:setup_molecule:Multiple occupancies found in ILE A 186. At least one of the instances is being ignored.
2022-11-08 13:36:23,430 WARNING:main.py:418:setup_molecule:Multiple occupancies found: CA in ARG A 197.
2022-11-08 13:36:23,430 WARNING:main.py:418:setup_molecule:Multiple occupancies found: CB in ARG A 197.
2022-11-08 13:36:23,430 WARNING:main.py:418:setup_molecule:Multiple occupancies found: CG in ARG A 197.
2022-11-08 13:36:23,430 WARNING:main.py:418:setup_molecule:Multiple occupancies found: CD in ARG A 197.
2022-11-08 13:36:23,431 WARNING:main.py:418:setup_molecule:Multiple occupancies found: NE in ARG A 197.
2022-11-08 13:36:23,431 WARNING:main.py:418:setup_molecule:Multiple occupancies found: CZ in ARG A 197.
2022-11-08 13:36:23,431 WARNING:main.py:418:setup_molecule:Multiple occupancies found: NH1 in ARG A 197.
2022-11-08 13:36:23,431 WARNING:main.py:418:setup_molecule:Multiple occupancies found: NH2 in ARG A 197.
2022-11-08 13:36:23,431 WARNING:main.py:424:setup_molecule:Multiple occupancies found in ARG A 197. At least one of the instances is being ignored.
2022-11-08 13:36:23,431 WARNING:main.py:418:setup_molecule:Multiple occupancies found: CA in THR A 198.
2022-11-08 13:36:23,431 WARNING:main.py:418:setup_molecule:Multiple occupancies found: CB in THR A 198.
2022-11-08 13:36:23,431 WARNING:main.py:418:setup_molecule:Multiple occupancies found: CG2 in THR A 198.
2022-11-08 13:36:23,431 WARNING:main.py:418:setup_molecule:Multiple occupancies found: OG1 in THR A 198.
2022-11-08 13:36:23,432 WARNING:main.py:424:setup_molecule:Multiple occupancies found in THR A 198. At least one of the instances is being ignored.
2022-11-08 13:36:23,432 WARNING:main.py:418:setup_molecule:Multiple occupancies found: CA in LEU A 211.
2022-11-08 13:36:23,432 WARNING:main.py:418:setup_molecule:Multiple occupancies found: CB in LEU A 211.
2022-11-08 13:36:23,432 WARNING:main.py:418:setup_molecule:Multiple occupancies found: CG in LEU A 211.
2022-11-08 13:36:23,432 WARNING:main.py:418:setup_molecule:Multiple occupancies found: CD1 in LEU A 211.
2022-11-08 13:36:23,432 WARNING:main.py:418:setup_molecule:Multiple occupancies found: CD2 in LEU A 211.
2022-11-08 13:36:23,432 WARNING:main.py:424:setup_molecule:Multiple occupancies found in LEU A 211. At least one of the instances is being ignored.
2022-11-08 13:36:23,432 WARNING:main.py:418:setup_molecule:Multiple occupancies found: CA in ARG A 295.
2022-11-08 13:36:23,433 WARNING:main.py:418:setup_molecule:Multiple occupancies found: CB in ARG A 295.
2022-11-08 13:36:23,433 WARNING:main.py:418:setup_molecule:Multiple occupancies found: CG in ARG A 295.
2022-11-08 13:36:23,433 WARNING:main.py:418:setup_molecule:Multiple occupancies found: CD in ARG A 295.
2022-11-08 13:36:23,433 WARNING:main.py:418:setup_molecule:Multiple occupancies found: NE in ARG A 295.
2022-11-08 13:36:23,433 WARNING:main.py:418:setup_molecule:Multiple occupancies found: CZ in ARG A 295.
2022-11-08 13:36:23,433 WARNING:main.py:418:setup_molecule:Multiple occupancies found: NH1 in ARG A 295.
2022-11-08 13:36:23,433 WARNING:main.py:418:setup_molecule:Multiple occupancies found: NH2 in ARG A 295.
2022-11-08 13:36:23,433 WARNING:main.py:424:setup_molecule:Multiple occupancies found in ARG A 295. At least one of the instances is being ignored.
2022-11-08 13:36:23,433 WARNING:main.py:418:setup_molecule:Multiple occupancies found: CA in GLU A 304.
2022-11-08 13:36:23,434 WARNING:main.py:418:setup_molecule:Multiple occupancies found: CB in GLU A 304.
2022-11-08 13:36:23,434 WARNING:main.py:418:setup_molecule:Multiple occupancies found: CG in GLU A 304.
2022-11-08 13:36:23,434 WARNING:main.py:418:setup_molecule:Multiple occupancies found: CD in GLU A 304.
2022-11-08 13:36:23,434 WARNING:main.py:418:setup_molecule:Multiple occupancies found: OE1 in GLU A 304.
2022-11-08 13:36:23,434 WARNING:main.py:418:setup_molecule:Multiple occupancies found: OE2 in GLU A 304.
2022-11-08 13:36:23,434 WARNING:main.py:424:setup_molecule:Multiple occupancies found in GLU A 304. At least one of the instances is being ignored.
2022-11-08 13:36:23,434 WARNING:main.py:418:setup_molecule:Multiple occupancies found: CA in GLN A 372.
2022-11-08 13:36:23,434 WARNING:main.py:418:setup_molecule:Multiple occupancies found: CB in GLN A 372.
2022-11-08 13:36:23,435 WARNING:main.py:418:setup_molecule:Multiple occupancies found: CG in GLN A 372.
2022-11-08 13:36:23,435 WARNING:main.py:418:setup_molecule:Multiple occupancies found: CD in GLN A 372.
2022-11-08 13:36:23,435 WARNING:main.py:418:setup_molecule:Multiple occupancies found: NE2 in GLN A 372.
2022-11-08 13:36:23,435 WARNING:main.py:418:setup_molecule:Multiple occupancies found: OE1 in GLN A 372.
2022-11-08 13:36:23,435 WARNING:main.py:424:setup_molecule:Multiple occupancies found in GLN A 372. At least one of the instances is being ignored.
2022-11-08 13:36:23,435 WARNING:main.py:418:setup_molecule:Multiple occupancies found: CA in ASN B 0.
2022-11-08 13:36:23,435 WARNING:main.py:418:setup_molecule:Multiple occupancies found: CB in ASN B 0.
2022-11-08 13:36:23,435 WARNING:main.py:418:setup_molecule:Multiple occupancies found: CG in ASN B 0.
2022-11-08 13:36:23,435 WARNING:main.py:418:setup_molecule:Multiple occupancies found: ND2 in ASN B 0.
2022-11-08 13:36:23,436 WARNING:main.py:418:setup_molecule:Multiple occupancies found: OD1 in ASN B 0.
2022-11-08 13:36:23,436 WARNING:main.py:424:setup_molecule:Multiple occupancies found in ASN B 0. At least one of the instances is being ignored.
2022-11-08 13:36:23,436 WARNING:main.py:418:setup_molecule:Multiple occupancies found: N in GLN B 34.
2022-11-08 13:36:23,436 WARNING:main.py:418:setup_molecule:Multiple occupancies found: CA in GLN B 34.
2022-11-08 13:36:23,436 WARNING:main.py:418:setup_molecule:Multiple occupancies found: C in GLN B 34.
2022-11-08 13:36:23,436 WARNING:main.py:418:setup_molecule:Multiple occupancies found: O in GLN B 34.
2022-11-08 13:36:23,436 WARNING:main.py:418:setup_molecule:Multiple occupancies found: CB in GLN B 34.
2022-11-08 13:36:23,436 WARNING:main.py:418:setup_molecule:Multiple occupancies found: CG in GLN B 34.
2022-11-08 13:36:23,436 WARNING:main.py:418:setup_molecule:Multiple occupancies found: CD in GLN B 34.
2022-11-08 13:36:23,437 WARNING:main.py:418:setup_molecule:Multiple occupancies found: NE2 in GLN B 34.
2022-11-08 13:36:23,437 WARNING:main.py:418:setup_molecule:Multiple occupancies found: OE1 in GLN B 34.
2022-11-08 13:36:23,437 WARNING:main.py:424:setup_molecule:Multiple occupancies found in GLN B 34. At least one of the instances is being ignored.
2022-11-08 13:36:23,437 WARNING:main.py:418:setup_molecule:Multiple occupancies found: CA in GLU B 38.
2022-11-08 13:36:23,437 WARNING:main.py:418:setup_molecule:Multiple occupancies found: CB in GLU B 38.
2022-11-08 13:36:23,437 WARNING:main.py:418:setup_molecule:Multiple occupancies found: CG in GLU B 38.
2022-11-08 13:36:23,437 WARNING:main.py:418:setup_molecule:Multiple occupancies found: CD in GLU B 38.
2022-11-08 13:36:23,437 WARNING:main.py:418:setup_molecule:Multiple occupancies found: OE1 in GLU B 38.
2022-11-08 13:36:23,437 WARNING:main.py:418:setup_molecule:Multiple occupancies found: OE2 in GLU B 38.
2022-11-08 13:36:23,438 WARNING:main.py:424:setup_molecule:Multiple occupancies found in GLU B 38. At least one of the instances is being ignored.
2022-11-08 13:36:23,438 WARNING:main.py:418:setup_molecule:Multiple occupancies found: CA in MET B 45.
2022-11-08 13:36:23,438 WARNING:main.py:418:setup_molecule:Multiple occupancies found: CB in MET B 45.
2022-11-08 13:36:23,438 WARNING:main.py:418:setup_molecule:Multiple occupancies found: CG in MET B 45.
2022-11-08 13:36:23,438 WARNING:main.py:418:setup_molecule:Multiple occupancies found: SD in MET B 45.
2022-11-08 13:36:23,438 WARNING:main.py:418:setup_molecule:Multiple occupancies found: CE in MET B 45.
2022-11-08 13:36:23,438 WARNING:main.py:424:setup_molecule:Multiple occupancies found in MET B 45. At least one of the instances is being ignored.
2022-11-08 13:36:23,438 WARNING:main.py:418:setup_molecule:Multiple occupancies found: CA in ARG B 58.
2022-11-08 13:36:23,439 WARNING:main.py:418:setup_molecule:Multiple occupancies found: CB in ARG B 58.
2022-11-08 13:36:23,439 WARNING:main.py:418:setup_molecule:Multiple occupancies found: CG in ARG B 58.
2022-11-08 13:36:23,439 WARNING:main.py:418:setup_molecule:Multiple occupancies found: CD in ARG B 58.
2022-11-08 13:36:23,439 WARNING:main.py:418:setup_molecule:Multiple occupancies found: NE in ARG B 58.
2022-11-08 13:36:23,439 WARNING:main.py:418:setup_molecule:Multiple occupancies found: CZ in ARG B 58.
2022-11-08 13:36:23,439 WARNING:main.py:418:setup_molecule:Multiple occupancies found: NH1 in ARG B 58.
2022-11-08 13:36:23,439 WARNING:main.py:418:setup_molecule:Multiple occupancies found: NH2 in ARG B 58.
2022-11-08 13:36:23,439 WARNING:main.py:424:setup_molecule:Multiple occupancies found in ARG B 58. At least one of the instances is being ignored.
2022-11-08 13:36:23,439 WARNING:main.py:418:setup_molecule:Multiple occupancies found: CA in SER B 70.
2022-11-08 13:36:23,440 WARNING:main.py:418:setup_molecule:Multiple occupancies found: CB in SER B 70.
2022-11-08 13:36:23,440 WARNING:main.py:418:setup_molecule:Multiple occupancies found: OG in SER B 70.
2022-11-08 13:36:23,440 WARNING:main.py:424:setup_molecule:Multiple occupancies found in SER B 70. At least one of the instances is being ignored.
2022-11-08 13:36:23,440 WARNING:main.py:418:setup_molecule:Multiple occupancies found: CA in SER B 101.
2022-11-08 13:36:23,440 WARNING:main.py:418:setup_molecule:Multiple occupancies found: CB in SER B 101.
2022-11-08 13:36:23,440 WARNING:main.py:418:setup_molecule:Multiple occupancies found: OG in SER B 101.
2022-11-08 13:36:23,440 WARNING:main.py:424:setup_molecule:Multiple occupancies found in SER B 101. At least one of the instances is being ignored.
2022-11-08 13:36:23,440 WARNING:main.py:418:setup_molecule:Multiple occupancies found: N in MET B 104.
2022-11-08 13:36:23,440 WARNING:main.py:418:setup_molecule:Multiple occupancies found: CA in MET B 104.
2022-11-08 13:36:23,441 WARNING:main.py:418:setup_molecule:Multiple occupancies found: C in MET B 104.
2022-11-08 13:36:23,441 WARNING:main.py:418:setup_molecule:Multiple occupancies found: O in MET B 104.
2022-11-08 13:36:23,441 WARNING:main.py:418:setup_molecule:Multiple occupancies found: CB in MET B 104.
2022-11-08 13:36:23,441 WARNING:main.py:418:setup_molecule:Multiple occupancies found: CG in MET B 104.
2022-11-08 13:36:23,441 WARNING:main.py:418:setup_molecule:Multiple occupancies found: SD in MET B 104.
2022-11-08 13:36:23,441 WARNING:main.py:418:setup_molecule:Multiple occupancies found: CE in MET B 104.
2022-11-08 13:36:23,441 WARNING:main.py:424:setup_molecule:Multiple occupancies found in MET B 104. At least one of the instances is being ignored.
2022-11-08 13:36:23,441 WARNING:main.py:418:setup_molecule:Multiple occupancies found: CA in TRP B 139.
2022-11-08 13:36:23,441 WARNING:main.py:418:setup_molecule:Multiple occupancies found: CB in TRP B 139.
2022-11-08 13:36:23,442 WARNING:main.py:418:setup_molecule:Multiple occupancies found: CG in TRP B 139.
2022-11-08 13:36:23,442 WARNING:main.py:418:setup_molecule:Multiple occupancies found: CD1 in TRP B 139.
2022-11-08 13:36:23,442 WARNING:main.py:418:setup_molecule:Multiple occupancies found: CD2 in TRP B 139.
2022-11-08 13:36:23,442 WARNING:main.py:418:setup_molecule:Multiple occupancies found: CE2 in TRP B 139.
2022-11-08 13:36:23,442 WARNING:main.py:418:setup_molecule:Multiple occupancies found: CE3 in TRP B 139.
2022-11-08 13:36:23,442 WARNING:main.py:418:setup_molecule:Multiple occupancies found: NE1 in TRP B 139.
2022-11-08 13:36:23,442 WARNING:main.py:418:setup_molecule:Multiple occupancies found: CZ2 in TRP B 139.
2022-11-08 13:36:23,442 WARNING:main.py:418:setup_molecule:Multiple occupancies found: CZ3 in TRP B 139.
2022-11-08 13:36:23,442 WARNING:main.py:418:setup_molecule:Multiple occupancies found: CH2 in TRP B 139.
2022-11-08 13:36:23,443 WARNING:main.py:424:setup_molecule:Multiple occupancies found in TRP B 139. At least one of the instances is being ignored.
2022-11-08 13:36:23,443 WARNING:main.py:418:setup_molecule:Multiple occupancies found: CA in MET B 143.
2022-11-08 13:36:23,443 WARNING:main.py:418:setup_molecule:Multiple occupancies found: CB in MET B 143.
2022-11-08 13:36:23,443 WARNING:main.py:418:setup_molecule:Multiple occupancies found: CG in MET B 143.
2022-11-08 13:36:23,443 WARNING:main.py:418:setup_molecule:Multiple occupancies found: SD in MET B 143.
2022-11-08 13:36:23,443 WARNING:main.py:418:setup_molecule:Multiple occupancies found: CE in MET B 143.
2022-11-08 13:36:23,443 WARNING:main.py:424:setup_molecule:Multiple occupancies found in MET B 143. At least one of the instances is being ignored.
2022-11-08 13:36:23,443 WARNING:main.py:418:setup_molecule:Multiple occupancies found: CA in ASP B 172.
2022-11-08 13:36:23,444 WARNING:main.py:418:setup_molecule:Multiple occupancies found: CB in ASP B 172.
2022-11-08 13:36:23,444 WARNING:main.py:418:setup_molecule:Multiple occupancies found: CG in ASP B 172.
2022-11-08 13:36:23,444 WARNING:main.py:418:setup_molecule:Multiple occupancies found: OD1 in ASP B 172.
2022-11-08 13:36:23,444 WARNING:main.py:418:setup_molecule:Multiple occupancies found: OD2 in ASP B 172.
2022-11-08 13:36:23,444 WARNING:main.py:424:setup_molecule:Multiple occupancies found in ASP B 172. At least one of the instances is being ignored.
2022-11-08 13:36:23,444 WARNING:main.py:418:setup_molecule:Multiple occupancies found: CA in ARG B 238.
2022-11-08 13:36:23,444 WARNING:main.py:418:setup_molecule:Multiple occupancies found: CB in ARG B 238.
2022-11-08 13:36:23,444 WARNING:main.py:418:setup_molecule:Multiple occupancies found: CG in ARG B 238.
2022-11-08 13:36:23,445 WARNING:main.py:418:setup_molecule:Multiple occupancies found: CD in ARG B 238.
2022-11-08 13:36:23,445 WARNING:main.py:418:setup_molecule:Multiple occupancies found: NE in ARG B 238.
2022-11-08 13:36:23,445 WARNING:main.py:418:setup_molecule:Multiple occupancies found: CZ in ARG B 238.
2022-11-08 13:36:23,445 WARNING:main.py:418:setup_molecule:Multiple occupancies found: NH1 in ARG B 238.
2022-11-08 13:36:23,445 WARNING:main.py:418:setup_molecule:Multiple occupancies found: NH2 in ARG B 238.
2022-11-08 13:36:23,445 WARNING:main.py:424:setup_molecule:Multiple occupancies found in ARG B 238. At least one of the instances is being ignored.
2022-11-08 13:36:23,445 WARNING:main.py:418:setup_molecule:Multiple occupancies found: CA in ARG B 295.
2022-11-08 13:36:23,445 WARNING:main.py:418:setup_molecule:Multiple occupancies found: CB in ARG B 295.
2022-11-08 13:36:23,446 WARNING:main.py:418:setup_molecule:Multiple occupancies found: CG in ARG B 295.
2022-11-08 13:36:23,446 WARNING:main.py:418:setup_molecule:Multiple occupancies found: CD in ARG B 295.
2022-11-08 13:36:23,446 WARNING:main.py:418:setup_molecule:Multiple occupancies found: NE in ARG B 295.
2022-11-08 13:36:23,446 WARNING:main.py:418:setup_molecule:Multiple occupancies found: CZ in ARG B 295.
2022-11-08 13:36:23,446 WARNING:main.py:418:setup_molecule:Multiple occupancies found: NH1 in ARG B 295.
2022-11-08 13:36:23,446 WARNING:main.py:418:setup_molecule:Multiple occupancies found: NH2 in ARG B 295.
2022-11-08 13:36:23,446 WARNING:main.py:424:setup_molecule:Multiple occupancies found in ARG B 295. At least one of the instances is being ignored.
2022-11-08 13:36:23,446 WARNING:main.py:418:setup_molecule:Multiple occupancies found: CA in GLN B 372.
2022-11-08 13:36:23,447 WARNING:main.py:418:setup_molecule:Multiple occupancies found: CB in GLN B 372.
2022-11-08 13:36:23,447 WARNING:main.py:418:setup_molecule:Multiple occupancies found: CG in GLN B 372.
2022-11-08 13:36:23,447 WARNING:main.py:418:setup_molecule:Multiple occupancies found: CD in GLN B 372.
2022-11-08 13:36:23,447 WARNING:main.py:418:setup_molecule:Multiple occupancies found: NE2 in GLN B 372.
2022-11-08 13:36:23,447 WARNING:main.py:418:setup_molecule:Multiple occupancies found: OE1 in GLN B 372.
2022-11-08 13:36:23,447 WARNING:main.py:424:setup_molecule:Multiple occupancies found in GLN B 372. At least one of the instances is being ignored.
2022-11-08 13:36:32,127 WARNING:main.py:311:print_pqr:Ignoring 7191 header lines in output.
2022-11-08 13:36:32,127 WARNING:main.py:315:print_pqr:Ignoring 191 missing lines in output.
