2022-11-08 13:38:57,759 WARNING:biomolecule.py:966:create_residue:Unable to find amino or nucleic acid definition for SAM.  Parsing as new residue.
2022-11-08 13:38:57,760 WARNING:biomolecule.py:966:create_residue:Unable to find amino or nucleic acid definition for QKT.  Parsing as new residue.
2022-11-08 13:38:57,761 WARNING:biomolecule.py:966:create_residue:Unable to find amino or nucleic acid definition for ZN.  Parsing as new residue.
2022-11-08 13:38:57,761 WARNING:biomolecule.py:966:create_residue:Unable to find amino or nucleic acid definition for ZN.  Parsing as new residue.
2022-11-08 13:38:57,761 WARNING:biomolecule.py:966:create_residue:Unable to find amino or nucleic acid definition for ZN.  Parsing as new residue.
2022-11-08 13:38:57,761 WARNING:biomolecule.py:966:create_residue:Unable to find amino or nucleic acid definition for ACT.  Parsing as new residue.
2022-11-08 13:38:57,762 WARNING:biomolecule.py:966:create_residue:Unable to find amino or nucleic acid definition for ACT.  Parsing as new residue.
2022-11-08 13:38:57,762 WARNING:biomolecule.py:966:create_residue:Unable to find amino or nucleic acid definition for GOL.  Parsing as new residue.
2022-11-08 13:38:57,762 WARNING:biomolecule.py:966:create_residue:Unable to find amino or nucleic acid definition for GOL.  Parsing as new residue.
2022-11-08 13:38:57,763 WARNING:main.py:418:setup_molecule:Multiple occupancies found: CA in ARG A 14.
2022-11-08 13:38:57,763 WARNING:main.py:418:setup_molecule:Multiple occupancies found: CB in ARG A 14.
2022-11-08 13:38:57,763 WARNING:main.py:418:setup_molecule:Multiple occupancies found: CG in ARG A 14.
2022-11-08 13:38:57,764 WARNING:main.py:418:setup_molecule:Multiple occupancies found: CD in ARG A 14.
2022-11-08 13:38:57,764 WARNING:main.py:418:setup_molecule:Multiple occupancies found: NE in ARG A 14.
2022-11-08 13:38:57,764 WARNING:main.py:418:setup_molecule:Multiple occupancies found: CZ in ARG A 14.
2022-11-08 13:38:57,764 WARNING:main.py:418:setup_molecule:Multiple occupancies found: NH1 in ARG A 14.
2022-11-08 13:38:57,764 WARNING:main.py:418:setup_molecule:Multiple occupancies found: NH2 in ARG A 14.
2022-11-08 13:38:57,765 WARNING:main.py:424:setup_molecule:Multiple occupancies found in ARG A 14. At least one of the instances is being ignored.
2022-11-08 13:38:57,765 WARNING:main.py:418:setup_molecule:Multiple occupancies found: CA in VAL A 40.
2022-11-08 13:38:57,765 WARNING:main.py:418:setup_molecule:Multiple occupancies found: CB in VAL A 40.
2022-11-08 13:38:57,765 WARNING:main.py:418:setup_molecule:Multiple occupancies found: CG1 in VAL A 40.
2022-11-08 13:38:57,765 WARNING:main.py:418:setup_molecule:Multiple occupancies found: CG2 in VAL A 40.
2022-11-08 13:38:57,765 WARNING:main.py:424:setup_molecule:Multiple occupancies found in VAL A 40. At least one of the instances is being ignored.
2022-11-08 13:38:57,766 WARNING:main.py:418:setup_molecule:Multiple occupancies found: CA in CYS A 41.
2022-11-08 13:38:57,766 WARNING:main.py:418:setup_molecule:Multiple occupancies found: CB in CYS A 41.
2022-11-08 13:38:57,766 WARNING:main.py:418:setup_molecule:Multiple occupancies found: SG in CYS A 41.
2022-11-08 13:38:57,766 WARNING:main.py:424:setup_molecule:Multiple occupancies found in CYS A 41. At least one of the instances is being ignored.
2022-11-08 13:38:57,767 WARNING:main.py:418:setup_molecule:Multiple occupancies found: CA in VAL A 231.
2022-11-08 13:38:57,767 WARNING:main.py:418:setup_molecule:Multiple occupancies found: CB in VAL A 231.
2022-11-08 13:38:57,767 WARNING:main.py:418:setup_molecule:Multiple occupancies found: CG1 in VAL A 231.
2022-11-08 13:38:57,767 WARNING:main.py:418:setup_molecule:Multiple occupancies found: CG2 in VAL A 231.
2022-11-08 13:38:57,767 WARNING:main.py:424:setup_molecule:Multiple occupancies found in VAL A 231. At least one of the instances is being ignored.
2022-11-08 13:38:57,768 WARNING:main.py:418:setup_molecule:Multiple occupancies found: CA in ILE A 323.
2022-11-08 13:38:57,770 WARNING:main.py:418:setup_molecule:Multiple occupancies found: CB in ILE A 323.
2022-11-08 13:38:57,771 WARNING:main.py:418:setup_molecule:Multiple occupancies found: CG1 in ILE A 323.
2022-11-08 13:38:57,771 WARNING:main.py:418:setup_molecule:Multiple occupancies found: CG2 in ILE A 323.
2022-11-08 13:38:57,771 WARNING:main.py:418:setup_molecule:Multiple occupancies found: CD1 in ILE A 323.
2022-11-08 13:38:57,771 WARNING:main.py:424:setup_molecule:Multiple occupancies found in ILE A 323. At least one of the instances is being ignored.
2022-11-08 13:38:57,771 WARNING:main.py:418:setup_molecule:Multiple occupancies found: CA in THR A 352.
2022-11-08 13:38:57,771 WARNING:main.py:418:setup_molecule:Multiple occupancies found: CB in THR A 352.
2022-11-08 13:38:57,771 WARNING:main.py:418:setup_molecule:Multiple occupancies found: CG2 in THR A 352.
2022-11-08 13:38:57,772 WARNING:main.py:418:setup_molecule:Multiple occupancies found: OG1 in THR A 352.
2022-11-08 13:38:57,772 WARNING:main.py:424:setup_molecule:Multiple occupancies found in THR A 352. At least one of the instances is being ignored.
2022-11-08 13:38:57,772 WARNING:main.py:418:setup_molecule:Multiple occupancies found: CA in HIS A 382.
2022-11-08 13:38:57,772 WARNING:main.py:418:setup_molecule:Multiple occupancies found: CB in HIS A 382.
2022-11-08 13:38:57,772 WARNING:main.py:418:setup_molecule:Multiple occupancies found: CG in HIS A 382.
2022-11-08 13:38:57,772 WARNING:main.py:418:setup_molecule:Multiple occupancies found: CD2 in HIS A 382.
2022-11-08 13:38:57,772 WARNING:main.py:418:setup_molecule:Multiple occupancies found: ND1 in HIS A 382.
2022-11-08 13:38:57,772 WARNING:main.py:418:setup_molecule:Multiple occupancies found: CE1 in HIS A 382.
2022-11-08 13:38:57,773 WARNING:main.py:418:setup_molecule:Multiple occupancies found: NE2 in HIS A 382.
2022-11-08 13:38:57,773 WARNING:main.py:424:setup_molecule:Multiple occupancies found in HIS A 382. At least one of the instances is being ignored.
2022-11-08 13:38:57,834 WARNING:biomolecule.py:157:num_missing_heavy:Missing atom OXT in residue SER A 428
2022-11-08 13:38:57,837 WARNING:biomolecule.py:157:num_missing_heavy:Missing atom OXT in residue SER A 428
2022-11-08 13:38:57,840 WARNING:biomolecule.py:157:num_missing_heavy:Missing atom OXT in residue SER A 428
2022-11-08 13:39:03,707 WARNING:main.py:311:print_pqr:Ignoring 3462 header lines in output.
2022-11-08 13:39:03,708 WARNING:main.py:315:print_pqr:Ignoring 79 missing lines in output.
