2022-11-08 13:39:38,897 WARNING:biomolecule.py:966:create_residue:Unable to find amino or nucleic acid definition for UZT.  Parsing as new residue.
2022-11-08 13:39:38,898 WARNING:biomolecule.py:966:create_residue:Unable to find amino or nucleic acid definition for SAM.  Parsing as new residue.
2022-11-08 13:39:38,899 WARNING:biomolecule.py:966:create_residue:Unable to find amino or nucleic acid definition for ZN.  Parsing as new residue.
2022-11-08 13:39:38,899 WARNING:biomolecule.py:966:create_residue:Unable to find amino or nucleic acid definition for ZN.  Parsing as new residue.
2022-11-08 13:39:38,899 WARNING:biomolecule.py:966:create_residue:Unable to find amino or nucleic acid definition for ZN.  Parsing as new residue.
2022-11-08 13:39:38,900 WARNING:main.py:418:setup_molecule:Multiple occupancies found: CA in ARG A 51.
2022-11-08 13:39:38,900 WARNING:main.py:418:setup_molecule:Multiple occupancies found: CB in ARG A 51.
2022-11-08 13:39:38,900 WARNING:main.py:418:setup_molecule:Multiple occupancies found: CG in ARG A 51.
2022-11-08 13:39:38,901 WARNING:main.py:418:setup_molecule:Multiple occupancies found: CD in ARG A 51.
2022-11-08 13:39:38,901 WARNING:main.py:418:setup_molecule:Multiple occupancies found: NE in ARG A 51.
2022-11-08 13:39:38,901 WARNING:main.py:418:setup_molecule:Multiple occupancies found: CZ in ARG A 51.
2022-11-08 13:39:38,901 WARNING:main.py:418:setup_molecule:Multiple occupancies found: NH1 in ARG A 51.
2022-11-08 13:39:38,901 WARNING:main.py:418:setup_molecule:Multiple occupancies found: NH2 in ARG A 51.
2022-11-08 13:39:38,901 WARNING:main.py:424:setup_molecule:Multiple occupancies found in ARG A 51. At least one of the instances is being ignored.
2022-11-08 13:39:38,902 WARNING:main.py:418:setup_molecule:Multiple occupancies found: CA in ASP A 332.
2022-11-08 13:39:38,902 WARNING:main.py:418:setup_molecule:Multiple occupancies found: CB in ASP A 332.
2022-11-08 13:39:38,902 WARNING:main.py:418:setup_molecule:Multiple occupancies found: CG in ASP A 332.
2022-11-08 13:39:38,902 WARNING:main.py:418:setup_molecule:Multiple occupancies found: OD1 in ASP A 332.
2022-11-08 13:39:38,902 WARNING:main.py:418:setup_molecule:Multiple occupancies found: OD2 in ASP A 332.
2022-11-08 13:39:38,902 WARNING:main.py:424:setup_molecule:Multiple occupancies found in ASP A 332. At least one of the instances is being ignored.
2022-11-08 13:39:38,902 WARNING:main.py:418:setup_molecule:Multiple occupancies found: CA in THR A 352.
2022-11-08 13:39:38,902 WARNING:main.py:418:setup_molecule:Multiple occupancies found: CB in THR A 352.
2022-11-08 13:39:38,903 WARNING:main.py:418:setup_molecule:Multiple occupancies found: CG2 in THR A 352.
2022-11-08 13:39:38,903 WARNING:main.py:418:setup_molecule:Multiple occupancies found: OG1 in THR A 352.
2022-11-08 13:39:38,903 WARNING:main.py:424:setup_molecule:Multiple occupancies found in THR A 352. At least one of the instances is being ignored.
2022-11-08 13:39:38,953 WARNING:biomolecule.py:157:num_missing_heavy:Missing atom CG in residue GLU A 2
2022-11-08 13:39:38,953 WARNING:biomolecule.py:157:num_missing_heavy:Missing atom CD in residue GLU A 2
2022-11-08 13:39:38,954 WARNING:biomolecule.py:157:num_missing_heavy:Missing atom OE1 in residue GLU A 2
2022-11-08 13:39:38,954 WARNING:biomolecule.py:157:num_missing_heavy:Missing atom OE2 in residue GLU A 2
2022-11-08 13:39:38,954 WARNING:biomolecule.py:157:num_missing_heavy:Missing atom CG in residue GLU A 57
2022-11-08 13:39:38,954 WARNING:biomolecule.py:157:num_missing_heavy:Missing atom CD in residue GLU A 57
2022-11-08 13:39:38,954 WARNING:biomolecule.py:157:num_missing_heavy:Missing atom OE1 in residue GLU A 57
2022-11-08 13:39:38,955 WARNING:biomolecule.py:157:num_missing_heavy:Missing atom OE2 in residue GLU A 57
2022-11-08 13:39:38,955 WARNING:biomolecule.py:157:num_missing_heavy:Missing atom CG in residue LYS A 58
2022-11-08 13:39:38,955 WARNING:biomolecule.py:157:num_missing_heavy:Missing atom CD in residue LYS A 58
2022-11-08 13:39:38,957 WARNING:biomolecule.py:157:num_missing_heavy:Missing atom CE in residue LYS A 58
2022-11-08 13:39:38,957 WARNING:biomolecule.py:157:num_missing_heavy:Missing atom NZ in residue LYS A 58
2022-11-08 13:39:38,958 WARNING:biomolecule.py:157:num_missing_heavy:Missing atom CG in residue LYS A 94
2022-11-08 13:39:38,958 WARNING:biomolecule.py:157:num_missing_heavy:Missing atom CD in residue LYS A 94
2022-11-08 13:39:38,958 WARNING:biomolecule.py:157:num_missing_heavy:Missing atom CE in residue LYS A 94
2022-11-08 13:39:38,958 WARNING:biomolecule.py:157:num_missing_heavy:Missing atom NZ in residue LYS A 94
2022-11-08 13:39:38,958 WARNING:biomolecule.py:157:num_missing_heavy:Missing atom CG in residue ARG A 96
2022-11-08 13:39:38,958 WARNING:biomolecule.py:157:num_missing_heavy:Missing atom CD in residue ARG A 96
2022-11-08 13:39:38,958 WARNING:biomolecule.py:157:num_missing_heavy:Missing atom NE in residue ARG A 96
2022-11-08 13:39:38,959 WARNING:biomolecule.py:157:num_missing_heavy:Missing atom CZ in residue ARG A 96
2022-11-08 13:39:38,959 WARNING:biomolecule.py:157:num_missing_heavy:Missing atom NH1 in residue ARG A 96
2022-11-08 13:39:38,959 WARNING:biomolecule.py:157:num_missing_heavy:Missing atom NH2 in residue ARG A 96
2022-11-08 13:39:38,961 WARNING:biomolecule.py:157:num_missing_heavy:Missing atom CG in residue ARG A 426
2022-11-08 13:39:38,961 WARNING:biomolecule.py:157:num_missing_heavy:Missing atom CD in residue ARG A 426
2022-11-08 13:39:38,961 WARNING:biomolecule.py:157:num_missing_heavy:Missing atom NE in residue ARG A 426
2022-11-08 13:39:38,961 WARNING:biomolecule.py:157:num_missing_heavy:Missing atom CZ in residue ARG A 426
2022-11-08 13:39:38,962 WARNING:biomolecule.py:157:num_missing_heavy:Missing atom NH1 in residue ARG A 426
2022-11-08 13:39:38,962 WARNING:biomolecule.py:157:num_missing_heavy:Missing atom NH2 in residue ARG A 426
2022-11-08 13:39:38,962 WARNING:biomolecule.py:157:num_missing_heavy:Missing atom CG in residue GLU A 2
2022-11-08 13:39:38,962 WARNING:biomolecule.py:157:num_missing_heavy:Missing atom CD in residue GLU A 2
2022-11-08 13:39:38,962 WARNING:biomolecule.py:157:num_missing_heavy:Missing atom OE1 in residue GLU A 2
2022-11-08 13:39:38,962 WARNING:biomolecule.py:157:num_missing_heavy:Missing atom OE2 in residue GLU A 2
2022-11-08 13:39:38,963 WARNING:biomolecule.py:157:num_missing_heavy:Missing atom CG in residue GLU A 57
2022-11-08 13:39:38,963 WARNING:biomolecule.py:157:num_missing_heavy:Missing atom CD in residue GLU A 57
2022-11-08 13:39:38,963 WARNING:biomolecule.py:157:num_missing_heavy:Missing atom OE1 in residue GLU A 57
2022-11-08 13:39:38,963 WARNING:biomolecule.py:157:num_missing_heavy:Missing atom OE2 in residue GLU A 57
2022-11-08 13:39:38,963 WARNING:biomolecule.py:157:num_missing_heavy:Missing atom CG in residue LYS A 58
2022-11-08 13:39:38,963 WARNING:biomolecule.py:157:num_missing_heavy:Missing atom CD in residue LYS A 58
2022-11-08 13:39:38,963 WARNING:biomolecule.py:157:num_missing_heavy:Missing atom CE in residue LYS A 58
2022-11-08 13:39:38,964 WARNING:biomolecule.py:157:num_missing_heavy:Missing atom NZ in residue LYS A 58
2022-11-08 13:39:38,964 WARNING:biomolecule.py:157:num_missing_heavy:Missing atom CG in residue LYS A 94
2022-11-08 13:39:38,964 WARNING:biomolecule.py:157:num_missing_heavy:Missing atom CD in residue LYS A 94
2022-11-08 13:39:38,964 WARNING:biomolecule.py:157:num_missing_heavy:Missing atom CE in residue LYS A 94
2022-11-08 13:39:38,964 WARNING:biomolecule.py:157:num_missing_heavy:Missing atom NZ in residue LYS A 94
2022-11-08 13:39:38,964 WARNING:biomolecule.py:157:num_missing_heavy:Missing atom CG in residue ARG A 96
2022-11-08 13:39:38,965 WARNING:biomolecule.py:157:num_missing_heavy:Missing atom CD in residue ARG A 96
2022-11-08 13:39:38,965 WARNING:biomolecule.py:157:num_missing_heavy:Missing atom NE in residue ARG A 96
2022-11-08 13:39:38,965 WARNING:biomolecule.py:157:num_missing_heavy:Missing atom CZ in residue ARG A 96
2022-11-08 13:39:38,965 WARNING:biomolecule.py:157:num_missing_heavy:Missing atom NH1 in residue ARG A 96
2022-11-08 13:39:38,965 WARNING:biomolecule.py:157:num_missing_heavy:Missing atom NH2 in residue ARG A 96
2022-11-08 13:39:38,967 WARNING:biomolecule.py:157:num_missing_heavy:Missing atom CG in residue ARG A 426
2022-11-08 13:39:38,967 WARNING:biomolecule.py:157:num_missing_heavy:Missing atom CD in residue ARG A 426
2022-11-08 13:39:38,968 WARNING:biomolecule.py:157:num_missing_heavy:Missing atom NE in residue ARG A 426
2022-11-08 13:39:38,968 WARNING:biomolecule.py:157:num_missing_heavy:Missing atom CZ in residue ARG A 426
2022-11-08 13:39:38,968 WARNING:biomolecule.py:157:num_missing_heavy:Missing atom NH1 in residue ARG A 426
2022-11-08 13:39:38,968 WARNING:biomolecule.py:157:num_missing_heavy:Missing atom NH2 in residue ARG A 426
2022-11-08 13:39:38,968 WARNING:biomolecule.py:157:num_missing_heavy:Missing atom CG in residue GLU A 2
2022-11-08 13:39:38,968 WARNING:biomolecule.py:157:num_missing_heavy:Missing atom CD in residue GLU A 2
2022-11-08 13:39:38,968 WARNING:biomolecule.py:157:num_missing_heavy:Missing atom OE1 in residue GLU A 2
2022-11-08 13:39:38,968 WARNING:biomolecule.py:157:num_missing_heavy:Missing atom OE2 in residue GLU A 2
2022-11-08 13:39:38,969 WARNING:biomolecule.py:157:num_missing_heavy:Missing atom CG in residue GLU A 57
2022-11-08 13:39:38,969 WARNING:biomolecule.py:157:num_missing_heavy:Missing atom CD in residue GLU A 57
2022-11-08 13:39:38,969 WARNING:biomolecule.py:157:num_missing_heavy:Missing atom OE1 in residue GLU A 57
2022-11-08 13:39:38,969 WARNING:biomolecule.py:157:num_missing_heavy:Missing atom OE2 in residue GLU A 57
2022-11-08 13:39:38,969 WARNING:biomolecule.py:157:num_missing_heavy:Missing atom CG in residue LYS A 58
2022-11-08 13:39:38,970 WARNING:biomolecule.py:157:num_missing_heavy:Missing atom CD in residue LYS A 58
2022-11-08 13:39:38,970 WARNING:biomolecule.py:157:num_missing_heavy:Missing atom CE in residue LYS A 58
2022-11-08 13:39:38,970 WARNING:biomolecule.py:157:num_missing_heavy:Missing atom NZ in residue LYS A 58
2022-11-08 13:39:38,970 WARNING:biomolecule.py:157:num_missing_heavy:Missing atom CG in residue LYS A 94
2022-11-08 13:39:38,970 WARNING:biomolecule.py:157:num_missing_heavy:Missing atom CD in residue LYS A 94
2022-11-08 13:39:38,970 WARNING:biomolecule.py:157:num_missing_heavy:Missing atom CE in residue LYS A 94
2022-11-08 13:39:38,971 WARNING:biomolecule.py:157:num_missing_heavy:Missing atom NZ in residue LYS A 94
2022-11-08 13:39:38,971 WARNING:biomolecule.py:157:num_missing_heavy:Missing atom CG in residue ARG A 96
2022-11-08 13:39:38,971 WARNING:biomolecule.py:157:num_missing_heavy:Missing atom CD in residue ARG A 96
2022-11-08 13:39:38,971 WARNING:biomolecule.py:157:num_missing_heavy:Missing atom NE in residue ARG A 96
2022-11-08 13:39:38,971 WARNING:biomolecule.py:157:num_missing_heavy:Missing atom CZ in residue ARG A 96
2022-11-08 13:39:38,971 WARNING:biomolecule.py:157:num_missing_heavy:Missing atom NH1 in residue ARG A 96
2022-11-08 13:39:38,971 WARNING:biomolecule.py:157:num_missing_heavy:Missing atom NH2 in residue ARG A 96
2022-11-08 13:39:38,974 WARNING:biomolecule.py:157:num_missing_heavy:Missing atom CG in residue ARG A 426
2022-11-08 13:39:38,974 WARNING:biomolecule.py:157:num_missing_heavy:Missing atom CD in residue ARG A 426
2022-11-08 13:39:38,974 WARNING:biomolecule.py:157:num_missing_heavy:Missing atom NE in residue ARG A 426
2022-11-08 13:39:38,974 WARNING:biomolecule.py:157:num_missing_heavy:Missing atom CZ in residue ARG A 426
2022-11-08 13:39:38,974 WARNING:biomolecule.py:157:num_missing_heavy:Missing atom NH1 in residue ARG A 426
2022-11-08 13:39:38,974 WARNING:biomolecule.py:157:num_missing_heavy:Missing atom NH2 in residue ARG A 426
2022-11-08 13:39:44,824 WARNING:main.py:311:print_pqr:Ignoring 2897 header lines in output.
2022-11-08 13:39:44,824 WARNING:main.py:315:print_pqr:Ignoring 60 missing lines in output.
