2022-11-08 13:37:02,848 WARNING:biomolecule.py:966:create_residue:Unable to find amino or nucleic acid definition for EDO.  Parsing as new residue.
2022-11-08 13:37:02,865 WARNING:biomolecule.py:966:create_residue:Unable to find amino or nucleic acid definition for SAM.  Parsing as new residue.
2022-11-08 13:37:02,866 WARNING:main.py:418:setup_molecule:Multiple occupancies found: CA in HIS A 12.
2022-11-08 13:37:02,866 WARNING:main.py:418:setup_molecule:Multiple occupancies found: CB in HIS A 12.
2022-11-08 13:37:02,866 WARNING:main.py:418:setup_molecule:Multiple occupancies found: CG in HIS A 12.
2022-11-08 13:37:02,867 WARNING:main.py:418:setup_molecule:Multiple occupancies found: CD2 in HIS A 12.
2022-11-08 13:37:02,867 WARNING:main.py:418:setup_molecule:Multiple occupancies found: ND1 in HIS A 12.
2022-11-08 13:37:02,867 WARNING:main.py:418:setup_molecule:Multiple occupancies found: CE1 in HIS A 12.
2022-11-08 13:37:02,867 WARNING:main.py:418:setup_molecule:Multiple occupancies found: NE2 in HIS A 12.
2022-11-08 13:37:02,867 WARNING:main.py:424:setup_molecule:Multiple occupancies found in HIS A 12. At least one of the instances is being ignored.
2022-11-08 13:37:02,867 WARNING:main.py:418:setup_molecule:Multiple occupancies found: CA in TRP A 51.
2022-11-08 13:37:02,867 WARNING:main.py:418:setup_molecule:Multiple occupancies found: CB in TRP A 51.
2022-11-08 13:37:02,867 WARNING:main.py:418:setup_molecule:Multiple occupancies found: CG in TRP A 51.
2022-11-08 13:37:02,867 WARNING:main.py:418:setup_molecule:Multiple occupancies found: CD1 in TRP A 51.
2022-11-08 13:37:02,868 WARNING:main.py:418:setup_molecule:Multiple occupancies found: CD2 in TRP A 51.
2022-11-08 13:37:02,868 WARNING:main.py:418:setup_molecule:Multiple occupancies found: CE2 in TRP A 51.
2022-11-08 13:37:02,868 WARNING:main.py:418:setup_molecule:Multiple occupancies found: CE3 in TRP A 51.
2022-11-08 13:37:02,868 WARNING:main.py:418:setup_molecule:Multiple occupancies found: NE1 in TRP A 51.
2022-11-08 13:37:02,868 WARNING:main.py:418:setup_molecule:Multiple occupancies found: CZ2 in TRP A 51.
2022-11-08 13:37:02,868 WARNING:main.py:418:setup_molecule:Multiple occupancies found: CZ3 in TRP A 51.
2022-11-08 13:37:02,868 WARNING:main.py:418:setup_molecule:Multiple occupancies found: CH2 in TRP A 51.
2022-11-08 13:37:02,868 WARNING:main.py:424:setup_molecule:Multiple occupancies found in TRP A 51. At least one of the instances is being ignored.
2022-11-08 13:37:02,868 WARNING:main.py:418:setup_molecule:Multiple occupancies found: CA in SER A 52.
2022-11-08 13:37:02,869 WARNING:main.py:418:setup_molecule:Multiple occupancies found: CB in SER A 52.
2022-11-08 13:37:02,869 WARNING:main.py:418:setup_molecule:Multiple occupancies found: OG in SER A 52.
2022-11-08 13:37:02,869 WARNING:main.py:424:setup_molecule:Multiple occupancies found in SER A 52. At least one of the instances is being ignored.
2022-11-08 13:37:02,869 WARNING:main.py:418:setup_molecule:Multiple occupancies found: CA in THR B 212.
2022-11-08 13:37:02,869 WARNING:main.py:418:setup_molecule:Multiple occupancies found: CB in THR B 212.
2022-11-08 13:37:02,869 WARNING:main.py:418:setup_molecule:Multiple occupancies found: CG2 in THR B 212.
2022-11-08 13:37:02,869 WARNING:main.py:418:setup_molecule:Multiple occupancies found: OG1 in THR B 212.
2022-11-08 13:37:02,870 WARNING:main.py:424:setup_molecule:Multiple occupancies found in THR B 212. At least one of the instances is being ignored.
2022-11-08 13:37:02,914 WARNING:biomolecule.py:157:num_missing_heavy:Missing atom CG in residue ARG A 31
2022-11-08 13:37:02,914 WARNING:biomolecule.py:157:num_missing_heavy:Missing atom CD in residue ARG A 31
2022-11-08 13:37:02,914 WARNING:biomolecule.py:157:num_missing_heavy:Missing atom NE in residue ARG A 31
2022-11-08 13:37:02,914 WARNING:biomolecule.py:157:num_missing_heavy:Missing atom CZ in residue ARG A 31
2022-11-08 13:37:02,914 WARNING:biomolecule.py:157:num_missing_heavy:Missing atom NH1 in residue ARG A 31
2022-11-08 13:37:02,915 WARNING:biomolecule.py:157:num_missing_heavy:Missing atom NH2 in residue ARG A 31
2022-11-08 13:37:02,916 WARNING:biomolecule.py:157:num_missing_heavy:Missing atom OXT in residue GLU A 124
2022-11-08 13:37:02,918 WARNING:biomolecule.py:157:num_missing_heavy:Missing atom OXT in residue SER B 214
2022-11-08 13:37:02,918 WARNING:biomolecule.py:157:num_missing_heavy:Missing atom CG in residue ARG A 31
2022-11-08 13:37:02,918 WARNING:biomolecule.py:157:num_missing_heavy:Missing atom CD in residue ARG A 31
2022-11-08 13:37:02,918 WARNING:biomolecule.py:157:num_missing_heavy:Missing atom NE in residue ARG A 31
2022-11-08 13:37:02,918 WARNING:biomolecule.py:157:num_missing_heavy:Missing atom CZ in residue ARG A 31
2022-11-08 13:37:02,919 WARNING:biomolecule.py:157:num_missing_heavy:Missing atom NH1 in residue ARG A 31
2022-11-08 13:37:02,919 WARNING:biomolecule.py:157:num_missing_heavy:Missing atom NH2 in residue ARG A 31
2022-11-08 13:37:02,919 WARNING:biomolecule.py:157:num_missing_heavy:Missing atom OXT in residue GLU A 124
2022-11-08 13:37:02,921 WARNING:biomolecule.py:157:num_missing_heavy:Missing atom OXT in residue SER B 214
2022-11-08 13:37:02,921 WARNING:biomolecule.py:157:num_missing_heavy:Missing atom CG in residue ARG A 31
2022-11-08 13:37:02,921 WARNING:biomolecule.py:157:num_missing_heavy:Missing atom CD in residue ARG A 31
2022-11-08 13:37:02,921 WARNING:biomolecule.py:157:num_missing_heavy:Missing atom NE in residue ARG A 31
2022-11-08 13:37:02,922 WARNING:biomolecule.py:157:num_missing_heavy:Missing atom CZ in residue ARG A 31
2022-11-08 13:37:02,922 WARNING:biomolecule.py:157:num_missing_heavy:Missing atom NH1 in residue ARG A 31
2022-11-08 13:37:02,922 WARNING:biomolecule.py:157:num_missing_heavy:Missing atom NH2 in residue ARG A 31
2022-11-08 13:37:02,922 WARNING:biomolecule.py:157:num_missing_heavy:Missing atom OXT in residue GLU A 124
2022-11-08 13:37:02,924 WARNING:biomolecule.py:157:num_missing_heavy:Missing atom OXT in residue SER B 214
2022-11-08 13:37:06,842 WARNING:main.py:311:print_pqr:Ignoring 1863 header lines in output.
2022-11-08 13:37:06,842 WARNING:main.py:315:print_pqr:Ignoring 31 missing lines in output.
