2022-11-08 13:36:53,045 WARNING:biomolecule.py:966:create_residue:Unable to find amino or nucleic acid definition for SAM.  Parsing as new residue.
2022-11-08 13:36:53,046 WARNING:biomolecule.py:966:create_residue:Unable to find amino or nucleic acid definition for MTA.  Parsing as new residue.
2022-11-08 13:36:53,081 WARNING:biomolecule.py:966:create_residue:Unable to find amino or nucleic acid definition for SAM.  Parsing as new residue.
2022-11-08 13:36:53,081 WARNING:biomolecule.py:966:create_residue:Unable to find amino or nucleic acid definition for MTA.  Parsing as new residue.
2022-11-08 13:36:53,083 WARNING:main.py:418:setup_molecule:Multiple occupancies found: CA in GLN A 34.
2022-11-08 13:36:53,083 WARNING:main.py:418:setup_molecule:Multiple occupancies found: CB in GLN A 34.
2022-11-08 13:36:53,083 WARNING:main.py:418:setup_molecule:Multiple occupancies found: CG in GLN A 34.
2022-11-08 13:36:53,083 WARNING:main.py:418:setup_molecule:Multiple occupancies found: CD in GLN A 34.
2022-11-08 13:36:53,084 WARNING:main.py:418:setup_molecule:Multiple occupancies found: NE2 in GLN A 34.
2022-11-08 13:36:53,084 WARNING:main.py:418:setup_molecule:Multiple occupancies found: OE1 in GLN A 34.
2022-11-08 13:36:53,084 WARNING:main.py:424:setup_molecule:Multiple occupancies found in GLN A 34. At least one of the instances is being ignored.
2022-11-08 13:36:53,084 WARNING:main.py:418:setup_molecule:Multiple occupancies found: CA in GLU A 38.
2022-11-08 13:36:53,084 WARNING:main.py:418:setup_molecule:Multiple occupancies found: CB in GLU A 38.
2022-11-08 13:36:53,084 WARNING:main.py:418:setup_molecule:Multiple occupancies found: CG in GLU A 38.
2022-11-08 13:36:53,084 WARNING:main.py:418:setup_molecule:Multiple occupancies found: CD in GLU A 38.
2022-11-08 13:36:53,084 WARNING:main.py:418:setup_molecule:Multiple occupancies found: OE1 in GLU A 38.
2022-11-08 13:36:53,085 WARNING:main.py:418:setup_molecule:Multiple occupancies found: OE2 in GLU A 38.
2022-11-08 13:36:53,085 WARNING:main.py:424:setup_molecule:Multiple occupancies found in GLU A 38. At least one of the instances is being ignored.
2022-11-08 13:36:53,085 WARNING:main.py:418:setup_molecule:Multiple occupancies found: CA in TRP A 139.
2022-11-08 13:36:53,085 WARNING:main.py:418:setup_molecule:Multiple occupancies found: CB in TRP A 139.
2022-11-08 13:36:53,085 WARNING:main.py:418:setup_molecule:Multiple occupancies found: CG in TRP A 139.
2022-11-08 13:36:53,085 WARNING:main.py:418:setup_molecule:Multiple occupancies found: CD1 in TRP A 139.
2022-11-08 13:36:53,085 WARNING:main.py:418:setup_molecule:Multiple occupancies found: CD2 in TRP A 139.
2022-11-08 13:36:53,085 WARNING:main.py:418:setup_molecule:Multiple occupancies found: CE2 in TRP A 139.
2022-11-08 13:36:53,086 WARNING:main.py:418:setup_molecule:Multiple occupancies found: CE3 in TRP A 139.
2022-11-08 13:36:53,086 WARNING:main.py:418:setup_molecule:Multiple occupancies found: NE1 in TRP A 139.
2022-11-08 13:36:53,086 WARNING:main.py:418:setup_molecule:Multiple occupancies found: CZ2 in TRP A 139.
2022-11-08 13:36:53,086 WARNING:main.py:418:setup_molecule:Multiple occupancies found: CZ3 in TRP A 139.
2022-11-08 13:36:53,086 WARNING:main.py:418:setup_molecule:Multiple occupancies found: CH2 in TRP A 139.
2022-11-08 13:36:53,086 WARNING:main.py:424:setup_molecule:Multiple occupancies found in TRP A 139. At least one of the instances is being ignored.
2022-11-08 13:36:53,086 WARNING:main.py:418:setup_molecule:Multiple occupancies found: CA in MET A 143.
2022-11-08 13:36:53,086 WARNING:main.py:418:setup_molecule:Multiple occupancies found: CB in MET A 143.
2022-11-08 13:36:53,087 WARNING:main.py:418:setup_molecule:Multiple occupancies found: CG in MET A 143.
2022-11-08 13:36:53,087 WARNING:main.py:418:setup_molecule:Multiple occupancies found: SD in MET A 143.
2022-11-08 13:36:53,087 WARNING:main.py:418:setup_molecule:Multiple occupancies found: CE in MET A 143.
2022-11-08 13:36:53,087 WARNING:main.py:424:setup_molecule:Multiple occupancies found in MET A 143. At least one of the instances is being ignored.
2022-11-08 13:36:53,089 WARNING:main.py:418:setup_molecule:Multiple occupancies found: CA in LYS A 167.
2022-11-08 13:36:53,089 WARNING:main.py:418:setup_molecule:Multiple occupancies found: CB in LYS A 167.
2022-11-08 13:36:53,089 WARNING:main.py:418:setup_molecule:Multiple occupancies found: CG in LYS A 167.
2022-11-08 13:36:53,089 WARNING:main.py:418:setup_molecule:Multiple occupancies found: CD in LYS A 167.
2022-11-08 13:36:53,090 WARNING:main.py:418:setup_molecule:Multiple occupancies found: CE in LYS A 167.
2022-11-08 13:36:53,090 WARNING:main.py:418:setup_molecule:Multiple occupancies found: NZ in LYS A 167.
2022-11-08 13:36:53,090 WARNING:main.py:424:setup_molecule:Multiple occupancies found in LYS A 167. At least one of the instances is being ignored.
2022-11-08 13:36:53,090 WARNING:main.py:418:setup_molecule:Multiple occupancies found: CA in PHE A 189.
2022-11-08 13:36:53,090 WARNING:main.py:418:setup_molecule:Multiple occupancies found: CB in PHE A 189.
2022-11-08 13:36:53,090 WARNING:main.py:418:setup_molecule:Multiple occupancies found: CG in PHE A 189.
2022-11-08 13:36:53,090 WARNING:main.py:418:setup_molecule:Multiple occupancies found: CD1 in PHE A 189.
2022-11-08 13:36:53,090 WARNING:main.py:418:setup_molecule:Multiple occupancies found: CD2 in PHE A 189.
2022-11-08 13:36:53,091 WARNING:main.py:418:setup_molecule:Multiple occupancies found: CE1 in PHE A 189.
2022-11-08 13:36:53,091 WARNING:main.py:418:setup_molecule:Multiple occupancies found: CE2 in PHE A 189.
2022-11-08 13:36:53,091 WARNING:main.py:418:setup_molecule:Multiple occupancies found: CZ in PHE A 189.
2022-11-08 13:36:53,091 WARNING:main.py:424:setup_molecule:Multiple occupancies found in PHE A 189. At least one of the instances is being ignored.
2022-11-08 13:36:53,091 WARNING:main.py:418:setup_molecule:Multiple occupancies found: CA in MET B 1.
2022-11-08 13:36:53,091 WARNING:main.py:418:setup_molecule:Multiple occupancies found: CB in MET B 1.
2022-11-08 13:36:53,091 WARNING:main.py:418:setup_molecule:Multiple occupancies found: CG in MET B 1.
2022-11-08 13:36:53,091 WARNING:main.py:418:setup_molecule:Multiple occupancies found: SD in MET B 1.
2022-11-08 13:36:53,092 WARNING:main.py:418:setup_molecule:Multiple occupancies found: CE in MET B 1.
2022-11-08 13:36:53,092 WARNING:main.py:424:setup_molecule:Multiple occupancies found in MET B 1. At least one of the instances is being ignored.
2022-11-08 13:36:53,092 WARNING:main.py:418:setup_molecule:Multiple occupancies found: CA in GLN B 34.
2022-11-08 13:36:53,092 WARNING:main.py:418:setup_molecule:Multiple occupancies found: CB in GLN B 34.
2022-11-08 13:36:53,092 WARNING:main.py:418:setup_molecule:Multiple occupancies found: CG in GLN B 34.
2022-11-08 13:36:53,092 WARNING:main.py:418:setup_molecule:Multiple occupancies found: CD in GLN B 34.
2022-11-08 13:36:53,092 WARNING:main.py:418:setup_molecule:Multiple occupancies found: NE2 in GLN B 34.
2022-11-08 13:36:53,092 WARNING:main.py:418:setup_molecule:Multiple occupancies found: OE1 in GLN B 34.
2022-11-08 13:36:53,093 WARNING:main.py:424:setup_molecule:Multiple occupancies found in GLN B 34. At least one of the instances is being ignored.
2022-11-08 13:36:53,093 WARNING:main.py:418:setup_molecule:Multiple occupancies found: CA in GLU B 38.
2022-11-08 13:36:53,093 WARNING:main.py:418:setup_molecule:Multiple occupancies found: CB in GLU B 38.
2022-11-08 13:36:53,093 WARNING:main.py:418:setup_molecule:Multiple occupancies found: CG in GLU B 38.
2022-11-08 13:36:53,093 WARNING:main.py:418:setup_molecule:Multiple occupancies found: CD in GLU B 38.
2022-11-08 13:36:53,093 WARNING:main.py:418:setup_molecule:Multiple occupancies found: OE1 in GLU B 38.
2022-11-08 13:36:53,093 WARNING:main.py:418:setup_molecule:Multiple occupancies found: OE2 in GLU B 38.
2022-11-08 13:36:53,093 WARNING:main.py:424:setup_molecule:Multiple occupancies found in GLU B 38. At least one of the instances is being ignored.
2022-11-08 13:36:53,093 WARNING:main.py:418:setup_molecule:Multiple occupancies found: CA in ARG B 58.
2022-11-08 13:36:53,094 WARNING:main.py:418:setup_molecule:Multiple occupancies found: CB in ARG B 58.
2022-11-08 13:36:53,094 WARNING:main.py:418:setup_molecule:Multiple occupancies found: CG in ARG B 58.
2022-11-08 13:36:53,094 WARNING:main.py:418:setup_molecule:Multiple occupancies found: CD in ARG B 58.
2022-11-08 13:36:53,094 WARNING:main.py:418:setup_molecule:Multiple occupancies found: NE in ARG B 58.
2022-11-08 13:36:53,094 WARNING:main.py:418:setup_molecule:Multiple occupancies found: CZ in ARG B 58.
2022-11-08 13:36:53,094 WARNING:main.py:418:setup_molecule:Multiple occupancies found: NH1 in ARG B 58.
2022-11-08 13:36:53,094 WARNING:main.py:418:setup_molecule:Multiple occupancies found: NH2 in ARG B 58.
2022-11-08 13:36:53,094 WARNING:main.py:424:setup_molecule:Multiple occupancies found in ARG B 58. At least one of the instances is being ignored.
2022-11-08 13:36:53,094 WARNING:main.py:418:setup_molecule:Multiple occupancies found: CA in SER B 101.
2022-11-08 13:36:53,095 WARNING:main.py:418:setup_molecule:Multiple occupancies found: CB in SER B 101.
2022-11-08 13:36:53,095 WARNING:main.py:418:setup_molecule:Multiple occupancies found: OG in SER B 101.
2022-11-08 13:36:53,095 WARNING:main.py:424:setup_molecule:Multiple occupancies found in SER B 101. At least one of the instances is being ignored.
2022-11-08 13:36:53,095 WARNING:main.py:418:setup_molecule:Multiple occupancies found: CA in LEU B 138.
2022-11-08 13:36:53,095 WARNING:main.py:418:setup_molecule:Multiple occupancies found: CB in LEU B 138.
2022-11-08 13:36:53,095 WARNING:main.py:418:setup_molecule:Multiple occupancies found: CG in LEU B 138.
2022-11-08 13:36:53,095 WARNING:main.py:418:setup_molecule:Multiple occupancies found: CD1 in LEU B 138.
2022-11-08 13:36:53,095 WARNING:main.py:418:setup_molecule:Multiple occupancies found: CD2 in LEU B 138.
2022-11-08 13:36:53,096 WARNING:main.py:424:setup_molecule:Multiple occupancies found in LEU B 138. At least one of the instances is being ignored.
2022-11-08 13:36:53,096 WARNING:main.py:418:setup_molecule:Multiple occupancies found: CA in TRP B 139.
2022-11-08 13:36:53,096 WARNING:main.py:418:setup_molecule:Multiple occupancies found: CB in TRP B 139.
2022-11-08 13:36:53,096 WARNING:main.py:418:setup_molecule:Multiple occupancies found: CG in TRP B 139.
2022-11-08 13:36:53,096 WARNING:main.py:418:setup_molecule:Multiple occupancies found: CD1 in TRP B 139.
2022-11-08 13:36:53,096 WARNING:main.py:418:setup_molecule:Multiple occupancies found: CD2 in TRP B 139.
2022-11-08 13:36:53,096 WARNING:main.py:418:setup_molecule:Multiple occupancies found: CE2 in TRP B 139.
2022-11-08 13:36:53,096 WARNING:main.py:418:setup_molecule:Multiple occupancies found: CE3 in TRP B 139.
2022-11-08 13:36:53,096 WARNING:main.py:418:setup_molecule:Multiple occupancies found: NE1 in TRP B 139.
2022-11-08 13:36:53,097 WARNING:main.py:418:setup_molecule:Multiple occupancies found: CZ2 in TRP B 139.
2022-11-08 13:36:53,097 WARNING:main.py:418:setup_molecule:Multiple occupancies found: CZ3 in TRP B 139.
2022-11-08 13:36:53,097 WARNING:main.py:418:setup_molecule:Multiple occupancies found: CH2 in TRP B 139.
2022-11-08 13:36:53,097 WARNING:main.py:424:setup_molecule:Multiple occupancies found in TRP B 139. At least one of the instances is being ignored.
2022-11-08 13:36:53,097 WARNING:main.py:418:setup_molecule:Multiple occupancies found: CA in MET B 143.
2022-11-08 13:36:53,097 WARNING:main.py:418:setup_molecule:Multiple occupancies found: CB in MET B 143.
2022-11-08 13:36:53,097 WARNING:main.py:418:setup_molecule:Multiple occupancies found: CG in MET B 143.
2022-11-08 13:36:53,097 WARNING:main.py:418:setup_molecule:Multiple occupancies found: SD in MET B 143.
2022-11-08 13:36:53,097 WARNING:main.py:418:setup_molecule:Multiple occupancies found: CE in MET B 143.
2022-11-08 13:36:53,098 WARNING:main.py:424:setup_molecule:Multiple occupancies found in MET B 143. At least one of the instances is being ignored.
2022-11-08 13:36:53,098 WARNING:main.py:418:setup_molecule:Multiple occupancies found: CA in PHE B 189.
2022-11-08 13:36:53,098 WARNING:main.py:418:setup_molecule:Multiple occupancies found: CB in PHE B 189.
2022-11-08 13:36:53,098 WARNING:main.py:418:setup_molecule:Multiple occupancies found: CG in PHE B 189.
2022-11-08 13:36:53,098 WARNING:main.py:418:setup_molecule:Multiple occupancies found: CD1 in PHE B 189.
2022-11-08 13:36:53,098 WARNING:main.py:418:setup_molecule:Multiple occupancies found: CD2 in PHE B 189.
2022-11-08 13:36:53,098 WARNING:main.py:418:setup_molecule:Multiple occupancies found: CE1 in PHE B 189.
2022-11-08 13:36:53,098 WARNING:main.py:418:setup_molecule:Multiple occupancies found: CE2 in PHE B 189.
2022-11-08 13:36:53,098 WARNING:main.py:418:setup_molecule:Multiple occupancies found: CZ in PHE B 189.
2022-11-08 13:36:53,099 WARNING:main.py:424:setup_molecule:Multiple occupancies found in PHE B 189. At least one of the instances is being ignored.
2022-11-08 13:36:53,169 WARNING:biomolecule.py:157:num_missing_heavy:Missing atom OXT in residue GLN A 387
2022-11-08 13:36:53,171 WARNING:biomolecule.py:157:num_missing_heavy:Missing atom OXT in residue GLN B 387
2022-11-08 13:36:53,174 WARNING:biomolecule.py:157:num_missing_heavy:Missing atom OXT in residue GLN A 387
2022-11-08 13:36:53,176 WARNING:biomolecule.py:157:num_missing_heavy:Missing atom OXT in residue GLN B 387
2022-11-08 13:36:53,179 WARNING:biomolecule.py:157:num_missing_heavy:Missing atom OXT in residue GLN A 387
2022-11-08 13:36:53,182 WARNING:biomolecule.py:157:num_missing_heavy:Missing atom OXT in residue GLN B 387
2022-11-08 13:37:01,901 WARNING:main.py:311:print_pqr:Ignoring 3966 header lines in output.
2022-11-08 13:37:01,902 WARNING:main.py:315:print_pqr:Ignoring 94 missing lines in output.
