2022-11-08 13:39:04,976 WARNING:biomolecule.py:966:create_residue:Unable to find amino or nucleic acid definition for ZN.  Parsing as new residue.
2022-11-08 13:39:04,976 WARNING:biomolecule.py:966:create_residue:Unable to find amino or nucleic acid definition for ZN.  Parsing as new residue.
2022-11-08 13:39:04,976 WARNING:biomolecule.py:966:create_residue:Unable to find amino or nucleic acid definition for ZN.  Parsing as new residue.
2022-11-08 13:39:04,977 WARNING:biomolecule.py:966:create_residue:Unable to find amino or nucleic acid definition for ZN.  Parsing as new residue.
2022-11-08 13:39:04,977 WARNING:biomolecule.py:966:create_residue:Unable to find amino or nucleic acid definition for SAM.  Parsing as new residue.
2022-11-08 13:39:04,977 WARNING:biomolecule.py:966:create_residue:Unable to find amino or nucleic acid definition for N47.  Parsing as new residue.
2022-11-08 13:39:05,005 WARNING:biomolecule.py:966:create_residue:Unable to find amino or nucleic acid definition for ZN.  Parsing as new residue.
2022-11-08 13:39:05,006 WARNING:biomolecule.py:966:create_residue:Unable to find amino or nucleic acid definition for ZN.  Parsing as new residue.
2022-11-08 13:39:05,006 WARNING:biomolecule.py:966:create_residue:Unable to find amino or nucleic acid definition for ZN.  Parsing as new residue.
2022-11-08 13:39:05,006 WARNING:io.py:40:filter:Suppressing further "Unable to find amino or nucleic acid definition for" messages
2022-11-08 13:39:05,008 WARNING:main.py:418:setup_molecule:Multiple occupancies found: CG in ASP A 949.
2022-11-08 13:39:05,008 WARNING:main.py:418:setup_molecule:Multiple occupancies found: OD1 in ASP A 949.
2022-11-08 13:39:05,008 WARNING:main.py:418:setup_molecule:Multiple occupancies found: OD2 in ASP A 949.
2022-11-08 13:39:05,008 WARNING:main.py:424:setup_molecule:Multiple occupancies found in ASP A 949. At least one of the instances is being ignored.
2022-11-08 13:39:05,008 WARNING:main.py:418:setup_molecule:Multiple occupancies found: N in GLU A 955.
2022-11-08 13:39:05,008 WARNING:main.py:418:setup_molecule:Multiple occupancies found: CA in GLU A 955.
2022-11-08 13:39:05,009 WARNING:main.py:418:setup_molecule:Multiple occupancies found: C in GLU A 955.
2022-11-08 13:39:05,009 WARNING:main.py:418:setup_molecule:Multiple occupancies found: O in GLU A 955.
2022-11-08 13:39:05,009 WARNING:main.py:418:setup_molecule:Multiple occupancies found: CB in GLU A 955.
2022-11-08 13:39:05,009 WARNING:main.py:418:setup_molecule:Multiple occupancies found: CG in GLU A 955.
2022-11-08 13:39:05,009 WARNING:main.py:418:setup_molecule:Multiple occupancies found: CD in GLU A 955.
2022-11-08 13:39:05,009 WARNING:main.py:418:setup_molecule:Multiple occupancies found: OE1 in GLU A 955.
2022-11-08 13:39:05,009 WARNING:main.py:418:setup_molecule:Multiple occupancies found: OE2 in GLU A 955.
2022-11-08 13:39:05,009 WARNING:main.py:424:setup_molecule:Multiple occupancies found in GLU A 955. At least one of the instances is being ignored.
2022-11-08 13:39:05,010 WARNING:main.py:418:setup_molecule:Multiple occupancies found: CG in ARG A 1142.
2022-11-08 13:39:05,010 WARNING:main.py:418:setup_molecule:Multiple occupancies found: CD in ARG A 1142.
2022-11-08 13:39:05,010 WARNING:main.py:418:setup_molecule:Multiple occupancies found: NE in ARG A 1142.
2022-11-08 13:39:05,010 WARNING:main.py:418:setup_molecule:Multiple occupancies found: CZ in ARG A 1142.
2022-11-08 13:39:05,010 WARNING:main.py:418:setup_molecule:Multiple occupancies found: NH1 in ARG A 1142.
2022-11-08 13:39:05,010 WARNING:main.py:418:setup_molecule:Multiple occupancies found: NH2 in ARG A 1142.
2022-11-08 13:39:05,010 WARNING:main.py:424:setup_molecule:Multiple occupancies found in ARG A 1142. At least one of the instances is being ignored.
2022-11-08 13:39:05,011 WARNING:main.py:418:setup_molecule:Multiple occupancies found: CG in ASP B 949.
2022-11-08 13:39:05,011 WARNING:main.py:418:setup_molecule:Multiple occupancies found: OD1 in ASP B 949.
2022-11-08 13:39:05,012 WARNING:main.py:418:setup_molecule:Multiple occupancies found: OD2 in ASP B 949.
2022-11-08 13:39:05,012 WARNING:main.py:424:setup_molecule:Multiple occupancies found in ASP B 949. At least one of the instances is being ignored.
2022-11-08 13:39:05,012 WARNING:main.py:418:setup_molecule:Multiple occupancies found: N in GLU B 955.
2022-11-08 13:39:05,012 WARNING:main.py:418:setup_molecule:Multiple occupancies found: CA in GLU B 955.
2022-11-08 13:39:05,012 WARNING:main.py:418:setup_molecule:Multiple occupancies found: C in GLU B 955.
2022-11-08 13:39:05,012 WARNING:main.py:418:setup_molecule:Multiple occupancies found: O in GLU B 955.
2022-11-08 13:39:05,013 WARNING:main.py:418:setup_molecule:Multiple occupancies found: CB in GLU B 955.
2022-11-08 13:39:05,013 WARNING:main.py:418:setup_molecule:Multiple occupancies found: CG in GLU B 955.
2022-11-08 13:39:05,013 WARNING:main.py:418:setup_molecule:Multiple occupancies found: CD in GLU B 955.
2022-11-08 13:39:05,013 WARNING:main.py:418:setup_molecule:Multiple occupancies found: OE1 in GLU B 955.
2022-11-08 13:39:05,013 WARNING:main.py:418:setup_molecule:Multiple occupancies found: OE2 in GLU B 955.
2022-11-08 13:39:05,013 WARNING:main.py:424:setup_molecule:Multiple occupancies found in GLU B 955. At least one of the instances is being ignored.
2022-11-08 13:39:05,014 WARNING:main.py:418:setup_molecule:Multiple occupancies found: CG in ARG B 1142.
2022-11-08 13:39:05,014 WARNING:main.py:418:setup_molecule:Multiple occupancies found: CD in ARG B 1142.
2022-11-08 13:39:05,014 WARNING:main.py:418:setup_molecule:Multiple occupancies found: NE in ARG B 1142.
2022-11-08 13:39:05,014 WARNING:main.py:418:setup_molecule:Multiple occupancies found: CZ in ARG B 1142.
2022-11-08 13:39:05,014 WARNING:main.py:418:setup_molecule:Multiple occupancies found: NH1 in ARG B 1142.
2022-11-08 13:39:05,014 WARNING:main.py:418:setup_molecule:Multiple occupancies found: NH2 in ARG B 1142.
2022-11-08 13:39:05,014 WARNING:main.py:424:setup_molecule:Multiple occupancies found in ARG B 1142. At least one of the instances is being ignored.
2022-11-08 13:39:05,038 WARNING:biomolecule.py:600:update_bonds:Gap in backbone detected between ASN A 1091 and ASP A 1093!
2022-11-08 13:39:05,044 WARNING:biomolecule.py:600:update_bonds:Gap in backbone detected between ASN B 1091 and GLY B 1094!
2022-11-08 13:39:05,078 WARNING:biomolecule.py:157:num_missing_heavy:Missing atom CG in residue ARG A 924
2022-11-08 13:39:05,079 WARNING:biomolecule.py:157:num_missing_heavy:Missing atom CD in residue ARG A 924
2022-11-08 13:39:05,079 WARNING:biomolecule.py:157:num_missing_heavy:Missing atom NE in residue ARG A 924
2022-11-08 13:39:05,079 WARNING:biomolecule.py:157:num_missing_heavy:Missing atom CZ in residue ARG A 924
2022-11-08 13:39:05,079 WARNING:biomolecule.py:157:num_missing_heavy:Missing atom NH1 in residue ARG A 924
2022-11-08 13:39:05,079 WARNING:biomolecule.py:157:num_missing_heavy:Missing atom NH2 in residue ARG A 924
2022-11-08 13:39:05,080 WARNING:biomolecule.py:157:num_missing_heavy:Missing atom CG1 in residue ILE A 992
2022-11-08 13:39:05,080 WARNING:biomolecule.py:157:num_missing_heavy:Missing atom CG2 in residue ILE A 992
2022-11-08 13:39:05,080 WARNING:biomolecule.py:157:num_missing_heavy:Missing atom CD1 in residue ILE A 992
2022-11-08 13:39:05,080 WARNING:biomolecule.py:157:num_missing_heavy:Missing atom CD in residue GLN A 1004
2022-11-08 13:39:05,081 WARNING:biomolecule.py:157:num_missing_heavy:Missing atom OE1 in residue GLN A 1004
2022-11-08 13:39:05,081 WARNING:biomolecule.py:157:num_missing_heavy:Missing atom NE2 in residue GLN A 1004
2022-11-08 13:39:05,081 WARNING:biomolecule.py:157:num_missing_heavy:Missing atom OE1 in residue GLU A 1005
2022-11-08 13:39:05,081 WARNING:biomolecule.py:157:num_missing_heavy:Missing atom OE2 in residue GLU A 1005
2022-11-08 13:39:05,082 WARNING:biomolecule.py:157:num_missing_heavy:Missing atom CG in residue GLU A 1081
2022-11-08 13:39:05,082 WARNING:biomolecule.py:157:num_missing_heavy:Missing atom CD in residue GLU A 1081
2022-11-08 13:39:05,082 WARNING:biomolecule.py:157:num_missing_heavy:Missing atom OE1 in residue GLU A 1081
2022-11-08 13:39:05,082 WARNING:biomolecule.py:157:num_missing_heavy:Missing atom OE2 in residue GLU A 1081
2022-11-08 13:39:05,082 WARNING:biomolecule.py:157:num_missing_heavy:Missing atom CG in residue ASP A 1093
2022-11-08 13:39:05,082 WARNING:biomolecule.py:157:num_missing_heavy:Missing atom OD1 in residue ASP A 1093
2022-11-08 13:39:05,083 WARNING:biomolecule.py:157:num_missing_heavy:Missing atom OD2 in residue ASP A 1093
2022-11-08 13:39:05,083 WARNING:biomolecule.py:157:num_missing_heavy:Missing atom CD in residue GLU A 1095
2022-11-08 13:39:05,083 WARNING:biomolecule.py:157:num_missing_heavy:Missing atom OE1 in residue GLU A 1095
2022-11-08 13:39:05,083 WARNING:biomolecule.py:157:num_missing_heavy:Missing atom OE2 in residue GLU A 1095
2022-11-08 13:39:05,084 WARNING:biomolecule.py:157:num_missing_heavy:Missing atom CE in residue LYS A 1164
2022-11-08 13:39:05,084 WARNING:biomolecule.py:157:num_missing_heavy:Missing atom NZ in residue LYS A 1164
2022-11-08 13:39:05,084 WARNING:biomolecule.py:157:num_missing_heavy:Missing atom CG in residue LYS A 1174
2022-11-08 13:39:05,084 WARNING:biomolecule.py:157:num_missing_heavy:Missing atom CD in residue LYS A 1174
2022-11-08 13:39:05,084 WARNING:biomolecule.py:157:num_missing_heavy:Missing atom CE in residue LYS A 1174
2022-11-08 13:39:05,084 WARNING:biomolecule.py:157:num_missing_heavy:Missing atom NZ in residue LYS A 1174
2022-11-08 13:39:05,085 WARNING:biomolecule.py:157:num_missing_heavy:Missing atom CG in residue GLN A 1186
2022-11-08 13:39:05,085 WARNING:biomolecule.py:157:num_missing_heavy:Missing atom CD in residue GLN A 1186
2022-11-08 13:39:05,085 WARNING:biomolecule.py:157:num_missing_heavy:Missing atom OE1 in residue GLN A 1186
2022-11-08 13:39:05,085 WARNING:biomolecule.py:157:num_missing_heavy:Missing atom NE2 in residue GLN A 1186
2022-11-08 13:39:05,085 WARNING:biomolecule.py:157:num_missing_heavy:Missing atom CG in residue LEU A 1189
2022-11-08 13:39:05,085 WARNING:biomolecule.py:157:num_missing_heavy:Missing atom CD1 in residue LEU A 1189
2022-11-08 13:39:05,085 WARNING:biomolecule.py:157:num_missing_heavy:Missing atom CD2 in residue LEU A 1189
2022-11-08 13:39:05,086 WARNING:biomolecule.py:157:num_missing_heavy:Missing atom OXT in residue LEU A 1189
2022-11-08 13:39:05,086 WARNING:biomolecule.py:157:num_missing_heavy:Missing atom CD in residue LYS B 920
2022-11-08 13:39:05,086 WARNING:biomolecule.py:157:num_missing_heavy:Missing atom CE in residue LYS B 920
2022-11-08 13:39:05,086 WARNING:biomolecule.py:157:num_missing_heavy:Missing atom NZ in residue LYS B 920
2022-11-08 13:39:05,087 WARNING:biomolecule.py:157:num_missing_heavy:Missing atom CG1 in residue VAL B 977
2022-11-08 13:39:05,087 WARNING:biomolecule.py:157:num_missing_heavy:Missing atom CG2 in residue VAL B 977
2022-11-08 13:39:05,088 WARNING:biomolecule.py:157:num_missing_heavy:Missing atom CG in residue GLU B 1173
2022-11-08 13:39:05,089 WARNING:biomolecule.py:157:num_missing_heavy:Missing atom CD in residue GLU B 1173
2022-11-08 13:39:05,089 WARNING:biomolecule.py:157:num_missing_heavy:Missing atom OE1 in residue GLU B 1173
2022-11-08 13:39:05,089 WARNING:biomolecule.py:157:num_missing_heavy:Missing atom OE2 in residue GLU B 1173
2022-11-08 13:39:05,089 WARNING:biomolecule.py:157:num_missing_heavy:Missing atom CE in residue LYS B 1176
2022-11-08 13:39:05,089 WARNING:biomolecule.py:157:num_missing_heavy:Missing atom NZ in residue LYS B 1176
2022-11-08 13:39:05,089 WARNING:biomolecule.py:157:num_missing_heavy:Missing atom CD in residue GLU B 1180
2022-11-08 13:39:05,090 WARNING:biomolecule.py:157:num_missing_heavy:Missing atom OE1 in residue GLU B 1180
2022-11-08 13:39:05,090 WARNING:biomolecule.py:157:num_missing_heavy:Missing atom OE2 in residue GLU B 1180
2022-11-08 13:39:05,090 WARNING:biomolecule.py:157:num_missing_heavy:Missing atom CG in residue GLN B 1186
2022-11-08 13:39:05,090 WARNING:biomolecule.py:157:num_missing_heavy:Missing atom CD in residue GLN B 1186
2022-11-08 13:39:05,090 WARNING:biomolecule.py:157:num_missing_heavy:Missing atom OE1 in residue GLN B 1186
2022-11-08 13:39:05,090 WARNING:biomolecule.py:157:num_missing_heavy:Missing atom NE2 in residue GLN B 1186
2022-11-08 13:39:05,090 WARNING:biomolecule.py:157:num_missing_heavy:Missing atom CG in residue ARG B 1188
2022-11-08 13:39:05,090 WARNING:biomolecule.py:157:num_missing_heavy:Missing atom CD in residue ARG B 1188
2022-11-08 13:39:05,091 WARNING:biomolecule.py:157:num_missing_heavy:Missing atom NE in residue ARG B 1188
2022-11-08 13:39:05,091 WARNING:biomolecule.py:157:num_missing_heavy:Missing atom CZ in residue ARG B 1188
2022-11-08 13:39:05,091 WARNING:biomolecule.py:157:num_missing_heavy:Missing atom NH1 in residue ARG B 1188
2022-11-08 13:39:05,091 WARNING:biomolecule.py:157:num_missing_heavy:Missing atom NH2 in residue ARG B 1188
2022-11-08 13:39:05,091 WARNING:biomolecule.py:157:num_missing_heavy:Missing atom CG in residue LEU B 1189
2022-11-08 13:39:05,091 WARNING:biomolecule.py:157:num_missing_heavy:Missing atom CD1 in residue LEU B 1189
2022-11-08 13:39:05,091 WARNING:biomolecule.py:157:num_missing_heavy:Missing atom CD2 in residue LEU B 1189
2022-11-08 13:39:05,092 WARNING:biomolecule.py:157:num_missing_heavy:Missing atom OXT in residue LEU B 1189
2022-11-08 13:39:05,092 WARNING:biomolecule.py:157:num_missing_heavy:Missing atom CG in residue ARG A 924
2022-11-08 13:39:05,092 WARNING:biomolecule.py:157:num_missing_heavy:Missing atom CD in residue ARG A 924
2022-11-08 13:39:05,092 WARNING:biomolecule.py:157:num_missing_heavy:Missing atom NE in residue ARG A 924
2022-11-08 13:39:05,092 WARNING:biomolecule.py:157:num_missing_heavy:Missing atom CZ in residue ARG A 924
2022-11-08 13:39:05,092 WARNING:biomolecule.py:157:num_missing_heavy:Missing atom NH1 in residue ARG A 924
2022-11-08 13:39:05,092 WARNING:biomolecule.py:157:num_missing_heavy:Missing atom NH2 in residue ARG A 924
2022-11-08 13:39:05,093 WARNING:biomolecule.py:157:num_missing_heavy:Missing atom CG1 in residue ILE A 992
2022-11-08 13:39:05,093 WARNING:biomolecule.py:157:num_missing_heavy:Missing atom CG2 in residue ILE A 992
2022-11-08 13:39:05,093 WARNING:biomolecule.py:157:num_missing_heavy:Missing atom CD1 in residue ILE A 992
2022-11-08 13:39:05,093 WARNING:biomolecule.py:157:num_missing_heavy:Missing atom CD in residue GLN A 1004
2022-11-08 13:39:05,094 WARNING:biomolecule.py:157:num_missing_heavy:Missing atom OE1 in residue GLN A 1004
2022-11-08 13:39:05,094 WARNING:biomolecule.py:157:num_missing_heavy:Missing atom NE2 in residue GLN A 1004
2022-11-08 13:39:05,094 WARNING:biomolecule.py:157:num_missing_heavy:Missing atom OE1 in residue GLU A 1005
2022-11-08 13:39:05,094 WARNING:biomolecule.py:157:num_missing_heavy:Missing atom OE2 in residue GLU A 1005
2022-11-08 13:39:05,095 WARNING:biomolecule.py:157:num_missing_heavy:Missing atom CG in residue GLU A 1081
2022-11-08 13:39:05,095 WARNING:biomolecule.py:157:num_missing_heavy:Missing atom CD in residue GLU A 1081
2022-11-08 13:39:05,095 WARNING:biomolecule.py:157:num_missing_heavy:Missing atom OE1 in residue GLU A 1081
2022-11-08 13:39:05,095 WARNING:biomolecule.py:157:num_missing_heavy:Missing atom OE2 in residue GLU A 1081
2022-11-08 13:39:05,095 WARNING:biomolecule.py:157:num_missing_heavy:Missing atom CG in residue ASP A 1093
2022-11-08 13:39:05,095 WARNING:biomolecule.py:157:num_missing_heavy:Missing atom OD1 in residue ASP A 1093
2022-11-08 13:39:05,096 WARNING:biomolecule.py:157:num_missing_heavy:Missing atom OD2 in residue ASP A 1093
2022-11-08 13:39:05,096 WARNING:biomolecule.py:157:num_missing_heavy:Missing atom CD in residue GLU A 1095
2022-11-08 13:39:05,096 WARNING:biomolecule.py:157:num_missing_heavy:Missing atom OE1 in residue GLU A 1095
2022-11-08 13:39:05,096 WARNING:biomolecule.py:157:num_missing_heavy:Missing atom OE2 in residue GLU A 1095
2022-11-08 13:39:05,097 WARNING:biomolecule.py:157:num_missing_heavy:Missing atom CE in residue LYS A 1164
2022-11-08 13:39:05,097 WARNING:biomolecule.py:157:num_missing_heavy:Missing atom NZ in residue LYS A 1164
2022-11-08 13:39:05,097 WARNING:biomolecule.py:157:num_missing_heavy:Missing atom CG in residue LYS A 1174
2022-11-08 13:39:05,097 WARNING:biomolecule.py:157:num_missing_heavy:Missing atom CD in residue LYS A 1174
2022-11-08 13:39:05,097 WARNING:biomolecule.py:157:num_missing_heavy:Missing atom CE in residue LYS A 1174
2022-11-08 13:39:05,097 WARNING:biomolecule.py:157:num_missing_heavy:Missing atom NZ in residue LYS A 1174
2022-11-08 13:39:05,098 WARNING:biomolecule.py:157:num_missing_heavy:Missing atom CG in residue GLN A 1186
2022-11-08 13:39:05,098 WARNING:biomolecule.py:157:num_missing_heavy:Missing atom CD in residue GLN A 1186
2022-11-08 13:39:05,098 WARNING:biomolecule.py:157:num_missing_heavy:Missing atom OE1 in residue GLN A 1186
2022-11-08 13:39:05,098 WARNING:biomolecule.py:157:num_missing_heavy:Missing atom NE2 in residue GLN A 1186
2022-11-08 13:39:05,098 WARNING:biomolecule.py:157:num_missing_heavy:Missing atom CG in residue LEU A 1189
2022-11-08 13:39:05,098 WARNING:biomolecule.py:157:num_missing_heavy:Missing atom CD1 in residue LEU A 1189
2022-11-08 13:39:05,098 WARNING:biomolecule.py:157:num_missing_heavy:Missing atom CD2 in residue LEU A 1189
2022-11-08 13:39:05,099 WARNING:biomolecule.py:157:num_missing_heavy:Missing atom OXT in residue LEU A 1189
2022-11-08 13:39:05,099 WARNING:biomolecule.py:157:num_missing_heavy:Missing atom CD in residue LYS B 920
2022-11-08 13:39:05,099 WARNING:biomolecule.py:157:num_missing_heavy:Missing atom CE in residue LYS B 920
2022-11-08 13:39:05,099 WARNING:biomolecule.py:157:num_missing_heavy:Missing atom NZ in residue LYS B 920
2022-11-08 13:39:05,100 WARNING:biomolecule.py:157:num_missing_heavy:Missing atom CG1 in residue VAL B 977
2022-11-08 13:39:05,100 WARNING:biomolecule.py:157:num_missing_heavy:Missing atom CG2 in residue VAL B 977
2022-11-08 13:39:05,101 WARNING:biomolecule.py:157:num_missing_heavy:Missing atom CG in residue GLU B 1173
2022-11-08 13:39:05,101 WARNING:biomolecule.py:157:num_missing_heavy:Missing atom CD in residue GLU B 1173
2022-11-08 13:39:05,102 WARNING:biomolecule.py:157:num_missing_heavy:Missing atom OE1 in residue GLU B 1173
2022-11-08 13:39:05,102 WARNING:biomolecule.py:157:num_missing_heavy:Missing atom OE2 in residue GLU B 1173
2022-11-08 13:39:05,102 WARNING:biomolecule.py:157:num_missing_heavy:Missing atom CE in residue LYS B 1176
2022-11-08 13:39:05,102 WARNING:biomolecule.py:157:num_missing_heavy:Missing atom NZ in residue LYS B 1176
2022-11-08 13:39:05,102 WARNING:biomolecule.py:157:num_missing_heavy:Missing atom CD in residue GLU B 1180
2022-11-08 13:39:05,102 WARNING:biomolecule.py:157:num_missing_heavy:Missing atom OE1 in residue GLU B 1180
2022-11-08 13:39:05,103 WARNING:biomolecule.py:157:num_missing_heavy:Missing atom OE2 in residue GLU B 1180
2022-11-08 13:39:05,103 WARNING:biomolecule.py:157:num_missing_heavy:Missing atom CG in residue GLN B 1186
2022-11-08 13:39:05,103 WARNING:biomolecule.py:157:num_missing_heavy:Missing atom CD in residue GLN B 1186
2022-11-08 13:39:05,103 WARNING:biomolecule.py:157:num_missing_heavy:Missing atom OE1 in residue GLN B 1186
2022-11-08 13:39:05,103 WARNING:biomolecule.py:157:num_missing_heavy:Missing atom NE2 in residue GLN B 1186
2022-11-08 13:39:05,103 WARNING:biomolecule.py:157:num_missing_heavy:Missing atom CG in residue ARG B 1188
2022-11-08 13:39:05,103 WARNING:biomolecule.py:157:num_missing_heavy:Missing atom CD in residue ARG B 1188
2022-11-08 13:39:05,104 WARNING:biomolecule.py:157:num_missing_heavy:Missing atom NE in residue ARG B 1188
2022-11-08 13:39:05,104 WARNING:biomolecule.py:157:num_missing_heavy:Missing atom CZ in residue ARG B 1188
2022-11-08 13:39:05,104 WARNING:biomolecule.py:157:num_missing_heavy:Missing atom NH1 in residue ARG B 1188
2022-11-08 13:39:05,104 WARNING:biomolecule.py:157:num_missing_heavy:Missing atom NH2 in residue ARG B 1188
2022-11-08 13:39:05,104 WARNING:biomolecule.py:157:num_missing_heavy:Missing atom CG in residue LEU B 1189
2022-11-08 13:39:05,104 WARNING:biomolecule.py:157:num_missing_heavy:Missing atom CD1 in residue LEU B 1189
2022-11-08 13:39:05,104 WARNING:biomolecule.py:157:num_missing_heavy:Missing atom CD2 in residue LEU B 1189
2022-11-08 13:39:05,105 WARNING:biomolecule.py:157:num_missing_heavy:Missing atom OXT in residue LEU B 1189
2022-11-08 13:39:05,105 WARNING:biomolecule.py:157:num_missing_heavy:Missing atom CG in residue ARG A 924
2022-11-08 13:39:05,105 WARNING:biomolecule.py:157:num_missing_heavy:Missing atom CD in residue ARG A 924
2022-11-08 13:39:05,105 WARNING:biomolecule.py:157:num_missing_heavy:Missing atom NE in residue ARG A 924
2022-11-08 13:39:05,105 WARNING:biomolecule.py:157:num_missing_heavy:Missing atom CZ in residue ARG A 924
2022-11-08 13:39:05,105 WARNING:biomolecule.py:157:num_missing_heavy:Missing atom NH1 in residue ARG A 924
2022-11-08 13:39:05,105 WARNING:biomolecule.py:157:num_missing_heavy:Missing atom NH2 in residue ARG A 924
2022-11-08 13:39:05,106 WARNING:biomolecule.py:157:num_missing_heavy:Missing atom CG1 in residue ILE A 992
2022-11-08 13:39:05,106 WARNING:biomolecule.py:157:num_missing_heavy:Missing atom CG2 in residue ILE A 992
2022-11-08 13:39:05,106 WARNING:biomolecule.py:157:num_missing_heavy:Missing atom CD1 in residue ILE A 992
2022-11-08 13:39:05,106 WARNING:biomolecule.py:157:num_missing_heavy:Missing atom CD in residue GLN A 1004
2022-11-08 13:39:05,107 WARNING:biomolecule.py:157:num_missing_heavy:Missing atom OE1 in residue GLN A 1004
2022-11-08 13:39:05,107 WARNING:biomolecule.py:157:num_missing_heavy:Missing atom NE2 in residue GLN A 1004
2022-11-08 13:39:05,107 WARNING:biomolecule.py:157:num_missing_heavy:Missing atom OE1 in residue GLU A 1005
2022-11-08 13:39:05,107 WARNING:biomolecule.py:157:num_missing_heavy:Missing atom OE2 in residue GLU A 1005
2022-11-08 13:39:05,108 WARNING:biomolecule.py:157:num_missing_heavy:Missing atom CG in residue GLU A 1081
2022-11-08 13:39:05,108 WARNING:biomolecule.py:157:num_missing_heavy:Missing atom CD in residue GLU A 1081
2022-11-08 13:39:05,108 WARNING:biomolecule.py:157:num_missing_heavy:Missing atom OE1 in residue GLU A 1081
2022-11-08 13:39:05,108 WARNING:biomolecule.py:157:num_missing_heavy:Missing atom OE2 in residue GLU A 1081
2022-11-08 13:39:05,108 WARNING:biomolecule.py:157:num_missing_heavy:Missing atom CG in residue ASP A 1093
2022-11-08 13:39:05,109 WARNING:biomolecule.py:157:num_missing_heavy:Missing atom OD1 in residue ASP A 1093
2022-11-08 13:39:05,109 WARNING:biomolecule.py:157:num_missing_heavy:Missing atom OD2 in residue ASP A 1093
2022-11-08 13:39:05,109 WARNING:biomolecule.py:157:num_missing_heavy:Missing atom CD in residue GLU A 1095
2022-11-08 13:39:05,109 WARNING:biomolecule.py:157:num_missing_heavy:Missing atom OE1 in residue GLU A 1095
2022-11-08 13:39:05,109 WARNING:biomolecule.py:157:num_missing_heavy:Missing atom OE2 in residue GLU A 1095
2022-11-08 13:39:05,110 WARNING:biomolecule.py:157:num_missing_heavy:Missing atom CE in residue LYS A 1164
2022-11-08 13:39:05,110 WARNING:biomolecule.py:157:num_missing_heavy:Missing atom NZ in residue LYS A 1164
2022-11-08 13:39:05,110 WARNING:biomolecule.py:157:num_missing_heavy:Missing atom CG in residue LYS A 1174
2022-11-08 13:39:05,110 WARNING:biomolecule.py:157:num_missing_heavy:Missing atom CD in residue LYS A 1174
2022-11-08 13:39:05,110 WARNING:biomolecule.py:157:num_missing_heavy:Missing atom CE in residue LYS A 1174
2022-11-08 13:39:05,111 WARNING:biomolecule.py:157:num_missing_heavy:Missing atom NZ in residue LYS A 1174
2022-11-08 13:39:05,111 WARNING:biomolecule.py:157:num_missing_heavy:Missing atom CG in residue GLN A 1186
2022-11-08 13:39:05,111 WARNING:biomolecule.py:157:num_missing_heavy:Missing atom CD in residue GLN A 1186
2022-11-08 13:39:05,111 WARNING:biomolecule.py:157:num_missing_heavy:Missing atom OE1 in residue GLN A 1186
2022-11-08 13:39:05,111 WARNING:biomolecule.py:157:num_missing_heavy:Missing atom NE2 in residue GLN A 1186
2022-11-08 13:39:05,111 WARNING:biomolecule.py:157:num_missing_heavy:Missing atom CG in residue LEU A 1189
2022-11-08 13:39:05,111 WARNING:biomolecule.py:157:num_missing_heavy:Missing atom CD1 in residue LEU A 1189
2022-11-08 13:39:05,112 WARNING:biomolecule.py:157:num_missing_heavy:Missing atom CD2 in residue LEU A 1189
2022-11-08 13:39:05,112 WARNING:biomolecule.py:157:num_missing_heavy:Missing atom OXT in residue LEU A 1189
2022-11-08 13:39:05,112 WARNING:biomolecule.py:157:num_missing_heavy:Missing atom CD in residue LYS B 920
2022-11-08 13:39:05,112 WARNING:biomolecule.py:157:num_missing_heavy:Missing atom CE in residue LYS B 920
2022-11-08 13:39:05,112 WARNING:biomolecule.py:157:num_missing_heavy:Missing atom NZ in residue LYS B 920
2022-11-08 13:39:05,113 WARNING:biomolecule.py:157:num_missing_heavy:Missing atom CG1 in residue VAL B 977
2022-11-08 13:39:05,113 WARNING:biomolecule.py:157:num_missing_heavy:Missing atom CG2 in residue VAL B 977
2022-11-08 13:39:05,114 WARNING:biomolecule.py:157:num_missing_heavy:Missing atom CG in residue GLU B 1173
2022-11-08 13:39:05,115 WARNING:biomolecule.py:157:num_missing_heavy:Missing atom CD in residue GLU B 1173
2022-11-08 13:39:05,115 WARNING:biomolecule.py:157:num_missing_heavy:Missing atom OE1 in residue GLU B 1173
2022-11-08 13:39:05,115 WARNING:biomolecule.py:157:num_missing_heavy:Missing atom OE2 in residue GLU B 1173
2022-11-08 13:39:05,115 WARNING:biomolecule.py:157:num_missing_heavy:Missing atom CE in residue LYS B 1176
2022-11-08 13:39:05,115 WARNING:biomolecule.py:157:num_missing_heavy:Missing atom NZ in residue LYS B 1176
2022-11-08 13:39:05,115 WARNING:biomolecule.py:157:num_missing_heavy:Missing atom CD in residue GLU B 1180
2022-11-08 13:39:05,115 WARNING:biomolecule.py:157:num_missing_heavy:Missing atom OE1 in residue GLU B 1180
2022-11-08 13:39:05,116 WARNING:biomolecule.py:157:num_missing_heavy:Missing atom OE2 in residue GLU B 1180
2022-11-08 13:39:05,116 WARNING:biomolecule.py:157:num_missing_heavy:Missing atom CG in residue GLN B 1186
2022-11-08 13:39:05,116 WARNING:biomolecule.py:157:num_missing_heavy:Missing atom CD in residue GLN B 1186
2022-11-08 13:39:05,116 WARNING:biomolecule.py:157:num_missing_heavy:Missing atom OE1 in residue GLN B 1186
2022-11-08 13:39:05,116 WARNING:biomolecule.py:157:num_missing_heavy:Missing atom NE2 in residue GLN B 1186
2022-11-08 13:39:05,116 WARNING:biomolecule.py:157:num_missing_heavy:Missing atom CG in residue ARG B 1188
2022-11-08 13:39:05,116 WARNING:biomolecule.py:157:num_missing_heavy:Missing atom CD in residue ARG B 1188
2022-11-08 13:39:05,116 WARNING:biomolecule.py:157:num_missing_heavy:Missing atom NE in residue ARG B 1188
2022-11-08 13:39:05,117 WARNING:biomolecule.py:157:num_missing_heavy:Missing atom CZ in residue ARG B 1188
2022-11-08 13:39:05,117 WARNING:biomolecule.py:157:num_missing_heavy:Missing atom NH1 in residue ARG B 1188
2022-11-08 13:39:05,117 WARNING:biomolecule.py:157:num_missing_heavy:Missing atom NH2 in residue ARG B 1188
2022-11-08 13:39:05,117 WARNING:biomolecule.py:157:num_missing_heavy:Missing atom CG in residue LEU B 1189
2022-11-08 13:39:05,117 WARNING:biomolecule.py:157:num_missing_heavy:Missing atom CD1 in residue LEU B 1189
2022-11-08 13:39:05,117 WARNING:biomolecule.py:157:num_missing_heavy:Missing atom CD2 in residue LEU B 1189
2022-11-08 13:39:05,117 WARNING:biomolecule.py:157:num_missing_heavy:Missing atom OXT in residue LEU B 1189
2022-11-08 13:39:15,142 WARNING:main.py:311:print_pqr:Ignoring 4796 header lines in output.
2022-11-08 13:39:15,143 WARNING:main.py:315:print_pqr:Ignoring 116 missing lines in output.
