2022-11-08 13:24:37,308 WARNING:biomolecule.py:966:create_residue:Unable to find amino or nucleic acid definition for MG.  Parsing as new residue.
2022-11-08 13:24:37,309 WARNING:biomolecule.py:966:create_residue:Unable to find amino or nucleic acid definition for SAM.  Parsing as new residue.
2022-11-08 13:24:37,309 WARNING:biomolecule.py:966:create_residue:Unable to find amino or nucleic acid definition for BIA.  Parsing as new residue.
2022-11-08 13:24:37,358 WARNING:biomolecule.py:157:num_missing_heavy:Missing atom CA in residue SER A 216
2022-11-08 13:24:37,358 WARNING:biomolecule.py:157:num_missing_heavy:Missing atom C in residue SER A 216
2022-11-08 13:24:37,358 WARNING:biomolecule.py:157:num_missing_heavy:Missing atom O in residue SER A 216
2022-11-08 13:24:37,359 WARNING:biomolecule.py:157:num_missing_heavy:Missing atom CB in residue SER A 216
2022-11-08 13:24:37,359 WARNING:biomolecule.py:157:num_missing_heavy:Missing atom OG in residue SER A 216
2022-11-08 13:24:37,359 WARNING:biomolecule.py:157:num_missing_heavy:Missing atom OXT in residue SER A 216
2022-11-08 13:24:37,360 WARNING:biomolecule.py:157:num_missing_heavy:Missing atom CA in residue SER A 216
2022-11-08 13:24:37,361 WARNING:biomolecule.py:157:num_missing_heavy:Missing atom C in residue SER A 216
2022-11-08 13:24:37,361 WARNING:biomolecule.py:157:num_missing_heavy:Missing atom O in residue SER A 216
2022-11-08 13:24:37,361 WARNING:biomolecule.py:157:num_missing_heavy:Missing atom CB in residue SER A 216
2022-11-08 13:24:37,361 WARNING:biomolecule.py:157:num_missing_heavy:Missing atom OG in residue SER A 216
2022-11-08 13:24:37,361 WARNING:biomolecule.py:157:num_missing_heavy:Missing atom OXT in residue SER A 216
2022-11-08 13:24:37,363 WARNING:biomolecule.py:157:num_missing_heavy:Missing atom CA in residue SER A 216
2022-11-08 13:24:37,363 WARNING:biomolecule.py:157:num_missing_heavy:Missing atom C in residue SER A 216
2022-11-08 13:24:37,363 WARNING:biomolecule.py:157:num_missing_heavy:Missing atom O in residue SER A 216
2022-11-08 13:24:37,363 WARNING:biomolecule.py:157:num_missing_heavy:Missing atom CB in residue SER A 216
2022-11-08 13:24:37,363 WARNING:biomolecule.py:157:num_missing_heavy:Missing atom OG in residue SER A 216
2022-11-08 13:24:37,363 WARNING:biomolecule.py:157:num_missing_heavy:Missing atom OXT in residue SER A 216
2022-11-08 13:24:37,365 CRITICAL:main.py:793:main_driver:Too few atoms present to reconstruct or cap residue SER A 216 in structure! This error is generally caused by missing backbone atoms in this biomolecule; you must use an external program to complete gaps in the biomolecule backbone. Heavy atoms missing from SER A 216:  C O CB OG OXT CA
2022-11-08 13:24:37,365 CRITICAL:main.py:794:main_driver:Giving up.
2022-11-08 15:51:43,991 WARNING:biomolecule.py:966:create_residue:Unable to find amino or nucleic acid definition for MG.  Parsing as new residue.
2022-11-08 15:51:43,998 WARNING:biomolecule.py:966:create_residue:Unable to find amino or nucleic acid definition for SAM.  Parsing as new residue.
2022-11-08 15:51:43,998 WARNING:biomolecule.py:966:create_residue:Unable to find amino or nucleic acid definition for BIA.  Parsing as new residue.
2022-11-08 15:51:44,061 WARNING:biomolecule.py:157:num_missing_heavy:Missing atom CA in residue SER A 216
2022-11-08 15:51:44,061 WARNING:biomolecule.py:157:num_missing_heavy:Missing atom C in residue SER A 216
2022-11-08 15:51:44,061 WARNING:biomolecule.py:157:num_missing_heavy:Missing atom O in residue SER A 216
2022-11-08 15:51:44,061 WARNING:biomolecule.py:157:num_missing_heavy:Missing atom CB in residue SER A 216
2022-11-08 15:51:44,061 WARNING:biomolecule.py:157:num_missing_heavy:Missing atom OG in residue SER A 216
2022-11-08 15:51:44,061 WARNING:biomolecule.py:157:num_missing_heavy:Missing atom OXT in residue SER A 216
2022-11-08 15:51:44,063 WARNING:biomolecule.py:157:num_missing_heavy:Missing atom CA in residue SER A 216
2022-11-08 15:51:44,063 WARNING:biomolecule.py:157:num_missing_heavy:Missing atom C in residue SER A 216
2022-11-08 15:51:44,065 WARNING:biomolecule.py:157:num_missing_heavy:Missing atom O in residue SER A 216
2022-11-08 15:51:44,065 WARNING:biomolecule.py:157:num_missing_heavy:Missing atom CB in residue SER A 216
2022-11-08 15:51:44,065 WARNING:biomolecule.py:157:num_missing_heavy:Missing atom OG in residue SER A 216
2022-11-08 15:51:44,065 WARNING:biomolecule.py:157:num_missing_heavy:Missing atom OXT in residue SER A 216
2022-11-08 15:51:44,068 WARNING:biomolecule.py:157:num_missing_heavy:Missing atom CA in residue SER A 216
2022-11-08 15:51:44,068 WARNING:biomolecule.py:157:num_missing_heavy:Missing atom C in residue SER A 216
2022-11-08 15:51:44,068 WARNING:biomolecule.py:157:num_missing_heavy:Missing atom O in residue SER A 216
2022-11-08 15:51:44,069 WARNING:biomolecule.py:157:num_missing_heavy:Missing atom CB in residue SER A 216
2022-11-08 15:51:44,069 WARNING:biomolecule.py:157:num_missing_heavy:Missing atom OG in residue SER A 216
2022-11-08 15:51:44,069 WARNING:biomolecule.py:157:num_missing_heavy:Missing atom OXT in residue SER A 216
2022-11-08 15:51:44,073 CRITICAL:main.py:793:main_driver:Too few atoms present to reconstruct or cap residue SER A 216 in structure! This error is generally caused by missing backbone atoms in this biomolecule; you must use an external program to complete gaps in the biomolecule backbone. Heavy atoms missing from SER A 216:  C O CB OG OXT CA
2022-11-08 15:51:44,073 CRITICAL:main.py:794:main_driver:Giving up.
