2022-11-08 13:25:05,538 WARNING:biomolecule.py:966:create_residue:Unable to find amino or nucleic acid definition for SAM.  Parsing as new residue.
2022-11-08 13:25:05,589 WARNING:biomolecule.py:157:num_missing_heavy:Missing atom CG in residue ARG A 5
2022-11-08 13:25:05,590 WARNING:biomolecule.py:157:num_missing_heavy:Missing atom CD in residue ARG A 5
2022-11-08 13:25:05,590 WARNING:biomolecule.py:157:num_missing_heavy:Missing atom NE in residue ARG A 5
2022-11-08 13:25:05,590 WARNING:biomolecule.py:157:num_missing_heavy:Missing atom CZ in residue ARG A 5
2022-11-08 13:25:05,590 WARNING:biomolecule.py:157:num_missing_heavy:Missing atom NH1 in residue ARG A 5
2022-11-08 13:25:05,590 WARNING:biomolecule.py:157:num_missing_heavy:Missing atom NH2 in residue ARG A 5
2022-11-08 13:25:05,590 WARNING:biomolecule.py:157:num_missing_heavy:Missing atom CD in residue GLN A 34
2022-11-08 13:25:05,590 WARNING:biomolecule.py:157:num_missing_heavy:Missing atom OE1 in residue GLN A 34
2022-11-08 13:25:05,591 WARNING:biomolecule.py:157:num_missing_heavy:Missing atom NE2 in residue GLN A 34
2022-11-08 13:25:05,591 WARNING:biomolecule.py:157:num_missing_heavy:Missing atom CD in residue LYS A 35
2022-11-08 13:25:05,591 WARNING:biomolecule.py:157:num_missing_heavy:Missing atom CE in residue LYS A 35
2022-11-08 13:25:05,591 WARNING:biomolecule.py:157:num_missing_heavy:Missing atom NZ in residue LYS A 35
2022-11-08 13:25:05,591 WARNING:biomolecule.py:157:num_missing_heavy:Missing atom CB in residue LYS A 64
2022-11-08 13:25:05,591 WARNING:biomolecule.py:157:num_missing_heavy:Missing atom CG in residue LYS A 64
2022-11-08 13:25:05,591 WARNING:biomolecule.py:157:num_missing_heavy:Missing atom CD in residue LYS A 64
2022-11-08 13:25:05,592 WARNING:biomolecule.py:157:num_missing_heavy:Missing atom CE in residue LYS A 64
2022-11-08 13:25:05,592 WARNING:biomolecule.py:157:num_missing_heavy:Missing atom NZ in residue LYS A 64
2022-11-08 13:25:05,592 WARNING:biomolecule.py:157:num_missing_heavy:Missing atom CD in residue LYS A 151
2022-11-08 13:25:05,593 WARNING:biomolecule.py:157:num_missing_heavy:Missing atom CE in residue LYS A 151
2022-11-08 13:25:05,593 WARNING:biomolecule.py:157:num_missing_heavy:Missing atom NZ in residue LYS A 151
2022-11-08 13:25:05,593 WARNING:biomolecule.py:157:num_missing_heavy:Missing atom NH1 in residue ARG A 171
2022-11-08 13:25:05,593 WARNING:biomolecule.py:157:num_missing_heavy:Missing atom NH2 in residue ARG A 171
2022-11-08 13:25:05,593 WARNING:biomolecule.py:157:num_missing_heavy:Missing atom CG in residue GLU A 194
2022-11-08 13:25:05,593 WARNING:biomolecule.py:157:num_missing_heavy:Missing atom CD in residue GLU A 194
2022-11-08 13:25:05,594 WARNING:biomolecule.py:157:num_missing_heavy:Missing atom OE1 in residue GLU A 194
2022-11-08 13:25:05,594 WARNING:biomolecule.py:157:num_missing_heavy:Missing atom OE2 in residue GLU A 194
2022-11-08 13:25:05,594 WARNING:biomolecule.py:157:num_missing_heavy:Missing atom CG in residue GLU A 224
2022-11-08 13:25:05,594 WARNING:biomolecule.py:157:num_missing_heavy:Missing atom CD in residue GLU A 224
2022-11-08 13:25:05,594 WARNING:biomolecule.py:157:num_missing_heavy:Missing atom OE1 in residue GLU A 224
2022-11-08 13:25:05,594 WARNING:biomolecule.py:157:num_missing_heavy:Missing atom OE2 in residue GLU A 224
2022-11-08 13:25:05,595 WARNING:biomolecule.py:157:num_missing_heavy:Missing atom CG in residue GLU A 280
2022-11-08 13:25:05,595 WARNING:biomolecule.py:157:num_missing_heavy:Missing atom CD in residue GLU A 280
2022-11-08 13:25:05,595 WARNING:biomolecule.py:157:num_missing_heavy:Missing atom OE1 in residue GLU A 280
2022-11-08 13:25:05,595 WARNING:biomolecule.py:157:num_missing_heavy:Missing atom OE2 in residue GLU A 280
2022-11-08 13:25:05,595 WARNING:biomolecule.py:157:num_missing_heavy:Missing atom CB in residue GLN A 281
2022-11-08 13:25:05,595 WARNING:biomolecule.py:157:num_missing_heavy:Missing atom CG in residue GLN A 281
2022-11-08 13:25:05,596 WARNING:biomolecule.py:157:num_missing_heavy:Missing atom CD in residue GLN A 281
2022-11-08 13:25:05,596 WARNING:biomolecule.py:157:num_missing_heavy:Missing atom OE1 in residue GLN A 281
2022-11-08 13:25:05,597 WARNING:biomolecule.py:157:num_missing_heavy:Missing atom NE2 in residue GLN A 281
2022-11-08 13:25:05,597 WARNING:biomolecule.py:157:num_missing_heavy:Missing atom NH1 in residue ARG A 282
2022-11-08 13:25:05,597 WARNING:biomolecule.py:157:num_missing_heavy:Missing atom NH2 in residue ARG A 282
2022-11-08 13:25:05,597 WARNING:biomolecule.py:157:num_missing_heavy:Missing atom CD in residue ARG A 285
2022-11-08 13:25:05,597 WARNING:biomolecule.py:157:num_missing_heavy:Missing atom NE in residue ARG A 285
2022-11-08 13:25:05,597 WARNING:biomolecule.py:157:num_missing_heavy:Missing atom CZ in residue ARG A 285
2022-11-08 13:25:05,597 WARNING:biomolecule.py:157:num_missing_heavy:Missing atom NH1 in residue ARG A 285
2022-11-08 13:25:05,598 WARNING:biomolecule.py:157:num_missing_heavy:Missing atom NH2 in residue ARG A 285
2022-11-08 13:25:05,598 WARNING:biomolecule.py:157:num_missing_heavy:Missing atom CD in residue LYS A 291
2022-11-08 13:25:05,598 WARNING:biomolecule.py:157:num_missing_heavy:Missing atom CE in residue LYS A 291
2022-11-08 13:25:05,598 WARNING:biomolecule.py:157:num_missing_heavy:Missing atom NZ in residue LYS A 291
2022-11-08 13:25:05,598 WARNING:biomolecule.py:157:num_missing_heavy:Missing atom CD in residue LYS A 296
2022-11-08 13:25:05,598 WARNING:biomolecule.py:157:num_missing_heavy:Missing atom CE in residue LYS A 296
2022-11-08 13:25:05,598 WARNING:biomolecule.py:157:num_missing_heavy:Missing atom NZ in residue LYS A 296
2022-11-08 13:25:05,599 WARNING:biomolecule.py:157:num_missing_heavy:Missing atom CB in residue GLU A 313
2022-11-08 13:25:05,599 WARNING:biomolecule.py:157:num_missing_heavy:Missing atom CG in residue GLU A 313
2022-11-08 13:25:05,599 WARNING:biomolecule.py:157:num_missing_heavy:Missing atom CD in residue GLU A 313
2022-11-08 13:25:05,599 WARNING:biomolecule.py:157:num_missing_heavy:Missing atom OE1 in residue GLU A 313
2022-11-08 13:25:05,599 WARNING:biomolecule.py:157:num_missing_heavy:Missing atom OE2 in residue GLU A 313
2022-11-08 13:25:05,599 WARNING:biomolecule.py:157:num_missing_heavy:Missing atom CD in residue GLU A 348
2022-11-08 13:25:05,600 WARNING:biomolecule.py:157:num_missing_heavy:Missing atom OE1 in residue GLU A 348
2022-11-08 13:25:05,600 WARNING:biomolecule.py:157:num_missing_heavy:Missing atom OE2 in residue GLU A 348
2022-11-08 13:25:05,600 WARNING:biomolecule.py:157:num_missing_heavy:Missing atom CB in residue GLU A 397
2022-11-08 13:25:05,600 WARNING:biomolecule.py:157:num_missing_heavy:Missing atom CG in residue GLU A 397
2022-11-08 13:25:05,600 WARNING:biomolecule.py:157:num_missing_heavy:Missing atom CD in residue GLU A 397
2022-11-08 13:25:05,600 WARNING:biomolecule.py:157:num_missing_heavy:Missing atom OE1 in residue GLU A 397
2022-11-08 13:25:05,601 WARNING:biomolecule.py:157:num_missing_heavy:Missing atom OE2 in residue GLU A 397
2022-11-08 13:25:05,601 WARNING:biomolecule.py:157:num_missing_heavy:Missing atom CB in residue GLU A 400
2022-11-08 13:25:05,601 WARNING:biomolecule.py:157:num_missing_heavy:Missing atom CG in residue GLU A 400
2022-11-08 13:25:05,601 WARNING:biomolecule.py:157:num_missing_heavy:Missing atom CD in residue GLU A 400
2022-11-08 13:25:05,601 WARNING:biomolecule.py:157:num_missing_heavy:Missing atom OE1 in residue GLU A 400
2022-11-08 13:25:05,601 WARNING:biomolecule.py:157:num_missing_heavy:Missing atom OE2 in residue GLU A 400
2022-11-08 13:25:05,601 WARNING:biomolecule.py:157:num_missing_heavy:Missing atom CD in residue LYS A 425
2022-11-08 13:25:05,602 WARNING:biomolecule.py:157:num_missing_heavy:Missing atom CE in residue LYS A 425
2022-11-08 13:25:05,602 WARNING:biomolecule.py:157:num_missing_heavy:Missing atom NZ in residue LYS A 425
2022-11-08 13:25:05,602 WARNING:biomolecule.py:157:num_missing_heavy:Missing atom O in residue LYS A 428
2022-11-08 13:25:05,602 WARNING:biomolecule.py:157:num_missing_heavy:Missing atom CG in residue LYS A 429
2022-11-08 13:25:05,602 WARNING:biomolecule.py:157:num_missing_heavy:Missing atom CD in residue LYS A 429
2022-11-08 13:25:05,602 WARNING:biomolecule.py:157:num_missing_heavy:Missing atom CE in residue LYS A 429
2022-11-08 13:25:05,602 WARNING:biomolecule.py:157:num_missing_heavy:Missing atom NZ in residue LYS A 429
2022-11-08 13:25:05,602 WARNING:biomolecule.py:157:num_missing_heavy:Missing atom OXT in residue LYS A 429
2022-11-08 13:25:05,603 WARNING:biomolecule.py:157:num_missing_heavy:Missing atom CG in residue ARG A 5
2022-11-08 13:25:05,603 WARNING:biomolecule.py:157:num_missing_heavy:Missing atom CD in residue ARG A 5
2022-11-08 13:25:05,603 WARNING:biomolecule.py:157:num_missing_heavy:Missing atom NE in residue ARG A 5
2022-11-08 13:25:05,603 WARNING:biomolecule.py:157:num_missing_heavy:Missing atom CZ in residue ARG A 5
2022-11-08 13:25:05,603 WARNING:biomolecule.py:157:num_missing_heavy:Missing atom NH1 in residue ARG A 5
2022-11-08 13:25:05,603 WARNING:biomolecule.py:157:num_missing_heavy:Missing atom NH2 in residue ARG A 5
2022-11-08 13:25:05,603 WARNING:biomolecule.py:157:num_missing_heavy:Missing atom CD in residue GLN A 34
2022-11-08 13:25:05,604 WARNING:biomolecule.py:157:num_missing_heavy:Missing atom OE1 in residue GLN A 34
2022-11-08 13:25:05,604 WARNING:biomolecule.py:157:num_missing_heavy:Missing atom NE2 in residue GLN A 34
2022-11-08 13:25:05,604 WARNING:biomolecule.py:157:num_missing_heavy:Missing atom CD in residue LYS A 35
2022-11-08 13:25:05,604 WARNING:biomolecule.py:157:num_missing_heavy:Missing atom CE in residue LYS A 35
2022-11-08 13:25:05,604 WARNING:biomolecule.py:157:num_missing_heavy:Missing atom NZ in residue LYS A 35
2022-11-08 13:25:05,604 WARNING:biomolecule.py:157:num_missing_heavy:Missing atom CB in residue LYS A 64
2022-11-08 13:25:05,605 WARNING:biomolecule.py:157:num_missing_heavy:Missing atom CG in residue LYS A 64
2022-11-08 13:25:05,605 WARNING:biomolecule.py:157:num_missing_heavy:Missing atom CD in residue LYS A 64
2022-11-08 13:25:05,605 WARNING:biomolecule.py:157:num_missing_heavy:Missing atom CE in residue LYS A 64
2022-11-08 13:25:05,605 WARNING:biomolecule.py:157:num_missing_heavy:Missing atom NZ in residue LYS A 64
2022-11-08 13:25:05,606 WARNING:biomolecule.py:157:num_missing_heavy:Missing atom CD in residue LYS A 151
2022-11-08 13:25:05,606 WARNING:biomolecule.py:157:num_missing_heavy:Missing atom CE in residue LYS A 151
2022-11-08 13:25:05,606 WARNING:biomolecule.py:157:num_missing_heavy:Missing atom NZ in residue LYS A 151
2022-11-08 13:25:05,606 WARNING:biomolecule.py:157:num_missing_heavy:Missing atom NH1 in residue ARG A 171
2022-11-08 13:25:05,606 WARNING:biomolecule.py:157:num_missing_heavy:Missing atom NH2 in residue ARG A 171
2022-11-08 13:25:05,607 WARNING:biomolecule.py:157:num_missing_heavy:Missing atom CG in residue GLU A 194
2022-11-08 13:25:05,607 WARNING:biomolecule.py:157:num_missing_heavy:Missing atom CD in residue GLU A 194
2022-11-08 13:25:05,607 WARNING:biomolecule.py:157:num_missing_heavy:Missing atom OE1 in residue GLU A 194
2022-11-08 13:25:05,607 WARNING:biomolecule.py:157:num_missing_heavy:Missing atom OE2 in residue GLU A 194
2022-11-08 13:25:05,607 WARNING:biomolecule.py:157:num_missing_heavy:Missing atom CG in residue GLU A 224
2022-11-08 13:25:05,607 WARNING:biomolecule.py:157:num_missing_heavy:Missing atom CD in residue GLU A 224
2022-11-08 13:25:05,607 WARNING:biomolecule.py:157:num_missing_heavy:Missing atom OE1 in residue GLU A 224
2022-11-08 13:25:05,608 WARNING:biomolecule.py:157:num_missing_heavy:Missing atom OE2 in residue GLU A 224
2022-11-08 13:25:05,608 WARNING:biomolecule.py:157:num_missing_heavy:Missing atom CG in residue GLU A 280
2022-11-08 13:25:05,608 WARNING:biomolecule.py:157:num_missing_heavy:Missing atom CD in residue GLU A 280
2022-11-08 13:25:05,608 WARNING:biomolecule.py:157:num_missing_heavy:Missing atom OE1 in residue GLU A 280
2022-11-08 13:25:05,608 WARNING:biomolecule.py:157:num_missing_heavy:Missing atom OE2 in residue GLU A 280
2022-11-08 13:25:05,609 WARNING:biomolecule.py:157:num_missing_heavy:Missing atom CB in residue GLN A 281
2022-11-08 13:25:05,609 WARNING:biomolecule.py:157:num_missing_heavy:Missing atom CG in residue GLN A 281
2022-11-08 13:25:05,609 WARNING:biomolecule.py:157:num_missing_heavy:Missing atom CD in residue GLN A 281
2022-11-08 13:25:05,609 WARNING:biomolecule.py:157:num_missing_heavy:Missing atom OE1 in residue GLN A 281
2022-11-08 13:25:05,609 WARNING:biomolecule.py:157:num_missing_heavy:Missing atom NE2 in residue GLN A 281
2022-11-08 13:25:05,609 WARNING:biomolecule.py:157:num_missing_heavy:Missing atom NH1 in residue ARG A 282
2022-11-08 13:25:05,609 WARNING:biomolecule.py:157:num_missing_heavy:Missing atom NH2 in residue ARG A 282
2022-11-08 13:25:05,609 WARNING:biomolecule.py:157:num_missing_heavy:Missing atom CD in residue ARG A 285
2022-11-08 13:25:05,610 WARNING:biomolecule.py:157:num_missing_heavy:Missing atom NE in residue ARG A 285
2022-11-08 13:25:05,610 WARNING:biomolecule.py:157:num_missing_heavy:Missing atom CZ in residue ARG A 285
2022-11-08 13:25:05,610 WARNING:biomolecule.py:157:num_missing_heavy:Missing atom NH1 in residue ARG A 285
2022-11-08 13:25:05,610 WARNING:biomolecule.py:157:num_missing_heavy:Missing atom NH2 in residue ARG A 285
2022-11-08 13:25:05,610 WARNING:biomolecule.py:157:num_missing_heavy:Missing atom CD in residue LYS A 291
2022-11-08 13:25:05,610 WARNING:biomolecule.py:157:num_missing_heavy:Missing atom CE in residue LYS A 291
2022-11-08 13:25:05,610 WARNING:biomolecule.py:157:num_missing_heavy:Missing atom NZ in residue LYS A 291
2022-11-08 13:25:05,610 WARNING:biomolecule.py:157:num_missing_heavy:Missing atom CD in residue LYS A 296
2022-11-08 13:25:05,611 WARNING:biomolecule.py:157:num_missing_heavy:Missing atom CE in residue LYS A 296
2022-11-08 13:25:05,611 WARNING:biomolecule.py:157:num_missing_heavy:Missing atom NZ in residue LYS A 296
2022-11-08 13:25:05,611 WARNING:biomolecule.py:157:num_missing_heavy:Missing atom CB in residue GLU A 313
2022-11-08 13:25:05,611 WARNING:biomolecule.py:157:num_missing_heavy:Missing atom CG in residue GLU A 313
2022-11-08 13:25:05,611 WARNING:biomolecule.py:157:num_missing_heavy:Missing atom CD in residue GLU A 313
2022-11-08 13:25:05,611 WARNING:biomolecule.py:157:num_missing_heavy:Missing atom OE1 in residue GLU A 313
2022-11-08 13:25:05,611 WARNING:biomolecule.py:157:num_missing_heavy:Missing atom OE2 in residue GLU A 313
2022-11-08 13:25:05,612 WARNING:biomolecule.py:157:num_missing_heavy:Missing atom CD in residue GLU A 348
2022-11-08 13:25:05,612 WARNING:biomolecule.py:157:num_missing_heavy:Missing atom OE1 in residue GLU A 348
2022-11-08 13:25:05,612 WARNING:biomolecule.py:157:num_missing_heavy:Missing atom OE2 in residue GLU A 348
2022-11-08 13:25:05,612 WARNING:biomolecule.py:157:num_missing_heavy:Missing atom CB in residue GLU A 397
2022-11-08 13:25:05,613 WARNING:biomolecule.py:157:num_missing_heavy:Missing atom CG in residue GLU A 397
2022-11-08 13:25:05,613 WARNING:biomolecule.py:157:num_missing_heavy:Missing atom CD in residue GLU A 397
2022-11-08 13:25:05,613 WARNING:biomolecule.py:157:num_missing_heavy:Missing atom OE1 in residue GLU A 397
2022-11-08 13:25:05,613 WARNING:biomolecule.py:157:num_missing_heavy:Missing atom OE2 in residue GLU A 397
2022-11-08 13:25:05,613 WARNING:biomolecule.py:157:num_missing_heavy:Missing atom CB in residue GLU A 400
2022-11-08 13:25:05,613 WARNING:biomolecule.py:157:num_missing_heavy:Missing atom CG in residue GLU A 400
2022-11-08 13:25:05,613 WARNING:biomolecule.py:157:num_missing_heavy:Missing atom CD in residue GLU A 400
2022-11-08 13:25:05,613 WARNING:biomolecule.py:157:num_missing_heavy:Missing atom OE1 in residue GLU A 400
2022-11-08 13:25:05,614 WARNING:biomolecule.py:157:num_missing_heavy:Missing atom OE2 in residue GLU A 400
2022-11-08 13:25:05,614 WARNING:biomolecule.py:157:num_missing_heavy:Missing atom CD in residue LYS A 425
2022-11-08 13:25:05,614 WARNING:biomolecule.py:157:num_missing_heavy:Missing atom CE in residue LYS A 425
2022-11-08 13:25:05,614 WARNING:biomolecule.py:157:num_missing_heavy:Missing atom NZ in residue LYS A 425
2022-11-08 13:25:05,614 WARNING:biomolecule.py:157:num_missing_heavy:Missing atom O in residue LYS A 428
2022-11-08 13:25:05,614 WARNING:biomolecule.py:157:num_missing_heavy:Missing atom CG in residue LYS A 429
2022-11-08 13:25:05,614 WARNING:biomolecule.py:157:num_missing_heavy:Missing atom CD in residue LYS A 429
2022-11-08 13:25:05,615 WARNING:biomolecule.py:157:num_missing_heavy:Missing atom CE in residue LYS A 429
2022-11-08 13:25:05,615 WARNING:biomolecule.py:157:num_missing_heavy:Missing atom NZ in residue LYS A 429
2022-11-08 13:25:05,615 WARNING:biomolecule.py:157:num_missing_heavy:Missing atom OXT in residue LYS A 429
2022-11-08 13:25:05,615 WARNING:biomolecule.py:157:num_missing_heavy:Missing atom CG in residue ARG A 5
2022-11-08 13:25:05,615 WARNING:biomolecule.py:157:num_missing_heavy:Missing atom CD in residue ARG A 5
2022-11-08 13:25:05,615 WARNING:biomolecule.py:157:num_missing_heavy:Missing atom NE in residue ARG A 5
2022-11-08 13:25:05,615 WARNING:biomolecule.py:157:num_missing_heavy:Missing atom CZ in residue ARG A 5
2022-11-08 13:25:05,615 WARNING:biomolecule.py:157:num_missing_heavy:Missing atom NH1 in residue ARG A 5
2022-11-08 13:25:05,616 WARNING:biomolecule.py:157:num_missing_heavy:Missing atom NH2 in residue ARG A 5
2022-11-08 13:25:05,616 WARNING:biomolecule.py:157:num_missing_heavy:Missing atom CD in residue GLN A 34
2022-11-08 13:25:05,616 WARNING:biomolecule.py:157:num_missing_heavy:Missing atom OE1 in residue GLN A 34
2022-11-08 13:25:05,616 WARNING:biomolecule.py:157:num_missing_heavy:Missing atom NE2 in residue GLN A 34
2022-11-08 13:25:05,616 WARNING:biomolecule.py:157:num_missing_heavy:Missing atom CD in residue LYS A 35
2022-11-08 13:25:05,616 WARNING:biomolecule.py:157:num_missing_heavy:Missing atom CE in residue LYS A 35
2022-11-08 13:25:05,616 WARNING:biomolecule.py:157:num_missing_heavy:Missing atom NZ in residue LYS A 35
2022-11-08 13:25:05,617 WARNING:biomolecule.py:157:num_missing_heavy:Missing atom CB in residue LYS A 64
2022-11-08 13:25:05,617 WARNING:biomolecule.py:157:num_missing_heavy:Missing atom CG in residue LYS A 64
2022-11-08 13:25:05,617 WARNING:biomolecule.py:157:num_missing_heavy:Missing atom CD in residue LYS A 64
2022-11-08 13:25:05,617 WARNING:biomolecule.py:157:num_missing_heavy:Missing atom CE in residue LYS A 64
2022-11-08 13:25:05,617 WARNING:biomolecule.py:157:num_missing_heavy:Missing atom NZ in residue LYS A 64
2022-11-08 13:25:05,618 WARNING:biomolecule.py:157:num_missing_heavy:Missing atom CD in residue LYS A 151
2022-11-08 13:25:05,618 WARNING:biomolecule.py:157:num_missing_heavy:Missing atom CE in residue LYS A 151
2022-11-08 13:25:05,618 WARNING:biomolecule.py:157:num_missing_heavy:Missing atom NZ in residue LYS A 151
2022-11-08 13:25:05,618 WARNING:biomolecule.py:157:num_missing_heavy:Missing atom NH1 in residue ARG A 171
2022-11-08 13:25:05,619 WARNING:biomolecule.py:157:num_missing_heavy:Missing atom NH2 in residue ARG A 171
2022-11-08 13:25:05,619 WARNING:biomolecule.py:157:num_missing_heavy:Missing atom CG in residue GLU A 194
2022-11-08 13:25:05,619 WARNING:biomolecule.py:157:num_missing_heavy:Missing atom CD in residue GLU A 194
2022-11-08 13:25:05,619 WARNING:biomolecule.py:157:num_missing_heavy:Missing atom OE1 in residue GLU A 194
2022-11-08 13:25:05,619 WARNING:biomolecule.py:157:num_missing_heavy:Missing atom OE2 in residue GLU A 194
2022-11-08 13:25:05,620 WARNING:biomolecule.py:157:num_missing_heavy:Missing atom CG in residue GLU A 224
2022-11-08 13:25:05,620 WARNING:biomolecule.py:157:num_missing_heavy:Missing atom CD in residue GLU A 224
2022-11-08 13:25:05,620 WARNING:biomolecule.py:157:num_missing_heavy:Missing atom OE1 in residue GLU A 224
2022-11-08 13:25:05,620 WARNING:biomolecule.py:157:num_missing_heavy:Missing atom OE2 in residue GLU A 224
2022-11-08 13:25:05,620 WARNING:biomolecule.py:157:num_missing_heavy:Missing atom CG in residue GLU A 280
2022-11-08 13:25:05,621 WARNING:biomolecule.py:157:num_missing_heavy:Missing atom CD in residue GLU A 280
2022-11-08 13:25:05,621 WARNING:biomolecule.py:157:num_missing_heavy:Missing atom OE1 in residue GLU A 280
2022-11-08 13:25:05,621 WARNING:biomolecule.py:157:num_missing_heavy:Missing atom OE2 in residue GLU A 280
2022-11-08 13:25:05,621 WARNING:biomolecule.py:157:num_missing_heavy:Missing atom CB in residue GLN A 281
2022-11-08 13:25:05,621 WARNING:biomolecule.py:157:num_missing_heavy:Missing atom CG in residue GLN A 281
2022-11-08 13:25:05,621 WARNING:biomolecule.py:157:num_missing_heavy:Missing atom CD in residue GLN A 281
2022-11-08 13:25:05,621 WARNING:biomolecule.py:157:num_missing_heavy:Missing atom OE1 in residue GLN A 281
2022-11-08 13:25:05,621 WARNING:biomolecule.py:157:num_missing_heavy:Missing atom NE2 in residue GLN A 281
2022-11-08 13:25:05,622 WARNING:biomolecule.py:157:num_missing_heavy:Missing atom NH1 in residue ARG A 282
2022-11-08 13:25:05,622 WARNING:biomolecule.py:157:num_missing_heavy:Missing atom NH2 in residue ARG A 282
2022-11-08 13:25:05,622 WARNING:biomolecule.py:157:num_missing_heavy:Missing atom CD in residue ARG A 285
2022-11-08 13:25:05,622 WARNING:biomolecule.py:157:num_missing_heavy:Missing atom NE in residue ARG A 285
2022-11-08 13:25:05,622 WARNING:biomolecule.py:157:num_missing_heavy:Missing atom CZ in residue ARG A 285
2022-11-08 13:25:05,622 WARNING:biomolecule.py:157:num_missing_heavy:Missing atom NH1 in residue ARG A 285
2022-11-08 13:25:05,622 WARNING:biomolecule.py:157:num_missing_heavy:Missing atom NH2 in residue ARG A 285
2022-11-08 13:25:05,623 WARNING:biomolecule.py:157:num_missing_heavy:Missing atom CD in residue LYS A 291
2022-11-08 13:25:05,623 WARNING:biomolecule.py:157:num_missing_heavy:Missing atom CE in residue LYS A 291
2022-11-08 13:25:05,623 WARNING:biomolecule.py:157:num_missing_heavy:Missing atom NZ in residue LYS A 291
2022-11-08 13:25:05,623 WARNING:biomolecule.py:157:num_missing_heavy:Missing atom CD in residue LYS A 296
2022-11-08 13:25:05,623 WARNING:biomolecule.py:157:num_missing_heavy:Missing atom CE in residue LYS A 296
2022-11-08 13:25:05,623 WARNING:biomolecule.py:157:num_missing_heavy:Missing atom NZ in residue LYS A 296
2022-11-08 13:25:05,623 WARNING:biomolecule.py:157:num_missing_heavy:Missing atom CB in residue GLU A 313
2022-11-08 13:25:05,624 WARNING:biomolecule.py:157:num_missing_heavy:Missing atom CG in residue GLU A 313
2022-11-08 13:25:05,624 WARNING:biomolecule.py:157:num_missing_heavy:Missing atom CD in residue GLU A 313
2022-11-08 13:25:05,624 WARNING:biomolecule.py:157:num_missing_heavy:Missing atom OE1 in residue GLU A 313
2022-11-08 13:25:05,624 WARNING:biomolecule.py:157:num_missing_heavy:Missing atom OE2 in residue GLU A 313
2022-11-08 13:25:05,624 WARNING:biomolecule.py:157:num_missing_heavy:Missing atom CD in residue GLU A 348
2022-11-08 13:25:05,624 WARNING:biomolecule.py:157:num_missing_heavy:Missing atom OE1 in residue GLU A 348
2022-11-08 13:25:05,624 WARNING:biomolecule.py:157:num_missing_heavy:Missing atom OE2 in residue GLU A 348
2022-11-08 13:25:05,625 WARNING:biomolecule.py:157:num_missing_heavy:Missing atom CB in residue GLU A 397
2022-11-08 13:25:05,625 WARNING:biomolecule.py:157:num_missing_heavy:Missing atom CG in residue GLU A 397
2022-11-08 13:25:05,625 WARNING:biomolecule.py:157:num_missing_heavy:Missing atom CD in residue GLU A 397
2022-11-08 13:25:05,625 WARNING:biomolecule.py:157:num_missing_heavy:Missing atom OE1 in residue GLU A 397
2022-11-08 13:25:05,625 WARNING:biomolecule.py:157:num_missing_heavy:Missing atom OE2 in residue GLU A 397
2022-11-08 13:25:05,626 WARNING:biomolecule.py:157:num_missing_heavy:Missing atom CB in residue GLU A 400
2022-11-08 13:25:05,626 WARNING:biomolecule.py:157:num_missing_heavy:Missing atom CG in residue GLU A 400
2022-11-08 13:25:05,626 WARNING:biomolecule.py:157:num_missing_heavy:Missing atom CD in residue GLU A 400
2022-11-08 13:25:05,626 WARNING:biomolecule.py:157:num_missing_heavy:Missing atom OE1 in residue GLU A 400
2022-11-08 13:25:05,626 WARNING:biomolecule.py:157:num_missing_heavy:Missing atom OE2 in residue GLU A 400
2022-11-08 13:25:05,626 WARNING:biomolecule.py:157:num_missing_heavy:Missing atom CD in residue LYS A 425
2022-11-08 13:25:05,626 WARNING:biomolecule.py:157:num_missing_heavy:Missing atom CE in residue LYS A 425
2022-11-08 13:25:05,627 WARNING:biomolecule.py:157:num_missing_heavy:Missing atom NZ in residue LYS A 425
2022-11-08 13:25:05,627 WARNING:biomolecule.py:157:num_missing_heavy:Missing atom O in residue LYS A 428
2022-11-08 13:25:05,627 WARNING:biomolecule.py:157:num_missing_heavy:Missing atom CG in residue LYS A 429
2022-11-08 13:25:05,627 WARNING:biomolecule.py:157:num_missing_heavy:Missing atom CD in residue LYS A 429
2022-11-08 13:25:05,627 WARNING:biomolecule.py:157:num_missing_heavy:Missing atom CE in residue LYS A 429
2022-11-08 13:25:05,627 WARNING:biomolecule.py:157:num_missing_heavy:Missing atom NZ in residue LYS A 429
2022-11-08 13:25:05,627 WARNING:biomolecule.py:157:num_missing_heavy:Missing atom OXT in residue LYS A 429
2022-11-08 13:25:09,004 WARNING:debump.py:172:debump_biomolecule:WARNING: Unable to debump LYS A 64
2022-11-08 13:25:12,206 WARNING:debump.py:172:debump_biomolecule:WARNING: Unable to debump ARG A 68
2022-11-08 13:25:14,223 WARNING:debump.py:172:debump_biomolecule:WARNING: Unable to debump GLU A 400
2022-11-08 13:25:17,170 WARNING:main.py:311:print_pqr:Ignoring 1730 header lines in output.
2022-11-08 13:25:17,170 WARNING:main.py:315:print_pqr:Ignoring 27 missing lines in output.
