2022-11-08 13:27:53,727 WARNING:biomolecule.py:966:create_residue:Unable to find amino or nucleic acid definition for HIC.  Parsing as new residue.
2022-11-08 13:27:53,747 WARNING:biomolecule.py:966:create_residue:Unable to find amino or nucleic acid definition for SAM.  Parsing as new residue.
2022-11-08 13:27:53,748 WARNING:biomolecule.py:966:create_residue:Unable to find amino or nucleic acid definition for AMP.  Parsing as new residue.
2022-11-08 13:27:53,749 WARNING:main.py:418:setup_molecule:Multiple occupancies found: N in LEU A 73.
2022-11-08 13:27:53,749 WARNING:main.py:418:setup_molecule:Multiple occupancies found: CA in LEU A 73.
2022-11-08 13:27:53,749 WARNING:main.py:418:setup_molecule:Multiple occupancies found: C in LEU A 73.
2022-11-08 13:27:53,749 WARNING:main.py:418:setup_molecule:Multiple occupancies found: O in LEU A 73.
2022-11-08 13:27:53,749 WARNING:main.py:418:setup_molecule:Multiple occupancies found: CB in LEU A 73.
2022-11-08 13:27:53,749 WARNING:main.py:418:setup_molecule:Multiple occupancies found: CG in LEU A 73.
2022-11-08 13:27:53,749 WARNING:main.py:418:setup_molecule:Multiple occupancies found: CD1 in LEU A 73.
2022-11-08 13:27:53,749 WARNING:main.py:418:setup_molecule:Multiple occupancies found: CD2 in LEU A 73.
2022-11-08 13:27:53,749 WARNING:main.py:424:setup_molecule:Multiple occupancies found in LEU A 73. At least one of the instances is being ignored.
2022-11-08 13:27:53,750 WARNING:main.py:418:setup_molecule:Multiple occupancies found: N in VAL A 101.
2022-11-08 13:27:53,750 WARNING:main.py:418:setup_molecule:Multiple occupancies found: CA in VAL A 101.
2022-11-08 13:27:53,750 WARNING:main.py:418:setup_molecule:Multiple occupancies found: C in VAL A 101.
2022-11-08 13:27:53,750 WARNING:main.py:418:setup_molecule:Multiple occupancies found: O in VAL A 101.
2022-11-08 13:27:53,750 WARNING:main.py:418:setup_molecule:Multiple occupancies found: CB in VAL A 101.
2022-11-08 13:27:53,750 WARNING:main.py:418:setup_molecule:Multiple occupancies found: CG1 in VAL A 101.
2022-11-08 13:27:53,750 WARNING:main.py:418:setup_molecule:Multiple occupancies found: CG2 in VAL A 101.
2022-11-08 13:27:53,750 WARNING:main.py:424:setup_molecule:Multiple occupancies found in VAL A 101. At least one of the instances is being ignored.
2022-11-08 13:27:53,750 WARNING:main.py:418:setup_molecule:Multiple occupancies found: N in ARG A 102.
2022-11-08 13:27:53,751 WARNING:main.py:418:setup_molecule:Multiple occupancies found: CA in ARG A 102.
2022-11-08 13:27:53,751 WARNING:main.py:418:setup_molecule:Multiple occupancies found: C in ARG A 102.
2022-11-08 13:27:53,751 WARNING:main.py:418:setup_molecule:Multiple occupancies found: O in ARG A 102.
2022-11-08 13:27:53,751 WARNING:main.py:418:setup_molecule:Multiple occupancies found: CB in ARG A 102.
2022-11-08 13:27:53,751 WARNING:main.py:418:setup_molecule:Multiple occupancies found: CG in ARG A 102.
2022-11-08 13:27:53,751 WARNING:main.py:418:setup_molecule:Multiple occupancies found: CD in ARG A 102.
2022-11-08 13:27:53,751 WARNING:main.py:418:setup_molecule:Multiple occupancies found: NE in ARG A 102.
2022-11-08 13:27:53,751 WARNING:main.py:418:setup_molecule:Multiple occupancies found: CZ in ARG A 102.
2022-11-08 13:27:53,751 WARNING:main.py:418:setup_molecule:Multiple occupancies found: NH1 in ARG A 102.
2022-11-08 13:27:53,752 WARNING:main.py:418:setup_molecule:Multiple occupancies found: NH2 in ARG A 102.
2022-11-08 13:27:53,752 WARNING:main.py:424:setup_molecule:Multiple occupancies found in ARG A 102. At least one of the instances is being ignored.
2022-11-08 13:27:53,752 WARNING:main.py:418:setup_molecule:Multiple occupancies found: N in GLU A 208.
2022-11-08 13:27:53,752 WARNING:main.py:418:setup_molecule:Multiple occupancies found: CA in GLU A 208.
2022-11-08 13:27:53,752 WARNING:main.py:418:setup_molecule:Multiple occupancies found: C in GLU A 208.
2022-11-08 13:27:53,752 WARNING:main.py:418:setup_molecule:Multiple occupancies found: O in GLU A 208.
2022-11-08 13:27:53,753 WARNING:main.py:418:setup_molecule:Multiple occupancies found: CB in GLU A 208.
2022-11-08 13:27:53,754 WARNING:main.py:418:setup_molecule:Multiple occupancies found: CG in GLU A 208.
2022-11-08 13:27:53,754 WARNING:main.py:418:setup_molecule:Multiple occupancies found: CD in GLU A 208.
2022-11-08 13:27:53,754 WARNING:main.py:418:setup_molecule:Multiple occupancies found: OE1 in GLU A 208.
2022-11-08 13:27:53,754 WARNING:main.py:418:setup_molecule:Multiple occupancies found: OE2 in GLU A 208.
2022-11-08 13:27:53,754 WARNING:main.py:424:setup_molecule:Multiple occupancies found in GLU A 208. At least one of the instances is being ignored.
2022-11-08 13:27:53,763 WARNING:biomolecule.py:600:update_bonds:Gap in backbone detected between ALA A 46 and GLY A 57!
2022-11-08 13:27:55,175 WARNING:debump.py:172:debump_biomolecule:WARNING: Unable to debump LEU A 216
2022-11-08 13:27:55,764 WARNING:main.py:311:print_pqr:Ignoring 2819 header lines in output.
2022-11-08 13:27:55,764 WARNING:main.py:315:print_pqr:Ignoring 61 missing lines in output.
