2022-11-08 13:38:43,825 WARNING:biomolecule.py:966:create_residue:Unable to find amino or nucleic acid definition for SAM.  Parsing as new residue.
2022-11-08 13:38:43,826 WARNING:biomolecule.py:966:create_residue:Unable to find amino or nucleic acid definition for GOL.  Parsing as new residue.
2022-11-08 13:38:43,826 WARNING:biomolecule.py:966:create_residue:Unable to find amino or nucleic acid definition for POW.  Parsing as new residue.
2022-11-08 13:38:43,826 WARNING:biomolecule.py:966:create_residue:Unable to find amino or nucleic acid definition for ZN.  Parsing as new residue.
2022-11-08 13:38:43,826 WARNING:biomolecule.py:966:create_residue:Unable to find amino or nucleic acid definition for ZN.  Parsing as new residue.
2022-11-08 13:38:43,827 WARNING:biomolecule.py:966:create_residue:Unable to find amino or nucleic acid definition for ZN.  Parsing as new residue.
2022-11-08 13:38:43,827 WARNING:biomolecule.py:966:create_residue:Unable to find amino or nucleic acid definition for GOL.  Parsing as new residue.
2022-11-08 13:38:43,827 WARNING:biomolecule.py:966:create_residue:Unable to find amino or nucleic acid definition for GOL.  Parsing as new residue.
2022-11-08 13:38:43,828 WARNING:main.py:418:setup_molecule:Multiple occupancies found: CA in CYS A 41.
2022-11-08 13:38:43,828 WARNING:main.py:418:setup_molecule:Multiple occupancies found: CB in CYS A 41.
2022-11-08 13:38:43,828 WARNING:main.py:418:setup_molecule:Multiple occupancies found: SG in CYS A 41.
2022-11-08 13:38:43,828 WARNING:main.py:424:setup_molecule:Multiple occupancies found in CYS A 41. At least one of the instances is being ignored.
2022-11-08 13:38:43,828 WARNING:main.py:418:setup_molecule:Multiple occupancies found: CA in GLU A 173.
2022-11-08 13:38:43,829 WARNING:main.py:418:setup_molecule:Multiple occupancies found: CB in GLU A 173.
2022-11-08 13:38:43,829 WARNING:main.py:418:setup_molecule:Multiple occupancies found: CG in GLU A 173.
2022-11-08 13:38:43,829 WARNING:main.py:418:setup_molecule:Multiple occupancies found: CD in GLU A 173.
2022-11-08 13:38:43,829 WARNING:main.py:418:setup_molecule:Multiple occupancies found: OE1 in GLU A 173.
2022-11-08 13:38:43,829 WARNING:main.py:418:setup_molecule:Multiple occupancies found: OE2 in GLU A 173.
2022-11-08 13:38:43,829 WARNING:main.py:424:setup_molecule:Multiple occupancies found in GLU A 173. At least one of the instances is being ignored.
2022-11-08 13:38:43,830 WARNING:main.py:418:setup_molecule:Multiple occupancies found: CA in THR A 352.
2022-11-08 13:38:43,830 WARNING:main.py:418:setup_molecule:Multiple occupancies found: CB in THR A 352.
2022-11-08 13:38:43,830 WARNING:main.py:418:setup_molecule:Multiple occupancies found: CG2 in THR A 352.
2022-11-08 13:38:43,830 WARNING:main.py:418:setup_molecule:Multiple occupancies found: OG1 in THR A 352.
2022-11-08 13:38:43,830 WARNING:main.py:424:setup_molecule:Multiple occupancies found in THR A 352. At least one of the instances is being ignored.
2022-11-08 13:38:43,830 WARNING:main.py:418:setup_molecule:Multiple occupancies found: CA in HIS A 382.
2022-11-08 13:38:43,830 WARNING:main.py:418:setup_molecule:Multiple occupancies found: CB in HIS A 382.
2022-11-08 13:38:43,830 WARNING:main.py:418:setup_molecule:Multiple occupancies found: CG in HIS A 382.
2022-11-08 13:38:43,831 WARNING:main.py:418:setup_molecule:Multiple occupancies found: CD2 in HIS A 382.
2022-11-08 13:38:43,831 WARNING:main.py:418:setup_molecule:Multiple occupancies found: ND1 in HIS A 382.
2022-11-08 13:38:43,831 WARNING:main.py:418:setup_molecule:Multiple occupancies found: CE1 in HIS A 382.
2022-11-08 13:38:43,831 WARNING:main.py:418:setup_molecule:Multiple occupancies found: NE2 in HIS A 382.
2022-11-08 13:38:43,831 WARNING:main.py:424:setup_molecule:Multiple occupancies found in HIS A 382. At least one of the instances is being ignored.
2022-11-08 13:38:43,831 WARNING:main.py:418:setup_molecule:Multiple occupancies found: CA in ASP A 398.
2022-11-08 13:38:43,831 WARNING:main.py:418:setup_molecule:Multiple occupancies found: CB in ASP A 398.
2022-11-08 13:38:43,832 WARNING:main.py:418:setup_molecule:Multiple occupancies found: CG in ASP A 398.
2022-11-08 13:38:43,832 WARNING:main.py:418:setup_molecule:Multiple occupancies found: OD1 in ASP A 398.
2022-11-08 13:38:43,833 WARNING:main.py:418:setup_molecule:Multiple occupancies found: OD2 in ASP A 398.
2022-11-08 13:38:43,833 WARNING:main.py:424:setup_molecule:Multiple occupancies found in ASP A 398. At least one of the instances is being ignored.
2022-11-08 13:38:43,891 WARNING:biomolecule.py:157:num_missing_heavy:Missing atom OXT in residue ALA A 427
2022-11-08 13:38:43,894 WARNING:biomolecule.py:157:num_missing_heavy:Missing atom OXT in residue ALA A 427
2022-11-08 13:38:43,898 WARNING:biomolecule.py:157:num_missing_heavy:Missing atom OXT in residue ALA A 427
2022-11-08 13:38:50,044 WARNING:main.py:311:print_pqr:Ignoring 3396 header lines in output.
2022-11-08 13:38:50,045 WARNING:main.py:315:print_pqr:Ignoring 77 missing lines in output.
