2022-11-08 13:32:44,518 WARNING:biomolecule.py:966:create_residue:Unable to find amino or nucleic acid definition for SAM.  Parsing as new residue.
2022-11-08 13:32:44,545 WARNING:main.py:418:setup_molecule:Multiple occupancies found: CA in MET A 437.
2022-11-08 13:32:44,545 WARNING:main.py:418:setup_molecule:Multiple occupancies found: CB in MET A 437.
2022-11-08 13:32:44,545 WARNING:main.py:418:setup_molecule:Multiple occupancies found: CG in MET A 437.
2022-11-08 13:32:44,545 WARNING:main.py:418:setup_molecule:Multiple occupancies found: SD in MET A 437.
2022-11-08 13:32:44,545 WARNING:main.py:418:setup_molecule:Multiple occupancies found: CE in MET A 437.
2022-11-08 13:32:44,545 WARNING:main.py:424:setup_molecule:Multiple occupancies found in MET A 437. At least one of the instances is being ignored.
2022-11-08 13:32:44,545 WARNING:main.py:418:setup_molecule:Multiple occupancies found: CA in LEU A 444.
2022-11-08 13:32:44,546 WARNING:main.py:418:setup_molecule:Multiple occupancies found: CB in LEU A 444.
2022-11-08 13:32:44,546 WARNING:main.py:418:setup_molecule:Multiple occupancies found: CG in LEU A 444.
2022-11-08 13:32:44,546 WARNING:main.py:418:setup_molecule:Multiple occupancies found: CD1 in LEU A 444.
2022-11-08 13:32:44,546 WARNING:main.py:418:setup_molecule:Multiple occupancies found: CD2 in LEU A 444.
2022-11-08 13:32:44,546 WARNING:main.py:424:setup_molecule:Multiple occupancies found in LEU A 444. At least one of the instances is being ignored.
2022-11-08 13:32:44,546 WARNING:main.py:418:setup_molecule:Multiple occupancies found: CA in LEU B 139.
2022-11-08 13:32:44,546 WARNING:main.py:418:setup_molecule:Multiple occupancies found: CB in LEU B 139.
2022-11-08 13:32:44,547 WARNING:main.py:418:setup_molecule:Multiple occupancies found: CG in LEU B 139.
2022-11-08 13:32:44,547 WARNING:main.py:418:setup_molecule:Multiple occupancies found: CD1 in LEU B 139.
2022-11-08 13:32:44,547 WARNING:main.py:418:setup_molecule:Multiple occupancies found: CD2 in LEU B 139.
2022-11-08 13:32:44,547 WARNING:main.py:424:setup_molecule:Multiple occupancies found in LEU B 139. At least one of the instances is being ignored.
2022-11-08 13:32:44,547 WARNING:main.py:418:setup_molecule:Multiple occupancies found: CA in LEU B 191.
2022-11-08 13:32:44,547 WARNING:main.py:418:setup_molecule:Multiple occupancies found: CB in LEU B 191.
2022-11-08 13:32:44,547 WARNING:main.py:418:setup_molecule:Multiple occupancies found: CG in LEU B 191.
2022-11-08 13:32:44,547 WARNING:main.py:418:setup_molecule:Multiple occupancies found: CD1 in LEU B 191.
2022-11-08 13:32:44,548 WARNING:main.py:418:setup_molecule:Multiple occupancies found: CD2 in LEU B 191.
2022-11-08 13:32:44,548 WARNING:main.py:424:setup_molecule:Multiple occupancies found in LEU B 191. At least one of the instances is being ignored.
2022-11-08 13:32:44,602 WARNING:biomolecule.py:157:num_missing_heavy:Missing atom OXT in residue SER A 575
2022-11-08 13:32:44,604 WARNING:biomolecule.py:157:num_missing_heavy:Missing atom OXT in residue SER B 399
2022-11-08 13:32:44,605 WARNING:biomolecule.py:157:num_missing_heavy:Missing atom OXT in residue SER A 575
2022-11-08 13:32:44,607 WARNING:biomolecule.py:157:num_missing_heavy:Missing atom OXT in residue SER B 399
2022-11-08 13:32:44,609 WARNING:biomolecule.py:157:num_missing_heavy:Missing atom OXT in residue SER A 575
2022-11-08 13:32:44,611 WARNING:biomolecule.py:157:num_missing_heavy:Missing atom OXT in residue SER B 399
2022-11-08 13:32:52,451 WARNING:main.py:311:print_pqr:Ignoring 1731 header lines in output.
2022-11-08 13:32:52,451 WARNING:main.py:315:print_pqr:Ignoring 27 missing lines in output.
