2022-11-08 13:34:13,240 WARNING:biomolecule.py:966:create_residue:Unable to find amino or nucleic acid definition for ZN.  Parsing as new residue.
2022-11-08 13:34:13,241 WARNING:biomolecule.py:966:create_residue:Unable to find amino or nucleic acid definition for ZN.  Parsing as new residue.
2022-11-08 13:34:13,241 WARNING:biomolecule.py:966:create_residue:Unable to find amino or nucleic acid definition for ZN.  Parsing as new residue.
2022-11-08 13:34:13,241 WARNING:biomolecule.py:966:create_residue:Unable to find amino or nucleic acid definition for ZN.  Parsing as new residue.
2022-11-08 13:34:13,241 WARNING:biomolecule.py:966:create_residue:Unable to find amino or nucleic acid definition for SAM.  Parsing as new residue.
2022-11-08 13:34:13,242 WARNING:biomolecule.py:966:create_residue:Unable to find amino or nucleic acid definition for 90P.  Parsing as new residue.
2022-11-08 13:34:13,242 WARNING:biomolecule.py:966:create_residue:Unable to find amino or nucleic acid definition for GOL.  Parsing as new residue.
2022-11-08 13:34:13,243 WARNING:biomolecule.py:966:create_residue:Unable to find amino or nucleic acid definition for GOL.  Parsing as new residue.
2022-11-08 13:34:13,243 WARNING:biomolecule.py:966:create_residue:Unable to find amino or nucleic acid definition for GOL.  Parsing as new residue.
2022-11-08 13:34:13,244 WARNING:io.py:40:filter:Suppressing further "Unable to find amino or nucleic acid definition for" messages
2022-11-08 13:34:13,273 WARNING:main.py:418:setup_molecule:Multiple occupancies found: CA in GLU A 955.
2022-11-08 13:34:13,273 WARNING:main.py:418:setup_molecule:Multiple occupancies found: CB in GLU A 955.
2022-11-08 13:34:13,273 WARNING:main.py:418:setup_molecule:Multiple occupancies found: CG in GLU A 955.
2022-11-08 13:34:13,273 WARNING:main.py:418:setup_molecule:Multiple occupancies found: CD in GLU A 955.
2022-11-08 13:34:13,273 WARNING:main.py:418:setup_molecule:Multiple occupancies found: OE1 in GLU A 955.
2022-11-08 13:34:13,273 WARNING:main.py:418:setup_molecule:Multiple occupancies found: OE2 in GLU A 955.
2022-11-08 13:34:13,273 WARNING:main.py:424:setup_molecule:Multiple occupancies found in GLU A 955. At least one of the instances is being ignored.
2022-11-08 13:34:13,273 WARNING:main.py:418:setup_molecule:Multiple occupancies found: CA in SER A 960.
2022-11-08 13:34:13,274 WARNING:main.py:418:setup_molecule:Multiple occupancies found: CB in SER A 960.
2022-11-08 13:34:13,274 WARNING:main.py:418:setup_molecule:Multiple occupancies found: OG in SER A 960.
2022-11-08 13:34:13,274 WARNING:main.py:424:setup_molecule:Multiple occupancies found in SER A 960. At least one of the instances is being ignored.
2022-11-08 13:34:13,274 WARNING:main.py:418:setup_molecule:Multiple occupancies found: CA in ARG A 1039.
2022-11-08 13:34:13,274 WARNING:main.py:418:setup_molecule:Multiple occupancies found: CB in ARG A 1039.
2022-11-08 13:34:13,274 WARNING:main.py:418:setup_molecule:Multiple occupancies found: CG in ARG A 1039.
2022-11-08 13:34:13,274 WARNING:main.py:418:setup_molecule:Multiple occupancies found: CD in ARG A 1039.
2022-11-08 13:34:13,274 WARNING:main.py:418:setup_molecule:Multiple occupancies found: NE in ARG A 1039.
2022-11-08 13:34:13,275 WARNING:main.py:418:setup_molecule:Multiple occupancies found: CZ in ARG A 1039.
2022-11-08 13:34:13,275 WARNING:main.py:418:setup_molecule:Multiple occupancies found: NH1 in ARG A 1039.
2022-11-08 13:34:13,275 WARNING:main.py:418:setup_molecule:Multiple occupancies found: NH2 in ARG A 1039.
2022-11-08 13:34:13,275 WARNING:main.py:424:setup_molecule:Multiple occupancies found in ARG A 1039. At least one of the instances is being ignored.
2022-11-08 13:34:13,275 WARNING:main.py:418:setup_molecule:Multiple occupancies found: CA in ILE A 1064.
2022-11-08 13:34:13,275 WARNING:main.py:418:setup_molecule:Multiple occupancies found: CB in ILE A 1064.
2022-11-08 13:34:13,275 WARNING:main.py:418:setup_molecule:Multiple occupancies found: CG1 in ILE A 1064.
2022-11-08 13:34:13,277 WARNING:main.py:418:setup_molecule:Multiple occupancies found: CG2 in ILE A 1064.
2022-11-08 13:34:13,277 WARNING:main.py:418:setup_molecule:Multiple occupancies found: CD1 in ILE A 1064.
2022-11-08 13:34:13,277 WARNING:main.py:424:setup_molecule:Multiple occupancies found in ILE A 1064. At least one of the instances is being ignored.
2022-11-08 13:34:13,278 WARNING:main.py:418:setup_molecule:Multiple occupancies found: N in LEU A 1089.
2022-11-08 13:34:13,278 WARNING:main.py:418:setup_molecule:Multiple occupancies found: CA in LEU A 1089.
2022-11-08 13:34:13,278 WARNING:main.py:418:setup_molecule:Multiple occupancies found: C in LEU A 1089.
2022-11-08 13:34:13,278 WARNING:main.py:418:setup_molecule:Multiple occupancies found: O in LEU A 1089.
2022-11-08 13:34:13,278 WARNING:main.py:418:setup_molecule:Multiple occupancies found: CB in LEU A 1089.
2022-11-08 13:34:13,278 WARNING:main.py:418:setup_molecule:Multiple occupancies found: CG in LEU A 1089.
2022-11-08 13:34:13,278 WARNING:main.py:418:setup_molecule:Multiple occupancies found: CD1 in LEU A 1089.
2022-11-08 13:34:13,278 WARNING:main.py:418:setup_molecule:Multiple occupancies found: CD2 in LEU A 1089.
2022-11-08 13:34:13,279 WARNING:main.py:424:setup_molecule:Multiple occupancies found in LEU A 1089. At least one of the instances is being ignored.
2022-11-08 13:34:13,279 WARNING:main.py:418:setup_molecule:Multiple occupancies found: CA in CYS A 1098.
2022-11-08 13:34:13,279 WARNING:main.py:418:setup_molecule:Multiple occupancies found: CB in CYS A 1098.
2022-11-08 13:34:13,279 WARNING:main.py:418:setup_molecule:Multiple occupancies found: SG in CYS A 1098.
2022-11-08 13:34:13,279 WARNING:main.py:424:setup_molecule:Multiple occupancies found in CYS A 1098. At least one of the instances is being ignored.
2022-11-08 13:34:13,279 WARNING:main.py:418:setup_molecule:Multiple occupancies found: CA in ILE A 1107.
2022-11-08 13:34:13,279 WARNING:main.py:418:setup_molecule:Multiple occupancies found: CB in ILE A 1107.
2022-11-08 13:34:13,279 WARNING:main.py:418:setup_molecule:Multiple occupancies found: CG1 in ILE A 1107.
2022-11-08 13:34:13,279 WARNING:main.py:418:setup_molecule:Multiple occupancies found: CG2 in ILE A 1107.
2022-11-08 13:34:13,280 WARNING:main.py:418:setup_molecule:Multiple occupancies found: CD1 in ILE A 1107.
2022-11-08 13:34:13,280 WARNING:main.py:424:setup_molecule:Multiple occupancies found in ILE A 1107. At least one of the instances is being ignored.
2022-11-08 13:34:13,280 WARNING:main.py:418:setup_molecule:Multiple occupancies found: CA in ARG A 1123.
2022-11-08 13:34:13,280 WARNING:main.py:418:setup_molecule:Multiple occupancies found: CB in ARG A 1123.
2022-11-08 13:34:13,280 WARNING:main.py:418:setup_molecule:Multiple occupancies found: CG in ARG A 1123.
2022-11-08 13:34:13,280 WARNING:main.py:418:setup_molecule:Multiple occupancies found: CD in ARG A 1123.
2022-11-08 13:34:13,280 WARNING:main.py:418:setup_molecule:Multiple occupancies found: NE in ARG A 1123.
2022-11-08 13:34:13,280 WARNING:main.py:418:setup_molecule:Multiple occupancies found: CZ in ARG A 1123.
2022-11-08 13:34:13,280 WARNING:main.py:418:setup_molecule:Multiple occupancies found: NH1 in ARG A 1123.
2022-11-08 13:34:13,281 WARNING:main.py:418:setup_molecule:Multiple occupancies found: NH2 in ARG A 1123.
2022-11-08 13:34:13,281 WARNING:main.py:424:setup_molecule:Multiple occupancies found in ARG A 1123. At least one of the instances is being ignored.
2022-11-08 13:34:13,281 WARNING:main.py:418:setup_molecule:Multiple occupancies found: CA in ILE A 1136.
2022-11-08 13:34:13,281 WARNING:main.py:418:setup_molecule:Multiple occupancies found: CB in ILE A 1136.
2022-11-08 13:34:13,281 WARNING:main.py:418:setup_molecule:Multiple occupancies found: CG1 in ILE A 1136.
2022-11-08 13:34:13,281 WARNING:main.py:418:setup_molecule:Multiple occupancies found: CG2 in ILE A 1136.
2022-11-08 13:34:13,281 WARNING:main.py:418:setup_molecule:Multiple occupancies found: CD1 in ILE A 1136.
2022-11-08 13:34:13,281 WARNING:main.py:424:setup_molecule:Multiple occupancies found in ILE A 1136. At least one of the instances is being ignored.
2022-11-08 13:34:13,282 WARNING:main.py:418:setup_molecule:Multiple occupancies found: CA in SER A 1141.
2022-11-08 13:34:13,282 WARNING:main.py:418:setup_molecule:Multiple occupancies found: CB in SER A 1141.
2022-11-08 13:34:13,282 WARNING:main.py:418:setup_molecule:Multiple occupancies found: OG in SER A 1141.
2022-11-08 13:34:13,282 WARNING:main.py:424:setup_molecule:Multiple occupancies found in SER A 1141. At least one of the instances is being ignored.
2022-11-08 13:34:13,282 WARNING:main.py:418:setup_molecule:Multiple occupancies found: CA in ARG A 1142.
2022-11-08 13:34:13,282 WARNING:main.py:418:setup_molecule:Multiple occupancies found: CB in ARG A 1142.
2022-11-08 13:34:13,282 WARNING:main.py:418:setup_molecule:Multiple occupancies found: CG in ARG A 1142.
2022-11-08 13:34:13,282 WARNING:main.py:418:setup_molecule:Multiple occupancies found: CD in ARG A 1142.
2022-11-08 13:34:13,282 WARNING:main.py:418:setup_molecule:Multiple occupancies found: NE in ARG A 1142.
2022-11-08 13:34:13,283 WARNING:main.py:418:setup_molecule:Multiple occupancies found: CZ in ARG A 1142.
2022-11-08 13:34:13,283 WARNING:main.py:418:setup_molecule:Multiple occupancies found: NH1 in ARG A 1142.
2022-11-08 13:34:13,283 WARNING:main.py:418:setup_molecule:Multiple occupancies found: NH2 in ARG A 1142.
2022-11-08 13:34:13,283 WARNING:main.py:424:setup_molecule:Multiple occupancies found in ARG A 1142. At least one of the instances is being ignored.
2022-11-08 13:34:13,283 WARNING:main.py:418:setup_molecule:Multiple occupancies found: CA in SER B 960.
2022-11-08 13:34:13,283 WARNING:main.py:418:setup_molecule:Multiple occupancies found: CB in SER B 960.
2022-11-08 13:34:13,283 WARNING:main.py:418:setup_molecule:Multiple occupancies found: OG in SER B 960.
2022-11-08 13:34:13,283 WARNING:main.py:424:setup_molecule:Multiple occupancies found in SER B 960. At least one of the instances is being ignored.
2022-11-08 13:34:13,284 WARNING:main.py:418:setup_molecule:Multiple occupancies found: CA in LEU B 986.
2022-11-08 13:34:13,284 WARNING:main.py:418:setup_molecule:Multiple occupancies found: CB in LEU B 986.
2022-11-08 13:34:13,284 WARNING:main.py:418:setup_molecule:Multiple occupancies found: CG in LEU B 986.
2022-11-08 13:34:13,284 WARNING:main.py:418:setup_molecule:Multiple occupancies found: CD1 in LEU B 986.
2022-11-08 13:34:13,284 WARNING:main.py:418:setup_molecule:Multiple occupancies found: CD2 in LEU B 986.
2022-11-08 13:34:13,284 WARNING:main.py:424:setup_molecule:Multiple occupancies found in LEU B 986. At least one of the instances is being ignored.
2022-11-08 13:34:13,284 WARNING:main.py:418:setup_molecule:Multiple occupancies found: CA in SER B 991.
2022-11-08 13:34:13,284 WARNING:main.py:418:setup_molecule:Multiple occupancies found: CB in SER B 991.
2022-11-08 13:34:13,285 WARNING:main.py:418:setup_molecule:Multiple occupancies found: OG in SER B 991.
2022-11-08 13:34:13,285 WARNING:main.py:424:setup_molecule:Multiple occupancies found in SER B 991. At least one of the instances is being ignored.
2022-11-08 13:34:13,285 WARNING:main.py:418:setup_molecule:Multiple occupancies found: CA in GLN B 1060.
2022-11-08 13:34:13,285 WARNING:main.py:418:setup_molecule:Multiple occupancies found: CB in GLN B 1060.
2022-11-08 13:34:13,285 WARNING:main.py:418:setup_molecule:Multiple occupancies found: CG in GLN B 1060.
2022-11-08 13:34:13,285 WARNING:main.py:418:setup_molecule:Multiple occupancies found: CD in GLN B 1060.
2022-11-08 13:34:13,285 WARNING:main.py:418:setup_molecule:Multiple occupancies found: NE2 in GLN B 1060.
2022-11-08 13:34:13,285 WARNING:main.py:418:setup_molecule:Multiple occupancies found: OE1 in GLN B 1060.
2022-11-08 13:34:13,286 WARNING:main.py:424:setup_molecule:Multiple occupancies found in GLN B 1060. At least one of the instances is being ignored.
2022-11-08 13:34:13,286 WARNING:main.py:418:setup_molecule:Multiple occupancies found: CA in SER B 1108.
2022-11-08 13:34:13,286 WARNING:main.py:418:setup_molecule:Multiple occupancies found: CB in SER B 1108.
2022-11-08 13:34:13,286 WARNING:main.py:418:setup_molecule:Multiple occupancies found: OG in SER B 1108.
2022-11-08 13:34:13,286 WARNING:main.py:424:setup_molecule:Multiple occupancies found in SER B 1108. At least one of the instances is being ignored.
2022-11-08 13:34:13,286 WARNING:main.py:418:setup_molecule:Multiple occupancies found: CA in ARG B 1123.
2022-11-08 13:34:13,286 WARNING:main.py:418:setup_molecule:Multiple occupancies found: CB in ARG B 1123.
2022-11-08 13:34:13,286 WARNING:main.py:418:setup_molecule:Multiple occupancies found: CG in ARG B 1123.
2022-11-08 13:34:13,287 WARNING:main.py:418:setup_molecule:Multiple occupancies found: CD in ARG B 1123.
2022-11-08 13:34:13,287 WARNING:main.py:418:setup_molecule:Multiple occupancies found: NE in ARG B 1123.
2022-11-08 13:34:13,287 WARNING:main.py:418:setup_molecule:Multiple occupancies found: CZ in ARG B 1123.
2022-11-08 13:34:13,287 WARNING:main.py:418:setup_molecule:Multiple occupancies found: NH1 in ARG B 1123.
2022-11-08 13:34:13,287 WARNING:main.py:418:setup_molecule:Multiple occupancies found: NH2 in ARG B 1123.
2022-11-08 13:34:13,287 WARNING:main.py:424:setup_molecule:Multiple occupancies found in ARG B 1123. At least one of the instances is being ignored.
2022-11-08 13:34:13,287 WARNING:main.py:418:setup_molecule:Multiple occupancies found: CA in ILE B 1136.
2022-11-08 13:34:13,287 WARNING:main.py:418:setup_molecule:Multiple occupancies found: CB in ILE B 1136.
2022-11-08 13:34:13,287 WARNING:main.py:418:setup_molecule:Multiple occupancies found: CG1 in ILE B 1136.
2022-11-08 13:34:13,288 WARNING:main.py:418:setup_molecule:Multiple occupancies found: CG2 in ILE B 1136.
2022-11-08 13:34:13,288 WARNING:main.py:418:setup_molecule:Multiple occupancies found: CD1 in ILE B 1136.
2022-11-08 13:34:13,288 WARNING:main.py:424:setup_molecule:Multiple occupancies found in ILE B 1136. At least one of the instances is being ignored.
2022-11-08 13:34:13,288 WARNING:main.py:418:setup_molecule:Multiple occupancies found: N in ARG B 1142.
2022-11-08 13:34:13,288 WARNING:main.py:418:setup_molecule:Multiple occupancies found: CA in ARG B 1142.
2022-11-08 13:34:13,288 WARNING:main.py:418:setup_molecule:Multiple occupancies found: C in ARG B 1142.
2022-11-08 13:34:13,288 WARNING:main.py:418:setup_molecule:Multiple occupancies found: O in ARG B 1142.
2022-11-08 13:34:13,288 WARNING:main.py:418:setup_molecule:Multiple occupancies found: CB in ARG B 1142.
2022-11-08 13:34:13,289 WARNING:main.py:418:setup_molecule:Multiple occupancies found: CG in ARG B 1142.
2022-11-08 13:34:13,289 WARNING:main.py:418:setup_molecule:Multiple occupancies found: CD in ARG B 1142.
2022-11-08 13:34:13,289 WARNING:main.py:418:setup_molecule:Multiple occupancies found: NE in ARG B 1142.
2022-11-08 13:34:13,289 WARNING:main.py:418:setup_molecule:Multiple occupancies found: CZ in ARG B 1142.
2022-11-08 13:34:13,289 WARNING:main.py:418:setup_molecule:Multiple occupancies found: NH1 in ARG B 1142.
2022-11-08 13:34:13,289 WARNING:main.py:418:setup_molecule:Multiple occupancies found: NH2 in ARG B 1142.
2022-11-08 13:34:13,289 WARNING:main.py:424:setup_molecule:Multiple occupancies found in ARG B 1142. At least one of the instances is being ignored.
2022-11-08 13:34:13,289 WARNING:main.py:418:setup_molecule:Multiple occupancies found: N in THR B 1146.
2022-11-08 13:34:13,289 WARNING:main.py:418:setup_molecule:Multiple occupancies found: CA in THR B 1146.
2022-11-08 13:34:13,290 WARNING:main.py:418:setup_molecule:Multiple occupancies found: C in THR B 1146.
2022-11-08 13:34:13,290 WARNING:main.py:418:setup_molecule:Multiple occupancies found: O in THR B 1146.
2022-11-08 13:34:13,290 WARNING:main.py:418:setup_molecule:Multiple occupancies found: CB in THR B 1146.
2022-11-08 13:34:13,290 WARNING:main.py:418:setup_molecule:Multiple occupancies found: CG2 in THR B 1146.
2022-11-08 13:34:13,290 WARNING:main.py:418:setup_molecule:Multiple occupancies found: OG1 in THR B 1146.
2022-11-08 13:34:13,290 WARNING:main.py:424:setup_molecule:Multiple occupancies found in THR B 1146. At least one of the instances is being ignored.
2022-11-08 13:34:13,344 WARNING:biomolecule.py:157:num_missing_heavy:Missing atom CG1 in residue ILE A 916
2022-11-08 13:34:13,345 WARNING:biomolecule.py:157:num_missing_heavy:Missing atom CG2 in residue ILE A 916
2022-11-08 13:34:13,345 WARNING:biomolecule.py:157:num_missing_heavy:Missing atom CD1 in residue ILE A 916
2022-11-08 13:34:13,345 WARNING:biomolecule.py:157:num_missing_heavy:Missing atom CG in residue ARG A 917
2022-11-08 13:34:13,345 WARNING:biomolecule.py:157:num_missing_heavy:Missing atom CD in residue ARG A 917
2022-11-08 13:34:13,345 WARNING:biomolecule.py:157:num_missing_heavy:Missing atom NE in residue ARG A 917
2022-11-08 13:34:13,345 WARNING:biomolecule.py:157:num_missing_heavy:Missing atom CZ in residue ARG A 917
2022-11-08 13:34:13,345 WARNING:biomolecule.py:157:num_missing_heavy:Missing atom NH1 in residue ARG A 917
2022-11-08 13:34:13,345 WARNING:biomolecule.py:157:num_missing_heavy:Missing atom NH2 in residue ARG A 917
2022-11-08 13:34:13,346 WARNING:biomolecule.py:157:num_missing_heavy:Missing atom CG in residue LYS A 920
2022-11-08 13:34:13,346 WARNING:biomolecule.py:157:num_missing_heavy:Missing atom CD in residue LYS A 920
2022-11-08 13:34:13,346 WARNING:biomolecule.py:157:num_missing_heavy:Missing atom CE in residue LYS A 920
2022-11-08 13:34:13,346 WARNING:biomolecule.py:157:num_missing_heavy:Missing atom NZ in residue LYS A 920
2022-11-08 13:34:13,346 WARNING:biomolecule.py:157:num_missing_heavy:Missing atom CG in residue ARG A 924
2022-11-08 13:34:13,346 WARNING:biomolecule.py:157:num_missing_heavy:Missing atom CD in residue ARG A 924
2022-11-08 13:34:13,346 WARNING:biomolecule.py:157:num_missing_heavy:Missing atom NE in residue ARG A 924
2022-11-08 13:34:13,346 WARNING:biomolecule.py:157:num_missing_heavy:Missing atom CZ in residue ARG A 924
2022-11-08 13:34:13,347 WARNING:biomolecule.py:157:num_missing_heavy:Missing atom NH1 in residue ARG A 924
2022-11-08 13:34:13,347 WARNING:biomolecule.py:157:num_missing_heavy:Missing atom NH2 in residue ARG A 924
2022-11-08 13:34:13,347 WARNING:biomolecule.py:157:num_missing_heavy:Missing atom OE1 in residue GLN A 972
2022-11-08 13:34:13,347 WARNING:biomolecule.py:157:num_missing_heavy:Missing atom NE2 in residue GLN A 972
2022-11-08 13:34:13,347 WARNING:biomolecule.py:157:num_missing_heavy:Missing atom CG1 in residue VAL A 977
2022-11-08 13:34:13,348 WARNING:biomolecule.py:157:num_missing_heavy:Missing atom CG2 in residue VAL A 977
2022-11-08 13:34:13,348 WARNING:biomolecule.py:157:num_missing_heavy:Missing atom OG in residue SER A 983
2022-11-08 13:34:13,348 WARNING:biomolecule.py:157:num_missing_heavy:Missing atom CD1 in residue ILE A 992
2022-11-08 13:34:13,348 WARNING:biomolecule.py:157:num_missing_heavy:Missing atom CD in residue ARG A 993
2022-11-08 13:34:13,348 WARNING:biomolecule.py:157:num_missing_heavy:Missing atom NE in residue ARG A 993
2022-11-08 13:34:13,348 WARNING:biomolecule.py:157:num_missing_heavy:Missing atom CZ in residue ARG A 993
2022-11-08 13:34:13,348 WARNING:biomolecule.py:157:num_missing_heavy:Missing atom NH1 in residue ARG A 993
2022-11-08 13:34:13,348 WARNING:biomolecule.py:157:num_missing_heavy:Missing atom NH2 in residue ARG A 993
2022-11-08 13:34:13,349 WARNING:biomolecule.py:157:num_missing_heavy:Missing atom NZ in residue LYS A 998
2022-11-08 13:34:13,349 WARNING:biomolecule.py:157:num_missing_heavy:Missing atom CG in residue GLN A 1004
2022-11-08 13:34:13,349 WARNING:biomolecule.py:157:num_missing_heavy:Missing atom CD in residue GLN A 1004
2022-11-08 13:34:13,349 WARNING:biomolecule.py:157:num_missing_heavy:Missing atom OE1 in residue GLN A 1004
2022-11-08 13:34:13,349 WARNING:biomolecule.py:157:num_missing_heavy:Missing atom NE2 in residue GLN A 1004
2022-11-08 13:34:13,349 WARNING:biomolecule.py:157:num_missing_heavy:Missing atom CE in residue LYS A 1008
2022-11-08 13:34:13,349 WARNING:biomolecule.py:157:num_missing_heavy:Missing atom NZ in residue LYS A 1008
2022-11-08 13:34:13,350 WARNING:biomolecule.py:157:num_missing_heavy:Missing atom NZ in residue LYS A 1028
2022-11-08 13:34:13,350 WARNING:biomolecule.py:157:num_missing_heavy:Missing atom CG in residue GLU A 1081
2022-11-08 13:34:13,350 WARNING:biomolecule.py:157:num_missing_heavy:Missing atom CD in residue GLU A 1081
2022-11-08 13:34:13,350 WARNING:biomolecule.py:157:num_missing_heavy:Missing atom OE1 in residue GLU A 1081
2022-11-08 13:34:13,351 WARNING:biomolecule.py:157:num_missing_heavy:Missing atom OE2 in residue GLU A 1081
2022-11-08 13:34:13,351 WARNING:biomolecule.py:157:num_missing_heavy:Missing atom CG in residue ASP A 1090
2022-11-08 13:34:13,351 WARNING:biomolecule.py:157:num_missing_heavy:Missing atom OD1 in residue ASP A 1090
2022-11-08 13:34:13,351 WARNING:biomolecule.py:157:num_missing_heavy:Missing atom OD2 in residue ASP A 1090
2022-11-08 13:34:13,351 WARNING:biomolecule.py:157:num_missing_heavy:Missing atom N in residue GLU A 1095
2022-11-08 13:34:13,351 WARNING:biomolecule.py:157:num_missing_heavy:Missing atom CB in residue GLU A 1095
2022-11-08 13:34:13,351 WARNING:biomolecule.py:157:num_missing_heavy:Missing atom CG in residue GLU A 1095
2022-11-08 13:34:13,351 WARNING:biomolecule.py:157:num_missing_heavy:Missing atom CD in residue GLU A 1095
2022-11-08 13:34:13,352 WARNING:biomolecule.py:157:num_missing_heavy:Missing atom OE1 in residue GLU A 1095
2022-11-08 13:34:13,352 WARNING:biomolecule.py:157:num_missing_heavy:Missing atom OE2 in residue GLU A 1095
2022-11-08 13:34:13,352 WARNING:biomolecule.py:157:num_missing_heavy:Missing atom CD in residue ARG A 1145
2022-11-08 13:34:13,352 WARNING:biomolecule.py:157:num_missing_heavy:Missing atom NE in residue ARG A 1145
2022-11-08 13:34:13,352 WARNING:biomolecule.py:157:num_missing_heavy:Missing atom CZ in residue ARG A 1145
2022-11-08 13:34:13,353 WARNING:biomolecule.py:157:num_missing_heavy:Missing atom NH1 in residue ARG A 1145
2022-11-08 13:34:13,353 WARNING:biomolecule.py:157:num_missing_heavy:Missing atom NH2 in residue ARG A 1145
2022-11-08 13:34:13,353 WARNING:biomolecule.py:157:num_missing_heavy:Missing atom CD1 in residue ILE A 1161
2022-11-08 13:34:13,353 WARNING:biomolecule.py:157:num_missing_heavy:Missing atom NZ in residue LYS A 1164
2022-11-08 13:34:13,353 WARNING:biomolecule.py:157:num_missing_heavy:Missing atom CG in residue GLU A 1173
2022-11-08 13:34:13,353 WARNING:biomolecule.py:157:num_missing_heavy:Missing atom CD in residue GLU A 1173
2022-11-08 13:34:13,354 WARNING:biomolecule.py:157:num_missing_heavy:Missing atom OE1 in residue GLU A 1173
2022-11-08 13:34:13,354 WARNING:biomolecule.py:157:num_missing_heavy:Missing atom OE2 in residue GLU A 1173
2022-11-08 13:34:13,354 WARNING:biomolecule.py:157:num_missing_heavy:Missing atom CG in residue LYS A 1174
2022-11-08 13:34:13,354 WARNING:biomolecule.py:157:num_missing_heavy:Missing atom CD in residue LYS A 1174
2022-11-08 13:34:13,354 WARNING:biomolecule.py:157:num_missing_heavy:Missing atom CE in residue LYS A 1174
2022-11-08 13:34:13,354 WARNING:biomolecule.py:157:num_missing_heavy:Missing atom NZ in residue LYS A 1174
2022-11-08 13:34:13,354 WARNING:biomolecule.py:157:num_missing_heavy:Missing atom CG in residue LYS A 1176
2022-11-08 13:34:13,354 WARNING:biomolecule.py:157:num_missing_heavy:Missing atom CD in residue LYS A 1176
2022-11-08 13:34:13,355 WARNING:biomolecule.py:157:num_missing_heavy:Missing atom CE in residue LYS A 1176
2022-11-08 13:34:13,355 WARNING:biomolecule.py:157:num_missing_heavy:Missing atom NZ in residue LYS A 1176
2022-11-08 13:34:13,355 WARNING:biomolecule.py:157:num_missing_heavy:Missing atom CG in residue GLU A 1180
2022-11-08 13:34:13,355 WARNING:biomolecule.py:157:num_missing_heavy:Missing atom CD in residue GLU A 1180
2022-11-08 13:34:13,355 WARNING:biomolecule.py:157:num_missing_heavy:Missing atom OE1 in residue GLU A 1180
2022-11-08 13:34:13,355 WARNING:biomolecule.py:157:num_missing_heavy:Missing atom OE2 in residue GLU A 1180
2022-11-08 13:34:13,355 WARNING:biomolecule.py:157:num_missing_heavy:Missing atom CG1 in residue ILE A 1182
2022-11-08 13:34:13,355 WARNING:biomolecule.py:157:num_missing_heavy:Missing atom CG2 in residue ILE A 1182
2022-11-08 13:34:13,356 WARNING:biomolecule.py:157:num_missing_heavy:Missing atom CD1 in residue ILE A 1182
2022-11-08 13:34:13,356 WARNING:biomolecule.py:157:num_missing_heavy:Missing atom CG in residue GLU A 1185
2022-11-08 13:34:13,356 WARNING:biomolecule.py:157:num_missing_heavy:Missing atom CD in residue GLU A 1185
2022-11-08 13:34:13,356 WARNING:biomolecule.py:157:num_missing_heavy:Missing atom OE1 in residue GLU A 1185
2022-11-08 13:34:13,356 WARNING:biomolecule.py:157:num_missing_heavy:Missing atom OE2 in residue GLU A 1185
2022-11-08 13:34:13,356 WARNING:biomolecule.py:157:num_missing_heavy:Missing atom OXT in residue GLU A 1185
2022-11-08 13:34:13,356 WARNING:biomolecule.py:157:num_missing_heavy:Missing atom OG1 in residue THR B 918
2022-11-08 13:34:13,356 WARNING:biomolecule.py:157:num_missing_heavy:Missing atom CG2 in residue THR B 918
2022-11-08 13:34:13,357 WARNING:biomolecule.py:157:num_missing_heavy:Missing atom CG in residue LYS B 920
2022-11-08 13:34:13,357 WARNING:biomolecule.py:157:num_missing_heavy:Missing atom CD in residue LYS B 920
2022-11-08 13:34:13,357 WARNING:biomolecule.py:157:num_missing_heavy:Missing atom CE in residue LYS B 920
2022-11-08 13:34:13,357 WARNING:biomolecule.py:157:num_missing_heavy:Missing atom NZ in residue LYS B 920
2022-11-08 13:34:13,357 WARNING:biomolecule.py:157:num_missing_heavy:Missing atom CG in residue ASN B 963
2022-11-08 13:34:13,358 WARNING:biomolecule.py:157:num_missing_heavy:Missing atom OD1 in residue ASN B 963
2022-11-08 13:34:13,358 WARNING:biomolecule.py:157:num_missing_heavy:Missing atom ND2 in residue ASN B 963
2022-11-08 13:34:13,358 WARNING:biomolecule.py:157:num_missing_heavy:Missing atom CD in residue GLN B 1004
2022-11-08 13:34:13,358 WARNING:biomolecule.py:157:num_missing_heavy:Missing atom OE1 in residue GLN B 1004
2022-11-08 13:34:13,358 WARNING:biomolecule.py:157:num_missing_heavy:Missing atom NE2 in residue GLN B 1004
2022-11-08 13:34:13,358 WARNING:biomolecule.py:157:num_missing_heavy:Missing atom CG in residue GLU B 1005
2022-11-08 13:34:13,359 WARNING:biomolecule.py:157:num_missing_heavy:Missing atom CD in residue GLU B 1005
2022-11-08 13:34:13,359 WARNING:biomolecule.py:157:num_missing_heavy:Missing atom OE1 in residue GLU B 1005
2022-11-08 13:34:13,359 WARNING:biomolecule.py:157:num_missing_heavy:Missing atom OE2 in residue GLU B 1005
2022-11-08 13:34:13,359 WARNING:biomolecule.py:157:num_missing_heavy:Missing atom CD1 in residue ILE B 1009
2022-11-08 13:34:13,359 WARNING:biomolecule.py:157:num_missing_heavy:Missing atom CG in residue GLU B 1010
2022-11-08 13:34:13,359 WARNING:biomolecule.py:157:num_missing_heavy:Missing atom CD in residue GLU B 1010
2022-11-08 13:34:13,359 WARNING:biomolecule.py:157:num_missing_heavy:Missing atom OE1 in residue GLU B 1010
2022-11-08 13:34:13,359 WARNING:biomolecule.py:157:num_missing_heavy:Missing atom OE2 in residue GLU B 1010
2022-11-08 13:34:13,360 WARNING:biomolecule.py:157:num_missing_heavy:Missing atom CE in residue LYS B 1047
2022-11-08 13:34:13,360 WARNING:biomolecule.py:157:num_missing_heavy:Missing atom NZ in residue LYS B 1047
2022-11-08 13:34:13,360 WARNING:biomolecule.py:157:num_missing_heavy:Missing atom CG in residue GLU B 1081
2022-11-08 13:34:13,360 WARNING:biomolecule.py:157:num_missing_heavy:Missing atom CD in residue GLU B 1081
2022-11-08 13:34:13,361 WARNING:biomolecule.py:157:num_missing_heavy:Missing atom OE1 in residue GLU B 1081
2022-11-08 13:34:13,361 WARNING:biomolecule.py:157:num_missing_heavy:Missing atom OE2 in residue GLU B 1081
2022-11-08 13:34:13,361 WARNING:biomolecule.py:157:num_missing_heavy:Missing atom CG in residue ASP B 1090
2022-11-08 13:34:13,361 WARNING:biomolecule.py:157:num_missing_heavy:Missing atom OD1 in residue ASP B 1090
2022-11-08 13:34:13,361 WARNING:biomolecule.py:157:num_missing_heavy:Missing atom OD2 in residue ASP B 1090
2022-11-08 13:34:13,361 WARNING:biomolecule.py:157:num_missing_heavy:Missing atom N in residue GLU B 1095
2022-11-08 13:34:13,361 WARNING:biomolecule.py:157:num_missing_heavy:Missing atom CB in residue GLU B 1095
2022-11-08 13:34:13,361 WARNING:biomolecule.py:157:num_missing_heavy:Missing atom CG in residue GLU B 1095
2022-11-08 13:34:13,362 WARNING:biomolecule.py:157:num_missing_heavy:Missing atom CD in residue GLU B 1095
2022-11-08 13:34:13,362 WARNING:biomolecule.py:157:num_missing_heavy:Missing atom OE1 in residue GLU B 1095
2022-11-08 13:34:13,362 WARNING:biomolecule.py:157:num_missing_heavy:Missing atom OE2 in residue GLU B 1095
2022-11-08 13:34:13,362 WARNING:biomolecule.py:157:num_missing_heavy:Missing atom CD in residue ARG B 1145
2022-11-08 13:34:13,362 WARNING:biomolecule.py:157:num_missing_heavy:Missing atom NE in residue ARG B 1145
2022-11-08 13:34:13,363 WARNING:biomolecule.py:157:num_missing_heavy:Missing atom CZ in residue ARG B 1145
2022-11-08 13:34:13,363 WARNING:biomolecule.py:157:num_missing_heavy:Missing atom NH1 in residue ARG B 1145
2022-11-08 13:34:13,363 WARNING:biomolecule.py:157:num_missing_heavy:Missing atom NH2 in residue ARG B 1145
2022-11-08 13:34:13,363 WARNING:biomolecule.py:157:num_missing_heavy:Missing atom CG in residue GLU B 1173
2022-11-08 13:34:13,363 WARNING:biomolecule.py:157:num_missing_heavy:Missing atom CD in residue GLU B 1173
2022-11-08 13:34:13,363 WARNING:biomolecule.py:157:num_missing_heavy:Missing atom OE1 in residue GLU B 1173
2022-11-08 13:34:13,364 WARNING:biomolecule.py:157:num_missing_heavy:Missing atom OE2 in residue GLU B 1173
2022-11-08 13:34:13,364 WARNING:biomolecule.py:157:num_missing_heavy:Missing atom CE in residue LYS B 1174
2022-11-08 13:34:13,364 WARNING:biomolecule.py:157:num_missing_heavy:Missing atom NZ in residue LYS B 1174
2022-11-08 13:34:13,364 WARNING:biomolecule.py:157:num_missing_heavy:Missing atom CE in residue LYS B 1176
2022-11-08 13:34:13,364 WARNING:biomolecule.py:157:num_missing_heavy:Missing atom NZ in residue LYS B 1176
2022-11-08 13:34:13,364 WARNING:biomolecule.py:157:num_missing_heavy:Missing atom OXT in residue LEU B 1189
2022-11-08 13:34:13,364 WARNING:biomolecule.py:157:num_missing_heavy:Missing atom CG1 in residue ILE A 916
2022-11-08 13:34:13,365 WARNING:biomolecule.py:157:num_missing_heavy:Missing atom CG2 in residue ILE A 916
2022-11-08 13:34:13,365 WARNING:biomolecule.py:157:num_missing_heavy:Missing atom CD1 in residue ILE A 916
2022-11-08 13:34:13,365 WARNING:biomolecule.py:157:num_missing_heavy:Missing atom CG in residue ARG A 917
2022-11-08 13:34:13,365 WARNING:biomolecule.py:157:num_missing_heavy:Missing atom CD in residue ARG A 917
2022-11-08 13:34:13,365 WARNING:biomolecule.py:157:num_missing_heavy:Missing atom NE in residue ARG A 917
2022-11-08 13:34:13,365 WARNING:biomolecule.py:157:num_missing_heavy:Missing atom CZ in residue ARG A 917
2022-11-08 13:34:13,365 WARNING:biomolecule.py:157:num_missing_heavy:Missing atom NH1 in residue ARG A 917
2022-11-08 13:34:13,365 WARNING:biomolecule.py:157:num_missing_heavy:Missing atom NH2 in residue ARG A 917
2022-11-08 13:34:13,366 WARNING:biomolecule.py:157:num_missing_heavy:Missing atom CG in residue LYS A 920
2022-11-08 13:34:13,366 WARNING:biomolecule.py:157:num_missing_heavy:Missing atom CD in residue LYS A 920
2022-11-08 13:34:13,366 WARNING:biomolecule.py:157:num_missing_heavy:Missing atom CE in residue LYS A 920
2022-11-08 13:34:13,366 WARNING:biomolecule.py:157:num_missing_heavy:Missing atom NZ in residue LYS A 920
2022-11-08 13:34:13,366 WARNING:biomolecule.py:157:num_missing_heavy:Missing atom CG in residue ARG A 924
2022-11-08 13:34:13,366 WARNING:biomolecule.py:157:num_missing_heavy:Missing atom CD in residue ARG A 924
2022-11-08 13:34:13,366 WARNING:biomolecule.py:157:num_missing_heavy:Missing atom NE in residue ARG A 924
2022-11-08 13:34:13,366 WARNING:biomolecule.py:157:num_missing_heavy:Missing atom CZ in residue ARG A 924
2022-11-08 13:34:13,367 WARNING:biomolecule.py:157:num_missing_heavy:Missing atom NH1 in residue ARG A 924
2022-11-08 13:34:13,367 WARNING:biomolecule.py:157:num_missing_heavy:Missing atom NH2 in residue ARG A 924
2022-11-08 13:34:13,367 WARNING:biomolecule.py:157:num_missing_heavy:Missing atom OE1 in residue GLN A 972
2022-11-08 13:34:13,367 WARNING:biomolecule.py:157:num_missing_heavy:Missing atom NE2 in residue GLN A 972
2022-11-08 13:34:13,367 WARNING:biomolecule.py:157:num_missing_heavy:Missing atom CG1 in residue VAL A 977
2022-11-08 13:34:13,368 WARNING:biomolecule.py:157:num_missing_heavy:Missing atom CG2 in residue VAL A 977
2022-11-08 13:34:13,368 WARNING:biomolecule.py:157:num_missing_heavy:Missing atom OG in residue SER A 983
2022-11-08 13:34:13,368 WARNING:biomolecule.py:157:num_missing_heavy:Missing atom CD1 in residue ILE A 992
2022-11-08 13:34:13,368 WARNING:biomolecule.py:157:num_missing_heavy:Missing atom CD in residue ARG A 993
2022-11-08 13:34:13,368 WARNING:biomolecule.py:157:num_missing_heavy:Missing atom NE in residue ARG A 993
2022-11-08 13:34:13,368 WARNING:biomolecule.py:157:num_missing_heavy:Missing atom CZ in residue ARG A 993
2022-11-08 13:34:13,368 WARNING:biomolecule.py:157:num_missing_heavy:Missing atom NH1 in residue ARG A 993
2022-11-08 13:34:13,369 WARNING:biomolecule.py:157:num_missing_heavy:Missing atom NH2 in residue ARG A 993
2022-11-08 13:34:13,369 WARNING:biomolecule.py:157:num_missing_heavy:Missing atom NZ in residue LYS A 998
2022-11-08 13:34:13,369 WARNING:biomolecule.py:157:num_missing_heavy:Missing atom CG in residue GLN A 1004
2022-11-08 13:34:13,369 WARNING:biomolecule.py:157:num_missing_heavy:Missing atom CD in residue GLN A 1004
2022-11-08 13:34:13,369 WARNING:biomolecule.py:157:num_missing_heavy:Missing atom OE1 in residue GLN A 1004
2022-11-08 13:34:13,369 WARNING:biomolecule.py:157:num_missing_heavy:Missing atom NE2 in residue GLN A 1004
2022-11-08 13:34:13,369 WARNING:biomolecule.py:157:num_missing_heavy:Missing atom CE in residue LYS A 1008
2022-11-08 13:34:13,369 WARNING:biomolecule.py:157:num_missing_heavy:Missing atom NZ in residue LYS A 1008
2022-11-08 13:34:13,370 WARNING:biomolecule.py:157:num_missing_heavy:Missing atom NZ in residue LYS A 1028
2022-11-08 13:34:13,370 WARNING:biomolecule.py:157:num_missing_heavy:Missing atom CG in residue GLU A 1081
2022-11-08 13:34:13,370 WARNING:biomolecule.py:157:num_missing_heavy:Missing atom CD in residue GLU A 1081
2022-11-08 13:34:13,370 WARNING:biomolecule.py:157:num_missing_heavy:Missing atom OE1 in residue GLU A 1081
2022-11-08 13:34:13,371 WARNING:biomolecule.py:157:num_missing_heavy:Missing atom OE2 in residue GLU A 1081
2022-11-08 13:34:13,371 WARNING:biomolecule.py:157:num_missing_heavy:Missing atom CG in residue ASP A 1090
2022-11-08 13:34:13,371 WARNING:biomolecule.py:157:num_missing_heavy:Missing atom OD1 in residue ASP A 1090
2022-11-08 13:34:13,371 WARNING:biomolecule.py:157:num_missing_heavy:Missing atom OD2 in residue ASP A 1090
2022-11-08 13:34:13,371 WARNING:biomolecule.py:157:num_missing_heavy:Missing atom N in residue GLU A 1095
2022-11-08 13:34:13,371 WARNING:biomolecule.py:157:num_missing_heavy:Missing atom CB in residue GLU A 1095
2022-11-08 13:34:13,371 WARNING:biomolecule.py:157:num_missing_heavy:Missing atom CG in residue GLU A 1095
2022-11-08 13:34:13,372 WARNING:biomolecule.py:157:num_missing_heavy:Missing atom CD in residue GLU A 1095
2022-11-08 13:34:13,372 WARNING:biomolecule.py:157:num_missing_heavy:Missing atom OE1 in residue GLU A 1095
2022-11-08 13:34:13,372 WARNING:biomolecule.py:157:num_missing_heavy:Missing atom OE2 in residue GLU A 1095
2022-11-08 13:34:13,372 WARNING:biomolecule.py:157:num_missing_heavy:Missing atom CD in residue ARG A 1145
2022-11-08 13:34:13,372 WARNING:biomolecule.py:157:num_missing_heavy:Missing atom NE in residue ARG A 1145
2022-11-08 13:34:13,373 WARNING:biomolecule.py:157:num_missing_heavy:Missing atom CZ in residue ARG A 1145
2022-11-08 13:34:13,373 WARNING:biomolecule.py:157:num_missing_heavy:Missing atom NH1 in residue ARG A 1145
2022-11-08 13:34:13,373 WARNING:biomolecule.py:157:num_missing_heavy:Missing atom NH2 in residue ARG A 1145
2022-11-08 13:34:13,373 WARNING:biomolecule.py:157:num_missing_heavy:Missing atom CD1 in residue ILE A 1161
2022-11-08 13:34:13,373 WARNING:biomolecule.py:157:num_missing_heavy:Missing atom NZ in residue LYS A 1164
2022-11-08 13:34:13,373 WARNING:biomolecule.py:157:num_missing_heavy:Missing atom CG in residue GLU A 1173
2022-11-08 13:34:13,373 WARNING:biomolecule.py:157:num_missing_heavy:Missing atom CD in residue GLU A 1173
2022-11-08 13:34:13,374 WARNING:biomolecule.py:157:num_missing_heavy:Missing atom OE1 in residue GLU A 1173
2022-11-08 13:34:13,374 WARNING:biomolecule.py:157:num_missing_heavy:Missing atom OE2 in residue GLU A 1173
2022-11-08 13:34:13,374 WARNING:biomolecule.py:157:num_missing_heavy:Missing atom CG in residue LYS A 1174
2022-11-08 13:34:13,374 WARNING:biomolecule.py:157:num_missing_heavy:Missing atom CD in residue LYS A 1174
2022-11-08 13:34:13,374 WARNING:biomolecule.py:157:num_missing_heavy:Missing atom CE in residue LYS A 1174
2022-11-08 13:34:13,374 WARNING:biomolecule.py:157:num_missing_heavy:Missing atom NZ in residue LYS A 1174
2022-11-08 13:34:13,374 WARNING:biomolecule.py:157:num_missing_heavy:Missing atom CG in residue LYS A 1176
2022-11-08 13:34:13,374 WARNING:biomolecule.py:157:num_missing_heavy:Missing atom CD in residue LYS A 1176
2022-11-08 13:34:13,375 WARNING:biomolecule.py:157:num_missing_heavy:Missing atom CE in residue LYS A 1176
2022-11-08 13:34:13,375 WARNING:biomolecule.py:157:num_missing_heavy:Missing atom NZ in residue LYS A 1176
2022-11-08 13:34:13,375 WARNING:biomolecule.py:157:num_missing_heavy:Missing atom CG in residue GLU A 1180
2022-11-08 13:34:13,375 WARNING:biomolecule.py:157:num_missing_heavy:Missing atom CD in residue GLU A 1180
2022-11-08 13:34:13,375 WARNING:biomolecule.py:157:num_missing_heavy:Missing atom OE1 in residue GLU A 1180
2022-11-08 13:34:13,375 WARNING:biomolecule.py:157:num_missing_heavy:Missing atom OE2 in residue GLU A 1180
2022-11-08 13:34:13,375 WARNING:biomolecule.py:157:num_missing_heavy:Missing atom CG1 in residue ILE A 1182
2022-11-08 13:34:13,375 WARNING:biomolecule.py:157:num_missing_heavy:Missing atom CG2 in residue ILE A 1182
2022-11-08 13:34:13,376 WARNING:biomolecule.py:157:num_missing_heavy:Missing atom CD1 in residue ILE A 1182
2022-11-08 13:34:13,376 WARNING:biomolecule.py:157:num_missing_heavy:Missing atom CG in residue GLU A 1185
2022-11-08 13:34:13,376 WARNING:biomolecule.py:157:num_missing_heavy:Missing atom CD in residue GLU A 1185
2022-11-08 13:34:13,376 WARNING:biomolecule.py:157:num_missing_heavy:Missing atom OE1 in residue GLU A 1185
2022-11-08 13:34:13,376 WARNING:biomolecule.py:157:num_missing_heavy:Missing atom OE2 in residue GLU A 1185
2022-11-08 13:34:13,376 WARNING:biomolecule.py:157:num_missing_heavy:Missing atom OXT in residue GLU A 1185
2022-11-08 13:34:13,376 WARNING:biomolecule.py:157:num_missing_heavy:Missing atom OG1 in residue THR B 918
2022-11-08 13:34:13,376 WARNING:biomolecule.py:157:num_missing_heavy:Missing atom CG2 in residue THR B 918
2022-11-08 13:34:13,377 WARNING:biomolecule.py:157:num_missing_heavy:Missing atom CG in residue LYS B 920
2022-11-08 13:34:13,377 WARNING:biomolecule.py:157:num_missing_heavy:Missing atom CD in residue LYS B 920
2022-11-08 13:34:13,377 WARNING:biomolecule.py:157:num_missing_heavy:Missing atom CE in residue LYS B 920
2022-11-08 13:34:13,377 WARNING:biomolecule.py:157:num_missing_heavy:Missing atom NZ in residue LYS B 920
2022-11-08 13:34:13,377 WARNING:biomolecule.py:157:num_missing_heavy:Missing atom CG in residue ASN B 963
2022-11-08 13:34:13,377 WARNING:biomolecule.py:157:num_missing_heavy:Missing atom OD1 in residue ASN B 963
2022-11-08 13:34:13,378 WARNING:biomolecule.py:157:num_missing_heavy:Missing atom ND2 in residue ASN B 963
2022-11-08 13:34:13,378 WARNING:biomolecule.py:157:num_missing_heavy:Missing atom CD in residue GLN B 1004
2022-11-08 13:34:13,378 WARNING:biomolecule.py:157:num_missing_heavy:Missing atom OE1 in residue GLN B 1004
2022-11-08 13:34:13,378 WARNING:biomolecule.py:157:num_missing_heavy:Missing atom NE2 in residue GLN B 1004
2022-11-08 13:34:13,378 WARNING:biomolecule.py:157:num_missing_heavy:Missing atom CG in residue GLU B 1005
2022-11-08 13:34:13,378 WARNING:biomolecule.py:157:num_missing_heavy:Missing atom CD in residue GLU B 1005
2022-11-08 13:34:13,379 WARNING:biomolecule.py:157:num_missing_heavy:Missing atom OE1 in residue GLU B 1005
2022-11-08 13:34:13,379 WARNING:biomolecule.py:157:num_missing_heavy:Missing atom OE2 in residue GLU B 1005
2022-11-08 13:34:13,379 WARNING:biomolecule.py:157:num_missing_heavy:Missing atom CD1 in residue ILE B 1009
2022-11-08 13:34:13,379 WARNING:biomolecule.py:157:num_missing_heavy:Missing atom CG in residue GLU B 1010
2022-11-08 13:34:13,379 WARNING:biomolecule.py:157:num_missing_heavy:Missing atom CD in residue GLU B 1010
2022-11-08 13:34:13,379 WARNING:biomolecule.py:157:num_missing_heavy:Missing atom OE1 in residue GLU B 1010
2022-11-08 13:34:13,379 WARNING:biomolecule.py:157:num_missing_heavy:Missing atom OE2 in residue GLU B 1010
2022-11-08 13:34:13,380 WARNING:biomolecule.py:157:num_missing_heavy:Missing atom CE in residue LYS B 1047
2022-11-08 13:34:13,380 WARNING:biomolecule.py:157:num_missing_heavy:Missing atom NZ in residue LYS B 1047
2022-11-08 13:34:13,380 WARNING:biomolecule.py:157:num_missing_heavy:Missing atom CG in residue GLU B 1081
2022-11-08 13:34:13,380 WARNING:biomolecule.py:157:num_missing_heavy:Missing atom CD in residue GLU B 1081
2022-11-08 13:34:13,380 WARNING:biomolecule.py:157:num_missing_heavy:Missing atom OE1 in residue GLU B 1081
2022-11-08 13:34:13,381 WARNING:biomolecule.py:157:num_missing_heavy:Missing atom OE2 in residue GLU B 1081
2022-11-08 13:34:13,381 WARNING:biomolecule.py:157:num_missing_heavy:Missing atom CG in residue ASP B 1090
2022-11-08 13:34:13,381 WARNING:biomolecule.py:157:num_missing_heavy:Missing atom OD1 in residue ASP B 1090
2022-11-08 13:34:13,381 WARNING:biomolecule.py:157:num_missing_heavy:Missing atom OD2 in residue ASP B 1090
2022-11-08 13:34:13,381 WARNING:biomolecule.py:157:num_missing_heavy:Missing atom N in residue GLU B 1095
2022-11-08 13:34:13,381 WARNING:biomolecule.py:157:num_missing_heavy:Missing atom CB in residue GLU B 1095
2022-11-08 13:34:13,381 WARNING:biomolecule.py:157:num_missing_heavy:Missing atom CG in residue GLU B 1095
2022-11-08 13:34:13,382 WARNING:biomolecule.py:157:num_missing_heavy:Missing atom CD in residue GLU B 1095
2022-11-08 13:34:13,382 WARNING:biomolecule.py:157:num_missing_heavy:Missing atom OE1 in residue GLU B 1095
2022-11-08 13:34:13,382 WARNING:biomolecule.py:157:num_missing_heavy:Missing atom OE2 in residue GLU B 1095
2022-11-08 13:34:13,382 WARNING:biomolecule.py:157:num_missing_heavy:Missing atom CD in residue ARG B 1145
2022-11-08 13:34:13,382 WARNING:biomolecule.py:157:num_missing_heavy:Missing atom NE in residue ARG B 1145
2022-11-08 13:34:13,383 WARNING:biomolecule.py:157:num_missing_heavy:Missing atom CZ in residue ARG B 1145
2022-11-08 13:34:13,383 WARNING:biomolecule.py:157:num_missing_heavy:Missing atom NH1 in residue ARG B 1145
2022-11-08 13:34:13,383 WARNING:biomolecule.py:157:num_missing_heavy:Missing atom NH2 in residue ARG B 1145
2022-11-08 13:34:13,383 WARNING:biomolecule.py:157:num_missing_heavy:Missing atom CG in residue GLU B 1173
2022-11-08 13:34:13,383 WARNING:biomolecule.py:157:num_missing_heavy:Missing atom CD in residue GLU B 1173
2022-11-08 13:34:13,383 WARNING:biomolecule.py:157:num_missing_heavy:Missing atom OE1 in residue GLU B 1173
2022-11-08 13:34:13,383 WARNING:biomolecule.py:157:num_missing_heavy:Missing atom OE2 in residue GLU B 1173
2022-11-08 13:34:13,384 WARNING:biomolecule.py:157:num_missing_heavy:Missing atom CE in residue LYS B 1174
2022-11-08 13:34:13,384 WARNING:biomolecule.py:157:num_missing_heavy:Missing atom NZ in residue LYS B 1174
2022-11-08 13:34:13,384 WARNING:biomolecule.py:157:num_missing_heavy:Missing atom CE in residue LYS B 1176
2022-11-08 13:34:13,384 WARNING:biomolecule.py:157:num_missing_heavy:Missing atom NZ in residue LYS B 1176
2022-11-08 13:34:13,384 WARNING:biomolecule.py:157:num_missing_heavy:Missing atom OXT in residue LEU B 1189
2022-11-08 13:34:13,384 WARNING:biomolecule.py:157:num_missing_heavy:Missing atom CG1 in residue ILE A 916
2022-11-08 13:34:13,384 WARNING:biomolecule.py:157:num_missing_heavy:Missing atom CG2 in residue ILE A 916
2022-11-08 13:34:13,385 WARNING:biomolecule.py:157:num_missing_heavy:Missing atom CD1 in residue ILE A 916
2022-11-08 13:34:13,385 WARNING:biomolecule.py:157:num_missing_heavy:Missing atom CG in residue ARG A 917
2022-11-08 13:34:13,385 WARNING:biomolecule.py:157:num_missing_heavy:Missing atom CD in residue ARG A 917
2022-11-08 13:34:13,385 WARNING:biomolecule.py:157:num_missing_heavy:Missing atom NE in residue ARG A 917
2022-11-08 13:34:13,385 WARNING:biomolecule.py:157:num_missing_heavy:Missing atom CZ in residue ARG A 917
2022-11-08 13:34:13,385 WARNING:biomolecule.py:157:num_missing_heavy:Missing atom NH1 in residue ARG A 917
2022-11-08 13:34:13,385 WARNING:biomolecule.py:157:num_missing_heavy:Missing atom NH2 in residue ARG A 917
2022-11-08 13:34:13,385 WARNING:biomolecule.py:157:num_missing_heavy:Missing atom CG in residue LYS A 920
2022-11-08 13:34:13,386 WARNING:biomolecule.py:157:num_missing_heavy:Missing atom CD in residue LYS A 920
2022-11-08 13:34:13,386 WARNING:biomolecule.py:157:num_missing_heavy:Missing atom CE in residue LYS A 920
2022-11-08 13:34:13,386 WARNING:biomolecule.py:157:num_missing_heavy:Missing atom NZ in residue LYS A 920
2022-11-08 13:34:13,386 WARNING:biomolecule.py:157:num_missing_heavy:Missing atom CG in residue ARG A 924
2022-11-08 13:34:13,386 WARNING:biomolecule.py:157:num_missing_heavy:Missing atom CD in residue ARG A 924
2022-11-08 13:34:13,386 WARNING:biomolecule.py:157:num_missing_heavy:Missing atom NE in residue ARG A 924
2022-11-08 13:34:13,386 WARNING:biomolecule.py:157:num_missing_heavy:Missing atom CZ in residue ARG A 924
2022-11-08 13:34:13,386 WARNING:biomolecule.py:157:num_missing_heavy:Missing atom NH1 in residue ARG A 924
2022-11-08 13:34:13,387 WARNING:biomolecule.py:157:num_missing_heavy:Missing atom NH2 in residue ARG A 924
2022-11-08 13:34:13,387 WARNING:biomolecule.py:157:num_missing_heavy:Missing atom OE1 in residue GLN A 972
2022-11-08 13:34:13,387 WARNING:biomolecule.py:157:num_missing_heavy:Missing atom NE2 in residue GLN A 972
2022-11-08 13:34:13,387 WARNING:biomolecule.py:157:num_missing_heavy:Missing atom CG1 in residue VAL A 977
2022-11-08 13:34:13,387 WARNING:biomolecule.py:157:num_missing_heavy:Missing atom CG2 in residue VAL A 977
2022-11-08 13:34:13,388 WARNING:biomolecule.py:157:num_missing_heavy:Missing atom OG in residue SER A 983
2022-11-08 13:34:13,388 WARNING:biomolecule.py:157:num_missing_heavy:Missing atom CD1 in residue ILE A 992
2022-11-08 13:34:13,388 WARNING:biomolecule.py:157:num_missing_heavy:Missing atom CD in residue ARG A 993
2022-11-08 13:34:13,388 WARNING:biomolecule.py:157:num_missing_heavy:Missing atom NE in residue ARG A 993
2022-11-08 13:34:13,388 WARNING:biomolecule.py:157:num_missing_heavy:Missing atom CZ in residue ARG A 993
2022-11-08 13:34:13,388 WARNING:biomolecule.py:157:num_missing_heavy:Missing atom NH1 in residue ARG A 993
2022-11-08 13:34:13,388 WARNING:biomolecule.py:157:num_missing_heavy:Missing atom NH2 in residue ARG A 993
2022-11-08 13:34:13,388 WARNING:biomolecule.py:157:num_missing_heavy:Missing atom NZ in residue LYS A 998
2022-11-08 13:34:13,389 WARNING:biomolecule.py:157:num_missing_heavy:Missing atom CG in residue GLN A 1004
2022-11-08 13:34:13,389 WARNING:biomolecule.py:157:num_missing_heavy:Missing atom CD in residue GLN A 1004
2022-11-08 13:34:13,389 WARNING:biomolecule.py:157:num_missing_heavy:Missing atom OE1 in residue GLN A 1004
2022-11-08 13:34:13,389 WARNING:biomolecule.py:157:num_missing_heavy:Missing atom NE2 in residue GLN A 1004
2022-11-08 13:34:13,389 WARNING:biomolecule.py:157:num_missing_heavy:Missing atom CE in residue LYS A 1008
2022-11-08 13:34:13,389 WARNING:biomolecule.py:157:num_missing_heavy:Missing atom NZ in residue LYS A 1008
2022-11-08 13:34:13,390 WARNING:biomolecule.py:157:num_missing_heavy:Missing atom NZ in residue LYS A 1028
2022-11-08 13:34:13,390 WARNING:biomolecule.py:157:num_missing_heavy:Missing atom CG in residue GLU A 1081
2022-11-08 13:34:13,390 WARNING:biomolecule.py:157:num_missing_heavy:Missing atom CD in residue GLU A 1081
2022-11-08 13:34:13,390 WARNING:biomolecule.py:157:num_missing_heavy:Missing atom OE1 in residue GLU A 1081
2022-11-08 13:34:13,390 WARNING:biomolecule.py:157:num_missing_heavy:Missing atom OE2 in residue GLU A 1081
2022-11-08 13:34:13,391 WARNING:biomolecule.py:157:num_missing_heavy:Missing atom CG in residue ASP A 1090
2022-11-08 13:34:13,391 WARNING:biomolecule.py:157:num_missing_heavy:Missing atom OD1 in residue ASP A 1090
2022-11-08 13:34:13,391 WARNING:biomolecule.py:157:num_missing_heavy:Missing atom OD2 in residue ASP A 1090
2022-11-08 13:34:13,391 WARNING:biomolecule.py:157:num_missing_heavy:Missing atom N in residue GLU A 1095
2022-11-08 13:34:13,391 WARNING:biomolecule.py:157:num_missing_heavy:Missing atom CB in residue GLU A 1095
2022-11-08 13:34:13,391 WARNING:biomolecule.py:157:num_missing_heavy:Missing atom CG in residue GLU A 1095
2022-11-08 13:34:13,391 WARNING:biomolecule.py:157:num_missing_heavy:Missing atom CD in residue GLU A 1095
2022-11-08 13:34:13,391 WARNING:biomolecule.py:157:num_missing_heavy:Missing atom OE1 in residue GLU A 1095
2022-11-08 13:34:13,392 WARNING:biomolecule.py:157:num_missing_heavy:Missing atom OE2 in residue GLU A 1095
2022-11-08 13:34:13,392 WARNING:biomolecule.py:157:num_missing_heavy:Missing atom CD in residue ARG A 1145
2022-11-08 13:34:13,392 WARNING:biomolecule.py:157:num_missing_heavy:Missing atom NE in residue ARG A 1145
2022-11-08 13:34:13,392 WARNING:biomolecule.py:157:num_missing_heavy:Missing atom CZ in residue ARG A 1145
2022-11-08 13:34:13,392 WARNING:biomolecule.py:157:num_missing_heavy:Missing atom NH1 in residue ARG A 1145
2022-11-08 13:34:13,392 WARNING:biomolecule.py:157:num_missing_heavy:Missing atom NH2 in residue ARG A 1145
2022-11-08 13:34:13,393 WARNING:biomolecule.py:157:num_missing_heavy:Missing atom CD1 in residue ILE A 1161
2022-11-08 13:34:13,393 WARNING:biomolecule.py:157:num_missing_heavy:Missing atom NZ in residue LYS A 1164
2022-11-08 13:34:13,393 WARNING:biomolecule.py:157:num_missing_heavy:Missing atom CG in residue GLU A 1173
2022-11-08 13:34:13,393 WARNING:biomolecule.py:157:num_missing_heavy:Missing atom CD in residue GLU A 1173
2022-11-08 13:34:13,393 WARNING:biomolecule.py:157:num_missing_heavy:Missing atom OE1 in residue GLU A 1173
2022-11-08 13:34:13,393 WARNING:biomolecule.py:157:num_missing_heavy:Missing atom OE2 in residue GLU A 1173
2022-11-08 13:34:13,394 WARNING:biomolecule.py:157:num_missing_heavy:Missing atom CG in residue LYS A 1174
2022-11-08 13:34:13,394 WARNING:biomolecule.py:157:num_missing_heavy:Missing atom CD in residue LYS A 1174
2022-11-08 13:34:13,394 WARNING:biomolecule.py:157:num_missing_heavy:Missing atom CE in residue LYS A 1174
2022-11-08 13:34:13,394 WARNING:biomolecule.py:157:num_missing_heavy:Missing atom NZ in residue LYS A 1174
2022-11-08 13:34:13,394 WARNING:biomolecule.py:157:num_missing_heavy:Missing atom CG in residue LYS A 1176
2022-11-08 13:34:13,394 WARNING:biomolecule.py:157:num_missing_heavy:Missing atom CD in residue LYS A 1176
2022-11-08 13:34:13,394 WARNING:biomolecule.py:157:num_missing_heavy:Missing atom CE in residue LYS A 1176
2022-11-08 13:34:13,394 WARNING:biomolecule.py:157:num_missing_heavy:Missing atom NZ in residue LYS A 1176
2022-11-08 13:34:13,395 WARNING:biomolecule.py:157:num_missing_heavy:Missing atom CG in residue GLU A 1180
2022-11-08 13:34:13,395 WARNING:biomolecule.py:157:num_missing_heavy:Missing atom CD in residue GLU A 1180
2022-11-08 13:34:13,395 WARNING:biomolecule.py:157:num_missing_heavy:Missing atom OE1 in residue GLU A 1180
2022-11-08 13:34:13,395 WARNING:biomolecule.py:157:num_missing_heavy:Missing atom OE2 in residue GLU A 1180
2022-11-08 13:34:13,395 WARNING:biomolecule.py:157:num_missing_heavy:Missing atom CG1 in residue ILE A 1182
2022-11-08 13:34:13,395 WARNING:biomolecule.py:157:num_missing_heavy:Missing atom CG2 in residue ILE A 1182
2022-11-08 13:34:13,395 WARNING:biomolecule.py:157:num_missing_heavy:Missing atom CD1 in residue ILE A 1182
2022-11-08 13:34:13,395 WARNING:biomolecule.py:157:num_missing_heavy:Missing atom CG in residue GLU A 1185
2022-11-08 13:34:13,396 WARNING:biomolecule.py:157:num_missing_heavy:Missing atom CD in residue GLU A 1185
2022-11-08 13:34:13,396 WARNING:biomolecule.py:157:num_missing_heavy:Missing atom OE1 in residue GLU A 1185
2022-11-08 13:34:13,396 WARNING:biomolecule.py:157:num_missing_heavy:Missing atom OE2 in residue GLU A 1185
2022-11-08 13:34:13,396 WARNING:biomolecule.py:157:num_missing_heavy:Missing atom OXT in residue GLU A 1185
2022-11-08 13:34:13,396 WARNING:biomolecule.py:157:num_missing_heavy:Missing atom OG1 in residue THR B 918
2022-11-08 13:34:13,396 WARNING:biomolecule.py:157:num_missing_heavy:Missing atom CG2 in residue THR B 918
2022-11-08 13:34:13,396 WARNING:biomolecule.py:157:num_missing_heavy:Missing atom CG in residue LYS B 920
2022-11-08 13:34:13,396 WARNING:biomolecule.py:157:num_missing_heavy:Missing atom CD in residue LYS B 920
2022-11-08 13:34:13,397 WARNING:biomolecule.py:157:num_missing_heavy:Missing atom CE in residue LYS B 920
2022-11-08 13:34:13,397 WARNING:biomolecule.py:157:num_missing_heavy:Missing atom NZ in residue LYS B 920
2022-11-08 13:34:13,397 WARNING:biomolecule.py:157:num_missing_heavy:Missing atom CG in residue ASN B 963
2022-11-08 13:34:13,397 WARNING:biomolecule.py:157:num_missing_heavy:Missing atom OD1 in residue ASN B 963
2022-11-08 13:34:13,397 WARNING:biomolecule.py:157:num_missing_heavy:Missing atom ND2 in residue ASN B 963
2022-11-08 13:34:13,398 WARNING:biomolecule.py:157:num_missing_heavy:Missing atom CD in residue GLN B 1004
2022-11-08 13:34:13,398 WARNING:biomolecule.py:157:num_missing_heavy:Missing atom OE1 in residue GLN B 1004
2022-11-08 13:34:13,398 WARNING:biomolecule.py:157:num_missing_heavy:Missing atom NE2 in residue GLN B 1004
2022-11-08 13:34:13,398 WARNING:biomolecule.py:157:num_missing_heavy:Missing atom CG in residue GLU B 1005
2022-11-08 13:34:13,398 WARNING:biomolecule.py:157:num_missing_heavy:Missing atom CD in residue GLU B 1005
2022-11-08 13:34:13,398 WARNING:biomolecule.py:157:num_missing_heavy:Missing atom OE1 in residue GLU B 1005
2022-11-08 13:34:13,398 WARNING:biomolecule.py:157:num_missing_heavy:Missing atom OE2 in residue GLU B 1005
2022-11-08 13:34:13,399 WARNING:biomolecule.py:157:num_missing_heavy:Missing atom CD1 in residue ILE B 1009
2022-11-08 13:34:13,399 WARNING:biomolecule.py:157:num_missing_heavy:Missing atom CG in residue GLU B 1010
2022-11-08 13:34:13,399 WARNING:biomolecule.py:157:num_missing_heavy:Missing atom CD in residue GLU B 1010
2022-11-08 13:34:13,399 WARNING:biomolecule.py:157:num_missing_heavy:Missing atom OE1 in residue GLU B 1010
2022-11-08 13:34:13,399 WARNING:biomolecule.py:157:num_missing_heavy:Missing atom OE2 in residue GLU B 1010
2022-11-08 13:34:13,399 WARNING:biomolecule.py:157:num_missing_heavy:Missing atom CE in residue LYS B 1047
2022-11-08 13:34:13,400 WARNING:biomolecule.py:157:num_missing_heavy:Missing atom NZ in residue LYS B 1047
2022-11-08 13:34:13,400 WARNING:biomolecule.py:157:num_missing_heavy:Missing atom CG in residue GLU B 1081
2022-11-08 13:34:13,400 WARNING:biomolecule.py:157:num_missing_heavy:Missing atom CD in residue GLU B 1081
2022-11-08 13:34:13,400 WARNING:biomolecule.py:157:num_missing_heavy:Missing atom OE1 in residue GLU B 1081
2022-11-08 13:34:13,400 WARNING:biomolecule.py:157:num_missing_heavy:Missing atom OE2 in residue GLU B 1081
2022-11-08 13:34:13,401 WARNING:biomolecule.py:157:num_missing_heavy:Missing atom CG in residue ASP B 1090
2022-11-08 13:34:13,401 WARNING:biomolecule.py:157:num_missing_heavy:Missing atom OD1 in residue ASP B 1090
2022-11-08 13:34:13,401 WARNING:biomolecule.py:157:num_missing_heavy:Missing atom OD2 in residue ASP B 1090
2022-11-08 13:34:13,401 WARNING:biomolecule.py:157:num_missing_heavy:Missing atom N in residue GLU B 1095
2022-11-08 13:34:13,401 WARNING:biomolecule.py:157:num_missing_heavy:Missing atom CB in residue GLU B 1095
2022-11-08 13:34:13,401 WARNING:biomolecule.py:157:num_missing_heavy:Missing atom CG in residue GLU B 1095
2022-11-08 13:34:13,401 WARNING:biomolecule.py:157:num_missing_heavy:Missing atom CD in residue GLU B 1095
2022-11-08 13:34:13,401 WARNING:biomolecule.py:157:num_missing_heavy:Missing atom OE1 in residue GLU B 1095
2022-11-08 13:34:13,401 WARNING:biomolecule.py:157:num_missing_heavy:Missing atom OE2 in residue GLU B 1095
2022-11-08 13:34:13,402 WARNING:biomolecule.py:157:num_missing_heavy:Missing atom CD in residue ARG B 1145
2022-11-08 13:34:13,402 WARNING:biomolecule.py:157:num_missing_heavy:Missing atom NE in residue ARG B 1145
2022-11-08 13:34:13,402 WARNING:biomolecule.py:157:num_missing_heavy:Missing atom CZ in residue ARG B 1145
2022-11-08 13:34:13,402 WARNING:biomolecule.py:157:num_missing_heavy:Missing atom NH1 in residue ARG B 1145
2022-11-08 13:34:13,402 WARNING:biomolecule.py:157:num_missing_heavy:Missing atom NH2 in residue ARG B 1145
2022-11-08 13:34:13,403 WARNING:biomolecule.py:157:num_missing_heavy:Missing atom CG in residue GLU B 1173
2022-11-08 13:34:13,403 WARNING:biomolecule.py:157:num_missing_heavy:Missing atom CD in residue GLU B 1173
2022-11-08 13:34:13,403 WARNING:biomolecule.py:157:num_missing_heavy:Missing atom OE1 in residue GLU B 1173
2022-11-08 13:34:13,403 WARNING:biomolecule.py:157:num_missing_heavy:Missing atom OE2 in residue GLU B 1173
2022-11-08 13:34:13,403 WARNING:biomolecule.py:157:num_missing_heavy:Missing atom CE in residue LYS B 1174
2022-11-08 13:34:13,403 WARNING:biomolecule.py:157:num_missing_heavy:Missing atom NZ in residue LYS B 1174
2022-11-08 13:34:13,404 WARNING:biomolecule.py:157:num_missing_heavy:Missing atom CE in residue LYS B 1176
2022-11-08 13:34:13,404 WARNING:biomolecule.py:157:num_missing_heavy:Missing atom NZ in residue LYS B 1176
2022-11-08 13:34:13,404 WARNING:biomolecule.py:157:num_missing_heavy:Missing atom OXT in residue LEU B 1189
2022-11-08 13:34:13,947 WARNING:debump.py:172:debump_biomolecule:WARNING: Unable to debump GLU A 1095
2022-11-08 13:34:13,954 WARNING:debump.py:172:debump_biomolecule:WARNING: Unable to debump GLU B 1095
2022-11-08 13:34:16,187 WARNING:debump.py:172:debump_biomolecule:WARNING: Unable to debump GLU A 1095
2022-11-08 13:34:16,840 WARNING:debump.py:172:debump_biomolecule:WARNING: Unable to debump GLU B 1095
2022-11-08 13:34:16,868 WARNING:debump.py:172:debump_biomolecule:WARNING: Unable to debump VAL B 1096
2022-11-08 13:34:23,313 WARNING:main.py:311:print_pqr:Ignoring 6125 header lines in output.
2022-11-08 13:34:23,313 WARNING:main.py:315:print_pqr:Ignoring 155 missing lines in output.
