2022-11-08 13:24:21,579 WARNING:biomolecule.py:966:create_residue:Unable to find amino or nucleic acid definition for SAM.  Parsing as new residue.
2022-11-08 13:24:21,580 WARNING:biomolecule.py:966:create_residue:Unable to find amino or nucleic acid definition for HG.  Parsing as new residue.
2022-11-08 13:24:21,580 WARNING:biomolecule.py:966:create_residue:Unable to find amino or nucleic acid definition for HG.  Parsing as new residue.
2022-11-08 13:24:21,626 WARNING:biomolecule.py:157:num_missing_heavy:Missing atom CD in residue GLU A 103
2022-11-08 13:24:21,627 WARNING:biomolecule.py:157:num_missing_heavy:Missing atom OE1 in residue GLU A 103
2022-11-08 13:24:21,627 WARNING:biomolecule.py:157:num_missing_heavy:Missing atom OE2 in residue GLU A 103
2022-11-08 13:24:21,627 WARNING:biomolecule.py:157:num_missing_heavy:Missing atom CG in residue LYS A 107
2022-11-08 13:24:21,627 WARNING:biomolecule.py:157:num_missing_heavy:Missing atom CD in residue LYS A 107
2022-11-08 13:24:21,627 WARNING:biomolecule.py:157:num_missing_heavy:Missing atom CE in residue LYS A 107
2022-11-08 13:24:21,627 WARNING:biomolecule.py:157:num_missing_heavy:Missing atom NZ in residue LYS A 107
2022-11-08 13:24:21,629 WARNING:biomolecule.py:157:num_missing_heavy:Missing atom CD in residue GLU A 103
2022-11-08 13:24:21,629 WARNING:biomolecule.py:157:num_missing_heavy:Missing atom OE1 in residue GLU A 103
2022-11-08 13:24:21,629 WARNING:biomolecule.py:157:num_missing_heavy:Missing atom OE2 in residue GLU A 103
2022-11-08 13:24:21,629 WARNING:biomolecule.py:157:num_missing_heavy:Missing atom CG in residue LYS A 107
2022-11-08 13:24:21,629 WARNING:biomolecule.py:157:num_missing_heavy:Missing atom CD in residue LYS A 107
2022-11-08 13:24:21,629 WARNING:biomolecule.py:157:num_missing_heavy:Missing atom CE in residue LYS A 107
2022-11-08 13:24:21,630 WARNING:biomolecule.py:157:num_missing_heavy:Missing atom NZ in residue LYS A 107
2022-11-08 13:24:21,631 WARNING:biomolecule.py:157:num_missing_heavy:Missing atom CD in residue GLU A 103
2022-11-08 13:24:21,631 WARNING:biomolecule.py:157:num_missing_heavy:Missing atom OE1 in residue GLU A 103
2022-11-08 13:24:21,631 WARNING:biomolecule.py:157:num_missing_heavy:Missing atom OE2 in residue GLU A 103
2022-11-08 13:24:21,631 WARNING:biomolecule.py:157:num_missing_heavy:Missing atom CG in residue LYS A 107
2022-11-08 13:24:21,631 WARNING:biomolecule.py:157:num_missing_heavy:Missing atom CD in residue LYS A 107
2022-11-08 13:24:21,632 WARNING:biomolecule.py:157:num_missing_heavy:Missing atom CE in residue LYS A 107
2022-11-08 13:24:21,632 WARNING:biomolecule.py:157:num_missing_heavy:Missing atom NZ in residue LYS A 107
2022-11-08 13:24:23,586 WARNING:main.py:311:print_pqr:Ignoring 1793 header lines in output.
2022-11-08 13:24:23,586 WARNING:main.py:315:print_pqr:Ignoring 29 missing lines in output.
