2022-11-08 13:26:34,360 WARNING:biomolecule.py:966:create_residue:Unable to find amino or nucleic acid definition for ZN.  Parsing as new residue.
2022-11-08 13:26:34,361 WARNING:biomolecule.py:966:create_residue:Unable to find amino or nucleic acid definition for ZN.  Parsing as new residue.
2022-11-08 13:26:34,361 WARNING:biomolecule.py:966:create_residue:Unable to find amino or nucleic acid definition for ZN.  Parsing as new residue.
2022-11-08 13:26:34,361 WARNING:biomolecule.py:966:create_residue:Unable to find amino or nucleic acid definition for ZN.  Parsing as new residue.
2022-11-08 13:26:34,361 WARNING:biomolecule.py:966:create_residue:Unable to find amino or nucleic acid definition for SAM.  Parsing as new residue.
2022-11-08 13:26:34,363 WARNING:main.py:418:setup_molecule:Multiple occupancies found: N in ASN A 235.
2022-11-08 13:26:34,363 WARNING:main.py:418:setup_molecule:Multiple occupancies found: CA in ASN A 235.
2022-11-08 13:26:34,364 WARNING:main.py:418:setup_molecule:Multiple occupancies found: C in ASN A 235.
2022-11-08 13:26:34,364 WARNING:main.py:418:setup_molecule:Multiple occupancies found: O in ASN A 235.
2022-11-08 13:26:34,364 WARNING:main.py:418:setup_molecule:Multiple occupancies found: CB in ASN A 235.
2022-11-08 13:26:34,364 WARNING:main.py:418:setup_molecule:Multiple occupancies found: CG in ASN A 235.
2022-11-08 13:26:34,364 WARNING:main.py:418:setup_molecule:Multiple occupancies found: ND2 in ASN A 235.
2022-11-08 13:26:34,364 WARNING:main.py:418:setup_molecule:Multiple occupancies found: OD1 in ASN A 235.
2022-11-08 13:26:34,364 WARNING:main.py:424:setup_molecule:Multiple occupancies found in ASN A 235. At least one of the instances is being ignored.
2022-11-08 13:26:34,364 WARNING:main.py:418:setup_molecule:Multiple occupancies found: CA in ILE A 243.
2022-11-08 13:26:34,365 WARNING:main.py:418:setup_molecule:Multiple occupancies found: CB in ILE A 243.
2022-11-08 13:26:34,365 WARNING:main.py:418:setup_molecule:Multiple occupancies found: CG1 in ILE A 243.
2022-11-08 13:26:34,365 WARNING:main.py:418:setup_molecule:Multiple occupancies found: CG2 in ILE A 243.
2022-11-08 13:26:34,365 WARNING:main.py:418:setup_molecule:Multiple occupancies found: CD1 in ILE A 243.
2022-11-08 13:26:34,365 WARNING:main.py:424:setup_molecule:Multiple occupancies found in ILE A 243. At least one of the instances is being ignored.
2022-11-08 13:26:34,374 WARNING:biomolecule.py:600:update_bonds:Gap in backbone detected between VAL A 73 and THR A 77!
2022-11-08 13:26:34,378 WARNING:biomolecule.py:600:update_bonds:Gap in backbone detected between GLY A 267 and ARG A 282!
2022-11-08 13:26:34,406 WARNING:biomolecule.py:157:num_missing_heavy:Missing atom NE in residue ARG A 36
2022-11-08 13:26:34,406 WARNING:biomolecule.py:157:num_missing_heavy:Missing atom CZ in residue ARG A 36
2022-11-08 13:26:34,406 WARNING:biomolecule.py:157:num_missing_heavy:Missing atom NH1 in residue ARG A 36
2022-11-08 13:26:34,406 WARNING:biomolecule.py:157:num_missing_heavy:Missing atom NH2 in residue ARG A 36
2022-11-08 13:26:34,406 WARNING:biomolecule.py:157:num_missing_heavy:Missing atom OG1 in residue THR A 77
2022-11-08 13:26:34,407 WARNING:biomolecule.py:157:num_missing_heavy:Missing atom CG2 in residue THR A 77
2022-11-08 13:26:34,407 WARNING:biomolecule.py:157:num_missing_heavy:Missing atom CG in residue LYS A 103
2022-11-08 13:26:34,407 WARNING:biomolecule.py:157:num_missing_heavy:Missing atom CD in residue LYS A 103
2022-11-08 13:26:34,407 WARNING:biomolecule.py:157:num_missing_heavy:Missing atom CE in residue LYS A 103
2022-11-08 13:26:34,407 WARNING:biomolecule.py:157:num_missing_heavy:Missing atom NZ in residue LYS A 103
2022-11-08 13:26:34,407 WARNING:biomolecule.py:157:num_missing_heavy:Missing atom CG in residue ARG A 121
2022-11-08 13:26:34,408 WARNING:biomolecule.py:157:num_missing_heavy:Missing atom CD in residue ARG A 121
2022-11-08 13:26:34,408 WARNING:biomolecule.py:157:num_missing_heavy:Missing atom NE in residue ARG A 121
2022-11-08 13:26:34,409 WARNING:biomolecule.py:157:num_missing_heavy:Missing atom CZ in residue ARG A 121
2022-11-08 13:26:34,409 WARNING:biomolecule.py:157:num_missing_heavy:Missing atom NH1 in residue ARG A 121
2022-11-08 13:26:34,409 WARNING:biomolecule.py:157:num_missing_heavy:Missing atom NH2 in residue ARG A 121
2022-11-08 13:26:34,410 WARNING:biomolecule.py:157:num_missing_heavy:Missing atom NE2 in residue GLN A 227
2022-11-08 13:26:34,410 WARNING:biomolecule.py:157:num_missing_heavy:Missing atom NE in residue ARG A 36
2022-11-08 13:26:34,410 WARNING:biomolecule.py:157:num_missing_heavy:Missing atom CZ in residue ARG A 36
2022-11-08 13:26:34,411 WARNING:biomolecule.py:157:num_missing_heavy:Missing atom NH1 in residue ARG A 36
2022-11-08 13:26:34,411 WARNING:biomolecule.py:157:num_missing_heavy:Missing atom NH2 in residue ARG A 36
2022-11-08 13:26:34,411 WARNING:biomolecule.py:157:num_missing_heavy:Missing atom OG1 in residue THR A 77
2022-11-08 13:26:34,411 WARNING:biomolecule.py:157:num_missing_heavy:Missing atom CG2 in residue THR A 77
2022-11-08 13:26:34,411 WARNING:biomolecule.py:157:num_missing_heavy:Missing atom CG in residue LYS A 103
2022-11-08 13:26:34,412 WARNING:biomolecule.py:157:num_missing_heavy:Missing atom CD in residue LYS A 103
2022-11-08 13:26:34,412 WARNING:biomolecule.py:157:num_missing_heavy:Missing atom CE in residue LYS A 103
2022-11-08 13:26:34,412 WARNING:biomolecule.py:157:num_missing_heavy:Missing atom NZ in residue LYS A 103
2022-11-08 13:26:34,412 WARNING:biomolecule.py:157:num_missing_heavy:Missing atom CG in residue ARG A 121
2022-11-08 13:26:34,412 WARNING:biomolecule.py:157:num_missing_heavy:Missing atom CD in residue ARG A 121
2022-11-08 13:26:34,412 WARNING:biomolecule.py:157:num_missing_heavy:Missing atom NE in residue ARG A 121
2022-11-08 13:26:34,412 WARNING:biomolecule.py:157:num_missing_heavy:Missing atom CZ in residue ARG A 121
2022-11-08 13:26:34,413 WARNING:biomolecule.py:157:num_missing_heavy:Missing atom NH1 in residue ARG A 121
2022-11-08 13:26:34,413 WARNING:biomolecule.py:157:num_missing_heavy:Missing atom NH2 in residue ARG A 121
2022-11-08 13:26:34,413 WARNING:biomolecule.py:157:num_missing_heavy:Missing atom NE2 in residue GLN A 227
2022-11-08 13:26:34,414 WARNING:biomolecule.py:157:num_missing_heavy:Missing atom NE in residue ARG A 36
2022-11-08 13:26:34,414 WARNING:biomolecule.py:157:num_missing_heavy:Missing atom CZ in residue ARG A 36
2022-11-08 13:26:34,414 WARNING:biomolecule.py:157:num_missing_heavy:Missing atom NH1 in residue ARG A 36
2022-11-08 13:26:34,415 WARNING:biomolecule.py:157:num_missing_heavy:Missing atom NH2 in residue ARG A 36
2022-11-08 13:26:34,415 WARNING:biomolecule.py:157:num_missing_heavy:Missing atom OG1 in residue THR A 77
2022-11-08 13:26:34,415 WARNING:biomolecule.py:157:num_missing_heavy:Missing atom CG2 in residue THR A 77
2022-11-08 13:26:34,415 WARNING:biomolecule.py:157:num_missing_heavy:Missing atom CG in residue LYS A 103
2022-11-08 13:26:34,415 WARNING:biomolecule.py:157:num_missing_heavy:Missing atom CD in residue LYS A 103
2022-11-08 13:26:34,416 WARNING:biomolecule.py:157:num_missing_heavy:Missing atom CE in residue LYS A 103
2022-11-08 13:26:34,416 WARNING:biomolecule.py:157:num_missing_heavy:Missing atom NZ in residue LYS A 103
2022-11-08 13:26:34,416 WARNING:biomolecule.py:157:num_missing_heavy:Missing atom CG in residue ARG A 121
2022-11-08 13:26:34,416 WARNING:biomolecule.py:157:num_missing_heavy:Missing atom CD in residue ARG A 121
2022-11-08 13:26:34,416 WARNING:biomolecule.py:157:num_missing_heavy:Missing atom NE in residue ARG A 121
2022-11-08 13:26:34,416 WARNING:biomolecule.py:157:num_missing_heavy:Missing atom CZ in residue ARG A 121
2022-11-08 13:26:34,416 WARNING:biomolecule.py:157:num_missing_heavy:Missing atom NH1 in residue ARG A 121
2022-11-08 13:26:34,417 WARNING:biomolecule.py:157:num_missing_heavy:Missing atom NH2 in residue ARG A 121
2022-11-08 13:26:34,417 WARNING:biomolecule.py:157:num_missing_heavy:Missing atom NE2 in residue GLN A 227
2022-11-08 13:26:34,665 WARNING:debump.py:172:debump_biomolecule:WARNING: Unable to debump THR A 77
2022-11-08 13:26:35,915 WARNING:debump.py:172:debump_biomolecule:WARNING: Unable to debump THR A 77
2022-11-08 13:26:39,372 WARNING:main.py:311:print_pqr:Ignoring 1857 header lines in output.
2022-11-08 13:26:39,372 WARNING:main.py:315:print_pqr:Ignoring 31 missing lines in output.
