2022-11-08 13:24:50,872 WARNING:biomolecule.py:966:create_residue:Unable to find amino or nucleic acid definition for MSE.  Parsing as new residue.
2022-11-08 13:24:50,881 WARNING:biomolecule.py:966:create_residue:Unable to find amino or nucleic acid definition for MSE.  Parsing as new residue.
2022-11-08 13:24:50,883 WARNING:biomolecule.py:966:create_residue:Unable to find amino or nucleic acid definition for MSE.  Parsing as new residue.
2022-11-08 13:24:50,884 WARNING:biomolecule.py:966:create_residue:Unable to find amino or nucleic acid definition for MSE.  Parsing as new residue.
2022-11-08 13:24:50,899 WARNING:biomolecule.py:966:create_residue:Unable to find amino or nucleic acid definition for SAM.  Parsing as new residue.
2022-11-08 13:24:50,900 WARNING:biomolecule.py:966:create_residue:Unable to find amino or nucleic acid definition for SO4.  Parsing as new residue.
2022-11-08 13:24:50,900 WARNING:main.py:418:setup_molecule:Multiple occupancies found: N in LEU A 20.
2022-11-08 13:24:50,901 WARNING:main.py:418:setup_molecule:Multiple occupancies found: CA in LEU A 20.
2022-11-08 13:24:50,901 WARNING:main.py:418:setup_molecule:Multiple occupancies found: C in LEU A 20.
2022-11-08 13:24:50,901 WARNING:main.py:418:setup_molecule:Multiple occupancies found: O in LEU A 20.
2022-11-08 13:24:50,901 WARNING:main.py:418:setup_molecule:Multiple occupancies found: CB in LEU A 20.
2022-11-08 13:24:50,901 WARNING:main.py:418:setup_molecule:Multiple occupancies found: CG in LEU A 20.
2022-11-08 13:24:50,901 WARNING:main.py:418:setup_molecule:Multiple occupancies found: CD1 in LEU A 20.
2022-11-08 13:24:50,901 WARNING:main.py:418:setup_molecule:Multiple occupancies found: CD2 in LEU A 20.
2022-11-08 13:24:50,902 WARNING:main.py:424:setup_molecule:Multiple occupancies found in LEU A 20. At least one of the instances is being ignored.
2022-11-08 13:24:50,902 WARNING:main.py:418:setup_molecule:Multiple occupancies found: N in SER A 58.
2022-11-08 13:24:50,902 WARNING:main.py:418:setup_molecule:Multiple occupancies found: CA in SER A 58.
2022-11-08 13:24:50,902 WARNING:main.py:418:setup_molecule:Multiple occupancies found: C in SER A 58.
2022-11-08 13:24:50,902 WARNING:main.py:418:setup_molecule:Multiple occupancies found: O in SER A 58.
2022-11-08 13:24:50,902 WARNING:main.py:418:setup_molecule:Multiple occupancies found: CB in SER A 58.
2022-11-08 13:24:50,902 WARNING:main.py:418:setup_molecule:Multiple occupancies found: OG in SER A 58.
2022-11-08 13:24:50,902 WARNING:main.py:424:setup_molecule:Multiple occupancies found in SER A 58. At least one of the instances is being ignored.
2022-11-08 13:24:50,903 WARNING:main.py:418:setup_molecule:Multiple occupancies found: N in VAL A 60.
2022-11-08 13:24:50,903 WARNING:main.py:418:setup_molecule:Multiple occupancies found: CA in VAL A 60.
2022-11-08 13:24:50,903 WARNING:main.py:418:setup_molecule:Multiple occupancies found: C in VAL A 60.
2022-11-08 13:24:50,903 WARNING:main.py:418:setup_molecule:Multiple occupancies found: O in VAL A 60.
2022-11-08 13:24:50,903 WARNING:main.py:418:setup_molecule:Multiple occupancies found: CB in VAL A 60.
2022-11-08 13:24:50,903 WARNING:main.py:418:setup_molecule:Multiple occupancies found: CG1 in VAL A 60.
2022-11-08 13:24:50,903 WARNING:main.py:418:setup_molecule:Multiple occupancies found: CG2 in VAL A 60.
2022-11-08 13:24:50,903 WARNING:main.py:424:setup_molecule:Multiple occupancies found in VAL A 60. At least one of the instances is being ignored.
2022-11-08 13:24:50,904 WARNING:main.py:418:setup_molecule:Multiple occupancies found: N in LYS A 67.
2022-11-08 13:24:50,904 WARNING:main.py:418:setup_molecule:Multiple occupancies found: CA in LYS A 67.
2022-11-08 13:24:50,904 WARNING:main.py:418:setup_molecule:Multiple occupancies found: C in LYS A 67.
2022-11-08 13:24:50,904 WARNING:main.py:418:setup_molecule:Multiple occupancies found: O in LYS A 67.
2022-11-08 13:24:50,904 WARNING:main.py:418:setup_molecule:Multiple occupancies found: CB in LYS A 67.
2022-11-08 13:24:50,905 WARNING:main.py:418:setup_molecule:Multiple occupancies found: CG in LYS A 67.
2022-11-08 13:24:50,905 WARNING:main.py:418:setup_molecule:Multiple occupancies found: CD in LYS A 67.
2022-11-08 13:24:50,905 WARNING:main.py:418:setup_molecule:Multiple occupancies found: CE in LYS A 67.
2022-11-08 13:24:50,905 WARNING:main.py:418:setup_molecule:Multiple occupancies found: NZ in LYS A 67.
2022-11-08 13:24:50,906 WARNING:main.py:424:setup_molecule:Multiple occupancies found in LYS A 67. At least one of the instances is being ignored.
2022-11-08 13:24:50,906 WARNING:main.py:418:setup_molecule:Multiple occupancies found: N in LYS A 79.
2022-11-08 13:24:50,906 WARNING:main.py:418:setup_molecule:Multiple occupancies found: CA in LYS A 79.
2022-11-08 13:24:50,906 WARNING:main.py:418:setup_molecule:Multiple occupancies found: C in LYS A 79.
2022-11-08 13:24:50,906 WARNING:main.py:418:setup_molecule:Multiple occupancies found: O in LYS A 79.
2022-11-08 13:24:50,906 WARNING:main.py:418:setup_molecule:Multiple occupancies found: CB in LYS A 79.
2022-11-08 13:24:50,906 WARNING:main.py:418:setup_molecule:Multiple occupancies found: CG in LYS A 79.
2022-11-08 13:24:50,907 WARNING:main.py:418:setup_molecule:Multiple occupancies found: CD in LYS A 79.
2022-11-08 13:24:50,907 WARNING:main.py:418:setup_molecule:Multiple occupancies found: CE in LYS A 79.
2022-11-08 13:24:50,907 WARNING:main.py:418:setup_molecule:Multiple occupancies found: NZ in LYS A 79.
2022-11-08 13:24:50,907 WARNING:main.py:424:setup_molecule:Multiple occupancies found in LYS A 79. At least one of the instances is being ignored.
2022-11-08 13:24:50,952 WARNING:biomolecule.py:157:num_missing_heavy:Missing atom OXT in residue ILE A 294
2022-11-08 13:24:50,954 WARNING:biomolecule.py:157:num_missing_heavy:Missing atom OXT in residue ILE A 294
2022-11-08 13:24:50,956 WARNING:biomolecule.py:157:num_missing_heavy:Missing atom OXT in residue ILE A 294
2022-11-08 13:24:54,421 WARNING:main.py:311:print_pqr:Ignoring 2901 header lines in output.
2022-11-08 13:24:54,422 WARNING:main.py:315:print_pqr:Ignoring 64 missing lines in output.
