2022-11-08 13:34:24,260 WARNING:biomolecule.py:966:create_residue:Unable to find amino or nucleic acid definition for SAM.  Parsing as new residue.
2022-11-08 13:34:24,261 WARNING:biomolecule.py:966:create_residue:Unable to find amino or nucleic acid definition for 90P.  Parsing as new residue.
2022-11-08 13:34:24,261 WARNING:biomolecule.py:966:create_residue:Unable to find amino or nucleic acid definition for ZN.  Parsing as new residue.
2022-11-08 13:34:24,262 WARNING:biomolecule.py:966:create_residue:Unable to find amino or nucleic acid definition for ZN.  Parsing as new residue.
2022-11-08 13:34:24,262 WARNING:biomolecule.py:966:create_residue:Unable to find amino or nucleic acid definition for ZN.  Parsing as new residue.
2022-11-08 13:34:24,262 WARNING:biomolecule.py:966:create_residue:Unable to find amino or nucleic acid definition for ZN.  Parsing as new residue.
2022-11-08 13:34:24,262 WARNING:biomolecule.py:966:create_residue:Unable to find amino or nucleic acid definition for CL.  Parsing as new residue.
2022-11-08 13:34:24,262 WARNING:biomolecule.py:966:create_residue:Unable to find amino or nucleic acid definition for CL.  Parsing as new residue.
2022-11-08 13:34:24,262 WARNING:biomolecule.py:966:create_residue:Unable to find amino or nucleic acid definition for UNX.  Parsing as new residue.
2022-11-08 13:34:24,263 WARNING:io.py:40:filter:Suppressing further "Unable to find amino or nucleic acid definition for" messages
2022-11-08 13:34:24,288 WARNING:main.py:418:setup_molecule:Multiple occupancies found: N in ASN A 1037.
2022-11-08 13:34:24,289 WARNING:main.py:418:setup_molecule:Multiple occupancies found: CA in ASN A 1037.
2022-11-08 13:34:24,289 WARNING:main.py:418:setup_molecule:Multiple occupancies found: C in ASN A 1037.
2022-11-08 13:34:24,289 WARNING:main.py:418:setup_molecule:Multiple occupancies found: O in ASN A 1037.
2022-11-08 13:34:24,289 WARNING:main.py:418:setup_molecule:Multiple occupancies found: CB in ASN A 1037.
2022-11-08 13:34:24,289 WARNING:main.py:418:setup_molecule:Multiple occupancies found: CG in ASN A 1037.
2022-11-08 13:34:24,289 WARNING:main.py:418:setup_molecule:Multiple occupancies found: ND2 in ASN A 1037.
2022-11-08 13:34:24,289 WARNING:main.py:418:setup_molecule:Multiple occupancies found: OD1 in ASN A 1037.
2022-11-08 13:34:24,289 WARNING:main.py:424:setup_molecule:Multiple occupancies found in ASN A 1037. At least one of the instances is being ignored.
2022-11-08 13:34:24,290 WARNING:main.py:418:setup_molecule:Multiple occupancies found: CA in GLN A 1043.
2022-11-08 13:34:24,290 WARNING:main.py:418:setup_molecule:Multiple occupancies found: CB in GLN A 1043.
2022-11-08 13:34:24,290 WARNING:main.py:418:setup_molecule:Multiple occupancies found: CG in GLN A 1043.
2022-11-08 13:34:24,290 WARNING:main.py:418:setup_molecule:Multiple occupancies found: CD in GLN A 1043.
2022-11-08 13:34:24,290 WARNING:main.py:418:setup_molecule:Multiple occupancies found: NE2 in GLN A 1043.
2022-11-08 13:34:24,290 WARNING:main.py:418:setup_molecule:Multiple occupancies found: OE1 in GLN A 1043.
2022-11-08 13:34:24,290 WARNING:main.py:424:setup_molecule:Multiple occupancies found in GLN A 1043. At least one of the instances is being ignored.
2022-11-08 13:34:24,290 WARNING:main.py:418:setup_molecule:Multiple occupancies found: N in MET A 1050.
2022-11-08 13:34:24,291 WARNING:main.py:418:setup_molecule:Multiple occupancies found: CA in MET A 1050.
2022-11-08 13:34:24,291 WARNING:main.py:418:setup_molecule:Multiple occupancies found: C in MET A 1050.
2022-11-08 13:34:24,291 WARNING:main.py:418:setup_molecule:Multiple occupancies found: O in MET A 1050.
2022-11-08 13:34:24,291 WARNING:main.py:418:setup_molecule:Multiple occupancies found: CB in MET A 1050.
2022-11-08 13:34:24,291 WARNING:main.py:418:setup_molecule:Multiple occupancies found: CG in MET A 1050.
2022-11-08 13:34:24,291 WARNING:main.py:418:setup_molecule:Multiple occupancies found: SD in MET A 1050.
2022-11-08 13:34:24,291 WARNING:main.py:418:setup_molecule:Multiple occupancies found: CE in MET A 1050.
2022-11-08 13:34:24,292 WARNING:main.py:424:setup_molecule:Multiple occupancies found in MET A 1050. At least one of the instances is being ignored.
2022-11-08 13:34:24,292 WARNING:main.py:418:setup_molecule:Multiple occupancies found: N in ASN A 1051.
2022-11-08 13:34:24,292 WARNING:main.py:418:setup_molecule:Multiple occupancies found: CA in ASN A 1051.
2022-11-08 13:34:24,293 WARNING:main.py:418:setup_molecule:Multiple occupancies found: C in ASN A 1051.
2022-11-08 13:34:24,293 WARNING:main.py:418:setup_molecule:Multiple occupancies found: O in ASN A 1051.
2022-11-08 13:34:24,293 WARNING:main.py:418:setup_molecule:Multiple occupancies found: CB in ASN A 1051.
2022-11-08 13:34:24,293 WARNING:main.py:418:setup_molecule:Multiple occupancies found: CG in ASN A 1051.
2022-11-08 13:34:24,293 WARNING:main.py:418:setup_molecule:Multiple occupancies found: ND2 in ASN A 1051.
2022-11-08 13:34:24,293 WARNING:main.py:418:setup_molecule:Multiple occupancies found: OD1 in ASN A 1051.
2022-11-08 13:34:24,293 WARNING:main.py:424:setup_molecule:Multiple occupancies found in ASN A 1051. At least one of the instances is being ignored.
2022-11-08 13:34:24,293 WARNING:main.py:418:setup_molecule:Multiple occupancies found: CA in GLN A 1060.
2022-11-08 13:34:24,293 WARNING:main.py:418:setup_molecule:Multiple occupancies found: CB in GLN A 1060.
2022-11-08 13:34:24,294 WARNING:main.py:418:setup_molecule:Multiple occupancies found: CG in GLN A 1060.
2022-11-08 13:34:24,294 WARNING:main.py:418:setup_molecule:Multiple occupancies found: CD in GLN A 1060.
2022-11-08 13:34:24,294 WARNING:main.py:418:setup_molecule:Multiple occupancies found: NE2 in GLN A 1060.
2022-11-08 13:34:24,294 WARNING:main.py:418:setup_molecule:Multiple occupancies found: OE1 in GLN A 1060.
2022-11-08 13:34:24,294 WARNING:main.py:424:setup_molecule:Multiple occupancies found in GLN A 1060. At least one of the instances is being ignored.
2022-11-08 13:34:24,294 WARNING:main.py:418:setup_molecule:Multiple occupancies found: CA in SER A 1069.
2022-11-08 13:34:24,294 WARNING:main.py:418:setup_molecule:Multiple occupancies found: CB in SER A 1069.
2022-11-08 13:34:24,294 WARNING:main.py:418:setup_molecule:Multiple occupancies found: OG in SER A 1069.
2022-11-08 13:34:24,295 WARNING:main.py:424:setup_molecule:Multiple occupancies found in SER A 1069. At least one of the instances is being ignored.
2022-11-08 13:34:24,295 WARNING:main.py:418:setup_molecule:Multiple occupancies found: CA in MET A 1080.
2022-11-08 13:34:24,295 WARNING:main.py:418:setup_molecule:Multiple occupancies found: CB in MET A 1080.
2022-11-08 13:34:24,295 WARNING:main.py:418:setup_molecule:Multiple occupancies found: CG in MET A 1080.
2022-11-08 13:34:24,295 WARNING:main.py:418:setup_molecule:Multiple occupancies found: SD in MET A 1080.
2022-11-08 13:34:24,295 WARNING:main.py:418:setup_molecule:Multiple occupancies found: CE in MET A 1080.
2022-11-08 13:34:24,295 WARNING:main.py:424:setup_molecule:Multiple occupancies found in MET A 1080. At least one of the instances is being ignored.
2022-11-08 13:34:24,295 WARNING:main.py:418:setup_molecule:Multiple occupancies found: CA in ARG A 1089.
2022-11-08 13:34:24,295 WARNING:main.py:418:setup_molecule:Multiple occupancies found: CB in ARG A 1089.
2022-11-08 13:34:24,296 WARNING:main.py:418:setup_molecule:Multiple occupancies found: CG in ARG A 1089.
2022-11-08 13:34:24,296 WARNING:main.py:418:setup_molecule:Multiple occupancies found: CD in ARG A 1089.
2022-11-08 13:34:24,296 WARNING:main.py:418:setup_molecule:Multiple occupancies found: NE in ARG A 1089.
2022-11-08 13:34:24,296 WARNING:main.py:418:setup_molecule:Multiple occupancies found: CZ in ARG A 1089.
2022-11-08 13:34:24,296 WARNING:main.py:418:setup_molecule:Multiple occupancies found: NH1 in ARG A 1089.
2022-11-08 13:34:24,296 WARNING:main.py:418:setup_molecule:Multiple occupancies found: NH2 in ARG A 1089.
2022-11-08 13:34:24,296 WARNING:main.py:424:setup_molecule:Multiple occupancies found in ARG A 1089. At least one of the instances is being ignored.
2022-11-08 13:34:24,296 WARNING:main.py:418:setup_molecule:Multiple occupancies found: CA in SER A 1110.
2022-11-08 13:34:24,296 WARNING:main.py:418:setup_molecule:Multiple occupancies found: CB in SER A 1110.
2022-11-08 13:34:24,297 WARNING:main.py:418:setup_molecule:Multiple occupancies found: OG in SER A 1110.
2022-11-08 13:34:24,297 WARNING:main.py:424:setup_molecule:Multiple occupancies found in SER A 1110. At least one of the instances is being ignored.
2022-11-08 13:34:24,297 WARNING:main.py:418:setup_molecule:Multiple occupancies found: N in ARG A 1116.
2022-11-08 13:34:24,297 WARNING:main.py:418:setup_molecule:Multiple occupancies found: CA in ARG A 1116.
2022-11-08 13:34:24,297 WARNING:main.py:418:setup_molecule:Multiple occupancies found: C in ARG A 1116.
2022-11-08 13:34:24,297 WARNING:main.py:418:setup_molecule:Multiple occupancies found: O in ARG A 1116.
2022-11-08 13:34:24,297 WARNING:main.py:418:setup_molecule:Multiple occupancies found: CB in ARG A 1116.
2022-11-08 13:34:24,297 WARNING:main.py:418:setup_molecule:Multiple occupancies found: CG in ARG A 1116.
2022-11-08 13:34:24,297 WARNING:main.py:418:setup_molecule:Multiple occupancies found: CD in ARG A 1116.
2022-11-08 13:34:24,298 WARNING:main.py:418:setup_molecule:Multiple occupancies found: NE in ARG A 1116.
2022-11-08 13:34:24,298 WARNING:main.py:418:setup_molecule:Multiple occupancies found: CZ in ARG A 1116.
2022-11-08 13:34:24,298 WARNING:main.py:418:setup_molecule:Multiple occupancies found: NH1 in ARG A 1116.
2022-11-08 13:34:24,298 WARNING:main.py:418:setup_molecule:Multiple occupancies found: NH2 in ARG A 1116.
2022-11-08 13:34:24,298 WARNING:main.py:424:setup_molecule:Multiple occupancies found in ARG A 1116. At least one of the instances is being ignored.
2022-11-08 13:34:24,298 WARNING:main.py:418:setup_molecule:Multiple occupancies found: CA in SER A 1163.
2022-11-08 13:34:24,298 WARNING:main.py:418:setup_molecule:Multiple occupancies found: CB in SER A 1163.
2022-11-08 13:34:24,298 WARNING:main.py:418:setup_molecule:Multiple occupancies found: OG in SER A 1163.
2022-11-08 13:34:24,299 WARNING:main.py:424:setup_molecule:Multiple occupancies found in SER A 1163. At least one of the instances is being ignored.
2022-11-08 13:34:24,299 WARNING:main.py:418:setup_molecule:Multiple occupancies found: CA in CYS A 1186.
2022-11-08 13:34:24,299 WARNING:main.py:418:setup_molecule:Multiple occupancies found: CB in CYS A 1186.
2022-11-08 13:34:24,299 WARNING:main.py:418:setup_molecule:Multiple occupancies found: SG in CYS A 1186.
2022-11-08 13:34:24,299 WARNING:main.py:424:setup_molecule:Multiple occupancies found in CYS A 1186. At least one of the instances is being ignored.
2022-11-08 13:34:24,299 WARNING:main.py:418:setup_molecule:Multiple occupancies found: CA in ARG A 1211.
2022-11-08 13:34:24,299 WARNING:main.py:418:setup_molecule:Multiple occupancies found: CB in ARG A 1211.
2022-11-08 13:34:24,299 WARNING:main.py:418:setup_molecule:Multiple occupancies found: CG in ARG A 1211.
2022-11-08 13:34:24,300 WARNING:main.py:418:setup_molecule:Multiple occupancies found: CD in ARG A 1211.
2022-11-08 13:34:24,300 WARNING:main.py:418:setup_molecule:Multiple occupancies found: NE in ARG A 1211.
2022-11-08 13:34:24,300 WARNING:main.py:418:setup_molecule:Multiple occupancies found: CZ in ARG A 1211.
2022-11-08 13:34:24,300 WARNING:main.py:418:setup_molecule:Multiple occupancies found: NH1 in ARG A 1211.
2022-11-08 13:34:24,300 WARNING:main.py:418:setup_molecule:Multiple occupancies found: NH2 in ARG A 1211.
2022-11-08 13:34:24,300 WARNING:main.py:424:setup_molecule:Multiple occupancies found in ARG A 1211. At least one of the instances is being ignored.
2022-11-08 13:34:24,300 WARNING:main.py:418:setup_molecule:Multiple occupancies found: CA in SER A 1255.
2022-11-08 13:34:24,300 WARNING:main.py:418:setup_molecule:Multiple occupancies found: CB in SER A 1255.
2022-11-08 13:34:24,300 WARNING:main.py:418:setup_molecule:Multiple occupancies found: OG in SER A 1255.
2022-11-08 13:34:24,301 WARNING:main.py:424:setup_molecule:Multiple occupancies found in SER A 1255. At least one of the instances is being ignored.
2022-11-08 13:34:24,301 WARNING:main.py:418:setup_molecule:Multiple occupancies found: N in GLN B 1043.
2022-11-08 13:34:24,301 WARNING:main.py:418:setup_molecule:Multiple occupancies found: CA in GLN B 1043.
2022-11-08 13:34:24,301 WARNING:main.py:418:setup_molecule:Multiple occupancies found: C in GLN B 1043.
2022-11-08 13:34:24,301 WARNING:main.py:418:setup_molecule:Multiple occupancies found: O in GLN B 1043.
2022-11-08 13:34:24,301 WARNING:main.py:418:setup_molecule:Multiple occupancies found: CB in GLN B 1043.
2022-11-08 13:34:24,301 WARNING:main.py:418:setup_molecule:Multiple occupancies found: CG in GLN B 1043.
2022-11-08 13:34:24,301 WARNING:main.py:418:setup_molecule:Multiple occupancies found: CD in GLN B 1043.
2022-11-08 13:34:24,302 WARNING:main.py:418:setup_molecule:Multiple occupancies found: NE2 in GLN B 1043.
2022-11-08 13:34:24,302 WARNING:main.py:418:setup_molecule:Multiple occupancies found: OE1 in GLN B 1043.
2022-11-08 13:34:24,302 WARNING:main.py:424:setup_molecule:Multiple occupancies found in GLN B 1043. At least one of the instances is being ignored.
2022-11-08 13:34:24,302 WARNING:main.py:418:setup_molecule:Multiple occupancies found: N in MET B 1050.
2022-11-08 13:34:24,302 WARNING:main.py:418:setup_molecule:Multiple occupancies found: CA in MET B 1050.
2022-11-08 13:34:24,302 WARNING:main.py:418:setup_molecule:Multiple occupancies found: C in MET B 1050.
2022-11-08 13:34:24,302 WARNING:main.py:418:setup_molecule:Multiple occupancies found: O in MET B 1050.
2022-11-08 13:34:24,302 WARNING:main.py:418:setup_molecule:Multiple occupancies found: CB in MET B 1050.
2022-11-08 13:34:24,302 WARNING:main.py:418:setup_molecule:Multiple occupancies found: CG in MET B 1050.
2022-11-08 13:34:24,303 WARNING:main.py:418:setup_molecule:Multiple occupancies found: SD in MET B 1050.
2022-11-08 13:34:24,303 WARNING:main.py:418:setup_molecule:Multiple occupancies found: CE in MET B 1050.
2022-11-08 13:34:24,303 WARNING:main.py:424:setup_molecule:Multiple occupancies found in MET B 1050. At least one of the instances is being ignored.
2022-11-08 13:34:24,303 WARNING:main.py:418:setup_molecule:Multiple occupancies found: N in ASN B 1051.
2022-11-08 13:34:24,303 WARNING:main.py:418:setup_molecule:Multiple occupancies found: CA in ASN B 1051.
2022-11-08 13:34:24,303 WARNING:main.py:418:setup_molecule:Multiple occupancies found: C in ASN B 1051.
2022-11-08 13:34:24,303 WARNING:main.py:418:setup_molecule:Multiple occupancies found: O in ASN B 1051.
2022-11-08 13:34:24,303 WARNING:main.py:418:setup_molecule:Multiple occupancies found: CB in ASN B 1051.
2022-11-08 13:34:24,303 WARNING:main.py:418:setup_molecule:Multiple occupancies found: CG in ASN B 1051.
2022-11-08 13:34:24,304 WARNING:main.py:424:setup_molecule:Multiple occupancies found in ASN B 1051. At least one of the instances is being ignored.
2022-11-08 13:34:24,304 WARNING:main.py:418:setup_molecule:Multiple occupancies found: N in MET B 1074.
2022-11-08 13:34:24,304 WARNING:main.py:418:setup_molecule:Multiple occupancies found: CA in MET B 1074.
2022-11-08 13:34:24,304 WARNING:main.py:418:setup_molecule:Multiple occupancies found: C in MET B 1074.
2022-11-08 13:34:24,304 WARNING:main.py:418:setup_molecule:Multiple occupancies found: O in MET B 1074.
2022-11-08 13:34:24,304 WARNING:main.py:418:setup_molecule:Multiple occupancies found: CB in MET B 1074.
2022-11-08 13:34:24,304 WARNING:main.py:418:setup_molecule:Multiple occupancies found: CG in MET B 1074.
2022-11-08 13:34:24,304 WARNING:main.py:418:setup_molecule:Multiple occupancies found: SD in MET B 1074.
2022-11-08 13:34:24,305 WARNING:main.py:418:setup_molecule:Multiple occupancies found: CE in MET B 1074.
2022-11-08 13:34:24,305 WARNING:main.py:424:setup_molecule:Multiple occupancies found in MET B 1074. At least one of the instances is being ignored.
2022-11-08 13:34:24,305 WARNING:main.py:418:setup_molecule:Multiple occupancies found: CA in GLN B 1077.
2022-11-08 13:34:24,305 WARNING:main.py:418:setup_molecule:Multiple occupancies found: CB in GLN B 1077.
2022-11-08 13:34:24,305 WARNING:main.py:418:setup_molecule:Multiple occupancies found: CG in GLN B 1077.
2022-11-08 13:34:24,305 WARNING:main.py:424:setup_molecule:Multiple occupancies found in GLN B 1077. At least one of the instances is being ignored.
2022-11-08 13:34:24,305 WARNING:main.py:418:setup_molecule:Multiple occupancies found: CA in ARG B 1089.
2022-11-08 13:34:24,305 WARNING:main.py:418:setup_molecule:Multiple occupancies found: CB in ARG B 1089.
2022-11-08 13:34:24,305 WARNING:main.py:418:setup_molecule:Multiple occupancies found: CG in ARG B 1089.
2022-11-08 13:34:24,306 WARNING:main.py:418:setup_molecule:Multiple occupancies found: CD in ARG B 1089.
2022-11-08 13:34:24,306 WARNING:main.py:418:setup_molecule:Multiple occupancies found: NE in ARG B 1089.
2022-11-08 13:34:24,306 WARNING:main.py:418:setup_molecule:Multiple occupancies found: CZ in ARG B 1089.
2022-11-08 13:34:24,306 WARNING:main.py:418:setup_molecule:Multiple occupancies found: NH1 in ARG B 1089.
2022-11-08 13:34:24,306 WARNING:main.py:418:setup_molecule:Multiple occupancies found: NH2 in ARG B 1089.
2022-11-08 13:34:24,306 WARNING:main.py:424:setup_molecule:Multiple occupancies found in ARG B 1089. At least one of the instances is being ignored.
2022-11-08 13:34:24,306 WARNING:main.py:418:setup_molecule:Multiple occupancies found: CA in ARG B 1116.
2022-11-08 13:34:24,306 WARNING:main.py:418:setup_molecule:Multiple occupancies found: CB in ARG B 1116.
2022-11-08 13:34:24,306 WARNING:main.py:418:setup_molecule:Multiple occupancies found: CG in ARG B 1116.
2022-11-08 13:34:24,307 WARNING:main.py:418:setup_molecule:Multiple occupancies found: CD in ARG B 1116.
2022-11-08 13:34:24,307 WARNING:main.py:418:setup_molecule:Multiple occupancies found: NE in ARG B 1116.
2022-11-08 13:34:24,307 WARNING:main.py:418:setup_molecule:Multiple occupancies found: CZ in ARG B 1116.
2022-11-08 13:34:24,307 WARNING:main.py:418:setup_molecule:Multiple occupancies found: NH1 in ARG B 1116.
2022-11-08 13:34:24,307 WARNING:main.py:418:setup_molecule:Multiple occupancies found: NH2 in ARG B 1116.
2022-11-08 13:34:24,307 WARNING:main.py:424:setup_molecule:Multiple occupancies found in ARG B 1116. At least one of the instances is being ignored.
2022-11-08 13:34:24,307 WARNING:main.py:418:setup_molecule:Multiple occupancies found: N in GLN B 1144.
2022-11-08 13:34:24,307 WARNING:main.py:418:setup_molecule:Multiple occupancies found: CA in GLN B 1144.
2022-11-08 13:34:24,308 WARNING:main.py:418:setup_molecule:Multiple occupancies found: C in GLN B 1144.
2022-11-08 13:34:24,308 WARNING:main.py:418:setup_molecule:Multiple occupancies found: O in GLN B 1144.
2022-11-08 13:34:24,308 WARNING:main.py:418:setup_molecule:Multiple occupancies found: CB in GLN B 1144.
2022-11-08 13:34:24,308 WARNING:main.py:418:setup_molecule:Multiple occupancies found: CG in GLN B 1144.
2022-11-08 13:34:24,308 WARNING:main.py:418:setup_molecule:Multiple occupancies found: CD in GLN B 1144.
2022-11-08 13:34:24,308 WARNING:main.py:418:setup_molecule:Multiple occupancies found: NE2 in GLN B 1144.
2022-11-08 13:34:24,308 WARNING:main.py:418:setup_molecule:Multiple occupancies found: OE1 in GLN B 1144.
2022-11-08 13:34:24,308 WARNING:main.py:424:setup_molecule:Multiple occupancies found in GLN B 1144. At least one of the instances is being ignored.
2022-11-08 13:34:24,308 WARNING:main.py:418:setup_molecule:Multiple occupancies found: CA in SER B 1163.
2022-11-08 13:34:24,309 WARNING:main.py:418:setup_molecule:Multiple occupancies found: CB in SER B 1163.
2022-11-08 13:34:24,309 WARNING:main.py:418:setup_molecule:Multiple occupancies found: OG in SER B 1163.
2022-11-08 13:34:24,309 WARNING:main.py:424:setup_molecule:Multiple occupancies found in SER B 1163. At least one of the instances is being ignored.
2022-11-08 13:34:24,309 WARNING:main.py:418:setup_molecule:Multiple occupancies found: CA in CYS B 1186.
2022-11-08 13:34:24,309 WARNING:main.py:418:setup_molecule:Multiple occupancies found: CB in CYS B 1186.
2022-11-08 13:34:24,309 WARNING:main.py:418:setup_molecule:Multiple occupancies found: SG in CYS B 1186.
2022-11-08 13:34:24,309 WARNING:main.py:424:setup_molecule:Multiple occupancies found in CYS B 1186. At least one of the instances is being ignored.
2022-11-08 13:34:24,309 WARNING:main.py:418:setup_molecule:Multiple occupancies found: N in GLU B 1244.
2022-11-08 13:34:24,310 WARNING:main.py:418:setup_molecule:Multiple occupancies found: CA in GLU B 1244.
2022-11-08 13:34:24,310 WARNING:main.py:418:setup_molecule:Multiple occupancies found: C in GLU B 1244.
2022-11-08 13:34:24,310 WARNING:main.py:418:setup_molecule:Multiple occupancies found: O in GLU B 1244.
2022-11-08 13:34:24,310 WARNING:main.py:418:setup_molecule:Multiple occupancies found: CB in GLU B 1244.
2022-11-08 13:34:24,310 WARNING:main.py:418:setup_molecule:Multiple occupancies found: CG in GLU B 1244.
2022-11-08 13:34:24,310 WARNING:main.py:418:setup_molecule:Multiple occupancies found: CD in GLU B 1244.
2022-11-08 13:34:24,310 WARNING:main.py:418:setup_molecule:Multiple occupancies found: OE1 in GLU B 1244.
2022-11-08 13:34:24,310 WARNING:main.py:418:setup_molecule:Multiple occupancies found: OE2 in GLU B 1244.
2022-11-08 13:34:24,310 WARNING:main.py:424:setup_molecule:Multiple occupancies found in GLU B 1244. At least one of the instances is being ignored.
2022-11-08 13:34:24,311 WARNING:main.py:418:setup_molecule:Multiple occupancies found: CA in SER B 1255.
2022-11-08 13:34:24,311 WARNING:main.py:418:setup_molecule:Multiple occupancies found: CB in SER B 1255.
2022-11-08 13:34:24,311 WARNING:main.py:418:setup_molecule:Multiple occupancies found: OG in SER B 1255.
2022-11-08 13:34:24,311 WARNING:main.py:424:setup_molecule:Multiple occupancies found in SER B 1255. At least one of the instances is being ignored.
2022-11-08 13:34:24,311 WARNING:main.py:418:setup_molecule:Multiple occupancies found: CA in LYS B 1262.
2022-11-08 13:34:24,311 WARNING:main.py:418:setup_molecule:Multiple occupancies found: CB in LYS B 1262.
2022-11-08 13:34:24,311 WARNING:main.py:418:setup_molecule:Multiple occupancies found: CG in LYS B 1262.
2022-11-08 13:34:24,311 WARNING:main.py:418:setup_molecule:Multiple occupancies found: CD in LYS B 1262.
2022-11-08 13:34:24,311 WARNING:main.py:418:setup_molecule:Multiple occupancies found: CE in LYS B 1262.
2022-11-08 13:34:24,312 WARNING:main.py:418:setup_molecule:Multiple occupancies found: NZ in LYS B 1262.
2022-11-08 13:34:24,312 WARNING:main.py:424:setup_molecule:Multiple occupancies found in LYS B 1262. At least one of the instances is being ignored.
2022-11-08 13:34:24,332 WARNING:biomolecule.py:600:update_bonds:Gap in backbone detected between ASP A 1178 and GLY A 1182!
2022-11-08 13:34:24,337 WARNING:biomolecule.py:600:update_bonds:Gap in backbone detected between LYS B 1180 and GLY B 1182!
2022-11-08 13:34:24,368 WARNING:biomolecule.py:157:num_missing_heavy:Missing atom N in residue VAL A 1006
2022-11-08 13:34:24,368 WARNING:biomolecule.py:157:num_missing_heavy:Missing atom CA in residue VAL A 1006
2022-11-08 13:34:24,368 WARNING:biomolecule.py:157:num_missing_heavy:Missing atom CB in residue VAL A 1006
2022-11-08 13:34:24,368 WARNING:biomolecule.py:157:num_missing_heavy:Missing atom CG1 in residue VAL A 1006
2022-11-08 13:34:24,368 WARNING:biomolecule.py:157:num_missing_heavy:Missing atom CG2 in residue VAL A 1006
2022-11-08 13:34:24,368 WARNING:biomolecule.py:157:num_missing_heavy:Missing atom NH1 in residue ARG A 1008
2022-11-08 13:34:24,368 WARNING:biomolecule.py:157:num_missing_heavy:Missing atom NH2 in residue ARG A 1008
2022-11-08 13:34:24,369 WARNING:biomolecule.py:157:num_missing_heavy:Missing atom CD in residue LYS A 1086
2022-11-08 13:34:24,369 WARNING:biomolecule.py:157:num_missing_heavy:Missing atom CE in residue LYS A 1086
2022-11-08 13:34:24,369 WARNING:biomolecule.py:157:num_missing_heavy:Missing atom NZ in residue LYS A 1086
2022-11-08 13:34:24,370 WARNING:biomolecule.py:157:num_missing_heavy:Missing atom CG in residue ASP A 1178
2022-11-08 13:34:24,370 WARNING:biomolecule.py:157:num_missing_heavy:Missing atom OD1 in residue ASP A 1178
2022-11-08 13:34:24,370 WARNING:biomolecule.py:157:num_missing_heavy:Missing atom OD2 in residue ASP A 1178
2022-11-08 13:34:24,371 WARNING:biomolecule.py:157:num_missing_heavy:Missing atom NZ in residue LYS A 1262
2022-11-08 13:34:24,371 WARNING:biomolecule.py:157:num_missing_heavy:Missing atom N in residue VAL B 1006
2022-11-08 13:34:24,371 WARNING:biomolecule.py:157:num_missing_heavy:Missing atom CA in residue VAL B 1006
2022-11-08 13:34:24,372 WARNING:biomolecule.py:157:num_missing_heavy:Missing atom CB in residue VAL B 1006
2022-11-08 13:34:24,372 WARNING:biomolecule.py:157:num_missing_heavy:Missing atom CG1 in residue VAL B 1006
2022-11-08 13:34:24,372 WARNING:biomolecule.py:157:num_missing_heavy:Missing atom CG2 in residue VAL B 1006
2022-11-08 13:34:24,372 WARNING:biomolecule.py:157:num_missing_heavy:Missing atom OD1 in residue ASN B 1051
2022-11-08 13:34:24,372 WARNING:biomolecule.py:157:num_missing_heavy:Missing atom ND2 in residue ASN B 1051
2022-11-08 13:34:24,373 WARNING:biomolecule.py:157:num_missing_heavy:Missing atom CD in residue GLN B 1077
2022-11-08 13:34:24,373 WARNING:biomolecule.py:157:num_missing_heavy:Missing atom OE1 in residue GLN B 1077
2022-11-08 13:34:24,373 WARNING:biomolecule.py:157:num_missing_heavy:Missing atom NE2 in residue GLN B 1077
2022-11-08 13:34:24,373 WARNING:biomolecule.py:157:num_missing_heavy:Missing atom CD in residue LYS B 1086
2022-11-08 13:34:24,373 WARNING:biomolecule.py:157:num_missing_heavy:Missing atom CE in residue LYS B 1086
2022-11-08 13:34:24,373 WARNING:biomolecule.py:157:num_missing_heavy:Missing atom NZ in residue LYS B 1086
2022-11-08 13:34:24,374 WARNING:biomolecule.py:157:num_missing_heavy:Missing atom NE in residue ARG B 1134
2022-11-08 13:34:24,374 WARNING:biomolecule.py:157:num_missing_heavy:Missing atom CZ in residue ARG B 1134
2022-11-08 13:34:24,374 WARNING:biomolecule.py:157:num_missing_heavy:Missing atom NH1 in residue ARG B 1134
2022-11-08 13:34:24,374 WARNING:biomolecule.py:157:num_missing_heavy:Missing atom NH2 in residue ARG B 1134
2022-11-08 13:34:24,374 WARNING:biomolecule.py:157:num_missing_heavy:Missing atom CG in residue GLU B 1169
2022-11-08 13:34:24,375 WARNING:biomolecule.py:157:num_missing_heavy:Missing atom CD in residue GLU B 1169
2022-11-08 13:34:24,375 WARNING:biomolecule.py:157:num_missing_heavy:Missing atom OE1 in residue GLU B 1169
2022-11-08 13:34:24,375 WARNING:biomolecule.py:157:num_missing_heavy:Missing atom OE2 in residue GLU B 1169
2022-11-08 13:34:24,375 WARNING:biomolecule.py:157:num_missing_heavy:Missing atom CG in residue LYS B 1180
2022-11-08 13:34:24,375 WARNING:biomolecule.py:157:num_missing_heavy:Missing atom CD in residue LYS B 1180
2022-11-08 13:34:24,375 WARNING:biomolecule.py:157:num_missing_heavy:Missing atom CE in residue LYS B 1180
2022-11-08 13:34:24,375 WARNING:biomolecule.py:157:num_missing_heavy:Missing atom NZ in residue LYS B 1180
2022-11-08 13:34:24,376 WARNING:biomolecule.py:157:num_missing_heavy:Missing atom N in residue VAL A 1006
2022-11-08 13:34:24,376 WARNING:biomolecule.py:157:num_missing_heavy:Missing atom CA in residue VAL A 1006
2022-11-08 13:34:24,376 WARNING:biomolecule.py:157:num_missing_heavy:Missing atom CB in residue VAL A 1006
2022-11-08 13:34:24,376 WARNING:biomolecule.py:157:num_missing_heavy:Missing atom CG1 in residue VAL A 1006
2022-11-08 13:34:24,377 WARNING:biomolecule.py:157:num_missing_heavy:Missing atom CG2 in residue VAL A 1006
2022-11-08 13:34:24,377 WARNING:biomolecule.py:157:num_missing_heavy:Missing atom NH1 in residue ARG A 1008
2022-11-08 13:34:24,377 WARNING:biomolecule.py:157:num_missing_heavy:Missing atom NH2 in residue ARG A 1008
2022-11-08 13:34:24,377 WARNING:biomolecule.py:157:num_missing_heavy:Missing atom CD in residue LYS A 1086
2022-11-08 13:34:24,378 WARNING:biomolecule.py:157:num_missing_heavy:Missing atom CE in residue LYS A 1086
2022-11-08 13:34:24,378 WARNING:biomolecule.py:157:num_missing_heavy:Missing atom NZ in residue LYS A 1086
2022-11-08 13:34:24,378 WARNING:biomolecule.py:157:num_missing_heavy:Missing atom CG in residue ASP A 1178
2022-11-08 13:34:24,379 WARNING:biomolecule.py:157:num_missing_heavy:Missing atom OD1 in residue ASP A 1178
2022-11-08 13:34:24,379 WARNING:biomolecule.py:157:num_missing_heavy:Missing atom OD2 in residue ASP A 1178
2022-11-08 13:34:24,379 WARNING:biomolecule.py:157:num_missing_heavy:Missing atom NZ in residue LYS A 1262
2022-11-08 13:34:24,380 WARNING:biomolecule.py:157:num_missing_heavy:Missing atom N in residue VAL B 1006
2022-11-08 13:34:24,380 WARNING:biomolecule.py:157:num_missing_heavy:Missing atom CA in residue VAL B 1006
2022-11-08 13:34:24,380 WARNING:biomolecule.py:157:num_missing_heavy:Missing atom CB in residue VAL B 1006
2022-11-08 13:34:24,380 WARNING:biomolecule.py:157:num_missing_heavy:Missing atom CG1 in residue VAL B 1006
2022-11-08 13:34:24,380 WARNING:biomolecule.py:157:num_missing_heavy:Missing atom CG2 in residue VAL B 1006
2022-11-08 13:34:24,380 WARNING:biomolecule.py:157:num_missing_heavy:Missing atom OD1 in residue ASN B 1051
2022-11-08 13:34:24,381 WARNING:biomolecule.py:157:num_missing_heavy:Missing atom ND2 in residue ASN B 1051
2022-11-08 13:34:24,381 WARNING:biomolecule.py:157:num_missing_heavy:Missing atom CD in residue GLN B 1077
2022-11-08 13:34:24,381 WARNING:biomolecule.py:157:num_missing_heavy:Missing atom OE1 in residue GLN B 1077
2022-11-08 13:34:24,381 WARNING:biomolecule.py:157:num_missing_heavy:Missing atom NE2 in residue GLN B 1077
2022-11-08 13:34:24,381 WARNING:biomolecule.py:157:num_missing_heavy:Missing atom CD in residue LYS B 1086
2022-11-08 13:34:24,381 WARNING:biomolecule.py:157:num_missing_heavy:Missing atom CE in residue LYS B 1086
2022-11-08 13:34:24,382 WARNING:biomolecule.py:157:num_missing_heavy:Missing atom NZ in residue LYS B 1086
2022-11-08 13:34:24,382 WARNING:biomolecule.py:157:num_missing_heavy:Missing atom NE in residue ARG B 1134
2022-11-08 13:34:24,382 WARNING:biomolecule.py:157:num_missing_heavy:Missing atom CZ in residue ARG B 1134
2022-11-08 13:34:24,382 WARNING:biomolecule.py:157:num_missing_heavy:Missing atom NH1 in residue ARG B 1134
2022-11-08 13:34:24,382 WARNING:biomolecule.py:157:num_missing_heavy:Missing atom NH2 in residue ARG B 1134
2022-11-08 13:34:24,383 WARNING:biomolecule.py:157:num_missing_heavy:Missing atom CG in residue GLU B 1169
2022-11-08 13:34:24,383 WARNING:biomolecule.py:157:num_missing_heavy:Missing atom CD in residue GLU B 1169
2022-11-08 13:34:24,383 WARNING:biomolecule.py:157:num_missing_heavy:Missing atom OE1 in residue GLU B 1169
2022-11-08 13:34:24,383 WARNING:biomolecule.py:157:num_missing_heavy:Missing atom OE2 in residue GLU B 1169
2022-11-08 13:34:24,383 WARNING:biomolecule.py:157:num_missing_heavy:Missing atom CG in residue LYS B 1180
2022-11-08 13:34:24,383 WARNING:biomolecule.py:157:num_missing_heavy:Missing atom CD in residue LYS B 1180
2022-11-08 13:34:24,383 WARNING:biomolecule.py:157:num_missing_heavy:Missing atom CE in residue LYS B 1180
2022-11-08 13:34:24,384 WARNING:biomolecule.py:157:num_missing_heavy:Missing atom NZ in residue LYS B 1180
2022-11-08 13:34:24,384 WARNING:biomolecule.py:157:num_missing_heavy:Missing atom N in residue VAL A 1006
2022-11-08 13:34:24,384 WARNING:biomolecule.py:157:num_missing_heavy:Missing atom CA in residue VAL A 1006
2022-11-08 13:34:24,385 WARNING:biomolecule.py:157:num_missing_heavy:Missing atom CB in residue VAL A 1006
2022-11-08 13:34:24,385 WARNING:biomolecule.py:157:num_missing_heavy:Missing atom CG1 in residue VAL A 1006
2022-11-08 13:34:24,385 WARNING:biomolecule.py:157:num_missing_heavy:Missing atom CG2 in residue VAL A 1006
2022-11-08 13:34:24,385 WARNING:biomolecule.py:157:num_missing_heavy:Missing atom NH1 in residue ARG A 1008
2022-11-08 13:34:24,385 WARNING:biomolecule.py:157:num_missing_heavy:Missing atom NH2 in residue ARG A 1008
2022-11-08 13:34:24,386 WARNING:biomolecule.py:157:num_missing_heavy:Missing atom CD in residue LYS A 1086
2022-11-08 13:34:24,386 WARNING:biomolecule.py:157:num_missing_heavy:Missing atom CE in residue LYS A 1086
2022-11-08 13:34:24,386 WARNING:biomolecule.py:157:num_missing_heavy:Missing atom NZ in residue LYS A 1086
2022-11-08 13:34:24,387 WARNING:biomolecule.py:157:num_missing_heavy:Missing atom CG in residue ASP A 1178
2022-11-08 13:34:24,387 WARNING:biomolecule.py:157:num_missing_heavy:Missing atom OD1 in residue ASP A 1178
2022-11-08 13:34:24,387 WARNING:biomolecule.py:157:num_missing_heavy:Missing atom OD2 in residue ASP A 1178
2022-11-08 13:34:24,388 WARNING:biomolecule.py:157:num_missing_heavy:Missing atom NZ in residue LYS A 1262
2022-11-08 13:34:24,388 WARNING:biomolecule.py:157:num_missing_heavy:Missing atom N in residue VAL B 1006
2022-11-08 13:34:24,388 WARNING:biomolecule.py:157:num_missing_heavy:Missing atom CA in residue VAL B 1006
2022-11-08 13:34:24,388 WARNING:biomolecule.py:157:num_missing_heavy:Missing atom CB in residue VAL B 1006
2022-11-08 13:34:24,388 WARNING:biomolecule.py:157:num_missing_heavy:Missing atom CG1 in residue VAL B 1006
2022-11-08 13:34:24,388 WARNING:biomolecule.py:157:num_missing_heavy:Missing atom CG2 in residue VAL B 1006
2022-11-08 13:34:24,389 WARNING:biomolecule.py:157:num_missing_heavy:Missing atom OD1 in residue ASN B 1051
2022-11-08 13:34:24,389 WARNING:biomolecule.py:157:num_missing_heavy:Missing atom ND2 in residue ASN B 1051
2022-11-08 13:34:24,389 WARNING:biomolecule.py:157:num_missing_heavy:Missing atom CD in residue GLN B 1077
2022-11-08 13:34:24,389 WARNING:biomolecule.py:157:num_missing_heavy:Missing atom OE1 in residue GLN B 1077
2022-11-08 13:34:24,389 WARNING:biomolecule.py:157:num_missing_heavy:Missing atom NE2 in residue GLN B 1077
2022-11-08 13:34:24,390 WARNING:biomolecule.py:157:num_missing_heavy:Missing atom CD in residue LYS B 1086
2022-11-08 13:34:24,390 WARNING:biomolecule.py:157:num_missing_heavy:Missing atom CE in residue LYS B 1086
2022-11-08 13:34:24,390 WARNING:biomolecule.py:157:num_missing_heavy:Missing atom NZ in residue LYS B 1086
2022-11-08 13:34:24,390 WARNING:biomolecule.py:157:num_missing_heavy:Missing atom NE in residue ARG B 1134
2022-11-08 13:34:24,390 WARNING:biomolecule.py:157:num_missing_heavy:Missing atom CZ in residue ARG B 1134
2022-11-08 13:34:24,390 WARNING:biomolecule.py:157:num_missing_heavy:Missing atom NH1 in residue ARG B 1134
2022-11-08 13:34:24,391 WARNING:biomolecule.py:157:num_missing_heavy:Missing atom NH2 in residue ARG B 1134
2022-11-08 13:34:24,391 WARNING:biomolecule.py:157:num_missing_heavy:Missing atom CG in residue GLU B 1169
2022-11-08 13:34:24,391 WARNING:biomolecule.py:157:num_missing_heavy:Missing atom CD in residue GLU B 1169
2022-11-08 13:34:24,391 WARNING:biomolecule.py:157:num_missing_heavy:Missing atom OE1 in residue GLU B 1169
2022-11-08 13:34:24,391 WARNING:biomolecule.py:157:num_missing_heavy:Missing atom OE2 in residue GLU B 1169
2022-11-08 13:34:24,391 WARNING:biomolecule.py:157:num_missing_heavy:Missing atom CG in residue LYS B 1180
2022-11-08 13:34:24,392 WARNING:biomolecule.py:157:num_missing_heavy:Missing atom CD in residue LYS B 1180
2022-11-08 13:34:24,392 WARNING:biomolecule.py:157:num_missing_heavy:Missing atom CE in residue LYS B 1180
2022-11-08 13:34:24,392 WARNING:biomolecule.py:157:num_missing_heavy:Missing atom NZ in residue LYS B 1180
2022-11-08 13:34:26,642 WARNING:debump.py:172:debump_biomolecule:WARNING: Unable to debump VAL A 1006
2022-11-08 13:34:26,702 WARNING:debump.py:172:debump_biomolecule:WARNING: Unable to debump ALA A 1028
2022-11-08 13:34:32,686 WARNING:main.py:311:print_pqr:Ignoring 5693 header lines in output.
2022-11-08 13:34:32,687 WARNING:main.py:315:print_pqr:Ignoring 142 missing lines in output.
