2022-11-08 13:39:16,127 WARNING:biomolecule.py:966:create_residue:Unable to find amino or nucleic acid definition for ZN.  Parsing as new residue.
2022-11-08 13:39:16,128 WARNING:biomolecule.py:966:create_residue:Unable to find amino or nucleic acid definition for ZN.  Parsing as new residue.
2022-11-08 13:39:16,128 WARNING:biomolecule.py:966:create_residue:Unable to find amino or nucleic acid definition for ZN.  Parsing as new residue.
2022-11-08 13:39:16,128 WARNING:biomolecule.py:966:create_residue:Unable to find amino or nucleic acid definition for ZN.  Parsing as new residue.
2022-11-08 13:39:16,128 WARNING:biomolecule.py:966:create_residue:Unable to find amino or nucleic acid definition for SAM.  Parsing as new residue.
2022-11-08 13:39:16,129 WARNING:biomolecule.py:966:create_residue:Unable to find amino or nucleic acid definition for H30.  Parsing as new residue.
2022-11-08 13:39:16,152 WARNING:biomolecule.py:966:create_residue:Unable to find amino or nucleic acid definition for ZN.  Parsing as new residue.
2022-11-08 13:39:16,152 WARNING:biomolecule.py:966:create_residue:Unable to find amino or nucleic acid definition for ZN.  Parsing as new residue.
2022-11-08 13:39:16,152 WARNING:biomolecule.py:966:create_residue:Unable to find amino or nucleic acid definition for ZN.  Parsing as new residue.
2022-11-08 13:39:16,152 WARNING:io.py:40:filter:Suppressing further "Unable to find amino or nucleic acid definition for" messages
2022-11-08 13:39:16,154 WARNING:main.py:418:setup_molecule:Multiple occupancies found: CA in GLN A 1019.
2022-11-08 13:39:16,154 WARNING:main.py:418:setup_molecule:Multiple occupancies found: CB in GLN A 1019.
2022-11-08 13:39:16,154 WARNING:main.py:418:setup_molecule:Multiple occupancies found: CG in GLN A 1019.
2022-11-08 13:39:16,154 WARNING:main.py:418:setup_molecule:Multiple occupancies found: CD in GLN A 1019.
2022-11-08 13:39:16,154 WARNING:main.py:418:setup_molecule:Multiple occupancies found: NE2 in GLN A 1019.
2022-11-08 13:39:16,154 WARNING:main.py:418:setup_molecule:Multiple occupancies found: OE1 in GLN A 1019.
2022-11-08 13:39:16,154 WARNING:main.py:424:setup_molecule:Multiple occupancies found in GLN A 1019. At least one of the instances is being ignored.
2022-11-08 13:39:16,154 WARNING:main.py:418:setup_molecule:Multiple occupancies found: CA in ARG A 1030.
2022-11-08 13:39:16,155 WARNING:main.py:418:setup_molecule:Multiple occupancies found: CB in ARG A 1030.
2022-11-08 13:39:16,155 WARNING:main.py:418:setup_molecule:Multiple occupancies found: CG in ARG A 1030.
2022-11-08 13:39:16,155 WARNING:main.py:418:setup_molecule:Multiple occupancies found: CD in ARG A 1030.
2022-11-08 13:39:16,155 WARNING:main.py:418:setup_molecule:Multiple occupancies found: NE in ARG A 1030.
2022-11-08 13:39:16,155 WARNING:main.py:418:setup_molecule:Multiple occupancies found: CZ in ARG A 1030.
2022-11-08 13:39:16,155 WARNING:main.py:418:setup_molecule:Multiple occupancies found: NH1 in ARG A 1030.
2022-11-08 13:39:16,155 WARNING:main.py:418:setup_molecule:Multiple occupancies found: NH2 in ARG A 1030.
2022-11-08 13:39:16,155 WARNING:main.py:424:setup_molecule:Multiple occupancies found in ARG A 1030. At least one of the instances is being ignored.
2022-11-08 13:39:16,156 WARNING:main.py:418:setup_molecule:Multiple occupancies found: CA in MET A 1126.
2022-11-08 13:39:16,156 WARNING:main.py:418:setup_molecule:Multiple occupancies found: CB in MET A 1126.
2022-11-08 13:39:16,156 WARNING:main.py:418:setup_molecule:Multiple occupancies found: CG in MET A 1126.
2022-11-08 13:39:16,156 WARNING:main.py:418:setup_molecule:Multiple occupancies found: SD in MET A 1126.
2022-11-08 13:39:16,156 WARNING:main.py:418:setup_molecule:Multiple occupancies found: CE in MET A 1126.
2022-11-08 13:39:16,156 WARNING:main.py:424:setup_molecule:Multiple occupancies found in MET A 1126. At least one of the instances is being ignored.
2022-11-08 13:39:16,156 WARNING:main.py:418:setup_molecule:Multiple occupancies found: CG in ARG A 1142.
2022-11-08 13:39:16,158 WARNING:main.py:418:setup_molecule:Multiple occupancies found: CD in ARG A 1142.
2022-11-08 13:39:16,158 WARNING:main.py:418:setup_molecule:Multiple occupancies found: NE in ARG A 1142.
2022-11-08 13:39:16,158 WARNING:main.py:418:setup_molecule:Multiple occupancies found: CZ in ARG A 1142.
2022-11-08 13:39:16,158 WARNING:main.py:418:setup_molecule:Multiple occupancies found: NH1 in ARG A 1142.
2022-11-08 13:39:16,158 WARNING:main.py:418:setup_molecule:Multiple occupancies found: NH2 in ARG A 1142.
2022-11-08 13:39:16,158 WARNING:main.py:424:setup_molecule:Multiple occupancies found in ARG A 1142. At least one of the instances is being ignored.
2022-11-08 13:39:16,158 WARNING:main.py:418:setup_molecule:Multiple occupancies found: CG in ASP B 949.
2022-11-08 13:39:16,158 WARNING:main.py:418:setup_molecule:Multiple occupancies found: OD1 in ASP B 949.
2022-11-08 13:39:16,159 WARNING:main.py:418:setup_molecule:Multiple occupancies found: OD2 in ASP B 949.
2022-11-08 13:39:16,159 WARNING:main.py:424:setup_molecule:Multiple occupancies found in ASP B 949. At least one of the instances is being ignored.
2022-11-08 13:39:16,159 WARNING:main.py:418:setup_molecule:Multiple occupancies found: CG in GLN B 1019.
2022-11-08 13:39:16,159 WARNING:main.py:418:setup_molecule:Multiple occupancies found: CD in GLN B 1019.
2022-11-08 13:39:16,159 WARNING:main.py:418:setup_molecule:Multiple occupancies found: NE2 in GLN B 1019.
2022-11-08 13:39:16,159 WARNING:main.py:418:setup_molecule:Multiple occupancies found: OE1 in GLN B 1019.
2022-11-08 13:39:16,159 WARNING:main.py:424:setup_molecule:Multiple occupancies found in GLN B 1019. At least one of the instances is being ignored.
2022-11-08 13:39:16,159 WARNING:main.py:418:setup_molecule:Multiple occupancies found: SG in CYS B 1098.
2022-11-08 13:39:16,160 WARNING:main.py:424:setup_molecule:Multiple occupancies found in CYS B 1098. At least one of the instances is being ignored.
2022-11-08 13:39:16,160 WARNING:main.py:418:setup_molecule:Multiple occupancies found: OG in SER B 1108.
2022-11-08 13:39:16,160 WARNING:main.py:424:setup_molecule:Multiple occupancies found in SER B 1108. At least one of the instances is being ignored.
2022-11-08 13:39:16,160 WARNING:main.py:418:setup_molecule:Multiple occupancies found: CA in MET B 1126.
2022-11-08 13:39:16,160 WARNING:main.py:418:setup_molecule:Multiple occupancies found: CB in MET B 1126.
2022-11-08 13:39:16,160 WARNING:main.py:418:setup_molecule:Multiple occupancies found: CG in MET B 1126.
2022-11-08 13:39:16,160 WARNING:main.py:418:setup_molecule:Multiple occupancies found: SD in MET B 1126.
2022-11-08 13:39:16,160 WARNING:main.py:418:setup_molecule:Multiple occupancies found: CE in MET B 1126.
2022-11-08 13:39:16,161 WARNING:main.py:424:setup_molecule:Multiple occupancies found in MET B 1126. At least one of the instances is being ignored.
2022-11-08 13:39:16,161 WARNING:main.py:418:setup_molecule:Multiple occupancies found: CG in ARG B 1142.
2022-11-08 13:39:16,161 WARNING:main.py:418:setup_molecule:Multiple occupancies found: CD in ARG B 1142.
2022-11-08 13:39:16,161 WARNING:main.py:418:setup_molecule:Multiple occupancies found: NE in ARG B 1142.
2022-11-08 13:39:16,161 WARNING:main.py:418:setup_molecule:Multiple occupancies found: CZ in ARG B 1142.
2022-11-08 13:39:16,161 WARNING:main.py:418:setup_molecule:Multiple occupancies found: NH1 in ARG B 1142.
2022-11-08 13:39:16,161 WARNING:main.py:418:setup_molecule:Multiple occupancies found: NH2 in ARG B 1142.
2022-11-08 13:39:16,161 WARNING:main.py:424:setup_molecule:Multiple occupancies found in ARG B 1142. At least one of the instances is being ignored.
2022-11-08 13:39:16,179 WARNING:biomolecule.py:600:update_bonds:Gap in backbone detected between CYS A 987 and CYS A 994!
2022-11-08 13:39:16,181 WARNING:biomolecule.py:600:update_bonds:Gap in backbone detected between LYS A 1092 and GLU A 1095!
2022-11-08 13:39:16,184 WARNING:biomolecule.py:600:update_bonds:Gap in backbone detected between LYS B 998 and ARG B 1001!
2022-11-08 13:39:16,184 WARNING:biomolecule.py:600:update_bonds:Gap in backbone detected between ASN B 1007 and GLU B 1010!
2022-11-08 13:39:16,186 WARNING:biomolecule.py:600:update_bonds:Gap in backbone detected between LYS B 1092 and GLU B 1095!
2022-11-08 13:39:16,219 WARNING:biomolecule.py:157:num_missing_heavy:Missing atom CG in residue LYS A 920
2022-11-08 13:39:16,219 WARNING:biomolecule.py:157:num_missing_heavy:Missing atom CD in residue LYS A 920
2022-11-08 13:39:16,219 WARNING:biomolecule.py:157:num_missing_heavy:Missing atom CE in residue LYS A 920
2022-11-08 13:39:16,219 WARNING:biomolecule.py:157:num_missing_heavy:Missing atom NZ in residue LYS A 920
2022-11-08 13:39:16,220 WARNING:biomolecule.py:157:num_missing_heavy:Missing atom CG1 in residue ILE A 921
2022-11-08 13:39:16,220 WARNING:biomolecule.py:157:num_missing_heavy:Missing atom CG2 in residue ILE A 921
2022-11-08 13:39:16,220 WARNING:biomolecule.py:157:num_missing_heavy:Missing atom CD1 in residue ILE A 921
2022-11-08 13:39:16,220 WARNING:biomolecule.py:157:num_missing_heavy:Missing atom CG in residue HIS A 970
2022-11-08 13:39:16,220 WARNING:biomolecule.py:157:num_missing_heavy:Missing atom ND1 in residue HIS A 970
2022-11-08 13:39:16,221 WARNING:biomolecule.py:157:num_missing_heavy:Missing atom CD2 in residue HIS A 970
2022-11-08 13:39:16,221 WARNING:biomolecule.py:157:num_missing_heavy:Missing atom CE1 in residue HIS A 970
2022-11-08 13:39:16,221 WARNING:biomolecule.py:157:num_missing_heavy:Missing atom NE2 in residue HIS A 970
2022-11-08 13:39:16,221 WARNING:biomolecule.py:157:num_missing_heavy:Missing atom OG in residue SER A 983
2022-11-08 13:39:16,221 WARNING:biomolecule.py:157:num_missing_heavy:Missing atom CG in residue LEU A 986
2022-11-08 13:39:16,221 WARNING:biomolecule.py:157:num_missing_heavy:Missing atom CD1 in residue LEU A 986
2022-11-08 13:39:16,221 WARNING:biomolecule.py:157:num_missing_heavy:Missing atom CD2 in residue LEU A 986
2022-11-08 13:39:16,222 WARNING:biomolecule.py:157:num_missing_heavy:Missing atom SG in residue CYS A 994
2022-11-08 13:39:16,222 WARNING:biomolecule.py:157:num_missing_heavy:Missing atom CE in residue LYS A 1008
2022-11-08 13:39:16,222 WARNING:biomolecule.py:157:num_missing_heavy:Missing atom NZ in residue LYS A 1008
2022-11-08 13:39:16,222 WARNING:biomolecule.py:157:num_missing_heavy:Missing atom CG in residue ASN A 1026
2022-11-08 13:39:16,222 WARNING:biomolecule.py:157:num_missing_heavy:Missing atom OD1 in residue ASN A 1026
2022-11-08 13:39:16,222 WARNING:biomolecule.py:157:num_missing_heavy:Missing atom ND2 in residue ASN A 1026
2022-11-08 13:39:16,223 WARNING:biomolecule.py:157:num_missing_heavy:Missing atom CE in residue LYS A 1047
2022-11-08 13:39:16,223 WARNING:biomolecule.py:157:num_missing_heavy:Missing atom NZ in residue LYS A 1047
2022-11-08 13:39:16,223 WARNING:biomolecule.py:157:num_missing_heavy:Missing atom CG in residue LYS A 1092
2022-11-08 13:39:16,223 WARNING:biomolecule.py:157:num_missing_heavy:Missing atom CD in residue LYS A 1092
2022-11-08 13:39:16,224 WARNING:biomolecule.py:157:num_missing_heavy:Missing atom CE in residue LYS A 1092
2022-11-08 13:39:16,224 WARNING:biomolecule.py:157:num_missing_heavy:Missing atom NZ in residue LYS A 1092
2022-11-08 13:39:16,224 WARNING:biomolecule.py:157:num_missing_heavy:Missing atom CG in residue GLU A 1095
2022-11-08 13:39:16,224 WARNING:biomolecule.py:157:num_missing_heavy:Missing atom CD in residue GLU A 1095
2022-11-08 13:39:16,224 WARNING:biomolecule.py:157:num_missing_heavy:Missing atom OE1 in residue GLU A 1095
2022-11-08 13:39:16,224 WARNING:biomolecule.py:157:num_missing_heavy:Missing atom OE2 in residue GLU A 1095
2022-11-08 13:39:16,225 WARNING:biomolecule.py:157:num_missing_heavy:Missing atom OE1 in residue GLU A 1173
2022-11-08 13:39:16,225 WARNING:biomolecule.py:157:num_missing_heavy:Missing atom OE2 in residue GLU A 1173
2022-11-08 13:39:16,225 WARNING:biomolecule.py:157:num_missing_heavy:Missing atom CD in residue LYS A 1174
2022-11-08 13:39:16,225 WARNING:biomolecule.py:157:num_missing_heavy:Missing atom CE in residue LYS A 1174
2022-11-08 13:39:16,225 WARNING:biomolecule.py:157:num_missing_heavy:Missing atom NZ in residue LYS A 1174
2022-11-08 13:39:16,226 WARNING:biomolecule.py:157:num_missing_heavy:Missing atom CE in residue LYS A 1176
2022-11-08 13:39:16,226 WARNING:biomolecule.py:157:num_missing_heavy:Missing atom NZ in residue LYS A 1176
2022-11-08 13:39:16,226 WARNING:biomolecule.py:157:num_missing_heavy:Missing atom CG in residue LEU A 1184
2022-11-08 13:39:16,226 WARNING:biomolecule.py:157:num_missing_heavy:Missing atom CD1 in residue LEU A 1184
2022-11-08 13:39:16,226 WARNING:biomolecule.py:157:num_missing_heavy:Missing atom CD2 in residue LEU A 1184
2022-11-08 13:39:16,226 WARNING:biomolecule.py:157:num_missing_heavy:Missing atom CG in residue GLU A 1185
2022-11-08 13:39:16,226 WARNING:biomolecule.py:157:num_missing_heavy:Missing atom CD in residue GLU A 1185
2022-11-08 13:39:16,227 WARNING:biomolecule.py:157:num_missing_heavy:Missing atom OE1 in residue GLU A 1185
2022-11-08 13:39:16,227 WARNING:biomolecule.py:157:num_missing_heavy:Missing atom OE2 in residue GLU A 1185
2022-11-08 13:39:16,227 WARNING:biomolecule.py:157:num_missing_heavy:Missing atom OXT in residue GLU A 1185
2022-11-08 13:39:16,227 WARNING:biomolecule.py:157:num_missing_heavy:Missing atom CG in residue LYS B 920
2022-11-08 13:39:16,227 WARNING:biomolecule.py:157:num_missing_heavy:Missing atom CD in residue LYS B 920
2022-11-08 13:39:16,227 WARNING:biomolecule.py:157:num_missing_heavy:Missing atom CE in residue LYS B 920
2022-11-08 13:39:16,227 WARNING:biomolecule.py:157:num_missing_heavy:Missing atom NZ in residue LYS B 920
2022-11-08 13:39:16,227 WARNING:biomolecule.py:157:num_missing_heavy:Missing atom CG1 in residue ILE B 921
2022-11-08 13:39:16,228 WARNING:biomolecule.py:157:num_missing_heavy:Missing atom CG2 in residue ILE B 921
2022-11-08 13:39:16,228 WARNING:biomolecule.py:157:num_missing_heavy:Missing atom CD1 in residue ILE B 921
2022-11-08 13:39:16,228 WARNING:biomolecule.py:157:num_missing_heavy:Missing atom CG1 in residue ILE B 922
2022-11-08 13:39:16,228 WARNING:biomolecule.py:157:num_missing_heavy:Missing atom CG2 in residue ILE B 922
2022-11-08 13:39:16,228 WARNING:biomolecule.py:157:num_missing_heavy:Missing atom CD1 in residue ILE B 922
2022-11-08 13:39:16,228 WARNING:biomolecule.py:157:num_missing_heavy:Missing atom CZ in residue ARG B 928
2022-11-08 13:39:16,228 WARNING:biomolecule.py:157:num_missing_heavy:Missing atom NH1 in residue ARG B 928
2022-11-08 13:39:16,228 WARNING:biomolecule.py:157:num_missing_heavy:Missing atom NH2 in residue ARG B 928
2022-11-08 13:39:16,229 WARNING:biomolecule.py:157:num_missing_heavy:Missing atom CG in residue ASP B 997
2022-11-08 13:39:16,229 WARNING:biomolecule.py:157:num_missing_heavy:Missing atom OD1 in residue ASP B 997
2022-11-08 13:39:16,229 WARNING:biomolecule.py:157:num_missing_heavy:Missing atom OD2 in residue ASP B 997
2022-11-08 13:39:16,229 WARNING:biomolecule.py:157:num_missing_heavy:Missing atom CG in residue LYS B 998
2022-11-08 13:39:16,230 WARNING:biomolecule.py:157:num_missing_heavy:Missing atom CD in residue LYS B 998
2022-11-08 13:39:16,230 WARNING:biomolecule.py:157:num_missing_heavy:Missing atom CE in residue LYS B 998
2022-11-08 13:39:16,230 WARNING:biomolecule.py:157:num_missing_heavy:Missing atom NZ in residue LYS B 998
2022-11-08 13:39:16,230 WARNING:biomolecule.py:157:num_missing_heavy:Missing atom CG in residue GLN B 1004
2022-11-08 13:39:16,230 WARNING:biomolecule.py:157:num_missing_heavy:Missing atom CD in residue GLN B 1004
2022-11-08 13:39:16,230 WARNING:biomolecule.py:157:num_missing_heavy:Missing atom OE1 in residue GLN B 1004
2022-11-08 13:39:16,230 WARNING:biomolecule.py:157:num_missing_heavy:Missing atom NE2 in residue GLN B 1004
2022-11-08 13:39:16,230 WARNING:biomolecule.py:157:num_missing_heavy:Missing atom CG in residue ASN B 1007
2022-11-08 13:39:16,231 WARNING:biomolecule.py:157:num_missing_heavy:Missing atom OD1 in residue ASN B 1007
2022-11-08 13:39:16,231 WARNING:biomolecule.py:157:num_missing_heavy:Missing atom ND2 in residue ASN B 1007
2022-11-08 13:39:16,231 WARNING:biomolecule.py:157:num_missing_heavy:Missing atom CG in residue GLU B 1010
2022-11-08 13:39:16,231 WARNING:biomolecule.py:157:num_missing_heavy:Missing atom CD in residue GLU B 1010
2022-11-08 13:39:16,231 WARNING:biomolecule.py:157:num_missing_heavy:Missing atom OE1 in residue GLU B 1010
2022-11-08 13:39:16,231 WARNING:biomolecule.py:157:num_missing_heavy:Missing atom OE2 in residue GLU B 1010
2022-11-08 13:39:16,232 WARNING:biomolecule.py:157:num_missing_heavy:Missing atom CG in residue ARG B 1039
2022-11-08 13:39:16,232 WARNING:biomolecule.py:157:num_missing_heavy:Missing atom CD in residue ARG B 1039
2022-11-08 13:39:16,232 WARNING:biomolecule.py:157:num_missing_heavy:Missing atom NE in residue ARG B 1039
2022-11-08 13:39:16,232 WARNING:biomolecule.py:157:num_missing_heavy:Missing atom CZ in residue ARG B 1039
2022-11-08 13:39:16,232 WARNING:biomolecule.py:157:num_missing_heavy:Missing atom NH1 in residue ARG B 1039
2022-11-08 13:39:16,232 WARNING:biomolecule.py:157:num_missing_heavy:Missing atom NH2 in residue ARG B 1039
2022-11-08 13:39:16,232 WARNING:biomolecule.py:157:num_missing_heavy:Missing atom CE in residue LYS B 1047
2022-11-08 13:39:16,232 WARNING:biomolecule.py:157:num_missing_heavy:Missing atom NZ in residue LYS B 1047
2022-11-08 13:39:16,233 WARNING:biomolecule.py:157:num_missing_heavy:Missing atom CG in residue ASN B 1091
2022-11-08 13:39:16,233 WARNING:biomolecule.py:157:num_missing_heavy:Missing atom OD1 in residue ASN B 1091
2022-11-08 13:39:16,233 WARNING:biomolecule.py:157:num_missing_heavy:Missing atom ND2 in residue ASN B 1091
2022-11-08 13:39:16,233 WARNING:biomolecule.py:157:num_missing_heavy:Missing atom CG in residue LYS B 1092
2022-11-08 13:39:16,233 WARNING:biomolecule.py:157:num_missing_heavy:Missing atom CD in residue LYS B 1092
2022-11-08 13:39:16,234 WARNING:biomolecule.py:157:num_missing_heavy:Missing atom CE in residue LYS B 1092
2022-11-08 13:39:16,234 WARNING:biomolecule.py:157:num_missing_heavy:Missing atom NZ in residue LYS B 1092
2022-11-08 13:39:16,234 WARNING:biomolecule.py:157:num_missing_heavy:Missing atom CZ in residue ARG B 1132
2022-11-08 13:39:16,234 WARNING:biomolecule.py:157:num_missing_heavy:Missing atom NH1 in residue ARG B 1132
2022-11-08 13:39:16,234 WARNING:biomolecule.py:157:num_missing_heavy:Missing atom NH2 in residue ARG B 1132
2022-11-08 13:39:16,235 WARNING:biomolecule.py:157:num_missing_heavy:Missing atom CD in residue LYS B 1164
2022-11-08 13:39:16,235 WARNING:biomolecule.py:157:num_missing_heavy:Missing atom CE in residue LYS B 1164
2022-11-08 13:39:16,235 WARNING:biomolecule.py:157:num_missing_heavy:Missing atom NZ in residue LYS B 1164
2022-11-08 13:39:16,235 WARNING:biomolecule.py:157:num_missing_heavy:Missing atom OE1 in residue GLU B 1173
2022-11-08 13:39:16,235 WARNING:biomolecule.py:157:num_missing_heavy:Missing atom OE2 in residue GLU B 1173
2022-11-08 13:39:16,235 WARNING:biomolecule.py:157:num_missing_heavy:Missing atom CG in residue LYS B 1174
2022-11-08 13:39:16,235 WARNING:biomolecule.py:157:num_missing_heavy:Missing atom CD in residue LYS B 1174
2022-11-08 13:39:16,236 WARNING:biomolecule.py:157:num_missing_heavy:Missing atom CE in residue LYS B 1174
2022-11-08 13:39:16,236 WARNING:biomolecule.py:157:num_missing_heavy:Missing atom NZ in residue LYS B 1174
2022-11-08 13:39:16,236 WARNING:biomolecule.py:157:num_missing_heavy:Missing atom CE in residue LYS B 1176
2022-11-08 13:39:16,236 WARNING:biomolecule.py:157:num_missing_heavy:Missing atom NZ in residue LYS B 1176
2022-11-08 13:39:16,236 WARNING:biomolecule.py:157:num_missing_heavy:Missing atom CG in residue LEU B 1184
2022-11-08 13:39:16,236 WARNING:biomolecule.py:157:num_missing_heavy:Missing atom CD1 in residue LEU B 1184
2022-11-08 13:39:16,236 WARNING:biomolecule.py:157:num_missing_heavy:Missing atom CD2 in residue LEU B 1184
2022-11-08 13:39:16,237 WARNING:biomolecule.py:157:num_missing_heavy:Missing atom OXT in residue LEU B 1184
2022-11-08 13:39:16,237 WARNING:biomolecule.py:157:num_missing_heavy:Missing atom CG in residue LYS A 920
2022-11-08 13:39:16,237 WARNING:biomolecule.py:157:num_missing_heavy:Missing atom CD in residue LYS A 920
2022-11-08 13:39:16,237 WARNING:biomolecule.py:157:num_missing_heavy:Missing atom CE in residue LYS A 920
2022-11-08 13:39:16,237 WARNING:biomolecule.py:157:num_missing_heavy:Missing atom NZ in residue LYS A 920
2022-11-08 13:39:16,237 WARNING:biomolecule.py:157:num_missing_heavy:Missing atom CG1 in residue ILE A 921
2022-11-08 13:39:16,237 WARNING:biomolecule.py:157:num_missing_heavy:Missing atom CG2 in residue ILE A 921
2022-11-08 13:39:16,237 WARNING:biomolecule.py:157:num_missing_heavy:Missing atom CD1 in residue ILE A 921
2022-11-08 13:39:16,238 WARNING:biomolecule.py:157:num_missing_heavy:Missing atom CG in residue HIS A 970
2022-11-08 13:39:16,238 WARNING:biomolecule.py:157:num_missing_heavy:Missing atom ND1 in residue HIS A 970
2022-11-08 13:39:16,238 WARNING:biomolecule.py:157:num_missing_heavy:Missing atom CD2 in residue HIS A 970
2022-11-08 13:39:16,238 WARNING:biomolecule.py:157:num_missing_heavy:Missing atom CE1 in residue HIS A 970
2022-11-08 13:39:16,238 WARNING:biomolecule.py:157:num_missing_heavy:Missing atom NE2 in residue HIS A 970
2022-11-08 13:39:16,239 WARNING:biomolecule.py:157:num_missing_heavy:Missing atom OG in residue SER A 983
2022-11-08 13:39:16,239 WARNING:biomolecule.py:157:num_missing_heavy:Missing atom CG in residue LEU A 986
2022-11-08 13:39:16,239 WARNING:biomolecule.py:157:num_missing_heavy:Missing atom CD1 in residue LEU A 986
2022-11-08 13:39:16,239 WARNING:biomolecule.py:157:num_missing_heavy:Missing atom CD2 in residue LEU A 986
2022-11-08 13:39:16,239 WARNING:biomolecule.py:157:num_missing_heavy:Missing atom SG in residue CYS A 994
2022-11-08 13:39:16,239 WARNING:biomolecule.py:157:num_missing_heavy:Missing atom CE in residue LYS A 1008
2022-11-08 13:39:16,239 WARNING:biomolecule.py:157:num_missing_heavy:Missing atom NZ in residue LYS A 1008
2022-11-08 13:39:16,240 WARNING:biomolecule.py:157:num_missing_heavy:Missing atom CG in residue ASN A 1026
2022-11-08 13:39:16,240 WARNING:biomolecule.py:157:num_missing_heavy:Missing atom OD1 in residue ASN A 1026
2022-11-08 13:39:16,240 WARNING:biomolecule.py:157:num_missing_heavy:Missing atom ND2 in residue ASN A 1026
2022-11-08 13:39:16,240 WARNING:biomolecule.py:157:num_missing_heavy:Missing atom CE in residue LYS A 1047
2022-11-08 13:39:16,240 WARNING:biomolecule.py:157:num_missing_heavy:Missing atom NZ in residue LYS A 1047
2022-11-08 13:39:16,241 WARNING:biomolecule.py:157:num_missing_heavy:Missing atom CG in residue LYS A 1092
2022-11-08 13:39:16,241 WARNING:biomolecule.py:157:num_missing_heavy:Missing atom CD in residue LYS A 1092
2022-11-08 13:39:16,241 WARNING:biomolecule.py:157:num_missing_heavy:Missing atom CE in residue LYS A 1092
2022-11-08 13:39:16,241 WARNING:biomolecule.py:157:num_missing_heavy:Missing atom NZ in residue LYS A 1092
2022-11-08 13:39:16,241 WARNING:biomolecule.py:157:num_missing_heavy:Missing atom CG in residue GLU A 1095
2022-11-08 13:39:16,242 WARNING:biomolecule.py:157:num_missing_heavy:Missing atom CD in residue GLU A 1095
2022-11-08 13:39:16,242 WARNING:biomolecule.py:157:num_missing_heavy:Missing atom OE1 in residue GLU A 1095
2022-11-08 13:39:16,242 WARNING:biomolecule.py:157:num_missing_heavy:Missing atom OE2 in residue GLU A 1095
2022-11-08 13:39:16,243 WARNING:biomolecule.py:157:num_missing_heavy:Missing atom OE1 in residue GLU A 1173
2022-11-08 13:39:16,243 WARNING:biomolecule.py:157:num_missing_heavy:Missing atom OE2 in residue GLU A 1173
2022-11-08 13:39:16,244 WARNING:biomolecule.py:157:num_missing_heavy:Missing atom CD in residue LYS A 1174
2022-11-08 13:39:16,244 WARNING:biomolecule.py:157:num_missing_heavy:Missing atom CE in residue LYS A 1174
2022-11-08 13:39:16,244 WARNING:biomolecule.py:157:num_missing_heavy:Missing atom NZ in residue LYS A 1174
2022-11-08 13:39:16,244 WARNING:biomolecule.py:157:num_missing_heavy:Missing atom CE in residue LYS A 1176
2022-11-08 13:39:16,245 WARNING:biomolecule.py:157:num_missing_heavy:Missing atom NZ in residue LYS A 1176
2022-11-08 13:39:16,245 WARNING:biomolecule.py:157:num_missing_heavy:Missing atom CG in residue LEU A 1184
2022-11-08 13:39:16,245 WARNING:biomolecule.py:157:num_missing_heavy:Missing atom CD1 in residue LEU A 1184
2022-11-08 13:39:16,246 WARNING:biomolecule.py:157:num_missing_heavy:Missing atom CD2 in residue LEU A 1184
2022-11-08 13:39:16,246 WARNING:biomolecule.py:157:num_missing_heavy:Missing atom CG in residue GLU A 1185
2022-11-08 13:39:16,246 WARNING:biomolecule.py:157:num_missing_heavy:Missing atom CD in residue GLU A 1185
2022-11-08 13:39:16,246 WARNING:biomolecule.py:157:num_missing_heavy:Missing atom OE1 in residue GLU A 1185
2022-11-08 13:39:16,246 WARNING:biomolecule.py:157:num_missing_heavy:Missing atom OE2 in residue GLU A 1185
2022-11-08 13:39:16,247 WARNING:biomolecule.py:157:num_missing_heavy:Missing atom OXT in residue GLU A 1185
2022-11-08 13:39:16,247 WARNING:biomolecule.py:157:num_missing_heavy:Missing atom CG in residue LYS B 920
2022-11-08 13:39:16,247 WARNING:biomolecule.py:157:num_missing_heavy:Missing atom CD in residue LYS B 920
2022-11-08 13:39:16,247 WARNING:biomolecule.py:157:num_missing_heavy:Missing atom CE in residue LYS B 920
2022-11-08 13:39:16,247 WARNING:biomolecule.py:157:num_missing_heavy:Missing atom NZ in residue LYS B 920
2022-11-08 13:39:16,247 WARNING:biomolecule.py:157:num_missing_heavy:Missing atom CG1 in residue ILE B 921
2022-11-08 13:39:16,248 WARNING:biomolecule.py:157:num_missing_heavy:Missing atom CG2 in residue ILE B 921
2022-11-08 13:39:16,248 WARNING:biomolecule.py:157:num_missing_heavy:Missing atom CD1 in residue ILE B 921
2022-11-08 13:39:16,248 WARNING:biomolecule.py:157:num_missing_heavy:Missing atom CG1 in residue ILE B 922
2022-11-08 13:39:16,248 WARNING:biomolecule.py:157:num_missing_heavy:Missing atom CG2 in residue ILE B 922
2022-11-08 13:39:16,248 WARNING:biomolecule.py:157:num_missing_heavy:Missing atom CD1 in residue ILE B 922
2022-11-08 13:39:16,248 WARNING:biomolecule.py:157:num_missing_heavy:Missing atom CZ in residue ARG B 928
2022-11-08 13:39:16,249 WARNING:biomolecule.py:157:num_missing_heavy:Missing atom NH1 in residue ARG B 928
2022-11-08 13:39:16,249 WARNING:biomolecule.py:157:num_missing_heavy:Missing atom NH2 in residue ARG B 928
2022-11-08 13:39:16,250 WARNING:biomolecule.py:157:num_missing_heavy:Missing atom CG in residue ASP B 997
2022-11-08 13:39:16,250 WARNING:biomolecule.py:157:num_missing_heavy:Missing atom OD1 in residue ASP B 997
2022-11-08 13:39:16,250 WARNING:biomolecule.py:157:num_missing_heavy:Missing atom OD2 in residue ASP B 997
2022-11-08 13:39:16,250 WARNING:biomolecule.py:157:num_missing_heavy:Missing atom CG in residue LYS B 998
2022-11-08 13:39:16,250 WARNING:biomolecule.py:157:num_missing_heavy:Missing atom CD in residue LYS B 998
2022-11-08 13:39:16,251 WARNING:biomolecule.py:157:num_missing_heavy:Missing atom CE in residue LYS B 998
2022-11-08 13:39:16,251 WARNING:biomolecule.py:157:num_missing_heavy:Missing atom NZ in residue LYS B 998
2022-11-08 13:39:16,251 WARNING:biomolecule.py:157:num_missing_heavy:Missing atom CG in residue GLN B 1004
2022-11-08 13:39:16,251 WARNING:biomolecule.py:157:num_missing_heavy:Missing atom CD in residue GLN B 1004
2022-11-08 13:39:16,251 WARNING:biomolecule.py:157:num_missing_heavy:Missing atom OE1 in residue GLN B 1004
2022-11-08 13:39:16,251 WARNING:biomolecule.py:157:num_missing_heavy:Missing atom NE2 in residue GLN B 1004
2022-11-08 13:39:16,251 WARNING:biomolecule.py:157:num_missing_heavy:Missing atom CG in residue ASN B 1007
2022-11-08 13:39:16,252 WARNING:biomolecule.py:157:num_missing_heavy:Missing atom OD1 in residue ASN B 1007
2022-11-08 13:39:16,252 WARNING:biomolecule.py:157:num_missing_heavy:Missing atom ND2 in residue ASN B 1007
2022-11-08 13:39:16,252 WARNING:biomolecule.py:157:num_missing_heavy:Missing atom CG in residue GLU B 1010
2022-11-08 13:39:16,252 WARNING:biomolecule.py:157:num_missing_heavy:Missing atom CD in residue GLU B 1010
2022-11-08 13:39:16,253 WARNING:biomolecule.py:157:num_missing_heavy:Missing atom OE1 in residue GLU B 1010
2022-11-08 13:39:16,253 WARNING:biomolecule.py:157:num_missing_heavy:Missing atom OE2 in residue GLU B 1010
2022-11-08 13:39:16,253 WARNING:biomolecule.py:157:num_missing_heavy:Missing atom CG in residue ARG B 1039
2022-11-08 13:39:16,254 WARNING:biomolecule.py:157:num_missing_heavy:Missing atom CD in residue ARG B 1039
2022-11-08 13:39:16,254 WARNING:biomolecule.py:157:num_missing_heavy:Missing atom NE in residue ARG B 1039
2022-11-08 13:39:16,254 WARNING:biomolecule.py:157:num_missing_heavy:Missing atom CZ in residue ARG B 1039
2022-11-08 13:39:16,254 WARNING:biomolecule.py:157:num_missing_heavy:Missing atom NH1 in residue ARG B 1039
2022-11-08 13:39:16,254 WARNING:biomolecule.py:157:num_missing_heavy:Missing atom NH2 in residue ARG B 1039
2022-11-08 13:39:16,255 WARNING:biomolecule.py:157:num_missing_heavy:Missing atom CE in residue LYS B 1047
2022-11-08 13:39:16,255 WARNING:biomolecule.py:157:num_missing_heavy:Missing atom NZ in residue LYS B 1047
2022-11-08 13:39:16,256 WARNING:biomolecule.py:157:num_missing_heavy:Missing atom CG in residue ASN B 1091
2022-11-08 13:39:16,256 WARNING:biomolecule.py:157:num_missing_heavy:Missing atom OD1 in residue ASN B 1091
2022-11-08 13:39:16,256 WARNING:biomolecule.py:157:num_missing_heavy:Missing atom ND2 in residue ASN B 1091
2022-11-08 13:39:16,256 WARNING:biomolecule.py:157:num_missing_heavy:Missing atom CG in residue LYS B 1092
2022-11-08 13:39:16,257 WARNING:biomolecule.py:157:num_missing_heavy:Missing atom CD in residue LYS B 1092
2022-11-08 13:39:16,257 WARNING:biomolecule.py:157:num_missing_heavy:Missing atom CE in residue LYS B 1092
2022-11-08 13:39:16,257 WARNING:biomolecule.py:157:num_missing_heavy:Missing atom NZ in residue LYS B 1092
2022-11-08 13:39:16,258 WARNING:biomolecule.py:157:num_missing_heavy:Missing atom CZ in residue ARG B 1132
2022-11-08 13:39:16,258 WARNING:biomolecule.py:157:num_missing_heavy:Missing atom NH1 in residue ARG B 1132
2022-11-08 13:39:16,258 WARNING:biomolecule.py:157:num_missing_heavy:Missing atom NH2 in residue ARG B 1132
2022-11-08 13:39:16,258 WARNING:biomolecule.py:157:num_missing_heavy:Missing atom CD in residue LYS B 1164
2022-11-08 13:39:16,259 WARNING:biomolecule.py:157:num_missing_heavy:Missing atom CE in residue LYS B 1164
2022-11-08 13:39:16,259 WARNING:biomolecule.py:157:num_missing_heavy:Missing atom NZ in residue LYS B 1164
2022-11-08 13:39:16,259 WARNING:biomolecule.py:157:num_missing_heavy:Missing atom OE1 in residue GLU B 1173
2022-11-08 13:39:16,259 WARNING:biomolecule.py:157:num_missing_heavy:Missing atom OE2 in residue GLU B 1173
2022-11-08 13:39:16,259 WARNING:biomolecule.py:157:num_missing_heavy:Missing atom CG in residue LYS B 1174
2022-11-08 13:39:16,259 WARNING:biomolecule.py:157:num_missing_heavy:Missing atom CD in residue LYS B 1174
2022-11-08 13:39:16,260 WARNING:biomolecule.py:157:num_missing_heavy:Missing atom CE in residue LYS B 1174
2022-11-08 13:39:16,260 WARNING:biomolecule.py:157:num_missing_heavy:Missing atom NZ in residue LYS B 1174
2022-11-08 13:39:16,260 WARNING:biomolecule.py:157:num_missing_heavy:Missing atom CE in residue LYS B 1176
2022-11-08 13:39:16,260 WARNING:biomolecule.py:157:num_missing_heavy:Missing atom NZ in residue LYS B 1176
2022-11-08 13:39:16,260 WARNING:biomolecule.py:157:num_missing_heavy:Missing atom CG in residue LEU B 1184
2022-11-08 13:39:16,261 WARNING:biomolecule.py:157:num_missing_heavy:Missing atom CD1 in residue LEU B 1184
2022-11-08 13:39:16,261 WARNING:biomolecule.py:157:num_missing_heavy:Missing atom CD2 in residue LEU B 1184
2022-11-08 13:39:16,261 WARNING:biomolecule.py:157:num_missing_heavy:Missing atom OXT in residue LEU B 1184
2022-11-08 13:39:16,261 WARNING:biomolecule.py:157:num_missing_heavy:Missing atom CG in residue LYS A 920
2022-11-08 13:39:16,261 WARNING:biomolecule.py:157:num_missing_heavy:Missing atom CD in residue LYS A 920
2022-11-08 13:39:16,261 WARNING:biomolecule.py:157:num_missing_heavy:Missing atom CE in residue LYS A 920
2022-11-08 13:39:16,261 WARNING:biomolecule.py:157:num_missing_heavy:Missing atom NZ in residue LYS A 920
2022-11-08 13:39:16,262 WARNING:biomolecule.py:157:num_missing_heavy:Missing atom CG1 in residue ILE A 921
2022-11-08 13:39:16,262 WARNING:biomolecule.py:157:num_missing_heavy:Missing atom CG2 in residue ILE A 921
2022-11-08 13:39:16,262 WARNING:biomolecule.py:157:num_missing_heavy:Missing atom CD1 in residue ILE A 921
2022-11-08 13:39:16,262 WARNING:biomolecule.py:157:num_missing_heavy:Missing atom CG in residue HIS A 970
2022-11-08 13:39:16,263 WARNING:biomolecule.py:157:num_missing_heavy:Missing atom ND1 in residue HIS A 970
2022-11-08 13:39:16,263 WARNING:biomolecule.py:157:num_missing_heavy:Missing atom CD2 in residue HIS A 970
2022-11-08 13:39:16,263 WARNING:biomolecule.py:157:num_missing_heavy:Missing atom CE1 in residue HIS A 970
2022-11-08 13:39:16,263 WARNING:biomolecule.py:157:num_missing_heavy:Missing atom NE2 in residue HIS A 970
2022-11-08 13:39:16,263 WARNING:biomolecule.py:157:num_missing_heavy:Missing atom OG in residue SER A 983
2022-11-08 13:39:16,263 WARNING:biomolecule.py:157:num_missing_heavy:Missing atom CG in residue LEU A 986
2022-11-08 13:39:16,264 WARNING:biomolecule.py:157:num_missing_heavy:Missing atom CD1 in residue LEU A 986
2022-11-08 13:39:16,264 WARNING:biomolecule.py:157:num_missing_heavy:Missing atom CD2 in residue LEU A 986
2022-11-08 13:39:16,264 WARNING:biomolecule.py:157:num_missing_heavy:Missing atom SG in residue CYS A 994
2022-11-08 13:39:16,264 WARNING:biomolecule.py:157:num_missing_heavy:Missing atom CE in residue LYS A 1008
2022-11-08 13:39:16,264 WARNING:biomolecule.py:157:num_missing_heavy:Missing atom NZ in residue LYS A 1008
2022-11-08 13:39:16,265 WARNING:biomolecule.py:157:num_missing_heavy:Missing atom CG in residue ASN A 1026
2022-11-08 13:39:16,265 WARNING:biomolecule.py:157:num_missing_heavy:Missing atom OD1 in residue ASN A 1026
2022-11-08 13:39:16,265 WARNING:biomolecule.py:157:num_missing_heavy:Missing atom ND2 in residue ASN A 1026
2022-11-08 13:39:16,265 WARNING:biomolecule.py:157:num_missing_heavy:Missing atom CE in residue LYS A 1047
2022-11-08 13:39:16,265 WARNING:biomolecule.py:157:num_missing_heavy:Missing atom NZ in residue LYS A 1047
2022-11-08 13:39:16,266 WARNING:biomolecule.py:157:num_missing_heavy:Missing atom CG in residue LYS A 1092
2022-11-08 13:39:16,266 WARNING:biomolecule.py:157:num_missing_heavy:Missing atom CD in residue LYS A 1092
2022-11-08 13:39:16,266 WARNING:biomolecule.py:157:num_missing_heavy:Missing atom CE in residue LYS A 1092
2022-11-08 13:39:16,266 WARNING:biomolecule.py:157:num_missing_heavy:Missing atom NZ in residue LYS A 1092
2022-11-08 13:39:16,266 WARNING:biomolecule.py:157:num_missing_heavy:Missing atom CG in residue GLU A 1095
2022-11-08 13:39:16,266 WARNING:biomolecule.py:157:num_missing_heavy:Missing atom CD in residue GLU A 1095
2022-11-08 13:39:16,267 WARNING:biomolecule.py:157:num_missing_heavy:Missing atom OE1 in residue GLU A 1095
2022-11-08 13:39:16,267 WARNING:biomolecule.py:157:num_missing_heavy:Missing atom OE2 in residue GLU A 1095
2022-11-08 13:39:16,268 WARNING:biomolecule.py:157:num_missing_heavy:Missing atom OE1 in residue GLU A 1173
2022-11-08 13:39:16,268 WARNING:biomolecule.py:157:num_missing_heavy:Missing atom OE2 in residue GLU A 1173
2022-11-08 13:39:16,268 WARNING:biomolecule.py:157:num_missing_heavy:Missing atom CD in residue LYS A 1174
2022-11-08 13:39:16,268 WARNING:biomolecule.py:157:num_missing_heavy:Missing atom CE in residue LYS A 1174
2022-11-08 13:39:16,268 WARNING:biomolecule.py:157:num_missing_heavy:Missing atom NZ in residue LYS A 1174
2022-11-08 13:39:16,268 WARNING:biomolecule.py:157:num_missing_heavy:Missing atom CE in residue LYS A 1176
2022-11-08 13:39:16,268 WARNING:biomolecule.py:157:num_missing_heavy:Missing atom NZ in residue LYS A 1176
2022-11-08 13:39:16,269 WARNING:biomolecule.py:157:num_missing_heavy:Missing atom CG in residue LEU A 1184
2022-11-08 13:39:16,269 WARNING:biomolecule.py:157:num_missing_heavy:Missing atom CD1 in residue LEU A 1184
2022-11-08 13:39:16,269 WARNING:biomolecule.py:157:num_missing_heavy:Missing atom CD2 in residue LEU A 1184
2022-11-08 13:39:16,269 WARNING:biomolecule.py:157:num_missing_heavy:Missing atom CG in residue GLU A 1185
2022-11-08 13:39:16,269 WARNING:biomolecule.py:157:num_missing_heavy:Missing atom CD in residue GLU A 1185
2022-11-08 13:39:16,269 WARNING:biomolecule.py:157:num_missing_heavy:Missing atom OE1 in residue GLU A 1185
2022-11-08 13:39:16,270 WARNING:biomolecule.py:157:num_missing_heavy:Missing atom OE2 in residue GLU A 1185
2022-11-08 13:39:16,270 WARNING:biomolecule.py:157:num_missing_heavy:Missing atom OXT in residue GLU A 1185
2022-11-08 13:39:16,270 WARNING:biomolecule.py:157:num_missing_heavy:Missing atom CG in residue LYS B 920
2022-11-08 13:39:16,270 WARNING:biomolecule.py:157:num_missing_heavy:Missing atom CD in residue LYS B 920
2022-11-08 13:39:16,270 WARNING:biomolecule.py:157:num_missing_heavy:Missing atom CE in residue LYS B 920
2022-11-08 13:39:16,270 WARNING:biomolecule.py:157:num_missing_heavy:Missing atom NZ in residue LYS B 920
2022-11-08 13:39:16,270 WARNING:biomolecule.py:157:num_missing_heavy:Missing atom CG1 in residue ILE B 921
2022-11-08 13:39:16,271 WARNING:biomolecule.py:157:num_missing_heavy:Missing atom CG2 in residue ILE B 921
2022-11-08 13:39:16,271 WARNING:biomolecule.py:157:num_missing_heavy:Missing atom CD1 in residue ILE B 921
2022-11-08 13:39:16,271 WARNING:biomolecule.py:157:num_missing_heavy:Missing atom CG1 in residue ILE B 922
2022-11-08 13:39:16,271 WARNING:biomolecule.py:157:num_missing_heavy:Missing atom CG2 in residue ILE B 922
2022-11-08 13:39:16,271 WARNING:biomolecule.py:157:num_missing_heavy:Missing atom CD1 in residue ILE B 922
2022-11-08 13:39:16,271 WARNING:biomolecule.py:157:num_missing_heavy:Missing atom CZ in residue ARG B 928
2022-11-08 13:39:16,272 WARNING:biomolecule.py:157:num_missing_heavy:Missing atom NH1 in residue ARG B 928
2022-11-08 13:39:16,272 WARNING:biomolecule.py:157:num_missing_heavy:Missing atom NH2 in residue ARG B 928
2022-11-08 13:39:16,272 WARNING:biomolecule.py:157:num_missing_heavy:Missing atom CG in residue ASP B 997
2022-11-08 13:39:16,272 WARNING:biomolecule.py:157:num_missing_heavy:Missing atom OD1 in residue ASP B 997
2022-11-08 13:39:16,273 WARNING:biomolecule.py:157:num_missing_heavy:Missing atom OD2 in residue ASP B 997
2022-11-08 13:39:16,273 WARNING:biomolecule.py:157:num_missing_heavy:Missing atom CG in residue LYS B 998
2022-11-08 13:39:16,273 WARNING:biomolecule.py:157:num_missing_heavy:Missing atom CD in residue LYS B 998
2022-11-08 13:39:16,273 WARNING:biomolecule.py:157:num_missing_heavy:Missing atom CE in residue LYS B 998
2022-11-08 13:39:16,273 WARNING:biomolecule.py:157:num_missing_heavy:Missing atom NZ in residue LYS B 998
2022-11-08 13:39:16,273 WARNING:biomolecule.py:157:num_missing_heavy:Missing atom CG in residue GLN B 1004
2022-11-08 13:39:16,273 WARNING:biomolecule.py:157:num_missing_heavy:Missing atom CD in residue GLN B 1004
2022-11-08 13:39:16,274 WARNING:biomolecule.py:157:num_missing_heavy:Missing atom OE1 in residue GLN B 1004
2022-11-08 13:39:16,274 WARNING:biomolecule.py:157:num_missing_heavy:Missing atom NE2 in residue GLN B 1004
2022-11-08 13:39:16,274 WARNING:biomolecule.py:157:num_missing_heavy:Missing atom CG in residue ASN B 1007
2022-11-08 13:39:16,274 WARNING:biomolecule.py:157:num_missing_heavy:Missing atom OD1 in residue ASN B 1007
2022-11-08 13:39:16,274 WARNING:biomolecule.py:157:num_missing_heavy:Missing atom ND2 in residue ASN B 1007
2022-11-08 13:39:16,274 WARNING:biomolecule.py:157:num_missing_heavy:Missing atom CG in residue GLU B 1010
2022-11-08 13:39:16,274 WARNING:biomolecule.py:157:num_missing_heavy:Missing atom CD in residue GLU B 1010
2022-11-08 13:39:16,275 WARNING:biomolecule.py:157:num_missing_heavy:Missing atom OE1 in residue GLU B 1010
2022-11-08 13:39:16,275 WARNING:biomolecule.py:157:num_missing_heavy:Missing atom OE2 in residue GLU B 1010
2022-11-08 13:39:16,275 WARNING:biomolecule.py:157:num_missing_heavy:Missing atom CG in residue ARG B 1039
2022-11-08 13:39:16,275 WARNING:biomolecule.py:157:num_missing_heavy:Missing atom CD in residue ARG B 1039
2022-11-08 13:39:16,275 WARNING:biomolecule.py:157:num_missing_heavy:Missing atom NE in residue ARG B 1039
2022-11-08 13:39:16,276 WARNING:biomolecule.py:157:num_missing_heavy:Missing atom CZ in residue ARG B 1039
2022-11-08 13:39:16,276 WARNING:biomolecule.py:157:num_missing_heavy:Missing atom NH1 in residue ARG B 1039
2022-11-08 13:39:16,276 WARNING:biomolecule.py:157:num_missing_heavy:Missing atom NH2 in residue ARG B 1039
2022-11-08 13:39:16,276 WARNING:biomolecule.py:157:num_missing_heavy:Missing atom CE in residue LYS B 1047
2022-11-08 13:39:16,276 WARNING:biomolecule.py:157:num_missing_heavy:Missing atom NZ in residue LYS B 1047
2022-11-08 13:39:16,277 WARNING:biomolecule.py:157:num_missing_heavy:Missing atom CG in residue ASN B 1091
2022-11-08 13:39:16,277 WARNING:biomolecule.py:157:num_missing_heavy:Missing atom OD1 in residue ASN B 1091
2022-11-08 13:39:16,277 WARNING:biomolecule.py:157:num_missing_heavy:Missing atom ND2 in residue ASN B 1091
2022-11-08 13:39:16,277 WARNING:biomolecule.py:157:num_missing_heavy:Missing atom CG in residue LYS B 1092
2022-11-08 13:39:16,277 WARNING:biomolecule.py:157:num_missing_heavy:Missing atom CD in residue LYS B 1092
2022-11-08 13:39:16,277 WARNING:biomolecule.py:157:num_missing_heavy:Missing atom CE in residue LYS B 1092
2022-11-08 13:39:16,277 WARNING:biomolecule.py:157:num_missing_heavy:Missing atom NZ in residue LYS B 1092
2022-11-08 13:39:16,278 WARNING:biomolecule.py:157:num_missing_heavy:Missing atom CZ in residue ARG B 1132
2022-11-08 13:39:16,278 WARNING:biomolecule.py:157:num_missing_heavy:Missing atom NH1 in residue ARG B 1132
2022-11-08 13:39:16,278 WARNING:biomolecule.py:157:num_missing_heavy:Missing atom NH2 in residue ARG B 1132
2022-11-08 13:39:16,279 WARNING:biomolecule.py:157:num_missing_heavy:Missing atom CD in residue LYS B 1164
2022-11-08 13:39:16,279 WARNING:biomolecule.py:157:num_missing_heavy:Missing atom CE in residue LYS B 1164
2022-11-08 13:39:16,279 WARNING:biomolecule.py:157:num_missing_heavy:Missing atom NZ in residue LYS B 1164
2022-11-08 13:39:16,279 WARNING:biomolecule.py:157:num_missing_heavy:Missing atom OE1 in residue GLU B 1173
2022-11-08 13:39:16,279 WARNING:biomolecule.py:157:num_missing_heavy:Missing atom OE2 in residue GLU B 1173
2022-11-08 13:39:16,279 WARNING:biomolecule.py:157:num_missing_heavy:Missing atom CG in residue LYS B 1174
2022-11-08 13:39:16,279 WARNING:biomolecule.py:157:num_missing_heavy:Missing atom CD in residue LYS B 1174
2022-11-08 13:39:16,280 WARNING:biomolecule.py:157:num_missing_heavy:Missing atom CE in residue LYS B 1174
2022-11-08 13:39:16,280 WARNING:biomolecule.py:157:num_missing_heavy:Missing atom NZ in residue LYS B 1174
2022-11-08 13:39:16,280 WARNING:biomolecule.py:157:num_missing_heavy:Missing atom CE in residue LYS B 1176
2022-11-08 13:39:16,280 WARNING:biomolecule.py:157:num_missing_heavy:Missing atom NZ in residue LYS B 1176
2022-11-08 13:39:16,280 WARNING:biomolecule.py:157:num_missing_heavy:Missing atom CG in residue LEU B 1184
2022-11-08 13:39:16,280 WARNING:biomolecule.py:157:num_missing_heavy:Missing atom CD1 in residue LEU B 1184
2022-11-08 13:39:16,280 WARNING:biomolecule.py:157:num_missing_heavy:Missing atom CD2 in residue LEU B 1184
2022-11-08 13:39:16,281 WARNING:biomolecule.py:157:num_missing_heavy:Missing atom OXT in residue LEU B 1184
2022-11-08 13:39:24,627 WARNING:main.py:311:print_pqr:Ignoring 4530 header lines in output.
2022-11-08 13:39:24,628 WARNING:main.py:315:print_pqr:Ignoring 108 missing lines in output.
