2022-11-08 13:38:51,063 WARNING:biomolecule.py:966:create_residue:Unable to find amino or nucleic acid definition for SAM.  Parsing as new residue.
2022-11-08 13:38:51,064 WARNING:biomolecule.py:966:create_residue:Unable to find amino or nucleic acid definition for QON.  Parsing as new residue.
2022-11-08 13:38:51,064 WARNING:biomolecule.py:966:create_residue:Unable to find amino or nucleic acid definition for ACT.  Parsing as new residue.
2022-11-08 13:38:51,064 WARNING:biomolecule.py:966:create_residue:Unable to find amino or nucleic acid definition for ZN.  Parsing as new residue.
2022-11-08 13:38:51,065 WARNING:biomolecule.py:966:create_residue:Unable to find amino or nucleic acid definition for ZN.  Parsing as new residue.
2022-11-08 13:38:51,065 WARNING:biomolecule.py:966:create_residue:Unable to find amino or nucleic acid definition for ZN.  Parsing as new residue.
2022-11-08 13:38:51,066 WARNING:main.py:418:setup_molecule:Multiple occupancies found: CA in VAL A 40.
2022-11-08 13:38:51,066 WARNING:main.py:418:setup_molecule:Multiple occupancies found: CB in VAL A 40.
2022-11-08 13:38:51,066 WARNING:main.py:418:setup_molecule:Multiple occupancies found: CG1 in VAL A 40.
2022-11-08 13:38:51,066 WARNING:main.py:418:setup_molecule:Multiple occupancies found: CG2 in VAL A 40.
2022-11-08 13:38:51,066 WARNING:main.py:424:setup_molecule:Multiple occupancies found in VAL A 40. At least one of the instances is being ignored.
2022-11-08 13:38:51,066 WARNING:main.py:418:setup_molecule:Multiple occupancies found: CA in CYS A 41.
2022-11-08 13:38:51,066 WARNING:main.py:418:setup_molecule:Multiple occupancies found: CB in CYS A 41.
2022-11-08 13:38:51,066 WARNING:main.py:418:setup_molecule:Multiple occupancies found: SG in CYS A 41.
2022-11-08 13:38:51,067 WARNING:main.py:424:setup_molecule:Multiple occupancies found in CYS A 41. At least one of the instances is being ignored.
2022-11-08 13:38:51,067 WARNING:main.py:418:setup_molecule:Multiple occupancies found: CA in VAL A 231.
2022-11-08 13:38:51,067 WARNING:main.py:418:setup_molecule:Multiple occupancies found: CB in VAL A 231.
2022-11-08 13:38:51,067 WARNING:main.py:418:setup_molecule:Multiple occupancies found: CG1 in VAL A 231.
2022-11-08 13:38:51,067 WARNING:main.py:418:setup_molecule:Multiple occupancies found: CG2 in VAL A 231.
2022-11-08 13:38:51,067 WARNING:main.py:424:setup_molecule:Multiple occupancies found in VAL A 231. At least one of the instances is being ignored.
2022-11-08 13:38:51,068 WARNING:main.py:418:setup_molecule:Multiple occupancies found: CA in THR A 352.
2022-11-08 13:38:51,068 WARNING:main.py:418:setup_molecule:Multiple occupancies found: CB in THR A 352.
2022-11-08 13:38:51,068 WARNING:main.py:418:setup_molecule:Multiple occupancies found: CG2 in THR A 352.
2022-11-08 13:38:51,068 WARNING:main.py:418:setup_molecule:Multiple occupancies found: OG1 in THR A 352.
2022-11-08 13:38:51,068 WARNING:main.py:424:setup_molecule:Multiple occupancies found in THR A 352. At least one of the instances is being ignored.
2022-11-08 13:38:51,120 WARNING:biomolecule.py:157:num_missing_heavy:Missing atom OXT in residue ALA A 427
2022-11-08 13:38:51,123 WARNING:biomolecule.py:157:num_missing_heavy:Missing atom OXT in residue ALA A 427
2022-11-08 13:38:51,126 WARNING:biomolecule.py:157:num_missing_heavy:Missing atom OXT in residue ALA A 427
2022-11-08 13:38:56,755 WARNING:main.py:311:print_pqr:Ignoring 2637 header lines in output.
2022-11-08 13:38:56,756 WARNING:main.py:315:print_pqr:Ignoring 54 missing lines in output.
