2022-11-08 13:30:57,386 WARNING:biomolecule.py:966:create_residue:Unable to find amino or nucleic acid definition for ZN.  Parsing as new residue.
2022-11-08 13:30:57,386 WARNING:biomolecule.py:966:create_residue:Unable to find amino or nucleic acid definition for ZN.  Parsing as new residue.
2022-11-08 13:30:57,387 WARNING:biomolecule.py:966:create_residue:Unable to find amino or nucleic acid definition for ZN.  Parsing as new residue.
2022-11-08 13:30:57,387 WARNING:biomolecule.py:966:create_residue:Unable to find amino or nucleic acid definition for H41.  Parsing as new residue.
2022-11-08 13:30:57,387 WARNING:biomolecule.py:966:create_residue:Unable to find amino or nucleic acid definition for GOL.  Parsing as new residue.
2022-11-08 13:30:57,387 WARNING:biomolecule.py:966:create_residue:Unable to find amino or nucleic acid definition for SAM.  Parsing as new residue.
2022-11-08 13:30:57,388 WARNING:main.py:418:setup_molecule:Multiple occupancies found: CA in CYS A 13.
2022-11-08 13:30:57,388 WARNING:main.py:418:setup_molecule:Multiple occupancies found: CB in CYS A 13.
2022-11-08 13:30:57,389 WARNING:main.py:418:setup_molecule:Multiple occupancies found: SG in CYS A 13.
2022-11-08 13:30:57,389 WARNING:main.py:424:setup_molecule:Multiple occupancies found in CYS A 13. At least one of the instances is being ignored.
2022-11-08 13:30:57,389 WARNING:main.py:418:setup_molecule:Multiple occupancies found: CA in ARG A 48.
2022-11-08 13:30:57,389 WARNING:main.py:418:setup_molecule:Multiple occupancies found: CB in ARG A 48.
2022-11-08 13:30:57,389 WARNING:main.py:418:setup_molecule:Multiple occupancies found: CG in ARG A 48.
2022-11-08 13:30:57,389 WARNING:main.py:418:setup_molecule:Multiple occupancies found: CD in ARG A 48.
2022-11-08 13:30:57,389 WARNING:main.py:418:setup_molecule:Multiple occupancies found: NE in ARG A 48.
2022-11-08 13:30:57,389 WARNING:main.py:418:setup_molecule:Multiple occupancies found: CZ in ARG A 48.
2022-11-08 13:30:57,389 WARNING:main.py:418:setup_molecule:Multiple occupancies found: NH1 in ARG A 48.
2022-11-08 13:30:57,390 WARNING:main.py:418:setup_molecule:Multiple occupancies found: NH2 in ARG A 48.
2022-11-08 13:30:57,390 WARNING:main.py:424:setup_molecule:Multiple occupancies found in ARG A 48. At least one of the instances is being ignored.
2022-11-08 13:30:57,390 WARNING:main.py:418:setup_molecule:Multiple occupancies found: CA in ARG A 58.
2022-11-08 13:30:57,390 WARNING:main.py:418:setup_molecule:Multiple occupancies found: CB in ARG A 58.
2022-11-08 13:30:57,390 WARNING:main.py:418:setup_molecule:Multiple occupancies found: CG in ARG A 58.
2022-11-08 13:30:57,390 WARNING:main.py:418:setup_molecule:Multiple occupancies found: CD in ARG A 58.
2022-11-08 13:30:57,390 WARNING:main.py:418:setup_molecule:Multiple occupancies found: NE in ARG A 58.
2022-11-08 13:30:57,390 WARNING:main.py:418:setup_molecule:Multiple occupancies found: CZ in ARG A 58.
2022-11-08 13:30:57,390 WARNING:main.py:418:setup_molecule:Multiple occupancies found: NH1 in ARG A 58.
2022-11-08 13:30:57,391 WARNING:main.py:418:setup_molecule:Multiple occupancies found: NH2 in ARG A 58.
2022-11-08 13:30:57,391 WARNING:main.py:424:setup_molecule:Multiple occupancies found in ARG A 58. At least one of the instances is being ignored.
2022-11-08 13:30:57,391 WARNING:main.py:418:setup_molecule:Multiple occupancies found: CA in VAL A 76.
2022-11-08 13:30:57,391 WARNING:main.py:418:setup_molecule:Multiple occupancies found: CB in VAL A 76.
2022-11-08 13:30:57,391 WARNING:main.py:418:setup_molecule:Multiple occupancies found: CG1 in VAL A 76.
2022-11-08 13:30:57,391 WARNING:main.py:418:setup_molecule:Multiple occupancies found: CG2 in VAL A 76.
2022-11-08 13:30:57,391 WARNING:main.py:424:setup_molecule:Multiple occupancies found in VAL A 76. At least one of the instances is being ignored.
2022-11-08 13:30:57,391 WARNING:main.py:418:setup_molecule:Multiple occupancies found: CA in ARG A 111.
2022-11-08 13:30:57,392 WARNING:main.py:418:setup_molecule:Multiple occupancies found: CB in ARG A 111.
2022-11-08 13:30:57,393 WARNING:main.py:418:setup_molecule:Multiple occupancies found: CG in ARG A 111.
2022-11-08 13:30:57,393 WARNING:main.py:418:setup_molecule:Multiple occupancies found: CD in ARG A 111.
2022-11-08 13:30:57,393 WARNING:main.py:418:setup_molecule:Multiple occupancies found: NE in ARG A 111.
2022-11-08 13:30:57,393 WARNING:main.py:418:setup_molecule:Multiple occupancies found: CZ in ARG A 111.
2022-11-08 13:30:57,393 WARNING:main.py:418:setup_molecule:Multiple occupancies found: NH1 in ARG A 111.
2022-11-08 13:30:57,393 WARNING:main.py:418:setup_molecule:Multiple occupancies found: NH2 in ARG A 111.
2022-11-08 13:30:57,393 WARNING:main.py:424:setup_molecule:Multiple occupancies found in ARG A 111. At least one of the instances is being ignored.
2022-11-08 13:30:57,394 WARNING:main.py:418:setup_molecule:Multiple occupancies found: CA in SER A 161.
2022-11-08 13:30:57,394 WARNING:main.py:418:setup_molecule:Multiple occupancies found: CB in SER A 161.
2022-11-08 13:30:57,394 WARNING:main.py:418:setup_molecule:Multiple occupancies found: OG in SER A 161.
2022-11-08 13:30:57,394 WARNING:main.py:424:setup_molecule:Multiple occupancies found in SER A 161. At least one of the instances is being ignored.
2022-11-08 13:30:57,394 WARNING:main.py:418:setup_molecule:Multiple occupancies found: N in SER A 335.
2022-11-08 13:30:57,394 WARNING:main.py:418:setup_molecule:Multiple occupancies found: CA in SER A 335.
2022-11-08 13:30:57,394 WARNING:main.py:418:setup_molecule:Multiple occupancies found: C in SER A 335.
2022-11-08 13:30:57,394 WARNING:main.py:418:setup_molecule:Multiple occupancies found: O in SER A 335.
2022-11-08 13:30:57,395 WARNING:main.py:418:setup_molecule:Multiple occupancies found: CB in SER A 335.
2022-11-08 13:30:57,395 WARNING:main.py:418:setup_molecule:Multiple occupancies found: OG in SER A 335.
2022-11-08 13:30:57,395 WARNING:main.py:424:setup_molecule:Multiple occupancies found in SER A 335. At least one of the instances is being ignored.
2022-11-08 13:30:57,395 WARNING:main.py:418:setup_molecule:Multiple occupancies found: CA in VAL A 337.
2022-11-08 13:30:57,395 WARNING:main.py:418:setup_molecule:Multiple occupancies found: CB in VAL A 337.
2022-11-08 13:30:57,395 WARNING:main.py:418:setup_molecule:Multiple occupancies found: CG1 in VAL A 337.
2022-11-08 13:30:57,395 WARNING:main.py:418:setup_molecule:Multiple occupancies found: CG2 in VAL A 337.
2022-11-08 13:30:57,395 WARNING:main.py:424:setup_molecule:Multiple occupancies found in VAL A 337. At least one of the instances is being ignored.
2022-11-08 13:30:57,447 WARNING:biomolecule.py:157:num_missing_heavy:Missing atom OXT in residue GLU A 431
2022-11-08 13:30:57,450 WARNING:biomolecule.py:157:num_missing_heavy:Missing atom OXT in residue GLU A 431
2022-11-08 13:30:57,453 WARNING:biomolecule.py:157:num_missing_heavy:Missing atom OXT in residue GLU A 431
2022-11-08 13:31:03,261 WARNING:main.py:311:print_pqr:Ignoring 3278 header lines in output.
2022-11-08 13:31:03,261 WARNING:main.py:315:print_pqr:Ignoring 71 missing lines in output.
