2022-11-08 13:39:56,631 WARNING:biomolecule.py:966:create_residue:Unable to find amino or nucleic acid definition for SO4.  Parsing as new residue.
2022-11-08 13:39:56,631 WARNING:biomolecule.py:966:create_residue:Unable to find amino or nucleic acid definition for SO4.  Parsing as new residue.
2022-11-08 13:39:56,632 WARNING:biomolecule.py:966:create_residue:Unable to find amino or nucleic acid definition for SO4.  Parsing as new residue.
2022-11-08 13:39:56,632 WARNING:biomolecule.py:966:create_residue:Unable to find amino or nucleic acid definition for GOL.  Parsing as new residue.
2022-11-08 13:39:56,632 WARNING:biomolecule.py:966:create_residue:Unable to find amino or nucleic acid definition for SAM.  Parsing as new residue.
2022-11-08 13:39:56,632 WARNING:biomolecule.py:966:create_residue:Unable to find amino or nucleic acid definition for 3VL.  Parsing as new residue.
2022-11-08 13:39:56,660 WARNING:biomolecule.py:966:create_residue:Unable to find amino or nucleic acid definition for SO4.  Parsing as new residue.
2022-11-08 13:39:56,661 WARNING:biomolecule.py:966:create_residue:Unable to find amino or nucleic acid definition for GOL.  Parsing as new residue.
2022-11-08 13:39:56,661 WARNING:biomolecule.py:966:create_residue:Unable to find amino or nucleic acid definition for GOL.  Parsing as new residue.
2022-11-08 13:39:56,661 WARNING:io.py:40:filter:Suppressing further "Unable to find amino or nucleic acid definition for" messages
2022-11-08 13:39:56,663 WARNING:main.py:418:setup_molecule:Multiple occupancies found: CA in GLY A 236.
2022-11-08 13:39:56,663 WARNING:main.py:424:setup_molecule:Multiple occupancies found in GLY A 236. At least one of the instances is being ignored.
2022-11-08 13:39:56,663 WARNING:main.py:418:setup_molecule:Multiple occupancies found: CA in PHE A 300.
2022-11-08 13:39:56,663 WARNING:main.py:418:setup_molecule:Multiple occupancies found: CB in PHE A 300.
2022-11-08 13:39:56,663 WARNING:main.py:424:setup_molecule:Multiple occupancies found in PHE A 300. At least one of the instances is being ignored.
2022-11-08 13:39:56,684 WARNING:biomolecule.py:600:update_bonds:Gap in backbone detected between GLU A 79 and GLU A 85!
2022-11-08 13:39:56,688 WARNING:biomolecule.py:600:update_bonds:Gap in backbone detected between GLU A 284 and SER A 296!
2022-11-08 13:39:56,688 WARNING:biomolecule.py:600:update_bonds:Gap in backbone detected between ASP A 297 and PHE A 300!
2022-11-08 13:39:56,689 WARNING:biomolecule.py:600:update_bonds:Gap in backbone detected between LEU A 338 and LEU A 347!
2022-11-08 13:39:56,690 WARNING:biomolecule.py:600:update_bonds:Gap in backbone detected between GLU B 79 and GLY B 84!
2022-11-08 13:39:56,692 WARNING:biomolecule.py:600:update_bonds:Gap in backbone detected between LEU B 160 and ASP B 163!
2022-11-08 13:39:56,692 WARNING:biomolecule.py:600:update_bonds:Gap in backbone detected between GLN B 164 and ALA B 167!
2022-11-08 13:39:56,693 WARNING:biomolecule.py:600:update_bonds:Gap in backbone detected between ARG B 199 and HIS B 203!
2022-11-08 13:39:56,725 WARNING:biomolecule.py:157:num_missing_heavy:Missing atom CG in residue ARG A 18
2022-11-08 13:39:56,725 WARNING:biomolecule.py:157:num_missing_heavy:Missing atom CD in residue ARG A 18
2022-11-08 13:39:56,725 WARNING:biomolecule.py:157:num_missing_heavy:Missing atom NE in residue ARG A 18
2022-11-08 13:39:56,725 WARNING:biomolecule.py:157:num_missing_heavy:Missing atom CZ in residue ARG A 18
2022-11-08 13:39:56,725 WARNING:biomolecule.py:157:num_missing_heavy:Missing atom NH1 in residue ARG A 18
2022-11-08 13:39:56,725 WARNING:biomolecule.py:157:num_missing_heavy:Missing atom NH2 in residue ARG A 18
2022-11-08 13:39:56,726 WARNING:biomolecule.py:157:num_missing_heavy:Missing atom CG in residue ARG A 49
2022-11-08 13:39:56,726 WARNING:biomolecule.py:157:num_missing_heavy:Missing atom CD in residue ARG A 49
2022-11-08 13:39:56,726 WARNING:biomolecule.py:157:num_missing_heavy:Missing atom NE in residue ARG A 49
2022-11-08 13:39:56,729 WARNING:biomolecule.py:157:num_missing_heavy:Missing atom CZ in residue ARG A 49
2022-11-08 13:39:56,729 WARNING:biomolecule.py:157:num_missing_heavy:Missing atom NH1 in residue ARG A 49
2022-11-08 13:39:56,729 WARNING:biomolecule.py:157:num_missing_heavy:Missing atom NH2 in residue ARG A 49
2022-11-08 13:39:56,729 WARNING:biomolecule.py:157:num_missing_heavy:Missing atom CE in residue LYS A 52
2022-11-08 13:39:56,729 WARNING:biomolecule.py:157:num_missing_heavy:Missing atom NZ in residue LYS A 52
2022-11-08 13:39:56,730 WARNING:biomolecule.py:157:num_missing_heavy:Missing atom CG in residue GLU A 79
2022-11-08 13:39:56,730 WARNING:biomolecule.py:157:num_missing_heavy:Missing atom CD in residue GLU A 79
2022-11-08 13:39:56,730 WARNING:biomolecule.py:157:num_missing_heavy:Missing atom OE1 in residue GLU A 79
2022-11-08 13:39:56,730 WARNING:biomolecule.py:157:num_missing_heavy:Missing atom OE2 in residue GLU A 79
2022-11-08 13:39:56,730 WARNING:biomolecule.py:157:num_missing_heavy:Missing atom CG in residue GLU A 85
2022-11-08 13:39:56,730 WARNING:biomolecule.py:157:num_missing_heavy:Missing atom CD in residue GLU A 85
2022-11-08 13:39:56,730 WARNING:biomolecule.py:157:num_missing_heavy:Missing atom OE1 in residue GLU A 85
2022-11-08 13:39:56,730 WARNING:biomolecule.py:157:num_missing_heavy:Missing atom OE2 in residue GLU A 85
2022-11-08 13:39:56,731 WARNING:biomolecule.py:157:num_missing_heavy:Missing atom CD in residue GLU A 90
2022-11-08 13:39:56,731 WARNING:biomolecule.py:157:num_missing_heavy:Missing atom OE1 in residue GLU A 90
2022-11-08 13:39:56,731 WARNING:biomolecule.py:157:num_missing_heavy:Missing atom OE2 in residue GLU A 90
2022-11-08 13:39:56,731 WARNING:biomolecule.py:157:num_missing_heavy:Missing atom CG in residue ASP A 98
2022-11-08 13:39:56,731 WARNING:biomolecule.py:157:num_missing_heavy:Missing atom OD1 in residue ASP A 98
2022-11-08 13:39:56,731 WARNING:biomolecule.py:157:num_missing_heavy:Missing atom OD2 in residue ASP A 98
2022-11-08 13:39:56,732 WARNING:biomolecule.py:157:num_missing_heavy:Missing atom CD in residue GLU A 144
2022-11-08 13:39:56,732 WARNING:biomolecule.py:157:num_missing_heavy:Missing atom OE1 in residue GLU A 144
2022-11-08 13:39:56,732 WARNING:biomolecule.py:157:num_missing_heavy:Missing atom OE2 in residue GLU A 144
2022-11-08 13:39:56,732 WARNING:biomolecule.py:157:num_missing_heavy:Missing atom CG in residue ASP A 165
2022-11-08 13:39:56,732 WARNING:biomolecule.py:157:num_missing_heavy:Missing atom OD1 in residue ASP A 165
2022-11-08 13:39:56,732 WARNING:biomolecule.py:157:num_missing_heavy:Missing atom OD2 in residue ASP A 165
2022-11-08 13:39:56,733 WARNING:biomolecule.py:157:num_missing_heavy:Missing atom CG in residue ASN A 179
2022-11-08 13:39:56,733 WARNING:biomolecule.py:157:num_missing_heavy:Missing atom OD1 in residue ASN A 179
2022-11-08 13:39:56,733 WARNING:biomolecule.py:157:num_missing_heavy:Missing atom ND2 in residue ASN A 179
2022-11-08 13:39:56,733 WARNING:biomolecule.py:157:num_missing_heavy:Missing atom CG in residue ARG A 181
2022-11-08 13:39:56,733 WARNING:biomolecule.py:157:num_missing_heavy:Missing atom CD in residue ARG A 181
2022-11-08 13:39:56,733 WARNING:biomolecule.py:157:num_missing_heavy:Missing atom NE in residue ARG A 181
2022-11-08 13:39:56,733 WARNING:biomolecule.py:157:num_missing_heavy:Missing atom CZ in residue ARG A 181
2022-11-08 13:39:56,733 WARNING:biomolecule.py:157:num_missing_heavy:Missing atom NH1 in residue ARG A 181
2022-11-08 13:39:56,734 WARNING:biomolecule.py:157:num_missing_heavy:Missing atom NH2 in residue ARG A 181
2022-11-08 13:39:56,734 WARNING:biomolecule.py:157:num_missing_heavy:Missing atom CG in residue ASP A 229
2022-11-08 13:39:56,734 WARNING:biomolecule.py:157:num_missing_heavy:Missing atom OD1 in residue ASP A 229
2022-11-08 13:39:56,734 WARNING:biomolecule.py:157:num_missing_heavy:Missing atom OD2 in residue ASP A 229
2022-11-08 13:39:56,735 WARNING:biomolecule.py:157:num_missing_heavy:Missing atom OG in residue SER A 296
2022-11-08 13:39:56,735 WARNING:biomolecule.py:157:num_missing_heavy:Missing atom CG in residue ASP A 297
2022-11-08 13:39:56,735 WARNING:biomolecule.py:157:num_missing_heavy:Missing atom OD1 in residue ASP A 297
2022-11-08 13:39:56,735 WARNING:biomolecule.py:157:num_missing_heavy:Missing atom OD2 in residue ASP A 297
2022-11-08 13:39:56,735 WARNING:biomolecule.py:157:num_missing_heavy:Missing atom CG in residue PHE A 300
2022-11-08 13:39:56,735 WARNING:biomolecule.py:157:num_missing_heavy:Missing atom CD1 in residue PHE A 300
2022-11-08 13:39:56,736 WARNING:biomolecule.py:157:num_missing_heavy:Missing atom CD2 in residue PHE A 300
2022-11-08 13:39:56,736 WARNING:biomolecule.py:157:num_missing_heavy:Missing atom CE1 in residue PHE A 300
2022-11-08 13:39:56,736 WARNING:biomolecule.py:157:num_missing_heavy:Missing atom CE2 in residue PHE A 300
2022-11-08 13:39:56,736 WARNING:biomolecule.py:157:num_missing_heavy:Missing atom CZ in residue PHE A 300
2022-11-08 13:39:56,736 WARNING:biomolecule.py:157:num_missing_heavy:Missing atom CG in residue ARG A 318
2022-11-08 13:39:56,736 WARNING:biomolecule.py:157:num_missing_heavy:Missing atom CD in residue ARG A 318
2022-11-08 13:39:56,736 WARNING:biomolecule.py:157:num_missing_heavy:Missing atom NE in residue ARG A 318
2022-11-08 13:39:56,736 WARNING:biomolecule.py:157:num_missing_heavy:Missing atom CZ in residue ARG A 318
2022-11-08 13:39:56,737 WARNING:biomolecule.py:157:num_missing_heavy:Missing atom NH1 in residue ARG A 318
2022-11-08 13:39:56,737 WARNING:biomolecule.py:157:num_missing_heavy:Missing atom NH2 in residue ARG A 318
2022-11-08 13:39:56,737 WARNING:biomolecule.py:157:num_missing_heavy:Missing atom CG in residue GLU A 319
2022-11-08 13:39:56,737 WARNING:biomolecule.py:157:num_missing_heavy:Missing atom CD in residue GLU A 319
2022-11-08 13:39:56,737 WARNING:biomolecule.py:157:num_missing_heavy:Missing atom OE1 in residue GLU A 319
2022-11-08 13:39:56,737 WARNING:biomolecule.py:157:num_missing_heavy:Missing atom OE2 in residue GLU A 319
2022-11-08 13:39:56,737 WARNING:biomolecule.py:157:num_missing_heavy:Missing atom CG in residue GLN A 337
2022-11-08 13:39:56,737 WARNING:biomolecule.py:157:num_missing_heavy:Missing atom CD in residue GLN A 337
2022-11-08 13:39:56,738 WARNING:biomolecule.py:157:num_missing_heavy:Missing atom OE1 in residue GLN A 337
2022-11-08 13:39:56,738 WARNING:biomolecule.py:157:num_missing_heavy:Missing atom NE2 in residue GLN A 337
2022-11-08 13:39:56,738 WARNING:biomolecule.py:157:num_missing_heavy:Missing atom OXT in residue ALA A 355
2022-11-08 13:39:56,738 WARNING:biomolecule.py:157:num_missing_heavy:Missing atom CD in residue ARG B 18
2022-11-08 13:39:56,738 WARNING:biomolecule.py:157:num_missing_heavy:Missing atom NE in residue ARG B 18
2022-11-08 13:39:56,738 WARNING:biomolecule.py:157:num_missing_heavy:Missing atom CZ in residue ARG B 18
2022-11-08 13:39:56,738 WARNING:biomolecule.py:157:num_missing_heavy:Missing atom NH1 in residue ARG B 18
2022-11-08 13:39:56,739 WARNING:biomolecule.py:157:num_missing_heavy:Missing atom NH2 in residue ARG B 18
2022-11-08 13:39:56,739 WARNING:biomolecule.py:157:num_missing_heavy:Missing atom CG in residue ARG B 49
2022-11-08 13:39:56,739 WARNING:biomolecule.py:157:num_missing_heavy:Missing atom CD in residue ARG B 49
2022-11-08 13:39:56,739 WARNING:biomolecule.py:157:num_missing_heavy:Missing atom NE in residue ARG B 49
2022-11-08 13:39:56,739 WARNING:biomolecule.py:157:num_missing_heavy:Missing atom CZ in residue ARG B 49
2022-11-08 13:39:56,739 WARNING:biomolecule.py:157:num_missing_heavy:Missing atom NH1 in residue ARG B 49
2022-11-08 13:39:56,739 WARNING:biomolecule.py:157:num_missing_heavy:Missing atom NH2 in residue ARG B 49
2022-11-08 13:39:56,740 WARNING:biomolecule.py:157:num_missing_heavy:Missing atom NE in residue ARG B 70
2022-11-08 13:39:56,740 WARNING:biomolecule.py:157:num_missing_heavy:Missing atom CZ in residue ARG B 70
2022-11-08 13:39:56,740 WARNING:biomolecule.py:157:num_missing_heavy:Missing atom NH1 in residue ARG B 70
2022-11-08 13:39:56,740 WARNING:biomolecule.py:157:num_missing_heavy:Missing atom NH2 in residue ARG B 70
2022-11-08 13:39:56,740 WARNING:biomolecule.py:157:num_missing_heavy:Missing atom CG in residue GLU B 79
2022-11-08 13:39:56,740 WARNING:biomolecule.py:157:num_missing_heavy:Missing atom CD in residue GLU B 79
2022-11-08 13:39:56,740 WARNING:biomolecule.py:157:num_missing_heavy:Missing atom OE1 in residue GLU B 79
2022-11-08 13:39:56,741 WARNING:biomolecule.py:157:num_missing_heavy:Missing atom OE2 in residue GLU B 79
2022-11-08 13:39:56,741 WARNING:biomolecule.py:157:num_missing_heavy:Missing atom CG in residue GLU B 85
2022-11-08 13:39:56,741 WARNING:biomolecule.py:157:num_missing_heavy:Missing atom CD in residue GLU B 85
2022-11-08 13:39:56,741 WARNING:biomolecule.py:157:num_missing_heavy:Missing atom OE1 in residue GLU B 85
2022-11-08 13:39:56,741 WARNING:biomolecule.py:157:num_missing_heavy:Missing atom OE2 in residue GLU B 85
2022-11-08 13:39:56,741 WARNING:biomolecule.py:157:num_missing_heavy:Missing atom CG in residue GLU B 90
2022-11-08 13:39:56,741 WARNING:biomolecule.py:157:num_missing_heavy:Missing atom CD in residue GLU B 90
2022-11-08 13:39:56,741 WARNING:biomolecule.py:157:num_missing_heavy:Missing atom OE1 in residue GLU B 90
2022-11-08 13:39:56,742 WARNING:biomolecule.py:157:num_missing_heavy:Missing atom OE2 in residue GLU B 90
2022-11-08 13:39:56,742 WARNING:biomolecule.py:157:num_missing_heavy:Missing atom CG in residue ARG B 131
2022-11-08 13:39:56,742 WARNING:biomolecule.py:157:num_missing_heavy:Missing atom CD in residue ARG B 131
2022-11-08 13:39:56,742 WARNING:biomolecule.py:157:num_missing_heavy:Missing atom NE in residue ARG B 131
2022-11-08 13:39:56,742 WARNING:biomolecule.py:157:num_missing_heavy:Missing atom CZ in residue ARG B 131
2022-11-08 13:39:56,743 WARNING:biomolecule.py:157:num_missing_heavy:Missing atom NH1 in residue ARG B 131
2022-11-08 13:39:56,743 WARNING:biomolecule.py:157:num_missing_heavy:Missing atom NH2 in residue ARG B 131
2022-11-08 13:39:56,743 WARNING:biomolecule.py:157:num_missing_heavy:Missing atom CG in residue ASP B 163
2022-11-08 13:39:56,743 WARNING:biomolecule.py:157:num_missing_heavy:Missing atom OD1 in residue ASP B 163
2022-11-08 13:39:56,743 WARNING:biomolecule.py:157:num_missing_heavy:Missing atom OD2 in residue ASP B 163
2022-11-08 13:39:56,743 WARNING:biomolecule.py:157:num_missing_heavy:Missing atom CG in residue ASN B 179
2022-11-08 13:39:56,744 WARNING:biomolecule.py:157:num_missing_heavy:Missing atom OD1 in residue ASN B 179
2022-11-08 13:39:56,744 WARNING:biomolecule.py:157:num_missing_heavy:Missing atom ND2 in residue ASN B 179
2022-11-08 13:39:56,744 WARNING:biomolecule.py:157:num_missing_heavy:Missing atom CG in residue ARG B 181
2022-11-08 13:39:56,744 WARNING:biomolecule.py:157:num_missing_heavy:Missing atom CD in residue ARG B 181
2022-11-08 13:39:56,744 WARNING:biomolecule.py:157:num_missing_heavy:Missing atom NE in residue ARG B 181
2022-11-08 13:39:56,744 WARNING:biomolecule.py:157:num_missing_heavy:Missing atom CZ in residue ARG B 181
2022-11-08 13:39:56,744 WARNING:biomolecule.py:157:num_missing_heavy:Missing atom NH1 in residue ARG B 181
2022-11-08 13:39:56,744 WARNING:biomolecule.py:157:num_missing_heavy:Missing atom NH2 in residue ARG B 181
2022-11-08 13:39:56,745 WARNING:biomolecule.py:157:num_missing_heavy:Missing atom CG in residue ARG B 199
2022-11-08 13:39:56,745 WARNING:biomolecule.py:157:num_missing_heavy:Missing atom CD in residue ARG B 199
2022-11-08 13:39:56,745 WARNING:biomolecule.py:157:num_missing_heavy:Missing atom NE in residue ARG B 199
2022-11-08 13:39:56,745 WARNING:biomolecule.py:157:num_missing_heavy:Missing atom CZ in residue ARG B 199
2022-11-08 13:39:56,745 WARNING:biomolecule.py:157:num_missing_heavy:Missing atom NH1 in residue ARG B 199
2022-11-08 13:39:56,745 WARNING:biomolecule.py:157:num_missing_heavy:Missing atom NH2 in residue ARG B 199
2022-11-08 13:39:56,745 WARNING:biomolecule.py:157:num_missing_heavy:Missing atom CG in residue ASP B 229
2022-11-08 13:39:56,746 WARNING:biomolecule.py:157:num_missing_heavy:Missing atom OD1 in residue ASP B 229
2022-11-08 13:39:56,746 WARNING:biomolecule.py:157:num_missing_heavy:Missing atom OD2 in residue ASP B 229
2022-11-08 13:39:56,746 WARNING:biomolecule.py:157:num_missing_heavy:Missing atom CD in residue GLU B 287
2022-11-08 13:39:56,746 WARNING:biomolecule.py:157:num_missing_heavy:Missing atom OE1 in residue GLU B 287
2022-11-08 13:39:56,746 WARNING:biomolecule.py:157:num_missing_heavy:Missing atom OE2 in residue GLU B 287
2022-11-08 13:39:56,747 WARNING:biomolecule.py:157:num_missing_heavy:Missing atom CD in residue ARG B 294
2022-11-08 13:39:56,747 WARNING:biomolecule.py:157:num_missing_heavy:Missing atom NE in residue ARG B 294
2022-11-08 13:39:56,747 WARNING:biomolecule.py:157:num_missing_heavy:Missing atom CZ in residue ARG B 294
2022-11-08 13:39:56,747 WARNING:biomolecule.py:157:num_missing_heavy:Missing atom NH1 in residue ARG B 294
2022-11-08 13:39:56,747 WARNING:biomolecule.py:157:num_missing_heavy:Missing atom NH2 in residue ARG B 294
2022-11-08 13:39:56,747 WARNING:biomolecule.py:157:num_missing_heavy:Missing atom CG in residue ARG B 318
2022-11-08 13:39:56,748 WARNING:biomolecule.py:157:num_missing_heavy:Missing atom CD in residue ARG B 318
2022-11-08 13:39:56,748 WARNING:biomolecule.py:157:num_missing_heavy:Missing atom NE in residue ARG B 318
2022-11-08 13:39:56,748 WARNING:biomolecule.py:157:num_missing_heavy:Missing atom CZ in residue ARG B 318
2022-11-08 13:39:56,748 WARNING:biomolecule.py:157:num_missing_heavy:Missing atom NH1 in residue ARG B 318
2022-11-08 13:39:56,748 WARNING:biomolecule.py:157:num_missing_heavy:Missing atom NH2 in residue ARG B 318
2022-11-08 13:39:56,748 WARNING:biomolecule.py:157:num_missing_heavy:Missing atom CG in residue GLU B 319
2022-11-08 13:39:56,748 WARNING:biomolecule.py:157:num_missing_heavy:Missing atom CD in residue GLU B 319
2022-11-08 13:39:56,748 WARNING:biomolecule.py:157:num_missing_heavy:Missing atom OE1 in residue GLU B 319
2022-11-08 13:39:56,748 WARNING:biomolecule.py:157:num_missing_heavy:Missing atom OE2 in residue GLU B 319
2022-11-08 13:39:56,749 WARNING:biomolecule.py:157:num_missing_heavy:Missing atom CG in residue LYS B 320
2022-11-08 13:39:56,749 WARNING:biomolecule.py:157:num_missing_heavy:Missing atom CD in residue LYS B 320
2022-11-08 13:39:56,749 WARNING:biomolecule.py:157:num_missing_heavy:Missing atom CE in residue LYS B 320
2022-11-08 13:39:56,749 WARNING:biomolecule.py:157:num_missing_heavy:Missing atom NZ in residue LYS B 320
2022-11-08 13:39:56,749 WARNING:biomolecule.py:157:num_missing_heavy:Missing atom CG in residue GLU B 334
2022-11-08 13:39:56,749 WARNING:biomolecule.py:157:num_missing_heavy:Missing atom CD in residue GLU B 334
2022-11-08 13:39:56,749 WARNING:biomolecule.py:157:num_missing_heavy:Missing atom OE1 in residue GLU B 334
2022-11-08 13:39:56,749 WARNING:biomolecule.py:157:num_missing_heavy:Missing atom OE2 in residue GLU B 334
2022-11-08 13:39:56,750 WARNING:biomolecule.py:157:num_missing_heavy:Missing atom CG in residue ARG B 336
2022-11-08 13:39:56,750 WARNING:biomolecule.py:157:num_missing_heavy:Missing atom CD in residue ARG B 336
2022-11-08 13:39:56,750 WARNING:biomolecule.py:157:num_missing_heavy:Missing atom NE in residue ARG B 336
2022-11-08 13:39:56,750 WARNING:biomolecule.py:157:num_missing_heavy:Missing atom CZ in residue ARG B 336
2022-11-08 13:39:56,750 WARNING:biomolecule.py:157:num_missing_heavy:Missing atom NH1 in residue ARG B 336
2022-11-08 13:39:56,750 WARNING:biomolecule.py:157:num_missing_heavy:Missing atom NH2 in residue ARG B 336
2022-11-08 13:39:56,750 WARNING:biomolecule.py:157:num_missing_heavy:Missing atom CG in residue GLN B 337
2022-11-08 13:39:56,750 WARNING:biomolecule.py:157:num_missing_heavy:Missing atom CD in residue GLN B 337
2022-11-08 13:39:56,751 WARNING:biomolecule.py:157:num_missing_heavy:Missing atom OE1 in residue GLN B 337
2022-11-08 13:39:56,751 WARNING:biomolecule.py:157:num_missing_heavy:Missing atom NE2 in residue GLN B 337
2022-11-08 13:39:56,751 WARNING:biomolecule.py:157:num_missing_heavy:Missing atom OXT in residue ALA B 355
2022-11-08 13:39:56,751 WARNING:biomolecule.py:157:num_missing_heavy:Missing atom CG in residue ARG A 18
2022-11-08 13:39:56,751 WARNING:biomolecule.py:157:num_missing_heavy:Missing atom CD in residue ARG A 18
2022-11-08 13:39:56,751 WARNING:biomolecule.py:157:num_missing_heavy:Missing atom NE in residue ARG A 18
2022-11-08 13:39:56,751 WARNING:biomolecule.py:157:num_missing_heavy:Missing atom CZ in residue ARG A 18
2022-11-08 13:39:56,751 WARNING:biomolecule.py:157:num_missing_heavy:Missing atom NH1 in residue ARG A 18
2022-11-08 13:39:56,752 WARNING:biomolecule.py:157:num_missing_heavy:Missing atom NH2 in residue ARG A 18
2022-11-08 13:39:56,752 WARNING:biomolecule.py:157:num_missing_heavy:Missing atom CG in residue ARG A 49
2022-11-08 13:39:56,752 WARNING:biomolecule.py:157:num_missing_heavy:Missing atom CD in residue ARG A 49
2022-11-08 13:39:56,752 WARNING:biomolecule.py:157:num_missing_heavy:Missing atom NE in residue ARG A 49
2022-11-08 13:39:56,752 WARNING:biomolecule.py:157:num_missing_heavy:Missing atom CZ in residue ARG A 49
2022-11-08 13:39:56,752 WARNING:biomolecule.py:157:num_missing_heavy:Missing atom NH1 in residue ARG A 49
2022-11-08 13:39:56,752 WARNING:biomolecule.py:157:num_missing_heavy:Missing atom NH2 in residue ARG A 49
2022-11-08 13:39:56,753 WARNING:biomolecule.py:157:num_missing_heavy:Missing atom CE in residue LYS A 52
2022-11-08 13:39:56,753 WARNING:biomolecule.py:157:num_missing_heavy:Missing atom NZ in residue LYS A 52
2022-11-08 13:39:56,753 WARNING:biomolecule.py:157:num_missing_heavy:Missing atom CG in residue GLU A 79
2022-11-08 13:39:56,753 WARNING:biomolecule.py:157:num_missing_heavy:Missing atom CD in residue GLU A 79
2022-11-08 13:39:56,753 WARNING:biomolecule.py:157:num_missing_heavy:Missing atom OE1 in residue GLU A 79
2022-11-08 13:39:56,753 WARNING:biomolecule.py:157:num_missing_heavy:Missing atom OE2 in residue GLU A 79
2022-11-08 13:39:56,753 WARNING:biomolecule.py:157:num_missing_heavy:Missing atom CG in residue GLU A 85
2022-11-08 13:39:56,754 WARNING:biomolecule.py:157:num_missing_heavy:Missing atom CD in residue GLU A 85
2022-11-08 13:39:56,754 WARNING:biomolecule.py:157:num_missing_heavy:Missing atom OE1 in residue GLU A 85
2022-11-08 13:39:56,754 WARNING:biomolecule.py:157:num_missing_heavy:Missing atom OE2 in residue GLU A 85
2022-11-08 13:39:56,754 WARNING:biomolecule.py:157:num_missing_heavy:Missing atom CD in residue GLU A 90
2022-11-08 13:39:56,754 WARNING:biomolecule.py:157:num_missing_heavy:Missing atom OE1 in residue GLU A 90
2022-11-08 13:39:56,754 WARNING:biomolecule.py:157:num_missing_heavy:Missing atom OE2 in residue GLU A 90
2022-11-08 13:39:56,754 WARNING:biomolecule.py:157:num_missing_heavy:Missing atom CG in residue ASP A 98
2022-11-08 13:39:56,754 WARNING:biomolecule.py:157:num_missing_heavy:Missing atom OD1 in residue ASP A 98
2022-11-08 13:39:56,755 WARNING:biomolecule.py:157:num_missing_heavy:Missing atom OD2 in residue ASP A 98
2022-11-08 13:39:56,755 WARNING:biomolecule.py:157:num_missing_heavy:Missing atom CD in residue GLU A 144
2022-11-08 13:39:56,755 WARNING:biomolecule.py:157:num_missing_heavy:Missing atom OE1 in residue GLU A 144
2022-11-08 13:39:56,755 WARNING:biomolecule.py:157:num_missing_heavy:Missing atom OE2 in residue GLU A 144
2022-11-08 13:39:56,755 WARNING:biomolecule.py:157:num_missing_heavy:Missing atom CG in residue ASP A 165
2022-11-08 13:39:56,756 WARNING:biomolecule.py:157:num_missing_heavy:Missing atom OD1 in residue ASP A 165
2022-11-08 13:39:56,756 WARNING:biomolecule.py:157:num_missing_heavy:Missing atom OD2 in residue ASP A 165
2022-11-08 13:39:56,756 WARNING:biomolecule.py:157:num_missing_heavy:Missing atom CG in residue ASN A 179
2022-11-08 13:39:56,756 WARNING:biomolecule.py:157:num_missing_heavy:Missing atom OD1 in residue ASN A 179
2022-11-08 13:39:56,756 WARNING:biomolecule.py:157:num_missing_heavy:Missing atom ND2 in residue ASN A 179
2022-11-08 13:39:56,756 WARNING:biomolecule.py:157:num_missing_heavy:Missing atom CG in residue ARG A 181
2022-11-08 13:39:56,756 WARNING:biomolecule.py:157:num_missing_heavy:Missing atom CD in residue ARG A 181
2022-11-08 13:39:56,757 WARNING:biomolecule.py:157:num_missing_heavy:Missing atom NE in residue ARG A 181
2022-11-08 13:39:56,757 WARNING:biomolecule.py:157:num_missing_heavy:Missing atom CZ in residue ARG A 181
2022-11-08 13:39:56,757 WARNING:biomolecule.py:157:num_missing_heavy:Missing atom NH1 in residue ARG A 181
2022-11-08 13:39:56,757 WARNING:biomolecule.py:157:num_missing_heavy:Missing atom NH2 in residue ARG A 181
2022-11-08 13:39:56,757 WARNING:biomolecule.py:157:num_missing_heavy:Missing atom CG in residue ASP A 229
2022-11-08 13:39:56,757 WARNING:biomolecule.py:157:num_missing_heavy:Missing atom OD1 in residue ASP A 229
2022-11-08 13:39:56,758 WARNING:biomolecule.py:157:num_missing_heavy:Missing atom OD2 in residue ASP A 229
2022-11-08 13:39:56,758 WARNING:biomolecule.py:157:num_missing_heavy:Missing atom OG in residue SER A 296
2022-11-08 13:39:56,758 WARNING:biomolecule.py:157:num_missing_heavy:Missing atom CG in residue ASP A 297
2022-11-08 13:39:56,758 WARNING:biomolecule.py:157:num_missing_heavy:Missing atom OD1 in residue ASP A 297
2022-11-08 13:39:56,758 WARNING:biomolecule.py:157:num_missing_heavy:Missing atom OD2 in residue ASP A 297
2022-11-08 13:39:56,759 WARNING:biomolecule.py:157:num_missing_heavy:Missing atom CG in residue PHE A 300
2022-11-08 13:39:56,759 WARNING:biomolecule.py:157:num_missing_heavy:Missing atom CD1 in residue PHE A 300
2022-11-08 13:39:56,759 WARNING:biomolecule.py:157:num_missing_heavy:Missing atom CD2 in residue PHE A 300
2022-11-08 13:39:56,759 WARNING:biomolecule.py:157:num_missing_heavy:Missing atom CE1 in residue PHE A 300
2022-11-08 13:39:56,759 WARNING:biomolecule.py:157:num_missing_heavy:Missing atom CE2 in residue PHE A 300
2022-11-08 13:39:56,759 WARNING:biomolecule.py:157:num_missing_heavy:Missing atom CZ in residue PHE A 300
2022-11-08 13:39:56,759 WARNING:biomolecule.py:157:num_missing_heavy:Missing atom CG in residue ARG A 318
2022-11-08 13:39:56,759 WARNING:biomolecule.py:157:num_missing_heavy:Missing atom CD in residue ARG A 318
2022-11-08 13:39:56,760 WARNING:biomolecule.py:157:num_missing_heavy:Missing atom NE in residue ARG A 318
2022-11-08 13:39:56,760 WARNING:biomolecule.py:157:num_missing_heavy:Missing atom CZ in residue ARG A 318
2022-11-08 13:39:56,760 WARNING:biomolecule.py:157:num_missing_heavy:Missing atom NH1 in residue ARG A 318
2022-11-08 13:39:56,760 WARNING:biomolecule.py:157:num_missing_heavy:Missing atom NH2 in residue ARG A 318
2022-11-08 13:39:56,760 WARNING:biomolecule.py:157:num_missing_heavy:Missing atom CG in residue GLU A 319
2022-11-08 13:39:56,760 WARNING:biomolecule.py:157:num_missing_heavy:Missing atom CD in residue GLU A 319
2022-11-08 13:39:56,760 WARNING:biomolecule.py:157:num_missing_heavy:Missing atom OE1 in residue GLU A 319
2022-11-08 13:39:56,760 WARNING:biomolecule.py:157:num_missing_heavy:Missing atom OE2 in residue GLU A 319
2022-11-08 13:39:56,761 WARNING:biomolecule.py:157:num_missing_heavy:Missing atom CG in residue GLN A 337
2022-11-08 13:39:56,761 WARNING:biomolecule.py:157:num_missing_heavy:Missing atom CD in residue GLN A 337
2022-11-08 13:39:56,761 WARNING:biomolecule.py:157:num_missing_heavy:Missing atom OE1 in residue GLN A 337
2022-11-08 13:39:56,761 WARNING:biomolecule.py:157:num_missing_heavy:Missing atom NE2 in residue GLN A 337
2022-11-08 13:39:56,761 WARNING:biomolecule.py:157:num_missing_heavy:Missing atom OXT in residue ALA A 355
2022-11-08 13:39:56,761 WARNING:biomolecule.py:157:num_missing_heavy:Missing atom CD in residue ARG B 18
2022-11-08 13:39:56,761 WARNING:biomolecule.py:157:num_missing_heavy:Missing atom NE in residue ARG B 18
2022-11-08 13:39:56,762 WARNING:biomolecule.py:157:num_missing_heavy:Missing atom CZ in residue ARG B 18
2022-11-08 13:39:56,762 WARNING:biomolecule.py:157:num_missing_heavy:Missing atom NH1 in residue ARG B 18
2022-11-08 13:39:56,762 WARNING:biomolecule.py:157:num_missing_heavy:Missing atom NH2 in residue ARG B 18
2022-11-08 13:39:56,762 WARNING:biomolecule.py:157:num_missing_heavy:Missing atom CG in residue ARG B 49
2022-11-08 13:39:56,762 WARNING:biomolecule.py:157:num_missing_heavy:Missing atom CD in residue ARG B 49
2022-11-08 13:39:56,762 WARNING:biomolecule.py:157:num_missing_heavy:Missing atom NE in residue ARG B 49
2022-11-08 13:39:56,762 WARNING:biomolecule.py:157:num_missing_heavy:Missing atom CZ in residue ARG B 49
2022-11-08 13:39:56,763 WARNING:biomolecule.py:157:num_missing_heavy:Missing atom NH1 in residue ARG B 49
2022-11-08 13:39:56,763 WARNING:biomolecule.py:157:num_missing_heavy:Missing atom NH2 in residue ARG B 49
2022-11-08 13:39:56,763 WARNING:biomolecule.py:157:num_missing_heavy:Missing atom NE in residue ARG B 70
2022-11-08 13:39:56,763 WARNING:biomolecule.py:157:num_missing_heavy:Missing atom CZ in residue ARG B 70
2022-11-08 13:39:56,763 WARNING:biomolecule.py:157:num_missing_heavy:Missing atom NH1 in residue ARG B 70
2022-11-08 13:39:56,763 WARNING:biomolecule.py:157:num_missing_heavy:Missing atom NH2 in residue ARG B 70
2022-11-08 13:39:56,763 WARNING:biomolecule.py:157:num_missing_heavy:Missing atom CG in residue GLU B 79
2022-11-08 13:39:56,764 WARNING:biomolecule.py:157:num_missing_heavy:Missing atom CD in residue GLU B 79
2022-11-08 13:39:56,764 WARNING:biomolecule.py:157:num_missing_heavy:Missing atom OE1 in residue GLU B 79
2022-11-08 13:39:56,764 WARNING:biomolecule.py:157:num_missing_heavy:Missing atom OE2 in residue GLU B 79
2022-11-08 13:39:56,764 WARNING:biomolecule.py:157:num_missing_heavy:Missing atom CG in residue GLU B 85
2022-11-08 13:39:56,764 WARNING:biomolecule.py:157:num_missing_heavy:Missing atom CD in residue GLU B 85
2022-11-08 13:39:56,764 WARNING:biomolecule.py:157:num_missing_heavy:Missing atom OE1 in residue GLU B 85
2022-11-08 13:39:56,764 WARNING:biomolecule.py:157:num_missing_heavy:Missing atom OE2 in residue GLU B 85
2022-11-08 13:39:56,764 WARNING:biomolecule.py:157:num_missing_heavy:Missing atom CG in residue GLU B 90
2022-11-08 13:39:56,765 WARNING:biomolecule.py:157:num_missing_heavy:Missing atom CD in residue GLU B 90
2022-11-08 13:39:56,765 WARNING:biomolecule.py:157:num_missing_heavy:Missing atom OE1 in residue GLU B 90
2022-11-08 13:39:56,765 WARNING:biomolecule.py:157:num_missing_heavy:Missing atom OE2 in residue GLU B 90
2022-11-08 13:39:56,765 WARNING:biomolecule.py:157:num_missing_heavy:Missing atom CG in residue ARG B 131
2022-11-08 13:39:56,765 WARNING:biomolecule.py:157:num_missing_heavy:Missing atom CD in residue ARG B 131
2022-11-08 13:39:56,765 WARNING:biomolecule.py:157:num_missing_heavy:Missing atom NE in residue ARG B 131
2022-11-08 13:39:56,765 WARNING:biomolecule.py:157:num_missing_heavy:Missing atom CZ in residue ARG B 131
2022-11-08 13:39:56,766 WARNING:biomolecule.py:157:num_missing_heavy:Missing atom NH1 in residue ARG B 131
2022-11-08 13:39:56,766 WARNING:biomolecule.py:157:num_missing_heavy:Missing atom NH2 in residue ARG B 131
2022-11-08 13:39:56,766 WARNING:biomolecule.py:157:num_missing_heavy:Missing atom CG in residue ASP B 163
2022-11-08 13:39:56,766 WARNING:biomolecule.py:157:num_missing_heavy:Missing atom OD1 in residue ASP B 163
2022-11-08 13:39:56,766 WARNING:biomolecule.py:157:num_missing_heavy:Missing atom OD2 in residue ASP B 163
2022-11-08 13:39:56,766 WARNING:biomolecule.py:157:num_missing_heavy:Missing atom CG in residue ASN B 179
2022-11-08 13:39:56,767 WARNING:biomolecule.py:157:num_missing_heavy:Missing atom OD1 in residue ASN B 179
2022-11-08 13:39:56,767 WARNING:biomolecule.py:157:num_missing_heavy:Missing atom ND2 in residue ASN B 179
2022-11-08 13:39:56,767 WARNING:biomolecule.py:157:num_missing_heavy:Missing atom CG in residue ARG B 181
2022-11-08 13:39:56,767 WARNING:biomolecule.py:157:num_missing_heavy:Missing atom CD in residue ARG B 181
2022-11-08 13:39:56,767 WARNING:biomolecule.py:157:num_missing_heavy:Missing atom NE in residue ARG B 181
2022-11-08 13:39:56,767 WARNING:biomolecule.py:157:num_missing_heavy:Missing atom CZ in residue ARG B 181
2022-11-08 13:39:56,767 WARNING:biomolecule.py:157:num_missing_heavy:Missing atom NH1 in residue ARG B 181
2022-11-08 13:39:56,767 WARNING:biomolecule.py:157:num_missing_heavy:Missing atom NH2 in residue ARG B 181
2022-11-08 13:39:56,768 WARNING:biomolecule.py:157:num_missing_heavy:Missing atom CG in residue ARG B 199
2022-11-08 13:39:56,768 WARNING:biomolecule.py:157:num_missing_heavy:Missing atom CD in residue ARG B 199
2022-11-08 13:39:56,768 WARNING:biomolecule.py:157:num_missing_heavy:Missing atom NE in residue ARG B 199
2022-11-08 13:39:56,768 WARNING:biomolecule.py:157:num_missing_heavy:Missing atom CZ in residue ARG B 199
2022-11-08 13:39:56,768 WARNING:biomolecule.py:157:num_missing_heavy:Missing atom NH1 in residue ARG B 199
2022-11-08 13:39:56,768 WARNING:biomolecule.py:157:num_missing_heavy:Missing atom NH2 in residue ARG B 199
2022-11-08 13:39:56,768 WARNING:biomolecule.py:157:num_missing_heavy:Missing atom CG in residue ASP B 229
2022-11-08 13:39:56,769 WARNING:biomolecule.py:157:num_missing_heavy:Missing atom OD1 in residue ASP B 229
2022-11-08 13:39:56,769 WARNING:biomolecule.py:157:num_missing_heavy:Missing atom OD2 in residue ASP B 229
2022-11-08 13:39:56,769 WARNING:biomolecule.py:157:num_missing_heavy:Missing atom CD in residue GLU B 287
2022-11-08 13:39:56,769 WARNING:biomolecule.py:157:num_missing_heavy:Missing atom OE1 in residue GLU B 287
2022-11-08 13:39:56,769 WARNING:biomolecule.py:157:num_missing_heavy:Missing atom OE2 in residue GLU B 287
2022-11-08 13:39:56,770 WARNING:biomolecule.py:157:num_missing_heavy:Missing atom CD in residue ARG B 294
2022-11-08 13:39:56,770 WARNING:biomolecule.py:157:num_missing_heavy:Missing atom NE in residue ARG B 294
2022-11-08 13:39:56,770 WARNING:biomolecule.py:157:num_missing_heavy:Missing atom CZ in residue ARG B 294
2022-11-08 13:39:56,770 WARNING:biomolecule.py:157:num_missing_heavy:Missing atom NH1 in residue ARG B 294
2022-11-08 13:39:56,770 WARNING:biomolecule.py:157:num_missing_heavy:Missing atom NH2 in residue ARG B 294
2022-11-08 13:39:56,770 WARNING:biomolecule.py:157:num_missing_heavy:Missing atom CG in residue ARG B 318
2022-11-08 13:39:56,770 WARNING:biomolecule.py:157:num_missing_heavy:Missing atom CD in residue ARG B 318
2022-11-08 13:39:56,771 WARNING:biomolecule.py:157:num_missing_heavy:Missing atom NE in residue ARG B 318
2022-11-08 13:39:56,771 WARNING:biomolecule.py:157:num_missing_heavy:Missing atom CZ in residue ARG B 318
2022-11-08 13:39:56,771 WARNING:biomolecule.py:157:num_missing_heavy:Missing atom NH1 in residue ARG B 318
2022-11-08 13:39:56,771 WARNING:biomolecule.py:157:num_missing_heavy:Missing atom NH2 in residue ARG B 318
2022-11-08 13:39:56,771 WARNING:biomolecule.py:157:num_missing_heavy:Missing atom CG in residue GLU B 319
2022-11-08 13:39:56,771 WARNING:biomolecule.py:157:num_missing_heavy:Missing atom CD in residue GLU B 319
2022-11-08 13:39:56,771 WARNING:biomolecule.py:157:num_missing_heavy:Missing atom OE1 in residue GLU B 319
2022-11-08 13:39:56,771 WARNING:biomolecule.py:157:num_missing_heavy:Missing atom OE2 in residue GLU B 319
2022-11-08 13:39:56,771 WARNING:biomolecule.py:157:num_missing_heavy:Missing atom CG in residue LYS B 320
2022-11-08 13:39:56,772 WARNING:biomolecule.py:157:num_missing_heavy:Missing atom CD in residue LYS B 320
2022-11-08 13:39:56,772 WARNING:biomolecule.py:157:num_missing_heavy:Missing atom CE in residue LYS B 320
2022-11-08 13:39:56,772 WARNING:biomolecule.py:157:num_missing_heavy:Missing atom NZ in residue LYS B 320
2022-11-08 13:39:56,772 WARNING:biomolecule.py:157:num_missing_heavy:Missing atom CG in residue GLU B 334
2022-11-08 13:39:56,772 WARNING:biomolecule.py:157:num_missing_heavy:Missing atom CD in residue GLU B 334
2022-11-08 13:39:56,772 WARNING:biomolecule.py:157:num_missing_heavy:Missing atom OE1 in residue GLU B 334
2022-11-08 13:39:56,772 WARNING:biomolecule.py:157:num_missing_heavy:Missing atom OE2 in residue GLU B 334
2022-11-08 13:39:56,773 WARNING:biomolecule.py:157:num_missing_heavy:Missing atom CG in residue ARG B 336
2022-11-08 13:39:56,773 WARNING:biomolecule.py:157:num_missing_heavy:Missing atom CD in residue ARG B 336
2022-11-08 13:39:56,773 WARNING:biomolecule.py:157:num_missing_heavy:Missing atom NE in residue ARG B 336
2022-11-08 13:39:56,773 WARNING:biomolecule.py:157:num_missing_heavy:Missing atom CZ in residue ARG B 336
2022-11-08 13:39:56,773 WARNING:biomolecule.py:157:num_missing_heavy:Missing atom NH1 in residue ARG B 336
2022-11-08 13:39:56,773 WARNING:biomolecule.py:157:num_missing_heavy:Missing atom NH2 in residue ARG B 336
2022-11-08 13:39:56,773 WARNING:biomolecule.py:157:num_missing_heavy:Missing atom CG in residue GLN B 337
2022-11-08 13:39:56,773 WARNING:biomolecule.py:157:num_missing_heavy:Missing atom CD in residue GLN B 337
2022-11-08 13:39:56,773 WARNING:biomolecule.py:157:num_missing_heavy:Missing atom OE1 in residue GLN B 337
2022-11-08 13:39:56,774 WARNING:biomolecule.py:157:num_missing_heavy:Missing atom NE2 in residue GLN B 337
2022-11-08 13:39:56,774 WARNING:biomolecule.py:157:num_missing_heavy:Missing atom OXT in residue ALA B 355
2022-11-08 13:39:56,774 WARNING:biomolecule.py:157:num_missing_heavy:Missing atom CG in residue ARG A 18
2022-11-08 13:39:56,774 WARNING:biomolecule.py:157:num_missing_heavy:Missing atom CD in residue ARG A 18
2022-11-08 13:39:56,774 WARNING:biomolecule.py:157:num_missing_heavy:Missing atom NE in residue ARG A 18
2022-11-08 13:39:56,774 WARNING:biomolecule.py:157:num_missing_heavy:Missing atom CZ in residue ARG A 18
2022-11-08 13:39:56,774 WARNING:biomolecule.py:157:num_missing_heavy:Missing atom NH1 in residue ARG A 18
2022-11-08 13:39:56,775 WARNING:biomolecule.py:157:num_missing_heavy:Missing atom NH2 in residue ARG A 18
2022-11-08 13:39:56,775 WARNING:biomolecule.py:157:num_missing_heavy:Missing atom CG in residue ARG A 49
2022-11-08 13:39:56,775 WARNING:biomolecule.py:157:num_missing_heavy:Missing atom CD in residue ARG A 49
2022-11-08 13:39:56,775 WARNING:biomolecule.py:157:num_missing_heavy:Missing atom NE in residue ARG A 49
2022-11-08 13:39:56,775 WARNING:biomolecule.py:157:num_missing_heavy:Missing atom CZ in residue ARG A 49
2022-11-08 13:39:56,775 WARNING:biomolecule.py:157:num_missing_heavy:Missing atom NH1 in residue ARG A 49
2022-11-08 13:39:56,775 WARNING:biomolecule.py:157:num_missing_heavy:Missing atom NH2 in residue ARG A 49
2022-11-08 13:39:56,776 WARNING:biomolecule.py:157:num_missing_heavy:Missing atom CE in residue LYS A 52
2022-11-08 13:39:56,776 WARNING:biomolecule.py:157:num_missing_heavy:Missing atom NZ in residue LYS A 52
2022-11-08 13:39:56,776 WARNING:biomolecule.py:157:num_missing_heavy:Missing atom CG in residue GLU A 79
2022-11-08 13:39:56,776 WARNING:biomolecule.py:157:num_missing_heavy:Missing atom CD in residue GLU A 79
2022-11-08 13:39:56,776 WARNING:biomolecule.py:157:num_missing_heavy:Missing atom OE1 in residue GLU A 79
2022-11-08 13:39:56,776 WARNING:biomolecule.py:157:num_missing_heavy:Missing atom OE2 in residue GLU A 79
2022-11-08 13:39:56,776 WARNING:biomolecule.py:157:num_missing_heavy:Missing atom CG in residue GLU A 85
2022-11-08 13:39:56,777 WARNING:biomolecule.py:157:num_missing_heavy:Missing atom CD in residue GLU A 85
2022-11-08 13:39:56,777 WARNING:biomolecule.py:157:num_missing_heavy:Missing atom OE1 in residue GLU A 85
2022-11-08 13:39:56,777 WARNING:biomolecule.py:157:num_missing_heavy:Missing atom OE2 in residue GLU A 85
2022-11-08 13:39:56,777 WARNING:biomolecule.py:157:num_missing_heavy:Missing atom CD in residue GLU A 90
2022-11-08 13:39:56,777 WARNING:biomolecule.py:157:num_missing_heavy:Missing atom OE1 in residue GLU A 90
2022-11-08 13:39:56,777 WARNING:biomolecule.py:157:num_missing_heavy:Missing atom OE2 in residue GLU A 90
2022-11-08 13:39:56,777 WARNING:biomolecule.py:157:num_missing_heavy:Missing atom CG in residue ASP A 98
2022-11-08 13:39:56,777 WARNING:biomolecule.py:157:num_missing_heavy:Missing atom OD1 in residue ASP A 98
2022-11-08 13:39:56,778 WARNING:biomolecule.py:157:num_missing_heavy:Missing atom OD2 in residue ASP A 98
2022-11-08 13:39:56,778 WARNING:biomolecule.py:157:num_missing_heavy:Missing atom CD in residue GLU A 144
2022-11-08 13:39:56,778 WARNING:biomolecule.py:157:num_missing_heavy:Missing atom OE1 in residue GLU A 144
2022-11-08 13:39:56,778 WARNING:biomolecule.py:157:num_missing_heavy:Missing atom OE2 in residue GLU A 144
2022-11-08 13:39:56,778 WARNING:biomolecule.py:157:num_missing_heavy:Missing atom CG in residue ASP A 165
2022-11-08 13:39:56,779 WARNING:biomolecule.py:157:num_missing_heavy:Missing atom OD1 in residue ASP A 165
2022-11-08 13:39:56,779 WARNING:biomolecule.py:157:num_missing_heavy:Missing atom OD2 in residue ASP A 165
2022-11-08 13:39:56,779 WARNING:biomolecule.py:157:num_missing_heavy:Missing atom CG in residue ASN A 179
2022-11-08 13:39:56,779 WARNING:biomolecule.py:157:num_missing_heavy:Missing atom OD1 in residue ASN A 179
2022-11-08 13:39:56,779 WARNING:biomolecule.py:157:num_missing_heavy:Missing atom ND2 in residue ASN A 179
2022-11-08 13:39:56,779 WARNING:biomolecule.py:157:num_missing_heavy:Missing atom CG in residue ARG A 181
2022-11-08 13:39:56,779 WARNING:biomolecule.py:157:num_missing_heavy:Missing atom CD in residue ARG A 181
2022-11-08 13:39:56,780 WARNING:biomolecule.py:157:num_missing_heavy:Missing atom NE in residue ARG A 181
2022-11-08 13:39:56,780 WARNING:biomolecule.py:157:num_missing_heavy:Missing atom CZ in residue ARG A 181
2022-11-08 13:39:56,780 WARNING:biomolecule.py:157:num_missing_heavy:Missing atom NH1 in residue ARG A 181
2022-11-08 13:39:56,780 WARNING:biomolecule.py:157:num_missing_heavy:Missing atom NH2 in residue ARG A 181
2022-11-08 13:39:56,780 WARNING:biomolecule.py:157:num_missing_heavy:Missing atom CG in residue ASP A 229
2022-11-08 13:39:56,780 WARNING:biomolecule.py:157:num_missing_heavy:Missing atom OD1 in residue ASP A 229
2022-11-08 13:39:56,781 WARNING:biomolecule.py:157:num_missing_heavy:Missing atom OD2 in residue ASP A 229
2022-11-08 13:39:56,781 WARNING:biomolecule.py:157:num_missing_heavy:Missing atom OG in residue SER A 296
2022-11-08 13:39:56,781 WARNING:biomolecule.py:157:num_missing_heavy:Missing atom CG in residue ASP A 297
2022-11-08 13:39:56,781 WARNING:biomolecule.py:157:num_missing_heavy:Missing atom OD1 in residue ASP A 297
2022-11-08 13:39:56,781 WARNING:biomolecule.py:157:num_missing_heavy:Missing atom OD2 in residue ASP A 297
2022-11-08 13:39:56,781 WARNING:biomolecule.py:157:num_missing_heavy:Missing atom CG in residue PHE A 300
2022-11-08 13:39:56,782 WARNING:biomolecule.py:157:num_missing_heavy:Missing atom CD1 in residue PHE A 300
2022-11-08 13:39:56,782 WARNING:biomolecule.py:157:num_missing_heavy:Missing atom CD2 in residue PHE A 300
2022-11-08 13:39:56,782 WARNING:biomolecule.py:157:num_missing_heavy:Missing atom CE1 in residue PHE A 300
2022-11-08 13:39:56,782 WARNING:biomolecule.py:157:num_missing_heavy:Missing atom CE2 in residue PHE A 300
2022-11-08 13:39:56,782 WARNING:biomolecule.py:157:num_missing_heavy:Missing atom CZ in residue PHE A 300
2022-11-08 13:39:56,782 WARNING:biomolecule.py:157:num_missing_heavy:Missing atom CG in residue ARG A 318
2022-11-08 13:39:56,782 WARNING:biomolecule.py:157:num_missing_heavy:Missing atom CD in residue ARG A 318
2022-11-08 13:39:56,783 WARNING:biomolecule.py:157:num_missing_heavy:Missing atom NE in residue ARG A 318
2022-11-08 13:39:56,783 WARNING:biomolecule.py:157:num_missing_heavy:Missing atom CZ in residue ARG A 318
2022-11-08 13:39:56,783 WARNING:biomolecule.py:157:num_missing_heavy:Missing atom NH1 in residue ARG A 318
2022-11-08 13:39:56,783 WARNING:biomolecule.py:157:num_missing_heavy:Missing atom NH2 in residue ARG A 318
2022-11-08 13:39:56,783 WARNING:biomolecule.py:157:num_missing_heavy:Missing atom CG in residue GLU A 319
2022-11-08 13:39:56,783 WARNING:biomolecule.py:157:num_missing_heavy:Missing atom CD in residue GLU A 319
2022-11-08 13:39:56,783 WARNING:biomolecule.py:157:num_missing_heavy:Missing atom OE1 in residue GLU A 319
2022-11-08 13:39:56,783 WARNING:biomolecule.py:157:num_missing_heavy:Missing atom OE2 in residue GLU A 319
2022-11-08 13:39:56,784 WARNING:biomolecule.py:157:num_missing_heavy:Missing atom CG in residue GLN A 337
2022-11-08 13:39:56,784 WARNING:biomolecule.py:157:num_missing_heavy:Missing atom CD in residue GLN A 337
2022-11-08 13:39:56,784 WARNING:biomolecule.py:157:num_missing_heavy:Missing atom OE1 in residue GLN A 337
2022-11-08 13:39:56,784 WARNING:biomolecule.py:157:num_missing_heavy:Missing atom NE2 in residue GLN A 337
2022-11-08 13:39:56,784 WARNING:biomolecule.py:157:num_missing_heavy:Missing atom OXT in residue ALA A 355
2022-11-08 13:39:56,784 WARNING:biomolecule.py:157:num_missing_heavy:Missing atom CD in residue ARG B 18
2022-11-08 13:39:56,784 WARNING:biomolecule.py:157:num_missing_heavy:Missing atom NE in residue ARG B 18
2022-11-08 13:39:56,784 WARNING:biomolecule.py:157:num_missing_heavy:Missing atom CZ in residue ARG B 18
2022-11-08 13:39:56,785 WARNING:biomolecule.py:157:num_missing_heavy:Missing atom NH1 in residue ARG B 18
2022-11-08 13:39:56,785 WARNING:biomolecule.py:157:num_missing_heavy:Missing atom NH2 in residue ARG B 18
2022-11-08 13:39:56,785 WARNING:biomolecule.py:157:num_missing_heavy:Missing atom CG in residue ARG B 49
2022-11-08 13:39:56,785 WARNING:biomolecule.py:157:num_missing_heavy:Missing atom CD in residue ARG B 49
2022-11-08 13:39:56,785 WARNING:biomolecule.py:157:num_missing_heavy:Missing atom NE in residue ARG B 49
2022-11-08 13:39:56,785 WARNING:biomolecule.py:157:num_missing_heavy:Missing atom CZ in residue ARG B 49
2022-11-08 13:39:56,785 WARNING:biomolecule.py:157:num_missing_heavy:Missing atom NH1 in residue ARG B 49
2022-11-08 13:39:56,786 WARNING:biomolecule.py:157:num_missing_heavy:Missing atom NH2 in residue ARG B 49
2022-11-08 13:39:56,786 WARNING:biomolecule.py:157:num_missing_heavy:Missing atom NE in residue ARG B 70
2022-11-08 13:39:56,786 WARNING:biomolecule.py:157:num_missing_heavy:Missing atom CZ in residue ARG B 70
2022-11-08 13:39:56,786 WARNING:biomolecule.py:157:num_missing_heavy:Missing atom NH1 in residue ARG B 70
2022-11-08 13:39:56,786 WARNING:biomolecule.py:157:num_missing_heavy:Missing atom NH2 in residue ARG B 70
2022-11-08 13:39:56,786 WARNING:biomolecule.py:157:num_missing_heavy:Missing atom CG in residue GLU B 79
2022-11-08 13:39:56,786 WARNING:biomolecule.py:157:num_missing_heavy:Missing atom CD in residue GLU B 79
2022-11-08 13:39:56,787 WARNING:biomolecule.py:157:num_missing_heavy:Missing atom OE1 in residue GLU B 79
2022-11-08 13:39:56,787 WARNING:biomolecule.py:157:num_missing_heavy:Missing atom OE2 in residue GLU B 79
2022-11-08 13:39:56,787 WARNING:biomolecule.py:157:num_missing_heavy:Missing atom CG in residue GLU B 85
2022-11-08 13:39:56,787 WARNING:biomolecule.py:157:num_missing_heavy:Missing atom CD in residue GLU B 85
2022-11-08 13:39:56,787 WARNING:biomolecule.py:157:num_missing_heavy:Missing atom OE1 in residue GLU B 85
2022-11-08 13:39:56,787 WARNING:biomolecule.py:157:num_missing_heavy:Missing atom OE2 in residue GLU B 85
2022-11-08 13:39:56,787 WARNING:biomolecule.py:157:num_missing_heavy:Missing atom CG in residue GLU B 90
2022-11-08 13:39:56,787 WARNING:biomolecule.py:157:num_missing_heavy:Missing atom CD in residue GLU B 90
2022-11-08 13:39:56,788 WARNING:biomolecule.py:157:num_missing_heavy:Missing atom OE1 in residue GLU B 90
2022-11-08 13:39:56,788 WARNING:biomolecule.py:157:num_missing_heavy:Missing atom OE2 in residue GLU B 90
2022-11-08 13:39:56,788 WARNING:biomolecule.py:157:num_missing_heavy:Missing atom CG in residue ARG B 131
2022-11-08 13:39:56,788 WARNING:biomolecule.py:157:num_missing_heavy:Missing atom CD in residue ARG B 131
2022-11-08 13:39:56,788 WARNING:biomolecule.py:157:num_missing_heavy:Missing atom NE in residue ARG B 131
2022-11-08 13:39:56,788 WARNING:biomolecule.py:157:num_missing_heavy:Missing atom CZ in residue ARG B 131
2022-11-08 13:39:56,788 WARNING:biomolecule.py:157:num_missing_heavy:Missing atom NH1 in residue ARG B 131
2022-11-08 13:39:56,789 WARNING:biomolecule.py:157:num_missing_heavy:Missing atom NH2 in residue ARG B 131
2022-11-08 13:39:56,789 WARNING:biomolecule.py:157:num_missing_heavy:Missing atom CG in residue ASP B 163
2022-11-08 13:39:56,789 WARNING:biomolecule.py:157:num_missing_heavy:Missing atom OD1 in residue ASP B 163
2022-11-08 13:39:56,789 WARNING:biomolecule.py:157:num_missing_heavy:Missing atom OD2 in residue ASP B 163
2022-11-08 13:39:56,789 WARNING:biomolecule.py:157:num_missing_heavy:Missing atom CG in residue ASN B 179
2022-11-08 13:39:56,789 WARNING:biomolecule.py:157:num_missing_heavy:Missing atom OD1 in residue ASN B 179
2022-11-08 13:39:56,790 WARNING:biomolecule.py:157:num_missing_heavy:Missing atom ND2 in residue ASN B 179
2022-11-08 13:39:56,790 WARNING:biomolecule.py:157:num_missing_heavy:Missing atom CG in residue ARG B 181
2022-11-08 13:39:56,790 WARNING:biomolecule.py:157:num_missing_heavy:Missing atom CD in residue ARG B 181
2022-11-08 13:39:56,790 WARNING:biomolecule.py:157:num_missing_heavy:Missing atom NE in residue ARG B 181
2022-11-08 13:39:56,790 WARNING:biomolecule.py:157:num_missing_heavy:Missing atom CZ in residue ARG B 181
2022-11-08 13:39:56,790 WARNING:biomolecule.py:157:num_missing_heavy:Missing atom NH1 in residue ARG B 181
2022-11-08 13:39:56,790 WARNING:biomolecule.py:157:num_missing_heavy:Missing atom NH2 in residue ARG B 181
2022-11-08 13:39:56,791 WARNING:biomolecule.py:157:num_missing_heavy:Missing atom CG in residue ARG B 199
2022-11-08 13:39:56,791 WARNING:biomolecule.py:157:num_missing_heavy:Missing atom CD in residue ARG B 199
2022-11-08 13:39:56,791 WARNING:biomolecule.py:157:num_missing_heavy:Missing atom NE in residue ARG B 199
2022-11-08 13:39:56,791 WARNING:biomolecule.py:157:num_missing_heavy:Missing atom CZ in residue ARG B 199
2022-11-08 13:39:56,791 WARNING:biomolecule.py:157:num_missing_heavy:Missing atom NH1 in residue ARG B 199
2022-11-08 13:39:56,791 WARNING:biomolecule.py:157:num_missing_heavy:Missing atom NH2 in residue ARG B 199
2022-11-08 13:39:56,791 WARNING:biomolecule.py:157:num_missing_heavy:Missing atom CG in residue ASP B 229
2022-11-08 13:39:56,791 WARNING:biomolecule.py:157:num_missing_heavy:Missing atom OD1 in residue ASP B 229
2022-11-08 13:39:56,792 WARNING:biomolecule.py:157:num_missing_heavy:Missing atom OD2 in residue ASP B 229
2022-11-08 13:39:56,792 WARNING:biomolecule.py:157:num_missing_heavy:Missing atom CD in residue GLU B 287
2022-11-08 13:39:56,792 WARNING:biomolecule.py:157:num_missing_heavy:Missing atom OE1 in residue GLU B 287
2022-11-08 13:39:56,792 WARNING:biomolecule.py:157:num_missing_heavy:Missing atom OE2 in residue GLU B 287
2022-11-08 13:39:56,792 WARNING:biomolecule.py:157:num_missing_heavy:Missing atom CD in residue ARG B 294
2022-11-08 13:39:56,793 WARNING:biomolecule.py:157:num_missing_heavy:Missing atom NE in residue ARG B 294
2022-11-08 13:39:56,793 WARNING:biomolecule.py:157:num_missing_heavy:Missing atom CZ in residue ARG B 294
2022-11-08 13:39:56,793 WARNING:biomolecule.py:157:num_missing_heavy:Missing atom NH1 in residue ARG B 294
2022-11-08 13:39:56,793 WARNING:biomolecule.py:157:num_missing_heavy:Missing atom NH2 in residue ARG B 294
2022-11-08 13:39:56,793 WARNING:biomolecule.py:157:num_missing_heavy:Missing atom CG in residue ARG B 318
2022-11-08 13:39:56,793 WARNING:biomolecule.py:157:num_missing_heavy:Missing atom CD in residue ARG B 318
2022-11-08 13:39:56,793 WARNING:biomolecule.py:157:num_missing_heavy:Missing atom NE in residue ARG B 318
2022-11-08 13:39:56,794 WARNING:biomolecule.py:157:num_missing_heavy:Missing atom CZ in residue ARG B 318
2022-11-08 13:39:56,794 WARNING:biomolecule.py:157:num_missing_heavy:Missing atom NH1 in residue ARG B 318
2022-11-08 13:39:56,794 WARNING:biomolecule.py:157:num_missing_heavy:Missing atom NH2 in residue ARG B 318
2022-11-08 13:39:56,794 WARNING:biomolecule.py:157:num_missing_heavy:Missing atom CG in residue GLU B 319
2022-11-08 13:39:56,794 WARNING:biomolecule.py:157:num_missing_heavy:Missing atom CD in residue GLU B 319
2022-11-08 13:39:56,794 WARNING:biomolecule.py:157:num_missing_heavy:Missing atom OE1 in residue GLU B 319
2022-11-08 13:39:56,794 WARNING:biomolecule.py:157:num_missing_heavy:Missing atom OE2 in residue GLU B 319
2022-11-08 13:39:56,794 WARNING:biomolecule.py:157:num_missing_heavy:Missing atom CG in residue LYS B 320
2022-11-08 13:39:56,795 WARNING:biomolecule.py:157:num_missing_heavy:Missing atom CD in residue LYS B 320
2022-11-08 13:39:56,795 WARNING:biomolecule.py:157:num_missing_heavy:Missing atom CE in residue LYS B 320
2022-11-08 13:39:56,795 WARNING:biomolecule.py:157:num_missing_heavy:Missing atom NZ in residue LYS B 320
2022-11-08 13:39:56,795 WARNING:biomolecule.py:157:num_missing_heavy:Missing atom CG in residue GLU B 334
2022-11-08 13:39:56,795 WARNING:biomolecule.py:157:num_missing_heavy:Missing atom CD in residue GLU B 334
2022-11-08 13:39:56,795 WARNING:biomolecule.py:157:num_missing_heavy:Missing atom OE1 in residue GLU B 334
2022-11-08 13:39:56,795 WARNING:biomolecule.py:157:num_missing_heavy:Missing atom OE2 in residue GLU B 334
2022-11-08 13:39:56,795 WARNING:biomolecule.py:157:num_missing_heavy:Missing atom CG in residue ARG B 336
2022-11-08 13:39:56,796 WARNING:biomolecule.py:157:num_missing_heavy:Missing atom CD in residue ARG B 336
2022-11-08 13:39:56,796 WARNING:biomolecule.py:157:num_missing_heavy:Missing atom NE in residue ARG B 336
2022-11-08 13:39:56,796 WARNING:biomolecule.py:157:num_missing_heavy:Missing atom CZ in residue ARG B 336
2022-11-08 13:39:56,796 WARNING:biomolecule.py:157:num_missing_heavy:Missing atom NH1 in residue ARG B 336
2022-11-08 13:39:56,796 WARNING:biomolecule.py:157:num_missing_heavy:Missing atom NH2 in residue ARG B 336
2022-11-08 13:39:56,796 WARNING:biomolecule.py:157:num_missing_heavy:Missing atom CG in residue GLN B 337
2022-11-08 13:39:56,796 WARNING:biomolecule.py:157:num_missing_heavy:Missing atom CD in residue GLN B 337
2022-11-08 13:39:56,796 WARNING:biomolecule.py:157:num_missing_heavy:Missing atom OE1 in residue GLN B 337
2022-11-08 13:39:56,797 WARNING:biomolecule.py:157:num_missing_heavy:Missing atom NE2 in residue GLN B 337
2022-11-08 13:39:56,797 WARNING:biomolecule.py:157:num_missing_heavy:Missing atom OXT in residue ALA B 355
2022-11-08 13:40:00,942 WARNING:debump.py:172:debump_biomolecule:WARNING: Unable to debump TYR B 175
2022-11-08 13:40:04,698 WARNING:main.py:311:print_pqr:Ignoring 6628 header lines in output.
2022-11-08 13:40:04,698 WARNING:main.py:315:print_pqr:Ignoring 174 missing lines in output.
