2022-11-08 13:29:01,334 WARNING:biomolecule.py:966:create_residue:Unable to find amino or nucleic acid definition for MSE.  Parsing as new residue.
2022-11-08 13:29:01,338 WARNING:biomolecule.py:966:create_residue:Unable to find amino or nucleic acid definition for MSE.  Parsing as new residue.
2022-11-08 13:29:01,341 WARNING:biomolecule.py:966:create_residue:Unable to find amino or nucleic acid definition for MSE.  Parsing as new residue.
2022-11-08 13:29:01,343 WARNING:biomolecule.py:966:create_residue:Unable to find amino or nucleic acid definition for MSE.  Parsing as new residue.
2022-11-08 13:29:01,348 WARNING:biomolecule.py:966:create_residue:Unable to find amino or nucleic acid definition for MSE.  Parsing as new residue.
2022-11-08 13:29:01,349 WARNING:biomolecule.py:966:create_residue:Unable to find amino or nucleic acid definition for MSE.  Parsing as new residue.
2022-11-08 13:29:01,356 WARNING:biomolecule.py:966:create_residue:Unable to find amino or nucleic acid definition for ZN.  Parsing as new residue.
2022-11-08 13:29:01,356 WARNING:biomolecule.py:966:create_residue:Unable to find amino or nucleic acid definition for SAM.  Parsing as new residue.
2022-11-08 13:29:01,357 WARNING:main.py:418:setup_molecule:Multiple occupancies found: CA in ASN A 201.
2022-11-08 13:29:01,357 WARNING:main.py:418:setup_molecule:Multiple occupancies found: CB in ASN A 201.
2022-11-08 13:29:01,357 WARNING:main.py:418:setup_molecule:Multiple occupancies found: CG in ASN A 201.
2022-11-08 13:29:01,357 WARNING:main.py:418:setup_molecule:Multiple occupancies found: ND2 in ASN A 201.
2022-11-08 13:29:01,358 WARNING:main.py:418:setup_molecule:Multiple occupancies found: OD1 in ASN A 201.
2022-11-08 13:29:01,358 WARNING:main.py:424:setup_molecule:Multiple occupancies found in ASN A 201. At least one of the instances is being ignored.
2022-11-08 13:29:01,358 WARNING:main.py:418:setup_molecule:Multiple occupancies found: CA in SER A 251.
2022-11-08 13:29:01,358 WARNING:main.py:418:setup_molecule:Multiple occupancies found: CB in SER A 251.
2022-11-08 13:29:01,358 WARNING:main.py:418:setup_molecule:Multiple occupancies found: OG in SER A 251.
2022-11-08 13:29:01,358 WARNING:main.py:424:setup_molecule:Multiple occupancies found in SER A 251. At least one of the instances is being ignored.
2022-11-08 13:29:01,366 WARNING:biomolecule.py:600:update_bonds:Gap in backbone detected between THR A 102 and ARG A 133!
2022-11-08 13:29:01,398 WARNING:biomolecule.py:157:num_missing_heavy:Missing atom CG in residue ARG A 133
2022-11-08 13:29:01,398 WARNING:biomolecule.py:157:num_missing_heavy:Missing atom CD in residue ARG A 133
2022-11-08 13:29:01,398 WARNING:biomolecule.py:157:num_missing_heavy:Missing atom NE in residue ARG A 133
2022-11-08 13:29:01,398 WARNING:biomolecule.py:157:num_missing_heavy:Missing atom CZ in residue ARG A 133
2022-11-08 13:29:01,398 WARNING:biomolecule.py:157:num_missing_heavy:Missing atom NH1 in residue ARG A 133
2022-11-08 13:29:01,398 WARNING:biomolecule.py:157:num_missing_heavy:Missing atom NH2 in residue ARG A 133
2022-11-08 13:29:01,398 WARNING:biomolecule.py:157:num_missing_heavy:Missing atom CG in residue GLU A 135
2022-11-08 13:29:01,398 WARNING:biomolecule.py:157:num_missing_heavy:Missing atom CD in residue GLU A 135
2022-11-08 13:29:01,399 WARNING:biomolecule.py:157:num_missing_heavy:Missing atom OE1 in residue GLU A 135
2022-11-08 13:29:01,399 WARNING:biomolecule.py:157:num_missing_heavy:Missing atom OE2 in residue GLU A 135
2022-11-08 13:29:01,399 WARNING:biomolecule.py:157:num_missing_heavy:Missing atom CG in residue GLU A 139
2022-11-08 13:29:01,399 WARNING:biomolecule.py:157:num_missing_heavy:Missing atom CD in residue GLU A 139
2022-11-08 13:29:01,399 WARNING:biomolecule.py:157:num_missing_heavy:Missing atom OE1 in residue GLU A 139
2022-11-08 13:29:01,399 WARNING:biomolecule.py:157:num_missing_heavy:Missing atom OE2 in residue GLU A 139
2022-11-08 13:29:01,399 WARNING:biomolecule.py:157:num_missing_heavy:Missing atom CG in residue GLU A 142
2022-11-08 13:29:01,400 WARNING:biomolecule.py:157:num_missing_heavy:Missing atom CD in residue GLU A 142
2022-11-08 13:29:01,400 WARNING:biomolecule.py:157:num_missing_heavy:Missing atom OE1 in residue GLU A 142
2022-11-08 13:29:01,400 WARNING:biomolecule.py:157:num_missing_heavy:Missing atom OE2 in residue GLU A 142
2022-11-08 13:29:01,400 WARNING:biomolecule.py:157:num_missing_heavy:Missing atom CG in residue LYS A 146
2022-11-08 13:29:01,401 WARNING:biomolecule.py:157:num_missing_heavy:Missing atom CD in residue LYS A 146
2022-11-08 13:29:01,401 WARNING:biomolecule.py:157:num_missing_heavy:Missing atom CE in residue LYS A 146
2022-11-08 13:29:01,401 WARNING:biomolecule.py:157:num_missing_heavy:Missing atom NZ in residue LYS A 146
2022-11-08 13:29:01,401 WARNING:biomolecule.py:157:num_missing_heavy:Missing atom CG in residue GLU A 148
2022-11-08 13:29:01,401 WARNING:biomolecule.py:157:num_missing_heavy:Missing atom CD in residue GLU A 148
2022-11-08 13:29:01,401 WARNING:biomolecule.py:157:num_missing_heavy:Missing atom OE1 in residue GLU A 148
2022-11-08 13:29:01,401 WARNING:biomolecule.py:157:num_missing_heavy:Missing atom OE2 in residue GLU A 148
2022-11-08 13:29:01,401 WARNING:biomolecule.py:157:num_missing_heavy:Missing atom CG in residue LYS A 152
2022-11-08 13:29:01,402 WARNING:biomolecule.py:157:num_missing_heavy:Missing atom CD in residue LYS A 152
2022-11-08 13:29:01,402 WARNING:biomolecule.py:157:num_missing_heavy:Missing atom CE in residue LYS A 152
2022-11-08 13:29:01,402 WARNING:biomolecule.py:157:num_missing_heavy:Missing atom NZ in residue LYS A 152
2022-11-08 13:29:01,402 WARNING:biomolecule.py:157:num_missing_heavy:Missing atom CG in residue TRP A 162
2022-11-08 13:29:01,402 WARNING:biomolecule.py:157:num_missing_heavy:Missing atom CD1 in residue TRP A 162
2022-11-08 13:29:01,402 WARNING:biomolecule.py:157:num_missing_heavy:Missing atom CD2 in residue TRP A 162
2022-11-08 13:29:01,402 WARNING:biomolecule.py:157:num_missing_heavy:Missing atom NE1 in residue TRP A 162
2022-11-08 13:29:01,402 WARNING:biomolecule.py:157:num_missing_heavy:Missing atom CE2 in residue TRP A 162
2022-11-08 13:29:01,403 WARNING:biomolecule.py:157:num_missing_heavy:Missing atom CE3 in residue TRP A 162
2022-11-08 13:29:01,403 WARNING:biomolecule.py:157:num_missing_heavy:Missing atom CZ2 in residue TRP A 162
2022-11-08 13:29:01,403 WARNING:biomolecule.py:157:num_missing_heavy:Missing atom CZ3 in residue TRP A 162
2022-11-08 13:29:01,403 WARNING:biomolecule.py:157:num_missing_heavy:Missing atom CH2 in residue TRP A 162
2022-11-08 13:29:01,403 WARNING:biomolecule.py:157:num_missing_heavy:Missing atom CG in residue ARG A 164
2022-11-08 13:29:01,403 WARNING:biomolecule.py:157:num_missing_heavy:Missing atom CD in residue ARG A 164
2022-11-08 13:29:01,403 WARNING:biomolecule.py:157:num_missing_heavy:Missing atom NE in residue ARG A 164
2022-11-08 13:29:01,403 WARNING:biomolecule.py:157:num_missing_heavy:Missing atom CZ in residue ARG A 164
2022-11-08 13:29:01,404 WARNING:biomolecule.py:157:num_missing_heavy:Missing atom NH1 in residue ARG A 164
2022-11-08 13:29:01,404 WARNING:biomolecule.py:157:num_missing_heavy:Missing atom NH2 in residue ARG A 164
2022-11-08 13:29:01,404 WARNING:biomolecule.py:157:num_missing_heavy:Missing atom CG in residue HIS A 165
2022-11-08 13:29:01,404 WARNING:biomolecule.py:157:num_missing_heavy:Missing atom ND1 in residue HIS A 165
2022-11-08 13:29:01,404 WARNING:biomolecule.py:157:num_missing_heavy:Missing atom CD2 in residue HIS A 165
2022-11-08 13:29:01,404 WARNING:biomolecule.py:157:num_missing_heavy:Missing atom CE1 in residue HIS A 165
2022-11-08 13:29:01,404 WARNING:biomolecule.py:157:num_missing_heavy:Missing atom NE2 in residue HIS A 165
2022-11-08 13:29:01,404 WARNING:biomolecule.py:157:num_missing_heavy:Missing atom CG in residue LEU A 168
2022-11-08 13:29:01,405 WARNING:biomolecule.py:157:num_missing_heavy:Missing atom CD1 in residue LEU A 168
2022-11-08 13:29:01,405 WARNING:biomolecule.py:157:num_missing_heavy:Missing atom CD2 in residue LEU A 168
2022-11-08 13:29:01,405 WARNING:biomolecule.py:157:num_missing_heavy:Missing atom CG in residue ARG A 276
2022-11-08 13:29:01,406 WARNING:biomolecule.py:157:num_missing_heavy:Missing atom CD in residue ARG A 276
2022-11-08 13:29:01,406 WARNING:biomolecule.py:157:num_missing_heavy:Missing atom NE in residue ARG A 276
2022-11-08 13:29:01,406 WARNING:biomolecule.py:157:num_missing_heavy:Missing atom CZ in residue ARG A 276
2022-11-08 13:29:01,406 WARNING:biomolecule.py:157:num_missing_heavy:Missing atom NH1 in residue ARG A 276
2022-11-08 13:29:01,406 WARNING:biomolecule.py:157:num_missing_heavy:Missing atom NH2 in residue ARG A 276
2022-11-08 13:29:01,407 WARNING:biomolecule.py:157:num_missing_heavy:Missing atom OXT in residue SER A 334
2022-11-08 13:29:01,407 WARNING:biomolecule.py:157:num_missing_heavy:Missing atom CG in residue ARG A 133
2022-11-08 13:29:01,407 WARNING:biomolecule.py:157:num_missing_heavy:Missing atom CD in residue ARG A 133
2022-11-08 13:29:01,407 WARNING:biomolecule.py:157:num_missing_heavy:Missing atom NE in residue ARG A 133
2022-11-08 13:29:01,407 WARNING:biomolecule.py:157:num_missing_heavy:Missing atom CZ in residue ARG A 133
2022-11-08 13:29:01,407 WARNING:biomolecule.py:157:num_missing_heavy:Missing atom NH1 in residue ARG A 133
2022-11-08 13:29:01,407 WARNING:biomolecule.py:157:num_missing_heavy:Missing atom NH2 in residue ARG A 133
2022-11-08 13:29:01,408 WARNING:biomolecule.py:157:num_missing_heavy:Missing atom CG in residue GLU A 135
2022-11-08 13:29:01,408 WARNING:biomolecule.py:157:num_missing_heavy:Missing atom CD in residue GLU A 135
2022-11-08 13:29:01,408 WARNING:biomolecule.py:157:num_missing_heavy:Missing atom OE1 in residue GLU A 135
2022-11-08 13:29:01,408 WARNING:biomolecule.py:157:num_missing_heavy:Missing atom OE2 in residue GLU A 135
2022-11-08 13:29:01,408 WARNING:biomolecule.py:157:num_missing_heavy:Missing atom CG in residue GLU A 139
2022-11-08 13:29:01,408 WARNING:biomolecule.py:157:num_missing_heavy:Missing atom CD in residue GLU A 139
2022-11-08 13:29:01,408 WARNING:biomolecule.py:157:num_missing_heavy:Missing atom OE1 in residue GLU A 139
2022-11-08 13:29:01,408 WARNING:biomolecule.py:157:num_missing_heavy:Missing atom OE2 in residue GLU A 139
2022-11-08 13:29:01,409 WARNING:biomolecule.py:157:num_missing_heavy:Missing atom CG in residue GLU A 142
2022-11-08 13:29:01,409 WARNING:biomolecule.py:157:num_missing_heavy:Missing atom CD in residue GLU A 142
2022-11-08 13:29:01,409 WARNING:biomolecule.py:157:num_missing_heavy:Missing atom OE1 in residue GLU A 142
2022-11-08 13:29:01,409 WARNING:biomolecule.py:157:num_missing_heavy:Missing atom OE2 in residue GLU A 142
2022-11-08 13:29:01,409 WARNING:biomolecule.py:157:num_missing_heavy:Missing atom CG in residue LYS A 146
2022-11-08 13:29:01,409 WARNING:biomolecule.py:157:num_missing_heavy:Missing atom CD in residue LYS A 146
2022-11-08 13:29:01,409 WARNING:biomolecule.py:157:num_missing_heavy:Missing atom CE in residue LYS A 146
2022-11-08 13:29:01,410 WARNING:biomolecule.py:157:num_missing_heavy:Missing atom NZ in residue LYS A 146
2022-11-08 13:29:01,410 WARNING:biomolecule.py:157:num_missing_heavy:Missing atom CG in residue GLU A 148
2022-11-08 13:29:01,410 WARNING:biomolecule.py:157:num_missing_heavy:Missing atom CD in residue GLU A 148
2022-11-08 13:29:01,410 WARNING:biomolecule.py:157:num_missing_heavy:Missing atom OE1 in residue GLU A 148
2022-11-08 13:29:01,410 WARNING:biomolecule.py:157:num_missing_heavy:Missing atom OE2 in residue GLU A 148
2022-11-08 13:29:01,410 WARNING:biomolecule.py:157:num_missing_heavy:Missing atom CG in residue LYS A 152
2022-11-08 13:29:01,410 WARNING:biomolecule.py:157:num_missing_heavy:Missing atom CD in residue LYS A 152
2022-11-08 13:29:01,410 WARNING:biomolecule.py:157:num_missing_heavy:Missing atom CE in residue LYS A 152
2022-11-08 13:29:01,411 WARNING:biomolecule.py:157:num_missing_heavy:Missing atom NZ in residue LYS A 152
2022-11-08 13:29:01,411 WARNING:biomolecule.py:157:num_missing_heavy:Missing atom CG in residue TRP A 162
2022-11-08 13:29:01,411 WARNING:biomolecule.py:157:num_missing_heavy:Missing atom CD1 in residue TRP A 162
2022-11-08 13:29:01,411 WARNING:biomolecule.py:157:num_missing_heavy:Missing atom CD2 in residue TRP A 162
2022-11-08 13:29:01,411 WARNING:biomolecule.py:157:num_missing_heavy:Missing atom NE1 in residue TRP A 162
2022-11-08 13:29:01,411 WARNING:biomolecule.py:157:num_missing_heavy:Missing atom CE2 in residue TRP A 162
2022-11-08 13:29:01,411 WARNING:biomolecule.py:157:num_missing_heavy:Missing atom CE3 in residue TRP A 162
2022-11-08 13:29:01,411 WARNING:biomolecule.py:157:num_missing_heavy:Missing atom CZ2 in residue TRP A 162
2022-11-08 13:29:01,412 WARNING:biomolecule.py:157:num_missing_heavy:Missing atom CZ3 in residue TRP A 162
2022-11-08 13:29:01,412 WARNING:biomolecule.py:157:num_missing_heavy:Missing atom CH2 in residue TRP A 162
2022-11-08 13:29:01,412 WARNING:biomolecule.py:157:num_missing_heavy:Missing atom CG in residue ARG A 164
2022-11-08 13:29:01,412 WARNING:biomolecule.py:157:num_missing_heavy:Missing atom CD in residue ARG A 164
2022-11-08 13:29:01,412 WARNING:biomolecule.py:157:num_missing_heavy:Missing atom NE in residue ARG A 164
2022-11-08 13:29:01,412 WARNING:biomolecule.py:157:num_missing_heavy:Missing atom CZ in residue ARG A 164
2022-11-08 13:29:01,412 WARNING:biomolecule.py:157:num_missing_heavy:Missing atom NH1 in residue ARG A 164
2022-11-08 13:29:01,412 WARNING:biomolecule.py:157:num_missing_heavy:Missing atom NH2 in residue ARG A 164
2022-11-08 13:29:01,413 WARNING:biomolecule.py:157:num_missing_heavy:Missing atom CG in residue HIS A 165
2022-11-08 13:29:01,413 WARNING:biomolecule.py:157:num_missing_heavy:Missing atom ND1 in residue HIS A 165
2022-11-08 13:29:01,413 WARNING:biomolecule.py:157:num_missing_heavy:Missing atom CD2 in residue HIS A 165
2022-11-08 13:29:01,413 WARNING:biomolecule.py:157:num_missing_heavy:Missing atom CE1 in residue HIS A 165
2022-11-08 13:29:01,413 WARNING:biomolecule.py:157:num_missing_heavy:Missing atom NE2 in residue HIS A 165
2022-11-08 13:29:01,413 WARNING:biomolecule.py:157:num_missing_heavy:Missing atom CG in residue LEU A 168
2022-11-08 13:29:01,413 WARNING:biomolecule.py:157:num_missing_heavy:Missing atom CD1 in residue LEU A 168
2022-11-08 13:29:01,413 WARNING:biomolecule.py:157:num_missing_heavy:Missing atom CD2 in residue LEU A 168
2022-11-08 13:29:01,414 WARNING:biomolecule.py:157:num_missing_heavy:Missing atom CG in residue ARG A 276
2022-11-08 13:29:01,414 WARNING:biomolecule.py:157:num_missing_heavy:Missing atom CD in residue ARG A 276
2022-11-08 13:29:01,414 WARNING:biomolecule.py:157:num_missing_heavy:Missing atom NE in residue ARG A 276
2022-11-08 13:29:01,415 WARNING:biomolecule.py:157:num_missing_heavy:Missing atom CZ in residue ARG A 276
2022-11-08 13:29:01,415 WARNING:biomolecule.py:157:num_missing_heavy:Missing atom NH1 in residue ARG A 276
2022-11-08 13:29:01,415 WARNING:biomolecule.py:157:num_missing_heavy:Missing atom NH2 in residue ARG A 276
2022-11-08 13:29:01,415 WARNING:biomolecule.py:157:num_missing_heavy:Missing atom OXT in residue SER A 334
2022-11-08 13:29:01,416 WARNING:biomolecule.py:157:num_missing_heavy:Missing atom CG in residue ARG A 133
2022-11-08 13:29:01,416 WARNING:biomolecule.py:157:num_missing_heavy:Missing atom CD in residue ARG A 133
2022-11-08 13:29:01,416 WARNING:biomolecule.py:157:num_missing_heavy:Missing atom NE in residue ARG A 133
2022-11-08 13:29:01,416 WARNING:biomolecule.py:157:num_missing_heavy:Missing atom CZ in residue ARG A 133
2022-11-08 13:29:01,416 WARNING:biomolecule.py:157:num_missing_heavy:Missing atom NH1 in residue ARG A 133
2022-11-08 13:29:01,416 WARNING:biomolecule.py:157:num_missing_heavy:Missing atom NH2 in residue ARG A 133
2022-11-08 13:29:01,416 WARNING:biomolecule.py:157:num_missing_heavy:Missing atom CG in residue GLU A 135
2022-11-08 13:29:01,417 WARNING:biomolecule.py:157:num_missing_heavy:Missing atom CD in residue GLU A 135
2022-11-08 13:29:01,417 WARNING:biomolecule.py:157:num_missing_heavy:Missing atom OE1 in residue GLU A 135
2022-11-08 13:29:01,417 WARNING:biomolecule.py:157:num_missing_heavy:Missing atom OE2 in residue GLU A 135
2022-11-08 13:29:01,417 WARNING:biomolecule.py:157:num_missing_heavy:Missing atom CG in residue GLU A 139
2022-11-08 13:29:01,417 WARNING:biomolecule.py:157:num_missing_heavy:Missing atom CD in residue GLU A 139
2022-11-08 13:29:01,417 WARNING:biomolecule.py:157:num_missing_heavy:Missing atom OE1 in residue GLU A 139
2022-11-08 13:29:01,417 WARNING:biomolecule.py:157:num_missing_heavy:Missing atom OE2 in residue GLU A 139
2022-11-08 13:29:01,417 WARNING:biomolecule.py:157:num_missing_heavy:Missing atom CG in residue GLU A 142
2022-11-08 13:29:01,418 WARNING:biomolecule.py:157:num_missing_heavy:Missing atom CD in residue GLU A 142
2022-11-08 13:29:01,418 WARNING:biomolecule.py:157:num_missing_heavy:Missing atom OE1 in residue GLU A 142
2022-11-08 13:29:01,418 WARNING:biomolecule.py:157:num_missing_heavy:Missing atom OE2 in residue GLU A 142
2022-11-08 13:29:01,418 WARNING:biomolecule.py:157:num_missing_heavy:Missing atom CG in residue LYS A 146
2022-11-08 13:29:01,418 WARNING:biomolecule.py:157:num_missing_heavy:Missing atom CD in residue LYS A 146
2022-11-08 13:29:01,418 WARNING:biomolecule.py:157:num_missing_heavy:Missing atom CE in residue LYS A 146
2022-11-08 13:29:01,418 WARNING:biomolecule.py:157:num_missing_heavy:Missing atom NZ in residue LYS A 146
2022-11-08 13:29:01,418 WARNING:biomolecule.py:157:num_missing_heavy:Missing atom CG in residue GLU A 148
2022-11-08 13:29:01,419 WARNING:biomolecule.py:157:num_missing_heavy:Missing atom CD in residue GLU A 148
2022-11-08 13:29:01,419 WARNING:biomolecule.py:157:num_missing_heavy:Missing atom OE1 in residue GLU A 148
2022-11-08 13:29:01,419 WARNING:biomolecule.py:157:num_missing_heavy:Missing atom OE2 in residue GLU A 148
2022-11-08 13:29:01,419 WARNING:biomolecule.py:157:num_missing_heavy:Missing atom CG in residue LYS A 152
2022-11-08 13:29:01,419 WARNING:biomolecule.py:157:num_missing_heavy:Missing atom CD in residue LYS A 152
2022-11-08 13:29:01,419 WARNING:biomolecule.py:157:num_missing_heavy:Missing atom CE in residue LYS A 152
2022-11-08 13:29:01,419 WARNING:biomolecule.py:157:num_missing_heavy:Missing atom NZ in residue LYS A 152
2022-11-08 13:29:01,420 WARNING:biomolecule.py:157:num_missing_heavy:Missing atom CG in residue TRP A 162
2022-11-08 13:29:01,420 WARNING:biomolecule.py:157:num_missing_heavy:Missing atom CD1 in residue TRP A 162
2022-11-08 13:29:01,420 WARNING:biomolecule.py:157:num_missing_heavy:Missing atom CD2 in residue TRP A 162
2022-11-08 13:29:01,420 WARNING:biomolecule.py:157:num_missing_heavy:Missing atom NE1 in residue TRP A 162
2022-11-08 13:29:01,420 WARNING:biomolecule.py:157:num_missing_heavy:Missing atom CE2 in residue TRP A 162
2022-11-08 13:29:01,420 WARNING:biomolecule.py:157:num_missing_heavy:Missing atom CE3 in residue TRP A 162
2022-11-08 13:29:01,420 WARNING:biomolecule.py:157:num_missing_heavy:Missing atom CZ2 in residue TRP A 162
2022-11-08 13:29:01,420 WARNING:biomolecule.py:157:num_missing_heavy:Missing atom CZ3 in residue TRP A 162
2022-11-08 13:29:01,420 WARNING:biomolecule.py:157:num_missing_heavy:Missing atom CH2 in residue TRP A 162
2022-11-08 13:29:01,421 WARNING:biomolecule.py:157:num_missing_heavy:Missing atom CG in residue ARG A 164
2022-11-08 13:29:01,421 WARNING:biomolecule.py:157:num_missing_heavy:Missing atom CD in residue ARG A 164
2022-11-08 13:29:01,421 WARNING:biomolecule.py:157:num_missing_heavy:Missing atom NE in residue ARG A 164
2022-11-08 13:29:01,421 WARNING:biomolecule.py:157:num_missing_heavy:Missing atom CZ in residue ARG A 164
2022-11-08 13:29:01,421 WARNING:biomolecule.py:157:num_missing_heavy:Missing atom NH1 in residue ARG A 164
2022-11-08 13:29:01,421 WARNING:biomolecule.py:157:num_missing_heavy:Missing atom NH2 in residue ARG A 164
2022-11-08 13:29:01,421 WARNING:biomolecule.py:157:num_missing_heavy:Missing atom CG in residue HIS A 165
2022-11-08 13:29:01,421 WARNING:biomolecule.py:157:num_missing_heavy:Missing atom ND1 in residue HIS A 165
2022-11-08 13:29:01,422 WARNING:biomolecule.py:157:num_missing_heavy:Missing atom CD2 in residue HIS A 165
2022-11-08 13:29:01,422 WARNING:biomolecule.py:157:num_missing_heavy:Missing atom CE1 in residue HIS A 165
2022-11-08 13:29:01,422 WARNING:biomolecule.py:157:num_missing_heavy:Missing atom NE2 in residue HIS A 165
2022-11-08 13:29:01,422 WARNING:biomolecule.py:157:num_missing_heavy:Missing atom CG in residue LEU A 168
2022-11-08 13:29:01,422 WARNING:biomolecule.py:157:num_missing_heavy:Missing atom CD1 in residue LEU A 168
2022-11-08 13:29:01,422 WARNING:biomolecule.py:157:num_missing_heavy:Missing atom CD2 in residue LEU A 168
2022-11-08 13:29:01,423 WARNING:biomolecule.py:157:num_missing_heavy:Missing atom CG in residue ARG A 276
2022-11-08 13:29:01,423 WARNING:biomolecule.py:157:num_missing_heavy:Missing atom CD in residue ARG A 276
2022-11-08 13:29:01,423 WARNING:biomolecule.py:157:num_missing_heavy:Missing atom NE in residue ARG A 276
2022-11-08 13:29:01,423 WARNING:biomolecule.py:157:num_missing_heavy:Missing atom CZ in residue ARG A 276
2022-11-08 13:29:01,424 WARNING:biomolecule.py:157:num_missing_heavy:Missing atom NH1 in residue ARG A 276
2022-11-08 13:29:01,424 WARNING:biomolecule.py:157:num_missing_heavy:Missing atom NH2 in residue ARG A 276
2022-11-08 13:29:01,424 WARNING:biomolecule.py:157:num_missing_heavy:Missing atom OXT in residue SER A 334
2022-11-08 13:29:02,501 WARNING:debump.py:172:debump_biomolecule:WARNING: Unable to debump TRP A 162
2022-11-08 13:29:04,779 WARNING:main.py:311:print_pqr:Ignoring 3272 header lines in output.
2022-11-08 13:29:04,780 WARNING:main.py:315:print_pqr:Ignoring 76 missing lines in output.
