2022-11-08 13:24:29,992 WARNING:biomolecule.py:966:create_residue:Unable to find amino or nucleic acid definition for NA.  Parsing as new residue.
2022-11-08 13:24:29,993 WARNING:biomolecule.py:966:create_residue:Unable to find amino or nucleic acid definition for SAM.  Parsing as new residue.
2022-11-08 13:24:30,014 WARNING:biomolecule.py:966:create_residue:Unable to find amino or nucleic acid definition for NA.  Parsing as new residue.
2022-11-08 13:24:30,014 WARNING:biomolecule.py:966:create_residue:Unable to find amino or nucleic acid definition for SAM.  Parsing as new residue.
2022-11-08 13:24:30,016 WARNING:main.py:418:setup_molecule:Multiple occupancies found: CB in LYS A 6.
2022-11-08 13:24:30,016 WARNING:main.py:418:setup_molecule:Multiple occupancies found: CG in LYS A 6.
2022-11-08 13:24:30,016 WARNING:main.py:418:setup_molecule:Multiple occupancies found: CD in LYS A 6.
2022-11-08 13:24:30,016 WARNING:main.py:418:setup_molecule:Multiple occupancies found: CE in LYS A 6.
2022-11-08 13:24:30,016 WARNING:main.py:418:setup_molecule:Multiple occupancies found: NZ in LYS A 6.
2022-11-08 13:24:30,016 WARNING:main.py:424:setup_molecule:Multiple occupancies found in LYS A 6. At least one of the instances is being ignored.
2022-11-08 13:24:30,016 WARNING:main.py:418:setup_molecule:Multiple occupancies found: CB in ASN A 47.
2022-11-08 13:24:30,016 WARNING:main.py:418:setup_molecule:Multiple occupancies found: CG in ASN A 47.
2022-11-08 13:24:30,017 WARNING:main.py:418:setup_molecule:Multiple occupancies found: ND2 in ASN A 47.
2022-11-08 13:24:30,017 WARNING:main.py:418:setup_molecule:Multiple occupancies found: OD1 in ASN A 47.
2022-11-08 13:24:30,017 WARNING:main.py:424:setup_molecule:Multiple occupancies found in ASN A 47. At least one of the instances is being ignored.
2022-11-08 13:24:30,017 WARNING:main.py:418:setup_molecule:Multiple occupancies found: CB in GLU A 48.
2022-11-08 13:24:30,017 WARNING:main.py:418:setup_molecule:Multiple occupancies found: CG in GLU A 48.
2022-11-08 13:24:30,017 WARNING:main.py:418:setup_molecule:Multiple occupancies found: CD in GLU A 48.
2022-11-08 13:24:30,017 WARNING:main.py:418:setup_molecule:Multiple occupancies found: OE1 in GLU A 48.
2022-11-08 13:24:30,017 WARNING:main.py:418:setup_molecule:Multiple occupancies found: OE2 in GLU A 48.
2022-11-08 13:24:30,018 WARNING:main.py:424:setup_molecule:Multiple occupancies found in GLU A 48. At least one of the instances is being ignored.
2022-11-08 13:24:30,018 WARNING:main.py:418:setup_molecule:Multiple occupancies found: CB in ILE A 97.
2022-11-08 13:24:30,018 WARNING:main.py:418:setup_molecule:Multiple occupancies found: CG1 in ILE A 97.
2022-11-08 13:24:30,018 WARNING:main.py:418:setup_molecule:Multiple occupancies found: CG2 in ILE A 97.
2022-11-08 13:24:30,018 WARNING:main.py:418:setup_molecule:Multiple occupancies found: CD1 in ILE A 97.
2022-11-08 13:24:30,018 WARNING:main.py:424:setup_molecule:Multiple occupancies found in ILE A 97. At least one of the instances is being ignored.
2022-11-08 13:24:30,018 WARNING:main.py:418:setup_molecule:Multiple occupancies found: CB in SER A 107.
2022-11-08 13:24:30,018 WARNING:main.py:418:setup_molecule:Multiple occupancies found: OG in SER A 107.
2022-11-08 13:24:30,019 WARNING:main.py:424:setup_molecule:Multiple occupancies found in SER A 107. At least one of the instances is being ignored.
2022-11-08 13:24:30,019 WARNING:main.py:418:setup_molecule:Multiple occupancies found: CB in LYS A 124.
2022-11-08 13:24:30,019 WARNING:main.py:418:setup_molecule:Multiple occupancies found: CG in LYS A 124.
2022-11-08 13:24:30,019 WARNING:main.py:418:setup_molecule:Multiple occupancies found: CD in LYS A 124.
2022-11-08 13:24:30,019 WARNING:main.py:418:setup_molecule:Multiple occupancies found: CE in LYS A 124.
2022-11-08 13:24:30,019 WARNING:main.py:418:setup_molecule:Multiple occupancies found: NZ in LYS A 124.
2022-11-08 13:24:30,019 WARNING:main.py:424:setup_molecule:Multiple occupancies found in LYS A 124. At least one of the instances is being ignored.
2022-11-08 13:24:30,020 WARNING:main.py:418:setup_molecule:Multiple occupancies found: CB in LYS A 155.
2022-11-08 13:24:30,020 WARNING:main.py:418:setup_molecule:Multiple occupancies found: CG in LYS A 155.
2022-11-08 13:24:30,020 WARNING:main.py:418:setup_molecule:Multiple occupancies found: CD in LYS A 155.
2022-11-08 13:24:30,021 WARNING:main.py:418:setup_molecule:Multiple occupancies found: CE in LYS A 155.
2022-11-08 13:24:30,021 WARNING:main.py:418:setup_molecule:Multiple occupancies found: NZ in LYS A 155.
2022-11-08 13:24:30,021 WARNING:main.py:424:setup_molecule:Multiple occupancies found in LYS A 155. At least one of the instances is being ignored.
2022-11-08 13:24:30,021 WARNING:main.py:418:setup_molecule:Multiple occupancies found: CB in ARG A 199.
2022-11-08 13:24:30,021 WARNING:main.py:418:setup_molecule:Multiple occupancies found: CG in ARG A 199.
2022-11-08 13:24:30,021 WARNING:main.py:418:setup_molecule:Multiple occupancies found: CD in ARG A 199.
2022-11-08 13:24:30,021 WARNING:main.py:418:setup_molecule:Multiple occupancies found: NE in ARG A 199.
2022-11-08 13:24:30,021 WARNING:main.py:418:setup_molecule:Multiple occupancies found: CZ in ARG A 199.
2022-11-08 13:24:30,022 WARNING:main.py:418:setup_molecule:Multiple occupancies found: NH1 in ARG A 199.
2022-11-08 13:24:30,022 WARNING:main.py:418:setup_molecule:Multiple occupancies found: NH2 in ARG A 199.
2022-11-08 13:24:30,022 WARNING:main.py:424:setup_molecule:Multiple occupancies found in ARG A 199. At least one of the instances is being ignored.
2022-11-08 13:24:30,022 WARNING:main.py:418:setup_molecule:Multiple occupancies found: CB in ILE A 238.
2022-11-08 13:24:30,022 WARNING:main.py:418:setup_molecule:Multiple occupancies found: CG1 in ILE A 238.
2022-11-08 13:24:30,022 WARNING:main.py:418:setup_molecule:Multiple occupancies found: CG2 in ILE A 238.
2022-11-08 13:24:30,022 WARNING:main.py:418:setup_molecule:Multiple occupancies found: CD1 in ILE A 238.
2022-11-08 13:24:30,022 WARNING:main.py:424:setup_molecule:Multiple occupancies found in ILE A 238. At least one of the instances is being ignored.
2022-11-08 13:24:30,023 WARNING:main.py:418:setup_molecule:Multiple occupancies found: CB in MET B 10.
2022-11-08 13:24:30,023 WARNING:main.py:418:setup_molecule:Multiple occupancies found: CG in MET B 10.
2022-11-08 13:24:30,023 WARNING:main.py:418:setup_molecule:Multiple occupancies found: SD in MET B 10.
2022-11-08 13:24:30,023 WARNING:main.py:418:setup_molecule:Multiple occupancies found: CE in MET B 10.
2022-11-08 13:24:30,023 WARNING:main.py:424:setup_molecule:Multiple occupancies found in MET B 10. At least one of the instances is being ignored.
2022-11-08 13:24:30,023 WARNING:main.py:418:setup_molecule:Multiple occupancies found: CB in GLU B 20.
2022-11-08 13:24:30,023 WARNING:main.py:418:setup_molecule:Multiple occupancies found: CG in GLU B 20.
2022-11-08 13:24:30,023 WARNING:main.py:418:setup_molecule:Multiple occupancies found: CD in GLU B 20.
2022-11-08 13:24:30,024 WARNING:main.py:418:setup_molecule:Multiple occupancies found: OE1 in GLU B 20.
2022-11-08 13:24:30,024 WARNING:main.py:418:setup_molecule:Multiple occupancies found: OE2 in GLU B 20.
2022-11-08 13:24:30,024 WARNING:main.py:424:setup_molecule:Multiple occupancies found in GLU B 20. At least one of the instances is being ignored.
2022-11-08 13:24:30,024 WARNING:main.py:418:setup_molecule:Multiple occupancies found: CB in ILE B 29.
2022-11-08 13:24:30,024 WARNING:main.py:418:setup_molecule:Multiple occupancies found: CG1 in ILE B 29.
2022-11-08 13:24:30,024 WARNING:main.py:418:setup_molecule:Multiple occupancies found: CG2 in ILE B 29.
2022-11-08 13:24:30,024 WARNING:main.py:418:setup_molecule:Multiple occupancies found: CD1 in ILE B 29.
2022-11-08 13:24:30,024 WARNING:main.py:424:setup_molecule:Multiple occupancies found in ILE B 29. At least one of the instances is being ignored.
2022-11-08 13:24:30,024 WARNING:main.py:418:setup_molecule:Multiple occupancies found: CB in GLU B 48.
2022-11-08 13:24:30,025 WARNING:main.py:418:setup_molecule:Multiple occupancies found: CG in GLU B 48.
2022-11-08 13:24:30,025 WARNING:main.py:418:setup_molecule:Multiple occupancies found: CD in GLU B 48.
2022-11-08 13:24:30,025 WARNING:main.py:418:setup_molecule:Multiple occupancies found: OE1 in GLU B 48.
2022-11-08 13:24:30,025 WARNING:main.py:418:setup_molecule:Multiple occupancies found: OE2 in GLU B 48.
2022-11-08 13:24:30,025 WARNING:main.py:424:setup_molecule:Multiple occupancies found in GLU B 48. At least one of the instances is being ignored.
2022-11-08 13:24:30,025 WARNING:main.py:418:setup_molecule:Multiple occupancies found: CB in ARG B 55.
2022-11-08 13:24:30,025 WARNING:main.py:418:setup_molecule:Multiple occupancies found: CG in ARG B 55.
2022-11-08 13:24:30,025 WARNING:main.py:418:setup_molecule:Multiple occupancies found: CD in ARG B 55.
2022-11-08 13:24:30,026 WARNING:main.py:418:setup_molecule:Multiple occupancies found: NE in ARG B 55.
2022-11-08 13:24:30,026 WARNING:main.py:418:setup_molecule:Multiple occupancies found: CZ in ARG B 55.
2022-11-08 13:24:30,026 WARNING:main.py:418:setup_molecule:Multiple occupancies found: NH1 in ARG B 55.
2022-11-08 13:24:30,026 WARNING:main.py:418:setup_molecule:Multiple occupancies found: NH2 in ARG B 55.
2022-11-08 13:24:30,026 WARNING:main.py:424:setup_molecule:Multiple occupancies found in ARG B 55. At least one of the instances is being ignored.
2022-11-08 13:24:30,026 WARNING:main.py:418:setup_molecule:Multiple occupancies found: CB in ARG B 167.
2022-11-08 13:24:30,026 WARNING:main.py:418:setup_molecule:Multiple occupancies found: CG in ARG B 167.
2022-11-08 13:24:30,026 WARNING:main.py:418:setup_molecule:Multiple occupancies found: CD in ARG B 167.
2022-11-08 13:24:30,027 WARNING:main.py:418:setup_molecule:Multiple occupancies found: NE in ARG B 167.
2022-11-08 13:24:30,027 WARNING:main.py:418:setup_molecule:Multiple occupancies found: CZ in ARG B 167.
2022-11-08 13:24:30,027 WARNING:main.py:418:setup_molecule:Multiple occupancies found: NH1 in ARG B 167.
2022-11-08 13:24:30,027 WARNING:main.py:418:setup_molecule:Multiple occupancies found: NH2 in ARG B 167.
2022-11-08 13:24:30,027 WARNING:main.py:424:setup_molecule:Multiple occupancies found in ARG B 167. At least one of the instances is being ignored.
2022-11-08 13:24:30,027 WARNING:main.py:418:setup_molecule:Multiple occupancies found: CB in GLU B 245.
2022-11-08 13:24:30,027 WARNING:main.py:418:setup_molecule:Multiple occupancies found: CG in GLU B 245.
2022-11-08 13:24:30,027 WARNING:main.py:418:setup_molecule:Multiple occupancies found: CD in GLU B 245.
2022-11-08 13:24:30,028 WARNING:main.py:418:setup_molecule:Multiple occupancies found: OE1 in GLU B 245.
2022-11-08 13:24:30,028 WARNING:main.py:418:setup_molecule:Multiple occupancies found: OE2 in GLU B 245.
2022-11-08 13:24:30,028 WARNING:main.py:424:setup_molecule:Multiple occupancies found in GLU B 245. At least one of the instances is being ignored.
2022-11-08 13:24:30,028 WARNING:main.py:418:setup_molecule:Multiple occupancies found: CB in GLN B 249.
2022-11-08 13:24:30,028 WARNING:main.py:418:setup_molecule:Multiple occupancies found: CG in GLN B 249.
2022-11-08 13:24:30,028 WARNING:main.py:418:setup_molecule:Multiple occupancies found: CD in GLN B 249.
2022-11-08 13:24:30,028 WARNING:main.py:418:setup_molecule:Multiple occupancies found: NE2 in GLN B 249.
2022-11-08 13:24:30,028 WARNING:main.py:418:setup_molecule:Multiple occupancies found: OE1 in GLN B 249.
2022-11-08 13:24:30,029 WARNING:main.py:424:setup_molecule:Multiple occupancies found in GLN B 249. At least one of the instances is being ignored.
2022-11-08 13:24:30,047 WARNING:biomolecule.py:600:update_bonds:Gap in backbone detected between SER A 176 and THR A 195!
2022-11-08 13:24:30,051 WARNING:biomolecule.py:600:update_bonds:Gap in backbone detected between TYR B 139 and GLY B 152!
2022-11-08 13:24:30,051 WARNING:biomolecule.py:600:update_bonds:Gap in backbone detected between SER B 177 and ILE B 194!
2022-11-08 13:24:30,082 WARNING:biomolecule.py:157:num_missing_heavy:Missing atom OXT in residue GLN A 256
2022-11-08 13:24:30,084 WARNING:biomolecule.py:157:num_missing_heavy:Missing atom OXT in residue GLN B 256
2022-11-08 13:24:30,086 WARNING:biomolecule.py:157:num_missing_heavy:Missing atom OXT in residue GLN A 256
2022-11-08 13:24:30,087 WARNING:biomolecule.py:157:num_missing_heavy:Missing atom OXT in residue GLN B 256
2022-11-08 13:24:30,089 WARNING:biomolecule.py:157:num_missing_heavy:Missing atom OXT in residue GLN A 256
2022-11-08 13:24:30,091 WARNING:biomolecule.py:157:num_missing_heavy:Missing atom OXT in residue GLN B 256
2022-11-08 13:24:36,323 WARNING:main.py:311:print_pqr:Ignoring 2690 header lines in output.
2022-11-08 13:24:36,323 WARNING:main.py:315:print_pqr:Ignoring 56 missing lines in output.
