2022-11-08 13:33:44,747 WARNING:biomolecule.py:966:create_residue:Unable to find amino or nucleic acid definition for SAM.  Parsing as new residue.
2022-11-08 13:33:44,748 WARNING:biomolecule.py:966:create_residue:Unable to find amino or nucleic acid definition for 7KZ.  Parsing as new residue.
2022-11-08 13:33:44,748 WARNING:biomolecule.py:966:create_residue:Unable to find amino or nucleic acid definition for ZN.  Parsing as new residue.
2022-11-08 13:33:44,748 WARNING:biomolecule.py:966:create_residue:Unable to find amino or nucleic acid definition for ZN.  Parsing as new residue.
2022-11-08 13:33:44,749 WARNING:biomolecule.py:966:create_residue:Unable to find amino or nucleic acid definition for ZN.  Parsing as new residue.
2022-11-08 13:33:44,749 WARNING:biomolecule.py:966:create_residue:Unable to find amino or nucleic acid definition for ZN.  Parsing as new residue.
2022-11-08 13:33:44,749 WARNING:biomolecule.py:966:create_residue:Unable to find amino or nucleic acid definition for CL.  Parsing as new residue.
2022-11-08 13:33:44,750 WARNING:biomolecule.py:966:create_residue:Unable to find amino or nucleic acid definition for GOL.  Parsing as new residue.
2022-11-08 13:33:44,751 WARNING:biomolecule.py:966:create_residue:Unable to find amino or nucleic acid definition for UNX.  Parsing as new residue.
2022-11-08 13:33:44,751 WARNING:io.py:40:filter:Suppressing further "Unable to find amino or nucleic acid definition for" messages
2022-11-08 13:33:44,752 WARNING:main.py:418:setup_molecule:Multiple occupancies found: CA in ARG A 1016.
2022-11-08 13:33:44,752 WARNING:main.py:418:setup_molecule:Multiple occupancies found: CB in ARG A 1016.
2022-11-08 13:33:44,752 WARNING:main.py:418:setup_molecule:Multiple occupancies found: CG in ARG A 1016.
2022-11-08 13:33:44,752 WARNING:main.py:418:setup_molecule:Multiple occupancies found: CD in ARG A 1016.
2022-11-08 13:33:44,752 WARNING:main.py:418:setup_molecule:Multiple occupancies found: NE in ARG A 1016.
2022-11-08 13:33:44,752 WARNING:main.py:418:setup_molecule:Multiple occupancies found: CZ in ARG A 1016.
2022-11-08 13:33:44,753 WARNING:main.py:418:setup_molecule:Multiple occupancies found: NH1 in ARG A 1016.
2022-11-08 13:33:44,753 WARNING:main.py:418:setup_molecule:Multiple occupancies found: NH2 in ARG A 1016.
2022-11-08 13:33:44,753 WARNING:main.py:424:setup_molecule:Multiple occupancies found in ARG A 1016. At least one of the instances is being ignored.
2022-11-08 13:33:44,753 WARNING:main.py:418:setup_molecule:Multiple occupancies found: CA in GLN A 1043.
2022-11-08 13:33:44,753 WARNING:main.py:418:setup_molecule:Multiple occupancies found: CB in GLN A 1043.
2022-11-08 13:33:44,753 WARNING:main.py:418:setup_molecule:Multiple occupancies found: CG in GLN A 1043.
2022-11-08 13:33:44,753 WARNING:main.py:418:setup_molecule:Multiple occupancies found: CD in GLN A 1043.
2022-11-08 13:33:44,754 WARNING:main.py:418:setup_molecule:Multiple occupancies found: NE2 in GLN A 1043.
2022-11-08 13:33:44,754 WARNING:main.py:418:setup_molecule:Multiple occupancies found: OE1 in GLN A 1043.
2022-11-08 13:33:44,754 WARNING:main.py:424:setup_molecule:Multiple occupancies found in GLN A 1043. At least one of the instances is being ignored.
2022-11-08 13:33:44,754 WARNING:main.py:418:setup_molecule:Multiple occupancies found: N in MET A 1050.
2022-11-08 13:33:44,754 WARNING:main.py:418:setup_molecule:Multiple occupancies found: CA in MET A 1050.
2022-11-08 13:33:44,754 WARNING:main.py:418:setup_molecule:Multiple occupancies found: C in MET A 1050.
2022-11-08 13:33:44,754 WARNING:main.py:418:setup_molecule:Multiple occupancies found: O in MET A 1050.
2022-11-08 13:33:44,754 WARNING:main.py:418:setup_molecule:Multiple occupancies found: CB in MET A 1050.
2022-11-08 13:33:44,755 WARNING:main.py:418:setup_molecule:Multiple occupancies found: CG in MET A 1050.
2022-11-08 13:33:44,755 WARNING:main.py:418:setup_molecule:Multiple occupancies found: SD in MET A 1050.
2022-11-08 13:33:44,755 WARNING:main.py:418:setup_molecule:Multiple occupancies found: CE in MET A 1050.
2022-11-08 13:33:44,755 WARNING:main.py:424:setup_molecule:Multiple occupancies found in MET A 1050. At least one of the instances is being ignored.
2022-11-08 13:33:44,756 WARNING:main.py:418:setup_molecule:Multiple occupancies found: N in ASN A 1051.
2022-11-08 13:33:44,756 WARNING:main.py:418:setup_molecule:Multiple occupancies found: CA in ASN A 1051.
2022-11-08 13:33:44,756 WARNING:main.py:418:setup_molecule:Multiple occupancies found: C in ASN A 1051.
2022-11-08 13:33:44,756 WARNING:main.py:418:setup_molecule:Multiple occupancies found: O in ASN A 1051.
2022-11-08 13:33:44,756 WARNING:main.py:418:setup_molecule:Multiple occupancies found: CB in ASN A 1051.
2022-11-08 13:33:44,756 WARNING:main.py:418:setup_molecule:Multiple occupancies found: CG in ASN A 1051.
2022-11-08 13:33:44,756 WARNING:main.py:418:setup_molecule:Multiple occupancies found: ND2 in ASN A 1051.
2022-11-08 13:33:44,757 WARNING:main.py:418:setup_molecule:Multiple occupancies found: OD1 in ASN A 1051.
2022-11-08 13:33:44,757 WARNING:main.py:424:setup_molecule:Multiple occupancies found in ASN A 1051. At least one of the instances is being ignored.
2022-11-08 13:33:44,757 WARNING:main.py:418:setup_molecule:Multiple occupancies found: CA in ARG A 1054.
2022-11-08 13:33:44,757 WARNING:main.py:418:setup_molecule:Multiple occupancies found: CB in ARG A 1054.
2022-11-08 13:33:44,757 WARNING:main.py:418:setup_molecule:Multiple occupancies found: CG in ARG A 1054.
2022-11-08 13:33:44,757 WARNING:main.py:418:setup_molecule:Multiple occupancies found: CD in ARG A 1054.
2022-11-08 13:33:44,757 WARNING:main.py:418:setup_molecule:Multiple occupancies found: NE in ARG A 1054.
2022-11-08 13:33:44,757 WARNING:main.py:418:setup_molecule:Multiple occupancies found: CZ in ARG A 1054.
2022-11-08 13:33:44,758 WARNING:main.py:418:setup_molecule:Multiple occupancies found: NH1 in ARG A 1054.
2022-11-08 13:33:44,758 WARNING:main.py:418:setup_molecule:Multiple occupancies found: NH2 in ARG A 1054.
2022-11-08 13:33:44,758 WARNING:main.py:424:setup_molecule:Multiple occupancies found in ARG A 1054. At least one of the instances is being ignored.
2022-11-08 13:33:44,758 WARNING:main.py:418:setup_molecule:Multiple occupancies found: N in SER A 1069.
2022-11-08 13:33:44,758 WARNING:main.py:418:setup_molecule:Multiple occupancies found: CA in SER A 1069.
2022-11-08 13:33:44,758 WARNING:main.py:418:setup_molecule:Multiple occupancies found: C in SER A 1069.
2022-11-08 13:33:44,758 WARNING:main.py:418:setup_molecule:Multiple occupancies found: O in SER A 1069.
2022-11-08 13:33:44,758 WARNING:main.py:418:setup_molecule:Multiple occupancies found: CB in SER A 1069.
2022-11-08 13:33:44,759 WARNING:main.py:418:setup_molecule:Multiple occupancies found: OG in SER A 1069.
2022-11-08 13:33:44,759 WARNING:main.py:424:setup_molecule:Multiple occupancies found in SER A 1069. At least one of the instances is being ignored.
2022-11-08 13:33:44,759 WARNING:main.py:418:setup_molecule:Multiple occupancies found: CA in SER A 1071.
2022-11-08 13:33:44,759 WARNING:main.py:418:setup_molecule:Multiple occupancies found: CB in SER A 1071.
2022-11-08 13:33:44,759 WARNING:main.py:418:setup_molecule:Multiple occupancies found: OG in SER A 1071.
2022-11-08 13:33:44,759 WARNING:main.py:424:setup_molecule:Multiple occupancies found in SER A 1071. At least one of the instances is being ignored.
2022-11-08 13:33:44,759 WARNING:main.py:418:setup_molecule:Multiple occupancies found: CA in MET A 1080.
2022-11-08 13:33:44,759 WARNING:main.py:418:setup_molecule:Multiple occupancies found: CB in MET A 1080.
2022-11-08 13:33:44,760 WARNING:main.py:418:setup_molecule:Multiple occupancies found: CG in MET A 1080.
2022-11-08 13:33:44,760 WARNING:main.py:418:setup_molecule:Multiple occupancies found: SD in MET A 1080.
2022-11-08 13:33:44,760 WARNING:main.py:418:setup_molecule:Multiple occupancies found: CE in MET A 1080.
2022-11-08 13:33:44,760 WARNING:main.py:424:setup_molecule:Multiple occupancies found in MET A 1080. At least one of the instances is being ignored.
2022-11-08 13:33:44,760 WARNING:main.py:418:setup_molecule:Multiple occupancies found: CA in ARG A 1081.
2022-11-08 13:33:44,760 WARNING:main.py:418:setup_molecule:Multiple occupancies found: CB in ARG A 1081.
2022-11-08 13:33:44,760 WARNING:main.py:418:setup_molecule:Multiple occupancies found: CG in ARG A 1081.
2022-11-08 13:33:44,760 WARNING:main.py:418:setup_molecule:Multiple occupancies found: CD in ARG A 1081.
2022-11-08 13:33:44,761 WARNING:main.py:418:setup_molecule:Multiple occupancies found: NE in ARG A 1081.
2022-11-08 13:33:44,761 WARNING:main.py:418:setup_molecule:Multiple occupancies found: CZ in ARG A 1081.
2022-11-08 13:33:44,761 WARNING:main.py:418:setup_molecule:Multiple occupancies found: NH1 in ARG A 1081.
2022-11-08 13:33:44,761 WARNING:main.py:418:setup_molecule:Multiple occupancies found: NH2 in ARG A 1081.
2022-11-08 13:33:44,761 WARNING:main.py:424:setup_molecule:Multiple occupancies found in ARG A 1081. At least one of the instances is being ignored.
2022-11-08 13:33:44,761 WARNING:main.py:418:setup_molecule:Multiple occupancies found: CA in ARG A 1089.
2022-11-08 13:33:44,761 WARNING:main.py:418:setup_molecule:Multiple occupancies found: CB in ARG A 1089.
2022-11-08 13:33:44,761 WARNING:main.py:418:setup_molecule:Multiple occupancies found: CG in ARG A 1089.
2022-11-08 13:33:44,762 WARNING:main.py:418:setup_molecule:Multiple occupancies found: CD in ARG A 1089.
2022-11-08 13:33:44,762 WARNING:main.py:418:setup_molecule:Multiple occupancies found: NE in ARG A 1089.
2022-11-08 13:33:44,762 WARNING:main.py:418:setup_molecule:Multiple occupancies found: CZ in ARG A 1089.
2022-11-08 13:33:44,762 WARNING:main.py:418:setup_molecule:Multiple occupancies found: NH1 in ARG A 1089.
2022-11-08 13:33:44,762 WARNING:main.py:418:setup_molecule:Multiple occupancies found: NH2 in ARG A 1089.
2022-11-08 13:33:44,762 WARNING:main.py:424:setup_molecule:Multiple occupancies found in ARG A 1089. At least one of the instances is being ignored.
2022-11-08 13:33:44,762 WARNING:main.py:418:setup_molecule:Multiple occupancies found: CA in ARG A 1116.
2022-11-08 13:33:44,762 WARNING:main.py:418:setup_molecule:Multiple occupancies found: CB in ARG A 1116.
2022-11-08 13:33:44,763 WARNING:main.py:418:setup_molecule:Multiple occupancies found: CG in ARG A 1116.
2022-11-08 13:33:44,763 WARNING:main.py:418:setup_molecule:Multiple occupancies found: CD in ARG A 1116.
2022-11-08 13:33:44,763 WARNING:main.py:418:setup_molecule:Multiple occupancies found: NE in ARG A 1116.
2022-11-08 13:33:44,763 WARNING:main.py:418:setup_molecule:Multiple occupancies found: CZ in ARG A 1116.
2022-11-08 13:33:44,763 WARNING:main.py:418:setup_molecule:Multiple occupancies found: NH1 in ARG A 1116.
2022-11-08 13:33:44,763 WARNING:main.py:418:setup_molecule:Multiple occupancies found: NH2 in ARG A 1116.
2022-11-08 13:33:44,763 WARNING:main.py:424:setup_molecule:Multiple occupancies found in ARG A 1116. At least one of the instances is being ignored.
2022-11-08 13:33:44,763 WARNING:main.py:418:setup_molecule:Multiple occupancies found: N in GLN A 1144.
2022-11-08 13:33:44,764 WARNING:main.py:418:setup_molecule:Multiple occupancies found: CA in GLN A 1144.
2022-11-08 13:33:44,764 WARNING:main.py:418:setup_molecule:Multiple occupancies found: C in GLN A 1144.
2022-11-08 13:33:44,764 WARNING:main.py:418:setup_molecule:Multiple occupancies found: O in GLN A 1144.
2022-11-08 13:33:44,764 WARNING:main.py:418:setup_molecule:Multiple occupancies found: CB in GLN A 1144.
2022-11-08 13:33:44,764 WARNING:main.py:418:setup_molecule:Multiple occupancies found: CG in GLN A 1144.
2022-11-08 13:33:44,764 WARNING:main.py:418:setup_molecule:Multiple occupancies found: CD in GLN A 1144.
2022-11-08 13:33:44,764 WARNING:main.py:418:setup_molecule:Multiple occupancies found: NE2 in GLN A 1144.
2022-11-08 13:33:44,764 WARNING:main.py:418:setup_molecule:Multiple occupancies found: OE1 in GLN A 1144.
2022-11-08 13:33:44,765 WARNING:main.py:424:setup_molecule:Multiple occupancies found in GLN A 1144. At least one of the instances is being ignored.
2022-11-08 13:33:44,765 WARNING:main.py:418:setup_molecule:Multiple occupancies found: CA in LEU A 1159.
2022-11-08 13:33:44,765 WARNING:main.py:418:setup_molecule:Multiple occupancies found: CB in LEU A 1159.
2022-11-08 13:33:44,765 WARNING:main.py:418:setup_molecule:Multiple occupancies found: CG in LEU A 1159.
2022-11-08 13:33:44,765 WARNING:main.py:418:setup_molecule:Multiple occupancies found: CD1 in LEU A 1159.
2022-11-08 13:33:44,765 WARNING:main.py:418:setup_molecule:Multiple occupancies found: CD2 in LEU A 1159.
2022-11-08 13:33:44,765 WARNING:main.py:424:setup_molecule:Multiple occupancies found in LEU A 1159. At least one of the instances is being ignored.
2022-11-08 13:33:44,765 WARNING:main.py:418:setup_molecule:Multiple occupancies found: CA in SER A 1163.
2022-11-08 13:33:44,766 WARNING:main.py:418:setup_molecule:Multiple occupancies found: CB in SER A 1163.
2022-11-08 13:33:44,766 WARNING:main.py:418:setup_molecule:Multiple occupancies found: OG in SER A 1163.
2022-11-08 13:33:44,766 WARNING:main.py:424:setup_molecule:Multiple occupancies found in SER A 1163. At least one of the instances is being ignored.
2022-11-08 13:33:44,766 WARNING:main.py:418:setup_molecule:Multiple occupancies found: N in GLU A 1170.
2022-11-08 13:33:44,766 WARNING:main.py:418:setup_molecule:Multiple occupancies found: CA in GLU A 1170.
2022-11-08 13:33:44,766 WARNING:main.py:418:setup_molecule:Multiple occupancies found: C in GLU A 1170.
2022-11-08 13:33:44,766 WARNING:main.py:418:setup_molecule:Multiple occupancies found: O in GLU A 1170.
2022-11-08 13:33:44,766 WARNING:main.py:418:setup_molecule:Multiple occupancies found: CB in GLU A 1170.
2022-11-08 13:33:44,767 WARNING:main.py:418:setup_molecule:Multiple occupancies found: CG in GLU A 1170.
2022-11-08 13:33:44,767 WARNING:main.py:418:setup_molecule:Multiple occupancies found: CD in GLU A 1170.
2022-11-08 13:33:44,767 WARNING:main.py:418:setup_molecule:Multiple occupancies found: OE1 in GLU A 1170.
2022-11-08 13:33:44,767 WARNING:main.py:418:setup_molecule:Multiple occupancies found: OE2 in GLU A 1170.
2022-11-08 13:33:44,767 WARNING:main.py:424:setup_molecule:Multiple occupancies found in GLU A 1170. At least one of the instances is being ignored.
2022-11-08 13:33:44,767 WARNING:main.py:418:setup_molecule:Multiple occupancies found: CA in LEU A 1174.
2022-11-08 13:33:44,767 WARNING:main.py:418:setup_molecule:Multiple occupancies found: CB in LEU A 1174.
2022-11-08 13:33:44,767 WARNING:main.py:418:setup_molecule:Multiple occupancies found: CG in LEU A 1174.
2022-11-08 13:33:44,768 WARNING:main.py:418:setup_molecule:Multiple occupancies found: CD1 in LEU A 1174.
2022-11-08 13:33:44,768 WARNING:main.py:418:setup_molecule:Multiple occupancies found: CD2 in LEU A 1174.
2022-11-08 13:33:44,768 WARNING:main.py:424:setup_molecule:Multiple occupancies found in LEU A 1174. At least one of the instances is being ignored.
2022-11-08 13:33:44,768 WARNING:main.py:418:setup_molecule:Multiple occupancies found: CA in SER A 1255.
2022-11-08 13:33:44,768 WARNING:main.py:418:setup_molecule:Multiple occupancies found: CB in SER A 1255.
2022-11-08 13:33:44,768 WARNING:main.py:418:setup_molecule:Multiple occupancies found: OG in SER A 1255.
2022-11-08 13:33:44,768 WARNING:main.py:424:setup_molecule:Multiple occupancies found in SER A 1255. At least one of the instances is being ignored.
2022-11-08 13:33:44,768 WARNING:main.py:418:setup_molecule:Multiple occupancies found: N in SER A 1266.
2022-11-08 13:33:44,769 WARNING:main.py:418:setup_molecule:Multiple occupancies found: CA in SER A 1266.
2022-11-08 13:33:44,769 WARNING:main.py:418:setup_molecule:Multiple occupancies found: C in SER A 1266.
2022-11-08 13:33:44,769 WARNING:main.py:418:setup_molecule:Multiple occupancies found: O in SER A 1266.
2022-11-08 13:33:44,769 WARNING:main.py:418:setup_molecule:Multiple occupancies found: CB in SER A 1266.
2022-11-08 13:33:44,769 WARNING:main.py:418:setup_molecule:Multiple occupancies found: OG in SER A 1266.
2022-11-08 13:33:44,769 WARNING:main.py:418:setup_molecule:Multiple occupancies found: OXT in SER A 1266.
2022-11-08 13:33:44,769 WARNING:main.py:424:setup_molecule:Multiple occupancies found in SER A 1266. At least one of the instances is being ignored.
2022-11-08 13:33:44,781 WARNING:biomolecule.py:600:update_bonds:Gap in backbone detected between ASN A 1179 and ASP A 1181!
2022-11-08 13:33:44,810 WARNING:biomolecule.py:157:num_missing_heavy:Missing atom CG1 in residue VAL A 1006
2022-11-08 13:33:44,810 WARNING:biomolecule.py:157:num_missing_heavy:Missing atom CG2 in residue VAL A 1006
2022-11-08 13:33:44,810 WARNING:biomolecule.py:157:num_missing_heavy:Missing atom CD in residue ARG A 1008
2022-11-08 13:33:44,810 WARNING:biomolecule.py:157:num_missing_heavy:Missing atom NE in residue ARG A 1008
2022-11-08 13:33:44,810 WARNING:biomolecule.py:157:num_missing_heavy:Missing atom CZ in residue ARG A 1008
2022-11-08 13:33:44,811 WARNING:biomolecule.py:157:num_missing_heavy:Missing atom NH1 in residue ARG A 1008
2022-11-08 13:33:44,811 WARNING:biomolecule.py:157:num_missing_heavy:Missing atom NH2 in residue ARG A 1008
2022-11-08 13:33:44,811 WARNING:biomolecule.py:157:num_missing_heavy:Missing atom CG in residue LYS A 1086
2022-11-08 13:33:44,811 WARNING:biomolecule.py:157:num_missing_heavy:Missing atom CD in residue LYS A 1086
2022-11-08 13:33:44,811 WARNING:biomolecule.py:157:num_missing_heavy:Missing atom CE in residue LYS A 1086
2022-11-08 13:33:44,812 WARNING:biomolecule.py:157:num_missing_heavy:Missing atom NZ in residue LYS A 1086
2022-11-08 13:33:44,812 WARNING:biomolecule.py:157:num_missing_heavy:Missing atom CD in residue GLU A 1098
2022-11-08 13:33:44,812 WARNING:biomolecule.py:157:num_missing_heavy:Missing atom OE1 in residue GLU A 1098
2022-11-08 13:33:44,812 WARNING:biomolecule.py:157:num_missing_heavy:Missing atom OE2 in residue GLU A 1098
2022-11-08 13:33:44,812 WARNING:biomolecule.py:157:num_missing_heavy:Missing atom NE in residue ARG A 1134
2022-11-08 13:33:44,813 WARNING:biomolecule.py:157:num_missing_heavy:Missing atom CZ in residue ARG A 1134
2022-11-08 13:33:44,813 WARNING:biomolecule.py:157:num_missing_heavy:Missing atom NH1 in residue ARG A 1134
2022-11-08 13:33:44,813 WARNING:biomolecule.py:157:num_missing_heavy:Missing atom NH2 in residue ARG A 1134
2022-11-08 13:33:44,813 WARNING:biomolecule.py:157:num_missing_heavy:Missing atom CD in residue GLU A 1169
2022-11-08 13:33:44,813 WARNING:biomolecule.py:157:num_missing_heavy:Missing atom OE1 in residue GLU A 1169
2022-11-08 13:33:44,813 WARNING:biomolecule.py:157:num_missing_heavy:Missing atom OE2 in residue GLU A 1169
2022-11-08 13:33:44,814 WARNING:biomolecule.py:157:num_missing_heavy:Missing atom CG in residue ASN A 1179
2022-11-08 13:33:44,814 WARNING:biomolecule.py:157:num_missing_heavy:Missing atom OD1 in residue ASN A 1179
2022-11-08 13:33:44,814 WARNING:biomolecule.py:157:num_missing_heavy:Missing atom ND2 in residue ASN A 1179
2022-11-08 13:33:44,814 WARNING:biomolecule.py:157:num_missing_heavy:Missing atom CG in residue ASP A 1181
2022-11-08 13:33:44,814 WARNING:biomolecule.py:157:num_missing_heavy:Missing atom OD1 in residue ASP A 1181
2022-11-08 13:33:44,814 WARNING:biomolecule.py:157:num_missing_heavy:Missing atom OD2 in residue ASP A 1181
2022-11-08 13:33:44,814 WARNING:biomolecule.py:157:num_missing_heavy:Missing atom CG in residue GLU A 1183
2022-11-08 13:33:44,814 WARNING:biomolecule.py:157:num_missing_heavy:Missing atom CD in residue GLU A 1183
2022-11-08 13:33:44,815 WARNING:biomolecule.py:157:num_missing_heavy:Missing atom OE1 in residue GLU A 1183
2022-11-08 13:33:44,815 WARNING:biomolecule.py:157:num_missing_heavy:Missing atom OE2 in residue GLU A 1183
2022-11-08 13:33:44,815 WARNING:biomolecule.py:157:num_missing_heavy:Missing atom CE in residue LYS A 1262
2022-11-08 13:33:44,815 WARNING:biomolecule.py:157:num_missing_heavy:Missing atom NZ in residue LYS A 1262
2022-11-08 13:33:44,816 WARNING:biomolecule.py:157:num_missing_heavy:Missing atom CG1 in residue VAL A 1006
2022-11-08 13:33:44,816 WARNING:biomolecule.py:157:num_missing_heavy:Missing atom CG2 in residue VAL A 1006
2022-11-08 13:33:44,816 WARNING:biomolecule.py:157:num_missing_heavy:Missing atom CD in residue ARG A 1008
2022-11-08 13:33:44,816 WARNING:biomolecule.py:157:num_missing_heavy:Missing atom NE in residue ARG A 1008
2022-11-08 13:33:44,816 WARNING:biomolecule.py:157:num_missing_heavy:Missing atom CZ in residue ARG A 1008
2022-11-08 13:33:44,816 WARNING:biomolecule.py:157:num_missing_heavy:Missing atom NH1 in residue ARG A 1008
2022-11-08 13:33:44,816 WARNING:biomolecule.py:157:num_missing_heavy:Missing atom NH2 in residue ARG A 1008
2022-11-08 13:33:44,817 WARNING:biomolecule.py:157:num_missing_heavy:Missing atom CG in residue LYS A 1086
2022-11-08 13:33:44,817 WARNING:biomolecule.py:157:num_missing_heavy:Missing atom CD in residue LYS A 1086
2022-11-08 13:33:44,817 WARNING:biomolecule.py:157:num_missing_heavy:Missing atom CE in residue LYS A 1086
2022-11-08 13:33:44,817 WARNING:biomolecule.py:157:num_missing_heavy:Missing atom NZ in residue LYS A 1086
2022-11-08 13:33:44,817 WARNING:biomolecule.py:157:num_missing_heavy:Missing atom CD in residue GLU A 1098
2022-11-08 13:33:44,818 WARNING:biomolecule.py:157:num_missing_heavy:Missing atom OE1 in residue GLU A 1098
2022-11-08 13:33:44,818 WARNING:biomolecule.py:157:num_missing_heavy:Missing atom OE2 in residue GLU A 1098
2022-11-08 13:33:44,818 WARNING:biomolecule.py:157:num_missing_heavy:Missing atom NE in residue ARG A 1134
2022-11-08 13:33:44,818 WARNING:biomolecule.py:157:num_missing_heavy:Missing atom CZ in residue ARG A 1134
2022-11-08 13:33:44,818 WARNING:biomolecule.py:157:num_missing_heavy:Missing atom NH1 in residue ARG A 1134
2022-11-08 13:33:44,818 WARNING:biomolecule.py:157:num_missing_heavy:Missing atom NH2 in residue ARG A 1134
2022-11-08 13:33:44,819 WARNING:biomolecule.py:157:num_missing_heavy:Missing atom CD in residue GLU A 1169
2022-11-08 13:33:44,819 WARNING:biomolecule.py:157:num_missing_heavy:Missing atom OE1 in residue GLU A 1169
2022-11-08 13:33:44,819 WARNING:biomolecule.py:157:num_missing_heavy:Missing atom OE2 in residue GLU A 1169
2022-11-08 13:33:44,819 WARNING:biomolecule.py:157:num_missing_heavy:Missing atom CG in residue ASN A 1179
2022-11-08 13:33:44,819 WARNING:biomolecule.py:157:num_missing_heavy:Missing atom OD1 in residue ASN A 1179
2022-11-08 13:33:44,819 WARNING:biomolecule.py:157:num_missing_heavy:Missing atom ND2 in residue ASN A 1179
2022-11-08 13:33:44,820 WARNING:biomolecule.py:157:num_missing_heavy:Missing atom CG in residue ASP A 1181
2022-11-08 13:33:44,820 WARNING:biomolecule.py:157:num_missing_heavy:Missing atom OD1 in residue ASP A 1181
2022-11-08 13:33:44,820 WARNING:biomolecule.py:157:num_missing_heavy:Missing atom OD2 in residue ASP A 1181
2022-11-08 13:33:44,820 WARNING:biomolecule.py:157:num_missing_heavy:Missing atom CG in residue GLU A 1183
2022-11-08 13:33:44,820 WARNING:biomolecule.py:157:num_missing_heavy:Missing atom CD in residue GLU A 1183
2022-11-08 13:33:44,820 WARNING:biomolecule.py:157:num_missing_heavy:Missing atom OE1 in residue GLU A 1183
2022-11-08 13:33:44,820 WARNING:biomolecule.py:157:num_missing_heavy:Missing atom OE2 in residue GLU A 1183
2022-11-08 13:33:44,821 WARNING:biomolecule.py:157:num_missing_heavy:Missing atom CE in residue LYS A 1262
2022-11-08 13:33:44,821 WARNING:biomolecule.py:157:num_missing_heavy:Missing atom NZ in residue LYS A 1262
2022-11-08 13:33:44,821 WARNING:biomolecule.py:157:num_missing_heavy:Missing atom CG1 in residue VAL A 1006
2022-11-08 13:33:44,821 WARNING:biomolecule.py:157:num_missing_heavy:Missing atom CG2 in residue VAL A 1006
2022-11-08 13:33:44,821 WARNING:biomolecule.py:157:num_missing_heavy:Missing atom CD in residue ARG A 1008
2022-11-08 13:33:44,822 WARNING:biomolecule.py:157:num_missing_heavy:Missing atom NE in residue ARG A 1008
2022-11-08 13:33:44,822 WARNING:biomolecule.py:157:num_missing_heavy:Missing atom CZ in residue ARG A 1008
2022-11-08 13:33:44,822 WARNING:biomolecule.py:157:num_missing_heavy:Missing atom NH1 in residue ARG A 1008
2022-11-08 13:33:44,822 WARNING:biomolecule.py:157:num_missing_heavy:Missing atom NH2 in residue ARG A 1008
2022-11-08 13:33:44,823 WARNING:biomolecule.py:157:num_missing_heavy:Missing atom CG in residue LYS A 1086
2022-11-08 13:33:44,823 WARNING:biomolecule.py:157:num_missing_heavy:Missing atom CD in residue LYS A 1086
2022-11-08 13:33:44,823 WARNING:biomolecule.py:157:num_missing_heavy:Missing atom CE in residue LYS A 1086
2022-11-08 13:33:44,823 WARNING:biomolecule.py:157:num_missing_heavy:Missing atom NZ in residue LYS A 1086
2022-11-08 13:33:44,823 WARNING:biomolecule.py:157:num_missing_heavy:Missing atom CD in residue GLU A 1098
2022-11-08 13:33:44,823 WARNING:biomolecule.py:157:num_missing_heavy:Missing atom OE1 in residue GLU A 1098
2022-11-08 13:33:44,823 WARNING:biomolecule.py:157:num_missing_heavy:Missing atom OE2 in residue GLU A 1098
2022-11-08 13:33:44,824 WARNING:biomolecule.py:157:num_missing_heavy:Missing atom NE in residue ARG A 1134
2022-11-08 13:33:44,824 WARNING:biomolecule.py:157:num_missing_heavy:Missing atom CZ in residue ARG A 1134
2022-11-08 13:33:44,824 WARNING:biomolecule.py:157:num_missing_heavy:Missing atom NH1 in residue ARG A 1134
2022-11-08 13:33:44,824 WARNING:biomolecule.py:157:num_missing_heavy:Missing atom NH2 in residue ARG A 1134
2022-11-08 13:33:44,824 WARNING:biomolecule.py:157:num_missing_heavy:Missing atom CD in residue GLU A 1169
2022-11-08 13:33:44,825 WARNING:biomolecule.py:157:num_missing_heavy:Missing atom OE1 in residue GLU A 1169
2022-11-08 13:33:44,825 WARNING:biomolecule.py:157:num_missing_heavy:Missing atom OE2 in residue GLU A 1169
2022-11-08 13:33:44,825 WARNING:biomolecule.py:157:num_missing_heavy:Missing atom CG in residue ASN A 1179
2022-11-08 13:33:44,825 WARNING:biomolecule.py:157:num_missing_heavy:Missing atom OD1 in residue ASN A 1179
2022-11-08 13:33:44,825 WARNING:biomolecule.py:157:num_missing_heavy:Missing atom ND2 in residue ASN A 1179
2022-11-08 13:33:44,825 WARNING:biomolecule.py:157:num_missing_heavy:Missing atom CG in residue ASP A 1181
2022-11-08 13:33:44,825 WARNING:biomolecule.py:157:num_missing_heavy:Missing atom OD1 in residue ASP A 1181
2022-11-08 13:33:44,825 WARNING:biomolecule.py:157:num_missing_heavy:Missing atom OD2 in residue ASP A 1181
2022-11-08 13:33:44,826 WARNING:biomolecule.py:157:num_missing_heavy:Missing atom CG in residue GLU A 1183
2022-11-08 13:33:44,826 WARNING:biomolecule.py:157:num_missing_heavy:Missing atom CD in residue GLU A 1183
2022-11-08 13:33:44,826 WARNING:biomolecule.py:157:num_missing_heavy:Missing atom OE1 in residue GLU A 1183
2022-11-08 13:33:44,826 WARNING:biomolecule.py:157:num_missing_heavy:Missing atom OE2 in residue GLU A 1183
2022-11-08 13:33:44,827 WARNING:biomolecule.py:157:num_missing_heavy:Missing atom CE in residue LYS A 1262
2022-11-08 13:33:44,827 WARNING:biomolecule.py:157:num_missing_heavy:Missing atom NZ in residue LYS A 1262
2022-11-08 13:33:48,435 WARNING:main.py:311:print_pqr:Ignoring 3196 header lines in output.
2022-11-08 13:33:48,436 WARNING:main.py:315:print_pqr:Ignoring 69 missing lines in output.
