2022-11-08 13:31:08,838 WARNING:biomolecule.py:966:create_residue:Unable to find amino or nucleic acid definition for ZN.  Parsing as new residue.
2022-11-08 13:31:08,838 WARNING:biomolecule.py:966:create_residue:Unable to find amino or nucleic acid definition for ZN.  Parsing as new residue.
2022-11-08 13:31:08,839 WARNING:biomolecule.py:966:create_residue:Unable to find amino or nucleic acid definition for ZN.  Parsing as new residue.
2022-11-08 13:31:08,839 WARNING:biomolecule.py:966:create_residue:Unable to find amino or nucleic acid definition for SAM.  Parsing as new residue.
2022-11-08 13:31:08,839 WARNING:biomolecule.py:966:create_residue:Unable to find amino or nucleic acid definition for 4ZW.  Parsing as new residue.
2022-11-08 13:31:08,839 WARNING:biomolecule.py:966:create_residue:Unable to find amino or nucleic acid definition for 4ZW.  Parsing as new residue.
2022-11-08 13:31:08,840 WARNING:biomolecule.py:966:create_residue:Unable to find amino or nucleic acid definition for EDO.  Parsing as new residue.
2022-11-08 13:31:08,841 WARNING:main.py:418:setup_molecule:Multiple occupancies found: N in ARG A 51.
2022-11-08 13:31:08,841 WARNING:main.py:418:setup_molecule:Multiple occupancies found: CA in ARG A 51.
2022-11-08 13:31:08,841 WARNING:main.py:418:setup_molecule:Multiple occupancies found: C in ARG A 51.
2022-11-08 13:31:08,841 WARNING:main.py:418:setup_molecule:Multiple occupancies found: O in ARG A 51.
2022-11-08 13:31:08,841 WARNING:main.py:418:setup_molecule:Multiple occupancies found: CB in ARG A 51.
2022-11-08 13:31:08,841 WARNING:main.py:418:setup_molecule:Multiple occupancies found: CG in ARG A 51.
2022-11-08 13:31:08,841 WARNING:main.py:418:setup_molecule:Multiple occupancies found: CD in ARG A 51.
2022-11-08 13:31:08,841 WARNING:main.py:418:setup_molecule:Multiple occupancies found: NE in ARG A 51.
2022-11-08 13:31:08,842 WARNING:main.py:418:setup_molecule:Multiple occupancies found: CZ in ARG A 51.
2022-11-08 13:31:08,842 WARNING:main.py:418:setup_molecule:Multiple occupancies found: NH1 in ARG A 51.
2022-11-08 13:31:08,842 WARNING:main.py:418:setup_molecule:Multiple occupancies found: NH2 in ARG A 51.
2022-11-08 13:31:08,842 WARNING:main.py:424:setup_molecule:Multiple occupancies found in ARG A 51. At least one of the instances is being ignored.
2022-11-08 13:31:08,842 WARNING:main.py:418:setup_molecule:Multiple occupancies found: N in MET A 60.
2022-11-08 13:31:08,842 WARNING:main.py:418:setup_molecule:Multiple occupancies found: CA in MET A 60.
2022-11-08 13:31:08,842 WARNING:main.py:418:setup_molecule:Multiple occupancies found: C in MET A 60.
2022-11-08 13:31:08,842 WARNING:main.py:418:setup_molecule:Multiple occupancies found: O in MET A 60.
2022-11-08 13:31:08,842 WARNING:main.py:418:setup_molecule:Multiple occupancies found: CB in MET A 60.
2022-11-08 13:31:08,843 WARNING:main.py:418:setup_molecule:Multiple occupancies found: CG in MET A 60.
2022-11-08 13:31:08,843 WARNING:main.py:418:setup_molecule:Multiple occupancies found: SD in MET A 60.
2022-11-08 13:31:08,843 WARNING:main.py:418:setup_molecule:Multiple occupancies found: CE in MET A 60.
2022-11-08 13:31:08,843 WARNING:main.py:424:setup_molecule:Multiple occupancies found in MET A 60. At least one of the instances is being ignored.
2022-11-08 13:31:08,843 WARNING:main.py:418:setup_molecule:Multiple occupancies found: N in ARG A 61.
2022-11-08 13:31:08,843 WARNING:main.py:418:setup_molecule:Multiple occupancies found: CA in ARG A 61.
2022-11-08 13:31:08,843 WARNING:main.py:418:setup_molecule:Multiple occupancies found: C in ARG A 61.
2022-11-08 13:31:08,843 WARNING:main.py:418:setup_molecule:Multiple occupancies found: O in ARG A 61.
2022-11-08 13:31:08,843 WARNING:main.py:418:setup_molecule:Multiple occupancies found: CB in ARG A 61.
2022-11-08 13:31:08,843 WARNING:main.py:418:setup_molecule:Multiple occupancies found: CG in ARG A 61.
2022-11-08 13:31:08,844 WARNING:main.py:418:setup_molecule:Multiple occupancies found: CD in ARG A 61.
2022-11-08 13:31:08,846 WARNING:main.py:418:setup_molecule:Multiple occupancies found: NE in ARG A 61.
2022-11-08 13:31:08,846 WARNING:main.py:418:setup_molecule:Multiple occupancies found: CZ in ARG A 61.
2022-11-08 13:31:08,846 WARNING:main.py:418:setup_molecule:Multiple occupancies found: NH1 in ARG A 61.
2022-11-08 13:31:08,846 WARNING:main.py:418:setup_molecule:Multiple occupancies found: NH2 in ARG A 61.
2022-11-08 13:31:08,846 WARNING:main.py:424:setup_molecule:Multiple occupancies found in ARG A 61. At least one of the instances is being ignored.
2022-11-08 13:31:08,847 WARNING:main.py:418:setup_molecule:Multiple occupancies found: N in CYS A 62.
2022-11-08 13:31:08,847 WARNING:main.py:418:setup_molecule:Multiple occupancies found: CA in CYS A 62.
2022-11-08 13:31:08,847 WARNING:main.py:418:setup_molecule:Multiple occupancies found: C in CYS A 62.
2022-11-08 13:31:08,847 WARNING:main.py:418:setup_molecule:Multiple occupancies found: O in CYS A 62.
2022-11-08 13:31:08,847 WARNING:main.py:418:setup_molecule:Multiple occupancies found: CB in CYS A 62.
2022-11-08 13:31:08,847 WARNING:main.py:418:setup_molecule:Multiple occupancies found: SG in CYS A 62.
2022-11-08 13:31:08,847 WARNING:main.py:424:setup_molecule:Multiple occupancies found in CYS A 62. At least one of the instances is being ignored.
2022-11-08 13:31:08,847 WARNING:main.py:418:setup_molecule:Multiple occupancies found: N in SER A 63.
2022-11-08 13:31:08,847 WARNING:main.py:418:setup_molecule:Multiple occupancies found: CA in SER A 63.
2022-11-08 13:31:08,848 WARNING:main.py:418:setup_molecule:Multiple occupancies found: C in SER A 63.
2022-11-08 13:31:08,848 WARNING:main.py:418:setup_molecule:Multiple occupancies found: O in SER A 63.
2022-11-08 13:31:08,848 WARNING:main.py:418:setup_molecule:Multiple occupancies found: CB in SER A 63.
2022-11-08 13:31:08,848 WARNING:main.py:418:setup_molecule:Multiple occupancies found: OG in SER A 63.
2022-11-08 13:31:08,848 WARNING:main.py:424:setup_molecule:Multiple occupancies found in SER A 63. At least one of the instances is being ignored.
2022-11-08 13:31:08,848 WARNING:main.py:418:setup_molecule:Multiple occupancies found: N in GLN A 64.
2022-11-08 13:31:08,848 WARNING:main.py:418:setup_molecule:Multiple occupancies found: CA in GLN A 64.
2022-11-08 13:31:08,848 WARNING:main.py:418:setup_molecule:Multiple occupancies found: C in GLN A 64.
2022-11-08 13:31:08,849 WARNING:main.py:418:setup_molecule:Multiple occupancies found: O in GLN A 64.
2022-11-08 13:31:08,849 WARNING:main.py:418:setup_molecule:Multiple occupancies found: CB in GLN A 64.
2022-11-08 13:31:08,849 WARNING:main.py:418:setup_molecule:Multiple occupancies found: CG in GLN A 64.
2022-11-08 13:31:08,849 WARNING:main.py:418:setup_molecule:Multiple occupancies found: CD in GLN A 64.
2022-11-08 13:31:08,849 WARNING:main.py:418:setup_molecule:Multiple occupancies found: NE2 in GLN A 64.
2022-11-08 13:31:08,849 WARNING:main.py:418:setup_molecule:Multiple occupancies found: OE1 in GLN A 64.
2022-11-08 13:31:08,849 WARNING:main.py:424:setup_molecule:Multiple occupancies found in GLN A 64. At least one of the instances is being ignored.
2022-11-08 13:31:08,849 WARNING:main.py:418:setup_molecule:Multiple occupancies found: N in CYS A 65.
2022-11-08 13:31:08,849 WARNING:main.py:418:setup_molecule:Multiple occupancies found: CA in CYS A 65.
2022-11-08 13:31:08,850 WARNING:main.py:418:setup_molecule:Multiple occupancies found: C in CYS A 65.
2022-11-08 13:31:08,850 WARNING:main.py:418:setup_molecule:Multiple occupancies found: O in CYS A 65.
2022-11-08 13:31:08,850 WARNING:main.py:418:setup_molecule:Multiple occupancies found: CB in CYS A 65.
2022-11-08 13:31:08,850 WARNING:main.py:418:setup_molecule:Multiple occupancies found: SG in CYS A 65.
2022-11-08 13:31:08,850 WARNING:main.py:424:setup_molecule:Multiple occupancies found in CYS A 65. At least one of the instances is being ignored.
2022-11-08 13:31:08,850 WARNING:main.py:418:setup_molecule:Multiple occupancies found: N in ARG A 66.
2022-11-08 13:31:08,850 WARNING:main.py:418:setup_molecule:Multiple occupancies found: CA in ARG A 66.
2022-11-08 13:31:08,850 WARNING:main.py:418:setup_molecule:Multiple occupancies found: C in ARG A 66.
2022-11-08 13:31:08,850 WARNING:main.py:418:setup_molecule:Multiple occupancies found: O in ARG A 66.
2022-11-08 13:31:08,851 WARNING:main.py:418:setup_molecule:Multiple occupancies found: CB in ARG A 66.
2022-11-08 13:31:08,851 WARNING:main.py:418:setup_molecule:Multiple occupancies found: CG in ARG A 66.
2022-11-08 13:31:08,851 WARNING:main.py:418:setup_molecule:Multiple occupancies found: CD in ARG A 66.
2022-11-08 13:31:08,851 WARNING:main.py:418:setup_molecule:Multiple occupancies found: NE in ARG A 66.
2022-11-08 13:31:08,851 WARNING:main.py:418:setup_molecule:Multiple occupancies found: CZ in ARG A 66.
2022-11-08 13:31:08,851 WARNING:main.py:418:setup_molecule:Multiple occupancies found: NH1 in ARG A 66.
2022-11-08 13:31:08,851 WARNING:main.py:418:setup_molecule:Multiple occupancies found: NH2 in ARG A 66.
2022-11-08 13:31:08,851 WARNING:main.py:424:setup_molecule:Multiple occupancies found in ARG A 66. At least one of the instances is being ignored.
2022-11-08 13:31:08,851 WARNING:main.py:418:setup_molecule:Multiple occupancies found: N in VAL A 67.
2022-11-08 13:31:08,852 WARNING:main.py:418:setup_molecule:Multiple occupancies found: CA in VAL A 67.
2022-11-08 13:31:08,852 WARNING:main.py:418:setup_molecule:Multiple occupancies found: C in VAL A 67.
2022-11-08 13:31:08,852 WARNING:main.py:418:setup_molecule:Multiple occupancies found: O in VAL A 67.
2022-11-08 13:31:08,852 WARNING:main.py:418:setup_molecule:Multiple occupancies found: CB in VAL A 67.
2022-11-08 13:31:08,852 WARNING:main.py:418:setup_molecule:Multiple occupancies found: CG1 in VAL A 67.
2022-11-08 13:31:08,852 WARNING:main.py:418:setup_molecule:Multiple occupancies found: CG2 in VAL A 67.
2022-11-08 13:31:08,852 WARNING:main.py:424:setup_molecule:Multiple occupancies found in VAL A 67. At least one of the instances is being ignored.
2022-11-08 13:31:08,852 WARNING:main.py:418:setup_molecule:Multiple occupancies found: N in ALA A 68.
2022-11-08 13:31:08,852 WARNING:main.py:418:setup_molecule:Multiple occupancies found: CA in ALA A 68.
2022-11-08 13:31:08,853 WARNING:main.py:418:setup_molecule:Multiple occupancies found: C in ALA A 68.
2022-11-08 13:31:08,853 WARNING:main.py:418:setup_molecule:Multiple occupancies found: O in ALA A 68.
2022-11-08 13:31:08,853 WARNING:main.py:418:setup_molecule:Multiple occupancies found: CB in ALA A 68.
2022-11-08 13:31:08,853 WARNING:main.py:424:setup_molecule:Multiple occupancies found in ALA A 68. At least one of the instances is being ignored.
2022-11-08 13:31:08,853 WARNING:main.py:418:setup_molecule:Multiple occupancies found: N in GLU A 86.
2022-11-08 13:31:08,853 WARNING:main.py:418:setup_molecule:Multiple occupancies found: CA in GLU A 86.
2022-11-08 13:31:08,853 WARNING:main.py:418:setup_molecule:Multiple occupancies found: C in GLU A 86.
2022-11-08 13:31:08,853 WARNING:main.py:418:setup_molecule:Multiple occupancies found: O in GLU A 86.
2022-11-08 13:31:08,853 WARNING:main.py:418:setup_molecule:Multiple occupancies found: CB in GLU A 86.
2022-11-08 13:31:08,854 WARNING:main.py:418:setup_molecule:Multiple occupancies found: CG in GLU A 86.
2022-11-08 13:31:08,854 WARNING:main.py:418:setup_molecule:Multiple occupancies found: CD in GLU A 86.
2022-11-08 13:31:08,854 WARNING:main.py:418:setup_molecule:Multiple occupancies found: OE1 in GLU A 86.
2022-11-08 13:31:08,854 WARNING:main.py:418:setup_molecule:Multiple occupancies found: OE2 in GLU A 86.
2022-11-08 13:31:08,854 WARNING:main.py:424:setup_molecule:Multiple occupancies found in GLU A 86. At least one of the instances is being ignored.
2022-11-08 13:31:08,854 WARNING:main.py:418:setup_molecule:Multiple occupancies found: N in CYS A 87.
2022-11-08 13:31:08,854 WARNING:main.py:418:setup_molecule:Multiple occupancies found: CA in CYS A 87.
2022-11-08 13:31:08,854 WARNING:main.py:418:setup_molecule:Multiple occupancies found: C in CYS A 87.
2022-11-08 13:31:08,854 WARNING:main.py:418:setup_molecule:Multiple occupancies found: O in CYS A 87.
2022-11-08 13:31:08,855 WARNING:main.py:418:setup_molecule:Multiple occupancies found: CB in CYS A 87.
2022-11-08 13:31:08,855 WARNING:main.py:418:setup_molecule:Multiple occupancies found: SG in CYS A 87.
2022-11-08 13:31:08,855 WARNING:main.py:424:setup_molecule:Multiple occupancies found in CYS A 87. At least one of the instances is being ignored.
2022-11-08 13:31:08,855 WARNING:main.py:418:setup_molecule:Multiple occupancies found: N in LYS A 88.
2022-11-08 13:31:08,855 WARNING:main.py:418:setup_molecule:Multiple occupancies found: CA in LYS A 88.
2022-11-08 13:31:08,855 WARNING:main.py:418:setup_molecule:Multiple occupancies found: C in LYS A 88.
2022-11-08 13:31:08,855 WARNING:main.py:418:setup_molecule:Multiple occupancies found: O in LYS A 88.
2022-11-08 13:31:08,855 WARNING:main.py:418:setup_molecule:Multiple occupancies found: CB in LYS A 88.
2022-11-08 13:31:08,855 WARNING:main.py:418:setup_molecule:Multiple occupancies found: CG in LYS A 88.
2022-11-08 13:31:08,856 WARNING:main.py:418:setup_molecule:Multiple occupancies found: CD in LYS A 88.
2022-11-08 13:31:08,856 WARNING:main.py:418:setup_molecule:Multiple occupancies found: CE in LYS A 88.
2022-11-08 13:31:08,856 WARNING:main.py:418:setup_molecule:Multiple occupancies found: NZ in LYS A 88.
2022-11-08 13:31:08,856 WARNING:main.py:424:setup_molecule:Multiple occupancies found in LYS A 88. At least one of the instances is being ignored.
2022-11-08 13:31:08,856 WARNING:main.py:418:setup_molecule:Multiple occupancies found: N in CYS A 89.
2022-11-08 13:31:08,856 WARNING:main.py:418:setup_molecule:Multiple occupancies found: CA in CYS A 89.
2022-11-08 13:31:08,856 WARNING:main.py:418:setup_molecule:Multiple occupancies found: C in CYS A 89.
2022-11-08 13:31:08,856 WARNING:main.py:418:setup_molecule:Multiple occupancies found: O in CYS A 89.
2022-11-08 13:31:08,856 WARNING:main.py:418:setup_molecule:Multiple occupancies found: CB in CYS A 89.
2022-11-08 13:31:08,857 WARNING:main.py:418:setup_molecule:Multiple occupancies found: SG in CYS A 89.
2022-11-08 13:31:08,857 WARNING:main.py:424:setup_molecule:Multiple occupancies found in CYS A 89. At least one of the instances is being ignored.
2022-11-08 13:31:08,857 WARNING:main.py:418:setup_molecule:Multiple occupancies found: N in LEU A 90.
2022-11-08 13:31:08,857 WARNING:main.py:418:setup_molecule:Multiple occupancies found: CA in LEU A 90.
2022-11-08 13:31:08,857 WARNING:main.py:418:setup_molecule:Multiple occupancies found: C in LEU A 90.
2022-11-08 13:31:08,857 WARNING:main.py:418:setup_molecule:Multiple occupancies found: O in LEU A 90.
2022-11-08 13:31:08,857 WARNING:main.py:418:setup_molecule:Multiple occupancies found: CB in LEU A 90.
2022-11-08 13:31:08,857 WARNING:main.py:418:setup_molecule:Multiple occupancies found: CG in LEU A 90.
2022-11-08 13:31:08,857 WARNING:main.py:418:setup_molecule:Multiple occupancies found: CD1 in LEU A 90.
2022-11-08 13:31:08,858 WARNING:main.py:418:setup_molecule:Multiple occupancies found: CD2 in LEU A 90.
2022-11-08 13:31:08,858 WARNING:main.py:424:setup_molecule:Multiple occupancies found in LEU A 90. At least one of the instances is being ignored.
2022-11-08 13:31:08,858 WARNING:main.py:418:setup_molecule:Multiple occupancies found: N in LYS A 91.
2022-11-08 13:31:08,858 WARNING:main.py:418:setup_molecule:Multiple occupancies found: CA in LYS A 91.
2022-11-08 13:31:08,858 WARNING:main.py:418:setup_molecule:Multiple occupancies found: C in LYS A 91.
2022-11-08 13:31:08,858 WARNING:main.py:418:setup_molecule:Multiple occupancies found: O in LYS A 91.
2022-11-08 13:31:08,858 WARNING:main.py:418:setup_molecule:Multiple occupancies found: CB in LYS A 91.
2022-11-08 13:31:08,858 WARNING:main.py:418:setup_molecule:Multiple occupancies found: CG in LYS A 91.
2022-11-08 13:31:08,858 WARNING:main.py:418:setup_molecule:Multiple occupancies found: CD in LYS A 91.
2022-11-08 13:31:08,859 WARNING:main.py:418:setup_molecule:Multiple occupancies found: CE in LYS A 91.
2022-11-08 13:31:08,859 WARNING:main.py:418:setup_molecule:Multiple occupancies found: NZ in LYS A 91.
2022-11-08 13:31:08,859 WARNING:main.py:424:setup_molecule:Multiple occupancies found in LYS A 91. At least one of the instances is being ignored.
2022-11-08 13:31:08,859 WARNING:main.py:418:setup_molecule:Multiple occupancies found: N in SER A 92.
2022-11-08 13:31:08,859 WARNING:main.py:418:setup_molecule:Multiple occupancies found: CA in SER A 92.
2022-11-08 13:31:08,859 WARNING:main.py:418:setup_molecule:Multiple occupancies found: C in SER A 92.
2022-11-08 13:31:08,859 WARNING:main.py:418:setup_molecule:Multiple occupancies found: O in SER A 92.
2022-11-08 13:31:08,859 WARNING:main.py:418:setup_molecule:Multiple occupancies found: CB in SER A 92.
2022-11-08 13:31:08,859 WARNING:main.py:418:setup_molecule:Multiple occupancies found: OG in SER A 92.
2022-11-08 13:31:08,860 WARNING:main.py:424:setup_molecule:Multiple occupancies found in SER A 92. At least one of the instances is being ignored.
2022-11-08 13:31:08,860 WARNING:main.py:418:setup_molecule:Multiple occupancies found: N in CYS A 93.
2022-11-08 13:31:08,860 WARNING:main.py:418:setup_molecule:Multiple occupancies found: CA in CYS A 93.
2022-11-08 13:31:08,860 WARNING:main.py:418:setup_molecule:Multiple occupancies found: C in CYS A 93.
2022-11-08 13:31:08,860 WARNING:main.py:418:setup_molecule:Multiple occupancies found: O in CYS A 93.
2022-11-08 13:31:08,860 WARNING:main.py:418:setup_molecule:Multiple occupancies found: CB in CYS A 93.
2022-11-08 13:31:08,860 WARNING:main.py:418:setup_molecule:Multiple occupancies found: SG in CYS A 93.
2022-11-08 13:31:08,860 WARNING:main.py:424:setup_molecule:Multiple occupancies found in CYS A 93. At least one of the instances is being ignored.
2022-11-08 13:31:08,860 WARNING:main.py:418:setup_molecule:Multiple occupancies found: N in LYS A 94.
2022-11-08 13:31:08,861 WARNING:main.py:418:setup_molecule:Multiple occupancies found: CA in LYS A 94.
2022-11-08 13:31:08,861 WARNING:main.py:418:setup_molecule:Multiple occupancies found: C in LYS A 94.
2022-11-08 13:31:08,861 WARNING:main.py:418:setup_molecule:Multiple occupancies found: O in LYS A 94.
2022-11-08 13:31:08,861 WARNING:main.py:418:setup_molecule:Multiple occupancies found: CB in LYS A 94.
2022-11-08 13:31:08,861 WARNING:main.py:418:setup_molecule:Multiple occupancies found: CG in LYS A 94.
2022-11-08 13:31:08,861 WARNING:main.py:418:setup_molecule:Multiple occupancies found: CD in LYS A 94.
2022-11-08 13:31:08,861 WARNING:main.py:418:setup_molecule:Multiple occupancies found: CE in LYS A 94.
2022-11-08 13:31:08,861 WARNING:main.py:418:setup_molecule:Multiple occupancies found: NZ in LYS A 94.
2022-11-08 13:31:08,861 WARNING:main.py:424:setup_molecule:Multiple occupancies found in LYS A 94. At least one of the instances is being ignored.
2022-11-08 13:31:08,862 WARNING:main.py:418:setup_molecule:Multiple occupancies found: N in PRO A 95.
2022-11-08 13:31:08,862 WARNING:main.py:418:setup_molecule:Multiple occupancies found: CA in PRO A 95.
2022-11-08 13:31:08,862 WARNING:main.py:418:setup_molecule:Multiple occupancies found: C in PRO A 95.
2022-11-08 13:31:08,862 WARNING:main.py:418:setup_molecule:Multiple occupancies found: O in PRO A 95.
2022-11-08 13:31:08,862 WARNING:main.py:418:setup_molecule:Multiple occupancies found: CB in PRO A 95.
2022-11-08 13:31:08,862 WARNING:main.py:418:setup_molecule:Multiple occupancies found: CG in PRO A 95.
2022-11-08 13:31:08,862 WARNING:main.py:418:setup_molecule:Multiple occupancies found: CD in PRO A 95.
2022-11-08 13:31:08,862 WARNING:main.py:424:setup_molecule:Multiple occupancies found in PRO A 95. At least one of the instances is being ignored.
2022-11-08 13:31:08,862 WARNING:main.py:418:setup_molecule:Multiple occupancies found: N in ARG A 96.
2022-11-08 13:31:08,863 WARNING:main.py:418:setup_molecule:Multiple occupancies found: CA in ARG A 96.
2022-11-08 13:31:08,863 WARNING:main.py:418:setup_molecule:Multiple occupancies found: C in ARG A 96.
2022-11-08 13:31:08,863 WARNING:main.py:418:setup_molecule:Multiple occupancies found: O in ARG A 96.
2022-11-08 13:31:08,863 WARNING:main.py:418:setup_molecule:Multiple occupancies found: CB in ARG A 96.
2022-11-08 13:31:08,863 WARNING:main.py:418:setup_molecule:Multiple occupancies found: CG in ARG A 96.
2022-11-08 13:31:08,863 WARNING:main.py:418:setup_molecule:Multiple occupancies found: CD in ARG A 96.
2022-11-08 13:31:08,863 WARNING:main.py:418:setup_molecule:Multiple occupancies found: NE in ARG A 96.
2022-11-08 13:31:08,863 WARNING:main.py:418:setup_molecule:Multiple occupancies found: CZ in ARG A 96.
2022-11-08 13:31:08,863 WARNING:main.py:418:setup_molecule:Multiple occupancies found: NH1 in ARG A 96.
2022-11-08 13:31:08,864 WARNING:main.py:418:setup_molecule:Multiple occupancies found: NH2 in ARG A 96.
2022-11-08 13:31:08,864 WARNING:main.py:424:setup_molecule:Multiple occupancies found in ARG A 96. At least one of the instances is being ignored.
2022-11-08 13:31:08,864 WARNING:main.py:418:setup_molecule:Multiple occupancies found: N in LYS A 140.
2022-11-08 13:31:08,864 WARNING:main.py:418:setup_molecule:Multiple occupancies found: CA in LYS A 140.
2022-11-08 13:31:08,864 WARNING:main.py:418:setup_molecule:Multiple occupancies found: C in LYS A 140.
2022-11-08 13:31:08,864 WARNING:main.py:418:setup_molecule:Multiple occupancies found: O in LYS A 140.
2022-11-08 13:31:08,864 WARNING:main.py:418:setup_molecule:Multiple occupancies found: CB in LYS A 140.
2022-11-08 13:31:08,864 WARNING:main.py:418:setup_molecule:Multiple occupancies found: CG in LYS A 140.
2022-11-08 13:31:08,865 WARNING:main.py:418:setup_molecule:Multiple occupancies found: CD in LYS A 140.
2022-11-08 13:31:08,865 WARNING:main.py:418:setup_molecule:Multiple occupancies found: CE in LYS A 140.
2022-11-08 13:31:08,865 WARNING:main.py:418:setup_molecule:Multiple occupancies found: NZ in LYS A 140.
2022-11-08 13:31:08,865 WARNING:main.py:424:setup_molecule:Multiple occupancies found in LYS A 140. At least one of the instances is being ignored.
2022-11-08 13:31:08,865 WARNING:main.py:418:setup_molecule:Multiple occupancies found: N in LEU A 204.
2022-11-08 13:31:08,865 WARNING:main.py:418:setup_molecule:Multiple occupancies found: CA in LEU A 204.
2022-11-08 13:31:08,865 WARNING:main.py:418:setup_molecule:Multiple occupancies found: C in LEU A 204.
2022-11-08 13:31:08,865 WARNING:main.py:418:setup_molecule:Multiple occupancies found: O in LEU A 204.
2022-11-08 13:31:08,866 WARNING:main.py:418:setup_molecule:Multiple occupancies found: CB in LEU A 204.
2022-11-08 13:31:08,866 WARNING:main.py:418:setup_molecule:Multiple occupancies found: CG in LEU A 204.
2022-11-08 13:31:08,866 WARNING:main.py:418:setup_molecule:Multiple occupancies found: CD1 in LEU A 204.
2022-11-08 13:31:08,866 WARNING:main.py:418:setup_molecule:Multiple occupancies found: CD2 in LEU A 204.
2022-11-08 13:31:08,866 WARNING:main.py:424:setup_molecule:Multiple occupancies found in LEU A 204. At least one of the instances is being ignored.
2022-11-08 13:31:08,866 WARNING:main.py:418:setup_molecule:Multiple occupancies found: N in ASP A 241.
2022-11-08 13:31:08,866 WARNING:main.py:418:setup_molecule:Multiple occupancies found: CA in ASP A 241.
2022-11-08 13:31:08,866 WARNING:main.py:418:setup_molecule:Multiple occupancies found: C in ASP A 241.
2022-11-08 13:31:08,866 WARNING:main.py:418:setup_molecule:Multiple occupancies found: O in ASP A 241.
2022-11-08 13:31:08,867 WARNING:main.py:418:setup_molecule:Multiple occupancies found: CB in ASP A 241.
2022-11-08 13:31:08,867 WARNING:main.py:418:setup_molecule:Multiple occupancies found: CG in ASP A 241.
2022-11-08 13:31:08,867 WARNING:main.py:418:setup_molecule:Multiple occupancies found: OD1 in ASP A 241.
2022-11-08 13:31:08,867 WARNING:main.py:418:setup_molecule:Multiple occupancies found: OD2 in ASP A 241.
2022-11-08 13:31:08,867 WARNING:main.py:424:setup_molecule:Multiple occupancies found in ASP A 241. At least one of the instances is being ignored.
2022-11-08 13:31:08,867 WARNING:main.py:418:setup_molecule:Multiple occupancies found: N in GLU A 247.
2022-11-08 13:31:08,867 WARNING:main.py:418:setup_molecule:Multiple occupancies found: CA in GLU A 247.
2022-11-08 13:31:08,867 WARNING:main.py:418:setup_molecule:Multiple occupancies found: C in GLU A 247.
2022-11-08 13:31:08,867 WARNING:main.py:418:setup_molecule:Multiple occupancies found: O in GLU A 247.
2022-11-08 13:31:08,868 WARNING:main.py:418:setup_molecule:Multiple occupancies found: CB in GLU A 247.
2022-11-08 13:31:08,868 WARNING:main.py:418:setup_molecule:Multiple occupancies found: CG in GLU A 247.
2022-11-08 13:31:08,868 WARNING:main.py:418:setup_molecule:Multiple occupancies found: CD in GLU A 247.
2022-11-08 13:31:08,868 WARNING:main.py:418:setup_molecule:Multiple occupancies found: OE1 in GLU A 247.
2022-11-08 13:31:08,868 WARNING:main.py:418:setup_molecule:Multiple occupancies found: OE2 in GLU A 247.
2022-11-08 13:31:08,868 WARNING:main.py:424:setup_molecule:Multiple occupancies found in GLU A 247. At least one of the instances is being ignored.
2022-11-08 13:31:08,868 WARNING:main.py:418:setup_molecule:Multiple occupancies found: N in ASP A 279.
2022-11-08 13:31:08,868 WARNING:main.py:418:setup_molecule:Multiple occupancies found: CA in ASP A 279.
2022-11-08 13:31:08,869 WARNING:main.py:418:setup_molecule:Multiple occupancies found: C in ASP A 279.
2022-11-08 13:31:08,869 WARNING:main.py:418:setup_molecule:Multiple occupancies found: O in ASP A 279.
2022-11-08 13:31:08,869 WARNING:main.py:418:setup_molecule:Multiple occupancies found: CB in ASP A 279.
2022-11-08 13:31:08,869 WARNING:main.py:418:setup_molecule:Multiple occupancies found: CG in ASP A 279.
2022-11-08 13:31:08,869 WARNING:main.py:418:setup_molecule:Multiple occupancies found: OD1 in ASP A 279.
2022-11-08 13:31:08,869 WARNING:main.py:418:setup_molecule:Multiple occupancies found: OD2 in ASP A 279.
2022-11-08 13:31:08,869 WARNING:main.py:424:setup_molecule:Multiple occupancies found in ASP A 279. At least one of the instances is being ignored.
2022-11-08 13:31:08,869 WARNING:main.py:418:setup_molecule:Multiple occupancies found: N in LYS A 301.
2022-11-08 13:31:08,869 WARNING:main.py:418:setup_molecule:Multiple occupancies found: CA in LYS A 301.
2022-11-08 13:31:08,870 WARNING:main.py:418:setup_molecule:Multiple occupancies found: C in LYS A 301.
2022-11-08 13:31:08,870 WARNING:main.py:418:setup_molecule:Multiple occupancies found: O in LYS A 301.
2022-11-08 13:31:08,870 WARNING:main.py:418:setup_molecule:Multiple occupancies found: CB in LYS A 301.
2022-11-08 13:31:08,870 WARNING:main.py:418:setup_molecule:Multiple occupancies found: CG in LYS A 301.
2022-11-08 13:31:08,870 WARNING:main.py:418:setup_molecule:Multiple occupancies found: CD in LYS A 301.
2022-11-08 13:31:08,870 WARNING:main.py:418:setup_molecule:Multiple occupancies found: CE in LYS A 301.
2022-11-08 13:31:08,870 WARNING:main.py:418:setup_molecule:Multiple occupancies found: NZ in LYS A 301.
2022-11-08 13:31:08,870 WARNING:main.py:424:setup_molecule:Multiple occupancies found in LYS A 301. At least one of the instances is being ignored.
2022-11-08 13:31:08,870 WARNING:main.py:418:setup_molecule:Multiple occupancies found: N in ILE A 323.
2022-11-08 13:31:08,871 WARNING:main.py:418:setup_molecule:Multiple occupancies found: CA in ILE A 323.
2022-11-08 13:31:08,871 WARNING:main.py:418:setup_molecule:Multiple occupancies found: C in ILE A 323.
2022-11-08 13:31:08,871 WARNING:main.py:418:setup_molecule:Multiple occupancies found: O in ILE A 323.
2022-11-08 13:31:08,871 WARNING:main.py:418:setup_molecule:Multiple occupancies found: CB in ILE A 323.
2022-11-08 13:31:08,871 WARNING:main.py:418:setup_molecule:Multiple occupancies found: CG1 in ILE A 323.
2022-11-08 13:31:08,871 WARNING:main.py:418:setup_molecule:Multiple occupancies found: CG2 in ILE A 323.
2022-11-08 13:31:08,871 WARNING:main.py:418:setup_molecule:Multiple occupancies found: CD1 in ILE A 323.
2022-11-08 13:31:08,871 WARNING:main.py:424:setup_molecule:Multiple occupancies found in ILE A 323. At least one of the instances is being ignored.
2022-11-08 13:31:08,872 WARNING:main.py:418:setup_molecule:Multiple occupancies found: N in ASP A 332.
2022-11-08 13:31:08,872 WARNING:main.py:418:setup_molecule:Multiple occupancies found: CA in ASP A 332.
2022-11-08 13:31:08,872 WARNING:main.py:418:setup_molecule:Multiple occupancies found: C in ASP A 332.
2022-11-08 13:31:08,872 WARNING:main.py:418:setup_molecule:Multiple occupancies found: O in ASP A 332.
2022-11-08 13:31:08,872 WARNING:main.py:418:setup_molecule:Multiple occupancies found: CB in ASP A 332.
2022-11-08 13:31:08,872 WARNING:main.py:418:setup_molecule:Multiple occupancies found: CG in ASP A 332.
2022-11-08 13:31:08,872 WARNING:main.py:418:setup_molecule:Multiple occupancies found: OD1 in ASP A 332.
2022-11-08 13:31:08,872 WARNING:main.py:418:setup_molecule:Multiple occupancies found: OD2 in ASP A 332.
2022-11-08 13:31:08,873 WARNING:main.py:424:setup_molecule:Multiple occupancies found in ASP A 332. At least one of the instances is being ignored.
2022-11-08 13:31:08,873 WARNING:main.py:418:setup_molecule:Multiple occupancies found: N in THR A 352.
2022-11-08 13:31:08,873 WARNING:main.py:418:setup_molecule:Multiple occupancies found: CA in THR A 352.
2022-11-08 13:31:08,873 WARNING:main.py:418:setup_molecule:Multiple occupancies found: C in THR A 352.
2022-11-08 13:31:08,873 WARNING:main.py:418:setup_molecule:Multiple occupancies found: O in THR A 352.
2022-11-08 13:31:08,873 WARNING:main.py:418:setup_molecule:Multiple occupancies found: CB in THR A 352.
2022-11-08 13:31:08,873 WARNING:main.py:418:setup_molecule:Multiple occupancies found: CG2 in THR A 352.
2022-11-08 13:31:08,873 WARNING:main.py:418:setup_molecule:Multiple occupancies found: OG1 in THR A 352.
2022-11-08 13:31:08,873 WARNING:main.py:424:setup_molecule:Multiple occupancies found in THR A 352. At least one of the instances is being ignored.
2022-11-08 13:31:08,874 WARNING:main.py:418:setup_molecule:Multiple occupancies found: N in ASP A 398.
2022-11-08 13:31:08,874 WARNING:main.py:418:setup_molecule:Multiple occupancies found: CA in ASP A 398.
2022-11-08 13:31:08,874 WARNING:main.py:418:setup_molecule:Multiple occupancies found: C in ASP A 398.
2022-11-08 13:31:08,874 WARNING:main.py:418:setup_molecule:Multiple occupancies found: O in ASP A 398.
2022-11-08 13:31:08,874 WARNING:main.py:418:setup_molecule:Multiple occupancies found: CB in ASP A 398.
2022-11-08 13:31:08,874 WARNING:main.py:418:setup_molecule:Multiple occupancies found: CG in ASP A 398.
2022-11-08 13:31:08,874 WARNING:main.py:418:setup_molecule:Multiple occupancies found: OD1 in ASP A 398.
2022-11-08 13:31:08,874 WARNING:main.py:418:setup_molecule:Multiple occupancies found: OD2 in ASP A 398.
2022-11-08 13:31:08,875 WARNING:main.py:424:setup_molecule:Multiple occupancies found in ASP A 398. At least one of the instances is being ignored.
2022-11-08 13:31:08,927 WARNING:biomolecule.py:157:num_missing_heavy:Missing atom OXT in residue ALA A 427
2022-11-08 13:31:08,931 WARNING:biomolecule.py:157:num_missing_heavy:Missing atom OXT in residue ALA A 427
2022-11-08 13:31:08,933 WARNING:biomolecule.py:157:num_missing_heavy:Missing atom OXT in residue ALA A 427
2022-11-08 13:31:10,788 WARNING:debump.py:172:debump_biomolecule:WARNING: Unable to debump LYS A 94
2022-11-08 13:31:14,834 WARNING:main.py:311:print_pqr:Ignoring 3249 header lines in output.
2022-11-08 13:31:14,835 WARNING:main.py:315:print_pqr:Ignoring 72 missing lines in output.
