2022-11-08 13:33:16,879 WARNING:biomolecule.py:966:create_residue:Unable to find amino or nucleic acid definition for MG.  Parsing as new residue.
2022-11-08 13:33:16,880 WARNING:biomolecule.py:966:create_residue:Unable to find amino or nucleic acid definition for CL.  Parsing as new residue.
2022-11-08 13:33:16,880 WARNING:biomolecule.py:966:create_residue:Unable to find amino or nucleic acid definition for SAM.  Parsing as new residue.
2022-11-08 13:33:16,881 WARNING:biomolecule.py:966:create_residue:Unable to find amino or nucleic acid definition for DNC.  Parsing as new residue.
2022-11-08 13:33:16,881 WARNING:main.py:418:setup_molecule:Multiple occupancies found: N in ASP A 53.
2022-11-08 13:33:16,881 WARNING:main.py:418:setup_molecule:Multiple occupancies found: CA in ASP A 53.
2022-11-08 13:33:16,882 WARNING:main.py:418:setup_molecule:Multiple occupancies found: C in ASP A 53.
2022-11-08 13:33:16,882 WARNING:main.py:418:setup_molecule:Multiple occupancies found: O in ASP A 53.
2022-11-08 13:33:16,882 WARNING:main.py:418:setup_molecule:Multiple occupancies found: CB in ASP A 53.
2022-11-08 13:33:16,882 WARNING:main.py:418:setup_molecule:Multiple occupancies found: CG in ASP A 53.
2022-11-08 13:33:16,882 WARNING:main.py:418:setup_molecule:Multiple occupancies found: OD1 in ASP A 53.
2022-11-08 13:33:16,882 WARNING:main.py:418:setup_molecule:Multiple occupancies found: OD2 in ASP A 53.
2022-11-08 13:33:16,882 WARNING:main.py:424:setup_molecule:Multiple occupancies found in ASP A 53. At least one of the instances is being ignored.
2022-11-08 13:33:16,882 WARNING:main.py:418:setup_molecule:Multiple occupancies found: CA in GLN A 65.
2022-11-08 13:33:16,883 WARNING:main.py:418:setup_molecule:Multiple occupancies found: CB in GLN A 65.
2022-11-08 13:33:16,883 WARNING:main.py:418:setup_molecule:Multiple occupancies found: CG in GLN A 65.
2022-11-08 13:33:16,883 WARNING:main.py:418:setup_molecule:Multiple occupancies found: CD in GLN A 65.
2022-11-08 13:33:16,883 WARNING:main.py:418:setup_molecule:Multiple occupancies found: NE2 in GLN A 65.
2022-11-08 13:33:16,883 WARNING:main.py:418:setup_molecule:Multiple occupancies found: OE1 in GLN A 65.
2022-11-08 13:33:16,883 WARNING:main.py:424:setup_molecule:Multiple occupancies found in GLN A 65. At least one of the instances is being ignored.
2022-11-08 13:33:16,884 WARNING:main.py:418:setup_molecule:Multiple occupancies found: CA in GLU A 77.
2022-11-08 13:33:16,884 WARNING:main.py:418:setup_molecule:Multiple occupancies found: CB in GLU A 77.
2022-11-08 13:33:16,884 WARNING:main.py:418:setup_molecule:Multiple occupancies found: CG in GLU A 77.
2022-11-08 13:33:16,884 WARNING:main.py:418:setup_molecule:Multiple occupancies found: CD in GLU A 77.
2022-11-08 13:33:16,884 WARNING:main.py:418:setup_molecule:Multiple occupancies found: OE1 in GLU A 77.
2022-11-08 13:33:16,884 WARNING:main.py:418:setup_molecule:Multiple occupancies found: OE2 in GLU A 77.
2022-11-08 13:33:16,884 WARNING:main.py:424:setup_molecule:Multiple occupancies found in GLU A 77. At least one of the instances is being ignored.
2022-11-08 13:33:16,885 WARNING:main.py:418:setup_molecule:Multiple occupancies found: CA in SER A 110.
2022-11-08 13:33:16,885 WARNING:main.py:418:setup_molecule:Multiple occupancies found: CB in SER A 110.
2022-11-08 13:33:16,885 WARNING:main.py:418:setup_molecule:Multiple occupancies found: OG in SER A 110.
2022-11-08 13:33:16,885 WARNING:main.py:424:setup_molecule:Multiple occupancies found in SER A 110. At least one of the instances is being ignored.
2022-11-08 13:33:16,885 WARNING:main.py:418:setup_molecule:Multiple occupancies found: CA in ILE A 222.
2022-11-08 13:33:16,885 WARNING:main.py:418:setup_molecule:Multiple occupancies found: CB in ILE A 222.
2022-11-08 13:33:16,885 WARNING:main.py:418:setup_molecule:Multiple occupancies found: CG1 in ILE A 222.
2022-11-08 13:33:16,886 WARNING:main.py:418:setup_molecule:Multiple occupancies found: CG2 in ILE A 222.
2022-11-08 13:33:16,886 WARNING:main.py:418:setup_molecule:Multiple occupancies found: CD1 in ILE A 222.
2022-11-08 13:33:16,886 WARNING:main.py:424:setup_molecule:Multiple occupancies found in ILE A 222. At least one of the instances is being ignored.
2022-11-08 13:33:16,887 WARNING:main.py:418:setup_molecule:Multiple occupancies found: N in PRO A 265.
2022-11-08 13:33:16,887 WARNING:main.py:418:setup_molecule:Multiple occupancies found: CA in PRO A 265.
2022-11-08 13:33:16,887 WARNING:main.py:418:setup_molecule:Multiple occupancies found: C in PRO A 265.
2022-11-08 13:33:16,887 WARNING:main.py:418:setup_molecule:Multiple occupancies found: O in PRO A 265.
2022-11-08 13:33:16,887 WARNING:main.py:418:setup_molecule:Multiple occupancies found: CB in PRO A 265.
2022-11-08 13:33:16,887 WARNING:main.py:418:setup_molecule:Multiple occupancies found: CG in PRO A 265.
2022-11-08 13:33:16,887 WARNING:main.py:418:setup_molecule:Multiple occupancies found: CD in PRO A 265.
2022-11-08 13:33:16,887 WARNING:main.py:424:setup_molecule:Multiple occupancies found in PRO A 265. At least one of the instances is being ignored.
2022-11-08 13:33:16,888 WARNING:main.py:418:setup_molecule:Multiple occupancies found: N in GLY A 266.
2022-11-08 13:33:16,888 WARNING:main.py:418:setup_molecule:Multiple occupancies found: CA in GLY A 266.
2022-11-08 13:33:16,888 WARNING:main.py:418:setup_molecule:Multiple occupancies found: C in GLY A 266.
2022-11-08 13:33:16,888 WARNING:main.py:418:setup_molecule:Multiple occupancies found: O in GLY A 266.
2022-11-08 13:33:16,888 WARNING:main.py:424:setup_molecule:Multiple occupancies found in GLY A 266. At least one of the instances is being ignored.
2022-11-08 13:33:16,928 WARNING:biomolecule.py:157:num_missing_heavy:Missing atom OXT in residue GLY A 266
2022-11-08 13:33:16,930 WARNING:biomolecule.py:157:num_missing_heavy:Missing atom OXT in residue GLY A 266
2022-11-08 13:33:16,931 WARNING:biomolecule.py:157:num_missing_heavy:Missing atom OXT in residue GLY A 266
2022-11-08 13:33:19,630 WARNING:main.py:311:print_pqr:Ignoring 2256 header lines in output.
2022-11-08 13:33:19,630 WARNING:main.py:315:print_pqr:Ignoring 43 missing lines in output.
