2022-11-08 13:33:20,964 WARNING:biomolecule.py:966:create_residue:Unable to find amino or nucleic acid definition for SAM.  Parsing as new residue.
2022-11-08 13:33:20,965 WARNING:biomolecule.py:966:create_residue:Unable to find amino or nucleic acid definition for GOL.  Parsing as new residue.
2022-11-08 13:33:20,965 WARNING:biomolecule.py:966:create_residue:Unable to find amino or nucleic acid definition for GOL.  Parsing as new residue.
2022-11-08 13:33:20,965 WARNING:biomolecule.py:966:create_residue:Unable to find amino or nucleic acid definition for GOL.  Parsing as new residue.
2022-11-08 13:33:20,965 WARNING:biomolecule.py:966:create_residue:Unable to find amino or nucleic acid definition for EDO.  Parsing as new residue.
2022-11-08 13:33:20,966 WARNING:biomolecule.py:966:create_residue:Unable to find amino or nucleic acid definition for EDO.  Parsing as new residue.
2022-11-08 13:33:20,967 WARNING:main.py:418:setup_molecule:Multiple occupancies found: CA in ASN A 330.
2022-11-08 13:33:20,967 WARNING:main.py:418:setup_molecule:Multiple occupancies found: CB in ASN A 330.
2022-11-08 13:33:20,967 WARNING:main.py:418:setup_molecule:Multiple occupancies found: CG in ASN A 330.
2022-11-08 13:33:20,967 WARNING:main.py:418:setup_molecule:Multiple occupancies found: ND2 in ASN A 330.
2022-11-08 13:33:20,967 WARNING:main.py:418:setup_molecule:Multiple occupancies found: OD1 in ASN A 330.
2022-11-08 13:33:20,967 WARNING:main.py:424:setup_molecule:Multiple occupancies found in ASN A 330. At least one of the instances is being ignored.
2022-11-08 13:33:21,013 WARNING:biomolecule.py:157:num_missing_heavy:Missing atom CE in residue LYS A 315
2022-11-08 13:33:21,013 WARNING:biomolecule.py:157:num_missing_heavy:Missing atom NZ in residue LYS A 315
2022-11-08 13:33:21,014 WARNING:biomolecule.py:157:num_missing_heavy:Missing atom OXT in residue ARG A 379
2022-11-08 13:33:21,015 WARNING:biomolecule.py:157:num_missing_heavy:Missing atom CE in residue LYS A 315
2022-11-08 13:33:21,015 WARNING:biomolecule.py:157:num_missing_heavy:Missing atom NZ in residue LYS A 315
2022-11-08 13:33:21,015 WARNING:biomolecule.py:157:num_missing_heavy:Missing atom OXT in residue ARG A 379
2022-11-08 13:33:21,016 WARNING:biomolecule.py:157:num_missing_heavy:Missing atom CE in residue LYS A 315
2022-11-08 13:33:21,016 WARNING:biomolecule.py:157:num_missing_heavy:Missing atom NZ in residue LYS A 315
2022-11-08 13:33:21,017 WARNING:biomolecule.py:157:num_missing_heavy:Missing atom OXT in residue ARG A 379
2022-11-08 13:33:23,371 WARNING:main.py:311:print_pqr:Ignoring 2587 header lines in output.
2022-11-08 13:33:23,371 WARNING:main.py:315:print_pqr:Ignoring 53 missing lines in output.
