2022-11-08 13:27:42,611 WARNING:biomolecule.py:966:create_residue:Unable to find amino or nucleic acid definition for SO4.  Parsing as new residue.
2022-11-08 13:27:42,612 WARNING:biomolecule.py:966:create_residue:Unable to find amino or nucleic acid definition for SO4.  Parsing as new residue.
2022-11-08 13:27:42,613 WARNING:biomolecule.py:966:create_residue:Unable to find amino or nucleic acid definition for SO4.  Parsing as new residue.
2022-11-08 13:27:42,613 WARNING:biomolecule.py:966:create_residue:Unable to find amino or nucleic acid definition for SO4.  Parsing as new residue.
2022-11-08 13:27:42,613 WARNING:biomolecule.py:966:create_residue:Unable to find amino or nucleic acid definition for SO4.  Parsing as new residue.
2022-11-08 13:27:42,613 WARNING:biomolecule.py:966:create_residue:Unable to find amino or nucleic acid definition for SAM.  Parsing as new residue.
2022-11-08 13:27:42,613 WARNING:biomolecule.py:966:create_residue:Unable to find amino or nucleic acid definition for GP3.  Parsing as new residue.
2022-11-08 13:27:42,614 WARNING:main.py:418:setup_molecule:Multiple occupancies found: N in ILE A 62.
2022-11-08 13:27:42,615 WARNING:main.py:418:setup_molecule:Multiple occupancies found: CA in ILE A 62.
2022-11-08 13:27:42,615 WARNING:main.py:418:setup_molecule:Multiple occupancies found: C in ILE A 62.
2022-11-08 13:27:42,615 WARNING:main.py:418:setup_molecule:Multiple occupancies found: O in ILE A 62.
2022-11-08 13:27:42,615 WARNING:main.py:418:setup_molecule:Multiple occupancies found: CB in ILE A 62.
2022-11-08 13:27:42,615 WARNING:main.py:418:setup_molecule:Multiple occupancies found: CG1 in ILE A 62.
2022-11-08 13:27:42,615 WARNING:main.py:418:setup_molecule:Multiple occupancies found: CG2 in ILE A 62.
2022-11-08 13:27:42,615 WARNING:main.py:418:setup_molecule:Multiple occupancies found: CD1 in ILE A 62.
2022-11-08 13:27:42,615 WARNING:main.py:424:setup_molecule:Multiple occupancies found in ILE A 62. At least one of the instances is being ignored.
2022-11-08 13:27:42,615 WARNING:main.py:418:setup_molecule:Multiple occupancies found: N in LEU A 71.
2022-11-08 13:27:42,616 WARNING:main.py:418:setup_molecule:Multiple occupancies found: CA in LEU A 71.
2022-11-08 13:27:42,616 WARNING:main.py:418:setup_molecule:Multiple occupancies found: C in LEU A 71.
2022-11-08 13:27:42,616 WARNING:main.py:418:setup_molecule:Multiple occupancies found: O in LEU A 71.
2022-11-08 13:27:42,616 WARNING:main.py:418:setup_molecule:Multiple occupancies found: CB in LEU A 71.
2022-11-08 13:27:42,616 WARNING:main.py:418:setup_molecule:Multiple occupancies found: CG in LEU A 71.
2022-11-08 13:27:42,616 WARNING:main.py:418:setup_molecule:Multiple occupancies found: CD1 in LEU A 71.
2022-11-08 13:27:42,616 WARNING:main.py:418:setup_molecule:Multiple occupancies found: CD2 in LEU A 71.
2022-11-08 13:27:42,616 WARNING:main.py:424:setup_molecule:Multiple occupancies found in LEU A 71. At least one of the instances is being ignored.
2022-11-08 13:27:42,616 WARNING:main.py:418:setup_molecule:Multiple occupancies found: N in THR A 74.
2022-11-08 13:27:42,617 WARNING:main.py:418:setup_molecule:Multiple occupancies found: CA in THR A 74.
2022-11-08 13:27:42,617 WARNING:main.py:418:setup_molecule:Multiple occupancies found: C in THR A 74.
2022-11-08 13:27:42,617 WARNING:main.py:418:setup_molecule:Multiple occupancies found: O in THR A 74.
2022-11-08 13:27:42,617 WARNING:main.py:418:setup_molecule:Multiple occupancies found: CB in THR A 74.
2022-11-08 13:27:42,617 WARNING:main.py:418:setup_molecule:Multiple occupancies found: CG2 in THR A 74.
2022-11-08 13:27:42,617 WARNING:main.py:418:setup_molecule:Multiple occupancies found: OG1 in THR A 74.
2022-11-08 13:27:42,617 WARNING:main.py:424:setup_molecule:Multiple occupancies found in THR A 74. At least one of the instances is being ignored.
2022-11-08 13:27:42,617 WARNING:main.py:418:setup_molecule:Multiple occupancies found: N in MET A 98.
2022-11-08 13:27:42,617 WARNING:main.py:418:setup_molecule:Multiple occupancies found: CA in MET A 98.
2022-11-08 13:27:42,618 WARNING:main.py:418:setup_molecule:Multiple occupancies found: C in MET A 98.
2022-11-08 13:27:42,618 WARNING:main.py:418:setup_molecule:Multiple occupancies found: O in MET A 98.
2022-11-08 13:27:42,618 WARNING:main.py:418:setup_molecule:Multiple occupancies found: CB in MET A 98.
2022-11-08 13:27:42,619 WARNING:main.py:418:setup_molecule:Multiple occupancies found: CG in MET A 98.
2022-11-08 13:27:42,619 WARNING:main.py:418:setup_molecule:Multiple occupancies found: SD in MET A 98.
2022-11-08 13:27:42,619 WARNING:main.py:418:setup_molecule:Multiple occupancies found: CE in MET A 98.
2022-11-08 13:27:42,619 WARNING:main.py:424:setup_molecule:Multiple occupancies found in MET A 98. At least one of the instances is being ignored.
2022-11-08 13:27:42,619 WARNING:main.py:418:setup_molecule:Multiple occupancies found: N in HIS A 115.
2022-11-08 13:27:42,619 WARNING:main.py:418:setup_molecule:Multiple occupancies found: CA in HIS A 115.
2022-11-08 13:27:42,619 WARNING:main.py:418:setup_molecule:Multiple occupancies found: C in HIS A 115.
2022-11-08 13:27:42,619 WARNING:main.py:418:setup_molecule:Multiple occupancies found: O in HIS A 115.
2022-11-08 13:27:42,620 WARNING:main.py:418:setup_molecule:Multiple occupancies found: CB in HIS A 115.
2022-11-08 13:27:42,620 WARNING:main.py:418:setup_molecule:Multiple occupancies found: CG in HIS A 115.
2022-11-08 13:27:42,620 WARNING:main.py:418:setup_molecule:Multiple occupancies found: CD2 in HIS A 115.
2022-11-08 13:27:42,620 WARNING:main.py:418:setup_molecule:Multiple occupancies found: ND1 in HIS A 115.
2022-11-08 13:27:42,620 WARNING:main.py:418:setup_molecule:Multiple occupancies found: CE1 in HIS A 115.
2022-11-08 13:27:42,620 WARNING:main.py:418:setup_molecule:Multiple occupancies found: NE2 in HIS A 115.
2022-11-08 13:27:42,620 WARNING:main.py:424:setup_molecule:Multiple occupancies found in HIS A 115. At least one of the instances is being ignored.
2022-11-08 13:27:42,620 WARNING:main.py:418:setup_molecule:Multiple occupancies found: CA in HIS A 188.
2022-11-08 13:27:42,620 WARNING:main.py:418:setup_molecule:Multiple occupancies found: CB in HIS A 188.
2022-11-08 13:27:42,621 WARNING:main.py:418:setup_molecule:Multiple occupancies found: CG in HIS A 188.
2022-11-08 13:27:42,621 WARNING:main.py:418:setup_molecule:Multiple occupancies found: CD2 in HIS A 188.
2022-11-08 13:27:42,621 WARNING:main.py:418:setup_molecule:Multiple occupancies found: ND1 in HIS A 188.
2022-11-08 13:27:42,621 WARNING:main.py:418:setup_molecule:Multiple occupancies found: CE1 in HIS A 188.
2022-11-08 13:27:42,621 WARNING:main.py:418:setup_molecule:Multiple occupancies found: NE2 in HIS A 188.
2022-11-08 13:27:42,621 WARNING:main.py:424:setup_molecule:Multiple occupancies found in HIS A 188. At least one of the instances is being ignored.
2022-11-08 13:27:42,621 WARNING:main.py:418:setup_molecule:Multiple occupancies found: N in ILE A 229.
2022-11-08 13:27:42,621 WARNING:main.py:418:setup_molecule:Multiple occupancies found: CA in ILE A 229.
2022-11-08 13:27:42,622 WARNING:main.py:418:setup_molecule:Multiple occupancies found: C in ILE A 229.
2022-11-08 13:27:42,622 WARNING:main.py:418:setup_molecule:Multiple occupancies found: O in ILE A 229.
2022-11-08 13:27:42,622 WARNING:main.py:418:setup_molecule:Multiple occupancies found: CB in ILE A 229.
2022-11-08 13:27:42,622 WARNING:main.py:418:setup_molecule:Multiple occupancies found: CG1 in ILE A 229.
2022-11-08 13:27:42,622 WARNING:main.py:418:setup_molecule:Multiple occupancies found: CG2 in ILE A 229.
2022-11-08 13:27:42,622 WARNING:main.py:418:setup_molecule:Multiple occupancies found: CD1 in ILE A 229.
2022-11-08 13:27:42,622 WARNING:main.py:424:setup_molecule:Multiple occupancies found in ILE A 229. At least one of the instances is being ignored.
2022-11-08 13:27:42,664 WARNING:biomolecule.py:157:num_missing_heavy:Missing atom OXT in residue VAL A 266
2022-11-08 13:27:42,666 WARNING:biomolecule.py:157:num_missing_heavy:Missing atom OXT in residue VAL A 266
2022-11-08 13:27:42,668 WARNING:biomolecule.py:157:num_missing_heavy:Missing atom OXT in residue VAL A 266
2022-11-08 13:27:46,423 WARNING:main.py:311:print_pqr:Ignoring 4359 header lines in output.
2022-11-08 13:27:46,424 WARNING:main.py:315:print_pqr:Ignoring 103 missing lines in output.
