2022-11-08 13:28:58,550 WARNING:biomolecule.py:966:create_residue:Unable to find amino or nucleic acid definition for MG.  Parsing as new residue.
2022-11-08 13:28:58,551 WARNING:biomolecule.py:966:create_residue:Unable to find amino or nucleic acid definition for SO4.  Parsing as new residue.
2022-11-08 13:28:58,551 WARNING:biomolecule.py:966:create_residue:Unable to find amino or nucleic acid definition for CL.  Parsing as new residue.
2022-11-08 13:28:58,551 WARNING:biomolecule.py:966:create_residue:Unable to find amino or nucleic acid definition for CL.  Parsing as new residue.
2022-11-08 13:28:58,552 WARNING:biomolecule.py:966:create_residue:Unable to find amino or nucleic acid definition for CL.  Parsing as new residue.
2022-11-08 13:28:58,552 WARNING:biomolecule.py:966:create_residue:Unable to find amino or nucleic acid definition for TCW.  Parsing as new residue.
2022-11-08 13:28:58,552 WARNING:biomolecule.py:966:create_residue:Unable to find amino or nucleic acid definition for SAM.  Parsing as new residue.
2022-11-08 13:28:58,553 WARNING:main.py:418:setup_molecule:Multiple occupancies found: CA in SER A 24.
2022-11-08 13:28:58,553 WARNING:main.py:418:setup_molecule:Multiple occupancies found: CB in SER A 24.
2022-11-08 13:28:58,554 WARNING:main.py:418:setup_molecule:Multiple occupancies found: OG in SER A 24.
2022-11-08 13:28:58,554 WARNING:main.py:418:setup_molecule:Multiple occupancies found: H in SER A 24.
2022-11-08 13:28:58,554 WARNING:main.py:418:setup_molecule:Multiple occupancies found: HA in SER A 24.
2022-11-08 13:28:58,554 WARNING:main.py:418:setup_molecule:Multiple occupancies found: HB2 in SER A 24.
2022-11-08 13:28:58,554 WARNING:main.py:418:setup_molecule:Multiple occupancies found: HB3 in SER A 24.
2022-11-08 13:28:58,554 WARNING:main.py:418:setup_molecule:Multiple occupancies found: HG in SER A 24.
2022-11-08 13:28:58,554 WARNING:main.py:424:setup_molecule:Multiple occupancies found in SER A 24. At least one of the instances is being ignored.
2022-11-08 13:28:58,554 WARNING:main.py:418:setup_molecule:Multiple occupancies found: CA in MET A 50.
2022-11-08 13:28:58,554 WARNING:main.py:418:setup_molecule:Multiple occupancies found: CB in MET A 50.
2022-11-08 13:28:58,555 WARNING:main.py:418:setup_molecule:Multiple occupancies found: CG in MET A 50.
2022-11-08 13:28:58,555 WARNING:main.py:418:setup_molecule:Multiple occupancies found: SD in MET A 50.
2022-11-08 13:28:58,555 WARNING:main.py:418:setup_molecule:Multiple occupancies found: CE in MET A 50.
2022-11-08 13:28:58,555 WARNING:main.py:418:setup_molecule:Multiple occupancies found: H in MET A 50.
2022-11-08 13:28:58,555 WARNING:main.py:418:setup_molecule:Multiple occupancies found: HA in MET A 50.
2022-11-08 13:28:58,555 WARNING:main.py:418:setup_molecule:Multiple occupancies found: HB2 in MET A 50.
2022-11-08 13:28:58,555 WARNING:main.py:418:setup_molecule:Multiple occupancies found: HB3 in MET A 50.
2022-11-08 13:28:58,555 WARNING:main.py:418:setup_molecule:Multiple occupancies found: HG2 in MET A 50.
2022-11-08 13:28:58,555 WARNING:main.py:418:setup_molecule:Multiple occupancies found: HG3 in MET A 50.
2022-11-08 13:28:58,556 WARNING:main.py:418:setup_molecule:Multiple occupancies found: HE1 in MET A 50.
2022-11-08 13:28:58,556 WARNING:main.py:418:setup_molecule:Multiple occupancies found: HE2 in MET A 50.
2022-11-08 13:28:58,556 WARNING:main.py:418:setup_molecule:Multiple occupancies found: HE3 in MET A 50.
2022-11-08 13:28:58,556 WARNING:main.py:424:setup_molecule:Multiple occupancies found in MET A 50. At least one of the instances is being ignored.
2022-11-08 13:28:58,556 WARNING:main.py:418:setup_molecule:Multiple occupancies found: CA in ARG A 85.
2022-11-08 13:28:58,556 WARNING:main.py:418:setup_molecule:Multiple occupancies found: CB in ARG A 85.
2022-11-08 13:28:58,556 WARNING:main.py:418:setup_molecule:Multiple occupancies found: CG in ARG A 85.
2022-11-08 13:28:58,556 WARNING:main.py:418:setup_molecule:Multiple occupancies found: CD in ARG A 85.
2022-11-08 13:28:58,557 WARNING:main.py:418:setup_molecule:Multiple occupancies found: NE in ARG A 85.
2022-11-08 13:28:58,558 WARNING:main.py:418:setup_molecule:Multiple occupancies found: CZ in ARG A 85.
2022-11-08 13:28:58,558 WARNING:main.py:418:setup_molecule:Multiple occupancies found: NH1 in ARG A 85.
2022-11-08 13:28:58,558 WARNING:main.py:418:setup_molecule:Multiple occupancies found: NH2 in ARG A 85.
2022-11-08 13:28:58,558 WARNING:main.py:418:setup_molecule:Multiple occupancies found: H in ARG A 85.
2022-11-08 13:28:58,558 WARNING:main.py:418:setup_molecule:Multiple occupancies found: HA in ARG A 85.
2022-11-08 13:28:58,558 WARNING:main.py:418:setup_molecule:Multiple occupancies found: HB2 in ARG A 85.
2022-11-08 13:28:58,558 WARNING:main.py:418:setup_molecule:Multiple occupancies found: HB3 in ARG A 85.
2022-11-08 13:28:58,558 WARNING:main.py:418:setup_molecule:Multiple occupancies found: HG2 in ARG A 85.
2022-11-08 13:28:58,558 WARNING:main.py:418:setup_molecule:Multiple occupancies found: HG3 in ARG A 85.
2022-11-08 13:28:58,559 WARNING:main.py:418:setup_molecule:Multiple occupancies found: HD2 in ARG A 85.
2022-11-08 13:28:58,559 WARNING:main.py:418:setup_molecule:Multiple occupancies found: HD3 in ARG A 85.
2022-11-08 13:28:58,559 WARNING:main.py:418:setup_molecule:Multiple occupancies found: HE in ARG A 85.
2022-11-08 13:28:58,559 WARNING:main.py:418:setup_molecule:Multiple occupancies found: HH11 in ARG A 85.
2022-11-08 13:28:58,559 WARNING:main.py:418:setup_molecule:Multiple occupancies found: HH12 in ARG A 85.
2022-11-08 13:28:58,559 WARNING:main.py:418:setup_molecule:Multiple occupancies found: HH21 in ARG A 85.
2022-11-08 13:28:58,559 WARNING:main.py:418:setup_molecule:Multiple occupancies found: HH22 in ARG A 85.
2022-11-08 13:28:58,559 WARNING:main.py:424:setup_molecule:Multiple occupancies found in ARG A 85. At least one of the instances is being ignored.
2022-11-08 13:28:58,560 WARNING:main.py:418:setup_molecule:Multiple occupancies found: CA in GLU A 155.
2022-11-08 13:28:58,560 WARNING:main.py:418:setup_molecule:Multiple occupancies found: CB in GLU A 155.
2022-11-08 13:28:58,560 WARNING:main.py:418:setup_molecule:Multiple occupancies found: CG in GLU A 155.
2022-11-08 13:28:58,560 WARNING:main.py:418:setup_molecule:Multiple occupancies found: CD in GLU A 155.
2022-11-08 13:28:58,560 WARNING:main.py:418:setup_molecule:Multiple occupancies found: OE1 in GLU A 155.
2022-11-08 13:28:58,560 WARNING:main.py:418:setup_molecule:Multiple occupancies found: OE2 in GLU A 155.
2022-11-08 13:28:58,560 WARNING:main.py:418:setup_molecule:Multiple occupancies found: H in GLU A 155.
2022-11-08 13:28:58,560 WARNING:main.py:418:setup_molecule:Multiple occupancies found: HA in GLU A 155.
2022-11-08 13:28:58,561 WARNING:main.py:418:setup_molecule:Multiple occupancies found: HB2 in GLU A 155.
2022-11-08 13:28:58,561 WARNING:main.py:418:setup_molecule:Multiple occupancies found: HB3 in GLU A 155.
2022-11-08 13:28:58,561 WARNING:main.py:418:setup_molecule:Multiple occupancies found: HG2 in GLU A 155.
2022-11-08 13:28:58,561 WARNING:main.py:418:setup_molecule:Multiple occupancies found: HG3 in GLU A 155.
2022-11-08 13:28:58,561 WARNING:main.py:424:setup_molecule:Multiple occupancies found in GLU A 155. At least one of the instances is being ignored.
2022-11-08 13:28:58,561 WARNING:main.py:418:setup_molecule:Multiple occupancies found: CA in THR A 176.
2022-11-08 13:28:58,561 WARNING:main.py:418:setup_molecule:Multiple occupancies found: CB in THR A 176.
2022-11-08 13:28:58,561 WARNING:main.py:418:setup_molecule:Multiple occupancies found: CG2 in THR A 176.
2022-11-08 13:28:58,561 WARNING:main.py:418:setup_molecule:Multiple occupancies found: OG1 in THR A 176.
2022-11-08 13:28:58,562 WARNING:main.py:418:setup_molecule:Multiple occupancies found: H in THR A 176.
2022-11-08 13:28:58,562 WARNING:main.py:418:setup_molecule:Multiple occupancies found: HA in THR A 176.
2022-11-08 13:28:58,562 WARNING:main.py:418:setup_molecule:Multiple occupancies found: HB in THR A 176.
2022-11-08 13:28:58,562 WARNING:main.py:418:setup_molecule:Multiple occupancies found: HG1 in THR A 176.
2022-11-08 13:28:58,562 WARNING:main.py:418:setup_molecule:Multiple occupancies found: HG21 in THR A 176.
2022-11-08 13:28:58,562 WARNING:main.py:418:setup_molecule:Multiple occupancies found: HG22 in THR A 176.
2022-11-08 13:28:58,562 WARNING:main.py:418:setup_molecule:Multiple occupancies found: HG23 in THR A 176.
2022-11-08 13:28:58,562 WARNING:main.py:424:setup_molecule:Multiple occupancies found in THR A 176. At least one of the instances is being ignored.
2022-11-08 13:28:58,562 WARNING:main.py:418:setup_molecule:Multiple occupancies found: CA in SER A 187.
2022-11-08 13:28:58,563 WARNING:main.py:418:setup_molecule:Multiple occupancies found: CB in SER A 187.
2022-11-08 13:28:58,563 WARNING:main.py:418:setup_molecule:Multiple occupancies found: OG in SER A 187.
2022-11-08 13:28:58,563 WARNING:main.py:418:setup_molecule:Multiple occupancies found: H in SER A 187.
2022-11-08 13:28:58,563 WARNING:main.py:418:setup_molecule:Multiple occupancies found: HA in SER A 187.
2022-11-08 13:28:58,563 WARNING:main.py:418:setup_molecule:Multiple occupancies found: HB2 in SER A 187.
2022-11-08 13:28:58,563 WARNING:main.py:418:setup_molecule:Multiple occupancies found: HB3 in SER A 187.
2022-11-08 13:28:58,563 WARNING:main.py:418:setup_molecule:Multiple occupancies found: HG in SER A 187.
2022-11-08 13:28:58,563 WARNING:main.py:424:setup_molecule:Multiple occupancies found in SER A 187. At least one of the instances is being ignored.
2022-11-08 13:28:58,606 WARNING:biomolecule.py:157:num_missing_heavy:Missing atom OXT in residue PRO A 215
2022-11-08 13:28:58,608 WARNING:biomolecule.py:157:num_missing_heavy:Missing atom OXT in residue PRO A 215
2022-11-08 13:28:58,609 WARNING:biomolecule.py:157:num_missing_heavy:Missing atom OXT in residue PRO A 215
2022-11-08 13:29:00,451 WARNING:main.py:311:print_pqr:Ignoring 3851 header lines in output.
2022-11-08 13:29:00,451 WARNING:main.py:315:print_pqr:Ignoring 90 missing lines in output.
