2022-11-08 13:40:14,543 WARNING:biomolecule.py:966:create_residue:Unable to find amino or nucleic acid definition for ZN.  Parsing as new residue.
2022-11-08 13:40:14,544 WARNING:biomolecule.py:966:create_residue:Unable to find amino or nucleic acid definition for ZN.  Parsing as new residue.
2022-11-08 13:40:14,544 WARNING:biomolecule.py:966:create_residue:Unable to find amino or nucleic acid definition for ZN.  Parsing as new residue.
2022-11-08 13:40:14,544 WARNING:biomolecule.py:966:create_residue:Unable to find amino or nucleic acid definition for ZN.  Parsing as new residue.
2022-11-08 13:40:14,544 WARNING:biomolecule.py:966:create_residue:Unable to find amino or nucleic acid definition for SAM.  Parsing as new residue.
2022-11-08 13:40:14,545 WARNING:biomolecule.py:966:create_residue:Unable to find amino or nucleic acid definition for G5U.  Parsing as new residue.
2022-11-08 13:40:14,571 WARNING:biomolecule.py:966:create_residue:Unable to find amino or nucleic acid definition for ZN.  Parsing as new residue.
2022-11-08 13:40:14,571 WARNING:biomolecule.py:966:create_residue:Unable to find amino or nucleic acid definition for ZN.  Parsing as new residue.
2022-11-08 13:40:14,572 WARNING:biomolecule.py:966:create_residue:Unable to find amino or nucleic acid definition for ZN.  Parsing as new residue.
2022-11-08 13:40:14,572 WARNING:io.py:40:filter:Suppressing further "Unable to find amino or nucleic acid definition for" messages
2022-11-08 13:40:14,573 WARNING:main.py:418:setup_molecule:Multiple occupancies found: CA in SER A 983.
2022-11-08 13:40:14,574 WARNING:main.py:418:setup_molecule:Multiple occupancies found: CB in SER A 983.
2022-11-08 13:40:14,574 WARNING:main.py:418:setup_molecule:Multiple occupancies found: OG in SER A 983.
2022-11-08 13:40:14,574 WARNING:main.py:424:setup_molecule:Multiple occupancies found in SER A 983. At least one of the instances is being ignored.
2022-11-08 13:40:14,574 WARNING:main.py:418:setup_molecule:Multiple occupancies found: CA in LYS A 998.
2022-11-08 13:40:14,574 WARNING:main.py:418:setup_molecule:Multiple occupancies found: CB in LYS A 998.
2022-11-08 13:40:14,574 WARNING:main.py:418:setup_molecule:Multiple occupancies found: CG in LYS A 998.
2022-11-08 13:40:14,574 WARNING:main.py:418:setup_molecule:Multiple occupancies found: CD in LYS A 998.
2022-11-08 13:40:14,574 WARNING:main.py:418:setup_molecule:Multiple occupancies found: CE in LYS A 998.
2022-11-08 13:40:14,574 WARNING:main.py:418:setup_molecule:Multiple occupancies found: NZ in LYS A 998.
2022-11-08 13:40:14,575 WARNING:main.py:424:setup_molecule:Multiple occupancies found in LYS A 998. At least one of the instances is being ignored.
2022-11-08 13:40:14,575 WARNING:main.py:418:setup_molecule:Multiple occupancies found: CA in SER A 1108.
2022-11-08 13:40:14,575 WARNING:main.py:418:setup_molecule:Multiple occupancies found: CB in SER A 1108.
2022-11-08 13:40:14,575 WARNING:main.py:418:setup_molecule:Multiple occupancies found: OG in SER A 1108.
2022-11-08 13:40:14,575 WARNING:main.py:424:setup_molecule:Multiple occupancies found in SER A 1108. At least one of the instances is being ignored.
2022-11-08 13:40:14,575 WARNING:main.py:418:setup_molecule:Multiple occupancies found: CA in ARG A 1142.
2022-11-08 13:40:14,575 WARNING:main.py:418:setup_molecule:Multiple occupancies found: CB in ARG A 1142.
2022-11-08 13:40:14,575 WARNING:main.py:418:setup_molecule:Multiple occupancies found: CG in ARG A 1142.
2022-11-08 13:40:14,576 WARNING:main.py:418:setup_molecule:Multiple occupancies found: CD in ARG A 1142.
2022-11-08 13:40:14,576 WARNING:main.py:418:setup_molecule:Multiple occupancies found: NE in ARG A 1142.
2022-11-08 13:40:14,576 WARNING:main.py:418:setup_molecule:Multiple occupancies found: CZ in ARG A 1142.
2022-11-08 13:40:14,576 WARNING:main.py:418:setup_molecule:Multiple occupancies found: NH1 in ARG A 1142.
2022-11-08 13:40:14,576 WARNING:main.py:418:setup_molecule:Multiple occupancies found: NH2 in ARG A 1142.
2022-11-08 13:40:14,579 WARNING:main.py:424:setup_molecule:Multiple occupancies found in ARG A 1142. At least one of the instances is being ignored.
2022-11-08 13:40:14,579 WARNING:main.py:418:setup_molecule:Multiple occupancies found: CA in SER C 1108.
2022-11-08 13:40:14,579 WARNING:main.py:418:setup_molecule:Multiple occupancies found: CB in SER C 1108.
2022-11-08 13:40:14,579 WARNING:main.py:418:setup_molecule:Multiple occupancies found: OG in SER C 1108.
2022-11-08 13:40:14,580 WARNING:main.py:424:setup_molecule:Multiple occupancies found in SER C 1108. At least one of the instances is being ignored.
2022-11-08 13:40:14,600 WARNING:biomolecule.py:600:update_bonds:Gap in backbone detected between ASN A 1091 and GLY A 1094!
2022-11-08 13:40:14,605 WARNING:biomolecule.py:600:update_bonds:Gap in backbone detected between ASN C 1091 and GLY C 1094!
2022-11-08 13:40:14,638 WARNING:biomolecule.py:157:num_missing_heavy:Missing atom OXT in residue ARG A 1188
2022-11-08 13:40:14,638 WARNING:biomolecule.py:157:num_missing_heavy:Missing atom CG in residue LYS C 920
2022-11-08 13:40:14,638 WARNING:biomolecule.py:157:num_missing_heavy:Missing atom CD in residue LYS C 920
2022-11-08 13:40:14,638 WARNING:biomolecule.py:157:num_missing_heavy:Missing atom CE in residue LYS C 920
2022-11-08 13:40:14,638 WARNING:biomolecule.py:157:num_missing_heavy:Missing atom NZ in residue LYS C 920
2022-11-08 13:40:14,640 WARNING:biomolecule.py:157:num_missing_heavy:Missing atom OXT in residue GLU C 1185
2022-11-08 13:40:14,642 WARNING:biomolecule.py:157:num_missing_heavy:Missing atom OXT in residue ARG A 1188
2022-11-08 13:40:14,642 WARNING:biomolecule.py:157:num_missing_heavy:Missing atom CG in residue LYS C 920
2022-11-08 13:40:14,642 WARNING:biomolecule.py:157:num_missing_heavy:Missing atom CD in residue LYS C 920
2022-11-08 13:40:14,642 WARNING:biomolecule.py:157:num_missing_heavy:Missing atom CE in residue LYS C 920
2022-11-08 13:40:14,642 WARNING:biomolecule.py:157:num_missing_heavy:Missing atom NZ in residue LYS C 920
2022-11-08 13:40:14,644 WARNING:biomolecule.py:157:num_missing_heavy:Missing atom OXT in residue GLU C 1185
2022-11-08 13:40:14,646 WARNING:biomolecule.py:157:num_missing_heavy:Missing atom OXT in residue ARG A 1188
2022-11-08 13:40:14,646 WARNING:biomolecule.py:157:num_missing_heavy:Missing atom CG in residue LYS C 920
2022-11-08 13:40:14,646 WARNING:biomolecule.py:157:num_missing_heavy:Missing atom CD in residue LYS C 920
2022-11-08 13:40:14,646 WARNING:biomolecule.py:157:num_missing_heavy:Missing atom CE in residue LYS C 920
2022-11-08 13:40:14,646 WARNING:biomolecule.py:157:num_missing_heavy:Missing atom NZ in residue LYS C 920
2022-11-08 13:40:14,648 WARNING:biomolecule.py:157:num_missing_heavy:Missing atom OXT in residue GLU C 1185
2022-11-08 13:40:23,517 WARNING:main.py:311:print_pqr:Ignoring 5439 header lines in output.
2022-11-08 13:40:23,519 WARNING:main.py:315:print_pqr:Ignoring 134 missing lines in output.
