2022-11-08 13:33:24,736 WARNING:biomolecule.py:966:create_residue:Unable to find amino or nucleic acid definition for SAM.  Parsing as new residue.
2022-11-08 13:33:24,737 WARNING:biomolecule.py:966:create_residue:Unable to find amino or nucleic acid definition for CL.  Parsing as new residue.
2022-11-08 13:33:24,737 WARNING:biomolecule.py:966:create_residue:Unable to find amino or nucleic acid definition for CL.  Parsing as new residue.
2022-11-08 13:33:24,738 WARNING:main.py:418:setup_molecule:Multiple occupancies found: CA in SER A 56.
2022-11-08 13:33:24,738 WARNING:main.py:418:setup_molecule:Multiple occupancies found: CB in SER A 56.
2022-11-08 13:33:24,738 WARNING:main.py:418:setup_molecule:Multiple occupancies found: OG in SER A 56.
2022-11-08 13:33:24,739 WARNING:main.py:424:setup_molecule:Multiple occupancies found in SER A 56. At least one of the instances is being ignored.
2022-11-08 13:33:24,739 WARNING:main.py:418:setup_molecule:Multiple occupancies found: CA in LYS A 105.
2022-11-08 13:33:24,739 WARNING:main.py:418:setup_molecule:Multiple occupancies found: CB in LYS A 105.
2022-11-08 13:33:24,739 WARNING:main.py:418:setup_molecule:Multiple occupancies found: CG in LYS A 105.
2022-11-08 13:33:24,739 WARNING:main.py:418:setup_molecule:Multiple occupancies found: CD in LYS A 105.
2022-11-08 13:33:24,739 WARNING:main.py:418:setup_molecule:Multiple occupancies found: CE in LYS A 105.
2022-11-08 13:33:24,740 WARNING:main.py:418:setup_molecule:Multiple occupancies found: NZ in LYS A 105.
2022-11-08 13:33:24,740 WARNING:main.py:424:setup_molecule:Multiple occupancies found in LYS A 105. At least one of the instances is being ignored.
2022-11-08 13:33:24,740 WARNING:main.py:418:setup_molecule:Multiple occupancies found: N in ARG A 163.
2022-11-08 13:33:24,740 WARNING:main.py:418:setup_molecule:Multiple occupancies found: CA in ARG A 163.
2022-11-08 13:33:24,740 WARNING:main.py:418:setup_molecule:Multiple occupancies found: C in ARG A 163.
2022-11-08 13:33:24,740 WARNING:main.py:418:setup_molecule:Multiple occupancies found: O in ARG A 163.
2022-11-08 13:33:24,740 WARNING:main.py:418:setup_molecule:Multiple occupancies found: CB in ARG A 163.
2022-11-08 13:33:24,741 WARNING:main.py:418:setup_molecule:Multiple occupancies found: CG in ARG A 163.
2022-11-08 13:33:24,741 WARNING:main.py:418:setup_molecule:Multiple occupancies found: CD in ARG A 163.
2022-11-08 13:33:24,741 WARNING:main.py:418:setup_molecule:Multiple occupancies found: NE in ARG A 163.
2022-11-08 13:33:24,741 WARNING:main.py:418:setup_molecule:Multiple occupancies found: CZ in ARG A 163.
2022-11-08 13:33:24,741 WARNING:main.py:418:setup_molecule:Multiple occupancies found: NH1 in ARG A 163.
2022-11-08 13:33:24,742 WARNING:main.py:418:setup_molecule:Multiple occupancies found: NH2 in ARG A 163.
2022-11-08 13:33:24,742 WARNING:main.py:424:setup_molecule:Multiple occupancies found in ARG A 163. At least one of the instances is being ignored.
2022-11-08 13:33:24,742 WARNING:main.py:418:setup_molecule:Multiple occupancies found: N in SER A 166.
2022-11-08 13:33:24,742 WARNING:main.py:418:setup_molecule:Multiple occupancies found: CA in SER A 166.
2022-11-08 13:33:24,742 WARNING:main.py:418:setup_molecule:Multiple occupancies found: C in SER A 166.
2022-11-08 13:33:24,742 WARNING:main.py:418:setup_molecule:Multiple occupancies found: O in SER A 166.
2022-11-08 13:33:24,742 WARNING:main.py:418:setup_molecule:Multiple occupancies found: CB in SER A 166.
2022-11-08 13:33:24,743 WARNING:main.py:418:setup_molecule:Multiple occupancies found: OG in SER A 166.
2022-11-08 13:33:24,743 WARNING:main.py:424:setup_molecule:Multiple occupancies found in SER A 166. At least one of the instances is being ignored.
2022-11-08 13:33:24,743 WARNING:main.py:418:setup_molecule:Multiple occupancies found: CA in GLN A 238.
2022-11-08 13:33:24,743 WARNING:main.py:418:setup_molecule:Multiple occupancies found: CB in GLN A 238.
2022-11-08 13:33:24,743 WARNING:main.py:418:setup_molecule:Multiple occupancies found: CG in GLN A 238.
2022-11-08 13:33:24,746 WARNING:main.py:418:setup_molecule:Multiple occupancies found: CD in GLN A 238.
2022-11-08 13:33:24,746 WARNING:main.py:418:setup_molecule:Multiple occupancies found: NE2 in GLN A 238.
2022-11-08 13:33:24,746 WARNING:main.py:418:setup_molecule:Multiple occupancies found: OE1 in GLN A 238.
2022-11-08 13:33:24,746 WARNING:main.py:424:setup_molecule:Multiple occupancies found in GLN A 238. At least one of the instances is being ignored.
2022-11-08 13:33:24,792 WARNING:biomolecule.py:157:num_missing_heavy:Missing atom CG in residue LYS A 11
2022-11-08 13:33:24,792 WARNING:biomolecule.py:157:num_missing_heavy:Missing atom CD in residue LYS A 11
2022-11-08 13:33:24,792 WARNING:biomolecule.py:157:num_missing_heavy:Missing atom CE in residue LYS A 11
2022-11-08 13:33:24,792 WARNING:biomolecule.py:157:num_missing_heavy:Missing atom NZ in residue LYS A 11
2022-11-08 13:33:24,793 WARNING:biomolecule.py:157:num_missing_heavy:Missing atom CG in residue GLU A 38
2022-11-08 13:33:24,793 WARNING:biomolecule.py:157:num_missing_heavy:Missing atom CD in residue GLU A 38
2022-11-08 13:33:24,793 WARNING:biomolecule.py:157:num_missing_heavy:Missing atom OE1 in residue GLU A 38
2022-11-08 13:33:24,793 WARNING:biomolecule.py:157:num_missing_heavy:Missing atom OE2 in residue GLU A 38
2022-11-08 13:33:24,794 WARNING:biomolecule.py:157:num_missing_heavy:Missing atom CG in residue LYS A 226
2022-11-08 13:33:24,794 WARNING:biomolecule.py:157:num_missing_heavy:Missing atom CD in residue LYS A 226
2022-11-08 13:33:24,795 WARNING:biomolecule.py:157:num_missing_heavy:Missing atom CE in residue LYS A 226
2022-11-08 13:33:24,795 WARNING:biomolecule.py:157:num_missing_heavy:Missing atom NZ in residue LYS A 226
2022-11-08 13:33:24,795 WARNING:biomolecule.py:157:num_missing_heavy:Missing atom OXT in residue ARG A 264
2022-11-08 13:33:24,795 WARNING:biomolecule.py:157:num_missing_heavy:Missing atom CG in residue LYS A 11
2022-11-08 13:33:24,795 WARNING:biomolecule.py:157:num_missing_heavy:Missing atom CD in residue LYS A 11
2022-11-08 13:33:24,795 WARNING:biomolecule.py:157:num_missing_heavy:Missing atom CE in residue LYS A 11
2022-11-08 13:33:24,796 WARNING:biomolecule.py:157:num_missing_heavy:Missing atom NZ in residue LYS A 11
2022-11-08 13:33:24,796 WARNING:biomolecule.py:157:num_missing_heavy:Missing atom CG in residue GLU A 38
2022-11-08 13:33:24,796 WARNING:biomolecule.py:157:num_missing_heavy:Missing atom CD in residue GLU A 38
2022-11-08 13:33:24,796 WARNING:biomolecule.py:157:num_missing_heavy:Missing atom OE1 in residue GLU A 38
2022-11-08 13:33:24,796 WARNING:biomolecule.py:157:num_missing_heavy:Missing atom OE2 in residue GLU A 38
2022-11-08 13:33:24,798 WARNING:biomolecule.py:157:num_missing_heavy:Missing atom CG in residue LYS A 226
2022-11-08 13:33:24,798 WARNING:biomolecule.py:157:num_missing_heavy:Missing atom CD in residue LYS A 226
2022-11-08 13:33:24,798 WARNING:biomolecule.py:157:num_missing_heavy:Missing atom CE in residue LYS A 226
2022-11-08 13:33:24,798 WARNING:biomolecule.py:157:num_missing_heavy:Missing atom NZ in residue LYS A 226
2022-11-08 13:33:24,798 WARNING:biomolecule.py:157:num_missing_heavy:Missing atom OXT in residue ARG A 264
2022-11-08 13:33:24,798 WARNING:biomolecule.py:157:num_missing_heavy:Missing atom CG in residue LYS A 11
2022-11-08 13:33:24,799 WARNING:biomolecule.py:157:num_missing_heavy:Missing atom CD in residue LYS A 11
2022-11-08 13:33:24,799 WARNING:biomolecule.py:157:num_missing_heavy:Missing atom CE in residue LYS A 11
2022-11-08 13:33:24,799 WARNING:biomolecule.py:157:num_missing_heavy:Missing atom NZ in residue LYS A 11
2022-11-08 13:33:24,799 WARNING:biomolecule.py:157:num_missing_heavy:Missing atom CG in residue GLU A 38
2022-11-08 13:33:24,799 WARNING:biomolecule.py:157:num_missing_heavy:Missing atom CD in residue GLU A 38
2022-11-08 13:33:24,799 WARNING:biomolecule.py:157:num_missing_heavy:Missing atom OE1 in residue GLU A 38
2022-11-08 13:33:24,799 WARNING:biomolecule.py:157:num_missing_heavy:Missing atom OE2 in residue GLU A 38
2022-11-08 13:33:24,801 WARNING:biomolecule.py:157:num_missing_heavy:Missing atom CG in residue LYS A 226
2022-11-08 13:33:24,801 WARNING:biomolecule.py:157:num_missing_heavy:Missing atom CD in residue LYS A 226
2022-11-08 13:33:24,801 WARNING:biomolecule.py:157:num_missing_heavy:Missing atom CE in residue LYS A 226
2022-11-08 13:33:24,801 WARNING:biomolecule.py:157:num_missing_heavy:Missing atom NZ in residue LYS A 226
2022-11-08 13:33:24,801 WARNING:biomolecule.py:157:num_missing_heavy:Missing atom OXT in residue ARG A 264
2022-11-08 13:33:28,556 WARNING:main.py:311:print_pqr:Ignoring 1793 header lines in output.
2022-11-08 13:33:28,557 WARNING:main.py:315:print_pqr:Ignoring 29 missing lines in output.
