2022-11-08 13:40:24,542 WARNING:biomolecule.py:966:create_residue:Unable to find amino or nucleic acid definition for ZN.  Parsing as new residue.
2022-11-08 13:40:24,543 WARNING:biomolecule.py:966:create_residue:Unable to find amino or nucleic acid definition for SAM.  Parsing as new residue.
2022-11-08 13:40:24,544 WARNING:main.py:418:setup_molecule:Multiple occupancies found: CA in LYS A 26.
2022-11-08 13:40:24,545 WARNING:main.py:418:setup_molecule:Multiple occupancies found: CB in LYS A 26.
2022-11-08 13:40:24,545 WARNING:main.py:418:setup_molecule:Multiple occupancies found: CG in LYS A 26.
2022-11-08 13:40:24,545 WARNING:main.py:418:setup_molecule:Multiple occupancies found: CD in LYS A 26.
2022-11-08 13:40:24,545 WARNING:main.py:418:setup_molecule:Multiple occupancies found: CE in LYS A 26.
2022-11-08 13:40:24,545 WARNING:main.py:418:setup_molecule:Multiple occupancies found: NZ in LYS A 26.
2022-11-08 13:40:24,545 WARNING:main.py:418:setup_molecule:Multiple occupancies found: H in LYS A 26.
2022-11-08 13:40:24,545 WARNING:main.py:418:setup_molecule:Multiple occupancies found: HA in LYS A 26.
2022-11-08 13:40:24,545 WARNING:main.py:418:setup_molecule:Multiple occupancies found: HB2 in LYS A 26.
2022-11-08 13:40:24,546 WARNING:main.py:418:setup_molecule:Multiple occupancies found: HB3 in LYS A 26.
2022-11-08 13:40:24,546 WARNING:main.py:418:setup_molecule:Multiple occupancies found: HG2 in LYS A 26.
2022-11-08 13:40:24,546 WARNING:main.py:418:setup_molecule:Multiple occupancies found: HG3 in LYS A 26.
2022-11-08 13:40:24,546 WARNING:main.py:418:setup_molecule:Multiple occupancies found: HD2 in LYS A 26.
2022-11-08 13:40:24,546 WARNING:main.py:418:setup_molecule:Multiple occupancies found: HD3 in LYS A 26.
2022-11-08 13:40:24,546 WARNING:main.py:418:setup_molecule:Multiple occupancies found: HE2 in LYS A 26.
2022-11-08 13:40:24,546 WARNING:main.py:418:setup_molecule:Multiple occupancies found: HE3 in LYS A 26.
2022-11-08 13:40:24,546 WARNING:main.py:418:setup_molecule:Multiple occupancies found: HZ1 in LYS A 26.
2022-11-08 13:40:24,547 WARNING:main.py:418:setup_molecule:Multiple occupancies found: HZ2 in LYS A 26.
2022-11-08 13:40:24,547 WARNING:main.py:418:setup_molecule:Multiple occupancies found: HZ3 in LYS A 26.
2022-11-08 13:40:24,547 WARNING:main.py:424:setup_molecule:Multiple occupancies found in LYS A 26. At least one of the instances is being ignored.
2022-11-08 13:40:24,547 WARNING:main.py:418:setup_molecule:Multiple occupancies found: CA in CYS A 309.
2022-11-08 13:40:24,547 WARNING:main.py:418:setup_molecule:Multiple occupancies found: CB in CYS A 309.
2022-11-08 13:40:24,547 WARNING:main.py:418:setup_molecule:Multiple occupancies found: SG in CYS A 309.
2022-11-08 13:40:24,547 WARNING:main.py:418:setup_molecule:Multiple occupancies found: H in CYS A 309.
2022-11-08 13:40:24,547 WARNING:main.py:418:setup_molecule:Multiple occupancies found: HA in CYS A 309.
2022-11-08 13:40:24,548 WARNING:main.py:418:setup_molecule:Multiple occupancies found: HB2 in CYS A 309.
2022-11-08 13:40:24,548 WARNING:main.py:418:setup_molecule:Multiple occupancies found: HB3 in CYS A 309.
2022-11-08 13:40:24,548 WARNING:main.py:418:setup_molecule:Multiple occupancies found: HG in CYS A 309.
2022-11-08 13:40:24,548 WARNING:main.py:424:setup_molecule:Multiple occupancies found in CYS A 309. At least one of the instances is being ignored.
2022-11-08 13:40:24,548 WARNING:main.py:418:setup_molecule:Multiple occupancies found: CA in GLU A 365.
2022-11-08 13:40:24,548 WARNING:main.py:418:setup_molecule:Multiple occupancies found: CB in GLU A 365.
2022-11-08 13:40:24,548 WARNING:main.py:418:setup_molecule:Multiple occupancies found: CG in GLU A 365.
2022-11-08 13:40:24,548 WARNING:main.py:418:setup_molecule:Multiple occupancies found: CD in GLU A 365.
2022-11-08 13:40:24,549 WARNING:main.py:418:setup_molecule:Multiple occupancies found: OE1 in GLU A 365.
2022-11-08 13:40:24,549 WARNING:main.py:418:setup_molecule:Multiple occupancies found: OE2 in GLU A 365.
2022-11-08 13:40:24,551 WARNING:main.py:418:setup_molecule:Multiple occupancies found: H in GLU A 365.
2022-11-08 13:40:24,551 WARNING:main.py:418:setup_molecule:Multiple occupancies found: HA in GLU A 365.
2022-11-08 13:40:24,551 WARNING:main.py:418:setup_molecule:Multiple occupancies found: HB2 in GLU A 365.
2022-11-08 13:40:24,551 WARNING:main.py:418:setup_molecule:Multiple occupancies found: HB3 in GLU A 365.
2022-11-08 13:40:24,551 WARNING:main.py:418:setup_molecule:Multiple occupancies found: HG2 in GLU A 365.
2022-11-08 13:40:24,552 WARNING:main.py:418:setup_molecule:Multiple occupancies found: HG3 in GLU A 365.
2022-11-08 13:40:24,552 WARNING:main.py:424:setup_molecule:Multiple occupancies found in GLU A 365. At least one of the instances is being ignored.
2022-11-08 13:40:24,552 WARNING:main.py:418:setup_molecule:Multiple occupancies found: CA in SER A 369.
2022-11-08 13:40:24,552 WARNING:main.py:418:setup_molecule:Multiple occupancies found: CB in SER A 369.
2022-11-08 13:40:24,552 WARNING:main.py:418:setup_molecule:Multiple occupancies found: OG in SER A 369.
2022-11-08 13:40:24,552 WARNING:main.py:418:setup_molecule:Multiple occupancies found: H in SER A 369.
2022-11-08 13:40:24,552 WARNING:main.py:418:setup_molecule:Multiple occupancies found: HA in SER A 369.
2022-11-08 13:40:24,552 WARNING:main.py:418:setup_molecule:Multiple occupancies found: HB2 in SER A 369.
2022-11-08 13:40:24,553 WARNING:main.py:418:setup_molecule:Multiple occupancies found: HB3 in SER A 369.
2022-11-08 13:40:24,553 WARNING:main.py:418:setup_molecule:Multiple occupancies found: HG in SER A 369.
2022-11-08 13:40:24,553 WARNING:main.py:424:setup_molecule:Multiple occupancies found in SER A 369. At least one of the instances is being ignored.
2022-11-08 13:40:24,553 WARNING:main.py:418:setup_molecule:Multiple occupancies found: CA in ARG A 476.
2022-11-08 13:40:24,553 WARNING:main.py:418:setup_molecule:Multiple occupancies found: CB in ARG A 476.
2022-11-08 13:40:24,553 WARNING:main.py:418:setup_molecule:Multiple occupancies found: CG in ARG A 476.
2022-11-08 13:40:24,553 WARNING:main.py:418:setup_molecule:Multiple occupancies found: CD in ARG A 476.
2022-11-08 13:40:24,554 WARNING:main.py:418:setup_molecule:Multiple occupancies found: NE in ARG A 476.
2022-11-08 13:40:24,554 WARNING:main.py:418:setup_molecule:Multiple occupancies found: CZ in ARG A 476.
2022-11-08 13:40:24,554 WARNING:main.py:418:setup_molecule:Multiple occupancies found: NH1 in ARG A 476.
2022-11-08 13:40:24,554 WARNING:main.py:418:setup_molecule:Multiple occupancies found: NH2 in ARG A 476.
2022-11-08 13:40:24,554 WARNING:main.py:418:setup_molecule:Multiple occupancies found: H in ARG A 476.
2022-11-08 13:40:24,554 WARNING:main.py:418:setup_molecule:Multiple occupancies found: HA in ARG A 476.
2022-11-08 13:40:24,554 WARNING:main.py:418:setup_molecule:Multiple occupancies found: HB2 in ARG A 476.
2022-11-08 13:40:24,554 WARNING:main.py:418:setup_molecule:Multiple occupancies found: HB3 in ARG A 476.
2022-11-08 13:40:24,554 WARNING:main.py:418:setup_molecule:Multiple occupancies found: HG2 in ARG A 476.
2022-11-08 13:40:24,555 WARNING:main.py:418:setup_molecule:Multiple occupancies found: HG3 in ARG A 476.
2022-11-08 13:40:24,555 WARNING:main.py:418:setup_molecule:Multiple occupancies found: HD2 in ARG A 476.
2022-11-08 13:40:24,555 WARNING:main.py:418:setup_molecule:Multiple occupancies found: HD3 in ARG A 476.
2022-11-08 13:40:24,555 WARNING:main.py:418:setup_molecule:Multiple occupancies found: HE in ARG A 476.
2022-11-08 13:40:24,555 WARNING:main.py:418:setup_molecule:Multiple occupancies found: HH11 in ARG A 476.
2022-11-08 13:40:24,555 WARNING:main.py:418:setup_molecule:Multiple occupancies found: HH12 in ARG A 476.
2022-11-08 13:40:24,555 WARNING:main.py:418:setup_molecule:Multiple occupancies found: HH21 in ARG A 476.
2022-11-08 13:40:24,555 WARNING:main.py:418:setup_molecule:Multiple occupancies found: HH22 in ARG A 476.
2022-11-08 13:40:24,556 WARNING:main.py:424:setup_molecule:Multiple occupancies found in ARG A 476. At least one of the instances is being ignored.
2022-11-08 13:40:24,574 WARNING:biomolecule.py:600:update_bonds:Gap in backbone detected between ASP A 402 and LYS A 433!
2022-11-08 13:40:24,574 WARNING:biomolecule.py:600:update_bonds:Gap in backbone detected between HIS A 455 and TYR A 465!
2022-11-08 13:40:24,605 WARNING:biomolecule.py:157:num_missing_heavy:Missing atom CD in residue ARG A 10
2022-11-08 13:40:24,605 WARNING:biomolecule.py:157:num_missing_heavy:Missing atom NE in residue ARG A 10
2022-11-08 13:40:24,605 WARNING:biomolecule.py:157:num_missing_heavy:Missing atom CZ in residue ARG A 10
2022-11-08 13:40:24,605 WARNING:biomolecule.py:157:num_missing_heavy:Missing atom NH1 in residue ARG A 10
2022-11-08 13:40:24,606 WARNING:biomolecule.py:157:num_missing_heavy:Missing atom NH2 in residue ARG A 10
2022-11-08 13:40:24,606 WARNING:biomolecule.py:157:num_missing_heavy:Missing atom NE in residue ARG A 18
2022-11-08 13:40:24,606 WARNING:biomolecule.py:157:num_missing_heavy:Missing atom CZ in residue ARG A 18
2022-11-08 13:40:24,606 WARNING:biomolecule.py:157:num_missing_heavy:Missing atom NH1 in residue ARG A 18
2022-11-08 13:40:24,606 WARNING:biomolecule.py:157:num_missing_heavy:Missing atom NH2 in residue ARG A 18
2022-11-08 13:40:24,606 WARNING:biomolecule.py:157:num_missing_heavy:Missing atom CG in residue ASN A 30
2022-11-08 13:40:24,607 WARNING:biomolecule.py:157:num_missing_heavy:Missing atom OD1 in residue ASN A 30
2022-11-08 13:40:24,607 WARNING:biomolecule.py:157:num_missing_heavy:Missing atom ND2 in residue ASN A 30
2022-11-08 13:40:24,607 WARNING:biomolecule.py:157:num_missing_heavy:Missing atom OG in residue SER A 39
2022-11-08 13:40:24,607 WARNING:biomolecule.py:157:num_missing_heavy:Missing atom CG in residue ASN A 40
2022-11-08 13:40:24,607 WARNING:biomolecule.py:157:num_missing_heavy:Missing atom OD1 in residue ASN A 40
2022-11-08 13:40:24,607 WARNING:biomolecule.py:157:num_missing_heavy:Missing atom ND2 in residue ASN A 40
2022-11-08 13:40:24,608 WARNING:biomolecule.py:157:num_missing_heavy:Missing atom CG in residue GLN A 78
2022-11-08 13:40:24,608 WARNING:biomolecule.py:157:num_missing_heavy:Missing atom CD in residue GLN A 78
2022-11-08 13:40:24,608 WARNING:biomolecule.py:157:num_missing_heavy:Missing atom OE1 in residue GLN A 78
2022-11-08 13:40:24,608 WARNING:biomolecule.py:157:num_missing_heavy:Missing atom NE2 in residue GLN A 78
2022-11-08 13:40:24,608 WARNING:biomolecule.py:157:num_missing_heavy:Missing atom CG in residue GLU A 302
2022-11-08 13:40:24,608 WARNING:biomolecule.py:157:num_missing_heavy:Missing atom CD in residue GLU A 302
2022-11-08 13:40:24,609 WARNING:biomolecule.py:157:num_missing_heavy:Missing atom OE1 in residue GLU A 302
2022-11-08 13:40:24,609 WARNING:biomolecule.py:157:num_missing_heavy:Missing atom OE2 in residue GLU A 302
2022-11-08 13:40:24,610 WARNING:biomolecule.py:157:num_missing_heavy:Missing atom CG in residue LYS A 469
2022-11-08 13:40:24,610 WARNING:biomolecule.py:157:num_missing_heavy:Missing atom CD in residue LYS A 469
2022-11-08 13:40:24,610 WARNING:biomolecule.py:157:num_missing_heavy:Missing atom CE in residue LYS A 469
2022-11-08 13:40:24,610 WARNING:biomolecule.py:157:num_missing_heavy:Missing atom NZ in residue LYS A 469
2022-11-08 13:40:24,610 WARNING:biomolecule.py:157:num_missing_heavy:Missing atom CZ in residue ARG A 485
2022-11-08 13:40:24,611 WARNING:biomolecule.py:157:num_missing_heavy:Missing atom NH1 in residue ARG A 485
2022-11-08 13:40:24,611 WARNING:biomolecule.py:157:num_missing_heavy:Missing atom NH2 in residue ARG A 485
2022-11-08 13:40:24,611 WARNING:biomolecule.py:157:num_missing_heavy:Missing atom OXT in residue PHE A 523
2022-11-08 13:40:24,611 WARNING:biomolecule.py:157:num_missing_heavy:Missing atom CD in residue ARG A 10
2022-11-08 13:40:24,611 WARNING:biomolecule.py:157:num_missing_heavy:Missing atom NE in residue ARG A 10
2022-11-08 13:40:24,612 WARNING:biomolecule.py:157:num_missing_heavy:Missing atom CZ in residue ARG A 10
2022-11-08 13:40:24,612 WARNING:biomolecule.py:157:num_missing_heavy:Missing atom NH1 in residue ARG A 10
2022-11-08 13:40:24,612 WARNING:biomolecule.py:157:num_missing_heavy:Missing atom NH2 in residue ARG A 10
2022-11-08 13:40:24,612 WARNING:biomolecule.py:157:num_missing_heavy:Missing atom NE in residue ARG A 18
2022-11-08 13:40:24,612 WARNING:biomolecule.py:157:num_missing_heavy:Missing atom CZ in residue ARG A 18
2022-11-08 13:40:24,612 WARNING:biomolecule.py:157:num_missing_heavy:Missing atom NH1 in residue ARG A 18
2022-11-08 13:40:24,612 WARNING:biomolecule.py:157:num_missing_heavy:Missing atom NH2 in residue ARG A 18
2022-11-08 13:40:24,613 WARNING:biomolecule.py:157:num_missing_heavy:Missing atom CG in residue ASN A 30
2022-11-08 13:40:24,613 WARNING:biomolecule.py:157:num_missing_heavy:Missing atom OD1 in residue ASN A 30
2022-11-08 13:40:24,613 WARNING:biomolecule.py:157:num_missing_heavy:Missing atom ND2 in residue ASN A 30
2022-11-08 13:40:24,613 WARNING:biomolecule.py:157:num_missing_heavy:Missing atom OG in residue SER A 39
2022-11-08 13:40:24,613 WARNING:biomolecule.py:157:num_missing_heavy:Missing atom CG in residue ASN A 40
2022-11-08 13:40:24,613 WARNING:biomolecule.py:157:num_missing_heavy:Missing atom OD1 in residue ASN A 40
2022-11-08 13:40:24,613 WARNING:biomolecule.py:157:num_missing_heavy:Missing atom ND2 in residue ASN A 40
2022-11-08 13:40:24,614 WARNING:biomolecule.py:157:num_missing_heavy:Missing atom CG in residue GLN A 78
2022-11-08 13:40:24,614 WARNING:biomolecule.py:157:num_missing_heavy:Missing atom CD in residue GLN A 78
2022-11-08 13:40:24,614 WARNING:biomolecule.py:157:num_missing_heavy:Missing atom OE1 in residue GLN A 78
2022-11-08 13:40:24,614 WARNING:biomolecule.py:157:num_missing_heavy:Missing atom NE2 in residue GLN A 78
2022-11-08 13:40:24,614 WARNING:biomolecule.py:157:num_missing_heavy:Missing atom CG in residue GLU A 302
2022-11-08 13:40:24,614 WARNING:biomolecule.py:157:num_missing_heavy:Missing atom CD in residue GLU A 302
2022-11-08 13:40:24,615 WARNING:biomolecule.py:157:num_missing_heavy:Missing atom OE1 in residue GLU A 302
2022-11-08 13:40:24,615 WARNING:biomolecule.py:157:num_missing_heavy:Missing atom OE2 in residue GLU A 302
2022-11-08 13:40:24,616 WARNING:biomolecule.py:157:num_missing_heavy:Missing atom CG in residue LYS A 469
2022-11-08 13:40:24,616 WARNING:biomolecule.py:157:num_missing_heavy:Missing atom CD in residue LYS A 469
2022-11-08 13:40:24,616 WARNING:biomolecule.py:157:num_missing_heavy:Missing atom CE in residue LYS A 469
2022-11-08 13:40:24,616 WARNING:biomolecule.py:157:num_missing_heavy:Missing atom NZ in residue LYS A 469
2022-11-08 13:40:24,616 WARNING:biomolecule.py:157:num_missing_heavy:Missing atom CZ in residue ARG A 485
2022-11-08 13:40:24,616 WARNING:biomolecule.py:157:num_missing_heavy:Missing atom NH1 in residue ARG A 485
2022-11-08 13:40:24,617 WARNING:biomolecule.py:157:num_missing_heavy:Missing atom NH2 in residue ARG A 485
2022-11-08 13:40:24,617 WARNING:biomolecule.py:157:num_missing_heavy:Missing atom OXT in residue PHE A 523
2022-11-08 13:40:24,617 WARNING:biomolecule.py:157:num_missing_heavy:Missing atom CD in residue ARG A 10
2022-11-08 13:40:24,617 WARNING:biomolecule.py:157:num_missing_heavy:Missing atom NE in residue ARG A 10
2022-11-08 13:40:24,617 WARNING:biomolecule.py:157:num_missing_heavy:Missing atom CZ in residue ARG A 10
2022-11-08 13:40:24,617 WARNING:biomolecule.py:157:num_missing_heavy:Missing atom NH1 in residue ARG A 10
2022-11-08 13:40:24,618 WARNING:biomolecule.py:157:num_missing_heavy:Missing atom NH2 in residue ARG A 10
2022-11-08 13:40:24,618 WARNING:biomolecule.py:157:num_missing_heavy:Missing atom NE in residue ARG A 18
2022-11-08 13:40:24,618 WARNING:biomolecule.py:157:num_missing_heavy:Missing atom CZ in residue ARG A 18
2022-11-08 13:40:24,618 WARNING:biomolecule.py:157:num_missing_heavy:Missing atom NH1 in residue ARG A 18
2022-11-08 13:40:24,618 WARNING:biomolecule.py:157:num_missing_heavy:Missing atom NH2 in residue ARG A 18
2022-11-08 13:40:24,618 WARNING:biomolecule.py:157:num_missing_heavy:Missing atom CG in residue ASN A 30
2022-11-08 13:40:24,619 WARNING:biomolecule.py:157:num_missing_heavy:Missing atom OD1 in residue ASN A 30
2022-11-08 13:40:24,619 WARNING:biomolecule.py:157:num_missing_heavy:Missing atom ND2 in residue ASN A 30
2022-11-08 13:40:24,619 WARNING:biomolecule.py:157:num_missing_heavy:Missing atom OG in residue SER A 39
2022-11-08 13:40:24,619 WARNING:biomolecule.py:157:num_missing_heavy:Missing atom CG in residue ASN A 40
2022-11-08 13:40:24,619 WARNING:biomolecule.py:157:num_missing_heavy:Missing atom OD1 in residue ASN A 40
2022-11-08 13:40:24,619 WARNING:biomolecule.py:157:num_missing_heavy:Missing atom ND2 in residue ASN A 40
2022-11-08 13:40:24,620 WARNING:biomolecule.py:157:num_missing_heavy:Missing atom CG in residue GLN A 78
2022-11-08 13:40:24,620 WARNING:biomolecule.py:157:num_missing_heavy:Missing atom CD in residue GLN A 78
2022-11-08 13:40:24,620 WARNING:biomolecule.py:157:num_missing_heavy:Missing atom OE1 in residue GLN A 78
2022-11-08 13:40:24,620 WARNING:biomolecule.py:157:num_missing_heavy:Missing atom NE2 in residue GLN A 78
2022-11-08 13:40:24,620 WARNING:biomolecule.py:157:num_missing_heavy:Missing atom CG in residue GLU A 302
2022-11-08 13:40:24,620 WARNING:biomolecule.py:157:num_missing_heavy:Missing atom CD in residue GLU A 302
2022-11-08 13:40:24,620 WARNING:biomolecule.py:157:num_missing_heavy:Missing atom OE1 in residue GLU A 302
2022-11-08 13:40:24,620 WARNING:biomolecule.py:157:num_missing_heavy:Missing atom OE2 in residue GLU A 302
2022-11-08 13:40:24,621 WARNING:biomolecule.py:157:num_missing_heavy:Missing atom CG in residue LYS A 469
2022-11-08 13:40:24,622 WARNING:biomolecule.py:157:num_missing_heavy:Missing atom CD in residue LYS A 469
2022-11-08 13:40:24,622 WARNING:biomolecule.py:157:num_missing_heavy:Missing atom CE in residue LYS A 469
2022-11-08 13:40:24,622 WARNING:biomolecule.py:157:num_missing_heavy:Missing atom NZ in residue LYS A 469
2022-11-08 13:40:24,622 WARNING:biomolecule.py:157:num_missing_heavy:Missing atom CZ in residue ARG A 485
2022-11-08 13:40:24,622 WARNING:biomolecule.py:157:num_missing_heavy:Missing atom NH1 in residue ARG A 485
2022-11-08 13:40:24,622 WARNING:biomolecule.py:157:num_missing_heavy:Missing atom NH2 in residue ARG A 485
2022-11-08 13:40:24,623 WARNING:biomolecule.py:157:num_missing_heavy:Missing atom OXT in residue PHE A 523
2022-11-08 13:40:27,153 WARNING:main.py:311:print_pqr:Ignoring 2409 header lines in output.
2022-11-08 13:40:27,153 WARNING:main.py:315:print_pqr:Ignoring 47 missing lines in output.
