2022-11-08 13:30:19,315 WARNING:biomolecule.py:966:create_residue:Unable to find amino or nucleic acid definition for SAM.  Parsing as new residue.
2022-11-08 13:30:19,316 WARNING:biomolecule.py:966:create_residue:Unable to find amino or nucleic acid definition for 1L8.  Parsing as new residue.
2022-11-08 13:30:19,317 WARNING:biomolecule.py:966:create_residue:Unable to find amino or nucleic acid definition for UNX.  Parsing as new residue.
2022-11-08 13:30:19,317 WARNING:biomolecule.py:966:create_residue:Unable to find amino or nucleic acid definition for UNX.  Parsing as new residue.
2022-11-08 13:30:19,317 WARNING:biomolecule.py:966:create_residue:Unable to find amino or nucleic acid definition for UNX.  Parsing as new residue.
2022-11-08 13:30:19,317 WARNING:biomolecule.py:966:create_residue:Unable to find amino or nucleic acid definition for UNX.  Parsing as new residue.
2022-11-08 13:30:19,317 WARNING:biomolecule.py:966:create_residue:Unable to find amino or nucleic acid definition for UNX.  Parsing as new residue.
2022-11-08 13:30:19,317 WARNING:biomolecule.py:966:create_residue:Unable to find amino or nucleic acid definition for UNX.  Parsing as new residue.
2022-11-08 13:30:19,318 WARNING:biomolecule.py:966:create_residue:Unable to find amino or nucleic acid definition for UNX.  Parsing as new residue.
2022-11-08 13:30:19,318 WARNING:io.py:40:filter:Suppressing further "Unable to find amino or nucleic acid definition for" messages
2022-11-08 13:30:19,319 WARNING:main.py:418:setup_molecule:Multiple occupancies found: N in CYS A 119.
2022-11-08 13:30:19,319 WARNING:main.py:418:setup_molecule:Multiple occupancies found: CA in CYS A 119.
2022-11-08 13:30:19,319 WARNING:main.py:418:setup_molecule:Multiple occupancies found: C in CYS A 119.
2022-11-08 13:30:19,319 WARNING:main.py:418:setup_molecule:Multiple occupancies found: O in CYS A 119.
2022-11-08 13:30:19,319 WARNING:main.py:418:setup_molecule:Multiple occupancies found: CB in CYS A 119.
2022-11-08 13:30:19,319 WARNING:main.py:418:setup_molecule:Multiple occupancies found: SG in CYS A 119.
2022-11-08 13:30:19,319 WARNING:main.py:424:setup_molecule:Multiple occupancies found in CYS A 119. At least one of the instances is being ignored.
2022-11-08 13:30:19,320 WARNING:main.py:418:setup_molecule:Multiple occupancies found: CA in GLU A 166.
2022-11-08 13:30:19,320 WARNING:main.py:418:setup_molecule:Multiple occupancies found: CB in GLU A 166.
2022-11-08 13:30:19,320 WARNING:main.py:418:setup_molecule:Multiple occupancies found: CG in GLU A 166.
2022-11-08 13:30:19,320 WARNING:main.py:418:setup_molecule:Multiple occupancies found: CD in GLU A 166.
2022-11-08 13:30:19,320 WARNING:main.py:418:setup_molecule:Multiple occupancies found: OE1 in GLU A 166.
2022-11-08 13:30:19,320 WARNING:main.py:418:setup_molecule:Multiple occupancies found: OE2 in GLU A 166.
2022-11-08 13:30:19,320 WARNING:main.py:424:setup_molecule:Multiple occupancies found in GLU A 166. At least one of the instances is being ignored.
2022-11-08 13:30:19,320 WARNING:main.py:418:setup_molecule:Multiple occupancies found: CA in SER A 189.
2022-11-08 13:30:19,321 WARNING:main.py:418:setup_molecule:Multiple occupancies found: CB in SER A 189.
2022-11-08 13:30:19,321 WARNING:main.py:418:setup_molecule:Multiple occupancies found: OG in SER A 189.
2022-11-08 13:30:19,321 WARNING:main.py:424:setup_molecule:Multiple occupancies found in SER A 189. At least one of the instances is being ignored.
2022-11-08 13:30:19,321 WARNING:main.py:418:setup_molecule:Multiple occupancies found: CA in VAL A 333.
2022-11-08 13:30:19,321 WARNING:main.py:418:setup_molecule:Multiple occupancies found: CB in VAL A 333.
2022-11-08 13:30:19,321 WARNING:main.py:418:setup_molecule:Multiple occupancies found: CG1 in VAL A 333.
2022-11-08 13:30:19,321 WARNING:main.py:418:setup_molecule:Multiple occupancies found: CG2 in VAL A 333.
2022-11-08 13:30:19,322 WARNING:main.py:424:setup_molecule:Multiple occupancies found in VAL A 333. At least one of the instances is being ignored.
2022-11-08 13:30:19,361 WARNING:biomolecule.py:157:num_missing_heavy:Missing atom CG in residue GLU A 135
2022-11-08 13:30:19,362 WARNING:biomolecule.py:157:num_missing_heavy:Missing atom CD in residue GLU A 135
2022-11-08 13:30:19,362 WARNING:biomolecule.py:157:num_missing_heavy:Missing atom OE1 in residue GLU A 135
2022-11-08 13:30:19,362 WARNING:biomolecule.py:157:num_missing_heavy:Missing atom OE2 in residue GLU A 135
2022-11-08 13:30:19,362 WARNING:biomolecule.py:157:num_missing_heavy:Missing atom CG in residue ASP A 136
2022-11-08 13:30:19,362 WARNING:biomolecule.py:157:num_missing_heavy:Missing atom OD1 in residue ASP A 136
2022-11-08 13:30:19,362 WARNING:biomolecule.py:157:num_missing_heavy:Missing atom OD2 in residue ASP A 136
2022-11-08 13:30:19,362 WARNING:biomolecule.py:157:num_missing_heavy:Missing atom NZ in residue LYS A 143
2022-11-08 13:30:19,363 WARNING:biomolecule.py:157:num_missing_heavy:Missing atom CD in residue ARG A 152
2022-11-08 13:30:19,363 WARNING:biomolecule.py:157:num_missing_heavy:Missing atom NE in residue ARG A 152
2022-11-08 13:30:19,363 WARNING:biomolecule.py:157:num_missing_heavy:Missing atom CZ in residue ARG A 152
2022-11-08 13:30:19,363 WARNING:biomolecule.py:157:num_missing_heavy:Missing atom NH1 in residue ARG A 152
2022-11-08 13:30:19,363 WARNING:biomolecule.py:157:num_missing_heavy:Missing atom NH2 in residue ARG A 152
2022-11-08 13:30:19,363 WARNING:biomolecule.py:157:num_missing_heavy:Missing atom CD in residue GLU A 176
2022-11-08 13:30:19,363 WARNING:biomolecule.py:157:num_missing_heavy:Missing atom OE1 in residue GLU A 176
2022-11-08 13:30:19,364 WARNING:biomolecule.py:157:num_missing_heavy:Missing atom OE2 in residue GLU A 176
2022-11-08 13:30:19,364 WARNING:biomolecule.py:157:num_missing_heavy:Missing atom CD in residue GLN A 253
2022-11-08 13:30:19,364 WARNING:biomolecule.py:157:num_missing_heavy:Missing atom OE1 in residue GLN A 253
2022-11-08 13:30:19,364 WARNING:biomolecule.py:157:num_missing_heavy:Missing atom NE2 in residue GLN A 253
2022-11-08 13:30:19,365 WARNING:biomolecule.py:157:num_missing_heavy:Missing atom CG in residue TRP A 260
2022-11-08 13:30:19,365 WARNING:biomolecule.py:157:num_missing_heavy:Missing atom CD1 in residue TRP A 260
2022-11-08 13:30:19,365 WARNING:biomolecule.py:157:num_missing_heavy:Missing atom CD2 in residue TRP A 260
2022-11-08 13:30:19,365 WARNING:biomolecule.py:157:num_missing_heavy:Missing atom NE1 in residue TRP A 260
2022-11-08 13:30:19,365 WARNING:biomolecule.py:157:num_missing_heavy:Missing atom CE2 in residue TRP A 260
2022-11-08 13:30:19,365 WARNING:biomolecule.py:157:num_missing_heavy:Missing atom CE3 in residue TRP A 260
2022-11-08 13:30:19,365 WARNING:biomolecule.py:157:num_missing_heavy:Missing atom CZ2 in residue TRP A 260
2022-11-08 13:30:19,366 WARNING:biomolecule.py:157:num_missing_heavy:Missing atom CZ3 in residue TRP A 260
2022-11-08 13:30:19,366 WARNING:biomolecule.py:157:num_missing_heavy:Missing atom CH2 in residue TRP A 260
2022-11-08 13:30:19,366 WARNING:biomolecule.py:157:num_missing_heavy:Missing atom CG in residue GLU A 272
2022-11-08 13:30:19,366 WARNING:biomolecule.py:157:num_missing_heavy:Missing atom CD in residue GLU A 272
2022-11-08 13:30:19,366 WARNING:biomolecule.py:157:num_missing_heavy:Missing atom OE1 in residue GLU A 272
2022-11-08 13:30:19,366 WARNING:biomolecule.py:157:num_missing_heavy:Missing atom OE2 in residue GLU A 272
2022-11-08 13:30:19,367 WARNING:biomolecule.py:157:num_missing_heavy:Missing atom OE1 in residue GLU A 326
2022-11-08 13:30:19,367 WARNING:biomolecule.py:157:num_missing_heavy:Missing atom OE2 in residue GLU A 326
2022-11-08 13:30:19,367 WARNING:biomolecule.py:157:num_missing_heavy:Missing atom CG in residue GLU A 348
2022-11-08 13:30:19,367 WARNING:biomolecule.py:157:num_missing_heavy:Missing atom CD in residue GLU A 348
2022-11-08 13:30:19,367 WARNING:biomolecule.py:157:num_missing_heavy:Missing atom OE1 in residue GLU A 348
2022-11-08 13:30:19,367 WARNING:biomolecule.py:157:num_missing_heavy:Missing atom OE2 in residue GLU A 348
2022-11-08 13:30:19,368 WARNING:biomolecule.py:157:num_missing_heavy:Missing atom CG in residue LYS A 358
2022-11-08 13:30:19,368 WARNING:biomolecule.py:157:num_missing_heavy:Missing atom CD in residue LYS A 358
2022-11-08 13:30:19,368 WARNING:biomolecule.py:157:num_missing_heavy:Missing atom CE in residue LYS A 358
2022-11-08 13:30:19,368 WARNING:biomolecule.py:157:num_missing_heavy:Missing atom NZ in residue LYS A 358
2022-11-08 13:30:19,368 WARNING:biomolecule.py:157:num_missing_heavy:Missing atom OXT in residue THR A 363
2022-11-08 13:30:19,368 WARNING:biomolecule.py:157:num_missing_heavy:Missing atom CG in residue GLU A 135
2022-11-08 13:30:19,369 WARNING:biomolecule.py:157:num_missing_heavy:Missing atom CD in residue GLU A 135
2022-11-08 13:30:19,369 WARNING:biomolecule.py:157:num_missing_heavy:Missing atom OE1 in residue GLU A 135
2022-11-08 13:30:19,369 WARNING:biomolecule.py:157:num_missing_heavy:Missing atom OE2 in residue GLU A 135
2022-11-08 13:30:19,369 WARNING:biomolecule.py:157:num_missing_heavy:Missing atom CG in residue ASP A 136
2022-11-08 13:30:19,369 WARNING:biomolecule.py:157:num_missing_heavy:Missing atom OD1 in residue ASP A 136
2022-11-08 13:30:19,369 WARNING:biomolecule.py:157:num_missing_heavy:Missing atom OD2 in residue ASP A 136
2022-11-08 13:30:19,369 WARNING:biomolecule.py:157:num_missing_heavy:Missing atom NZ in residue LYS A 143
2022-11-08 13:30:19,370 WARNING:biomolecule.py:157:num_missing_heavy:Missing atom CD in residue ARG A 152
2022-11-08 13:30:19,370 WARNING:biomolecule.py:157:num_missing_heavy:Missing atom NE in residue ARG A 152
2022-11-08 13:30:19,370 WARNING:biomolecule.py:157:num_missing_heavy:Missing atom CZ in residue ARG A 152
2022-11-08 13:30:19,370 WARNING:biomolecule.py:157:num_missing_heavy:Missing atom NH1 in residue ARG A 152
2022-11-08 13:30:19,370 WARNING:biomolecule.py:157:num_missing_heavy:Missing atom NH2 in residue ARG A 152
2022-11-08 13:30:19,370 WARNING:biomolecule.py:157:num_missing_heavy:Missing atom CD in residue GLU A 176
2022-11-08 13:30:19,370 WARNING:biomolecule.py:157:num_missing_heavy:Missing atom OE1 in residue GLU A 176
2022-11-08 13:30:19,371 WARNING:biomolecule.py:157:num_missing_heavy:Missing atom OE2 in residue GLU A 176
2022-11-08 13:30:19,371 WARNING:biomolecule.py:157:num_missing_heavy:Missing atom CD in residue GLN A 253
2022-11-08 13:30:19,371 WARNING:biomolecule.py:157:num_missing_heavy:Missing atom OE1 in residue GLN A 253
2022-11-08 13:30:19,371 WARNING:biomolecule.py:157:num_missing_heavy:Missing atom NE2 in residue GLN A 253
2022-11-08 13:30:19,372 WARNING:biomolecule.py:157:num_missing_heavy:Missing atom CG in residue TRP A 260
2022-11-08 13:30:19,372 WARNING:biomolecule.py:157:num_missing_heavy:Missing atom CD1 in residue TRP A 260
2022-11-08 13:30:19,372 WARNING:biomolecule.py:157:num_missing_heavy:Missing atom CD2 in residue TRP A 260
2022-11-08 13:30:19,372 WARNING:biomolecule.py:157:num_missing_heavy:Missing atom NE1 in residue TRP A 260
2022-11-08 13:30:19,372 WARNING:biomolecule.py:157:num_missing_heavy:Missing atom CE2 in residue TRP A 260
2022-11-08 13:30:19,372 WARNING:biomolecule.py:157:num_missing_heavy:Missing atom CE3 in residue TRP A 260
2022-11-08 13:30:19,372 WARNING:biomolecule.py:157:num_missing_heavy:Missing atom CZ2 in residue TRP A 260
2022-11-08 13:30:19,373 WARNING:biomolecule.py:157:num_missing_heavy:Missing atom CZ3 in residue TRP A 260
2022-11-08 13:30:19,373 WARNING:biomolecule.py:157:num_missing_heavy:Missing atom CH2 in residue TRP A 260
2022-11-08 13:30:19,373 WARNING:biomolecule.py:157:num_missing_heavy:Missing atom CG in residue GLU A 272
2022-11-08 13:30:19,373 WARNING:biomolecule.py:157:num_missing_heavy:Missing atom CD in residue GLU A 272
2022-11-08 13:30:19,373 WARNING:biomolecule.py:157:num_missing_heavy:Missing atom OE1 in residue GLU A 272
2022-11-08 13:30:19,373 WARNING:biomolecule.py:157:num_missing_heavy:Missing atom OE2 in residue GLU A 272
2022-11-08 13:30:19,374 WARNING:biomolecule.py:157:num_missing_heavy:Missing atom OE1 in residue GLU A 326
2022-11-08 13:30:19,374 WARNING:biomolecule.py:157:num_missing_heavy:Missing atom OE2 in residue GLU A 326
2022-11-08 13:30:19,374 WARNING:biomolecule.py:157:num_missing_heavy:Missing atom CG in residue GLU A 348
2022-11-08 13:30:19,374 WARNING:biomolecule.py:157:num_missing_heavy:Missing atom CD in residue GLU A 348
2022-11-08 13:30:19,374 WARNING:biomolecule.py:157:num_missing_heavy:Missing atom OE1 in residue GLU A 348
2022-11-08 13:30:19,375 WARNING:biomolecule.py:157:num_missing_heavy:Missing atom OE2 in residue GLU A 348
2022-11-08 13:30:19,375 WARNING:biomolecule.py:157:num_missing_heavy:Missing atom CG in residue LYS A 358
2022-11-08 13:30:19,375 WARNING:biomolecule.py:157:num_missing_heavy:Missing atom CD in residue LYS A 358
2022-11-08 13:30:19,375 WARNING:biomolecule.py:157:num_missing_heavy:Missing atom CE in residue LYS A 358
2022-11-08 13:30:19,375 WARNING:biomolecule.py:157:num_missing_heavy:Missing atom NZ in residue LYS A 358
2022-11-08 13:30:19,375 WARNING:biomolecule.py:157:num_missing_heavy:Missing atom OXT in residue THR A 363
2022-11-08 13:30:19,375 WARNING:biomolecule.py:157:num_missing_heavy:Missing atom CG in residue GLU A 135
2022-11-08 13:30:19,376 WARNING:biomolecule.py:157:num_missing_heavy:Missing atom CD in residue GLU A 135
2022-11-08 13:30:19,376 WARNING:biomolecule.py:157:num_missing_heavy:Missing atom OE1 in residue GLU A 135
2022-11-08 13:30:19,376 WARNING:biomolecule.py:157:num_missing_heavy:Missing atom OE2 in residue GLU A 135
2022-11-08 13:30:19,376 WARNING:biomolecule.py:157:num_missing_heavy:Missing atom CG in residue ASP A 136
2022-11-08 13:30:19,376 WARNING:biomolecule.py:157:num_missing_heavy:Missing atom OD1 in residue ASP A 136
2022-11-08 13:30:19,376 WARNING:biomolecule.py:157:num_missing_heavy:Missing atom OD2 in residue ASP A 136
2022-11-08 13:30:19,376 WARNING:biomolecule.py:157:num_missing_heavy:Missing atom NZ in residue LYS A 143
2022-11-08 13:30:19,377 WARNING:biomolecule.py:157:num_missing_heavy:Missing atom CD in residue ARG A 152
2022-11-08 13:30:19,377 WARNING:biomolecule.py:157:num_missing_heavy:Missing atom NE in residue ARG A 152
2022-11-08 13:30:19,377 WARNING:biomolecule.py:157:num_missing_heavy:Missing atom CZ in residue ARG A 152
2022-11-08 13:30:19,377 WARNING:biomolecule.py:157:num_missing_heavy:Missing atom NH1 in residue ARG A 152
2022-11-08 13:30:19,377 WARNING:biomolecule.py:157:num_missing_heavy:Missing atom NH2 in residue ARG A 152
2022-11-08 13:30:19,377 WARNING:biomolecule.py:157:num_missing_heavy:Missing atom CD in residue GLU A 176
2022-11-08 13:30:19,377 WARNING:biomolecule.py:157:num_missing_heavy:Missing atom OE1 in residue GLU A 176
2022-11-08 13:30:19,378 WARNING:biomolecule.py:157:num_missing_heavy:Missing atom OE2 in residue GLU A 176
2022-11-08 13:30:19,378 WARNING:biomolecule.py:157:num_missing_heavy:Missing atom CD in residue GLN A 253
2022-11-08 13:30:19,378 WARNING:biomolecule.py:157:num_missing_heavy:Missing atom OE1 in residue GLN A 253
2022-11-08 13:30:19,378 WARNING:biomolecule.py:157:num_missing_heavy:Missing atom NE2 in residue GLN A 253
2022-11-08 13:30:19,379 WARNING:biomolecule.py:157:num_missing_heavy:Missing atom CG in residue TRP A 260
2022-11-08 13:30:19,379 WARNING:biomolecule.py:157:num_missing_heavy:Missing atom CD1 in residue TRP A 260
2022-11-08 13:30:19,379 WARNING:biomolecule.py:157:num_missing_heavy:Missing atom CD2 in residue TRP A 260
2022-11-08 13:30:19,379 WARNING:biomolecule.py:157:num_missing_heavy:Missing atom NE1 in residue TRP A 260
2022-11-08 13:30:19,379 WARNING:biomolecule.py:157:num_missing_heavy:Missing atom CE2 in residue TRP A 260
2022-11-08 13:30:19,379 WARNING:biomolecule.py:157:num_missing_heavy:Missing atom CE3 in residue TRP A 260
2022-11-08 13:30:19,379 WARNING:biomolecule.py:157:num_missing_heavy:Missing atom CZ2 in residue TRP A 260
2022-11-08 13:30:19,379 WARNING:biomolecule.py:157:num_missing_heavy:Missing atom CZ3 in residue TRP A 260
2022-11-08 13:30:19,380 WARNING:biomolecule.py:157:num_missing_heavy:Missing atom CH2 in residue TRP A 260
2022-11-08 13:30:19,380 WARNING:biomolecule.py:157:num_missing_heavy:Missing atom CG in residue GLU A 272
2022-11-08 13:30:19,380 WARNING:biomolecule.py:157:num_missing_heavy:Missing atom CD in residue GLU A 272
2022-11-08 13:30:19,380 WARNING:biomolecule.py:157:num_missing_heavy:Missing atom OE1 in residue GLU A 272
2022-11-08 13:30:19,380 WARNING:biomolecule.py:157:num_missing_heavy:Missing atom OE2 in residue GLU A 272
2022-11-08 13:30:19,381 WARNING:biomolecule.py:157:num_missing_heavy:Missing atom OE1 in residue GLU A 326
2022-11-08 13:30:19,381 WARNING:biomolecule.py:157:num_missing_heavy:Missing atom OE2 in residue GLU A 326
2022-11-08 13:30:19,381 WARNING:biomolecule.py:157:num_missing_heavy:Missing atom CG in residue GLU A 348
2022-11-08 13:30:19,381 WARNING:biomolecule.py:157:num_missing_heavy:Missing atom CD in residue GLU A 348
2022-11-08 13:30:19,381 WARNING:biomolecule.py:157:num_missing_heavy:Missing atom OE1 in residue GLU A 348
2022-11-08 13:30:19,381 WARNING:biomolecule.py:157:num_missing_heavy:Missing atom OE2 in residue GLU A 348
2022-11-08 13:30:19,382 WARNING:biomolecule.py:157:num_missing_heavy:Missing atom CG in residue LYS A 358
2022-11-08 13:30:19,382 WARNING:biomolecule.py:157:num_missing_heavy:Missing atom CD in residue LYS A 358
2022-11-08 13:30:19,382 WARNING:biomolecule.py:157:num_missing_heavy:Missing atom CE in residue LYS A 358
2022-11-08 13:30:19,382 WARNING:biomolecule.py:157:num_missing_heavy:Missing atom NZ in residue LYS A 358
2022-11-08 13:30:19,382 WARNING:biomolecule.py:157:num_missing_heavy:Missing atom OXT in residue THR A 363
2022-11-08 13:30:20,760 WARNING:debump.py:172:debump_biomolecule:WARNING: Unable to debump GLY A 343
2022-11-08 13:30:22,786 WARNING:main.py:311:print_pqr:Ignoring 3456 header lines in output.
2022-11-08 13:30:22,786 WARNING:main.py:315:print_pqr:Ignoring 78 missing lines in output.
