2022-11-08 13:33:34,970 WARNING:biomolecule.py:966:create_residue:Unable to find amino or nucleic acid definition for ZN.  Parsing as new residue.
2022-11-08 13:33:34,971 WARNING:biomolecule.py:966:create_residue:Unable to find amino or nucleic acid definition for ZN.  Parsing as new residue.
2022-11-08 13:33:34,971 WARNING:biomolecule.py:966:create_residue:Unable to find amino or nucleic acid definition for ZN.  Parsing as new residue.
2022-11-08 13:33:34,971 WARNING:biomolecule.py:966:create_residue:Unable to find amino or nucleic acid definition for ZN.  Parsing as new residue.
2022-11-08 13:33:34,971 WARNING:biomolecule.py:966:create_residue:Unable to find amino or nucleic acid definition for SAM.  Parsing as new residue.
2022-11-08 13:33:34,972 WARNING:biomolecule.py:966:create_residue:Unable to find amino or nucleic acid definition for 7KZ.  Parsing as new residue.
2022-11-08 13:33:34,972 WARNING:biomolecule.py:966:create_residue:Unable to find amino or nucleic acid definition for CL.  Parsing as new residue.
2022-11-08 13:33:34,972 WARNING:biomolecule.py:966:create_residue:Unable to find amino or nucleic acid definition for UNX.  Parsing as new residue.
2022-11-08 13:33:34,996 WARNING:biomolecule.py:966:create_residue:Unable to find amino or nucleic acid definition for ZN.  Parsing as new residue.
2022-11-08 13:33:34,996 WARNING:io.py:40:filter:Suppressing further "Unable to find amino or nucleic acid definition for" messages
2022-11-08 13:33:34,998 WARNING:main.py:418:setup_molecule:Multiple occupancies found: CA in MET A 1048.
2022-11-08 13:33:34,998 WARNING:main.py:418:setup_molecule:Multiple occupancies found: CB in MET A 1048.
2022-11-08 13:33:34,998 WARNING:main.py:418:setup_molecule:Multiple occupancies found: CG in MET A 1048.
2022-11-08 13:33:34,998 WARNING:main.py:418:setup_molecule:Multiple occupancies found: SD in MET A 1048.
2022-11-08 13:33:34,998 WARNING:main.py:418:setup_molecule:Multiple occupancies found: CE in MET A 1048.
2022-11-08 13:33:34,998 WARNING:main.py:424:setup_molecule:Multiple occupancies found in MET A 1048. At least one of the instances is being ignored.
2022-11-08 13:33:34,999 WARNING:main.py:418:setup_molecule:Multiple occupancies found: N in THR A 1057.
2022-11-08 13:33:34,999 WARNING:main.py:418:setup_molecule:Multiple occupancies found: CA in THR A 1057.
2022-11-08 13:33:34,999 WARNING:main.py:418:setup_molecule:Multiple occupancies found: C in THR A 1057.
2022-11-08 13:33:34,999 WARNING:main.py:418:setup_molecule:Multiple occupancies found: O in THR A 1057.
2022-11-08 13:33:34,999 WARNING:main.py:418:setup_molecule:Multiple occupancies found: CB in THR A 1057.
2022-11-08 13:33:34,999 WARNING:main.py:418:setup_molecule:Multiple occupancies found: CG2 in THR A 1057.
2022-11-08 13:33:34,999 WARNING:main.py:418:setup_molecule:Multiple occupancies found: OG1 in THR A 1057.
2022-11-08 13:33:34,999 WARNING:main.py:424:setup_molecule:Multiple occupancies found in THR A 1057. At least one of the instances is being ignored.
2022-11-08 13:33:34,999 WARNING:main.py:418:setup_molecule:Multiple occupancies found: CA in SER A 1108.
2022-11-08 13:33:35,000 WARNING:main.py:418:setup_molecule:Multiple occupancies found: CB in SER A 1108.
2022-11-08 13:33:35,000 WARNING:main.py:418:setup_molecule:Multiple occupancies found: OG in SER A 1108.
2022-11-08 13:33:35,000 WARNING:main.py:424:setup_molecule:Multiple occupancies found in SER A 1108. At least one of the instances is being ignored.
2022-11-08 13:33:35,000 WARNING:main.py:418:setup_molecule:Multiple occupancies found: CA in ARG A 1142.
2022-11-08 13:33:35,000 WARNING:main.py:418:setup_molecule:Multiple occupancies found: CB in ARG A 1142.
2022-11-08 13:33:35,000 WARNING:main.py:418:setup_molecule:Multiple occupancies found: CG in ARG A 1142.
2022-11-08 13:33:35,000 WARNING:main.py:418:setup_molecule:Multiple occupancies found: CD in ARG A 1142.
2022-11-08 13:33:35,000 WARNING:main.py:418:setup_molecule:Multiple occupancies found: NE in ARG A 1142.
2022-11-08 13:33:35,001 WARNING:main.py:418:setup_molecule:Multiple occupancies found: CZ in ARG A 1142.
2022-11-08 13:33:35,001 WARNING:main.py:418:setup_molecule:Multiple occupancies found: NH1 in ARG A 1142.
2022-11-08 13:33:35,001 WARNING:main.py:418:setup_molecule:Multiple occupancies found: NH2 in ARG A 1142.
2022-11-08 13:33:35,002 WARNING:main.py:424:setup_molecule:Multiple occupancies found in ARG A 1142. At least one of the instances is being ignored.
2022-11-08 13:33:35,002 WARNING:main.py:418:setup_molecule:Multiple occupancies found: CA in LEU C 986.
2022-11-08 13:33:35,002 WARNING:main.py:418:setup_molecule:Multiple occupancies found: CB in LEU C 986.
2022-11-08 13:33:35,002 WARNING:main.py:418:setup_molecule:Multiple occupancies found: CG in LEU C 986.
2022-11-08 13:33:35,002 WARNING:main.py:418:setup_molecule:Multiple occupancies found: CD1 in LEU C 986.
2022-11-08 13:33:35,002 WARNING:main.py:418:setup_molecule:Multiple occupancies found: CD2 in LEU C 986.
2022-11-08 13:33:35,002 WARNING:main.py:424:setup_molecule:Multiple occupancies found in LEU C 986. At least one of the instances is being ignored.
2022-11-08 13:33:35,002 WARNING:main.py:418:setup_molecule:Multiple occupancies found: CA in SER C 1022.
2022-11-08 13:33:35,003 WARNING:main.py:418:setup_molecule:Multiple occupancies found: CB in SER C 1022.
2022-11-08 13:33:35,003 WARNING:main.py:418:setup_molecule:Multiple occupancies found: OG in SER C 1022.
2022-11-08 13:33:35,003 WARNING:main.py:424:setup_molecule:Multiple occupancies found in SER C 1022. At least one of the instances is being ignored.
2022-11-08 13:33:35,003 WARNING:main.py:418:setup_molecule:Multiple occupancies found: CA in SER C 1108.
2022-11-08 13:33:35,003 WARNING:main.py:418:setup_molecule:Multiple occupancies found: CB in SER C 1108.
2022-11-08 13:33:35,003 WARNING:main.py:418:setup_molecule:Multiple occupancies found: OG in SER C 1108.
2022-11-08 13:33:35,003 WARNING:main.py:424:setup_molecule:Multiple occupancies found in SER C 1108. At least one of the instances is being ignored.
2022-11-08 13:33:35,004 WARNING:main.py:418:setup_molecule:Multiple occupancies found: CA in ARG C 1123.
2022-11-08 13:33:35,004 WARNING:main.py:418:setup_molecule:Multiple occupancies found: CB in ARG C 1123.
2022-11-08 13:33:35,004 WARNING:main.py:418:setup_molecule:Multiple occupancies found: CG in ARG C 1123.
2022-11-08 13:33:35,004 WARNING:main.py:418:setup_molecule:Multiple occupancies found: CD in ARG C 1123.
2022-11-08 13:33:35,004 WARNING:main.py:418:setup_molecule:Multiple occupancies found: NE in ARG C 1123.
2022-11-08 13:33:35,004 WARNING:main.py:418:setup_molecule:Multiple occupancies found: CZ in ARG C 1123.
2022-11-08 13:33:35,004 WARNING:main.py:418:setup_molecule:Multiple occupancies found: NH1 in ARG C 1123.
2022-11-08 13:33:35,004 WARNING:main.py:418:setup_molecule:Multiple occupancies found: NH2 in ARG C 1123.
2022-11-08 13:33:35,004 WARNING:main.py:424:setup_molecule:Multiple occupancies found in ARG C 1123. At least one of the instances is being ignored.
2022-11-08 13:33:35,005 WARNING:main.py:418:setup_molecule:Multiple occupancies found: CA in ARG C 1142.
2022-11-08 13:33:35,005 WARNING:main.py:418:setup_molecule:Multiple occupancies found: CB in ARG C 1142.
2022-11-08 13:33:35,005 WARNING:main.py:418:setup_molecule:Multiple occupancies found: CG in ARG C 1142.
2022-11-08 13:33:35,005 WARNING:main.py:418:setup_molecule:Multiple occupancies found: CD in ARG C 1142.
2022-11-08 13:33:35,005 WARNING:main.py:418:setup_molecule:Multiple occupancies found: NE in ARG C 1142.
2022-11-08 13:33:35,005 WARNING:main.py:418:setup_molecule:Multiple occupancies found: CZ in ARG C 1142.
2022-11-08 13:33:35,005 WARNING:main.py:418:setup_molecule:Multiple occupancies found: NH1 in ARG C 1142.
2022-11-08 13:33:35,005 WARNING:main.py:418:setup_molecule:Multiple occupancies found: NH2 in ARG C 1142.
2022-11-08 13:33:35,006 WARNING:main.py:424:setup_molecule:Multiple occupancies found in ARG C 1142. At least one of the instances is being ignored.
2022-11-08 13:33:35,026 WARNING:biomolecule.py:600:update_bonds:Gap in backbone detected between ASP A 1090 and GLU A 1095!
2022-11-08 13:33:35,061 WARNING:biomolecule.py:157:num_missing_heavy:Missing atom CE in residue LYS A 920
2022-11-08 13:33:35,061 WARNING:biomolecule.py:157:num_missing_heavy:Missing atom NZ in residue LYS A 920
2022-11-08 13:33:35,062 WARNING:biomolecule.py:157:num_missing_heavy:Missing atom CG in residue GLN A 1004
2022-11-08 13:33:35,062 WARNING:biomolecule.py:157:num_missing_heavy:Missing atom CD in residue GLN A 1004
2022-11-08 13:33:35,062 WARNING:biomolecule.py:157:num_missing_heavy:Missing atom OE1 in residue GLN A 1004
2022-11-08 13:33:35,062 WARNING:biomolecule.py:157:num_missing_heavy:Missing atom NE2 in residue GLN A 1004
2022-11-08 13:33:35,062 WARNING:biomolecule.py:157:num_missing_heavy:Missing atom CG2 in residue ILE A 1009
2022-11-08 13:33:35,062 WARNING:biomolecule.py:157:num_missing_heavy:Missing atom CD1 in residue ILE A 1009
2022-11-08 13:33:35,063 WARNING:biomolecule.py:157:num_missing_heavy:Missing atom NZ in residue LYS A 1047
2022-11-08 13:33:35,063 WARNING:biomolecule.py:157:num_missing_heavy:Missing atom CG in residue ASP A 1074
2022-11-08 13:33:35,063 WARNING:biomolecule.py:157:num_missing_heavy:Missing atom OD1 in residue ASP A 1074
2022-11-08 13:33:35,063 WARNING:biomolecule.py:157:num_missing_heavy:Missing atom OD2 in residue ASP A 1074
2022-11-08 13:33:35,063 WARNING:biomolecule.py:157:num_missing_heavy:Missing atom CG in residue GLU A 1081
2022-11-08 13:33:35,064 WARNING:biomolecule.py:157:num_missing_heavy:Missing atom CD in residue GLU A 1081
2022-11-08 13:33:35,064 WARNING:biomolecule.py:157:num_missing_heavy:Missing atom OE1 in residue GLU A 1081
2022-11-08 13:33:35,064 WARNING:biomolecule.py:157:num_missing_heavy:Missing atom OE2 in residue GLU A 1081
2022-11-08 13:33:35,064 WARNING:biomolecule.py:157:num_missing_heavy:Missing atom CG in residue GLU A 1095
2022-11-08 13:33:35,064 WARNING:biomolecule.py:157:num_missing_heavy:Missing atom CD in residue GLU A 1095
2022-11-08 13:33:35,064 WARNING:biomolecule.py:157:num_missing_heavy:Missing atom OE1 in residue GLU A 1095
2022-11-08 13:33:35,064 WARNING:biomolecule.py:157:num_missing_heavy:Missing atom OE2 in residue GLU A 1095
2022-11-08 13:33:35,065 WARNING:biomolecule.py:157:num_missing_heavy:Missing atom NE in residue ARG A 1145
2022-11-08 13:33:35,065 WARNING:biomolecule.py:157:num_missing_heavy:Missing atom CZ in residue ARG A 1145
2022-11-08 13:33:35,065 WARNING:biomolecule.py:157:num_missing_heavy:Missing atom NH1 in residue ARG A 1145
2022-11-08 13:33:35,065 WARNING:biomolecule.py:157:num_missing_heavy:Missing atom NH2 in residue ARG A 1145
2022-11-08 13:33:35,065 WARNING:biomolecule.py:157:num_missing_heavy:Missing atom NH1 in residue ARG A 1157
2022-11-08 13:33:35,066 WARNING:biomolecule.py:157:num_missing_heavy:Missing atom NH2 in residue ARG A 1157
2022-11-08 13:33:35,066 WARNING:biomolecule.py:157:num_missing_heavy:Missing atom CG in residue LYS A 1164
2022-11-08 13:33:35,066 WARNING:biomolecule.py:157:num_missing_heavy:Missing atom CD in residue LYS A 1164
2022-11-08 13:33:35,066 WARNING:biomolecule.py:157:num_missing_heavy:Missing atom CE in residue LYS A 1164
2022-11-08 13:33:35,066 WARNING:biomolecule.py:157:num_missing_heavy:Missing atom NZ in residue LYS A 1164
2022-11-08 13:33:35,066 WARNING:biomolecule.py:157:num_missing_heavy:Missing atom CG in residue GLU A 1173
2022-11-08 13:33:35,066 WARNING:biomolecule.py:157:num_missing_heavy:Missing atom CD in residue GLU A 1173
2022-11-08 13:33:35,067 WARNING:biomolecule.py:157:num_missing_heavy:Missing atom OE1 in residue GLU A 1173
2022-11-08 13:33:35,067 WARNING:biomolecule.py:157:num_missing_heavy:Missing atom OE2 in residue GLU A 1173
2022-11-08 13:33:35,067 WARNING:biomolecule.py:157:num_missing_heavy:Missing atom CG in residue LYS A 1174
2022-11-08 13:33:35,067 WARNING:biomolecule.py:157:num_missing_heavy:Missing atom CD in residue LYS A 1174
2022-11-08 13:33:35,067 WARNING:biomolecule.py:157:num_missing_heavy:Missing atom CE in residue LYS A 1174
2022-11-08 13:33:35,067 WARNING:biomolecule.py:157:num_missing_heavy:Missing atom NZ in residue LYS A 1174
2022-11-08 13:33:35,067 WARNING:biomolecule.py:157:num_missing_heavy:Missing atom CD in residue LYS A 1176
2022-11-08 13:33:35,067 WARNING:biomolecule.py:157:num_missing_heavy:Missing atom CE in residue LYS A 1176
2022-11-08 13:33:35,068 WARNING:biomolecule.py:157:num_missing_heavy:Missing atom NZ in residue LYS A 1176
2022-11-08 13:33:35,068 WARNING:biomolecule.py:157:num_missing_heavy:Missing atom CG in residue GLU A 1180
2022-11-08 13:33:35,068 WARNING:biomolecule.py:157:num_missing_heavy:Missing atom CD in residue GLU A 1180
2022-11-08 13:33:35,068 WARNING:biomolecule.py:157:num_missing_heavy:Missing atom OE1 in residue GLU A 1180
2022-11-08 13:33:35,068 WARNING:biomolecule.py:157:num_missing_heavy:Missing atom OE2 in residue GLU A 1180
2022-11-08 13:33:35,068 WARNING:biomolecule.py:157:num_missing_heavy:Missing atom CD1 in residue LEU A 1184
2022-11-08 13:33:35,068 WARNING:biomolecule.py:157:num_missing_heavy:Missing atom CG in residue GLU A 1185
2022-11-08 13:33:35,069 WARNING:biomolecule.py:157:num_missing_heavy:Missing atom CD in residue GLU A 1185
2022-11-08 13:33:35,069 WARNING:biomolecule.py:157:num_missing_heavy:Missing atom OE1 in residue GLU A 1185
2022-11-08 13:33:35,069 WARNING:biomolecule.py:157:num_missing_heavy:Missing atom OE2 in residue GLU A 1185
2022-11-08 13:33:35,069 WARNING:biomolecule.py:157:num_missing_heavy:Missing atom CG in residue GLN A 1186
2022-11-08 13:33:35,069 WARNING:biomolecule.py:157:num_missing_heavy:Missing atom CD in residue GLN A 1186
2022-11-08 13:33:35,069 WARNING:biomolecule.py:157:num_missing_heavy:Missing atom OE1 in residue GLN A 1186
2022-11-08 13:33:35,069 WARNING:biomolecule.py:157:num_missing_heavy:Missing atom NE2 in residue GLN A 1186
2022-11-08 13:33:35,069 WARNING:biomolecule.py:157:num_missing_heavy:Missing atom OXT in residue GLN A 1186
2022-11-08 13:33:35,069 WARNING:biomolecule.py:157:num_missing_heavy:Missing atom CG1 in residue ILE C 921
2022-11-08 13:33:35,070 WARNING:biomolecule.py:157:num_missing_heavy:Missing atom CG2 in residue ILE C 921
2022-11-08 13:33:35,070 WARNING:biomolecule.py:157:num_missing_heavy:Missing atom CD1 in residue ILE C 921
2022-11-08 13:33:35,070 WARNING:biomolecule.py:157:num_missing_heavy:Missing atom CG1 in residue ILE C 992
2022-11-08 13:33:35,070 WARNING:biomolecule.py:157:num_missing_heavy:Missing atom CG2 in residue ILE C 992
2022-11-08 13:33:35,071 WARNING:biomolecule.py:157:num_missing_heavy:Missing atom CD1 in residue ILE C 992
2022-11-08 13:33:35,071 WARNING:biomolecule.py:157:num_missing_heavy:Missing atom CD in residue GLU C 1005
2022-11-08 13:33:35,071 WARNING:biomolecule.py:157:num_missing_heavy:Missing atom OE1 in residue GLU C 1005
2022-11-08 13:33:35,071 WARNING:biomolecule.py:157:num_missing_heavy:Missing atom OE2 in residue GLU C 1005
2022-11-08 13:33:35,071 WARNING:biomolecule.py:157:num_missing_heavy:Missing atom CD in residue LYS C 1047
2022-11-08 13:33:35,072 WARNING:biomolecule.py:157:num_missing_heavy:Missing atom CE in residue LYS C 1047
2022-11-08 13:33:35,072 WARNING:biomolecule.py:157:num_missing_heavy:Missing atom NZ in residue LYS C 1047
2022-11-08 13:33:35,072 WARNING:biomolecule.py:157:num_missing_heavy:Missing atom CG in residue ASP C 1078
2022-11-08 13:33:35,072 WARNING:biomolecule.py:157:num_missing_heavy:Missing atom OD1 in residue ASP C 1078
2022-11-08 13:33:35,072 WARNING:biomolecule.py:157:num_missing_heavy:Missing atom OD2 in residue ASP C 1078
2022-11-08 13:33:35,072 WARNING:biomolecule.py:157:num_missing_heavy:Missing atom CG in residue GLU C 1081
2022-11-08 13:33:35,073 WARNING:biomolecule.py:157:num_missing_heavy:Missing atom CD in residue GLU C 1081
2022-11-08 13:33:35,073 WARNING:biomolecule.py:157:num_missing_heavy:Missing atom OE1 in residue GLU C 1081
2022-11-08 13:33:35,073 WARNING:biomolecule.py:157:num_missing_heavy:Missing atom OE2 in residue GLU C 1081
2022-11-08 13:33:35,073 WARNING:biomolecule.py:157:num_missing_heavy:Missing atom CG in residue ASP C 1090
2022-11-08 13:33:35,073 WARNING:biomolecule.py:157:num_missing_heavy:Missing atom OD1 in residue ASP C 1090
2022-11-08 13:33:35,073 WARNING:biomolecule.py:157:num_missing_heavy:Missing atom OD2 in residue ASP C 1090
2022-11-08 13:33:35,073 WARNING:biomolecule.py:157:num_missing_heavy:Missing atom CG in residue ASN C 1091
2022-11-08 13:33:35,073 WARNING:biomolecule.py:157:num_missing_heavy:Missing atom OD1 in residue ASN C 1091
2022-11-08 13:33:35,074 WARNING:biomolecule.py:157:num_missing_heavy:Missing atom ND2 in residue ASN C 1091
2022-11-08 13:33:35,074 WARNING:biomolecule.py:157:num_missing_heavy:Missing atom N in residue GLU C 1095
2022-11-08 13:33:35,074 WARNING:biomolecule.py:157:num_missing_heavy:Missing atom CB in residue GLU C 1095
2022-11-08 13:33:35,074 WARNING:biomolecule.py:157:num_missing_heavy:Missing atom CG in residue GLU C 1095
2022-11-08 13:33:35,074 WARNING:biomolecule.py:157:num_missing_heavy:Missing atom CD in residue GLU C 1095
2022-11-08 13:33:35,074 WARNING:biomolecule.py:157:num_missing_heavy:Missing atom OE1 in residue GLU C 1095
2022-11-08 13:33:35,074 WARNING:biomolecule.py:157:num_missing_heavy:Missing atom OE2 in residue GLU C 1095
2022-11-08 13:33:35,075 WARNING:biomolecule.py:157:num_missing_heavy:Missing atom CD in residue ARG C 1145
2022-11-08 13:33:35,075 WARNING:biomolecule.py:157:num_missing_heavy:Missing atom NE in residue ARG C 1145
2022-11-08 13:33:35,075 WARNING:biomolecule.py:157:num_missing_heavy:Missing atom CZ in residue ARG C 1145
2022-11-08 13:33:35,075 WARNING:biomolecule.py:157:num_missing_heavy:Missing atom NH1 in residue ARG C 1145
2022-11-08 13:33:35,075 WARNING:biomolecule.py:157:num_missing_heavy:Missing atom NH2 in residue ARG C 1145
2022-11-08 13:33:35,076 WARNING:biomolecule.py:157:num_missing_heavy:Missing atom CE in residue LYS C 1164
2022-11-08 13:33:35,076 WARNING:biomolecule.py:157:num_missing_heavy:Missing atom NZ in residue LYS C 1164
2022-11-08 13:33:35,076 WARNING:biomolecule.py:157:num_missing_heavy:Missing atom CG in residue GLU C 1173
2022-11-08 13:33:35,076 WARNING:biomolecule.py:157:num_missing_heavy:Missing atom CD in residue GLU C 1173
2022-11-08 13:33:35,076 WARNING:biomolecule.py:157:num_missing_heavy:Missing atom OE1 in residue GLU C 1173
2022-11-08 13:33:35,076 WARNING:biomolecule.py:157:num_missing_heavy:Missing atom OE2 in residue GLU C 1173
2022-11-08 13:33:35,076 WARNING:biomolecule.py:157:num_missing_heavy:Missing atom CG in residue GLU C 1185
2022-11-08 13:33:35,076 WARNING:biomolecule.py:157:num_missing_heavy:Missing atom CD in residue GLU C 1185
2022-11-08 13:33:35,077 WARNING:biomolecule.py:157:num_missing_heavy:Missing atom OE1 in residue GLU C 1185
2022-11-08 13:33:35,077 WARNING:biomolecule.py:157:num_missing_heavy:Missing atom OE2 in residue GLU C 1185
2022-11-08 13:33:35,077 WARNING:biomolecule.py:157:num_missing_heavy:Missing atom CG in residue GLN C 1186
2022-11-08 13:33:35,077 WARNING:biomolecule.py:157:num_missing_heavy:Missing atom CD in residue GLN C 1186
2022-11-08 13:33:35,077 WARNING:biomolecule.py:157:num_missing_heavy:Missing atom OE1 in residue GLN C 1186
2022-11-08 13:33:35,077 WARNING:biomolecule.py:157:num_missing_heavy:Missing atom NE2 in residue GLN C 1186
2022-11-08 13:33:35,077 WARNING:biomolecule.py:157:num_missing_heavy:Missing atom OG in residue SER C 1187
2022-11-08 13:33:35,077 WARNING:biomolecule.py:157:num_missing_heavy:Missing atom CG in residue ARG C 1188
2022-11-08 13:33:35,078 WARNING:biomolecule.py:157:num_missing_heavy:Missing atom CD in residue ARG C 1188
2022-11-08 13:33:35,078 WARNING:biomolecule.py:157:num_missing_heavy:Missing atom NE in residue ARG C 1188
2022-11-08 13:33:35,078 WARNING:biomolecule.py:157:num_missing_heavy:Missing atom CZ in residue ARG C 1188
2022-11-08 13:33:35,078 WARNING:biomolecule.py:157:num_missing_heavy:Missing atom NH1 in residue ARG C 1188
2022-11-08 13:33:35,078 WARNING:biomolecule.py:157:num_missing_heavy:Missing atom NH2 in residue ARG C 1188
2022-11-08 13:33:35,078 WARNING:biomolecule.py:157:num_missing_heavy:Missing atom OXT in residue ARG C 1188
2022-11-08 13:33:35,078 WARNING:biomolecule.py:157:num_missing_heavy:Missing atom CE in residue LYS A 920
2022-11-08 13:33:35,078 WARNING:biomolecule.py:157:num_missing_heavy:Missing atom NZ in residue LYS A 920
2022-11-08 13:33:35,079 WARNING:biomolecule.py:157:num_missing_heavy:Missing atom CG in residue GLN A 1004
2022-11-08 13:33:35,079 WARNING:biomolecule.py:157:num_missing_heavy:Missing atom CD in residue GLN A 1004
2022-11-08 13:33:35,079 WARNING:biomolecule.py:157:num_missing_heavy:Missing atom OE1 in residue GLN A 1004
2022-11-08 13:33:35,080 WARNING:biomolecule.py:157:num_missing_heavy:Missing atom NE2 in residue GLN A 1004
2022-11-08 13:33:35,080 WARNING:biomolecule.py:157:num_missing_heavy:Missing atom CG2 in residue ILE A 1009
2022-11-08 13:33:35,080 WARNING:biomolecule.py:157:num_missing_heavy:Missing atom CD1 in residue ILE A 1009
2022-11-08 13:33:35,080 WARNING:biomolecule.py:157:num_missing_heavy:Missing atom NZ in residue LYS A 1047
2022-11-08 13:33:35,080 WARNING:biomolecule.py:157:num_missing_heavy:Missing atom CG in residue ASP A 1074
2022-11-08 13:33:35,081 WARNING:biomolecule.py:157:num_missing_heavy:Missing atom OD1 in residue ASP A 1074
2022-11-08 13:33:35,081 WARNING:biomolecule.py:157:num_missing_heavy:Missing atom OD2 in residue ASP A 1074
2022-11-08 13:33:35,081 WARNING:biomolecule.py:157:num_missing_heavy:Missing atom CG in residue GLU A 1081
2022-11-08 13:33:35,081 WARNING:biomolecule.py:157:num_missing_heavy:Missing atom CD in residue GLU A 1081
2022-11-08 13:33:35,081 WARNING:biomolecule.py:157:num_missing_heavy:Missing atom OE1 in residue GLU A 1081
2022-11-08 13:33:35,081 WARNING:biomolecule.py:157:num_missing_heavy:Missing atom OE2 in residue GLU A 1081
2022-11-08 13:33:35,081 WARNING:biomolecule.py:157:num_missing_heavy:Missing atom CG in residue GLU A 1095
2022-11-08 13:33:35,082 WARNING:biomolecule.py:157:num_missing_heavy:Missing atom CD in residue GLU A 1095
2022-11-08 13:33:35,082 WARNING:biomolecule.py:157:num_missing_heavy:Missing atom OE1 in residue GLU A 1095
2022-11-08 13:33:35,082 WARNING:biomolecule.py:157:num_missing_heavy:Missing atom OE2 in residue GLU A 1095
2022-11-08 13:33:35,082 WARNING:biomolecule.py:157:num_missing_heavy:Missing atom NE in residue ARG A 1145
2022-11-08 13:33:35,082 WARNING:biomolecule.py:157:num_missing_heavy:Missing atom CZ in residue ARG A 1145
2022-11-08 13:33:35,083 WARNING:biomolecule.py:157:num_missing_heavy:Missing atom NH1 in residue ARG A 1145
2022-11-08 13:33:35,083 WARNING:biomolecule.py:157:num_missing_heavy:Missing atom NH2 in residue ARG A 1145
2022-11-08 13:33:35,083 WARNING:biomolecule.py:157:num_missing_heavy:Missing atom NH1 in residue ARG A 1157
2022-11-08 13:33:35,083 WARNING:biomolecule.py:157:num_missing_heavy:Missing atom NH2 in residue ARG A 1157
2022-11-08 13:33:35,083 WARNING:biomolecule.py:157:num_missing_heavy:Missing atom CG in residue LYS A 1164
2022-11-08 13:33:35,083 WARNING:biomolecule.py:157:num_missing_heavy:Missing atom CD in residue LYS A 1164
2022-11-08 13:33:35,083 WARNING:biomolecule.py:157:num_missing_heavy:Missing atom CE in residue LYS A 1164
2022-11-08 13:33:35,084 WARNING:biomolecule.py:157:num_missing_heavy:Missing atom NZ in residue LYS A 1164
2022-11-08 13:33:35,084 WARNING:biomolecule.py:157:num_missing_heavy:Missing atom CG in residue GLU A 1173
2022-11-08 13:33:35,084 WARNING:biomolecule.py:157:num_missing_heavy:Missing atom CD in residue GLU A 1173
2022-11-08 13:33:35,084 WARNING:biomolecule.py:157:num_missing_heavy:Missing atom OE1 in residue GLU A 1173
2022-11-08 13:33:35,084 WARNING:biomolecule.py:157:num_missing_heavy:Missing atom OE2 in residue GLU A 1173
2022-11-08 13:33:35,084 WARNING:biomolecule.py:157:num_missing_heavy:Missing atom CG in residue LYS A 1174
2022-11-08 13:33:35,084 WARNING:biomolecule.py:157:num_missing_heavy:Missing atom CD in residue LYS A 1174
2022-11-08 13:33:35,084 WARNING:biomolecule.py:157:num_missing_heavy:Missing atom CE in residue LYS A 1174
2022-11-08 13:33:35,085 WARNING:biomolecule.py:157:num_missing_heavy:Missing atom NZ in residue LYS A 1174
2022-11-08 13:33:35,085 WARNING:biomolecule.py:157:num_missing_heavy:Missing atom CD in residue LYS A 1176
2022-11-08 13:33:35,085 WARNING:biomolecule.py:157:num_missing_heavy:Missing atom CE in residue LYS A 1176
2022-11-08 13:33:35,085 WARNING:biomolecule.py:157:num_missing_heavy:Missing atom NZ in residue LYS A 1176
2022-11-08 13:33:35,085 WARNING:biomolecule.py:157:num_missing_heavy:Missing atom CG in residue GLU A 1180
2022-11-08 13:33:35,085 WARNING:biomolecule.py:157:num_missing_heavy:Missing atom CD in residue GLU A 1180
2022-11-08 13:33:35,085 WARNING:biomolecule.py:157:num_missing_heavy:Missing atom OE1 in residue GLU A 1180
2022-11-08 13:33:35,085 WARNING:biomolecule.py:157:num_missing_heavy:Missing atom OE2 in residue GLU A 1180
2022-11-08 13:33:35,086 WARNING:biomolecule.py:157:num_missing_heavy:Missing atom CD1 in residue LEU A 1184
2022-11-08 13:33:35,086 WARNING:biomolecule.py:157:num_missing_heavy:Missing atom CG in residue GLU A 1185
2022-11-08 13:33:35,086 WARNING:biomolecule.py:157:num_missing_heavy:Missing atom CD in residue GLU A 1185
2022-11-08 13:33:35,086 WARNING:biomolecule.py:157:num_missing_heavy:Missing atom OE1 in residue GLU A 1185
2022-11-08 13:33:35,086 WARNING:biomolecule.py:157:num_missing_heavy:Missing atom OE2 in residue GLU A 1185
2022-11-08 13:33:35,086 WARNING:biomolecule.py:157:num_missing_heavy:Missing atom CG in residue GLN A 1186
2022-11-08 13:33:35,086 WARNING:biomolecule.py:157:num_missing_heavy:Missing atom CD in residue GLN A 1186
2022-11-08 13:33:35,086 WARNING:biomolecule.py:157:num_missing_heavy:Missing atom OE1 in residue GLN A 1186
2022-11-08 13:33:35,087 WARNING:biomolecule.py:157:num_missing_heavy:Missing atom NE2 in residue GLN A 1186
2022-11-08 13:33:35,087 WARNING:biomolecule.py:157:num_missing_heavy:Missing atom OXT in residue GLN A 1186
2022-11-08 13:33:35,087 WARNING:biomolecule.py:157:num_missing_heavy:Missing atom CG1 in residue ILE C 921
2022-11-08 13:33:35,087 WARNING:biomolecule.py:157:num_missing_heavy:Missing atom CG2 in residue ILE C 921
2022-11-08 13:33:35,087 WARNING:biomolecule.py:157:num_missing_heavy:Missing atom CD1 in residue ILE C 921
2022-11-08 13:33:35,088 WARNING:biomolecule.py:157:num_missing_heavy:Missing atom CG1 in residue ILE C 992
2022-11-08 13:33:35,088 WARNING:biomolecule.py:157:num_missing_heavy:Missing atom CG2 in residue ILE C 992
2022-11-08 13:33:35,088 WARNING:biomolecule.py:157:num_missing_heavy:Missing atom CD1 in residue ILE C 992
2022-11-08 13:33:35,088 WARNING:biomolecule.py:157:num_missing_heavy:Missing atom CD in residue GLU C 1005
2022-11-08 13:33:35,088 WARNING:biomolecule.py:157:num_missing_heavy:Missing atom OE1 in residue GLU C 1005
2022-11-08 13:33:35,088 WARNING:biomolecule.py:157:num_missing_heavy:Missing atom OE2 in residue GLU C 1005
2022-11-08 13:33:35,089 WARNING:biomolecule.py:157:num_missing_heavy:Missing atom CD in residue LYS C 1047
2022-11-08 13:33:35,089 WARNING:biomolecule.py:157:num_missing_heavy:Missing atom CE in residue LYS C 1047
2022-11-08 13:33:35,089 WARNING:biomolecule.py:157:num_missing_heavy:Missing atom NZ in residue LYS C 1047
2022-11-08 13:33:35,089 WARNING:biomolecule.py:157:num_missing_heavy:Missing atom CG in residue ASP C 1078
2022-11-08 13:33:35,089 WARNING:biomolecule.py:157:num_missing_heavy:Missing atom OD1 in residue ASP C 1078
2022-11-08 13:33:35,090 WARNING:biomolecule.py:157:num_missing_heavy:Missing atom OD2 in residue ASP C 1078
2022-11-08 13:33:35,090 WARNING:biomolecule.py:157:num_missing_heavy:Missing atom CG in residue GLU C 1081
2022-11-08 13:33:35,090 WARNING:biomolecule.py:157:num_missing_heavy:Missing atom CD in residue GLU C 1081
2022-11-08 13:33:35,090 WARNING:biomolecule.py:157:num_missing_heavy:Missing atom OE1 in residue GLU C 1081
2022-11-08 13:33:35,090 WARNING:biomolecule.py:157:num_missing_heavy:Missing atom OE2 in residue GLU C 1081
2022-11-08 13:33:35,090 WARNING:biomolecule.py:157:num_missing_heavy:Missing atom CG in residue ASP C 1090
2022-11-08 13:33:35,090 WARNING:biomolecule.py:157:num_missing_heavy:Missing atom OD1 in residue ASP C 1090
2022-11-08 13:33:35,091 WARNING:biomolecule.py:157:num_missing_heavy:Missing atom OD2 in residue ASP C 1090
2022-11-08 13:33:35,091 WARNING:biomolecule.py:157:num_missing_heavy:Missing atom CG in residue ASN C 1091
2022-11-08 13:33:35,091 WARNING:biomolecule.py:157:num_missing_heavy:Missing atom OD1 in residue ASN C 1091
2022-11-08 13:33:35,091 WARNING:biomolecule.py:157:num_missing_heavy:Missing atom ND2 in residue ASN C 1091
2022-11-08 13:33:35,091 WARNING:biomolecule.py:157:num_missing_heavy:Missing atom N in residue GLU C 1095
2022-11-08 13:33:35,091 WARNING:biomolecule.py:157:num_missing_heavy:Missing atom CB in residue GLU C 1095
2022-11-08 13:33:35,091 WARNING:biomolecule.py:157:num_missing_heavy:Missing atom CG in residue GLU C 1095
2022-11-08 13:33:35,091 WARNING:biomolecule.py:157:num_missing_heavy:Missing atom CD in residue GLU C 1095
2022-11-08 13:33:35,092 WARNING:biomolecule.py:157:num_missing_heavy:Missing atom OE1 in residue GLU C 1095
2022-11-08 13:33:35,092 WARNING:biomolecule.py:157:num_missing_heavy:Missing atom OE2 in residue GLU C 1095
2022-11-08 13:33:35,092 WARNING:biomolecule.py:157:num_missing_heavy:Missing atom CD in residue ARG C 1145
2022-11-08 13:33:35,092 WARNING:biomolecule.py:157:num_missing_heavy:Missing atom NE in residue ARG C 1145
2022-11-08 13:33:35,092 WARNING:biomolecule.py:157:num_missing_heavy:Missing atom CZ in residue ARG C 1145
2022-11-08 13:33:35,093 WARNING:biomolecule.py:157:num_missing_heavy:Missing atom NH1 in residue ARG C 1145
2022-11-08 13:33:35,093 WARNING:biomolecule.py:157:num_missing_heavy:Missing atom NH2 in residue ARG C 1145
2022-11-08 13:33:35,093 WARNING:biomolecule.py:157:num_missing_heavy:Missing atom CE in residue LYS C 1164
2022-11-08 13:33:35,093 WARNING:biomolecule.py:157:num_missing_heavy:Missing atom NZ in residue LYS C 1164
2022-11-08 13:33:35,093 WARNING:biomolecule.py:157:num_missing_heavy:Missing atom CG in residue GLU C 1173
2022-11-08 13:33:35,093 WARNING:biomolecule.py:157:num_missing_heavy:Missing atom CD in residue GLU C 1173
2022-11-08 13:33:35,093 WARNING:biomolecule.py:157:num_missing_heavy:Missing atom OE1 in residue GLU C 1173
2022-11-08 13:33:35,094 WARNING:biomolecule.py:157:num_missing_heavy:Missing atom OE2 in residue GLU C 1173
2022-11-08 13:33:35,094 WARNING:biomolecule.py:157:num_missing_heavy:Missing atom CG in residue GLU C 1185
2022-11-08 13:33:35,094 WARNING:biomolecule.py:157:num_missing_heavy:Missing atom CD in residue GLU C 1185
2022-11-08 13:33:35,094 WARNING:biomolecule.py:157:num_missing_heavy:Missing atom OE1 in residue GLU C 1185
2022-11-08 13:33:35,094 WARNING:biomolecule.py:157:num_missing_heavy:Missing atom OE2 in residue GLU C 1185
2022-11-08 13:33:35,094 WARNING:biomolecule.py:157:num_missing_heavy:Missing atom CG in residue GLN C 1186
2022-11-08 13:33:35,094 WARNING:biomolecule.py:157:num_missing_heavy:Missing atom CD in residue GLN C 1186
2022-11-08 13:33:35,095 WARNING:biomolecule.py:157:num_missing_heavy:Missing atom OE1 in residue GLN C 1186
2022-11-08 13:33:35,095 WARNING:biomolecule.py:157:num_missing_heavy:Missing atom NE2 in residue GLN C 1186
2022-11-08 13:33:35,095 WARNING:biomolecule.py:157:num_missing_heavy:Missing atom OG in residue SER C 1187
2022-11-08 13:33:35,095 WARNING:biomolecule.py:157:num_missing_heavy:Missing atom CG in residue ARG C 1188
2022-11-08 13:33:35,095 WARNING:biomolecule.py:157:num_missing_heavy:Missing atom CD in residue ARG C 1188
2022-11-08 13:33:35,095 WARNING:biomolecule.py:157:num_missing_heavy:Missing atom NE in residue ARG C 1188
2022-11-08 13:33:35,095 WARNING:biomolecule.py:157:num_missing_heavy:Missing atom CZ in residue ARG C 1188
2022-11-08 13:33:35,095 WARNING:biomolecule.py:157:num_missing_heavy:Missing atom NH1 in residue ARG C 1188
2022-11-08 13:33:35,096 WARNING:biomolecule.py:157:num_missing_heavy:Missing atom NH2 in residue ARG C 1188
2022-11-08 13:33:35,096 WARNING:biomolecule.py:157:num_missing_heavy:Missing atom OXT in residue ARG C 1188
2022-11-08 13:33:35,096 WARNING:biomolecule.py:157:num_missing_heavy:Missing atom CE in residue LYS A 920
2022-11-08 13:33:35,096 WARNING:biomolecule.py:157:num_missing_heavy:Missing atom NZ in residue LYS A 920
2022-11-08 13:33:35,097 WARNING:biomolecule.py:157:num_missing_heavy:Missing atom CG in residue GLN A 1004
2022-11-08 13:33:35,097 WARNING:biomolecule.py:157:num_missing_heavy:Missing atom CD in residue GLN A 1004
2022-11-08 13:33:35,097 WARNING:biomolecule.py:157:num_missing_heavy:Missing atom OE1 in residue GLN A 1004
2022-11-08 13:33:35,097 WARNING:biomolecule.py:157:num_missing_heavy:Missing atom NE2 in residue GLN A 1004
2022-11-08 13:33:35,097 WARNING:biomolecule.py:157:num_missing_heavy:Missing atom CG2 in residue ILE A 1009
2022-11-08 13:33:35,097 WARNING:biomolecule.py:157:num_missing_heavy:Missing atom CD1 in residue ILE A 1009
2022-11-08 13:33:35,098 WARNING:biomolecule.py:157:num_missing_heavy:Missing atom NZ in residue LYS A 1047
2022-11-08 13:33:35,098 WARNING:biomolecule.py:157:num_missing_heavy:Missing atom CG in residue ASP A 1074
2022-11-08 13:33:35,098 WARNING:biomolecule.py:157:num_missing_heavy:Missing atom OD1 in residue ASP A 1074
2022-11-08 13:33:35,098 WARNING:biomolecule.py:157:num_missing_heavy:Missing atom OD2 in residue ASP A 1074
2022-11-08 13:33:35,098 WARNING:biomolecule.py:157:num_missing_heavy:Missing atom CG in residue GLU A 1081
2022-11-08 13:33:35,098 WARNING:biomolecule.py:157:num_missing_heavy:Missing atom CD in residue GLU A 1081
2022-11-08 13:33:35,099 WARNING:biomolecule.py:157:num_missing_heavy:Missing atom OE1 in residue GLU A 1081
2022-11-08 13:33:35,099 WARNING:biomolecule.py:157:num_missing_heavy:Missing atom OE2 in residue GLU A 1081
2022-11-08 13:33:35,099 WARNING:biomolecule.py:157:num_missing_heavy:Missing atom CG in residue GLU A 1095
2022-11-08 13:33:35,099 WARNING:biomolecule.py:157:num_missing_heavy:Missing atom CD in residue GLU A 1095
2022-11-08 13:33:35,099 WARNING:biomolecule.py:157:num_missing_heavy:Missing atom OE1 in residue GLU A 1095
2022-11-08 13:33:35,099 WARNING:biomolecule.py:157:num_missing_heavy:Missing atom OE2 in residue GLU A 1095
2022-11-08 13:33:35,100 WARNING:biomolecule.py:157:num_missing_heavy:Missing atom NE in residue ARG A 1145
2022-11-08 13:33:35,100 WARNING:biomolecule.py:157:num_missing_heavy:Missing atom CZ in residue ARG A 1145
2022-11-08 13:33:35,100 WARNING:biomolecule.py:157:num_missing_heavy:Missing atom NH1 in residue ARG A 1145
2022-11-08 13:33:35,100 WARNING:biomolecule.py:157:num_missing_heavy:Missing atom NH2 in residue ARG A 1145
2022-11-08 13:33:35,100 WARNING:biomolecule.py:157:num_missing_heavy:Missing atom NH1 in residue ARG A 1157
2022-11-08 13:33:35,100 WARNING:biomolecule.py:157:num_missing_heavy:Missing atom NH2 in residue ARG A 1157
2022-11-08 13:33:35,101 WARNING:biomolecule.py:157:num_missing_heavy:Missing atom CG in residue LYS A 1164
2022-11-08 13:33:35,101 WARNING:biomolecule.py:157:num_missing_heavy:Missing atom CD in residue LYS A 1164
2022-11-08 13:33:35,101 WARNING:biomolecule.py:157:num_missing_heavy:Missing atom CE in residue LYS A 1164
2022-11-08 13:33:35,101 WARNING:biomolecule.py:157:num_missing_heavy:Missing atom NZ in residue LYS A 1164
2022-11-08 13:33:35,101 WARNING:biomolecule.py:157:num_missing_heavy:Missing atom CG in residue GLU A 1173
2022-11-08 13:33:35,101 WARNING:biomolecule.py:157:num_missing_heavy:Missing atom CD in residue GLU A 1173
2022-11-08 13:33:35,101 WARNING:biomolecule.py:157:num_missing_heavy:Missing atom OE1 in residue GLU A 1173
2022-11-08 13:33:35,101 WARNING:biomolecule.py:157:num_missing_heavy:Missing atom OE2 in residue GLU A 1173
2022-11-08 13:33:35,102 WARNING:biomolecule.py:157:num_missing_heavy:Missing atom CG in residue LYS A 1174
2022-11-08 13:33:35,102 WARNING:biomolecule.py:157:num_missing_heavy:Missing atom CD in residue LYS A 1174
2022-11-08 13:33:35,102 WARNING:biomolecule.py:157:num_missing_heavy:Missing atom CE in residue LYS A 1174
2022-11-08 13:33:35,102 WARNING:biomolecule.py:157:num_missing_heavy:Missing atom NZ in residue LYS A 1174
2022-11-08 13:33:35,102 WARNING:biomolecule.py:157:num_missing_heavy:Missing atom CD in residue LYS A 1176
2022-11-08 13:33:35,102 WARNING:biomolecule.py:157:num_missing_heavy:Missing atom CE in residue LYS A 1176
2022-11-08 13:33:35,102 WARNING:biomolecule.py:157:num_missing_heavy:Missing atom NZ in residue LYS A 1176
2022-11-08 13:33:35,102 WARNING:biomolecule.py:157:num_missing_heavy:Missing atom CG in residue GLU A 1180
2022-11-08 13:33:35,103 WARNING:biomolecule.py:157:num_missing_heavy:Missing atom CD in residue GLU A 1180
2022-11-08 13:33:35,103 WARNING:biomolecule.py:157:num_missing_heavy:Missing atom OE1 in residue GLU A 1180
2022-11-08 13:33:35,103 WARNING:biomolecule.py:157:num_missing_heavy:Missing atom OE2 in residue GLU A 1180
2022-11-08 13:33:35,103 WARNING:biomolecule.py:157:num_missing_heavy:Missing atom CD1 in residue LEU A 1184
2022-11-08 13:33:35,103 WARNING:biomolecule.py:157:num_missing_heavy:Missing atom CG in residue GLU A 1185
2022-11-08 13:33:35,103 WARNING:biomolecule.py:157:num_missing_heavy:Missing atom CD in residue GLU A 1185
2022-11-08 13:33:35,103 WARNING:biomolecule.py:157:num_missing_heavy:Missing atom OE1 in residue GLU A 1185
2022-11-08 13:33:35,103 WARNING:biomolecule.py:157:num_missing_heavy:Missing atom OE2 in residue GLU A 1185
2022-11-08 13:33:35,104 WARNING:biomolecule.py:157:num_missing_heavy:Missing atom CG in residue GLN A 1186
2022-11-08 13:33:35,104 WARNING:biomolecule.py:157:num_missing_heavy:Missing atom CD in residue GLN A 1186
2022-11-08 13:33:35,104 WARNING:biomolecule.py:157:num_missing_heavy:Missing atom OE1 in residue GLN A 1186
2022-11-08 13:33:35,104 WARNING:biomolecule.py:157:num_missing_heavy:Missing atom NE2 in residue GLN A 1186
2022-11-08 13:33:35,104 WARNING:biomolecule.py:157:num_missing_heavy:Missing atom OXT in residue GLN A 1186
2022-11-08 13:33:35,104 WARNING:biomolecule.py:157:num_missing_heavy:Missing atom CG1 in residue ILE C 921
2022-11-08 13:33:35,104 WARNING:biomolecule.py:157:num_missing_heavy:Missing atom CG2 in residue ILE C 921
2022-11-08 13:33:35,104 WARNING:biomolecule.py:157:num_missing_heavy:Missing atom CD1 in residue ILE C 921
2022-11-08 13:33:35,105 WARNING:biomolecule.py:157:num_missing_heavy:Missing atom CG1 in residue ILE C 992
2022-11-08 13:33:35,105 WARNING:biomolecule.py:157:num_missing_heavy:Missing atom CG2 in residue ILE C 992
2022-11-08 13:33:35,105 WARNING:biomolecule.py:157:num_missing_heavy:Missing atom CD1 in residue ILE C 992
2022-11-08 13:33:35,106 WARNING:biomolecule.py:157:num_missing_heavy:Missing atom CD in residue GLU C 1005
2022-11-08 13:33:35,106 WARNING:biomolecule.py:157:num_missing_heavy:Missing atom OE1 in residue GLU C 1005
2022-11-08 13:33:35,106 WARNING:biomolecule.py:157:num_missing_heavy:Missing atom OE2 in residue GLU C 1005
2022-11-08 13:33:35,106 WARNING:biomolecule.py:157:num_missing_heavy:Missing atom CD in residue LYS C 1047
2022-11-08 13:33:35,106 WARNING:biomolecule.py:157:num_missing_heavy:Missing atom CE in residue LYS C 1047
2022-11-08 13:33:35,106 WARNING:biomolecule.py:157:num_missing_heavy:Missing atom NZ in residue LYS C 1047
2022-11-08 13:33:35,107 WARNING:biomolecule.py:157:num_missing_heavy:Missing atom CG in residue ASP C 1078
2022-11-08 13:33:35,107 WARNING:biomolecule.py:157:num_missing_heavy:Missing atom OD1 in residue ASP C 1078
2022-11-08 13:33:35,107 WARNING:biomolecule.py:157:num_missing_heavy:Missing atom OD2 in residue ASP C 1078
2022-11-08 13:33:35,107 WARNING:biomolecule.py:157:num_missing_heavy:Missing atom CG in residue GLU C 1081
2022-11-08 13:33:35,107 WARNING:biomolecule.py:157:num_missing_heavy:Missing atom CD in residue GLU C 1081
2022-11-08 13:33:35,107 WARNING:biomolecule.py:157:num_missing_heavy:Missing atom OE1 in residue GLU C 1081
2022-11-08 13:33:35,107 WARNING:biomolecule.py:157:num_missing_heavy:Missing atom OE2 in residue GLU C 1081
2022-11-08 13:33:35,108 WARNING:biomolecule.py:157:num_missing_heavy:Missing atom CG in residue ASP C 1090
2022-11-08 13:33:35,108 WARNING:biomolecule.py:157:num_missing_heavy:Missing atom OD1 in residue ASP C 1090
2022-11-08 13:33:35,108 WARNING:biomolecule.py:157:num_missing_heavy:Missing atom OD2 in residue ASP C 1090
2022-11-08 13:33:35,108 WARNING:biomolecule.py:157:num_missing_heavy:Missing atom CG in residue ASN C 1091
2022-11-08 13:33:35,108 WARNING:biomolecule.py:157:num_missing_heavy:Missing atom OD1 in residue ASN C 1091
2022-11-08 13:33:35,108 WARNING:biomolecule.py:157:num_missing_heavy:Missing atom ND2 in residue ASN C 1091
2022-11-08 13:33:35,108 WARNING:biomolecule.py:157:num_missing_heavy:Missing atom N in residue GLU C 1095
2022-11-08 13:33:35,109 WARNING:biomolecule.py:157:num_missing_heavy:Missing atom CB in residue GLU C 1095
2022-11-08 13:33:35,109 WARNING:biomolecule.py:157:num_missing_heavy:Missing atom CG in residue GLU C 1095
2022-11-08 13:33:35,109 WARNING:biomolecule.py:157:num_missing_heavy:Missing atom CD in residue GLU C 1095
2022-11-08 13:33:35,109 WARNING:biomolecule.py:157:num_missing_heavy:Missing atom OE1 in residue GLU C 1095
2022-11-08 13:33:35,109 WARNING:biomolecule.py:157:num_missing_heavy:Missing atom OE2 in residue GLU C 1095
2022-11-08 13:33:35,109 WARNING:biomolecule.py:157:num_missing_heavy:Missing atom CD in residue ARG C 1145
2022-11-08 13:33:35,110 WARNING:biomolecule.py:157:num_missing_heavy:Missing atom NE in residue ARG C 1145
2022-11-08 13:33:35,110 WARNING:biomolecule.py:157:num_missing_heavy:Missing atom CZ in residue ARG C 1145
2022-11-08 13:33:35,110 WARNING:biomolecule.py:157:num_missing_heavy:Missing atom NH1 in residue ARG C 1145
2022-11-08 13:33:35,110 WARNING:biomolecule.py:157:num_missing_heavy:Missing atom NH2 in residue ARG C 1145
2022-11-08 13:33:35,110 WARNING:biomolecule.py:157:num_missing_heavy:Missing atom CE in residue LYS C 1164
2022-11-08 13:33:35,110 WARNING:biomolecule.py:157:num_missing_heavy:Missing atom NZ in residue LYS C 1164
2022-11-08 13:33:35,111 WARNING:biomolecule.py:157:num_missing_heavy:Missing atom CG in residue GLU C 1173
2022-11-08 13:33:35,111 WARNING:biomolecule.py:157:num_missing_heavy:Missing atom CD in residue GLU C 1173
2022-11-08 13:33:35,111 WARNING:biomolecule.py:157:num_missing_heavy:Missing atom OE1 in residue GLU C 1173
2022-11-08 13:33:35,111 WARNING:biomolecule.py:157:num_missing_heavy:Missing atom OE2 in residue GLU C 1173
2022-11-08 13:33:35,111 WARNING:biomolecule.py:157:num_missing_heavy:Missing atom CG in residue GLU C 1185
2022-11-08 13:33:35,111 WARNING:biomolecule.py:157:num_missing_heavy:Missing atom CD in residue GLU C 1185
2022-11-08 13:33:35,111 WARNING:biomolecule.py:157:num_missing_heavy:Missing atom OE1 in residue GLU C 1185
2022-11-08 13:33:35,111 WARNING:biomolecule.py:157:num_missing_heavy:Missing atom OE2 in residue GLU C 1185
2022-11-08 13:33:35,112 WARNING:biomolecule.py:157:num_missing_heavy:Missing atom CG in residue GLN C 1186
2022-11-08 13:33:35,112 WARNING:biomolecule.py:157:num_missing_heavy:Missing atom CD in residue GLN C 1186
2022-11-08 13:33:35,112 WARNING:biomolecule.py:157:num_missing_heavy:Missing atom OE1 in residue GLN C 1186
2022-11-08 13:33:35,112 WARNING:biomolecule.py:157:num_missing_heavy:Missing atom NE2 in residue GLN C 1186
2022-11-08 13:33:35,112 WARNING:biomolecule.py:157:num_missing_heavy:Missing atom OG in residue SER C 1187
2022-11-08 13:33:35,112 WARNING:biomolecule.py:157:num_missing_heavy:Missing atom CG in residue ARG C 1188
2022-11-08 13:33:35,112 WARNING:biomolecule.py:157:num_missing_heavy:Missing atom CD in residue ARG C 1188
2022-11-08 13:33:35,112 WARNING:biomolecule.py:157:num_missing_heavy:Missing atom NE in residue ARG C 1188
2022-11-08 13:33:35,113 WARNING:biomolecule.py:157:num_missing_heavy:Missing atom CZ in residue ARG C 1188
2022-11-08 13:33:35,113 WARNING:biomolecule.py:157:num_missing_heavy:Missing atom NH1 in residue ARG C 1188
2022-11-08 13:33:35,113 WARNING:biomolecule.py:157:num_missing_heavy:Missing atom NH2 in residue ARG C 1188
2022-11-08 13:33:35,113 WARNING:biomolecule.py:157:num_missing_heavy:Missing atom OXT in residue ARG C 1188
2022-11-08 13:33:43,621 WARNING:main.py:311:print_pqr:Ignoring 4699 header lines in output.
2022-11-08 13:33:43,621 WARNING:main.py:315:print_pqr:Ignoring 113 missing lines in output.
