2022-11-08 13:39:34,029 WARNING:biomolecule.py:966:create_residue:Unable to find amino or nucleic acid definition for SAM.  Parsing as new residue.
2022-11-08 13:39:34,030 WARNING:biomolecule.py:966:create_residue:Unable to find amino or nucleic acid definition for SAH.  Parsing as new residue.
2022-11-08 13:39:34,031 WARNING:main.py:418:setup_molecule:Multiple occupancies found: N in VAL B 25.
2022-11-08 13:39:34,031 WARNING:main.py:418:setup_molecule:Multiple occupancies found: CA in VAL B 25.
2022-11-08 13:39:34,031 WARNING:main.py:418:setup_molecule:Multiple occupancies found: C in VAL B 25.
2022-11-08 13:39:34,031 WARNING:main.py:418:setup_molecule:Multiple occupancies found: O in VAL B 25.
2022-11-08 13:39:34,031 WARNING:main.py:418:setup_molecule:Multiple occupancies found: CB in VAL B 25.
2022-11-08 13:39:34,032 WARNING:main.py:418:setup_molecule:Multiple occupancies found: CG1 in VAL B 25.
2022-11-08 13:39:34,032 WARNING:main.py:418:setup_molecule:Multiple occupancies found: CG2 in VAL B 25.
2022-11-08 13:39:34,032 WARNING:main.py:424:setup_molecule:Multiple occupancies found in VAL B 25. At least one of the instances is being ignored.
2022-11-08 13:39:34,032 WARNING:main.py:418:setup_molecule:Multiple occupancies found: N in HIS B 160.
2022-11-08 13:39:34,032 WARNING:main.py:418:setup_molecule:Multiple occupancies found: CA in HIS B 160.
2022-11-08 13:39:34,032 WARNING:main.py:418:setup_molecule:Multiple occupancies found: C in HIS B 160.
2022-11-08 13:39:34,032 WARNING:main.py:418:setup_molecule:Multiple occupancies found: O in HIS B 160.
2022-11-08 13:39:34,032 WARNING:main.py:418:setup_molecule:Multiple occupancies found: CB in HIS B 160.
2022-11-08 13:39:34,033 WARNING:main.py:418:setup_molecule:Multiple occupancies found: CG in HIS B 160.
2022-11-08 13:39:34,033 WARNING:main.py:418:setup_molecule:Multiple occupancies found: CD2 in HIS B 160.
2022-11-08 13:39:34,033 WARNING:main.py:418:setup_molecule:Multiple occupancies found: ND1 in HIS B 160.
2022-11-08 13:39:34,033 WARNING:main.py:418:setup_molecule:Multiple occupancies found: CE1 in HIS B 160.
2022-11-08 13:39:34,033 WARNING:main.py:418:setup_molecule:Multiple occupancies found: NE2 in HIS B 160.
2022-11-08 13:39:34,033 WARNING:main.py:424:setup_molecule:Multiple occupancies found in HIS B 160. At least one of the instances is being ignored.
2022-11-08 13:39:34,033 WARNING:main.py:418:setup_molecule:Multiple occupancies found: N in LEU B 266.
2022-11-08 13:39:34,033 WARNING:main.py:418:setup_molecule:Multiple occupancies found: CA in LEU B 266.
2022-11-08 13:39:34,034 WARNING:main.py:418:setup_molecule:Multiple occupancies found: C in LEU B 266.
2022-11-08 13:39:34,034 WARNING:main.py:418:setup_molecule:Multiple occupancies found: O in LEU B 266.
2022-11-08 13:39:34,034 WARNING:main.py:418:setup_molecule:Multiple occupancies found: CB in LEU B 266.
2022-11-08 13:39:34,034 WARNING:main.py:418:setup_molecule:Multiple occupancies found: CG in LEU B 266.
2022-11-08 13:39:34,034 WARNING:main.py:418:setup_molecule:Multiple occupancies found: CD1 in LEU B 266.
2022-11-08 13:39:34,034 WARNING:main.py:418:setup_molecule:Multiple occupancies found: CD2 in LEU B 266.
2022-11-08 13:39:34,034 WARNING:main.py:424:setup_molecule:Multiple occupancies found in LEU B 266. At least one of the instances is being ignored.
2022-11-08 13:39:34,034 WARNING:main.py:418:setup_molecule:Multiple occupancies found: N in SAM B 301.
2022-11-08 13:39:34,034 WARNING:main.py:418:setup_molecule:Multiple occupancies found: CA in SAM B 301.
2022-11-08 13:39:34,035 WARNING:main.py:418:setup_molecule:Multiple occupancies found: C in SAM B 301.
2022-11-08 13:39:34,035 WARNING:main.py:418:setup_molecule:Multiple occupancies found: O in SAM B 301.
2022-11-08 13:39:34,035 WARNING:main.py:418:setup_molecule:Multiple occupancies found: CB in SAM B 301.
2022-11-08 13:39:34,035 WARNING:main.py:418:setup_molecule:Multiple occupancies found: CG in SAM B 301.
2022-11-08 13:39:34,035 WARNING:main.py:418:setup_molecule:Multiple occupancies found: SD in SAM B 301.
2022-11-08 13:39:34,036 WARNING:main.py:418:setup_molecule:Multiple occupancies found: CE in SAM B 301.
2022-11-08 13:39:34,036 WARNING:main.py:418:setup_molecule:Multiple occupancies found: C5' in SAM B 301.
2022-11-08 13:39:34,036 WARNING:main.py:418:setup_molecule:Multiple occupancies found: C4' in SAM B 301.
2022-11-08 13:39:34,036 WARNING:main.py:418:setup_molecule:Multiple occupancies found: O4' in SAM B 301.
2022-11-08 13:39:34,036 WARNING:main.py:418:setup_molecule:Multiple occupancies found: C3' in SAM B 301.
2022-11-08 13:39:34,037 WARNING:main.py:418:setup_molecule:Multiple occupancies found: O3' in SAM B 301.
2022-11-08 13:39:34,037 WARNING:main.py:418:setup_molecule:Multiple occupancies found: C2' in SAM B 301.
2022-11-08 13:39:34,037 WARNING:main.py:418:setup_molecule:Multiple occupancies found: O2' in SAM B 301.
2022-11-08 13:39:34,037 WARNING:main.py:418:setup_molecule:Multiple occupancies found: C1' in SAM B 301.
2022-11-08 13:39:34,037 WARNING:main.py:418:setup_molecule:Multiple occupancies found: OXT in SAM B 301.
2022-11-08 13:39:34,037 WARNING:main.py:418:setup_molecule:Multiple occupancies found: N1 in SAM B 301.
2022-11-08 13:39:34,037 WARNING:main.py:418:setup_molecule:Multiple occupancies found: C2 in SAM B 301.
2022-11-08 13:39:34,037 WARNING:main.py:418:setup_molecule:Multiple occupancies found: N3 in SAM B 301.
2022-11-08 13:39:34,037 WARNING:main.py:418:setup_molecule:Multiple occupancies found: C4 in SAM B 301.
2022-11-08 13:39:34,038 WARNING:main.py:418:setup_molecule:Multiple occupancies found: C5 in SAM B 301.
2022-11-08 13:39:34,038 WARNING:main.py:418:setup_molecule:Multiple occupancies found: C6 in SAM B 301.
2022-11-08 13:39:34,038 WARNING:main.py:418:setup_molecule:Multiple occupancies found: N6 in SAM B 301.
2022-11-08 13:39:34,038 WARNING:main.py:418:setup_molecule:Multiple occupancies found: N7 in SAM B 301.
2022-11-08 13:39:34,038 WARNING:main.py:418:setup_molecule:Multiple occupancies found: C8 in SAM B 301.
2022-11-08 13:39:34,038 WARNING:main.py:418:setup_molecule:Multiple occupancies found: N9 in SAM B 301.
2022-11-08 13:39:34,038 WARNING:main.py:424:setup_molecule:Multiple occupancies found in SAM B 301. At least one of the instances is being ignored.
2022-11-08 13:39:34,038 WARNING:main.py:418:setup_molecule:Multiple occupancies found: N in SAH B 302.
2022-11-08 13:39:34,038 WARNING:main.py:418:setup_molecule:Multiple occupancies found: CA in SAH B 302.
2022-11-08 13:39:34,039 WARNING:main.py:418:setup_molecule:Multiple occupancies found: C in SAH B 302.
2022-11-08 13:39:34,039 WARNING:main.py:418:setup_molecule:Multiple occupancies found: O in SAH B 302.
2022-11-08 13:39:34,039 WARNING:main.py:418:setup_molecule:Multiple occupancies found: CB in SAH B 302.
2022-11-08 13:39:34,039 WARNING:main.py:418:setup_molecule:Multiple occupancies found: CG in SAH B 302.
2022-11-08 13:39:34,039 WARNING:main.py:418:setup_molecule:Multiple occupancies found: SD in SAH B 302.
2022-11-08 13:39:34,039 WARNING:main.py:418:setup_molecule:Multiple occupancies found: C5' in SAH B 302.
2022-11-08 13:39:34,039 WARNING:main.py:418:setup_molecule:Multiple occupancies found: C4' in SAH B 302.
2022-11-08 13:39:34,039 WARNING:main.py:418:setup_molecule:Multiple occupancies found: O4' in SAH B 302.
2022-11-08 13:39:34,039 WARNING:main.py:418:setup_molecule:Multiple occupancies found: C3' in SAH B 302.
2022-11-08 13:39:34,040 WARNING:main.py:418:setup_molecule:Multiple occupancies found: O3' in SAH B 302.
2022-11-08 13:39:34,040 WARNING:main.py:418:setup_molecule:Multiple occupancies found: C2' in SAH B 302.
2022-11-08 13:39:34,040 WARNING:main.py:418:setup_molecule:Multiple occupancies found: O2' in SAH B 302.
2022-11-08 13:39:34,040 WARNING:main.py:418:setup_molecule:Multiple occupancies found: C1' in SAH B 302.
2022-11-08 13:39:34,040 WARNING:main.py:418:setup_molecule:Multiple occupancies found: OXT in SAH B 302.
2022-11-08 13:39:34,040 WARNING:main.py:418:setup_molecule:Multiple occupancies found: N1 in SAH B 302.
2022-11-08 13:39:34,040 WARNING:main.py:418:setup_molecule:Multiple occupancies found: C2 in SAH B 302.
2022-11-08 13:39:34,040 WARNING:main.py:418:setup_molecule:Multiple occupancies found: N3 in SAH B 302.
2022-11-08 13:39:34,040 WARNING:main.py:418:setup_molecule:Multiple occupancies found: C4 in SAH B 302.
2022-11-08 13:39:34,041 WARNING:main.py:418:setup_molecule:Multiple occupancies found: C5 in SAH B 302.
2022-11-08 13:39:34,041 WARNING:main.py:418:setup_molecule:Multiple occupancies found: C6 in SAH B 302.
2022-11-08 13:39:34,041 WARNING:main.py:418:setup_molecule:Multiple occupancies found: N6 in SAH B 302.
2022-11-08 13:39:34,041 WARNING:main.py:418:setup_molecule:Multiple occupancies found: N7 in SAH B 302.
2022-11-08 13:39:34,041 WARNING:main.py:418:setup_molecule:Multiple occupancies found: C8 in SAH B 302.
2022-11-08 13:39:34,041 WARNING:main.py:418:setup_molecule:Multiple occupancies found: N9 in SAH B 302.
2022-11-08 13:39:34,041 WARNING:main.py:424:setup_molecule:Multiple occupancies found in SAH B 302. At least one of the instances is being ignored.
2022-11-08 13:39:34,052 WARNING:biomolecule.py:600:update_bonds:Gap in backbone detected between SER B 184 and LEU B 199!
2022-11-08 13:39:34,053 WARNING:biomolecule.py:600:update_bonds:Gap in backbone detected between GLU B 238 and LYS B 257!
2022-11-08 13:39:34,081 WARNING:biomolecule.py:157:num_missing_heavy:Missing atom CE in residue LYS B 3
2022-11-08 13:39:34,081 WARNING:biomolecule.py:157:num_missing_heavy:Missing atom NZ in residue LYS B 3
2022-11-08 13:39:34,081 WARNING:biomolecule.py:157:num_missing_heavy:Missing atom CD in residue LYS B 88
2022-11-08 13:39:34,082 WARNING:biomolecule.py:157:num_missing_heavy:Missing atom CE in residue LYS B 88
2022-11-08 13:39:34,082 WARNING:biomolecule.py:157:num_missing_heavy:Missing atom NZ in residue LYS B 88
2022-11-08 13:39:34,083 WARNING:biomolecule.py:157:num_missing_heavy:Missing atom CG in residue GLU B 238
2022-11-08 13:39:34,083 WARNING:biomolecule.py:157:num_missing_heavy:Missing atom CD in residue GLU B 238
2022-11-08 13:39:34,083 WARNING:biomolecule.py:157:num_missing_heavy:Missing atom OE1 in residue GLU B 238
2022-11-08 13:39:34,083 WARNING:biomolecule.py:157:num_missing_heavy:Missing atom OE2 in residue GLU B 238
2022-11-08 13:39:34,083 WARNING:biomolecule.py:157:num_missing_heavy:Missing atom CG in residue LYS B 257
2022-11-08 13:39:34,083 WARNING:biomolecule.py:157:num_missing_heavy:Missing atom CD in residue LYS B 257
2022-11-08 13:39:34,083 WARNING:biomolecule.py:157:num_missing_heavy:Missing atom CE in residue LYS B 257
2022-11-08 13:39:34,084 WARNING:biomolecule.py:157:num_missing_heavy:Missing atom NZ in residue LYS B 257
2022-11-08 13:39:34,084 WARNING:biomolecule.py:157:num_missing_heavy:Missing atom OXT in residue LEU B 266
2022-11-08 13:39:34,084 WARNING:biomolecule.py:157:num_missing_heavy:Missing atom CE in residue LYS B 3
2022-11-08 13:39:34,084 WARNING:biomolecule.py:157:num_missing_heavy:Missing atom NZ in residue LYS B 3
2022-11-08 13:39:34,085 WARNING:biomolecule.py:157:num_missing_heavy:Missing atom CD in residue LYS B 88
2022-11-08 13:39:34,085 WARNING:biomolecule.py:157:num_missing_heavy:Missing atom CE in residue LYS B 88
2022-11-08 13:39:34,085 WARNING:biomolecule.py:157:num_missing_heavy:Missing atom NZ in residue LYS B 88
2022-11-08 13:39:34,086 WARNING:biomolecule.py:157:num_missing_heavy:Missing atom CG in residue GLU B 238
2022-11-08 13:39:34,086 WARNING:biomolecule.py:157:num_missing_heavy:Missing atom CD in residue GLU B 238
2022-11-08 13:39:34,086 WARNING:biomolecule.py:157:num_missing_heavy:Missing atom OE1 in residue GLU B 238
2022-11-08 13:39:34,086 WARNING:biomolecule.py:157:num_missing_heavy:Missing atom OE2 in residue GLU B 238
2022-11-08 13:39:34,086 WARNING:biomolecule.py:157:num_missing_heavy:Missing atom CG in residue LYS B 257
2022-11-08 13:39:34,087 WARNING:biomolecule.py:157:num_missing_heavy:Missing atom CD in residue LYS B 257
2022-11-08 13:39:34,087 WARNING:biomolecule.py:157:num_missing_heavy:Missing atom CE in residue LYS B 257
2022-11-08 13:39:34,087 WARNING:biomolecule.py:157:num_missing_heavy:Missing atom NZ in residue LYS B 257
2022-11-08 13:39:34,087 WARNING:biomolecule.py:157:num_missing_heavy:Missing atom OXT in residue LEU B 266
2022-11-08 13:39:34,087 WARNING:biomolecule.py:157:num_missing_heavy:Missing atom CE in residue LYS B 3
2022-11-08 13:39:34,087 WARNING:biomolecule.py:157:num_missing_heavy:Missing atom NZ in residue LYS B 3
2022-11-08 13:39:34,088 WARNING:biomolecule.py:157:num_missing_heavy:Missing atom CD in residue LYS B 88
2022-11-08 13:39:34,088 WARNING:biomolecule.py:157:num_missing_heavy:Missing atom CE in residue LYS B 88
2022-11-08 13:39:34,088 WARNING:biomolecule.py:157:num_missing_heavy:Missing atom NZ in residue LYS B 88
2022-11-08 13:39:34,089 WARNING:biomolecule.py:157:num_missing_heavy:Missing atom CG in residue GLU B 238
2022-11-08 13:39:34,089 WARNING:biomolecule.py:157:num_missing_heavy:Missing atom CD in residue GLU B 238
2022-11-08 13:39:34,090 WARNING:biomolecule.py:157:num_missing_heavy:Missing atom OE1 in residue GLU B 238
2022-11-08 13:39:34,090 WARNING:biomolecule.py:157:num_missing_heavy:Missing atom OE2 in residue GLU B 238
2022-11-08 13:39:34,090 WARNING:biomolecule.py:157:num_missing_heavy:Missing atom CG in residue LYS B 257
2022-11-08 13:39:34,090 WARNING:biomolecule.py:157:num_missing_heavy:Missing atom CD in residue LYS B 257
2022-11-08 13:39:34,090 WARNING:biomolecule.py:157:num_missing_heavy:Missing atom CE in residue LYS B 257
2022-11-08 13:39:34,090 WARNING:biomolecule.py:157:num_missing_heavy:Missing atom NZ in residue LYS B 257
2022-11-08 13:39:34,090 WARNING:biomolecule.py:157:num_missing_heavy:Missing atom OXT in residue LEU B 266
2022-11-08 13:39:37,242 WARNING:main.py:311:print_pqr:Ignoring 2593 header lines in output.
2022-11-08 13:39:37,243 WARNING:main.py:315:print_pqr:Ignoring 53 missing lines in output.
