2022-11-08 13:35:26,081 WARNING:biomolecule.py:966:create_residue:Unable to find amino or nucleic acid definition for ZN.  Parsing as new residue.
2022-11-08 13:35:26,081 WARNING:biomolecule.py:966:create_residue:Unable to find amino or nucleic acid definition for ZN.  Parsing as new residue.
2022-11-08 13:35:26,082 WARNING:biomolecule.py:966:create_residue:Unable to find amino or nucleic acid definition for ZN.  Parsing as new residue.
2022-11-08 13:35:26,082 WARNING:biomolecule.py:966:create_residue:Unable to find amino or nucleic acid definition for 8HF.  Parsing as new residue.
2022-11-08 13:35:26,082 WARNING:biomolecule.py:966:create_residue:Unable to find amino or nucleic acid definition for SAM.  Parsing as new residue.
2022-11-08 13:35:26,083 WARNING:main.py:418:setup_molecule:Multiple occupancies found: CA in CYS A 41.
2022-11-08 13:35:26,084 WARNING:main.py:418:setup_molecule:Multiple occupancies found: CB in CYS A 41.
2022-11-08 13:35:26,084 WARNING:main.py:418:setup_molecule:Multiple occupancies found: SG in CYS A 41.
2022-11-08 13:35:26,084 WARNING:main.py:424:setup_molecule:Multiple occupancies found in CYS A 41. At least one of the instances is being ignored.
2022-11-08 13:35:26,084 WARNING:main.py:418:setup_molecule:Multiple occupancies found: CA in CYS A 93.
2022-11-08 13:35:26,084 WARNING:main.py:418:setup_molecule:Multiple occupancies found: CB in CYS A 93.
2022-11-08 13:35:26,084 WARNING:main.py:418:setup_molecule:Multiple occupancies found: SG in CYS A 93.
2022-11-08 13:35:26,084 WARNING:main.py:424:setup_molecule:Multiple occupancies found in CYS A 93. At least one of the instances is being ignored.
2022-11-08 13:35:26,085 WARNING:main.py:418:setup_molecule:Multiple occupancies found: CA in ASP A 332.
2022-11-08 13:35:26,085 WARNING:main.py:418:setup_molecule:Multiple occupancies found: CB in ASP A 332.
2022-11-08 13:35:26,085 WARNING:main.py:418:setup_molecule:Multiple occupancies found: CG in ASP A 332.
2022-11-08 13:35:26,085 WARNING:main.py:418:setup_molecule:Multiple occupancies found: OD1 in ASP A 332.
2022-11-08 13:35:26,085 WARNING:main.py:418:setup_molecule:Multiple occupancies found: OD2 in ASP A 332.
2022-11-08 13:35:26,085 WARNING:main.py:424:setup_molecule:Multiple occupancies found in ASP A 332. At least one of the instances is being ignored.
2022-11-08 13:35:26,085 WARNING:main.py:418:setup_molecule:Multiple occupancies found: CA in THR A 352.
2022-11-08 13:35:26,086 WARNING:main.py:418:setup_molecule:Multiple occupancies found: CB in THR A 352.
2022-11-08 13:35:26,086 WARNING:main.py:418:setup_molecule:Multiple occupancies found: CG2 in THR A 352.
2022-11-08 13:35:26,086 WARNING:main.py:418:setup_molecule:Multiple occupancies found: OG1 in THR A 352.
2022-11-08 13:35:26,086 WARNING:main.py:424:setup_molecule:Multiple occupancies found in THR A 352. At least one of the instances is being ignored.
2022-11-08 13:35:26,136 WARNING:biomolecule.py:157:num_missing_heavy:Missing atom CG in residue ARG A 25
2022-11-08 13:35:26,137 WARNING:biomolecule.py:157:num_missing_heavy:Missing atom CD in residue ARG A 25
2022-11-08 13:35:26,137 WARNING:biomolecule.py:157:num_missing_heavy:Missing atom NE in residue ARG A 25
2022-11-08 13:35:26,137 WARNING:biomolecule.py:157:num_missing_heavy:Missing atom CZ in residue ARG A 25
2022-11-08 13:35:26,137 WARNING:biomolecule.py:157:num_missing_heavy:Missing atom NH1 in residue ARG A 25
2022-11-08 13:35:26,137 WARNING:biomolecule.py:157:num_missing_heavy:Missing atom NH2 in residue ARG A 25
2022-11-08 13:35:26,137 WARNING:biomolecule.py:157:num_missing_heavy:Missing atom CG in residue GLU A 57
2022-11-08 13:35:26,138 WARNING:biomolecule.py:157:num_missing_heavy:Missing atom CD in residue GLU A 57
2022-11-08 13:35:26,138 WARNING:biomolecule.py:157:num_missing_heavy:Missing atom OE1 in residue GLU A 57
2022-11-08 13:35:26,138 WARNING:biomolecule.py:157:num_missing_heavy:Missing atom OE2 in residue GLU A 57
2022-11-08 13:35:26,138 WARNING:biomolecule.py:157:num_missing_heavy:Missing atom CG in residue LYS A 58
2022-11-08 13:35:26,139 WARNING:biomolecule.py:157:num_missing_heavy:Missing atom CD in residue LYS A 58
2022-11-08 13:35:26,139 WARNING:biomolecule.py:157:num_missing_heavy:Missing atom CE in residue LYS A 58
2022-11-08 13:35:26,139 WARNING:biomolecule.py:157:num_missing_heavy:Missing atom NZ in residue LYS A 58
2022-11-08 13:35:26,139 WARNING:biomolecule.py:157:num_missing_heavy:Missing atom CG in residue LYS A 88
2022-11-08 13:35:26,140 WARNING:biomolecule.py:157:num_missing_heavy:Missing atom CD in residue LYS A 88
2022-11-08 13:35:26,140 WARNING:biomolecule.py:157:num_missing_heavy:Missing atom CE in residue LYS A 88
2022-11-08 13:35:26,140 WARNING:biomolecule.py:157:num_missing_heavy:Missing atom NZ in residue LYS A 88
2022-11-08 13:35:26,140 WARNING:biomolecule.py:157:num_missing_heavy:Missing atom CG in residue LYS A 94
2022-11-08 13:35:26,140 WARNING:biomolecule.py:157:num_missing_heavy:Missing atom CD in residue LYS A 94
2022-11-08 13:35:26,140 WARNING:biomolecule.py:157:num_missing_heavy:Missing atom CE in residue LYS A 94
2022-11-08 13:35:26,140 WARNING:biomolecule.py:157:num_missing_heavy:Missing atom NZ in residue LYS A 94
2022-11-08 13:35:26,140 WARNING:biomolecule.py:157:num_missing_heavy:Missing atom CG in residue ARG A 96
2022-11-08 13:35:26,141 WARNING:biomolecule.py:157:num_missing_heavy:Missing atom CD in residue ARG A 96
2022-11-08 13:35:26,141 WARNING:biomolecule.py:157:num_missing_heavy:Missing atom NE in residue ARG A 96
2022-11-08 13:35:26,141 WARNING:biomolecule.py:157:num_missing_heavy:Missing atom CZ in residue ARG A 96
2022-11-08 13:35:26,141 WARNING:biomolecule.py:157:num_missing_heavy:Missing atom NH1 in residue ARG A 96
2022-11-08 13:35:26,141 WARNING:biomolecule.py:157:num_missing_heavy:Missing atom NH2 in residue ARG A 96
2022-11-08 13:35:26,141 WARNING:biomolecule.py:157:num_missing_heavy:Missing atom CG in residue GLU A 138
2022-11-08 13:35:26,142 WARNING:biomolecule.py:157:num_missing_heavy:Missing atom CD in residue GLU A 138
2022-11-08 13:35:26,142 WARNING:biomolecule.py:157:num_missing_heavy:Missing atom OE1 in residue GLU A 138
2022-11-08 13:35:26,142 WARNING:biomolecule.py:157:num_missing_heavy:Missing atom OE2 in residue GLU A 138
2022-11-08 13:35:26,143 WARNING:biomolecule.py:157:num_missing_heavy:Missing atom CG in residue GLN A 281
2022-11-08 13:35:26,143 WARNING:biomolecule.py:157:num_missing_heavy:Missing atom CD in residue GLN A 281
2022-11-08 13:35:26,143 WARNING:biomolecule.py:157:num_missing_heavy:Missing atom OE1 in residue GLN A 281
2022-11-08 13:35:26,143 WARNING:biomolecule.py:157:num_missing_heavy:Missing atom NE2 in residue GLN A 281
2022-11-08 13:35:26,143 WARNING:biomolecule.py:157:num_missing_heavy:Missing atom CG in residue LYS A 292
2022-11-08 13:35:26,144 WARNING:biomolecule.py:157:num_missing_heavy:Missing atom CD in residue LYS A 292
2022-11-08 13:35:26,144 WARNING:biomolecule.py:157:num_missing_heavy:Missing atom CE in residue LYS A 292
2022-11-08 13:35:26,144 WARNING:biomolecule.py:157:num_missing_heavy:Missing atom NZ in residue LYS A 292
2022-11-08 13:35:26,145 WARNING:biomolecule.py:157:num_missing_heavy:Missing atom CG in residue LYS A 391
2022-11-08 13:35:26,145 WARNING:biomolecule.py:157:num_missing_heavy:Missing atom CD in residue LYS A 391
2022-11-08 13:35:26,145 WARNING:biomolecule.py:157:num_missing_heavy:Missing atom CE in residue LYS A 391
2022-11-08 13:35:26,145 WARNING:biomolecule.py:157:num_missing_heavy:Missing atom NZ in residue LYS A 391
2022-11-08 13:35:26,145 WARNING:biomolecule.py:157:num_missing_heavy:Missing atom CG in residue ARG A 401
2022-11-08 13:35:26,145 WARNING:biomolecule.py:157:num_missing_heavy:Missing atom CD in residue ARG A 401
2022-11-08 13:35:26,145 WARNING:biomolecule.py:157:num_missing_heavy:Missing atom NE in residue ARG A 401
2022-11-08 13:35:26,146 WARNING:biomolecule.py:157:num_missing_heavy:Missing atom CZ in residue ARG A 401
2022-11-08 13:35:26,146 WARNING:biomolecule.py:157:num_missing_heavy:Missing atom NH1 in residue ARG A 401
2022-11-08 13:35:26,146 WARNING:biomolecule.py:157:num_missing_heavy:Missing atom NH2 in residue ARG A 401
2022-11-08 13:35:26,146 WARNING:biomolecule.py:157:num_missing_heavy:Missing atom CG in residue ARG A 406
2022-11-08 13:35:26,146 WARNING:biomolecule.py:157:num_missing_heavy:Missing atom CD in residue ARG A 406
2022-11-08 13:35:26,146 WARNING:biomolecule.py:157:num_missing_heavy:Missing atom NE in residue ARG A 406
2022-11-08 13:35:26,146 WARNING:biomolecule.py:157:num_missing_heavy:Missing atom CZ in residue ARG A 406
2022-11-08 13:35:26,146 WARNING:biomolecule.py:157:num_missing_heavy:Missing atom NH1 in residue ARG A 406
2022-11-08 13:35:26,147 WARNING:biomolecule.py:157:num_missing_heavy:Missing atom NH2 in residue ARG A 406
2022-11-08 13:35:26,147 WARNING:biomolecule.py:157:num_missing_heavy:Missing atom CG in residue ASP A 422
2022-11-08 13:35:26,147 WARNING:biomolecule.py:157:num_missing_heavy:Missing atom OD1 in residue ASP A 422
2022-11-08 13:35:26,147 WARNING:biomolecule.py:157:num_missing_heavy:Missing atom OD2 in residue ASP A 422
2022-11-08 13:35:26,147 WARNING:biomolecule.py:157:num_missing_heavy:Missing atom OXT in residue ILE A 425
2022-11-08 13:35:26,147 WARNING:biomolecule.py:157:num_missing_heavy:Missing atom CG in residue ARG A 25
2022-11-08 13:35:26,148 WARNING:biomolecule.py:157:num_missing_heavy:Missing atom CD in residue ARG A 25
2022-11-08 13:35:26,148 WARNING:biomolecule.py:157:num_missing_heavy:Missing atom NE in residue ARG A 25
2022-11-08 13:35:26,148 WARNING:biomolecule.py:157:num_missing_heavy:Missing atom CZ in residue ARG A 25
2022-11-08 13:35:26,148 WARNING:biomolecule.py:157:num_missing_heavy:Missing atom NH1 in residue ARG A 25
2022-11-08 13:35:26,148 WARNING:biomolecule.py:157:num_missing_heavy:Missing atom NH2 in residue ARG A 25
2022-11-08 13:35:26,148 WARNING:biomolecule.py:157:num_missing_heavy:Missing atom CG in residue GLU A 57
2022-11-08 13:35:26,149 WARNING:biomolecule.py:157:num_missing_heavy:Missing atom CD in residue GLU A 57
2022-11-08 13:35:26,149 WARNING:biomolecule.py:157:num_missing_heavy:Missing atom OE1 in residue GLU A 57
2022-11-08 13:35:26,149 WARNING:biomolecule.py:157:num_missing_heavy:Missing atom OE2 in residue GLU A 57
2022-11-08 13:35:26,149 WARNING:biomolecule.py:157:num_missing_heavy:Missing atom CG in residue LYS A 58
2022-11-08 13:35:26,149 WARNING:biomolecule.py:157:num_missing_heavy:Missing atom CD in residue LYS A 58
2022-11-08 13:35:26,149 WARNING:biomolecule.py:157:num_missing_heavy:Missing atom CE in residue LYS A 58
2022-11-08 13:35:26,149 WARNING:biomolecule.py:157:num_missing_heavy:Missing atom NZ in residue LYS A 58
2022-11-08 13:35:26,150 WARNING:biomolecule.py:157:num_missing_heavy:Missing atom CG in residue LYS A 88
2022-11-08 13:35:26,150 WARNING:biomolecule.py:157:num_missing_heavy:Missing atom CD in residue LYS A 88
2022-11-08 13:35:26,150 WARNING:biomolecule.py:157:num_missing_heavy:Missing atom CE in residue LYS A 88
2022-11-08 13:35:26,150 WARNING:biomolecule.py:157:num_missing_heavy:Missing atom NZ in residue LYS A 88
2022-11-08 13:35:26,150 WARNING:biomolecule.py:157:num_missing_heavy:Missing atom CG in residue LYS A 94
2022-11-08 13:35:26,150 WARNING:biomolecule.py:157:num_missing_heavy:Missing atom CD in residue LYS A 94
2022-11-08 13:35:26,150 WARNING:biomolecule.py:157:num_missing_heavy:Missing atom CE in residue LYS A 94
2022-11-08 13:35:26,150 WARNING:biomolecule.py:157:num_missing_heavy:Missing atom NZ in residue LYS A 94
2022-11-08 13:35:26,151 WARNING:biomolecule.py:157:num_missing_heavy:Missing atom CG in residue ARG A 96
2022-11-08 13:35:26,151 WARNING:biomolecule.py:157:num_missing_heavy:Missing atom CD in residue ARG A 96
2022-11-08 13:35:26,151 WARNING:biomolecule.py:157:num_missing_heavy:Missing atom NE in residue ARG A 96
2022-11-08 13:35:26,151 WARNING:biomolecule.py:157:num_missing_heavy:Missing atom CZ in residue ARG A 96
2022-11-08 13:35:26,151 WARNING:biomolecule.py:157:num_missing_heavy:Missing atom NH1 in residue ARG A 96
2022-11-08 13:35:26,151 WARNING:biomolecule.py:157:num_missing_heavy:Missing atom NH2 in residue ARG A 96
2022-11-08 13:35:26,152 WARNING:biomolecule.py:157:num_missing_heavy:Missing atom CG in residue GLU A 138
2022-11-08 13:35:26,152 WARNING:biomolecule.py:157:num_missing_heavy:Missing atom CD in residue GLU A 138
2022-11-08 13:35:26,152 WARNING:biomolecule.py:157:num_missing_heavy:Missing atom OE1 in residue GLU A 138
2022-11-08 13:35:26,152 WARNING:biomolecule.py:157:num_missing_heavy:Missing atom OE2 in residue GLU A 138
2022-11-08 13:35:26,153 WARNING:biomolecule.py:157:num_missing_heavy:Missing atom CG in residue GLN A 281
2022-11-08 13:35:26,153 WARNING:biomolecule.py:157:num_missing_heavy:Missing atom CD in residue GLN A 281
2022-11-08 13:35:26,153 WARNING:biomolecule.py:157:num_missing_heavy:Missing atom OE1 in residue GLN A 281
2022-11-08 13:35:26,153 WARNING:biomolecule.py:157:num_missing_heavy:Missing atom NE2 in residue GLN A 281
2022-11-08 13:35:26,154 WARNING:biomolecule.py:157:num_missing_heavy:Missing atom CG in residue LYS A 292
2022-11-08 13:35:26,154 WARNING:biomolecule.py:157:num_missing_heavy:Missing atom CD in residue LYS A 292
2022-11-08 13:35:26,154 WARNING:biomolecule.py:157:num_missing_heavy:Missing atom CE in residue LYS A 292
2022-11-08 13:35:26,154 WARNING:biomolecule.py:157:num_missing_heavy:Missing atom NZ in residue LYS A 292
2022-11-08 13:35:26,155 WARNING:biomolecule.py:157:num_missing_heavy:Missing atom CG in residue LYS A 391
2022-11-08 13:35:26,155 WARNING:biomolecule.py:157:num_missing_heavy:Missing atom CD in residue LYS A 391
2022-11-08 13:35:26,155 WARNING:biomolecule.py:157:num_missing_heavy:Missing atom CE in residue LYS A 391
2022-11-08 13:35:26,155 WARNING:biomolecule.py:157:num_missing_heavy:Missing atom NZ in residue LYS A 391
2022-11-08 13:35:26,155 WARNING:biomolecule.py:157:num_missing_heavy:Missing atom CG in residue ARG A 401
2022-11-08 13:35:26,155 WARNING:biomolecule.py:157:num_missing_heavy:Missing atom CD in residue ARG A 401
2022-11-08 13:35:26,156 WARNING:biomolecule.py:157:num_missing_heavy:Missing atom NE in residue ARG A 401
2022-11-08 13:35:26,156 WARNING:biomolecule.py:157:num_missing_heavy:Missing atom CZ in residue ARG A 401
2022-11-08 13:35:26,156 WARNING:biomolecule.py:157:num_missing_heavy:Missing atom NH1 in residue ARG A 401
2022-11-08 13:35:26,156 WARNING:biomolecule.py:157:num_missing_heavy:Missing atom NH2 in residue ARG A 401
2022-11-08 13:35:26,156 WARNING:biomolecule.py:157:num_missing_heavy:Missing atom CG in residue ARG A 406
2022-11-08 13:35:26,156 WARNING:biomolecule.py:157:num_missing_heavy:Missing atom CD in residue ARG A 406
2022-11-08 13:35:26,156 WARNING:biomolecule.py:157:num_missing_heavy:Missing atom NE in residue ARG A 406
2022-11-08 13:35:26,156 WARNING:biomolecule.py:157:num_missing_heavy:Missing atom CZ in residue ARG A 406
2022-11-08 13:35:26,157 WARNING:biomolecule.py:157:num_missing_heavy:Missing atom NH1 in residue ARG A 406
2022-11-08 13:35:26,157 WARNING:biomolecule.py:157:num_missing_heavy:Missing atom NH2 in residue ARG A 406
2022-11-08 13:35:26,157 WARNING:biomolecule.py:157:num_missing_heavy:Missing atom CG in residue ASP A 422
2022-11-08 13:35:26,157 WARNING:biomolecule.py:157:num_missing_heavy:Missing atom OD1 in residue ASP A 422
2022-11-08 13:35:26,157 WARNING:biomolecule.py:157:num_missing_heavy:Missing atom OD2 in residue ASP A 422
2022-11-08 13:35:26,157 WARNING:biomolecule.py:157:num_missing_heavy:Missing atom OXT in residue ILE A 425
2022-11-08 13:35:26,158 WARNING:biomolecule.py:157:num_missing_heavy:Missing atom CG in residue ARG A 25
2022-11-08 13:35:26,158 WARNING:biomolecule.py:157:num_missing_heavy:Missing atom CD in residue ARG A 25
2022-11-08 13:35:26,158 WARNING:biomolecule.py:157:num_missing_heavy:Missing atom NE in residue ARG A 25
2022-11-08 13:35:26,158 WARNING:biomolecule.py:157:num_missing_heavy:Missing atom CZ in residue ARG A 25
2022-11-08 13:35:26,158 WARNING:biomolecule.py:157:num_missing_heavy:Missing atom NH1 in residue ARG A 25
2022-11-08 13:35:26,158 WARNING:biomolecule.py:157:num_missing_heavy:Missing atom NH2 in residue ARG A 25
2022-11-08 13:35:26,159 WARNING:biomolecule.py:157:num_missing_heavy:Missing atom CG in residue GLU A 57
2022-11-08 13:35:26,159 WARNING:biomolecule.py:157:num_missing_heavy:Missing atom CD in residue GLU A 57
2022-11-08 13:35:26,159 WARNING:biomolecule.py:157:num_missing_heavy:Missing atom OE1 in residue GLU A 57
2022-11-08 13:35:26,159 WARNING:biomolecule.py:157:num_missing_heavy:Missing atom OE2 in residue GLU A 57
2022-11-08 13:35:26,159 WARNING:biomolecule.py:157:num_missing_heavy:Missing atom CG in residue LYS A 58
2022-11-08 13:35:26,159 WARNING:biomolecule.py:157:num_missing_heavy:Missing atom CD in residue LYS A 58
2022-11-08 13:35:26,159 WARNING:biomolecule.py:157:num_missing_heavy:Missing atom CE in residue LYS A 58
2022-11-08 13:35:26,159 WARNING:biomolecule.py:157:num_missing_heavy:Missing atom NZ in residue LYS A 58
2022-11-08 13:35:26,160 WARNING:biomolecule.py:157:num_missing_heavy:Missing atom CG in residue LYS A 88
2022-11-08 13:35:26,160 WARNING:biomolecule.py:157:num_missing_heavy:Missing atom CD in residue LYS A 88
2022-11-08 13:35:26,160 WARNING:biomolecule.py:157:num_missing_heavy:Missing atom CE in residue LYS A 88
2022-11-08 13:35:26,160 WARNING:biomolecule.py:157:num_missing_heavy:Missing atom NZ in residue LYS A 88
2022-11-08 13:35:26,160 WARNING:biomolecule.py:157:num_missing_heavy:Missing atom CG in residue LYS A 94
2022-11-08 13:35:26,160 WARNING:biomolecule.py:157:num_missing_heavy:Missing atom CD in residue LYS A 94
2022-11-08 13:35:26,160 WARNING:biomolecule.py:157:num_missing_heavy:Missing atom CE in residue LYS A 94
2022-11-08 13:35:26,161 WARNING:biomolecule.py:157:num_missing_heavy:Missing atom NZ in residue LYS A 94
2022-11-08 13:35:26,161 WARNING:biomolecule.py:157:num_missing_heavy:Missing atom CG in residue ARG A 96
2022-11-08 13:35:26,161 WARNING:biomolecule.py:157:num_missing_heavy:Missing atom CD in residue ARG A 96
2022-11-08 13:35:26,161 WARNING:biomolecule.py:157:num_missing_heavy:Missing atom NE in residue ARG A 96
2022-11-08 13:35:26,161 WARNING:biomolecule.py:157:num_missing_heavy:Missing atom CZ in residue ARG A 96
2022-11-08 13:35:26,161 WARNING:biomolecule.py:157:num_missing_heavy:Missing atom NH1 in residue ARG A 96
2022-11-08 13:35:26,161 WARNING:biomolecule.py:157:num_missing_heavy:Missing atom NH2 in residue ARG A 96
2022-11-08 13:35:26,162 WARNING:biomolecule.py:157:num_missing_heavy:Missing atom CG in residue GLU A 138
2022-11-08 13:35:26,162 WARNING:biomolecule.py:157:num_missing_heavy:Missing atom CD in residue GLU A 138
2022-11-08 13:35:26,162 WARNING:biomolecule.py:157:num_missing_heavy:Missing atom OE1 in residue GLU A 138
2022-11-08 13:35:26,162 WARNING:biomolecule.py:157:num_missing_heavy:Missing atom OE2 in residue GLU A 138
2022-11-08 13:35:26,163 WARNING:biomolecule.py:157:num_missing_heavy:Missing atom CG in residue GLN A 281
2022-11-08 13:35:26,163 WARNING:biomolecule.py:157:num_missing_heavy:Missing atom CD in residue GLN A 281
2022-11-08 13:35:26,163 WARNING:biomolecule.py:157:num_missing_heavy:Missing atom OE1 in residue GLN A 281
2022-11-08 13:35:26,164 WARNING:biomolecule.py:157:num_missing_heavy:Missing atom NE2 in residue GLN A 281
2022-11-08 13:35:26,164 WARNING:biomolecule.py:157:num_missing_heavy:Missing atom CG in residue LYS A 292
2022-11-08 13:35:26,164 WARNING:biomolecule.py:157:num_missing_heavy:Missing atom CD in residue LYS A 292
2022-11-08 13:35:26,164 WARNING:biomolecule.py:157:num_missing_heavy:Missing atom CE in residue LYS A 292
2022-11-08 13:35:26,164 WARNING:biomolecule.py:157:num_missing_heavy:Missing atom NZ in residue LYS A 292
2022-11-08 13:35:26,165 WARNING:biomolecule.py:157:num_missing_heavy:Missing atom CG in residue LYS A 391
2022-11-08 13:35:26,165 WARNING:biomolecule.py:157:num_missing_heavy:Missing atom CD in residue LYS A 391
2022-11-08 13:35:26,165 WARNING:biomolecule.py:157:num_missing_heavy:Missing atom CE in residue LYS A 391
2022-11-08 13:35:26,165 WARNING:biomolecule.py:157:num_missing_heavy:Missing atom NZ in residue LYS A 391
2022-11-08 13:35:26,165 WARNING:biomolecule.py:157:num_missing_heavy:Missing atom CG in residue ARG A 401
2022-11-08 13:35:26,166 WARNING:biomolecule.py:157:num_missing_heavy:Missing atom CD in residue ARG A 401
2022-11-08 13:35:26,166 WARNING:biomolecule.py:157:num_missing_heavy:Missing atom NE in residue ARG A 401
2022-11-08 13:35:26,166 WARNING:biomolecule.py:157:num_missing_heavy:Missing atom CZ in residue ARG A 401
2022-11-08 13:35:26,166 WARNING:biomolecule.py:157:num_missing_heavy:Missing atom NH1 in residue ARG A 401
2022-11-08 13:35:26,166 WARNING:biomolecule.py:157:num_missing_heavy:Missing atom NH2 in residue ARG A 401
2022-11-08 13:35:26,166 WARNING:biomolecule.py:157:num_missing_heavy:Missing atom CG in residue ARG A 406
2022-11-08 13:35:26,166 WARNING:biomolecule.py:157:num_missing_heavy:Missing atom CD in residue ARG A 406
2022-11-08 13:35:26,166 WARNING:biomolecule.py:157:num_missing_heavy:Missing atom NE in residue ARG A 406
2022-11-08 13:35:26,167 WARNING:biomolecule.py:157:num_missing_heavy:Missing atom CZ in residue ARG A 406
2022-11-08 13:35:26,167 WARNING:biomolecule.py:157:num_missing_heavy:Missing atom NH1 in residue ARG A 406
2022-11-08 13:35:26,167 WARNING:biomolecule.py:157:num_missing_heavy:Missing atom NH2 in residue ARG A 406
2022-11-08 13:35:26,167 WARNING:biomolecule.py:157:num_missing_heavy:Missing atom CG in residue ASP A 422
2022-11-08 13:35:26,167 WARNING:biomolecule.py:157:num_missing_heavy:Missing atom OD1 in residue ASP A 422
2022-11-08 13:35:26,167 WARNING:biomolecule.py:157:num_missing_heavy:Missing atom OD2 in residue ASP A 422
2022-11-08 13:35:26,167 WARNING:biomolecule.py:157:num_missing_heavy:Missing atom OXT in residue ILE A 425
2022-11-08 13:35:32,034 WARNING:main.py:311:print_pqr:Ignoring 3016 header lines in output.
2022-11-08 13:35:32,035 WARNING:main.py:315:print_pqr:Ignoring 65 missing lines in output.
