2022-11-08 13:35:19,008 WARNING:biomolecule.py:966:create_residue:Unable to find amino or nucleic acid definition for SAM.  Parsing as new residue.
2022-11-08 13:35:19,008 WARNING:biomolecule.py:966:create_residue:Unable to find amino or nucleic acid definition for ZN.  Parsing as new residue.
2022-11-08 13:35:19,009 WARNING:biomolecule.py:966:create_residue:Unable to find amino or nucleic acid definition for ZN.  Parsing as new residue.
2022-11-08 13:35:19,009 WARNING:biomolecule.py:966:create_residue:Unable to find amino or nucleic acid definition for ZN.  Parsing as new residue.
2022-11-08 13:35:19,009 WARNING:biomolecule.py:966:create_residue:Unable to find amino or nucleic acid definition for 8NR.  Parsing as new residue.
2022-11-08 13:35:19,010 WARNING:main.py:418:setup_molecule:Multiple occupancies found: CA in CYS A 93.
2022-11-08 13:35:19,010 WARNING:main.py:418:setup_molecule:Multiple occupancies found: CB in CYS A 93.
2022-11-08 13:35:19,010 WARNING:main.py:424:setup_molecule:Multiple occupancies found in CYS A 93. At least one of the instances is being ignored.
2022-11-08 13:35:19,011 WARNING:main.py:418:setup_molecule:Multiple occupancies found: CA in ASP A 332.
2022-11-08 13:35:19,011 WARNING:main.py:418:setup_molecule:Multiple occupancies found: CB in ASP A 332.
2022-11-08 13:35:19,011 WARNING:main.py:418:setup_molecule:Multiple occupancies found: CG in ASP A 332.
2022-11-08 13:35:19,011 WARNING:main.py:418:setup_molecule:Multiple occupancies found: OD1 in ASP A 332.
2022-11-08 13:35:19,011 WARNING:main.py:418:setup_molecule:Multiple occupancies found: OD2 in ASP A 332.
2022-11-08 13:35:19,011 WARNING:main.py:424:setup_molecule:Multiple occupancies found in ASP A 332. At least one of the instances is being ignored.
2022-11-08 13:35:19,011 WARNING:main.py:418:setup_molecule:Multiple occupancies found: CA in THR A 352.
2022-11-08 13:35:19,011 WARNING:main.py:418:setup_molecule:Multiple occupancies found: CB in THR A 352.
2022-11-08 13:35:19,012 WARNING:main.py:418:setup_molecule:Multiple occupancies found: CG2 in THR A 352.
2022-11-08 13:35:19,012 WARNING:main.py:418:setup_molecule:Multiple occupancies found: OG1 in THR A 352.
2022-11-08 13:35:19,012 WARNING:main.py:424:setup_molecule:Multiple occupancies found in THR A 352. At least one of the instances is being ignored.
2022-11-08 13:35:19,061 WARNING:biomolecule.py:157:num_missing_heavy:Missing atom SG in residue CYS A 93
2022-11-08 13:35:19,063 WARNING:biomolecule.py:157:num_missing_heavy:Missing atom OXT in residue ILE A 425
2022-11-08 13:35:19,064 WARNING:biomolecule.py:157:num_missing_heavy:Missing atom SG in residue CYS A 93
2022-11-08 13:35:19,066 WARNING:biomolecule.py:157:num_missing_heavy:Missing atom OXT in residue ILE A 425
2022-11-08 13:35:19,067 WARNING:biomolecule.py:157:num_missing_heavy:Missing atom SG in residue CYS A 93
2022-11-08 13:35:19,069 WARNING:biomolecule.py:157:num_missing_heavy:Missing atom OXT in residue ILE A 425
2022-11-08 13:35:24,778 WARNING:main.py:311:print_pqr:Ignoring 2744 header lines in output.
2022-11-08 13:35:24,778 WARNING:main.py:315:print_pqr:Ignoring 57 missing lines in output.
