2022-11-08 13:33:58,585 WARNING:biomolecule.py:966:create_residue:Unable to find amino or nucleic acid definition for SAM.  Parsing as new residue.
2022-11-08 13:33:58,585 WARNING:biomolecule.py:966:create_residue:Unable to find amino or nucleic acid definition for UNX.  Parsing as new residue.
2022-11-08 13:33:58,586 WARNING:biomolecule.py:966:create_residue:Unable to find amino or nucleic acid definition for UNX.  Parsing as new residue.
2022-11-08 13:33:58,586 WARNING:biomolecule.py:966:create_residue:Unable to find amino or nucleic acid definition for UNX.  Parsing as new residue.
2022-11-08 13:33:58,586 WARNING:biomolecule.py:966:create_residue:Unable to find amino or nucleic acid definition for UNX.  Parsing as new residue.
2022-11-08 13:33:58,586 WARNING:biomolecule.py:966:create_residue:Unable to find amino or nucleic acid definition for UNX.  Parsing as new residue.
2022-11-08 13:33:58,586 WARNING:biomolecule.py:966:create_residue:Unable to find amino or nucleic acid definition for UNX.  Parsing as new residue.
2022-11-08 13:33:58,586 WARNING:biomolecule.py:966:create_residue:Unable to find amino or nucleic acid definition for UNX.  Parsing as new residue.
2022-11-08 13:33:58,587 WARNING:biomolecule.py:966:create_residue:Unable to find amino or nucleic acid definition for UNX.  Parsing as new residue.
2022-11-08 13:33:58,587 WARNING:io.py:40:filter:Suppressing further "Unable to find amino or nucleic acid definition for" messages
2022-11-08 13:33:58,588 WARNING:main.py:418:setup_molecule:Multiple occupancies found: CG in GLN A 99.
2022-11-08 13:33:58,588 WARNING:main.py:418:setup_molecule:Multiple occupancies found: CD in GLN A 99.
2022-11-08 13:33:58,588 WARNING:main.py:418:setup_molecule:Multiple occupancies found: NE2 in GLN A 99.
2022-11-08 13:33:58,588 WARNING:main.py:418:setup_molecule:Multiple occupancies found: OE1 in GLN A 99.
2022-11-08 13:33:58,589 WARNING:main.py:424:setup_molecule:Multiple occupancies found in GLN A 99. At least one of the instances is being ignored.
2022-11-08 13:33:58,589 WARNING:main.py:418:setup_molecule:Multiple occupancies found: CA in VAL A 109.
2022-11-08 13:33:58,589 WARNING:main.py:418:setup_molecule:Multiple occupancies found: CB in VAL A 109.
2022-11-08 13:33:58,589 WARNING:main.py:418:setup_molecule:Multiple occupancies found: CG1 in VAL A 109.
2022-11-08 13:33:58,589 WARNING:main.py:418:setup_molecule:Multiple occupancies found: CG2 in VAL A 109.
2022-11-08 13:33:58,589 WARNING:main.py:424:setup_molecule:Multiple occupancies found in VAL A 109. At least one of the instances is being ignored.
2022-11-08 13:33:58,589 WARNING:main.py:418:setup_molecule:Multiple occupancies found: CG in ASN A 140.
2022-11-08 13:33:58,589 WARNING:main.py:418:setup_molecule:Multiple occupancies found: ND2 in ASN A 140.
2022-11-08 13:33:58,589 WARNING:main.py:418:setup_molecule:Multiple occupancies found: OD1 in ASN A 140.
2022-11-08 13:33:58,590 WARNING:main.py:424:setup_molecule:Multiple occupancies found in ASN A 140. At least one of the instances is being ignored.
2022-11-08 13:33:58,590 WARNING:main.py:418:setup_molecule:Multiple occupancies found: CA in VAL A 255.
2022-11-08 13:33:58,590 WARNING:main.py:418:setup_molecule:Multiple occupancies found: CB in VAL A 255.
2022-11-08 13:33:58,590 WARNING:main.py:418:setup_molecule:Multiple occupancies found: CG1 in VAL A 255.
2022-11-08 13:33:58,590 WARNING:main.py:418:setup_molecule:Multiple occupancies found: CG2 in VAL A 255.
2022-11-08 13:33:58,590 WARNING:main.py:424:setup_molecule:Multiple occupancies found in VAL A 255. At least one of the instances is being ignored.
2022-11-08 13:33:58,628 WARNING:biomolecule.py:157:num_missing_heavy:Missing atom OG in residue SER A 59
2022-11-08 13:33:58,628 WARNING:biomolecule.py:157:num_missing_heavy:Missing atom CG in residue GLN A 60
2022-11-08 13:33:58,628 WARNING:biomolecule.py:157:num_missing_heavy:Missing atom CD in residue GLN A 60
2022-11-08 13:33:58,629 WARNING:biomolecule.py:157:num_missing_heavy:Missing atom OE1 in residue GLN A 60
2022-11-08 13:33:58,629 WARNING:biomolecule.py:157:num_missing_heavy:Missing atom NE2 in residue GLN A 60
2022-11-08 13:33:58,629 WARNING:biomolecule.py:157:num_missing_heavy:Missing atom CG in residue MET A 66
2022-11-08 13:33:58,629 WARNING:biomolecule.py:157:num_missing_heavy:Missing atom SD in residue MET A 66
2022-11-08 13:33:58,630 WARNING:biomolecule.py:157:num_missing_heavy:Missing atom CE in residue MET A 66
2022-11-08 13:33:58,630 WARNING:biomolecule.py:157:num_missing_heavy:Missing atom CG in residue GLU A 84
2022-11-08 13:33:58,630 WARNING:biomolecule.py:157:num_missing_heavy:Missing atom CD in residue GLU A 84
2022-11-08 13:33:58,630 WARNING:biomolecule.py:157:num_missing_heavy:Missing atom OE1 in residue GLU A 84
2022-11-08 13:33:58,630 WARNING:biomolecule.py:157:num_missing_heavy:Missing atom OE2 in residue GLU A 84
2022-11-08 13:33:58,630 WARNING:biomolecule.py:157:num_missing_heavy:Missing atom CG in residue ASN A 89
2022-11-08 13:33:58,630 WARNING:biomolecule.py:157:num_missing_heavy:Missing atom OD1 in residue ASN A 89
2022-11-08 13:33:58,631 WARNING:biomolecule.py:157:num_missing_heavy:Missing atom ND2 in residue ASN A 89
2022-11-08 13:33:58,631 WARNING:biomolecule.py:157:num_missing_heavy:Missing atom CE in residue LYS A 103
2022-11-08 13:33:58,631 WARNING:biomolecule.py:157:num_missing_heavy:Missing atom NZ in residue LYS A 103
2022-11-08 13:33:58,631 WARNING:biomolecule.py:157:num_missing_heavy:Missing atom CG in residue ARG A 106
2022-11-08 13:33:58,631 WARNING:biomolecule.py:157:num_missing_heavy:Missing atom CD in residue ARG A 106
2022-11-08 13:33:58,631 WARNING:biomolecule.py:157:num_missing_heavy:Missing atom NE in residue ARG A 106
2022-11-08 13:33:58,631 WARNING:biomolecule.py:157:num_missing_heavy:Missing atom CZ in residue ARG A 106
2022-11-08 13:33:58,632 WARNING:biomolecule.py:157:num_missing_heavy:Missing atom NH1 in residue ARG A 106
2022-11-08 13:33:58,632 WARNING:biomolecule.py:157:num_missing_heavy:Missing atom NH2 in residue ARG A 106
2022-11-08 13:33:58,632 WARNING:biomolecule.py:157:num_missing_heavy:Missing atom CE in residue LYS A 107
2022-11-08 13:33:58,632 WARNING:biomolecule.py:157:num_missing_heavy:Missing atom NZ in residue LYS A 107
2022-11-08 13:33:58,632 WARNING:biomolecule.py:157:num_missing_heavy:Missing atom NZ in residue LYS A 132
2022-11-08 13:33:58,632 WARNING:biomolecule.py:157:num_missing_heavy:Missing atom CD in residue GLN A 156
2022-11-08 13:33:58,633 WARNING:biomolecule.py:157:num_missing_heavy:Missing atom OE1 in residue GLN A 156
2022-11-08 13:33:58,633 WARNING:biomolecule.py:157:num_missing_heavy:Missing atom NE2 in residue GLN A 156
2022-11-08 13:33:58,633 WARNING:biomolecule.py:157:num_missing_heavy:Missing atom CE in residue LYS A 162
2022-11-08 13:33:58,633 WARNING:biomolecule.py:157:num_missing_heavy:Missing atom NZ in residue LYS A 162
2022-11-08 13:33:58,633 WARNING:biomolecule.py:157:num_missing_heavy:Missing atom C in residue ASP A 164
2022-11-08 13:33:58,633 WARNING:biomolecule.py:157:num_missing_heavy:Missing atom O in residue ASP A 164
2022-11-08 13:33:58,633 WARNING:biomolecule.py:157:num_missing_heavy:Missing atom CB in residue ASP A 164
2022-11-08 13:33:58,633 WARNING:biomolecule.py:157:num_missing_heavy:Missing atom CG in residue ASP A 164
2022-11-08 13:33:58,634 WARNING:biomolecule.py:157:num_missing_heavy:Missing atom OD1 in residue ASP A 164
2022-11-08 13:33:58,634 WARNING:biomolecule.py:157:num_missing_heavy:Missing atom OD2 in residue ASP A 164
2022-11-08 13:33:58,634 WARNING:biomolecule.py:157:num_missing_heavy:Missing atom CG in residue GLU A 167
2022-11-08 13:33:58,634 WARNING:biomolecule.py:157:num_missing_heavy:Missing atom CD in residue GLU A 167
2022-11-08 13:33:58,634 WARNING:biomolecule.py:157:num_missing_heavy:Missing atom OE1 in residue GLU A 167
2022-11-08 13:33:58,634 WARNING:biomolecule.py:157:num_missing_heavy:Missing atom OE2 in residue GLU A 167
2022-11-08 13:33:58,634 WARNING:biomolecule.py:157:num_missing_heavy:Missing atom CD2 in residue TYR A 169
2022-11-08 13:33:58,634 WARNING:biomolecule.py:157:num_missing_heavy:Missing atom CE2 in residue TYR A 169
2022-11-08 13:33:58,635 WARNING:biomolecule.py:157:num_missing_heavy:Missing atom CZ in residue TYR A 169
2022-11-08 13:33:58,635 WARNING:biomolecule.py:157:num_missing_heavy:Missing atom OH in residue TYR A 169
2022-11-08 13:33:58,635 WARNING:biomolecule.py:157:num_missing_heavy:Missing atom CD in residue LYS A 199
2022-11-08 13:33:58,635 WARNING:biomolecule.py:157:num_missing_heavy:Missing atom CE in residue LYS A 199
2022-11-08 13:33:58,635 WARNING:biomolecule.py:157:num_missing_heavy:Missing atom NZ in residue LYS A 199
2022-11-08 13:33:58,635 WARNING:biomolecule.py:157:num_missing_heavy:Missing atom CG in residue ARG A 226
2022-11-08 13:33:58,636 WARNING:biomolecule.py:157:num_missing_heavy:Missing atom CD in residue ARG A 226
2022-11-08 13:33:58,636 WARNING:biomolecule.py:157:num_missing_heavy:Missing atom NE in residue ARG A 226
2022-11-08 13:33:58,636 WARNING:biomolecule.py:157:num_missing_heavy:Missing atom CZ in residue ARG A 226
2022-11-08 13:33:58,636 WARNING:biomolecule.py:157:num_missing_heavy:Missing atom NH1 in residue ARG A 226
2022-11-08 13:33:58,636 WARNING:biomolecule.py:157:num_missing_heavy:Missing atom NH2 in residue ARG A 226
2022-11-08 13:33:58,636 WARNING:biomolecule.py:157:num_missing_heavy:Missing atom CG in residue GLU A 227
2022-11-08 13:33:58,636 WARNING:biomolecule.py:157:num_missing_heavy:Missing atom CD in residue GLU A 227
2022-11-08 13:33:58,636 WARNING:biomolecule.py:157:num_missing_heavy:Missing atom OE1 in residue GLU A 227
2022-11-08 13:33:58,637 WARNING:biomolecule.py:157:num_missing_heavy:Missing atom OE2 in residue GLU A 227
2022-11-08 13:33:58,637 WARNING:biomolecule.py:157:num_missing_heavy:Missing atom OE1 in residue GLN A 259
2022-11-08 13:33:58,637 WARNING:biomolecule.py:157:num_missing_heavy:Missing atom NE2 in residue GLN A 259
2022-11-08 13:33:58,637 WARNING:biomolecule.py:157:num_missing_heavy:Missing atom OE1 in residue GLU A 260
2022-11-08 13:33:58,637 WARNING:biomolecule.py:157:num_missing_heavy:Missing atom OE2 in residue GLU A 260
2022-11-08 13:33:58,637 WARNING:biomolecule.py:157:num_missing_heavy:Missing atom CE in residue LYS A 261
2022-11-08 13:33:58,637 WARNING:biomolecule.py:157:num_missing_heavy:Missing atom NZ in residue LYS A 261
2022-11-08 13:33:58,638 WARNING:biomolecule.py:157:num_missing_heavy:Missing atom CG in residue ASP A 263
2022-11-08 13:33:58,638 WARNING:biomolecule.py:157:num_missing_heavy:Missing atom OD1 in residue ASP A 263
2022-11-08 13:33:58,638 WARNING:biomolecule.py:157:num_missing_heavy:Missing atom OD2 in residue ASP A 263
2022-11-08 13:33:58,638 WARNING:biomolecule.py:157:num_missing_heavy:Missing atom CD in residue GLU A 267
2022-11-08 13:33:58,638 WARNING:biomolecule.py:157:num_missing_heavy:Missing atom OE1 in residue GLU A 267
2022-11-08 13:33:58,638 WARNING:biomolecule.py:157:num_missing_heavy:Missing atom OE2 in residue GLU A 267
2022-11-08 13:33:58,638 WARNING:biomolecule.py:157:num_missing_heavy:Missing atom CG in residue GLN A 268
2022-11-08 13:33:58,638 WARNING:biomolecule.py:157:num_missing_heavy:Missing atom CD in residue GLN A 268
2022-11-08 13:33:58,639 WARNING:biomolecule.py:157:num_missing_heavy:Missing atom OE1 in residue GLN A 268
2022-11-08 13:33:58,639 WARNING:biomolecule.py:157:num_missing_heavy:Missing atom NE2 in residue GLN A 268
2022-11-08 13:33:58,639 WARNING:biomolecule.py:157:num_missing_heavy:Missing atom CG1 in residue ILE A 270
2022-11-08 13:33:58,639 WARNING:biomolecule.py:157:num_missing_heavy:Missing atom CG2 in residue ILE A 270
2022-11-08 13:33:58,639 WARNING:biomolecule.py:157:num_missing_heavy:Missing atom CD1 in residue ILE A 270
2022-11-08 13:33:58,639 WARNING:biomolecule.py:157:num_missing_heavy:Missing atom OG in residue SER A 59
2022-11-08 13:33:58,639 WARNING:biomolecule.py:157:num_missing_heavy:Missing atom CG in residue GLN A 60
2022-11-08 13:33:58,639 WARNING:biomolecule.py:157:num_missing_heavy:Missing atom CD in residue GLN A 60
2022-11-08 13:33:58,640 WARNING:biomolecule.py:157:num_missing_heavy:Missing atom OE1 in residue GLN A 60
2022-11-08 13:33:58,640 WARNING:biomolecule.py:157:num_missing_heavy:Missing atom NE2 in residue GLN A 60
2022-11-08 13:33:58,640 WARNING:biomolecule.py:157:num_missing_heavy:Missing atom CG in residue MET A 66
2022-11-08 13:33:58,640 WARNING:biomolecule.py:157:num_missing_heavy:Missing atom SD in residue MET A 66
2022-11-08 13:33:58,640 WARNING:biomolecule.py:157:num_missing_heavy:Missing atom CE in residue MET A 66
2022-11-08 13:33:58,640 WARNING:biomolecule.py:157:num_missing_heavy:Missing atom CG in residue GLU A 84
2022-11-08 13:33:58,640 WARNING:biomolecule.py:157:num_missing_heavy:Missing atom CD in residue GLU A 84
2022-11-08 13:33:58,641 WARNING:biomolecule.py:157:num_missing_heavy:Missing atom OE1 in residue GLU A 84
2022-11-08 13:33:58,641 WARNING:biomolecule.py:157:num_missing_heavy:Missing atom OE2 in residue GLU A 84
2022-11-08 13:33:58,641 WARNING:biomolecule.py:157:num_missing_heavy:Missing atom CG in residue ASN A 89
2022-11-08 13:33:58,641 WARNING:biomolecule.py:157:num_missing_heavy:Missing atom OD1 in residue ASN A 89
2022-11-08 13:33:58,641 WARNING:biomolecule.py:157:num_missing_heavy:Missing atom ND2 in residue ASN A 89
2022-11-08 13:33:58,641 WARNING:biomolecule.py:157:num_missing_heavy:Missing atom CE in residue LYS A 103
2022-11-08 13:33:58,641 WARNING:biomolecule.py:157:num_missing_heavy:Missing atom NZ in residue LYS A 103
2022-11-08 13:33:58,642 WARNING:biomolecule.py:157:num_missing_heavy:Missing atom CG in residue ARG A 106
2022-11-08 13:33:58,642 WARNING:biomolecule.py:157:num_missing_heavy:Missing atom CD in residue ARG A 106
2022-11-08 13:33:58,642 WARNING:biomolecule.py:157:num_missing_heavy:Missing atom NE in residue ARG A 106
2022-11-08 13:33:58,642 WARNING:biomolecule.py:157:num_missing_heavy:Missing atom CZ in residue ARG A 106
2022-11-08 13:33:58,642 WARNING:biomolecule.py:157:num_missing_heavy:Missing atom NH1 in residue ARG A 106
2022-11-08 13:33:58,642 WARNING:biomolecule.py:157:num_missing_heavy:Missing atom NH2 in residue ARG A 106
2022-11-08 13:33:58,642 WARNING:biomolecule.py:157:num_missing_heavy:Missing atom CE in residue LYS A 107
2022-11-08 13:33:58,642 WARNING:biomolecule.py:157:num_missing_heavy:Missing atom NZ in residue LYS A 107
2022-11-08 13:33:58,643 WARNING:biomolecule.py:157:num_missing_heavy:Missing atom NZ in residue LYS A 132
2022-11-08 13:33:58,643 WARNING:biomolecule.py:157:num_missing_heavy:Missing atom CD in residue GLN A 156
2022-11-08 13:33:58,643 WARNING:biomolecule.py:157:num_missing_heavy:Missing atom OE1 in residue GLN A 156
2022-11-08 13:33:58,643 WARNING:biomolecule.py:157:num_missing_heavy:Missing atom NE2 in residue GLN A 156
2022-11-08 13:33:58,643 WARNING:biomolecule.py:157:num_missing_heavy:Missing atom CE in residue LYS A 162
2022-11-08 13:33:58,643 WARNING:biomolecule.py:157:num_missing_heavy:Missing atom NZ in residue LYS A 162
2022-11-08 13:33:58,644 WARNING:biomolecule.py:157:num_missing_heavy:Missing atom C in residue ASP A 164
2022-11-08 13:33:58,644 WARNING:biomolecule.py:157:num_missing_heavy:Missing atom O in residue ASP A 164
2022-11-08 13:33:58,644 WARNING:biomolecule.py:157:num_missing_heavy:Missing atom CB in residue ASP A 164
2022-11-08 13:33:58,644 WARNING:biomolecule.py:157:num_missing_heavy:Missing atom CG in residue ASP A 164
2022-11-08 13:33:58,644 WARNING:biomolecule.py:157:num_missing_heavy:Missing atom OD1 in residue ASP A 164
2022-11-08 13:33:58,644 WARNING:biomolecule.py:157:num_missing_heavy:Missing atom OD2 in residue ASP A 164
2022-11-08 13:33:58,644 WARNING:biomolecule.py:157:num_missing_heavy:Missing atom CG in residue GLU A 167
2022-11-08 13:33:58,644 WARNING:biomolecule.py:157:num_missing_heavy:Missing atom CD in residue GLU A 167
2022-11-08 13:33:58,644 WARNING:biomolecule.py:157:num_missing_heavy:Missing atom OE1 in residue GLU A 167
2022-11-08 13:33:58,645 WARNING:biomolecule.py:157:num_missing_heavy:Missing atom OE2 in residue GLU A 167
2022-11-08 13:33:58,645 WARNING:biomolecule.py:157:num_missing_heavy:Missing atom CD2 in residue TYR A 169
2022-11-08 13:33:58,645 WARNING:biomolecule.py:157:num_missing_heavy:Missing atom CE2 in residue TYR A 169
2022-11-08 13:33:58,645 WARNING:biomolecule.py:157:num_missing_heavy:Missing atom CZ in residue TYR A 169
2022-11-08 13:33:58,645 WARNING:biomolecule.py:157:num_missing_heavy:Missing atom OH in residue TYR A 169
2022-11-08 13:33:58,645 WARNING:biomolecule.py:157:num_missing_heavy:Missing atom CD in residue LYS A 199
2022-11-08 13:33:58,646 WARNING:biomolecule.py:157:num_missing_heavy:Missing atom CE in residue LYS A 199
2022-11-08 13:33:58,646 WARNING:biomolecule.py:157:num_missing_heavy:Missing atom NZ in residue LYS A 199
2022-11-08 13:33:58,646 WARNING:biomolecule.py:157:num_missing_heavy:Missing atom CG in residue ARG A 226
2022-11-08 13:33:58,646 WARNING:biomolecule.py:157:num_missing_heavy:Missing atom CD in residue ARG A 226
2022-11-08 13:33:58,646 WARNING:biomolecule.py:157:num_missing_heavy:Missing atom NE in residue ARG A 226
2022-11-08 13:33:58,646 WARNING:biomolecule.py:157:num_missing_heavy:Missing atom CZ in residue ARG A 226
2022-11-08 13:33:58,646 WARNING:biomolecule.py:157:num_missing_heavy:Missing atom NH1 in residue ARG A 226
2022-11-08 13:33:58,646 WARNING:biomolecule.py:157:num_missing_heavy:Missing atom NH2 in residue ARG A 226
2022-11-08 13:33:58,647 WARNING:biomolecule.py:157:num_missing_heavy:Missing atom CG in residue GLU A 227
2022-11-08 13:33:58,647 WARNING:biomolecule.py:157:num_missing_heavy:Missing atom CD in residue GLU A 227
2022-11-08 13:33:58,647 WARNING:biomolecule.py:157:num_missing_heavy:Missing atom OE1 in residue GLU A 227
2022-11-08 13:33:58,647 WARNING:biomolecule.py:157:num_missing_heavy:Missing atom OE2 in residue GLU A 227
2022-11-08 13:33:58,647 WARNING:biomolecule.py:157:num_missing_heavy:Missing atom OE1 in residue GLN A 259
2022-11-08 13:33:58,647 WARNING:biomolecule.py:157:num_missing_heavy:Missing atom NE2 in residue GLN A 259
2022-11-08 13:33:58,648 WARNING:biomolecule.py:157:num_missing_heavy:Missing atom OE1 in residue GLU A 260
2022-11-08 13:33:58,648 WARNING:biomolecule.py:157:num_missing_heavy:Missing atom OE2 in residue GLU A 260
2022-11-08 13:33:58,648 WARNING:biomolecule.py:157:num_missing_heavy:Missing atom CE in residue LYS A 261
2022-11-08 13:33:58,648 WARNING:biomolecule.py:157:num_missing_heavy:Missing atom NZ in residue LYS A 261
2022-11-08 13:33:58,648 WARNING:biomolecule.py:157:num_missing_heavy:Missing atom CG in residue ASP A 263
2022-11-08 13:33:58,648 WARNING:biomolecule.py:157:num_missing_heavy:Missing atom OD1 in residue ASP A 263
2022-11-08 13:33:58,648 WARNING:biomolecule.py:157:num_missing_heavy:Missing atom OD2 in residue ASP A 263
2022-11-08 13:33:58,648 WARNING:biomolecule.py:157:num_missing_heavy:Missing atom CD in residue GLU A 267
2022-11-08 13:33:58,649 WARNING:biomolecule.py:157:num_missing_heavy:Missing atom OE1 in residue GLU A 267
2022-11-08 13:33:58,649 WARNING:biomolecule.py:157:num_missing_heavy:Missing atom OE2 in residue GLU A 267
2022-11-08 13:33:58,649 WARNING:biomolecule.py:157:num_missing_heavy:Missing atom CG in residue GLN A 268
2022-11-08 13:33:58,649 WARNING:biomolecule.py:157:num_missing_heavy:Missing atom CD in residue GLN A 268
2022-11-08 13:33:58,649 WARNING:biomolecule.py:157:num_missing_heavy:Missing atom OE1 in residue GLN A 268
2022-11-08 13:33:58,649 WARNING:biomolecule.py:157:num_missing_heavy:Missing atom NE2 in residue GLN A 268
2022-11-08 13:33:58,649 WARNING:biomolecule.py:157:num_missing_heavy:Missing atom CG1 in residue ILE A 270
2022-11-08 13:33:58,649 WARNING:biomolecule.py:157:num_missing_heavy:Missing atom CG2 in residue ILE A 270
2022-11-08 13:33:58,650 WARNING:biomolecule.py:157:num_missing_heavy:Missing atom CD1 in residue ILE A 270
2022-11-08 13:33:58,650 WARNING:biomolecule.py:157:num_missing_heavy:Missing atom OG in residue SER A 59
2022-11-08 13:33:58,650 WARNING:biomolecule.py:157:num_missing_heavy:Missing atom CG in residue GLN A 60
2022-11-08 13:33:58,650 WARNING:biomolecule.py:157:num_missing_heavy:Missing atom CD in residue GLN A 60
2022-11-08 13:33:58,650 WARNING:biomolecule.py:157:num_missing_heavy:Missing atom OE1 in residue GLN A 60
2022-11-08 13:33:58,650 WARNING:biomolecule.py:157:num_missing_heavy:Missing atom NE2 in residue GLN A 60
2022-11-08 13:33:58,650 WARNING:biomolecule.py:157:num_missing_heavy:Missing atom CG in residue MET A 66
2022-11-08 13:33:58,650 WARNING:biomolecule.py:157:num_missing_heavy:Missing atom SD in residue MET A 66
2022-11-08 13:33:58,651 WARNING:biomolecule.py:157:num_missing_heavy:Missing atom CE in residue MET A 66
2022-11-08 13:33:58,651 WARNING:biomolecule.py:157:num_missing_heavy:Missing atom CG in residue GLU A 84
2022-11-08 13:33:58,651 WARNING:biomolecule.py:157:num_missing_heavy:Missing atom CD in residue GLU A 84
2022-11-08 13:33:58,651 WARNING:biomolecule.py:157:num_missing_heavy:Missing atom OE1 in residue GLU A 84
2022-11-08 13:33:58,651 WARNING:biomolecule.py:157:num_missing_heavy:Missing atom OE2 in residue GLU A 84
2022-11-08 13:33:58,651 WARNING:biomolecule.py:157:num_missing_heavy:Missing atom CG in residue ASN A 89
2022-11-08 13:33:58,651 WARNING:biomolecule.py:157:num_missing_heavy:Missing atom OD1 in residue ASN A 89
2022-11-08 13:33:58,652 WARNING:biomolecule.py:157:num_missing_heavy:Missing atom ND2 in residue ASN A 89
2022-11-08 13:33:58,652 WARNING:biomolecule.py:157:num_missing_heavy:Missing atom CE in residue LYS A 103
2022-11-08 13:33:58,652 WARNING:biomolecule.py:157:num_missing_heavy:Missing atom NZ in residue LYS A 103
2022-11-08 13:33:58,652 WARNING:biomolecule.py:157:num_missing_heavy:Missing atom CG in residue ARG A 106
2022-11-08 13:33:58,652 WARNING:biomolecule.py:157:num_missing_heavy:Missing atom CD in residue ARG A 106
2022-11-08 13:33:58,652 WARNING:biomolecule.py:157:num_missing_heavy:Missing atom NE in residue ARG A 106
2022-11-08 13:33:58,652 WARNING:biomolecule.py:157:num_missing_heavy:Missing atom CZ in residue ARG A 106
2022-11-08 13:33:58,653 WARNING:biomolecule.py:157:num_missing_heavy:Missing atom NH1 in residue ARG A 106
2022-11-08 13:33:58,653 WARNING:biomolecule.py:157:num_missing_heavy:Missing atom NH2 in residue ARG A 106
2022-11-08 13:33:58,653 WARNING:biomolecule.py:157:num_missing_heavy:Missing atom CE in residue LYS A 107
2022-11-08 13:33:58,653 WARNING:biomolecule.py:157:num_missing_heavy:Missing atom NZ in residue LYS A 107
2022-11-08 13:33:58,653 WARNING:biomolecule.py:157:num_missing_heavy:Missing atom NZ in residue LYS A 132
2022-11-08 13:33:58,653 WARNING:biomolecule.py:157:num_missing_heavy:Missing atom CD in residue GLN A 156
2022-11-08 13:33:58,654 WARNING:biomolecule.py:157:num_missing_heavy:Missing atom OE1 in residue GLN A 156
2022-11-08 13:33:58,654 WARNING:biomolecule.py:157:num_missing_heavy:Missing atom NE2 in residue GLN A 156
2022-11-08 13:33:58,654 WARNING:biomolecule.py:157:num_missing_heavy:Missing atom CE in residue LYS A 162
2022-11-08 13:33:58,654 WARNING:biomolecule.py:157:num_missing_heavy:Missing atom NZ in residue LYS A 162
2022-11-08 13:33:58,654 WARNING:biomolecule.py:157:num_missing_heavy:Missing atom C in residue ASP A 164
2022-11-08 13:33:58,654 WARNING:biomolecule.py:157:num_missing_heavy:Missing atom O in residue ASP A 164
2022-11-08 13:33:58,654 WARNING:biomolecule.py:157:num_missing_heavy:Missing atom CB in residue ASP A 164
2022-11-08 13:33:58,654 WARNING:biomolecule.py:157:num_missing_heavy:Missing atom CG in residue ASP A 164
2022-11-08 13:33:58,655 WARNING:biomolecule.py:157:num_missing_heavy:Missing atom OD1 in residue ASP A 164
2022-11-08 13:33:58,655 WARNING:biomolecule.py:157:num_missing_heavy:Missing atom OD2 in residue ASP A 164
2022-11-08 13:33:58,655 WARNING:biomolecule.py:157:num_missing_heavy:Missing atom CG in residue GLU A 167
2022-11-08 13:33:58,655 WARNING:biomolecule.py:157:num_missing_heavy:Missing atom CD in residue GLU A 167
2022-11-08 13:33:58,655 WARNING:biomolecule.py:157:num_missing_heavy:Missing atom OE1 in residue GLU A 167
2022-11-08 13:33:58,655 WARNING:biomolecule.py:157:num_missing_heavy:Missing atom OE2 in residue GLU A 167
2022-11-08 13:33:58,655 WARNING:biomolecule.py:157:num_missing_heavy:Missing atom CD2 in residue TYR A 169
2022-11-08 13:33:58,655 WARNING:biomolecule.py:157:num_missing_heavy:Missing atom CE2 in residue TYR A 169
2022-11-08 13:33:58,656 WARNING:biomolecule.py:157:num_missing_heavy:Missing atom CZ in residue TYR A 169
2022-11-08 13:33:58,656 WARNING:biomolecule.py:157:num_missing_heavy:Missing atom OH in residue TYR A 169
2022-11-08 13:33:58,656 WARNING:biomolecule.py:157:num_missing_heavy:Missing atom CD in residue LYS A 199
2022-11-08 13:33:58,656 WARNING:biomolecule.py:157:num_missing_heavy:Missing atom CE in residue LYS A 199
2022-11-08 13:33:58,656 WARNING:biomolecule.py:157:num_missing_heavy:Missing atom NZ in residue LYS A 199
2022-11-08 13:33:58,657 WARNING:biomolecule.py:157:num_missing_heavy:Missing atom CG in residue ARG A 226
2022-11-08 13:33:58,657 WARNING:biomolecule.py:157:num_missing_heavy:Missing atom CD in residue ARG A 226
2022-11-08 13:33:58,657 WARNING:biomolecule.py:157:num_missing_heavy:Missing atom NE in residue ARG A 226
2022-11-08 13:33:58,657 WARNING:biomolecule.py:157:num_missing_heavy:Missing atom CZ in residue ARG A 226
2022-11-08 13:33:58,657 WARNING:biomolecule.py:157:num_missing_heavy:Missing atom NH1 in residue ARG A 226
2022-11-08 13:33:58,657 WARNING:biomolecule.py:157:num_missing_heavy:Missing atom NH2 in residue ARG A 226
2022-11-08 13:33:58,657 WARNING:biomolecule.py:157:num_missing_heavy:Missing atom CG in residue GLU A 227
2022-11-08 13:33:58,657 WARNING:biomolecule.py:157:num_missing_heavy:Missing atom CD in residue GLU A 227
2022-11-08 13:33:58,658 WARNING:biomolecule.py:157:num_missing_heavy:Missing atom OE1 in residue GLU A 227
2022-11-08 13:33:58,658 WARNING:biomolecule.py:157:num_missing_heavy:Missing atom OE2 in residue GLU A 227
2022-11-08 13:33:58,658 WARNING:biomolecule.py:157:num_missing_heavy:Missing atom OE1 in residue GLN A 259
2022-11-08 13:33:58,658 WARNING:biomolecule.py:157:num_missing_heavy:Missing atom NE2 in residue GLN A 259
2022-11-08 13:33:58,658 WARNING:biomolecule.py:157:num_missing_heavy:Missing atom OE1 in residue GLU A 260
2022-11-08 13:33:58,658 WARNING:biomolecule.py:157:num_missing_heavy:Missing atom OE2 in residue GLU A 260
2022-11-08 13:33:58,659 WARNING:biomolecule.py:157:num_missing_heavy:Missing atom CE in residue LYS A 261
2022-11-08 13:33:58,659 WARNING:biomolecule.py:157:num_missing_heavy:Missing atom NZ in residue LYS A 261
2022-11-08 13:33:58,659 WARNING:biomolecule.py:157:num_missing_heavy:Missing atom CG in residue ASP A 263
2022-11-08 13:33:58,659 WARNING:biomolecule.py:157:num_missing_heavy:Missing atom OD1 in residue ASP A 263
2022-11-08 13:33:58,659 WARNING:biomolecule.py:157:num_missing_heavy:Missing atom OD2 in residue ASP A 263
2022-11-08 13:33:58,659 WARNING:biomolecule.py:157:num_missing_heavy:Missing atom CD in residue GLU A 267
2022-11-08 13:33:58,659 WARNING:biomolecule.py:157:num_missing_heavy:Missing atom OE1 in residue GLU A 267
2022-11-08 13:33:58,659 WARNING:biomolecule.py:157:num_missing_heavy:Missing atom OE2 in residue GLU A 267
2022-11-08 13:33:58,660 WARNING:biomolecule.py:157:num_missing_heavy:Missing atom CG in residue GLN A 268
2022-11-08 13:33:58,660 WARNING:biomolecule.py:157:num_missing_heavy:Missing atom CD in residue GLN A 268
2022-11-08 13:33:58,660 WARNING:biomolecule.py:157:num_missing_heavy:Missing atom OE1 in residue GLN A 268
2022-11-08 13:33:58,660 WARNING:biomolecule.py:157:num_missing_heavy:Missing atom NE2 in residue GLN A 268
2022-11-08 13:33:58,660 WARNING:biomolecule.py:157:num_missing_heavy:Missing atom CG1 in residue ILE A 270
2022-11-08 13:33:58,660 WARNING:biomolecule.py:157:num_missing_heavy:Missing atom CG2 in residue ILE A 270
2022-11-08 13:33:58,660 WARNING:biomolecule.py:157:num_missing_heavy:Missing atom CD1 in residue ILE A 270
2022-11-08 13:34:01,670 WARNING:main.py:311:print_pqr:Ignoring 2614 header lines in output.
2022-11-08 13:34:01,671 WARNING:main.py:315:print_pqr:Ignoring 53 missing lines in output.
