2022-11-16 04:34:01,912 INFO:protonate.py:185:pdb2pqr_protonate_pdb:Finished running pdb2pqr! Output saved to '/Users/chrisjurich/projects/sam-pockets/cleaned/scratch/protonate_peptide_with_pdb2pqr_output_16.pdb'
2022-11-16 04:34:02,728 INFO:general.py:75:update_residues:updating ('A', 60) HIS to HID
2022-11-16 04:34:02,729 INFO:general.py:75:update_residues:updating ('A', 63) HIS to HID
2022-11-16 04:34:02,759 INFO:general.py:75:update_residues:updating ('A', 203) HIS to HID
2022-11-16 04:34:02,763 INFO:general.py:75:update_residues:updating ('A', 218) HIS to HID
2022-11-16 04:34:02,805 INFO:general.py:75:update_residues:updating ('A', 267) HIS to HID
2022-11-16 04:34:02,821 INFO:general.py:75:update_residues:updating ('B', 626) HIS to HID
2022-11-16 04:34:02,822 INFO:general.py:75:update_residues:updating ('B', 629) HIS to HID
2022-11-16 04:34:02,853 INFO:general.py:75:update_residues:updating ('B', 769) HIS to HID
2022-11-16 04:34:02,857 INFO:general.py:75:update_residues:updating ('B', 784) HIS to HID
2022-11-16 04:34:02,868 INFO:general.py:75:update_residues:updating ('B', 833) HIS to HIE
2022-11-16 04:34:02,873 INFO:structure.py:361:renumber_atoms:renumbering atoms
2022-11-16 04:34:02,881 INFO:metal_atom.py:125:get_donor_atoms:found donor atom of MetalUnit(1501, ZN, atom:1, Chain(C, residue: 1501-1504)): Atom(SG, 978, (23.659, 5.296, 2.229), Residue(64, CYS, atom:11, Chain(A, residue: 1-283)), None, None, None )
2022-11-16 04:34:02,882 INFO:metal_atom.py:125:get_donor_atoms:found donor atom of MetalUnit(1501, ZN, atom:1, Chain(C, residue: 1501-1504)): Atom(SG, 1142, (20.726, 3.768, 4.448), Residue(77, CYS, atom:11, Chain(A, residue: 1-283)), None, None, None )
2022-11-16 04:34:02,882 INFO:metal_atom.py:125:get_donor_atoms:found donor atom of MetalUnit(1501, ZN, atom:1, Chain(C, residue: 1501-1504)): Atom(SG, 1696, (21.05, 7.144, 4.119), Residue(111, CYS, atom:11, Chain(A, residue: 1-283)), None, None, None )
2022-11-16 04:34:02,882 INFO:general.py:115:deprotonate_residue:deprotonate HG from Residue(64, CYS, atom:11, Chain(A, residue: 1-283))
2022-11-16 04:34:02,882 INFO:general.py:115:deprotonate_residue:deprotonate HG from Residue(77, CYS, atom:11, Chain(A, residue: 1-283))
2022-11-16 04:34:02,882 INFO:general.py:115:deprotonate_residue:deprotonate HG from Residue(111, CYS, atom:11, Chain(A, residue: 1-283))
2022-11-16 04:34:02,888 INFO:metal_atom.py:125:get_donor_atoms:found donor atom of MetalUnit(1502, ZN, atom:1, Chain(C, residue: 1501-1504)): Atom(SG, 1054, (22.877, 4.482, -1.56), Residue(70, CYS, atom:11, Chain(A, residue: 1-283)), None, None, None )
2022-11-16 04:34:02,888 INFO:metal_atom.py:125:get_donor_atoms:found donor atom of MetalUnit(1502, ZN, atom:1, Chain(C, residue: 1501-1504)): Atom(SG, 1644, (19.867, 4.762, 0.834), Residue(107, CYS, atom:11, Chain(A, residue: 1-283)), None, None, None )
2022-11-16 04:34:02,889 INFO:metal_atom.py:125:get_donor_atoms:found donor atom of MetalUnit(1502, ZN, atom:1, Chain(C, residue: 1501-1504)): Atom(SG, 1718, (21.491, 7.747, -0.65), Residue(113, CYS, atom:11, Chain(A, residue: 1-283)), None, None, None )
2022-11-16 04:34:02,889 INFO:metal_atom.py:125:get_donor_atoms:found donor atom of MetalUnit(1502, ZN, atom:1, Chain(C, residue: 1501-1504)): Atom(SG, 1791, (19.074, 5.705, -2.598), Residue(117, CYS, atom:11, Chain(A, residue: 1-283)), None, None, None )
2022-11-16 04:34:02,889 INFO:general.py:115:deprotonate_residue:deprotonate HG from Residue(70, CYS, atom:11, Chain(A, residue: 1-283))
2022-11-16 04:34:02,889 INFO:general.py:115:deprotonate_residue:deprotonate HG from Residue(107, CYS, atom:11, Chain(A, residue: 1-283))
2022-11-16 04:34:02,889 INFO:general.py:115:deprotonate_residue:deprotonate HG from Residue(113, CYS, atom:11, Chain(A, residue: 1-283))
2022-11-16 04:34:02,889 INFO:general.py:115:deprotonate_residue:deprotonate HG from Residue(117, CYS, atom:11, Chain(A, residue: 1-283))
2022-11-16 04:34:02,895 INFO:metal_atom.py:125:get_donor_atoms:found donor atom of MetalUnit(1503, ZN, atom:1, Chain(C, residue: 1501-1504)): Atom(SG, 978, (23.659, 5.296, 2.229), Residue(64, CYM, atom:10, Chain(A, residue: 1-283)), None, None, None )
2022-11-16 04:34:02,895 INFO:metal_atom.py:125:get_donor_atoms:found donor atom of MetalUnit(1503, ZN, atom:1, Chain(C, residue: 1501-1504)): Atom(SG, 1054, (22.877, 4.482, -1.56), Residue(70, CYM, atom:10, Chain(A, residue: 1-283)), None, None, None )
2022-11-16 04:34:02,895 INFO:metal_atom.py:125:get_donor_atoms:found donor atom of MetalUnit(1503, ZN, atom:1, Chain(C, residue: 1501-1504)): Atom(SG, 1112, (23.139, 1.735, 1.561), Residue(75, CYS, atom:11, Chain(A, residue: 1-283)), None, None, None )
2022-11-16 04:34:02,895 WARNING:protonate.py:223:deprotonate_metal_donors:uncommon donor residue Residue(64, CYM, atom:10, Chain(A, residue: 1-283)) found in center MetalUnit(1503, ZN, atom:1, Chain(C, residue: 1501-1504))
2022-11-16 04:34:02,896 WARNING:protonate.py:223:deprotonate_metal_donors:uncommon donor residue Residue(70, CYM, atom:10, Chain(A, residue: 1-283)) found in center MetalUnit(1503, ZN, atom:1, Chain(C, residue: 1501-1504))
2022-11-16 04:34:02,896 INFO:general.py:115:deprotonate_residue:deprotonate HG from Residue(75, CYS, atom:11, Chain(A, residue: 1-283))
2022-11-16 04:34:02,902 INFO:metal_atom.py:125:get_donor_atoms:found donor atom of MetalUnit(1504, ZN, atom:1, Chain(C, residue: 1501-1504)): Atom(SG, 3196, (-9.549, -17.014, 1.618), Residue(205, CYS, atom:11, Chain(A, residue: 1-283)), None, None, None )
2022-11-16 04:34:02,902 INFO:metal_atom.py:125:get_donor_atoms:found donor atom of MetalUnit(1504, ZN, atom:1, Chain(C, residue: 1501-1504)): Atom(SG, 4086, (-12.662, -14.955, 1.216), Residue(258, CYS, atom:11, Chain(A, residue: 1-283)), None, None, None )
2022-11-16 04:34:02,902 INFO:metal_atom.py:125:get_donor_atoms:found donor atom of MetalUnit(1504, ZN, atom:1, Chain(C, residue: 1501-1504)): Atom(SG, 4180, (-12.396, -18.476, 1.231), Residue(265, CYS, atom:11, Chain(A, residue: 1-283)), None, None, None )
2022-11-16 04:34:02,902 INFO:general.py:115:deprotonate_residue:deprotonate HG from Residue(205, CYS, atom:11, Chain(A, residue: 1-283))
2022-11-16 04:34:02,903 INFO:general.py:115:deprotonate_residue:deprotonate HG from Residue(258, CYS, atom:11, Chain(A, residue: 1-283))
2022-11-16 04:34:02,903 INFO:general.py:115:deprotonate_residue:deprotonate HG from Residue(265, CYS, atom:11, Chain(A, residue: 1-283))
2022-11-16 04:34:02,908 INFO:metal_atom.py:125:get_donor_atoms:found donor atom of MetalUnit(1501, ZN, atom:1, Chain(F, residue: 1501-1504)): Atom(SG, 5448, (-9.854, 25.317, 0.36), Residue(630, CYS, atom:11, Chain(B, residue: 567-849)), None, None, None )
2022-11-16 04:34:02,908 INFO:metal_atom.py:125:get_donor_atoms:found donor atom of MetalUnit(1501, ZN, atom:1, Chain(F, residue: 1501-1504)): Atom(SG, 5612, (-7.246, 26.836, 2.654), Residue(643, CYS, atom:11, Chain(B, residue: 567-849)), None, None, None )
2022-11-16 04:34:02,908 INFO:metal_atom.py:125:get_donor_atoms:found donor atom of MetalUnit(1501, ZN, atom:1, Chain(F, residue: 1501-1504)): Atom(SG, 6166, (-7.339, 23.419, 2.35), Residue(677, CYS, atom:11, Chain(B, residue: 567-849)), None, None, None )
2022-11-16 04:34:02,908 INFO:general.py:115:deprotonate_residue:deprotonate HG from Residue(630, CYS, atom:11, Chain(B, residue: 567-849))
2022-11-16 04:34:02,909 INFO:general.py:115:deprotonate_residue:deprotonate HG from Residue(643, CYS, atom:11, Chain(B, residue: 567-849))
2022-11-16 04:34:02,909 INFO:general.py:115:deprotonate_residue:deprotonate HG from Residue(677, CYS, atom:11, Chain(B, residue: 567-849))
2022-11-16 04:34:02,914 INFO:metal_atom.py:125:get_donor_atoms:found donor atom of MetalUnit(1502, ZN, atom:1, Chain(F, residue: 1501-1504)): Atom(SG, 5524, (-8.808, 25.907, -3.368), Residue(636, CYS, atom:11, Chain(B, residue: 567-849)), None, None, None )
2022-11-16 04:34:02,914 INFO:metal_atom.py:125:get_donor_atoms:found donor atom of MetalUnit(1502, ZN, atom:1, Chain(F, residue: 1501-1504)): Atom(SG, 6114, (-5.837, 25.713, -0.914), Residue(673, CYS, atom:11, Chain(B, residue: 567-849)), None, None, None )
2022-11-16 04:34:02,914 INFO:metal_atom.py:125:get_donor_atoms:found donor atom of MetalUnit(1502, ZN, atom:1, Chain(F, residue: 1501-1504)): Atom(SG, 6188, (-7.493, 22.719, -2.148), Residue(679, CYS, atom:11, Chain(B, residue: 567-849)), None, None, None )
2022-11-16 04:34:02,914 INFO:general.py:115:deprotonate_residue:deprotonate HG from Residue(636, CYS, atom:11, Chain(B, residue: 567-849))
2022-11-16 04:34:02,915 INFO:general.py:115:deprotonate_residue:deprotonate HG from Residue(673, CYS, atom:11, Chain(B, residue: 567-849))
2022-11-16 04:34:02,915 INFO:general.py:115:deprotonate_residue:deprotonate HG from Residue(679, CYS, atom:11, Chain(B, residue: 567-849))
2022-11-16 04:34:02,921 INFO:metal_atom.py:125:get_donor_atoms:found donor atom of MetalUnit(1503, ZN, atom:1, Chain(F, residue: 1501-1504)): Atom(SG, 5448, (-9.854, 25.317, 0.36), Residue(630, CYM, atom:10, Chain(B, residue: 567-849)), None, None, None )
2022-11-16 04:34:02,921 INFO:metal_atom.py:125:get_donor_atoms:found donor atom of MetalUnit(1503, ZN, atom:1, Chain(F, residue: 1501-1504)): Atom(SG, 5524, (-8.808, 25.907, -3.368), Residue(636, CYM, atom:10, Chain(B, residue: 567-849)), None, None, None )
2022-11-16 04:34:02,921 WARNING:protonate.py:223:deprotonate_metal_donors:uncommon donor residue Residue(630, CYM, atom:10, Chain(B, residue: 567-849)) found in center MetalUnit(1503, ZN, atom:1, Chain(F, residue: 1501-1504))
2022-11-16 04:34:02,921 WARNING:protonate.py:223:deprotonate_metal_donors:uncommon donor residue Residue(636, CYM, atom:10, Chain(B, residue: 567-849)) found in center MetalUnit(1503, ZN, atom:1, Chain(F, residue: 1501-1504))
2022-11-16 04:34:02,926 INFO:metal_atom.py:125:get_donor_atoms:found donor atom of MetalUnit(1504, ZN, atom:1, Chain(F, residue: 1501-1504)): Atom(SG, 8556, (25.864, 45.473, 3.162), Residue(824, CYS, atom:11, Chain(B, residue: 567-849)), None, None, None )
2022-11-16 04:34:02,927 INFO:metal_atom.py:125:get_donor_atoms:found donor atom of MetalUnit(1504, ZN, atom:1, Chain(F, residue: 1501-1504)): Atom(SG, 8584, (24.998, 47.08, 0.531), Residue(826, CYS, atom:11, Chain(B, residue: 567-849)), None, None, None )
2022-11-16 04:34:02,927 INFO:metal_atom.py:125:get_donor_atoms:found donor atom of MetalUnit(1504, ZN, atom:1, Chain(F, residue: 1501-1504)): Atom(SG, 8650, (25.431, 49.396, 3.186), Residue(831, CYS, atom:11, Chain(B, residue: 567-849)), None, None, None )
2022-11-16 04:34:02,927 INFO:general.py:115:deprotonate_residue:deprotonate HG from Residue(824, CYS, atom:11, Chain(B, residue: 567-849))
2022-11-16 04:34:02,927 INFO:general.py:115:deprotonate_residue:deprotonate HG from Residue(826, CYS, atom:11, Chain(B, residue: 567-849))
2022-11-16 04:34:02,927 INFO:general.py:115:deprotonate_residue:deprotonate HG from Residue(831, CYS, atom:11, Chain(B, residue: 567-849))
2022-11-16 04:34:02,929 INFO:structure.py:361:renumber_atoms:renumbering atoms
2022-11-16 04:34:03,064 ERROR:pdb_io.py:329:_resolve_missing_chain_id:Found multiple chain id together with missing chain id in 1 chain. Impossible to solve.
2022-11-16 04:34:58,982 INFO:protonate.py:185:pdb2pqr_protonate_pdb:Finished running pdb2pqr! Output saved to '/Users/chrisjurich/projects/sam-pockets/cleaned/scratch/protonate_peptide_with_pdb2pqr_output_16.pdb'
2022-11-16 04:34:59,792 INFO:general.py:75:update_residues:updating ('A', 60) HIS to HID
2022-11-16 04:34:59,793 INFO:general.py:75:update_residues:updating ('A', 63) HIS to HID
2022-11-16 04:34:59,825 INFO:general.py:75:update_residues:updating ('A', 203) HIS to HIE
2022-11-16 04:34:59,862 INFO:general.py:75:update_residues:updating ('A', 218) HIS to HID
2022-11-16 04:34:59,873 INFO:general.py:75:update_residues:updating ('A', 267) HIS to HID
2022-11-16 04:34:59,890 INFO:general.py:75:update_residues:updating ('B', 343) HIS to HID
2022-11-16 04:34:59,891 INFO:general.py:75:update_residues:updating ('B', 346) HIS to HID
2022-11-16 04:34:59,922 INFO:general.py:75:update_residues:updating ('B', 486) HIS to HIE
2022-11-16 04:34:59,926 INFO:general.py:75:update_residues:updating ('B', 501) HIS to HID
2022-11-16 04:34:59,937 INFO:general.py:75:update_residues:updating ('B', 550) HIS to HID
2022-11-16 04:34:59,942 INFO:structure.py:361:renumber_atoms:renumbering atoms
2022-11-16 04:34:59,951 INFO:metal_atom.py:125:get_donor_atoms:found donor atom of MetalUnit(1501, ZN, atom:1, Chain(C, residue: 1501-1504)): Atom(SG, 978, (-25.723, 0.602, 69.934), Residue(64, CYS, atom:11, Chain(A, residue: 1-283)), None, None, None )
2022-11-16 04:34:59,952 INFO:metal_atom.py:125:get_donor_atoms:found donor atom of MetalUnit(1501, ZN, atom:1, Chain(C, residue: 1501-1504)): Atom(SG, 1142, (-22.789, -1.735, 71.491), Residue(77, CYS, atom:11, Chain(A, residue: 1-283)), None, None, None )
2022-11-16 04:34:59,952 INFO:metal_atom.py:125:get_donor_atoms:found donor atom of MetalUnit(1501, ZN, atom:1, Chain(C, residue: 1501-1504)): Atom(SG, 1696, (-23.117, -1.125, 68.165), Residue(111, CYS, atom:11, Chain(A, residue: 1-283)), None, None, None )
2022-11-16 04:34:59,952 INFO:general.py:115:deprotonate_residue:deprotonate HG from Residue(64, CYS, atom:11, Chain(A, residue: 1-283))
2022-11-16 04:34:59,952 INFO:general.py:115:deprotonate_residue:deprotonate HG from Residue(77, CYS, atom:11, Chain(A, residue: 1-283))
2022-11-16 04:34:59,952 INFO:general.py:115:deprotonate_residue:deprotonate HG from Residue(111, CYS, atom:11, Chain(A, residue: 1-283))
2022-11-16 04:34:59,958 INFO:metal_atom.py:125:get_donor_atoms:found donor atom of MetalUnit(1502, ZN, atom:1, Chain(C, residue: 1501-1504)): Atom(SG, 1054, (-25.121, 4.32, 71.107), Residue(70, CYS, atom:11, Chain(A, residue: 1-283)), None, None, None )
2022-11-16 04:34:59,958 INFO:metal_atom.py:125:get_donor_atoms:found donor atom of MetalUnit(1502, ZN, atom:1, Chain(C, residue: 1501-1504)): Atom(SG, 1644, (-21.888, 2.223, 70.71), Residue(107, CYS, atom:11, Chain(A, residue: 1-283)), None, None, None )
2022-11-16 04:34:59,959 INFO:metal_atom.py:125:get_donor_atoms:found donor atom of MetalUnit(1502, ZN, atom:1, Chain(C, residue: 1501-1504)): Atom(SG, 1718, (-23.653, 3.384, 67.773), Residue(113, CYS, atom:11, Chain(A, residue: 1-283)), None, None, None )
2022-11-16 04:34:59,959 INFO:metal_atom.py:125:get_donor_atoms:found donor atom of MetalUnit(1502, ZN, atom:1, Chain(C, residue: 1501-1504)): Atom(SG, 1791, (-21.177, 5.517, 69.853), Residue(117, CYS, atom:11, Chain(A, residue: 1-283)), None, None, None )
2022-11-16 04:34:59,959 INFO:general.py:115:deprotonate_residue:deprotonate HG from Residue(70, CYS, atom:11, Chain(A, residue: 1-283))
2022-11-16 04:34:59,959 INFO:general.py:115:deprotonate_residue:deprotonate HG from Residue(107, CYS, atom:11, Chain(A, residue: 1-283))
2022-11-16 04:34:59,959 INFO:general.py:115:deprotonate_residue:deprotonate HG from Residue(113, CYS, atom:11, Chain(A, residue: 1-283))
2022-11-16 04:34:59,959 INFO:general.py:115:deprotonate_residue:deprotonate HG from Residue(117, CYS, atom:11, Chain(A, residue: 1-283))
2022-11-16 04:34:59,965 INFO:metal_atom.py:125:get_donor_atoms:found donor atom of MetalUnit(1503, ZN, atom:1, Chain(C, residue: 1501-1504)): Atom(SG, 1054, (-25.121, 4.32, 71.107), Residue(70, CYM, atom:10, Chain(A, residue: 1-283)), None, None, None )
2022-11-16 04:34:59,965 INFO:metal_atom.py:125:get_donor_atoms:found donor atom of MetalUnit(1503, ZN, atom:1, Chain(C, residue: 1501-1504)): Atom(SG, 1112, (-25.093, 1.194, 73.706), Residue(75, CYS, atom:11, Chain(A, residue: 1-283)), None, None, None )
2022-11-16 04:34:59,965 WARNING:protonate.py:223:deprotonate_metal_donors:uncommon donor residue Residue(70, CYM, atom:10, Chain(A, residue: 1-283)) found in center MetalUnit(1503, ZN, atom:1, Chain(C, residue: 1501-1504))
2022-11-16 04:34:59,965 INFO:general.py:115:deprotonate_residue:deprotonate HG from Residue(75, CYS, atom:11, Chain(A, residue: 1-283))
2022-11-16 04:34:59,971 INFO:metal_atom.py:125:get_donor_atoms:found donor atom of MetalUnit(1504, ZN, atom:1, Chain(C, residue: 1501-1504)): Atom(SG, 3196, (7.529, 0.711, 92.537), Residue(205, CYS, atom:11, Chain(A, residue: 1-283)), None, None, None )
2022-11-16 04:34:59,971 INFO:metal_atom.py:125:get_donor_atoms:found donor atom of MetalUnit(1504, ZN, atom:1, Chain(C, residue: 1501-1504)): Atom(SG, 4086, (10.686, 1.041, 90.09), Residue(258, CYS, atom:11, Chain(A, residue: 1-283)), None, None, None )
2022-11-16 04:34:59,971 INFO:metal_atom.py:125:get_donor_atoms:found donor atom of MetalUnit(1504, ZN, atom:1, Chain(C, residue: 1501-1504)): Atom(SG, 4180, (10.457, 0.883, 93.815), Residue(265, CYS, atom:11, Chain(A, residue: 1-283)), None, None, None )
2022-11-16 04:34:59,971 INFO:general.py:115:deprotonate_residue:deprotonate HG from Residue(205, CYS, atom:11, Chain(A, residue: 1-283))
2022-11-16 04:34:59,971 INFO:general.py:115:deprotonate_residue:deprotonate HG from Residue(258, CYS, atom:11, Chain(A, residue: 1-283))
2022-11-16 04:34:59,971 INFO:general.py:115:deprotonate_residue:deprotonate HG from Residue(265, CYS, atom:11, Chain(A, residue: 1-283))
2022-11-16 04:34:59,977 INFO:metal_atom.py:125:get_donor_atoms:found donor atom of MetalUnit(1501, ZN, atom:1, Chain(E, residue: 1501-1504)): Atom(SG, 5448, (7.857, 3.532, 50.438), Residue(347, CYS, atom:11, Chain(B, residue: 284-566)), None, None, None )
2022-11-16 04:34:59,978 INFO:metal_atom.py:125:get_donor_atoms:found donor atom of MetalUnit(1501, ZN, atom:1, Chain(E, residue: 1501-1504)): Atom(SG, 5612, (4.987, 1.014, 48.616), Residue(360, CYS, atom:11, Chain(B, residue: 284-566)), None, None, None )
2022-11-16 04:34:59,978 INFO:metal_atom.py:125:get_donor_atoms:found donor atom of MetalUnit(1501, ZN, atom:1, Chain(E, residue: 1501-1504)): Atom(SG, 6114, (4.171, 4.389, 50.114), Residue(390, CYS, atom:11, Chain(B, residue: 284-566)), None, None, None )
2022-11-16 04:34:59,978 INFO:metal_atom.py:125:get_donor_atoms:found donor atom of MetalUnit(1501, ZN, atom:1, Chain(E, residue: 1501-1504)): Atom(SG, 6166, (5.346, 1.288, 52.029), Residue(394, CYS, atom:11, Chain(B, residue: 284-566)), None, None, None )
2022-11-16 04:34:59,978 INFO:general.py:115:deprotonate_residue:deprotonate HG from Residue(347, CYS, atom:11, Chain(B, residue: 284-566))
2022-11-16 04:34:59,978 INFO:general.py:115:deprotonate_residue:deprotonate HG from Residue(360, CYS, atom:11, Chain(B, residue: 284-566))
2022-11-16 04:34:59,979 INFO:general.py:115:deprotonate_residue:deprotonate HG from Residue(390, CYS, atom:11, Chain(B, residue: 284-566))
2022-11-16 04:34:59,979 INFO:general.py:115:deprotonate_residue:deprotonate HG from Residue(394, CYS, atom:11, Chain(B, residue: 284-566))
2022-11-16 04:34:59,985 INFO:metal_atom.py:125:get_donor_atoms:found donor atom of MetalUnit(1502, ZN, atom:1, Chain(E, residue: 1501-1504)): Atom(SG, 5524, (6.986, 7.171, 49.703), Residue(353, CYS, atom:11, Chain(B, residue: 284-566)), None, None, None )
2022-11-16 04:34:59,985 INFO:metal_atom.py:125:get_donor_atoms:found donor atom of MetalUnit(1502, ZN, atom:1, Chain(E, residue: 1501-1504)): Atom(SG, 6114, (4.171, 4.389, 50.114), Residue(390, CYM, atom:10, Chain(B, residue: 284-566)), None, None, None )
2022-11-16 04:34:59,985 INFO:metal_atom.py:125:get_donor_atoms:found donor atom of MetalUnit(1502, ZN, atom:1, Chain(E, residue: 1501-1504)): Atom(SG, 6188, (5.437, 5.828, 52.837), Residue(396, CYS, atom:11, Chain(B, residue: 284-566)), None, None, None )
2022-11-16 04:34:59,985 INFO:metal_atom.py:125:get_donor_atoms:found donor atom of MetalUnit(1502, ZN, atom:1, Chain(E, residue: 1501-1504)): Atom(SG, 6261, (2.835, 7.798, 50.971), Residue(400, CYS, atom:11, Chain(B, residue: 284-566)), None, None, None )
2022-11-16 04:34:59,985 INFO:general.py:115:deprotonate_residue:deprotonate HG from Residue(353, CYS, atom:11, Chain(B, residue: 284-566))
2022-11-16 04:34:59,986 WARNING:protonate.py:223:deprotonate_metal_donors:uncommon donor residue Residue(390, CYM, atom:10, Chain(B, residue: 284-566)) found in center MetalUnit(1502, ZN, atom:1, Chain(E, residue: 1501-1504))
2022-11-16 04:34:59,986 INFO:general.py:115:deprotonate_residue:deprotonate HG from Residue(396, CYS, atom:11, Chain(B, residue: 284-566))
2022-11-16 04:34:59,986 INFO:general.py:115:deprotonate_residue:deprotonate HG from Residue(400, CYS, atom:11, Chain(B, residue: 284-566))
2022-11-16 04:34:59,991 INFO:metal_atom.py:125:get_donor_atoms:found donor atom of MetalUnit(1503, ZN, atom:1, Chain(E, residue: 1501-1504)): Atom(SG, 5448, (7.857, 3.532, 50.438), Residue(347, CYM, atom:10, Chain(B, residue: 284-566)), None, None, None )
2022-11-16 04:34:59,992 INFO:metal_atom.py:125:get_donor_atoms:found donor atom of MetalUnit(1503, ZN, atom:1, Chain(E, residue: 1501-1504)): Atom(SG, 5524, (6.986, 7.171, 49.703), Residue(353, CYM, atom:10, Chain(B, residue: 284-566)), None, None, None )
2022-11-16 04:34:59,992 INFO:metal_atom.py:125:get_donor_atoms:found donor atom of MetalUnit(1503, ZN, atom:1, Chain(E, residue: 1501-1504)): Atom(SG, 5582, (7.22, 4.356, 46.727), Residue(358, CYS, atom:11, Chain(B, residue: 284-566)), None, None, None )
2022-11-16 04:34:59,992 WARNING:protonate.py:223:deprotonate_metal_donors:uncommon donor residue Residue(347, CYM, atom:10, Chain(B, residue: 284-566)) found in center MetalUnit(1503, ZN, atom:1, Chain(E, residue: 1501-1504))
2022-11-16 04:34:59,992 WARNING:protonate.py:223:deprotonate_metal_donors:uncommon donor residue Residue(353, CYM, atom:10, Chain(B, residue: 284-566)) found in center MetalUnit(1503, ZN, atom:1, Chain(E, residue: 1501-1504))
2022-11-16 04:34:59,992 INFO:general.py:115:deprotonate_residue:deprotonate HG from Residue(358, CYS, atom:11, Chain(B, residue: 284-566))
2022-11-16 04:34:59,998 INFO:metal_atom.py:125:get_donor_atoms:found donor atom of MetalUnit(1504, ZN, atom:1, Chain(E, residue: 1501-1504)): Atom(SG, 7666, (-25.464, 1.952, 28.22), Residue(488, CYS, atom:11, Chain(B, residue: 284-566)), None, None, None )
2022-11-16 04:34:59,998 INFO:metal_atom.py:125:get_donor_atoms:found donor atom of MetalUnit(1504, ZN, atom:1, Chain(E, residue: 1501-1504)): Atom(SG, 8556, (-28.587, 1.7, 30.545), Residue(541, CYS, atom:11, Chain(B, residue: 284-566)), None, None, None )
2022-11-16 04:34:59,999 INFO:metal_atom.py:125:get_donor_atoms:found donor atom of MetalUnit(1504, ZN, atom:1, Chain(E, residue: 1501-1504)): Atom(SG, 8584, (-27.661, 4.455, 28.836), Residue(543, CYS, atom:11, Chain(B, residue: 284-566)), None, None, None )
2022-11-16 04:34:59,999 INFO:metal_atom.py:125:get_donor_atoms:found donor atom of MetalUnit(1504, ZN, atom:1, Chain(E, residue: 1501-1504)): Atom(SG, 8650, (-28.508, 1.954, 26.645), Residue(548, CYS, atom:11, Chain(B, residue: 284-566)), None, None, None )
2022-11-16 04:34:59,999 INFO:general.py:115:deprotonate_residue:deprotonate HG from Residue(488, CYS, atom:11, Chain(B, residue: 284-566))
2022-11-16 04:34:59,999 INFO:general.py:115:deprotonate_residue:deprotonate HG from Residue(541, CYS, atom:11, Chain(B, residue: 284-566))
2022-11-16 04:34:59,999 INFO:general.py:115:deprotonate_residue:deprotonate HG from Residue(543, CYS, atom:11, Chain(B, residue: 284-566))
2022-11-16 04:34:59,999 INFO:general.py:115:deprotonate_residue:deprotonate HG from Residue(548, CYS, atom:11, Chain(B, residue: 284-566))
2022-11-16 04:35:00,002 INFO:structure.py:361:renumber_atoms:renumbering atoms
2022-11-16 04:35:00,103 ERROR:pdb_io.py:329:_resolve_missing_chain_id:Found multiple chain id together with missing chain id in 1 chain. Impossible to solve.
2022-11-16 04:36:06,346 INFO:protonate.py:185:pdb2pqr_protonate_pdb:Finished running pdb2pqr! Output saved to '/Users/chrisjurich/projects/sam-pockets/cleaned/scratch/protonate_peptide_with_pdb2pqr_output_16.pdb'
2022-11-16 04:36:06,721 INFO:general.py:75:update_residues:updating ('A', 18) HIS to HID
2022-11-16 04:36:06,731 INFO:general.py:75:update_residues:updating ('A', 67) HIS to HIE
2022-11-16 04:36:06,748 INFO:general.py:75:update_residues:updating ('A', 135) HIS to HIE
2022-11-16 04:36:06,756 INFO:general.py:75:update_residues:updating ('A', 167) HIS to HIE
2022-11-16 04:36:06,767 INFO:general.py:75:update_residues:updating ('A', 217) HIS to HID
2022-11-16 04:36:06,771 INFO:structure.py:361:renumber_atoms:renumbering atoms
2022-11-16 04:36:06,775 INFO:metal_atom.py:125:get_donor_atoms:found donor atom of MetalUnit(1302, ZN, atom:1, Chain(E, residue: 1302-1304)): Atom(SG, 678, (20.69, 11.007, 15.258), Residue(41, CYS, atom:11, Chain(A, residue: 1-228)), None, None, None )
2022-11-16 04:36:06,775 INFO:metal_atom.py:125:get_donor_atoms:found donor atom of MetalUnit(1302, ZN, atom:1, Chain(E, residue: 1302-1304)): Atom(SG, 815, (18.163, 14.569, 16.519), Residue(51, CYS, atom:11, Chain(A, residue: 1-228)), None, None, None )
2022-11-16 04:36:06,775 INFO:general.py:115:deprotonate_residue:deprotonate HG from Residue(41, CYS, atom:11, Chain(A, residue: 1-228))
2022-11-16 04:36:06,775 INFO:general.py:115:deprotonate_residue:deprotonate HG from Residue(51, CYS, atom:11, Chain(A, residue: 1-228))
2022-11-16 04:36:06,778 INFO:metal_atom.py:125:get_donor_atoms:found donor atom of MetalUnit(1303, ZN, atom:1, Chain(E, residue: 1302-1304)): Atom(SG, 815, (18.163, 14.569, 16.519), Residue(51, CYM, atom:10, Chain(A, residue: 1-228)), None, None, None )
2022-11-16 04:36:06,778 INFO:metal_atom.py:125:get_donor_atoms:found donor atom of MetalUnit(1303, ZN, atom:1, Chain(E, residue: 1302-1304)): Atom(SG, 1050, (21.238, 16.543, 16.897), Residue(66, CYS, atom:11, Chain(A, residue: 1-228)), None, None, None )
2022-11-16 04:36:06,779 INFO:metal_atom.py:125:get_donor_atoms:found donor atom of MetalUnit(1303, ZN, atom:1, Chain(E, residue: 1302-1304)): Atom(SG, 1125, (19.097, 16.175, 13.335), Residue(71, CYS, atom:11, Chain(A, residue: 1-228)), None, None, None )
2022-11-16 04:36:06,779 INFO:metal_atom.py:125:get_donor_atoms:found donor atom of MetalUnit(1303, ZN, atom:1, Chain(E, residue: 1302-1304)): Atom(SG, 1203, (18.233, 18.072, 16.971), Residue(77, CYS, atom:11, Chain(A, residue: 1-228)), None, None, None )
2022-11-16 04:36:06,779 WARNING:protonate.py:223:deprotonate_metal_donors:uncommon donor residue Residue(51, CYM, atom:10, Chain(A, residue: 1-228)) found in center MetalUnit(1303, ZN, atom:1, Chain(E, residue: 1302-1304))
2022-11-16 04:36:06,779 INFO:general.py:115:deprotonate_residue:deprotonate HG from Residue(66, CYS, atom:11, Chain(A, residue: 1-228))
2022-11-16 04:36:06,779 INFO:general.py:115:deprotonate_residue:deprotonate HG from Residue(71, CYS, atom:11, Chain(A, residue: 1-228))
2022-11-16 04:36:06,779 INFO:general.py:115:deprotonate_residue:deprotonate HG from Residue(77, CYS, atom:11, Chain(A, residue: 1-228))
2022-11-16 04:36:06,782 INFO:metal_atom.py:125:get_donor_atoms:found donor atom of MetalUnit(1304, ZN, atom:1, Chain(E, residue: 1302-1304)): Atom(SG, 2729, (26.16, 14.174, 51.04), Residue(169, CYS, atom:11, Chain(A, residue: 1-228)), None, None, None )
2022-11-16 04:36:06,782 INFO:metal_atom.py:125:get_donor_atoms:found donor atom of MetalUnit(1304, ZN, atom:1, Chain(E, residue: 1302-1304)): Atom(SG, 3428, (26.581, 17.976, 52.293), Residue(216, CYS, atom:11, Chain(A, residue: 1-228)), None, None, None )
2022-11-16 04:36:06,782 INFO:metal_atom.py:125:get_donor_atoms:found donor atom of MetalUnit(1304, ZN, atom:1, Chain(E, residue: 1302-1304)): Atom(SG, 3510, (26.098, 15.002, 54.157), Residue(223, CYS, atom:11, Chain(A, residue: 1-228)), None, None, None )
2022-11-16 04:36:06,782 INFO:general.py:115:deprotonate_residue:deprotonate HG from Residue(169, CYS, atom:11, Chain(A, residue: 1-228))
2022-11-16 04:36:06,783 INFO:general.py:115:deprotonate_residue:deprotonate HG from Residue(216, CYS, atom:11, Chain(A, residue: 1-228))
2022-11-16 04:36:06,783 INFO:general.py:115:deprotonate_residue:deprotonate HG from Residue(223, CYS, atom:11, Chain(A, residue: 1-228))
2022-11-16 04:36:06,784 INFO:structure.py:361:renumber_atoms:renumbering atoms
2022-11-16 04:36:06,880 ERROR:pdb_io.py:306:_resolve_missing_chain_id:Found the same chain id in 2 different ATOM chains. Check your PDB.
2022-11-16 04:43:25,721 INFO:protonate.py:185:pdb2pqr_protonate_pdb:Finished running pdb2pqr! Output saved to '/Users/chrisjurich/projects/sam-pockets/cleaned/scratch/protonate_peptide_with_pdb2pqr_output_16.pdb'
2022-11-16 04:43:26,525 INFO:structure.py:332:is_idx_subset:current stru chain Chain(B, residue: 1000-1003) doesnt contain residue: Residue(284, GLY, atom:9, Chain(B, residue: 284-566)) of the target stru
2022-11-16 04:43:26,539 INFO:general.py:75:update_residues:updating ('A', 60) HIS to HID
2022-11-16 04:43:26,540 INFO:general.py:75:update_residues:updating ('A', 63) HIS to HID
2022-11-16 04:43:26,571 INFO:general.py:75:update_residues:updating ('A', 203) HIS to HID
2022-11-16 04:43:26,575 INFO:general.py:75:update_residues:updating ('A', 218) HIS to HID
2022-11-16 04:43:26,587 INFO:general.py:75:update_residues:updating ('A', 267) HIS to HID
