2022-11-08 13:37:22,366 WARNING:biomolecule.py:966:create_residue:Unable to find amino or nucleic acid definition for SAM.  Parsing as new residue.
2022-11-08 13:37:22,368 WARNING:main.py:418:setup_molecule:Multiple occupancies found: N in GLU A 36.
2022-11-08 13:37:22,368 WARNING:main.py:418:setup_molecule:Multiple occupancies found: CA in GLU A 36.
2022-11-08 13:37:22,368 WARNING:main.py:418:setup_molecule:Multiple occupancies found: C in GLU A 36.
2022-11-08 13:37:22,368 WARNING:main.py:418:setup_molecule:Multiple occupancies found: O in GLU A 36.
2022-11-08 13:37:22,368 WARNING:main.py:418:setup_molecule:Multiple occupancies found: CB in GLU A 36.
2022-11-08 13:37:22,369 WARNING:main.py:418:setup_molecule:Multiple occupancies found: CG in GLU A 36.
2022-11-08 13:37:22,369 WARNING:main.py:418:setup_molecule:Multiple occupancies found: CD in GLU A 36.
2022-11-08 13:37:22,369 WARNING:main.py:418:setup_molecule:Multiple occupancies found: OE1 in GLU A 36.
2022-11-08 13:37:22,369 WARNING:main.py:418:setup_molecule:Multiple occupancies found: OE2 in GLU A 36.
2022-11-08 13:37:22,369 WARNING:main.py:424:setup_molecule:Multiple occupancies found in GLU A 36. At least one of the instances is being ignored.
2022-11-08 13:37:22,369 WARNING:main.py:418:setup_molecule:Multiple occupancies found: N in SER A 117.
2022-11-08 13:37:22,369 WARNING:main.py:418:setup_molecule:Multiple occupancies found: CA in SER A 117.
2022-11-08 13:37:22,370 WARNING:main.py:418:setup_molecule:Multiple occupancies found: C in SER A 117.
2022-11-08 13:37:22,370 WARNING:main.py:418:setup_molecule:Multiple occupancies found: O in SER A 117.
2022-11-08 13:37:22,370 WARNING:main.py:418:setup_molecule:Multiple occupancies found: CB in SER A 117.
2022-11-08 13:37:22,370 WARNING:main.py:418:setup_molecule:Multiple occupancies found: OG in SER A 117.
2022-11-08 13:37:22,370 WARNING:main.py:424:setup_molecule:Multiple occupancies found in SER A 117. At least one of the instances is being ignored.
2022-11-08 13:37:22,370 WARNING:main.py:418:setup_molecule:Multiple occupancies found: N in GLU A 119.
2022-11-08 13:37:22,370 WARNING:main.py:418:setup_molecule:Multiple occupancies found: CA in GLU A 119.
2022-11-08 13:37:22,370 WARNING:main.py:418:setup_molecule:Multiple occupancies found: C in GLU A 119.
2022-11-08 13:37:22,370 WARNING:main.py:418:setup_molecule:Multiple occupancies found: O in GLU A 119.
2022-11-08 13:37:22,371 WARNING:main.py:418:setup_molecule:Multiple occupancies found: CB in GLU A 119.
2022-11-08 13:37:22,371 WARNING:main.py:418:setup_molecule:Multiple occupancies found: CG in GLU A 119.
2022-11-08 13:37:22,371 WARNING:main.py:418:setup_molecule:Multiple occupancies found: CD in GLU A 119.
2022-11-08 13:37:22,371 WARNING:main.py:418:setup_molecule:Multiple occupancies found: OE1 in GLU A 119.
2022-11-08 13:37:22,371 WARNING:main.py:418:setup_molecule:Multiple occupancies found: OE2 in GLU A 119.
2022-11-08 13:37:22,371 WARNING:main.py:424:setup_molecule:Multiple occupancies found in GLU A 119. At least one of the instances is being ignored.
2022-11-08 13:37:22,371 WARNING:main.py:418:setup_molecule:Multiple occupancies found: N in GLU A 123.
2022-11-08 13:37:22,371 WARNING:main.py:418:setup_molecule:Multiple occupancies found: CA in GLU A 123.
2022-11-08 13:37:22,372 WARNING:main.py:418:setup_molecule:Multiple occupancies found: C in GLU A 123.
2022-11-08 13:37:22,372 WARNING:main.py:418:setup_molecule:Multiple occupancies found: O in GLU A 123.
2022-11-08 13:37:22,372 WARNING:main.py:418:setup_molecule:Multiple occupancies found: CB in GLU A 123.
2022-11-08 13:37:22,372 WARNING:main.py:418:setup_molecule:Multiple occupancies found: CG in GLU A 123.
2022-11-08 13:37:22,372 WARNING:main.py:418:setup_molecule:Multiple occupancies found: CD in GLU A 123.
2022-11-08 13:37:22,372 WARNING:main.py:418:setup_molecule:Multiple occupancies found: OE1 in GLU A 123.
2022-11-08 13:37:22,372 WARNING:main.py:418:setup_molecule:Multiple occupancies found: OE2 in GLU A 123.
2022-11-08 13:37:22,373 WARNING:main.py:424:setup_molecule:Multiple occupancies found in GLU A 123. At least one of the instances is being ignored.
2022-11-08 13:37:22,373 WARNING:main.py:418:setup_molecule:Multiple occupancies found: N in GLN A 140.
2022-11-08 13:37:22,373 WARNING:main.py:418:setup_molecule:Multiple occupancies found: CA in GLN A 140.
2022-11-08 13:37:22,374 WARNING:main.py:418:setup_molecule:Multiple occupancies found: C in GLN A 140.
2022-11-08 13:37:22,374 WARNING:main.py:418:setup_molecule:Multiple occupancies found: O in GLN A 140.
2022-11-08 13:37:22,374 WARNING:main.py:418:setup_molecule:Multiple occupancies found: CB in GLN A 140.
2022-11-08 13:37:22,374 WARNING:main.py:418:setup_molecule:Multiple occupancies found: CG in GLN A 140.
2022-11-08 13:37:22,374 WARNING:main.py:418:setup_molecule:Multiple occupancies found: CD in GLN A 140.
2022-11-08 13:37:22,374 WARNING:main.py:418:setup_molecule:Multiple occupancies found: NE2 in GLN A 140.
2022-11-08 13:37:22,374 WARNING:main.py:418:setup_molecule:Multiple occupancies found: OE1 in GLN A 140.
2022-11-08 13:37:22,374 WARNING:main.py:424:setup_molecule:Multiple occupancies found in GLN A 140. At least one of the instances is being ignored.
2022-11-08 13:37:22,375 WARNING:main.py:418:setup_molecule:Multiple occupancies found: N in HIS A 155.
2022-11-08 13:37:22,375 WARNING:main.py:418:setup_molecule:Multiple occupancies found: CA in HIS A 155.
2022-11-08 13:37:22,375 WARNING:main.py:418:setup_molecule:Multiple occupancies found: C in HIS A 155.
2022-11-08 13:37:22,375 WARNING:main.py:418:setup_molecule:Multiple occupancies found: O in HIS A 155.
2022-11-08 13:37:22,375 WARNING:main.py:418:setup_molecule:Multiple occupancies found: CB in HIS A 155.
2022-11-08 13:37:22,375 WARNING:main.py:418:setup_molecule:Multiple occupancies found: CG in HIS A 155.
2022-11-08 13:37:22,375 WARNING:main.py:418:setup_molecule:Multiple occupancies found: CD2 in HIS A 155.
2022-11-08 13:37:22,375 WARNING:main.py:418:setup_molecule:Multiple occupancies found: ND1 in HIS A 155.
2022-11-08 13:37:22,375 WARNING:main.py:418:setup_molecule:Multiple occupancies found: CE1 in HIS A 155.
2022-11-08 13:37:22,376 WARNING:main.py:418:setup_molecule:Multiple occupancies found: NE2 in HIS A 155.
2022-11-08 13:37:22,376 WARNING:main.py:424:setup_molecule:Multiple occupancies found in HIS A 155. At least one of the instances is being ignored.
2022-11-08 13:37:22,376 WARNING:main.py:418:setup_molecule:Multiple occupancies found: N in GLN A 177.
2022-11-08 13:37:22,376 WARNING:main.py:418:setup_molecule:Multiple occupancies found: CA in GLN A 177.
2022-11-08 13:37:22,376 WARNING:main.py:418:setup_molecule:Multiple occupancies found: C in GLN A 177.
2022-11-08 13:37:22,376 WARNING:main.py:418:setup_molecule:Multiple occupancies found: O in GLN A 177.
2022-11-08 13:37:22,376 WARNING:main.py:418:setup_molecule:Multiple occupancies found: CB in GLN A 177.
2022-11-08 13:37:22,376 WARNING:main.py:418:setup_molecule:Multiple occupancies found: CG in GLN A 177.
2022-11-08 13:37:22,376 WARNING:main.py:418:setup_molecule:Multiple occupancies found: CD in GLN A 177.
2022-11-08 13:37:22,377 WARNING:main.py:418:setup_molecule:Multiple occupancies found: NE2 in GLN A 177.
2022-11-08 13:37:22,377 WARNING:main.py:418:setup_molecule:Multiple occupancies found: OE1 in GLN A 177.
2022-11-08 13:37:22,377 WARNING:main.py:424:setup_molecule:Multiple occupancies found in GLN A 177. At least one of the instances is being ignored.
2022-11-08 13:37:22,377 WARNING:main.py:418:setup_molecule:Multiple occupancies found: N in ILE A 234.
2022-11-08 13:37:22,377 WARNING:main.py:418:setup_molecule:Multiple occupancies found: CA in ILE A 234.
2022-11-08 13:37:22,377 WARNING:main.py:418:setup_molecule:Multiple occupancies found: C in ILE A 234.
2022-11-08 13:37:22,377 WARNING:main.py:418:setup_molecule:Multiple occupancies found: O in ILE A 234.
2022-11-08 13:37:22,377 WARNING:main.py:418:setup_molecule:Multiple occupancies found: CB in ILE A 234.
2022-11-08 13:37:22,378 WARNING:main.py:418:setup_molecule:Multiple occupancies found: CG1 in ILE A 234.
2022-11-08 13:37:22,378 WARNING:main.py:418:setup_molecule:Multiple occupancies found: CG2 in ILE A 234.
2022-11-08 13:37:22,378 WARNING:main.py:418:setup_molecule:Multiple occupancies found: CD1 in ILE A 234.
2022-11-08 13:37:22,378 WARNING:main.py:424:setup_molecule:Multiple occupancies found in ILE A 234. At least one of the instances is being ignored.
2022-11-08 13:37:22,378 WARNING:main.py:418:setup_molecule:Multiple occupancies found: N in SER A 268.
2022-11-08 13:37:22,378 WARNING:main.py:418:setup_molecule:Multiple occupancies found: CA in SER A 268.
2022-11-08 13:37:22,378 WARNING:main.py:418:setup_molecule:Multiple occupancies found: C in SER A 268.
2022-11-08 13:37:22,378 WARNING:main.py:418:setup_molecule:Multiple occupancies found: O in SER A 268.
2022-11-08 13:37:22,378 WARNING:main.py:418:setup_molecule:Multiple occupancies found: CB in SER A 268.
2022-11-08 13:37:22,379 WARNING:main.py:418:setup_molecule:Multiple occupancies found: OG in SER A 268.
2022-11-08 13:37:22,379 WARNING:main.py:424:setup_molecule:Multiple occupancies found in SER A 268. At least one of the instances is being ignored.
2022-11-08 13:37:22,391 WARNING:biomolecule.py:600:update_bonds:Gap in backbone detected between ASP A 68 and THR A 80!
2022-11-08 13:37:22,426 WARNING:biomolecule.py:157:num_missing_heavy:Missing atom OXT in residue LYS A 358
2022-11-08 13:37:22,428 WARNING:biomolecule.py:157:num_missing_heavy:Missing atom OXT in residue LYS A 358
2022-11-08 13:37:22,430 WARNING:biomolecule.py:157:num_missing_heavy:Missing atom OXT in residue LYS A 358
2022-11-08 13:37:26,845 WARNING:main.py:311:print_pqr:Ignoring 1731 header lines in output.
2022-11-08 13:37:26,846 WARNING:main.py:315:print_pqr:Ignoring 27 missing lines in output.
