2022-11-08 13:27:03,983 WARNING:biomolecule.py:966:create_residue:Unable to find amino or nucleic acid definition for MG.  Parsing as new residue.
2022-11-08 13:27:03,984 WARNING:biomolecule.py:966:create_residue:Unable to find amino or nucleic acid definition for SAM.  Parsing as new residue.
2022-11-08 13:27:03,985 WARNING:biomolecule.py:966:create_residue:Unable to find amino or nucleic acid definition for DNC.  Parsing as new residue.
2022-11-08 13:27:03,985 WARNING:biomolecule.py:966:create_residue:Unable to find amino or nucleic acid definition for K.  Parsing as new residue.
2022-11-08 13:27:03,986 WARNING:main.py:418:setup_molecule:Multiple occupancies found: CB in ASN A 11.
2022-11-08 13:27:03,986 WARNING:main.py:418:setup_molecule:Multiple occupancies found: CG in ASN A 11.
2022-11-08 13:27:03,986 WARNING:main.py:418:setup_molecule:Multiple occupancies found: ND2 in ASN A 11.
2022-11-08 13:27:03,986 WARNING:main.py:418:setup_molecule:Multiple occupancies found: OD1 in ASN A 11.
2022-11-08 13:27:03,986 WARNING:main.py:424:setup_molecule:Multiple occupancies found in ASN A 11. At least one of the instances is being ignored.
2022-11-08 13:27:03,986 WARNING:main.py:418:setup_molecule:Multiple occupancies found: CG in GLU A 18.
2022-11-08 13:27:03,986 WARNING:main.py:418:setup_molecule:Multiple occupancies found: CD in GLU A 18.
2022-11-08 13:27:03,987 WARNING:main.py:418:setup_molecule:Multiple occupancies found: OE1 in GLU A 18.
2022-11-08 13:27:03,987 WARNING:main.py:418:setup_molecule:Multiple occupancies found: OE2 in GLU A 18.
2022-11-08 13:27:03,987 WARNING:main.py:424:setup_molecule:Multiple occupancies found in GLU A 18. At least one of the instances is being ignored.
2022-11-08 13:27:03,987 WARNING:main.py:418:setup_molecule:Multiple occupancies found: CG1 in ILE A 54.
2022-11-08 13:27:03,987 WARNING:main.py:418:setup_molecule:Multiple occupancies found: CD1 in ILE A 54.
2022-11-08 13:27:03,987 WARNING:main.py:424:setup_molecule:Multiple occupancies found in ILE A 54. At least one of the instances is being ignored.
2022-11-08 13:27:03,987 WARNING:main.py:418:setup_molecule:Multiple occupancies found: CB in THR A 88.
2022-11-08 13:27:03,987 WARNING:main.py:418:setup_molecule:Multiple occupancies found: CG2 in THR A 88.
2022-11-08 13:27:03,988 WARNING:main.py:418:setup_molecule:Multiple occupancies found: OG1 in THR A 88.
2022-11-08 13:27:03,988 WARNING:main.py:424:setup_molecule:Multiple occupancies found in THR A 88. At least one of the instances is being ignored.
2022-11-08 13:27:03,988 WARNING:main.py:418:setup_molecule:Multiple occupancies found: CB in LEU A 153.
2022-11-08 13:27:03,988 WARNING:main.py:418:setup_molecule:Multiple occupancies found: CG in LEU A 153.
2022-11-08 13:27:03,988 WARNING:main.py:418:setup_molecule:Multiple occupancies found: CD1 in LEU A 153.
2022-11-08 13:27:03,988 WARNING:main.py:418:setup_molecule:Multiple occupancies found: CD2 in LEU A 153.
2022-11-08 13:27:03,988 WARNING:main.py:424:setup_molecule:Multiple occupancies found in LEU A 153. At least one of the instances is being ignored.
2022-11-08 13:27:03,989 WARNING:main.py:418:setup_molecule:Multiple occupancies found: CG in GLU A 190.
2022-11-08 13:27:03,989 WARNING:main.py:418:setup_molecule:Multiple occupancies found: CD in GLU A 190.
2022-11-08 13:27:03,989 WARNING:main.py:418:setup_molecule:Multiple occupancies found: OE1 in GLU A 190.
2022-11-08 13:27:03,989 WARNING:main.py:418:setup_molecule:Multiple occupancies found: OE2 in GLU A 190.
2022-11-08 13:27:03,989 WARNING:main.py:424:setup_molecule:Multiple occupancies found in GLU A 190. At least one of the instances is being ignored.
2022-11-08 13:27:03,989 WARNING:main.py:418:setup_molecule:Multiple occupancies found: CG in GLU A 202.
2022-11-08 13:27:03,989 WARNING:main.py:418:setup_molecule:Multiple occupancies found: CD in GLU A 202.
2022-11-08 13:27:03,989 WARNING:main.py:418:setup_molecule:Multiple occupancies found: OE1 in GLU A 202.
2022-11-08 13:27:03,990 WARNING:main.py:418:setup_molecule:Multiple occupancies found: OE2 in GLU A 202.
2022-11-08 13:27:03,990 WARNING:main.py:424:setup_molecule:Multiple occupancies found in GLU A 202. At least one of the instances is being ignored.
2022-11-08 13:27:04,030 WARNING:biomolecule.py:157:num_missing_heavy:Missing atom OXT in residue PRO A 215
2022-11-08 13:27:04,031 WARNING:biomolecule.py:157:num_missing_heavy:Missing atom OXT in residue PRO A 215
2022-11-08 13:27:04,033 WARNING:biomolecule.py:157:num_missing_heavy:Missing atom OXT in residue PRO A 215
2022-11-08 13:27:06,685 WARNING:main.py:311:print_pqr:Ignoring 2254 header lines in output.
2022-11-08 13:27:06,686 WARNING:main.py:315:print_pqr:Ignoring 43 missing lines in output.
