2022-11-08 13:33:01,394 WARNING:biomolecule.py:966:create_residue:Unable to find amino or nucleic acid definition for SAM.  Parsing as new residue.
2022-11-08 13:33:01,395 WARNING:biomolecule.py:966:create_residue:Unable to find amino or nucleic acid definition for PO4.  Parsing as new residue.
2022-11-08 13:33:01,395 WARNING:biomolecule.py:966:create_residue:Unable to find amino or nucleic acid definition for CL.  Parsing as new residue.
2022-11-08 13:33:01,396 WARNING:main.py:418:setup_molecule:Multiple occupancies found: CA in ARG A 57.
2022-11-08 13:33:01,396 WARNING:main.py:418:setup_molecule:Multiple occupancies found: CB in ARG A 57.
2022-11-08 13:33:01,396 WARNING:main.py:418:setup_molecule:Multiple occupancies found: CG in ARG A 57.
2022-11-08 13:33:01,397 WARNING:main.py:418:setup_molecule:Multiple occupancies found: CD in ARG A 57.
2022-11-08 13:33:01,397 WARNING:main.py:418:setup_molecule:Multiple occupancies found: NE in ARG A 57.
2022-11-08 13:33:01,397 WARNING:main.py:418:setup_molecule:Multiple occupancies found: CZ in ARG A 57.
2022-11-08 13:33:01,397 WARNING:main.py:418:setup_molecule:Multiple occupancies found: NH1 in ARG A 57.
2022-11-08 13:33:01,397 WARNING:main.py:418:setup_molecule:Multiple occupancies found: NH2 in ARG A 57.
2022-11-08 13:33:01,397 WARNING:main.py:424:setup_molecule:Multiple occupancies found in ARG A 57. At least one of the instances is being ignored.
2022-11-08 13:33:01,397 WARNING:main.py:418:setup_molecule:Multiple occupancies found: N in GLU A 138.
2022-11-08 13:33:01,398 WARNING:main.py:418:setup_molecule:Multiple occupancies found: CA in GLU A 138.
2022-11-08 13:33:01,398 WARNING:main.py:418:setup_molecule:Multiple occupancies found: C in GLU A 138.
2022-11-08 13:33:01,398 WARNING:main.py:418:setup_molecule:Multiple occupancies found: O in GLU A 138.
2022-11-08 13:33:01,398 WARNING:main.py:418:setup_molecule:Multiple occupancies found: CB in GLU A 138.
2022-11-08 13:33:01,398 WARNING:main.py:418:setup_molecule:Multiple occupancies found: CG in GLU A 138.
2022-11-08 13:33:01,398 WARNING:main.py:418:setup_molecule:Multiple occupancies found: CD in GLU A 138.
2022-11-08 13:33:01,398 WARNING:main.py:418:setup_molecule:Multiple occupancies found: OE1 in GLU A 138.
2022-11-08 13:33:01,399 WARNING:main.py:418:setup_molecule:Multiple occupancies found: OE2 in GLU A 138.
2022-11-08 13:33:01,399 WARNING:main.py:424:setup_molecule:Multiple occupancies found in GLU A 138. At least one of the instances is being ignored.
2022-11-08 13:33:01,399 WARNING:main.py:418:setup_molecule:Multiple occupancies found: CA in SER A 189.
2022-11-08 13:33:01,399 WARNING:main.py:418:setup_molecule:Multiple occupancies found: CB in SER A 189.
2022-11-08 13:33:01,399 WARNING:main.py:418:setup_molecule:Multiple occupancies found: OG in SER A 189.
2022-11-08 13:33:01,399 WARNING:main.py:424:setup_molecule:Multiple occupancies found in SER A 189. At least one of the instances is being ignored.
2022-11-08 13:33:01,400 WARNING:main.py:418:setup_molecule:Multiple occupancies found: CA in SER A 232.
2022-11-08 13:33:01,400 WARNING:main.py:418:setup_molecule:Multiple occupancies found: CB in SER A 232.
2022-11-08 13:33:01,400 WARNING:main.py:418:setup_molecule:Multiple occupancies found: OG in SER A 232.
2022-11-08 13:33:01,400 WARNING:main.py:424:setup_molecule:Multiple occupancies found in SER A 232. At least one of the instances is being ignored.
2022-11-08 13:33:01,400 WARNING:main.py:418:setup_molecule:Multiple occupancies found: CA in VAL A 257.
2022-11-08 13:33:01,400 WARNING:main.py:418:setup_molecule:Multiple occupancies found: CB in VAL A 257.
2022-11-08 13:33:01,400 WARNING:main.py:418:setup_molecule:Multiple occupancies found: CG1 in VAL A 257.
2022-11-08 13:33:01,401 WARNING:main.py:418:setup_molecule:Multiple occupancies found: CG2 in VAL A 257.
2022-11-08 13:33:01,401 WARNING:main.py:424:setup_molecule:Multiple occupancies found in VAL A 257. At least one of the instances is being ignored.
2022-11-08 13:33:01,450 WARNING:biomolecule.py:157:num_missing_heavy:Missing atom CD in residue GLN A 18
2022-11-08 13:33:01,450 WARNING:biomolecule.py:157:num_missing_heavy:Missing atom OE1 in residue GLN A 18
2022-11-08 13:33:01,450 WARNING:biomolecule.py:157:num_missing_heavy:Missing atom NE2 in residue GLN A 18
2022-11-08 13:33:01,450 WARNING:biomolecule.py:157:num_missing_heavy:Missing atom CG in residue ARG A 42
2022-11-08 13:33:01,450 WARNING:biomolecule.py:157:num_missing_heavy:Missing atom CD in residue ARG A 42
2022-11-08 13:33:01,450 WARNING:biomolecule.py:157:num_missing_heavy:Missing atom NE in residue ARG A 42
2022-11-08 13:33:01,451 WARNING:biomolecule.py:157:num_missing_heavy:Missing atom CZ in residue ARG A 42
2022-11-08 13:33:01,451 WARNING:biomolecule.py:157:num_missing_heavy:Missing atom NH1 in residue ARG A 42
2022-11-08 13:33:01,451 WARNING:biomolecule.py:157:num_missing_heavy:Missing atom NH2 in residue ARG A 42
2022-11-08 13:33:01,451 WARNING:biomolecule.py:157:num_missing_heavy:Missing atom CG in residue LYS A 105
2022-11-08 13:33:01,451 WARNING:biomolecule.py:157:num_missing_heavy:Missing atom CD in residue LYS A 105
2022-11-08 13:33:01,452 WARNING:biomolecule.py:157:num_missing_heavy:Missing atom CE in residue LYS A 105
2022-11-08 13:33:01,452 WARNING:biomolecule.py:157:num_missing_heavy:Missing atom NZ in residue LYS A 105
2022-11-08 13:33:01,453 WARNING:biomolecule.py:157:num_missing_heavy:Missing atom CG in residue LYS A 226
2022-11-08 13:33:01,453 WARNING:biomolecule.py:157:num_missing_heavy:Missing atom CD in residue LYS A 226
2022-11-08 13:33:01,453 WARNING:biomolecule.py:157:num_missing_heavy:Missing atom CE in residue LYS A 226
2022-11-08 13:33:01,453 WARNING:biomolecule.py:157:num_missing_heavy:Missing atom NZ in residue LYS A 226
2022-11-08 13:33:01,453 WARNING:biomolecule.py:157:num_missing_heavy:Missing atom CG in residue LYS A 231
2022-11-08 13:33:01,453 WARNING:biomolecule.py:157:num_missing_heavy:Missing atom CD in residue LYS A 231
2022-11-08 13:33:01,453 WARNING:biomolecule.py:157:num_missing_heavy:Missing atom CE in residue LYS A 231
2022-11-08 13:33:01,453 WARNING:biomolecule.py:157:num_missing_heavy:Missing atom NZ in residue LYS A 231
2022-11-08 13:33:01,454 WARNING:biomolecule.py:157:num_missing_heavy:Missing atom OXT in residue VAL A 266
2022-11-08 13:33:01,454 WARNING:biomolecule.py:157:num_missing_heavy:Missing atom CD in residue GLN A 18
2022-11-08 13:33:01,454 WARNING:biomolecule.py:157:num_missing_heavy:Missing atom OE1 in residue GLN A 18
2022-11-08 13:33:01,454 WARNING:biomolecule.py:157:num_missing_heavy:Missing atom NE2 in residue GLN A 18
2022-11-08 13:33:01,455 WARNING:biomolecule.py:157:num_missing_heavy:Missing atom CG in residue ARG A 42
2022-11-08 13:33:01,455 WARNING:biomolecule.py:157:num_missing_heavy:Missing atom CD in residue ARG A 42
2022-11-08 13:33:01,455 WARNING:biomolecule.py:157:num_missing_heavy:Missing atom NE in residue ARG A 42
2022-11-08 13:33:01,455 WARNING:biomolecule.py:157:num_missing_heavy:Missing atom CZ in residue ARG A 42
2022-11-08 13:33:01,455 WARNING:biomolecule.py:157:num_missing_heavy:Missing atom NH1 in residue ARG A 42
2022-11-08 13:33:01,455 WARNING:biomolecule.py:157:num_missing_heavy:Missing atom NH2 in residue ARG A 42
2022-11-08 13:33:01,456 WARNING:biomolecule.py:157:num_missing_heavy:Missing atom CG in residue LYS A 105
2022-11-08 13:33:01,456 WARNING:biomolecule.py:157:num_missing_heavy:Missing atom CD in residue LYS A 105
2022-11-08 13:33:01,456 WARNING:biomolecule.py:157:num_missing_heavy:Missing atom CE in residue LYS A 105
2022-11-08 13:33:01,456 WARNING:biomolecule.py:157:num_missing_heavy:Missing atom NZ in residue LYS A 105
2022-11-08 13:33:01,457 WARNING:biomolecule.py:157:num_missing_heavy:Missing atom CG in residue LYS A 226
2022-11-08 13:33:01,457 WARNING:biomolecule.py:157:num_missing_heavy:Missing atom CD in residue LYS A 226
2022-11-08 13:33:01,457 WARNING:biomolecule.py:157:num_missing_heavy:Missing atom CE in residue LYS A 226
2022-11-08 13:33:01,457 WARNING:biomolecule.py:157:num_missing_heavy:Missing atom NZ in residue LYS A 226
2022-11-08 13:33:01,457 WARNING:biomolecule.py:157:num_missing_heavy:Missing atom CG in residue LYS A 231
2022-11-08 13:33:01,458 WARNING:biomolecule.py:157:num_missing_heavy:Missing atom CD in residue LYS A 231
2022-11-08 13:33:01,458 WARNING:biomolecule.py:157:num_missing_heavy:Missing atom CE in residue LYS A 231
2022-11-08 13:33:01,458 WARNING:biomolecule.py:157:num_missing_heavy:Missing atom NZ in residue LYS A 231
2022-11-08 13:33:01,458 WARNING:biomolecule.py:157:num_missing_heavy:Missing atom OXT in residue VAL A 266
2022-11-08 13:33:01,458 WARNING:biomolecule.py:157:num_missing_heavy:Missing atom CD in residue GLN A 18
2022-11-08 13:33:01,458 WARNING:biomolecule.py:157:num_missing_heavy:Missing atom OE1 in residue GLN A 18
2022-11-08 13:33:01,459 WARNING:biomolecule.py:157:num_missing_heavy:Missing atom NE2 in residue GLN A 18
2022-11-08 13:33:01,459 WARNING:biomolecule.py:157:num_missing_heavy:Missing atom CG in residue ARG A 42
2022-11-08 13:33:01,459 WARNING:biomolecule.py:157:num_missing_heavy:Missing atom CD in residue ARG A 42
2022-11-08 13:33:01,459 WARNING:biomolecule.py:157:num_missing_heavy:Missing atom NE in residue ARG A 42
2022-11-08 13:33:01,459 WARNING:biomolecule.py:157:num_missing_heavy:Missing atom CZ in residue ARG A 42
2022-11-08 13:33:01,459 WARNING:biomolecule.py:157:num_missing_heavy:Missing atom NH1 in residue ARG A 42
2022-11-08 13:33:01,460 WARNING:biomolecule.py:157:num_missing_heavy:Missing atom NH2 in residue ARG A 42
2022-11-08 13:33:01,460 WARNING:biomolecule.py:157:num_missing_heavy:Missing atom CG in residue LYS A 105
2022-11-08 13:33:01,460 WARNING:biomolecule.py:157:num_missing_heavy:Missing atom CD in residue LYS A 105
2022-11-08 13:33:01,460 WARNING:biomolecule.py:157:num_missing_heavy:Missing atom CE in residue LYS A 105
2022-11-08 13:33:01,460 WARNING:biomolecule.py:157:num_missing_heavy:Missing atom NZ in residue LYS A 105
2022-11-08 13:33:01,461 WARNING:biomolecule.py:157:num_missing_heavy:Missing atom CG in residue LYS A 226
2022-11-08 13:33:01,461 WARNING:biomolecule.py:157:num_missing_heavy:Missing atom CD in residue LYS A 226
2022-11-08 13:33:01,461 WARNING:biomolecule.py:157:num_missing_heavy:Missing atom CE in residue LYS A 226
2022-11-08 13:33:01,462 WARNING:biomolecule.py:157:num_missing_heavy:Missing atom NZ in residue LYS A 226
2022-11-08 13:33:01,462 WARNING:biomolecule.py:157:num_missing_heavy:Missing atom CG in residue LYS A 231
2022-11-08 13:33:01,462 WARNING:biomolecule.py:157:num_missing_heavy:Missing atom CD in residue LYS A 231
2022-11-08 13:33:01,462 WARNING:biomolecule.py:157:num_missing_heavy:Missing atom CE in residue LYS A 231
2022-11-08 13:33:01,462 WARNING:biomolecule.py:157:num_missing_heavy:Missing atom NZ in residue LYS A 231
2022-11-08 13:33:01,462 WARNING:biomolecule.py:157:num_missing_heavy:Missing atom OXT in residue VAL A 266
2022-11-08 13:33:05,498 WARNING:main.py:311:print_pqr:Ignoring 1925 header lines in output.
2022-11-08 13:33:05,498 WARNING:main.py:315:print_pqr:Ignoring 33 missing lines in output.
