2022-11-08 13:29:57,636 WARNING:biomolecule.py:966:create_residue:Unable to find amino or nucleic acid definition for PO4.  Parsing as new residue.
2022-11-08 13:29:57,636 WARNING:biomolecule.py:966:create_residue:Unable to find amino or nucleic acid definition for SAM.  Parsing as new residue.
2022-11-08 13:29:57,637 WARNING:main.py:418:setup_molecule:Multiple occupancies found: N in VAL A 78.
2022-11-08 13:29:57,637 WARNING:main.py:418:setup_molecule:Multiple occupancies found: CA in VAL A 78.
2022-11-08 13:29:57,637 WARNING:main.py:418:setup_molecule:Multiple occupancies found: C in VAL A 78.
2022-11-08 13:29:57,638 WARNING:main.py:418:setup_molecule:Multiple occupancies found: O in VAL A 78.
2022-11-08 13:29:57,638 WARNING:main.py:418:setup_molecule:Multiple occupancies found: CB in VAL A 78.
2022-11-08 13:29:57,638 WARNING:main.py:418:setup_molecule:Multiple occupancies found: CG1 in VAL A 78.
2022-11-08 13:29:57,638 WARNING:main.py:418:setup_molecule:Multiple occupancies found: CG2 in VAL A 78.
2022-11-08 13:29:57,638 WARNING:main.py:424:setup_molecule:Multiple occupancies found in VAL A 78. At least one of the instances is being ignored.
2022-11-08 13:29:57,638 WARNING:main.py:418:setup_molecule:Multiple occupancies found: N in MET A 87.
2022-11-08 13:29:57,638 WARNING:main.py:418:setup_molecule:Multiple occupancies found: CA in MET A 87.
2022-11-08 13:29:57,638 WARNING:main.py:418:setup_molecule:Multiple occupancies found: C in MET A 87.
2022-11-08 13:29:57,639 WARNING:main.py:418:setup_molecule:Multiple occupancies found: O in MET A 87.
2022-11-08 13:29:57,639 WARNING:main.py:418:setup_molecule:Multiple occupancies found: CB in MET A 87.
2022-11-08 13:29:57,639 WARNING:main.py:418:setup_molecule:Multiple occupancies found: CG in MET A 87.
2022-11-08 13:29:57,639 WARNING:main.py:418:setup_molecule:Multiple occupancies found: SD in MET A 87.
2022-11-08 13:29:57,639 WARNING:main.py:418:setup_molecule:Multiple occupancies found: CE in MET A 87.
2022-11-08 13:29:57,639 WARNING:main.py:424:setup_molecule:Multiple occupancies found in MET A 87. At least one of the instances is being ignored.
2022-11-08 13:29:57,639 WARNING:main.py:418:setup_molecule:Multiple occupancies found: N in LYS A 100.
2022-11-08 13:29:57,639 WARNING:main.py:418:setup_molecule:Multiple occupancies found: CA in LYS A 100.
2022-11-08 13:29:57,639 WARNING:main.py:418:setup_molecule:Multiple occupancies found: C in LYS A 100.
2022-11-08 13:29:57,640 WARNING:main.py:418:setup_molecule:Multiple occupancies found: O in LYS A 100.
2022-11-08 13:29:57,640 WARNING:main.py:418:setup_molecule:Multiple occupancies found: CB in LYS A 100.
2022-11-08 13:29:57,640 WARNING:main.py:418:setup_molecule:Multiple occupancies found: CG in LYS A 100.
2022-11-08 13:29:57,640 WARNING:main.py:418:setup_molecule:Multiple occupancies found: CD in LYS A 100.
2022-11-08 13:29:57,640 WARNING:main.py:418:setup_molecule:Multiple occupancies found: CE in LYS A 100.
2022-11-08 13:29:57,640 WARNING:main.py:418:setup_molecule:Multiple occupancies found: NZ in LYS A 100.
2022-11-08 13:29:57,640 WARNING:main.py:424:setup_molecule:Multiple occupancies found in LYS A 100. At least one of the instances is being ignored.
2022-11-08 13:29:57,640 WARNING:main.py:418:setup_molecule:Multiple occupancies found: N in SER A 192.
2022-11-08 13:29:57,641 WARNING:main.py:418:setup_molecule:Multiple occupancies found: CA in SER A 192.
2022-11-08 13:29:57,641 WARNING:main.py:418:setup_molecule:Multiple occupancies found: C in SER A 192.
2022-11-08 13:29:57,641 WARNING:main.py:418:setup_molecule:Multiple occupancies found: O in SER A 192.
2022-11-08 13:29:57,641 WARNING:main.py:418:setup_molecule:Multiple occupancies found: CB in SER A 192.
2022-11-08 13:29:57,641 WARNING:main.py:418:setup_molecule:Multiple occupancies found: OG in SER A 192.
2022-11-08 13:29:57,641 WARNING:main.py:424:setup_molecule:Multiple occupancies found in SER A 192. At least one of the instances is being ignored.
2022-11-08 13:29:57,642 WARNING:main.py:418:setup_molecule:Multiple occupancies found: N in ASP A 202.
2022-11-08 13:29:57,642 WARNING:main.py:418:setup_molecule:Multiple occupancies found: CA in ASP A 202.
2022-11-08 13:29:57,643 WARNING:main.py:418:setup_molecule:Multiple occupancies found: CB in ASP A 202.
2022-11-08 13:29:57,643 WARNING:main.py:418:setup_molecule:Multiple occupancies found: CG in ASP A 202.
2022-11-08 13:29:57,643 WARNING:main.py:418:setup_molecule:Multiple occupancies found: OD1 in ASP A 202.
2022-11-08 13:29:57,643 WARNING:main.py:418:setup_molecule:Multiple occupancies found: OD2 in ASP A 202.
2022-11-08 13:29:57,643 WARNING:main.py:424:setup_molecule:Multiple occupancies found in ASP A 202. At least one of the instances is being ignored.
2022-11-08 13:29:57,643 WARNING:main.py:418:setup_molecule:Multiple occupancies found: N in ARG A 243.
2022-11-08 13:29:57,643 WARNING:main.py:418:setup_molecule:Multiple occupancies found: CA in ARG A 243.
2022-11-08 13:29:57,644 WARNING:main.py:418:setup_molecule:Multiple occupancies found: C in ARG A 243.
2022-11-08 13:29:57,644 WARNING:main.py:418:setup_molecule:Multiple occupancies found: O in ARG A 243.
2022-11-08 13:29:57,644 WARNING:main.py:418:setup_molecule:Multiple occupancies found: CB in ARG A 243.
2022-11-08 13:29:57,644 WARNING:main.py:418:setup_molecule:Multiple occupancies found: CG in ARG A 243.
2022-11-08 13:29:57,644 WARNING:main.py:418:setup_molecule:Multiple occupancies found: CD in ARG A 243.
2022-11-08 13:29:57,644 WARNING:main.py:418:setup_molecule:Multiple occupancies found: NE in ARG A 243.
2022-11-08 13:29:57,644 WARNING:main.py:418:setup_molecule:Multiple occupancies found: CZ in ARG A 243.
2022-11-08 13:29:57,644 WARNING:main.py:418:setup_molecule:Multiple occupancies found: NH1 in ARG A 243.
2022-11-08 13:29:57,644 WARNING:main.py:418:setup_molecule:Multiple occupancies found: NH2 in ARG A 243.
2022-11-08 13:29:57,645 WARNING:main.py:424:setup_molecule:Multiple occupancies found in ARG A 243. At least one of the instances is being ignored.
2022-11-08 13:29:57,645 WARNING:main.py:418:setup_molecule:Multiple occupancies found: N in LYS A 246.
2022-11-08 13:29:57,645 WARNING:main.py:418:setup_molecule:Multiple occupancies found: CA in LYS A 246.
2022-11-08 13:29:57,645 WARNING:main.py:418:setup_molecule:Multiple occupancies found: C in LYS A 246.
2022-11-08 13:29:57,645 WARNING:main.py:418:setup_molecule:Multiple occupancies found: O in LYS A 246.
2022-11-08 13:29:57,645 WARNING:main.py:418:setup_molecule:Multiple occupancies found: CB in LYS A 246.
2022-11-08 13:29:57,645 WARNING:main.py:418:setup_molecule:Multiple occupancies found: CG in LYS A 246.
2022-11-08 13:29:57,645 WARNING:main.py:418:setup_molecule:Multiple occupancies found: CD in LYS A 246.
2022-11-08 13:29:57,645 WARNING:main.py:418:setup_molecule:Multiple occupancies found: CE in LYS A 246.
2022-11-08 13:29:57,646 WARNING:main.py:418:setup_molecule:Multiple occupancies found: NZ in LYS A 246.
2022-11-08 13:29:57,646 WARNING:main.py:424:setup_molecule:Multiple occupancies found in LYS A 246. At least one of the instances is being ignored.
2022-11-08 13:30:01,371 WARNING:main.py:311:print_pqr:Ignoring 1894 header lines in output.
2022-11-08 13:30:01,371 WARNING:main.py:315:print_pqr:Ignoring 32 missing lines in output.
