2022-11-08 13:31:47,625 WARNING:biomolecule.py:966:create_residue:Unable to find amino or nucleic acid definition for DNC.  Parsing as new residue.
2022-11-08 13:31:47,626 WARNING:biomolecule.py:966:create_residue:Unable to find amino or nucleic acid definition for MG.  Parsing as new residue.
2022-11-08 13:31:47,626 WARNING:biomolecule.py:966:create_residue:Unable to find amino or nucleic acid definition for SAM.  Parsing as new residue.
2022-11-08 13:31:47,626 WARNING:biomolecule.py:966:create_residue:Unable to find amino or nucleic acid definition for BR.  Parsing as new residue.
2022-11-08 13:31:47,645 WARNING:biomolecule.py:966:create_residue:Unable to find amino or nucleic acid definition for DNC.  Parsing as new residue.
2022-11-08 13:31:47,646 WARNING:biomolecule.py:966:create_residue:Unable to find amino or nucleic acid definition for MG.  Parsing as new residue.
2022-11-08 13:31:47,646 WARNING:biomolecule.py:966:create_residue:Unable to find amino or nucleic acid definition for SAM.  Parsing as new residue.
2022-11-08 13:31:47,647 WARNING:main.py:418:setup_molecule:Multiple occupancies found: CA in LEU A 158.
2022-11-08 13:31:47,647 WARNING:main.py:418:setup_molecule:Multiple occupancies found: CB in LEU A 158.
2022-11-08 13:31:47,647 WARNING:main.py:418:setup_molecule:Multiple occupancies found: CG in LEU A 158.
2022-11-08 13:31:47,647 WARNING:main.py:418:setup_molecule:Multiple occupancies found: CD1 in LEU A 158.
2022-11-08 13:31:47,647 WARNING:main.py:418:setup_molecule:Multiple occupancies found: CD2 in LEU A 158.
2022-11-08 13:31:47,647 WARNING:main.py:424:setup_molecule:Multiple occupancies found in LEU A 158. At least one of the instances is being ignored.
2022-11-08 13:31:47,698 WARNING:biomolecule.py:157:num_missing_heavy:Missing atom OXT in residue PRO A 258
2022-11-08 13:31:47,699 WARNING:biomolecule.py:157:num_missing_heavy:Missing atom OXT in residue PRO B 258
2022-11-08 13:31:47,701 WARNING:biomolecule.py:157:num_missing_heavy:Missing atom OXT in residue PRO A 258
2022-11-08 13:31:47,702 WARNING:biomolecule.py:157:num_missing_heavy:Missing atom OXT in residue PRO B 258
2022-11-08 13:31:47,704 WARNING:biomolecule.py:157:num_missing_heavy:Missing atom OXT in residue PRO A 258
2022-11-08 13:31:47,705 WARNING:biomolecule.py:157:num_missing_heavy:Missing atom OXT in residue PRO B 258
2022-11-08 13:31:52,912 WARNING:main.py:311:print_pqr:Ignoring 3648 header lines in output.
2022-11-08 13:31:52,912 WARNING:main.py:315:print_pqr:Ignoring 85 missing lines in output.
