2022-11-08 13:25:55,542 WARNING:biomolecule.py:966:create_residue:Unable to find amino or nucleic acid definition for SAM.  Parsing as new residue.
2022-11-08 13:25:55,542 WARNING:biomolecule.py:966:create_residue:Unable to find amino or nucleic acid definition for HG.  Parsing as new residue.
2022-11-08 13:25:55,555 WARNING:biomolecule.py:600:update_bonds:Gap in backbone detected between LEU A 200 and PHE A 206!
2022-11-08 13:25:55,557 WARNING:biomolecule.py:600:update_bonds:Gap in backbone detected between GLU A 259 and GLY A 272!
2022-11-08 13:25:55,585 WARNING:biomolecule.py:157:num_missing_heavy:Missing atom OG1 in residue THR A 10
2022-11-08 13:25:55,585 WARNING:biomolecule.py:157:num_missing_heavy:Missing atom CG2 in residue THR A 10
2022-11-08 13:25:55,585 WARNING:biomolecule.py:157:num_missing_heavy:Missing atom CG in residue GLU A 30
2022-11-08 13:25:55,586 WARNING:biomolecule.py:157:num_missing_heavy:Missing atom CD in residue GLU A 30
2022-11-08 13:25:55,586 WARNING:biomolecule.py:157:num_missing_heavy:Missing atom OE1 in residue GLU A 30
2022-11-08 13:25:55,586 WARNING:biomolecule.py:157:num_missing_heavy:Missing atom OE2 in residue GLU A 30
2022-11-08 13:25:55,586 WARNING:biomolecule.py:157:num_missing_heavy:Missing atom CG in residue LYS A 34
2022-11-08 13:25:55,586 WARNING:biomolecule.py:157:num_missing_heavy:Missing atom CD in residue LYS A 34
2022-11-08 13:25:55,586 WARNING:biomolecule.py:157:num_missing_heavy:Missing atom CE in residue LYS A 34
2022-11-08 13:25:55,586 WARNING:biomolecule.py:157:num_missing_heavy:Missing atom NZ in residue LYS A 34
2022-11-08 13:25:55,587 WARNING:biomolecule.py:157:num_missing_heavy:Missing atom CG in residue GLU A 107
2022-11-08 13:25:55,587 WARNING:biomolecule.py:157:num_missing_heavy:Missing atom CD in residue GLU A 107
2022-11-08 13:25:55,587 WARNING:biomolecule.py:157:num_missing_heavy:Missing atom OE1 in residue GLU A 107
2022-11-08 13:25:55,587 WARNING:biomolecule.py:157:num_missing_heavy:Missing atom OE2 in residue GLU A 107
2022-11-08 13:25:55,588 WARNING:biomolecule.py:157:num_missing_heavy:Missing atom CG in residue LYS A 138
2022-11-08 13:25:55,588 WARNING:biomolecule.py:157:num_missing_heavy:Missing atom CD in residue LYS A 138
2022-11-08 13:25:55,588 WARNING:biomolecule.py:157:num_missing_heavy:Missing atom CE in residue LYS A 138
2022-11-08 13:25:55,588 WARNING:biomolecule.py:157:num_missing_heavy:Missing atom NZ in residue LYS A 138
2022-11-08 13:25:55,588 WARNING:biomolecule.py:157:num_missing_heavy:Missing atom CG in residue GLU A 157
2022-11-08 13:25:55,588 WARNING:biomolecule.py:157:num_missing_heavy:Missing atom CD in residue GLU A 157
2022-11-08 13:25:55,589 WARNING:biomolecule.py:157:num_missing_heavy:Missing atom OE1 in residue GLU A 157
2022-11-08 13:25:55,589 WARNING:biomolecule.py:157:num_missing_heavy:Missing atom OE2 in residue GLU A 157
2022-11-08 13:25:55,589 WARNING:biomolecule.py:157:num_missing_heavy:Missing atom CG in residue GLN A 170
2022-11-08 13:25:55,589 WARNING:biomolecule.py:157:num_missing_heavy:Missing atom CD in residue GLN A 170
2022-11-08 13:25:55,589 WARNING:biomolecule.py:157:num_missing_heavy:Missing atom OE1 in residue GLN A 170
2022-11-08 13:25:55,589 WARNING:biomolecule.py:157:num_missing_heavy:Missing atom NE2 in residue GLN A 170
2022-11-08 13:25:55,590 WARNING:biomolecule.py:157:num_missing_heavy:Missing atom CG in residue GLU A 212
2022-11-08 13:25:55,590 WARNING:biomolecule.py:157:num_missing_heavy:Missing atom CD in residue GLU A 212
2022-11-08 13:25:55,590 WARNING:biomolecule.py:157:num_missing_heavy:Missing atom OE1 in residue GLU A 212
2022-11-08 13:25:55,590 WARNING:biomolecule.py:157:num_missing_heavy:Missing atom OE2 in residue GLU A 212
2022-11-08 13:25:55,590 WARNING:biomolecule.py:157:num_missing_heavy:Missing atom CG in residue GLU A 248
2022-11-08 13:25:55,590 WARNING:biomolecule.py:157:num_missing_heavy:Missing atom CD in residue GLU A 248
2022-11-08 13:25:55,591 WARNING:biomolecule.py:157:num_missing_heavy:Missing atom OE1 in residue GLU A 248
2022-11-08 13:25:55,594 WARNING:biomolecule.py:157:num_missing_heavy:Missing atom OE2 in residue GLU A 248
2022-11-08 13:25:55,594 WARNING:biomolecule.py:157:num_missing_heavy:Missing atom CG in residue GLU A 259
2022-11-08 13:25:55,594 WARNING:biomolecule.py:157:num_missing_heavy:Missing atom CD in residue GLU A 259
2022-11-08 13:25:55,595 WARNING:biomolecule.py:157:num_missing_heavy:Missing atom OE1 in residue GLU A 259
2022-11-08 13:25:55,595 WARNING:biomolecule.py:157:num_missing_heavy:Missing atom OE2 in residue GLU A 259
2022-11-08 13:25:55,595 WARNING:biomolecule.py:157:num_missing_heavy:Missing atom CG in residue LYS A 284
2022-11-08 13:25:55,595 WARNING:biomolecule.py:157:num_missing_heavy:Missing atom CD in residue LYS A 284
2022-11-08 13:25:55,595 WARNING:biomolecule.py:157:num_missing_heavy:Missing atom CE in residue LYS A 284
2022-11-08 13:25:55,595 WARNING:biomolecule.py:157:num_missing_heavy:Missing atom NZ in residue LYS A 284
2022-11-08 13:25:55,595 WARNING:biomolecule.py:157:num_missing_heavy:Missing atom OG1 in residue THR A 10
2022-11-08 13:25:55,596 WARNING:biomolecule.py:157:num_missing_heavy:Missing atom CG2 in residue THR A 10
2022-11-08 13:25:55,596 WARNING:biomolecule.py:157:num_missing_heavy:Missing atom CG in residue GLU A 30
2022-11-08 13:25:55,596 WARNING:biomolecule.py:157:num_missing_heavy:Missing atom CD in residue GLU A 30
2022-11-08 13:25:55,596 WARNING:biomolecule.py:157:num_missing_heavy:Missing atom OE1 in residue GLU A 30
2022-11-08 13:25:55,596 WARNING:biomolecule.py:157:num_missing_heavy:Missing atom OE2 in residue GLU A 30
2022-11-08 13:25:55,596 WARNING:biomolecule.py:157:num_missing_heavy:Missing atom CG in residue LYS A 34
2022-11-08 13:25:55,596 WARNING:biomolecule.py:157:num_missing_heavy:Missing atom CD in residue LYS A 34
2022-11-08 13:25:55,597 WARNING:biomolecule.py:157:num_missing_heavy:Missing atom CE in residue LYS A 34
2022-11-08 13:25:55,597 WARNING:biomolecule.py:157:num_missing_heavy:Missing atom NZ in residue LYS A 34
2022-11-08 13:25:55,597 WARNING:biomolecule.py:157:num_missing_heavy:Missing atom CG in residue GLU A 107
2022-11-08 13:25:55,597 WARNING:biomolecule.py:157:num_missing_heavy:Missing atom CD in residue GLU A 107
2022-11-08 13:25:55,598 WARNING:biomolecule.py:157:num_missing_heavy:Missing atom OE1 in residue GLU A 107
2022-11-08 13:25:55,598 WARNING:biomolecule.py:157:num_missing_heavy:Missing atom OE2 in residue GLU A 107
2022-11-08 13:25:55,598 WARNING:biomolecule.py:157:num_missing_heavy:Missing atom CG in residue LYS A 138
2022-11-08 13:25:55,598 WARNING:biomolecule.py:157:num_missing_heavy:Missing atom CD in residue LYS A 138
2022-11-08 13:25:55,598 WARNING:biomolecule.py:157:num_missing_heavy:Missing atom CE in residue LYS A 138
2022-11-08 13:25:55,598 WARNING:biomolecule.py:157:num_missing_heavy:Missing atom NZ in residue LYS A 138
2022-11-08 13:25:55,599 WARNING:biomolecule.py:157:num_missing_heavy:Missing atom CG in residue GLU A 157
2022-11-08 13:25:55,599 WARNING:biomolecule.py:157:num_missing_heavy:Missing atom CD in residue GLU A 157
2022-11-08 13:25:55,599 WARNING:biomolecule.py:157:num_missing_heavy:Missing atom OE1 in residue GLU A 157
2022-11-08 13:25:55,599 WARNING:biomolecule.py:157:num_missing_heavy:Missing atom OE2 in residue GLU A 157
2022-11-08 13:25:55,599 WARNING:biomolecule.py:157:num_missing_heavy:Missing atom CG in residue GLN A 170
2022-11-08 13:25:55,599 WARNING:biomolecule.py:157:num_missing_heavy:Missing atom CD in residue GLN A 170
2022-11-08 13:25:55,599 WARNING:biomolecule.py:157:num_missing_heavy:Missing atom OE1 in residue GLN A 170
2022-11-08 13:25:55,600 WARNING:biomolecule.py:157:num_missing_heavy:Missing atom NE2 in residue GLN A 170
2022-11-08 13:25:55,600 WARNING:biomolecule.py:157:num_missing_heavy:Missing atom CG in residue GLU A 212
2022-11-08 13:25:55,600 WARNING:biomolecule.py:157:num_missing_heavy:Missing atom CD in residue GLU A 212
2022-11-08 13:25:55,600 WARNING:biomolecule.py:157:num_missing_heavy:Missing atom OE1 in residue GLU A 212
2022-11-08 13:25:55,600 WARNING:biomolecule.py:157:num_missing_heavy:Missing atom OE2 in residue GLU A 212
2022-11-08 13:25:55,601 WARNING:biomolecule.py:157:num_missing_heavy:Missing atom CG in residue GLU A 248
2022-11-08 13:25:55,601 WARNING:biomolecule.py:157:num_missing_heavy:Missing atom CD in residue GLU A 248
2022-11-08 13:25:55,601 WARNING:biomolecule.py:157:num_missing_heavy:Missing atom OE1 in residue GLU A 248
2022-11-08 13:25:55,601 WARNING:biomolecule.py:157:num_missing_heavy:Missing atom OE2 in residue GLU A 248
2022-11-08 13:25:55,601 WARNING:biomolecule.py:157:num_missing_heavy:Missing atom CG in residue GLU A 259
2022-11-08 13:25:55,601 WARNING:biomolecule.py:157:num_missing_heavy:Missing atom CD in residue GLU A 259
2022-11-08 13:25:55,601 WARNING:biomolecule.py:157:num_missing_heavy:Missing atom OE1 in residue GLU A 259
2022-11-08 13:25:55,602 WARNING:biomolecule.py:157:num_missing_heavy:Missing atom OE2 in residue GLU A 259
2022-11-08 13:25:55,602 WARNING:biomolecule.py:157:num_missing_heavy:Missing atom CG in residue LYS A 284
2022-11-08 13:25:55,602 WARNING:biomolecule.py:157:num_missing_heavy:Missing atom CD in residue LYS A 284
2022-11-08 13:25:55,602 WARNING:biomolecule.py:157:num_missing_heavy:Missing atom CE in residue LYS A 284
2022-11-08 13:25:55,602 WARNING:biomolecule.py:157:num_missing_heavy:Missing atom NZ in residue LYS A 284
2022-11-08 13:25:55,602 WARNING:biomolecule.py:157:num_missing_heavy:Missing atom OG1 in residue THR A 10
2022-11-08 13:25:55,602 WARNING:biomolecule.py:157:num_missing_heavy:Missing atom CG2 in residue THR A 10
2022-11-08 13:25:55,603 WARNING:biomolecule.py:157:num_missing_heavy:Missing atom CG in residue GLU A 30
2022-11-08 13:25:55,603 WARNING:biomolecule.py:157:num_missing_heavy:Missing atom CD in residue GLU A 30
2022-11-08 13:25:55,603 WARNING:biomolecule.py:157:num_missing_heavy:Missing atom OE1 in residue GLU A 30
2022-11-08 13:25:55,603 WARNING:biomolecule.py:157:num_missing_heavy:Missing atom OE2 in residue GLU A 30
2022-11-08 13:25:55,603 WARNING:biomolecule.py:157:num_missing_heavy:Missing atom CG in residue LYS A 34
2022-11-08 13:25:55,603 WARNING:biomolecule.py:157:num_missing_heavy:Missing atom CD in residue LYS A 34
2022-11-08 13:25:55,603 WARNING:biomolecule.py:157:num_missing_heavy:Missing atom CE in residue LYS A 34
2022-11-08 13:25:55,604 WARNING:biomolecule.py:157:num_missing_heavy:Missing atom NZ in residue LYS A 34
2022-11-08 13:25:55,604 WARNING:biomolecule.py:157:num_missing_heavy:Missing atom CG in residue GLU A 107
2022-11-08 13:25:55,604 WARNING:biomolecule.py:157:num_missing_heavy:Missing atom CD in residue GLU A 107
2022-11-08 13:25:55,604 WARNING:biomolecule.py:157:num_missing_heavy:Missing atom OE1 in residue GLU A 107
2022-11-08 13:25:55,605 WARNING:biomolecule.py:157:num_missing_heavy:Missing atom OE2 in residue GLU A 107
2022-11-08 13:25:55,605 WARNING:biomolecule.py:157:num_missing_heavy:Missing atom CG in residue LYS A 138
2022-11-08 13:25:55,605 WARNING:biomolecule.py:157:num_missing_heavy:Missing atom CD in residue LYS A 138
2022-11-08 13:25:55,605 WARNING:biomolecule.py:157:num_missing_heavy:Missing atom CE in residue LYS A 138
2022-11-08 13:25:55,605 WARNING:biomolecule.py:157:num_missing_heavy:Missing atom NZ in residue LYS A 138
2022-11-08 13:25:55,605 WARNING:biomolecule.py:157:num_missing_heavy:Missing atom CG in residue GLU A 157
2022-11-08 13:25:55,606 WARNING:biomolecule.py:157:num_missing_heavy:Missing atom CD in residue GLU A 157
2022-11-08 13:25:55,606 WARNING:biomolecule.py:157:num_missing_heavy:Missing atom OE1 in residue GLU A 157
2022-11-08 13:25:55,606 WARNING:biomolecule.py:157:num_missing_heavy:Missing atom OE2 in residue GLU A 157
2022-11-08 13:25:55,606 WARNING:biomolecule.py:157:num_missing_heavy:Missing atom CG in residue GLN A 170
2022-11-08 13:25:55,606 WARNING:biomolecule.py:157:num_missing_heavy:Missing atom CD in residue GLN A 170
2022-11-08 13:25:55,606 WARNING:biomolecule.py:157:num_missing_heavy:Missing atom OE1 in residue GLN A 170
2022-11-08 13:25:55,606 WARNING:biomolecule.py:157:num_missing_heavy:Missing atom NE2 in residue GLN A 170
2022-11-08 13:25:55,607 WARNING:biomolecule.py:157:num_missing_heavy:Missing atom CG in residue GLU A 212
2022-11-08 13:25:55,607 WARNING:biomolecule.py:157:num_missing_heavy:Missing atom CD in residue GLU A 212
2022-11-08 13:25:55,607 WARNING:biomolecule.py:157:num_missing_heavy:Missing atom OE1 in residue GLU A 212
2022-11-08 13:25:55,607 WARNING:biomolecule.py:157:num_missing_heavy:Missing atom OE2 in residue GLU A 212
2022-11-08 13:25:55,607 WARNING:biomolecule.py:157:num_missing_heavy:Missing atom CG in residue GLU A 248
2022-11-08 13:25:55,608 WARNING:biomolecule.py:157:num_missing_heavy:Missing atom CD in residue GLU A 248
2022-11-08 13:25:55,608 WARNING:biomolecule.py:157:num_missing_heavy:Missing atom OE1 in residue GLU A 248
2022-11-08 13:25:55,608 WARNING:biomolecule.py:157:num_missing_heavy:Missing atom OE2 in residue GLU A 248
2022-11-08 13:25:55,608 WARNING:biomolecule.py:157:num_missing_heavy:Missing atom CG in residue GLU A 259
2022-11-08 13:25:55,608 WARNING:biomolecule.py:157:num_missing_heavy:Missing atom CD in residue GLU A 259
2022-11-08 13:25:55,608 WARNING:biomolecule.py:157:num_missing_heavy:Missing atom OE1 in residue GLU A 259
2022-11-08 13:25:55,608 WARNING:biomolecule.py:157:num_missing_heavy:Missing atom OE2 in residue GLU A 259
2022-11-08 13:25:55,609 WARNING:biomolecule.py:157:num_missing_heavy:Missing atom CG in residue LYS A 284
2022-11-08 13:25:55,609 WARNING:biomolecule.py:157:num_missing_heavy:Missing atom CD in residue LYS A 284
2022-11-08 13:25:55,609 WARNING:biomolecule.py:157:num_missing_heavy:Missing atom CE in residue LYS A 284
2022-11-08 13:25:55,609 WARNING:biomolecule.py:157:num_missing_heavy:Missing atom NZ in residue LYS A 284
2022-11-08 13:25:56,808 WARNING:debump.py:172:debump_biomolecule:WARNING: Unable to debump PRO A 33
2022-11-08 13:25:59,773 WARNING:main.py:311:print_pqr:Ignoring 1762 header lines in output.
2022-11-08 13:25:59,773 WARNING:main.py:315:print_pqr:Ignoring 28 missing lines in output.
