2022-11-08 13:31:25,380 WARNING:biomolecule.py:966:create_residue:Unable to find amino or nucleic acid definition for SAM.  Parsing as new residue.
2022-11-08 13:31:25,382 WARNING:biomolecule.py:966:create_residue:Unable to find amino or nucleic acid definition for 5O3.  Parsing as new residue.
2022-11-08 13:31:25,382 WARNING:main.py:418:setup_molecule:Multiple occupancies found: N in LYS A 15.
2022-11-08 13:31:25,383 WARNING:main.py:418:setup_molecule:Multiple occupancies found: CA in LYS A 15.
2022-11-08 13:31:25,383 WARNING:main.py:418:setup_molecule:Multiple occupancies found: C in LYS A 15.
2022-11-08 13:31:25,383 WARNING:main.py:418:setup_molecule:Multiple occupancies found: O in LYS A 15.
2022-11-08 13:31:25,383 WARNING:main.py:418:setup_molecule:Multiple occupancies found: CB in LYS A 15.
2022-11-08 13:31:25,383 WARNING:main.py:418:setup_molecule:Multiple occupancies found: CG in LYS A 15.
2022-11-08 13:31:25,383 WARNING:main.py:418:setup_molecule:Multiple occupancies found: CD in LYS A 15.
2022-11-08 13:31:25,383 WARNING:main.py:418:setup_molecule:Multiple occupancies found: CE in LYS A 15.
2022-11-08 13:31:25,383 WARNING:main.py:424:setup_molecule:Multiple occupancies found in LYS A 15. At least one of the instances is being ignored.
2022-11-08 13:31:25,383 WARNING:main.py:418:setup_molecule:Multiple occupancies found: N in GLU A 43.
2022-11-08 13:31:25,384 WARNING:main.py:418:setup_molecule:Multiple occupancies found: CA in GLU A 43.
2022-11-08 13:31:25,384 WARNING:main.py:418:setup_molecule:Multiple occupancies found: C in GLU A 43.
2022-11-08 13:31:25,384 WARNING:main.py:418:setup_molecule:Multiple occupancies found: O in GLU A 43.
2022-11-08 13:31:25,384 WARNING:main.py:418:setup_molecule:Multiple occupancies found: CB in GLU A 43.
2022-11-08 13:31:25,384 WARNING:main.py:418:setup_molecule:Multiple occupancies found: CG in GLU A 43.
2022-11-08 13:31:25,384 WARNING:main.py:418:setup_molecule:Multiple occupancies found: CD in GLU A 43.
2022-11-08 13:31:25,384 WARNING:main.py:418:setup_molecule:Multiple occupancies found: OE1 in GLU A 43.
2022-11-08 13:31:25,384 WARNING:main.py:418:setup_molecule:Multiple occupancies found: OE2 in GLU A 43.
2022-11-08 13:31:25,385 WARNING:main.py:424:setup_molecule:Multiple occupancies found in GLU A 43. At least one of the instances is being ignored.
2022-11-08 13:31:25,385 WARNING:main.py:418:setup_molecule:Multiple occupancies found: N in ARG A 47.
2022-11-08 13:31:25,385 WARNING:main.py:418:setup_molecule:Multiple occupancies found: CA in ARG A 47.
2022-11-08 13:31:25,385 WARNING:main.py:418:setup_molecule:Multiple occupancies found: C in ARG A 47.
2022-11-08 13:31:25,385 WARNING:main.py:418:setup_molecule:Multiple occupancies found: O in ARG A 47.
2022-11-08 13:31:25,385 WARNING:main.py:418:setup_molecule:Multiple occupancies found: CB in ARG A 47.
2022-11-08 13:31:25,385 WARNING:main.py:418:setup_molecule:Multiple occupancies found: CG in ARG A 47.
2022-11-08 13:31:25,385 WARNING:main.py:418:setup_molecule:Multiple occupancies found: CD in ARG A 47.
2022-11-08 13:31:25,385 WARNING:main.py:418:setup_molecule:Multiple occupancies found: NE in ARG A 47.
2022-11-08 13:31:25,386 WARNING:main.py:418:setup_molecule:Multiple occupancies found: CZ in ARG A 47.
2022-11-08 13:31:25,386 WARNING:main.py:418:setup_molecule:Multiple occupancies found: NH1 in ARG A 47.
2022-11-08 13:31:25,386 WARNING:main.py:418:setup_molecule:Multiple occupancies found: NH2 in ARG A 47.
2022-11-08 13:31:25,386 WARNING:main.py:424:setup_molecule:Multiple occupancies found in ARG A 47. At least one of the instances is being ignored.
2022-11-08 13:31:25,386 WARNING:main.py:418:setup_molecule:Multiple occupancies found: N in GLU A 74.
2022-11-08 13:31:25,386 WARNING:main.py:418:setup_molecule:Multiple occupancies found: CA in GLU A 74.
2022-11-08 13:31:25,386 WARNING:main.py:418:setup_molecule:Multiple occupancies found: C in GLU A 74.
2022-11-08 13:31:25,386 WARNING:main.py:418:setup_molecule:Multiple occupancies found: O in GLU A 74.
2022-11-08 13:31:25,387 WARNING:main.py:418:setup_molecule:Multiple occupancies found: CB in GLU A 74.
2022-11-08 13:31:25,387 WARNING:main.py:418:setup_molecule:Multiple occupancies found: CG in GLU A 74.
2022-11-08 13:31:25,388 WARNING:main.py:418:setup_molecule:Multiple occupancies found: CD in GLU A 74.
2022-11-08 13:31:25,388 WARNING:main.py:418:setup_molecule:Multiple occupancies found: OE1 in GLU A 74.
2022-11-08 13:31:25,388 WARNING:main.py:418:setup_molecule:Multiple occupancies found: OE2 in GLU A 74.
2022-11-08 13:31:25,388 WARNING:main.py:424:setup_molecule:Multiple occupancies found in GLU A 74. At least one of the instances is being ignored.
2022-11-08 13:31:25,388 WARNING:main.py:418:setup_molecule:Multiple occupancies found: N in LYS A 96.
2022-11-08 13:31:25,388 WARNING:main.py:418:setup_molecule:Multiple occupancies found: CA in LYS A 96.
2022-11-08 13:31:25,388 WARNING:main.py:418:setup_molecule:Multiple occupancies found: C in LYS A 96.
2022-11-08 13:31:25,388 WARNING:main.py:418:setup_molecule:Multiple occupancies found: O in LYS A 96.
2022-11-08 13:31:25,389 WARNING:main.py:418:setup_molecule:Multiple occupancies found: CB in LYS A 96.
2022-11-08 13:31:25,389 WARNING:main.py:418:setup_molecule:Multiple occupancies found: CG in LYS A 96.
2022-11-08 13:31:25,389 WARNING:main.py:418:setup_molecule:Multiple occupancies found: CD in LYS A 96.
2022-11-08 13:31:25,389 WARNING:main.py:418:setup_molecule:Multiple occupancies found: CE in LYS A 96.
2022-11-08 13:31:25,389 WARNING:main.py:418:setup_molecule:Multiple occupancies found: NZ in LYS A 96.
2022-11-08 13:31:25,389 WARNING:main.py:424:setup_molecule:Multiple occupancies found in LYS A 96. At least one of the instances is being ignored.
2022-11-08 13:31:25,389 WARNING:main.py:418:setup_molecule:Multiple occupancies found: CA in ARG A 101.
2022-11-08 13:31:25,389 WARNING:main.py:418:setup_molecule:Multiple occupancies found: CB in ARG A 101.
2022-11-08 13:31:25,389 WARNING:main.py:418:setup_molecule:Multiple occupancies found: CG in ARG A 101.
2022-11-08 13:31:25,390 WARNING:main.py:418:setup_molecule:Multiple occupancies found: CD in ARG A 101.
2022-11-08 13:31:25,390 WARNING:main.py:418:setup_molecule:Multiple occupancies found: NE in ARG A 101.
2022-11-08 13:31:25,390 WARNING:main.py:418:setup_molecule:Multiple occupancies found: CZ in ARG A 101.
2022-11-08 13:31:25,390 WARNING:main.py:418:setup_molecule:Multiple occupancies found: NH1 in ARG A 101.
2022-11-08 13:31:25,390 WARNING:main.py:418:setup_molecule:Multiple occupancies found: NH2 in ARG A 101.
2022-11-08 13:31:25,390 WARNING:main.py:424:setup_molecule:Multiple occupancies found in ARG A 101. At least one of the instances is being ignored.
2022-11-08 13:31:25,390 WARNING:main.py:418:setup_molecule:Multiple occupancies found: N in GLU A 111.
2022-11-08 13:31:25,390 WARNING:main.py:418:setup_molecule:Multiple occupancies found: CA in GLU A 111.
2022-11-08 13:31:25,390 WARNING:main.py:418:setup_molecule:Multiple occupancies found: C in GLU A 111.
2022-11-08 13:31:25,391 WARNING:main.py:418:setup_molecule:Multiple occupancies found: O in GLU A 111.
2022-11-08 13:31:25,391 WARNING:main.py:418:setup_molecule:Multiple occupancies found: CB in GLU A 111.
2022-11-08 13:31:25,391 WARNING:main.py:418:setup_molecule:Multiple occupancies found: CG in GLU A 111.
2022-11-08 13:31:25,391 WARNING:main.py:418:setup_molecule:Multiple occupancies found: CD in GLU A 111.
2022-11-08 13:31:25,391 WARNING:main.py:418:setup_molecule:Multiple occupancies found: OE1 in GLU A 111.
2022-11-08 13:31:25,391 WARNING:main.py:418:setup_molecule:Multiple occupancies found: OE2 in GLU A 111.
2022-11-08 13:31:25,391 WARNING:main.py:424:setup_molecule:Multiple occupancies found in GLU A 111. At least one of the instances is being ignored.
2022-11-08 13:31:25,391 WARNING:main.py:418:setup_molecule:Multiple occupancies found: N in MET A 127.
2022-11-08 13:31:25,391 WARNING:main.py:418:setup_molecule:Multiple occupancies found: CA in MET A 127.
2022-11-08 13:31:25,392 WARNING:main.py:418:setup_molecule:Multiple occupancies found: C in MET A 127.
2022-11-08 13:31:25,392 WARNING:main.py:418:setup_molecule:Multiple occupancies found: O in MET A 127.
2022-11-08 13:31:25,392 WARNING:main.py:418:setup_molecule:Multiple occupancies found: CB in MET A 127.
2022-11-08 13:31:25,392 WARNING:main.py:418:setup_molecule:Multiple occupancies found: CG in MET A 127.
2022-11-08 13:31:25,392 WARNING:main.py:418:setup_molecule:Multiple occupancies found: SD in MET A 127.
2022-11-08 13:31:25,392 WARNING:main.py:418:setup_molecule:Multiple occupancies found: CE in MET A 127.
2022-11-08 13:31:25,392 WARNING:main.py:424:setup_molecule:Multiple occupancies found in MET A 127. At least one of the instances is being ignored.
2022-11-08 13:31:25,392 WARNING:main.py:418:setup_molecule:Multiple occupancies found: N in GLU A 149.
2022-11-08 13:31:25,393 WARNING:main.py:418:setup_molecule:Multiple occupancies found: CA in GLU A 149.
2022-11-08 13:31:25,393 WARNING:main.py:418:setup_molecule:Multiple occupancies found: C in GLU A 149.
2022-11-08 13:31:25,393 WARNING:main.py:418:setup_molecule:Multiple occupancies found: O in GLU A 149.
2022-11-08 13:31:25,393 WARNING:main.py:418:setup_molecule:Multiple occupancies found: CB in GLU A 149.
2022-11-08 13:31:25,393 WARNING:main.py:418:setup_molecule:Multiple occupancies found: CG in GLU A 149.
2022-11-08 13:31:25,393 WARNING:main.py:418:setup_molecule:Multiple occupancies found: CD in GLU A 149.
2022-11-08 13:31:25,393 WARNING:main.py:418:setup_molecule:Multiple occupancies found: OE1 in GLU A 149.
2022-11-08 13:31:25,393 WARNING:main.py:418:setup_molecule:Multiple occupancies found: OE2 in GLU A 149.
2022-11-08 13:31:25,393 WARNING:main.py:424:setup_molecule:Multiple occupancies found in GLU A 149. At least one of the instances is being ignored.
2022-11-08 13:31:25,394 WARNING:main.py:418:setup_molecule:Multiple occupancies found: N in VAL A 181.
2022-11-08 13:31:25,394 WARNING:main.py:418:setup_molecule:Multiple occupancies found: CA in VAL A 181.
2022-11-08 13:31:25,394 WARNING:main.py:418:setup_molecule:Multiple occupancies found: C in VAL A 181.
2022-11-08 13:31:25,394 WARNING:main.py:418:setup_molecule:Multiple occupancies found: O in VAL A 181.
2022-11-08 13:31:25,394 WARNING:main.py:418:setup_molecule:Multiple occupancies found: CB in VAL A 181.
2022-11-08 13:31:25,394 WARNING:main.py:418:setup_molecule:Multiple occupancies found: CG1 in VAL A 181.
2022-11-08 13:31:25,394 WARNING:main.py:418:setup_molecule:Multiple occupancies found: CG2 in VAL A 181.
2022-11-08 13:31:25,394 WARNING:main.py:424:setup_molecule:Multiple occupancies found in VAL A 181. At least one of the instances is being ignored.
2022-11-08 13:31:25,394 WARNING:main.py:418:setup_molecule:Multiple occupancies found: N in ASN A 183.
2022-11-08 13:31:25,395 WARNING:main.py:418:setup_molecule:Multiple occupancies found: CA in ASN A 183.
2022-11-08 13:31:25,395 WARNING:main.py:418:setup_molecule:Multiple occupancies found: C in ASN A 183.
2022-11-08 13:31:25,395 WARNING:main.py:418:setup_molecule:Multiple occupancies found: O in ASN A 183.
2022-11-08 13:31:25,395 WARNING:main.py:418:setup_molecule:Multiple occupancies found: CB in ASN A 183.
2022-11-08 13:31:25,395 WARNING:main.py:418:setup_molecule:Multiple occupancies found: CG in ASN A 183.
2022-11-08 13:31:25,395 WARNING:main.py:418:setup_molecule:Multiple occupancies found: ND2 in ASN A 183.
2022-11-08 13:31:25,395 WARNING:main.py:418:setup_molecule:Multiple occupancies found: OD1 in ASN A 183.
2022-11-08 13:31:25,395 WARNING:main.py:424:setup_molecule:Multiple occupancies found in ASN A 183. At least one of the instances is being ignored.
2022-11-08 13:31:25,396 WARNING:main.py:418:setup_molecule:Multiple occupancies found: N in LYS A 199.
2022-11-08 13:31:25,396 WARNING:main.py:418:setup_molecule:Multiple occupancies found: CA in LYS A 199.
2022-11-08 13:31:25,396 WARNING:main.py:418:setup_molecule:Multiple occupancies found: C in LYS A 199.
2022-11-08 13:31:25,396 WARNING:main.py:418:setup_molecule:Multiple occupancies found: O in LYS A 199.
2022-11-08 13:31:25,396 WARNING:main.py:418:setup_molecule:Multiple occupancies found: CB in LYS A 199.
2022-11-08 13:31:25,396 WARNING:main.py:418:setup_molecule:Multiple occupancies found: CG in LYS A 199.
2022-11-08 13:31:25,396 WARNING:main.py:418:setup_molecule:Multiple occupancies found: CD in LYS A 199.
2022-11-08 13:31:25,396 WARNING:main.py:418:setup_molecule:Multiple occupancies found: CE in LYS A 199.
2022-11-08 13:31:25,396 WARNING:main.py:418:setup_molecule:Multiple occupancies found: NZ in LYS A 199.
2022-11-08 13:31:25,397 WARNING:main.py:424:setup_molecule:Multiple occupancies found in LYS A 199. At least one of the instances is being ignored.
2022-11-08 13:31:25,397 WARNING:main.py:418:setup_molecule:Multiple occupancies found: N in MET A 203.
2022-11-08 13:31:25,397 WARNING:main.py:418:setup_molecule:Multiple occupancies found: CA in MET A 203.
2022-11-08 13:31:25,397 WARNING:main.py:418:setup_molecule:Multiple occupancies found: C in MET A 203.
2022-11-08 13:31:25,397 WARNING:main.py:418:setup_molecule:Multiple occupancies found: O in MET A 203.
2022-11-08 13:31:25,397 WARNING:main.py:418:setup_molecule:Multiple occupancies found: CB in MET A 203.
2022-11-08 13:31:25,397 WARNING:main.py:418:setup_molecule:Multiple occupancies found: CG in MET A 203.
2022-11-08 13:31:25,397 WARNING:main.py:418:setup_molecule:Multiple occupancies found: SD in MET A 203.
2022-11-08 13:31:25,397 WARNING:main.py:418:setup_molecule:Multiple occupancies found: CE in MET A 203.
2022-11-08 13:31:25,398 WARNING:main.py:424:setup_molecule:Multiple occupancies found in MET A 203. At least one of the instances is being ignored.
2022-11-08 13:31:25,398 WARNING:main.py:418:setup_molecule:Multiple occupancies found: N in ARG A 211.
2022-11-08 13:31:25,398 WARNING:main.py:418:setup_molecule:Multiple occupancies found: CA in ARG A 211.
2022-11-08 13:31:25,398 WARNING:main.py:418:setup_molecule:Multiple occupancies found: C in ARG A 211.
2022-11-08 13:31:25,398 WARNING:main.py:418:setup_molecule:Multiple occupancies found: O in ARG A 211.
2022-11-08 13:31:25,398 WARNING:main.py:418:setup_molecule:Multiple occupancies found: CB in ARG A 211.
2022-11-08 13:31:25,398 WARNING:main.py:418:setup_molecule:Multiple occupancies found: CG in ARG A 211.
2022-11-08 13:31:25,398 WARNING:main.py:418:setup_molecule:Multiple occupancies found: CD in ARG A 211.
2022-11-08 13:31:25,399 WARNING:main.py:418:setup_molecule:Multiple occupancies found: NE in ARG A 211.
2022-11-08 13:31:25,399 WARNING:main.py:418:setup_molecule:Multiple occupancies found: CZ in ARG A 211.
2022-11-08 13:31:25,399 WARNING:main.py:418:setup_molecule:Multiple occupancies found: NH1 in ARG A 211.
2022-11-08 13:31:25,399 WARNING:main.py:418:setup_molecule:Multiple occupancies found: NH2 in ARG A 211.
2022-11-08 13:31:25,399 WARNING:main.py:424:setup_molecule:Multiple occupancies found in ARG A 211. At least one of the instances is being ignored.
2022-11-08 13:31:25,399 WARNING:main.py:418:setup_molecule:Multiple occupancies found: N in MET A 233.
2022-11-08 13:31:25,399 WARNING:main.py:418:setup_molecule:Multiple occupancies found: CA in MET A 233.
2022-11-08 13:31:25,399 WARNING:main.py:418:setup_molecule:Multiple occupancies found: C in MET A 233.
2022-11-08 13:31:25,399 WARNING:main.py:418:setup_molecule:Multiple occupancies found: O in MET A 233.
2022-11-08 13:31:25,400 WARNING:main.py:418:setup_molecule:Multiple occupancies found: CB in MET A 233.
2022-11-08 13:31:25,400 WARNING:main.py:418:setup_molecule:Multiple occupancies found: CG in MET A 233.
2022-11-08 13:31:25,400 WARNING:main.py:418:setup_molecule:Multiple occupancies found: SD in MET A 233.
2022-11-08 13:31:25,400 WARNING:main.py:418:setup_molecule:Multiple occupancies found: CE in MET A 233.
2022-11-08 13:31:25,400 WARNING:main.py:424:setup_molecule:Multiple occupancies found in MET A 233. At least one of the instances is being ignored.
2022-11-08 13:31:25,400 WARNING:main.py:418:setup_molecule:Multiple occupancies found: N in ILE A 251.
2022-11-08 13:31:25,400 WARNING:main.py:418:setup_molecule:Multiple occupancies found: CA in ILE A 251.
2022-11-08 13:31:25,400 WARNING:main.py:418:setup_molecule:Multiple occupancies found: C in ILE A 251.
2022-11-08 13:31:25,401 WARNING:main.py:418:setup_molecule:Multiple occupancies found: O in ILE A 251.
2022-11-08 13:31:25,401 WARNING:main.py:418:setup_molecule:Multiple occupancies found: CB in ILE A 251.
2022-11-08 13:31:25,401 WARNING:main.py:418:setup_molecule:Multiple occupancies found: CG1 in ILE A 251.
2022-11-08 13:31:25,401 WARNING:main.py:418:setup_molecule:Multiple occupancies found: CG2 in ILE A 251.
2022-11-08 13:31:25,401 WARNING:main.py:418:setup_molecule:Multiple occupancies found: CD1 in ILE A 251.
2022-11-08 13:31:25,401 WARNING:main.py:424:setup_molecule:Multiple occupancies found in ILE A 251. At least one of the instances is being ignored.
2022-11-08 13:31:25,401 WARNING:main.py:418:setup_molecule:Multiple occupancies found: N in VAL A 255.
2022-11-08 13:31:25,401 WARNING:main.py:418:setup_molecule:Multiple occupancies found: CA in VAL A 255.
2022-11-08 13:31:25,401 WARNING:main.py:418:setup_molecule:Multiple occupancies found: C in VAL A 255.
2022-11-08 13:31:25,402 WARNING:main.py:418:setup_molecule:Multiple occupancies found: O in VAL A 255.
2022-11-08 13:31:25,402 WARNING:main.py:418:setup_molecule:Multiple occupancies found: CB in VAL A 255.
2022-11-08 13:31:25,402 WARNING:main.py:418:setup_molecule:Multiple occupancies found: CG1 in VAL A 255.
2022-11-08 13:31:25,402 WARNING:main.py:418:setup_molecule:Multiple occupancies found: CG2 in VAL A 255.
2022-11-08 13:31:25,402 WARNING:main.py:424:setup_molecule:Multiple occupancies found in VAL A 255. At least one of the instances is being ignored.
2022-11-08 13:31:25,442 WARNING:biomolecule.py:157:num_missing_heavy:Missing atom CD in residue GLU A 7
2022-11-08 13:31:25,442 WARNING:biomolecule.py:157:num_missing_heavy:Missing atom OE1 in residue GLU A 7
2022-11-08 13:31:25,443 WARNING:biomolecule.py:157:num_missing_heavy:Missing atom OE2 in residue GLU A 7
2022-11-08 13:31:25,443 WARNING:biomolecule.py:157:num_missing_heavy:Missing atom NZ in residue LYS A 12
2022-11-08 13:31:25,443 WARNING:biomolecule.py:157:num_missing_heavy:Missing atom NZ in residue LYS A 15
2022-11-08 13:31:25,443 WARNING:biomolecule.py:157:num_missing_heavy:Missing atom CE in residue LYS A 46
2022-11-08 13:31:25,443 WARNING:biomolecule.py:157:num_missing_heavy:Missing atom NZ in residue LYS A 46
2022-11-08 13:31:25,444 WARNING:biomolecule.py:157:num_missing_heavy:Missing atom CD in residue LYS A 95
2022-11-08 13:31:25,444 WARNING:biomolecule.py:157:num_missing_heavy:Missing atom CE in residue LYS A 95
2022-11-08 13:31:25,444 WARNING:biomolecule.py:157:num_missing_heavy:Missing atom CE in residue LYS A 139
2022-11-08 13:31:25,445 WARNING:biomolecule.py:157:num_missing_heavy:Missing atom NZ in residue LYS A 139
2022-11-08 13:31:25,445 WARNING:biomolecule.py:157:num_missing_heavy:Missing atom NE in residue ARG A 247
2022-11-08 13:31:25,445 WARNING:biomolecule.py:157:num_missing_heavy:Missing atom CZ in residue ARG A 247
2022-11-08 13:31:25,446 WARNING:biomolecule.py:157:num_missing_heavy:Missing atom NH1 in residue ARG A 247
2022-11-08 13:31:25,446 WARNING:biomolecule.py:157:num_missing_heavy:Missing atom NH2 in residue ARG A 247
2022-11-08 13:31:25,446 WARNING:biomolecule.py:157:num_missing_heavy:Missing atom OXT in residue ARG A 262
2022-11-08 13:31:25,446 WARNING:biomolecule.py:157:num_missing_heavy:Missing atom CD in residue GLU A 7
2022-11-08 13:31:25,446 WARNING:biomolecule.py:157:num_missing_heavy:Missing atom OE1 in residue GLU A 7
2022-11-08 13:31:25,446 WARNING:biomolecule.py:157:num_missing_heavy:Missing atom OE2 in residue GLU A 7
2022-11-08 13:31:25,447 WARNING:biomolecule.py:157:num_missing_heavy:Missing atom NZ in residue LYS A 12
2022-11-08 13:31:25,447 WARNING:biomolecule.py:157:num_missing_heavy:Missing atom NZ in residue LYS A 15
2022-11-08 13:31:25,447 WARNING:biomolecule.py:157:num_missing_heavy:Missing atom CE in residue LYS A 46
2022-11-08 13:31:25,447 WARNING:biomolecule.py:157:num_missing_heavy:Missing atom NZ in residue LYS A 46
2022-11-08 13:31:25,448 WARNING:biomolecule.py:157:num_missing_heavy:Missing atom CD in residue LYS A 95
2022-11-08 13:31:25,448 WARNING:biomolecule.py:157:num_missing_heavy:Missing atom CE in residue LYS A 95
2022-11-08 13:31:25,448 WARNING:biomolecule.py:157:num_missing_heavy:Missing atom CE in residue LYS A 139
2022-11-08 13:31:25,448 WARNING:biomolecule.py:157:num_missing_heavy:Missing atom NZ in residue LYS A 139
2022-11-08 13:31:25,449 WARNING:biomolecule.py:157:num_missing_heavy:Missing atom NE in residue ARG A 247
2022-11-08 13:31:25,449 WARNING:biomolecule.py:157:num_missing_heavy:Missing atom CZ in residue ARG A 247
2022-11-08 13:31:25,449 WARNING:biomolecule.py:157:num_missing_heavy:Missing atom NH1 in residue ARG A 247
2022-11-08 13:31:25,450 WARNING:biomolecule.py:157:num_missing_heavy:Missing atom NH2 in residue ARG A 247
2022-11-08 13:31:25,450 WARNING:biomolecule.py:157:num_missing_heavy:Missing atom OXT in residue ARG A 262
2022-11-08 13:31:25,450 WARNING:biomolecule.py:157:num_missing_heavy:Missing atom CD in residue GLU A 7
2022-11-08 13:31:25,450 WARNING:biomolecule.py:157:num_missing_heavy:Missing atom OE1 in residue GLU A 7
2022-11-08 13:31:25,450 WARNING:biomolecule.py:157:num_missing_heavy:Missing atom OE2 in residue GLU A 7
2022-11-08 13:31:25,450 WARNING:biomolecule.py:157:num_missing_heavy:Missing atom NZ in residue LYS A 12
2022-11-08 13:31:25,451 WARNING:biomolecule.py:157:num_missing_heavy:Missing atom NZ in residue LYS A 15
2022-11-08 13:31:25,451 WARNING:biomolecule.py:157:num_missing_heavy:Missing atom CE in residue LYS A 46
2022-11-08 13:31:25,451 WARNING:biomolecule.py:157:num_missing_heavy:Missing atom NZ in residue LYS A 46
2022-11-08 13:31:25,451 WARNING:biomolecule.py:157:num_missing_heavy:Missing atom CD in residue LYS A 95
2022-11-08 13:31:25,452 WARNING:biomolecule.py:157:num_missing_heavy:Missing atom CE in residue LYS A 95
2022-11-08 13:31:25,452 WARNING:biomolecule.py:157:num_missing_heavy:Missing atom CE in residue LYS A 139
2022-11-08 13:31:25,452 WARNING:biomolecule.py:157:num_missing_heavy:Missing atom NZ in residue LYS A 139
2022-11-08 13:31:25,453 WARNING:biomolecule.py:157:num_missing_heavy:Missing atom NE in residue ARG A 247
2022-11-08 13:31:25,453 WARNING:biomolecule.py:157:num_missing_heavy:Missing atom CZ in residue ARG A 247
2022-11-08 13:31:25,453 WARNING:biomolecule.py:157:num_missing_heavy:Missing atom NH1 in residue ARG A 247
2022-11-08 13:31:25,453 WARNING:biomolecule.py:157:num_missing_heavy:Missing atom NH2 in residue ARG A 247
2022-11-08 13:31:25,454 WARNING:biomolecule.py:157:num_missing_heavy:Missing atom OXT in residue ARG A 262
2022-11-08 13:31:27,034 WARNING:debump.py:172:debump_biomolecule:WARNING: Unable to debump ARG A 241
2022-11-08 13:31:29,602 WARNING:main.py:311:print_pqr:Ignoring 2817 header lines in output.
2022-11-08 13:31:29,602 WARNING:main.py:315:print_pqr:Ignoring 58 missing lines in output.
