2022-11-08 13:29:12,847 WARNING:biomolecule.py:966:create_residue:Unable to find amino or nucleic acid definition for SAM.  Parsing as new residue.
2022-11-08 13:29:12,848 WARNING:main.py:418:setup_molecule:Multiple occupancies found: CA in SER A 20.
2022-11-08 13:29:12,848 WARNING:main.py:418:setup_molecule:Multiple occupancies found: CB in SER A 20.
2022-11-08 13:29:12,848 WARNING:main.py:418:setup_molecule:Multiple occupancies found: OG in SER A 20.
2022-11-08 13:29:12,848 WARNING:main.py:424:setup_molecule:Multiple occupancies found in SER A 20. At least one of the instances is being ignored.
2022-11-08 13:29:12,849 WARNING:main.py:418:setup_molecule:Multiple occupancies found: CA in ARG A 73.
2022-11-08 13:29:12,849 WARNING:main.py:418:setup_molecule:Multiple occupancies found: CB in ARG A 73.
2022-11-08 13:29:12,849 WARNING:main.py:418:setup_molecule:Multiple occupancies found: CG in ARG A 73.
2022-11-08 13:29:12,849 WARNING:main.py:418:setup_molecule:Multiple occupancies found: CD in ARG A 73.
2022-11-08 13:29:12,849 WARNING:main.py:418:setup_molecule:Multiple occupancies found: NE in ARG A 73.
2022-11-08 13:29:12,849 WARNING:main.py:418:setup_molecule:Multiple occupancies found: CZ in ARG A 73.
2022-11-08 13:29:12,849 WARNING:main.py:418:setup_molecule:Multiple occupancies found: NH1 in ARG A 73.
2022-11-08 13:29:12,849 WARNING:main.py:418:setup_molecule:Multiple occupancies found: NH2 in ARG A 73.
2022-11-08 13:29:12,849 WARNING:main.py:424:setup_molecule:Multiple occupancies found in ARG A 73. At least one of the instances is being ignored.
2022-11-08 13:29:12,850 WARNING:main.py:418:setup_molecule:Multiple occupancies found: CA in GLU A 94.
2022-11-08 13:29:12,850 WARNING:main.py:418:setup_molecule:Multiple occupancies found: CB in GLU A 94.
2022-11-08 13:29:12,850 WARNING:main.py:418:setup_molecule:Multiple occupancies found: CG in GLU A 94.
2022-11-08 13:29:12,850 WARNING:main.py:418:setup_molecule:Multiple occupancies found: CD in GLU A 94.
2022-11-08 13:29:12,850 WARNING:main.py:418:setup_molecule:Multiple occupancies found: OE1 in GLU A 94.
2022-11-08 13:29:12,850 WARNING:main.py:418:setup_molecule:Multiple occupancies found: OE2 in GLU A 94.
2022-11-08 13:29:12,850 WARNING:main.py:424:setup_molecule:Multiple occupancies found in GLU A 94. At least one of the instances is being ignored.
2022-11-08 13:29:12,850 WARNING:main.py:418:setup_molecule:Multiple occupancies found: CA in ASP A 130.
2022-11-08 13:29:12,850 WARNING:main.py:418:setup_molecule:Multiple occupancies found: CB in ASP A 130.
2022-11-08 13:29:12,851 WARNING:main.py:418:setup_molecule:Multiple occupancies found: CG in ASP A 130.
2022-11-08 13:29:12,851 WARNING:main.py:418:setup_molecule:Multiple occupancies found: OD1 in ASP A 130.
2022-11-08 13:29:12,851 WARNING:main.py:418:setup_molecule:Multiple occupancies found: OD2 in ASP A 130.
2022-11-08 13:29:12,851 WARNING:main.py:424:setup_molecule:Multiple occupancies found in ASP A 130. At least one of the instances is being ignored.
2022-11-08 13:29:12,851 WARNING:main.py:418:setup_molecule:Multiple occupancies found: CA in ARG A 168.
2022-11-08 13:29:12,851 WARNING:main.py:418:setup_molecule:Multiple occupancies found: CB in ARG A 168.
2022-11-08 13:29:12,851 WARNING:main.py:418:setup_molecule:Multiple occupancies found: CG in ARG A 168.
2022-11-08 13:29:12,851 WARNING:main.py:418:setup_molecule:Multiple occupancies found: CD in ARG A 168.
2022-11-08 13:29:12,852 WARNING:main.py:418:setup_molecule:Multiple occupancies found: NE in ARG A 168.
2022-11-08 13:29:12,852 WARNING:main.py:418:setup_molecule:Multiple occupancies found: CZ in ARG A 168.
2022-11-08 13:29:12,852 WARNING:main.py:418:setup_molecule:Multiple occupancies found: NH1 in ARG A 168.
2022-11-08 13:29:12,852 WARNING:main.py:418:setup_molecule:Multiple occupancies found: NH2 in ARG A 168.
2022-11-08 13:29:12,852 WARNING:main.py:424:setup_molecule:Multiple occupancies found in ARG A 168. At least one of the instances is being ignored.
2022-11-08 13:29:12,853 WARNING:main.py:418:setup_molecule:Multiple occupancies found: CA in ILE A 255.
2022-11-08 13:29:12,853 WARNING:main.py:418:setup_molecule:Multiple occupancies found: CB in ILE A 255.
2022-11-08 13:29:12,853 WARNING:main.py:418:setup_molecule:Multiple occupancies found: CG1 in ILE A 255.
2022-11-08 13:29:12,853 WARNING:main.py:418:setup_molecule:Multiple occupancies found: CG2 in ILE A 255.
2022-11-08 13:29:12,853 WARNING:main.py:418:setup_molecule:Multiple occupancies found: CD1 in ILE A 255.
2022-11-08 13:29:12,853 WARNING:main.py:424:setup_molecule:Multiple occupancies found in ILE A 255. At least one of the instances is being ignored.
2022-11-08 13:29:12,853 WARNING:main.py:418:setup_molecule:Multiple occupancies found: CA in ASP A 268.
2022-11-08 13:29:12,854 WARNING:main.py:418:setup_molecule:Multiple occupancies found: CB in ASP A 268.
2022-11-08 13:29:12,854 WARNING:main.py:418:setup_molecule:Multiple occupancies found: CG in ASP A 268.
2022-11-08 13:29:12,854 WARNING:main.py:418:setup_molecule:Multiple occupancies found: OD1 in ASP A 268.
2022-11-08 13:29:12,854 WARNING:main.py:418:setup_molecule:Multiple occupancies found: OD2 in ASP A 268.
2022-11-08 13:29:12,854 WARNING:main.py:424:setup_molecule:Multiple occupancies found in ASP A 268. At least one of the instances is being ignored.
2022-11-08 13:29:12,870 WARNING:biomolecule.py:600:update_bonds:Gap in backbone detected between GLY A 297 and SER A 304!
2022-11-08 13:29:12,901 WARNING:biomolecule.py:157:num_missing_heavy:Missing atom OXT in residue HIS A 370
2022-11-08 13:29:12,903 WARNING:biomolecule.py:157:num_missing_heavy:Missing atom OXT in residue HIS A 370
2022-11-08 13:29:12,906 WARNING:biomolecule.py:157:num_missing_heavy:Missing atom OXT in residue HIS A 370
2022-11-08 13:29:16,889 WARNING:main.py:311:print_pqr:Ignoring 1730 header lines in output.
2022-11-08 13:29:16,890 WARNING:main.py:315:print_pqr:Ignoring 27 missing lines in output.
