2022-11-08 13:36:33,134 WARNING:biomolecule.py:966:create_residue:Unable to find amino or nucleic acid definition for SAM.  Parsing as new residue.
2022-11-08 13:36:33,135 WARNING:biomolecule.py:966:create_residue:Unable to find amino or nucleic acid definition for CL.  Parsing as new residue.
2022-11-08 13:36:33,135 WARNING:biomolecule.py:966:create_residue:Unable to find amino or nucleic acid definition for CL.  Parsing as new residue.
2022-11-08 13:36:33,136 WARNING:biomolecule.py:966:create_residue:Unable to find amino or nucleic acid definition for CL.  Parsing as new residue.
2022-11-08 13:36:33,136 WARNING:biomolecule.py:966:create_residue:Unable to find amino or nucleic acid definition for CL.  Parsing as new residue.
2022-11-08 13:36:33,136 WARNING:biomolecule.py:966:create_residue:Unable to find amino or nucleic acid definition for NA.  Parsing as new residue.
2022-11-08 13:36:33,136 WARNING:biomolecule.py:966:create_residue:Unable to find amino or nucleic acid definition for NA.  Parsing as new residue.
2022-11-08 13:36:33,136 WARNING:biomolecule.py:966:create_residue:Unable to find amino or nucleic acid definition for B3O.  Parsing as new residue.
2022-11-08 13:36:33,171 WARNING:biomolecule.py:966:create_residue:Unable to find amino or nucleic acid definition for SAM.  Parsing as new residue.
2022-11-08 13:36:33,172 WARNING:io.py:40:filter:Suppressing further "Unable to find amino or nucleic acid definition for" messages
2022-11-08 13:36:33,174 WARNING:main.py:418:setup_molecule:Multiple occupancies found: CA in LEU A 10.
2022-11-08 13:36:33,174 WARNING:main.py:418:setup_molecule:Multiple occupancies found: CB in LEU A 10.
2022-11-08 13:36:33,174 WARNING:main.py:418:setup_molecule:Multiple occupancies found: CG in LEU A 10.
2022-11-08 13:36:33,174 WARNING:main.py:418:setup_molecule:Multiple occupancies found: CD1 in LEU A 10.
2022-11-08 13:36:33,174 WARNING:main.py:418:setup_molecule:Multiple occupancies found: CD2 in LEU A 10.
2022-11-08 13:36:33,174 WARNING:main.py:424:setup_molecule:Multiple occupancies found in LEU A 10. At least one of the instances is being ignored.
2022-11-08 13:36:33,175 WARNING:main.py:418:setup_molecule:Multiple occupancies found: CA in GLN A 12.
2022-11-08 13:36:33,175 WARNING:main.py:418:setup_molecule:Multiple occupancies found: CB in GLN A 12.
2022-11-08 13:36:33,175 WARNING:main.py:418:setup_molecule:Multiple occupancies found: CG in GLN A 12.
2022-11-08 13:36:33,175 WARNING:main.py:418:setup_molecule:Multiple occupancies found: CD in GLN A 12.
2022-11-08 13:36:33,175 WARNING:main.py:418:setup_molecule:Multiple occupancies found: NE2 in GLN A 12.
2022-11-08 13:36:33,175 WARNING:main.py:418:setup_molecule:Multiple occupancies found: OE1 in GLN A 12.
2022-11-08 13:36:33,175 WARNING:main.py:424:setup_molecule:Multiple occupancies found in GLN A 12. At least one of the instances is being ignored.
2022-11-08 13:36:33,175 WARNING:main.py:418:setup_molecule:Multiple occupancies found: CA in GLN A 34.
2022-11-08 13:36:33,176 WARNING:main.py:418:setup_molecule:Multiple occupancies found: CB in GLN A 34.
2022-11-08 13:36:33,176 WARNING:main.py:418:setup_molecule:Multiple occupancies found: CG in GLN A 34.
2022-11-08 13:36:33,176 WARNING:main.py:418:setup_molecule:Multiple occupancies found: CD in GLN A 34.
2022-11-08 13:36:33,176 WARNING:main.py:418:setup_molecule:Multiple occupancies found: NE2 in GLN A 34.
2022-11-08 13:36:33,176 WARNING:main.py:418:setup_molecule:Multiple occupancies found: OE1 in GLN A 34.
2022-11-08 13:36:33,176 WARNING:main.py:424:setup_molecule:Multiple occupancies found in GLN A 34. At least one of the instances is being ignored.
2022-11-08 13:36:33,176 WARNING:main.py:418:setup_molecule:Multiple occupancies found: CA in GLU A 38.
2022-11-08 13:36:33,176 WARNING:main.py:418:setup_molecule:Multiple occupancies found: CB in GLU A 38.
2022-11-08 13:36:33,176 WARNING:main.py:418:setup_molecule:Multiple occupancies found: CG in GLU A 38.
2022-11-08 13:36:33,176 WARNING:main.py:418:setup_molecule:Multiple occupancies found: CD in GLU A 38.
2022-11-08 13:36:33,178 WARNING:main.py:418:setup_molecule:Multiple occupancies found: OE1 in GLU A 38.
2022-11-08 13:36:33,179 WARNING:main.py:418:setup_molecule:Multiple occupancies found: OE2 in GLU A 38.
2022-11-08 13:36:33,179 WARNING:main.py:424:setup_molecule:Multiple occupancies found in GLU A 38. At least one of the instances is being ignored.
2022-11-08 13:36:33,179 WARNING:main.py:418:setup_molecule:Multiple occupancies found: CA in MET A 45.
2022-11-08 13:36:33,179 WARNING:main.py:418:setup_molecule:Multiple occupancies found: CB in MET A 45.
2022-11-08 13:36:33,179 WARNING:main.py:418:setup_molecule:Multiple occupancies found: CG in MET A 45.
2022-11-08 13:36:33,179 WARNING:main.py:418:setup_molecule:Multiple occupancies found: SD in MET A 45.
2022-11-08 13:36:33,179 WARNING:main.py:418:setup_molecule:Multiple occupancies found: CE in MET A 45.
2022-11-08 13:36:33,179 WARNING:main.py:424:setup_molecule:Multiple occupancies found in MET A 45. At least one of the instances is being ignored.
2022-11-08 13:36:33,180 WARNING:main.py:418:setup_molecule:Multiple occupancies found: CA in LYS A 67.
2022-11-08 13:36:33,180 WARNING:main.py:418:setup_molecule:Multiple occupancies found: CB in LYS A 67.
2022-11-08 13:36:33,180 WARNING:main.py:418:setup_molecule:Multiple occupancies found: CG in LYS A 67.
2022-11-08 13:36:33,180 WARNING:main.py:418:setup_molecule:Multiple occupancies found: CD in LYS A 67.
2022-11-08 13:36:33,180 WARNING:main.py:418:setup_molecule:Multiple occupancies found: CE in LYS A 67.
2022-11-08 13:36:33,180 WARNING:main.py:418:setup_molecule:Multiple occupancies found: NZ in LYS A 67.
2022-11-08 13:36:33,180 WARNING:main.py:424:setup_molecule:Multiple occupancies found in LYS A 67. At least one of the instances is being ignored.
2022-11-08 13:36:33,180 WARNING:main.py:418:setup_molecule:Multiple occupancies found: CA in SER A 70.
2022-11-08 13:36:33,181 WARNING:main.py:418:setup_molecule:Multiple occupancies found: CB in SER A 70.
2022-11-08 13:36:33,181 WARNING:main.py:418:setup_molecule:Multiple occupancies found: OG in SER A 70.
2022-11-08 13:36:33,181 WARNING:main.py:424:setup_molecule:Multiple occupancies found in SER A 70. At least one of the instances is being ignored.
2022-11-08 13:36:33,181 WARNING:main.py:418:setup_molecule:Multiple occupancies found: CA in SER A 101.
2022-11-08 13:36:33,181 WARNING:main.py:418:setup_molecule:Multiple occupancies found: CB in SER A 101.
2022-11-08 13:36:33,181 WARNING:main.py:418:setup_molecule:Multiple occupancies found: OG in SER A 101.
2022-11-08 13:36:33,181 WARNING:main.py:424:setup_molecule:Multiple occupancies found in SER A 101. At least one of the instances is being ignored.
2022-11-08 13:36:33,181 WARNING:main.py:418:setup_molecule:Multiple occupancies found: CA in SER A 115.
2022-11-08 13:36:33,181 WARNING:main.py:418:setup_molecule:Multiple occupancies found: CB in SER A 115.
2022-11-08 13:36:33,182 WARNING:main.py:418:setup_molecule:Multiple occupancies found: OG in SER A 115.
2022-11-08 13:36:33,182 WARNING:main.py:424:setup_molecule:Multiple occupancies found in SER A 115. At least one of the instances is being ignored.
2022-11-08 13:36:33,182 WARNING:main.py:418:setup_molecule:Multiple occupancies found: CA in TRP A 139.
2022-11-08 13:36:33,182 WARNING:main.py:418:setup_molecule:Multiple occupancies found: CB in TRP A 139.
2022-11-08 13:36:33,182 WARNING:main.py:418:setup_molecule:Multiple occupancies found: CG in TRP A 139.
2022-11-08 13:36:33,182 WARNING:main.py:418:setup_molecule:Multiple occupancies found: CD1 in TRP A 139.
2022-11-08 13:36:33,182 WARNING:main.py:418:setup_molecule:Multiple occupancies found: CD2 in TRP A 139.
2022-11-08 13:36:33,182 WARNING:main.py:418:setup_molecule:Multiple occupancies found: CE2 in TRP A 139.
2022-11-08 13:36:33,183 WARNING:main.py:418:setup_molecule:Multiple occupancies found: CE3 in TRP A 139.
2022-11-08 13:36:33,183 WARNING:main.py:418:setup_molecule:Multiple occupancies found: NE1 in TRP A 139.
2022-11-08 13:36:33,183 WARNING:main.py:418:setup_molecule:Multiple occupancies found: CZ2 in TRP A 139.
2022-11-08 13:36:33,183 WARNING:main.py:418:setup_molecule:Multiple occupancies found: CZ3 in TRP A 139.
2022-11-08 13:36:33,183 WARNING:main.py:418:setup_molecule:Multiple occupancies found: CH2 in TRP A 139.
2022-11-08 13:36:33,183 WARNING:main.py:424:setup_molecule:Multiple occupancies found in TRP A 139. At least one of the instances is being ignored.
2022-11-08 13:36:33,183 WARNING:main.py:418:setup_molecule:Multiple occupancies found: CA in VAL A 141.
2022-11-08 13:36:33,183 WARNING:main.py:418:setup_molecule:Multiple occupancies found: CB in VAL A 141.
2022-11-08 13:36:33,183 WARNING:main.py:418:setup_molecule:Multiple occupancies found: CG1 in VAL A 141.
2022-11-08 13:36:33,184 WARNING:main.py:418:setup_molecule:Multiple occupancies found: CG2 in VAL A 141.
2022-11-08 13:36:33,184 WARNING:main.py:424:setup_molecule:Multiple occupancies found in VAL A 141. At least one of the instances is being ignored.
2022-11-08 13:36:33,184 WARNING:main.py:418:setup_molecule:Multiple occupancies found: CA in MET A 143.
2022-11-08 13:36:33,184 WARNING:main.py:418:setup_molecule:Multiple occupancies found: CB in MET A 143.
2022-11-08 13:36:33,184 WARNING:main.py:418:setup_molecule:Multiple occupancies found: CG in MET A 143.
2022-11-08 13:36:33,184 WARNING:main.py:418:setup_molecule:Multiple occupancies found: SD in MET A 143.
2022-11-08 13:36:33,184 WARNING:main.py:418:setup_molecule:Multiple occupancies found: CE in MET A 143.
2022-11-08 13:36:33,184 WARNING:main.py:424:setup_molecule:Multiple occupancies found in MET A 143. At least one of the instances is being ignored.
2022-11-08 13:36:33,184 WARNING:main.py:418:setup_molecule:Multiple occupancies found: CA in ARG A 152.
2022-11-08 13:36:33,185 WARNING:main.py:418:setup_molecule:Multiple occupancies found: CB in ARG A 152.
2022-11-08 13:36:33,185 WARNING:main.py:418:setup_molecule:Multiple occupancies found: CG in ARG A 152.
2022-11-08 13:36:33,185 WARNING:main.py:418:setup_molecule:Multiple occupancies found: CD in ARG A 152.
2022-11-08 13:36:33,185 WARNING:main.py:418:setup_molecule:Multiple occupancies found: NE in ARG A 152.
2022-11-08 13:36:33,185 WARNING:main.py:418:setup_molecule:Multiple occupancies found: CZ in ARG A 152.
2022-11-08 13:36:33,185 WARNING:main.py:418:setup_molecule:Multiple occupancies found: NH1 in ARG A 152.
2022-11-08 13:36:33,185 WARNING:main.py:418:setup_molecule:Multiple occupancies found: NH2 in ARG A 152.
2022-11-08 13:36:33,185 WARNING:main.py:424:setup_molecule:Multiple occupancies found in ARG A 152. At least one of the instances is being ignored.
2022-11-08 13:36:33,185 WARNING:main.py:418:setup_molecule:Multiple occupancies found: CA in LYS A 167.
2022-11-08 13:36:33,186 WARNING:main.py:418:setup_molecule:Multiple occupancies found: CB in LYS A 167.
2022-11-08 13:36:33,186 WARNING:main.py:418:setup_molecule:Multiple occupancies found: CG in LYS A 167.
2022-11-08 13:36:33,186 WARNING:main.py:418:setup_molecule:Multiple occupancies found: CD in LYS A 167.
2022-11-08 13:36:33,186 WARNING:main.py:418:setup_molecule:Multiple occupancies found: CE in LYS A 167.
2022-11-08 13:36:33,186 WARNING:main.py:418:setup_molecule:Multiple occupancies found: NZ in LYS A 167.
2022-11-08 13:36:33,186 WARNING:main.py:424:setup_molecule:Multiple occupancies found in LYS A 167. At least one of the instances is being ignored.
2022-11-08 13:36:33,186 WARNING:main.py:418:setup_molecule:Multiple occupancies found: N in LEU A 207.
2022-11-08 13:36:33,186 WARNING:main.py:418:setup_molecule:Multiple occupancies found: CA in LEU A 207.
2022-11-08 13:36:33,186 WARNING:main.py:418:setup_molecule:Multiple occupancies found: C in LEU A 207.
2022-11-08 13:36:33,187 WARNING:main.py:418:setup_molecule:Multiple occupancies found: O in LEU A 207.
2022-11-08 13:36:33,187 WARNING:main.py:418:setup_molecule:Multiple occupancies found: CB in LEU A 207.
2022-11-08 13:36:33,187 WARNING:main.py:418:setup_molecule:Multiple occupancies found: CG in LEU A 207.
2022-11-08 13:36:33,187 WARNING:main.py:418:setup_molecule:Multiple occupancies found: CD1 in LEU A 207.
2022-11-08 13:36:33,187 WARNING:main.py:418:setup_molecule:Multiple occupancies found: CD2 in LEU A 207.
2022-11-08 13:36:33,187 WARNING:main.py:424:setup_molecule:Multiple occupancies found in LEU A 207. At least one of the instances is being ignored.
2022-11-08 13:36:33,187 WARNING:main.py:418:setup_molecule:Multiple occupancies found: CA in ILE B 11.
2022-11-08 13:36:33,188 WARNING:main.py:418:setup_molecule:Multiple occupancies found: CB in ILE B 11.
2022-11-08 13:36:33,188 WARNING:main.py:418:setup_molecule:Multiple occupancies found: CG1 in ILE B 11.
2022-11-08 13:36:33,188 WARNING:main.py:418:setup_molecule:Multiple occupancies found: CG2 in ILE B 11.
2022-11-08 13:36:33,188 WARNING:main.py:418:setup_molecule:Multiple occupancies found: CD1 in ILE B 11.
2022-11-08 13:36:33,188 WARNING:main.py:424:setup_molecule:Multiple occupancies found in ILE B 11. At least one of the instances is being ignored.
2022-11-08 13:36:33,188 WARNING:main.py:418:setup_molecule:Multiple occupancies found: CA in GLN B 12.
2022-11-08 13:36:33,188 WARNING:main.py:418:setup_molecule:Multiple occupancies found: CB in GLN B 12.
2022-11-08 13:36:33,188 WARNING:main.py:418:setup_molecule:Multiple occupancies found: CG in GLN B 12.
2022-11-08 13:36:33,188 WARNING:main.py:418:setup_molecule:Multiple occupancies found: CD in GLN B 12.
2022-11-08 13:36:33,189 WARNING:main.py:418:setup_molecule:Multiple occupancies found: NE2 in GLN B 12.
2022-11-08 13:36:33,189 WARNING:main.py:418:setup_molecule:Multiple occupancies found: OE1 in GLN B 12.
2022-11-08 13:36:33,189 WARNING:main.py:424:setup_molecule:Multiple occupancies found in GLN B 12. At least one of the instances is being ignored.
2022-11-08 13:36:33,189 WARNING:main.py:418:setup_molecule:Multiple occupancies found: CA in SER B 17.
2022-11-08 13:36:33,189 WARNING:main.py:418:setup_molecule:Multiple occupancies found: CB in SER B 17.
2022-11-08 13:36:33,189 WARNING:main.py:418:setup_molecule:Multiple occupancies found: OG in SER B 17.
2022-11-08 13:36:33,189 WARNING:main.py:424:setup_molecule:Multiple occupancies found in SER B 17. At least one of the instances is being ignored.
2022-11-08 13:36:33,189 WARNING:main.py:418:setup_molecule:Multiple occupancies found: CA in ASP B 28.
2022-11-08 13:36:33,189 WARNING:main.py:418:setup_molecule:Multiple occupancies found: CB in ASP B 28.
2022-11-08 13:36:33,190 WARNING:main.py:418:setup_molecule:Multiple occupancies found: CG in ASP B 28.
2022-11-08 13:36:33,190 WARNING:main.py:418:setup_molecule:Multiple occupancies found: OD1 in ASP B 28.
2022-11-08 13:36:33,190 WARNING:main.py:418:setup_molecule:Multiple occupancies found: OD2 in ASP B 28.
2022-11-08 13:36:33,190 WARNING:main.py:424:setup_molecule:Multiple occupancies found in ASP B 28. At least one of the instances is being ignored.
2022-11-08 13:36:33,190 WARNING:main.py:418:setup_molecule:Multiple occupancies found: CA in GLN B 34.
2022-11-08 13:36:33,190 WARNING:main.py:418:setup_molecule:Multiple occupancies found: CB in GLN B 34.
2022-11-08 13:36:33,190 WARNING:main.py:418:setup_molecule:Multiple occupancies found: CG in GLN B 34.
2022-11-08 13:36:33,190 WARNING:main.py:418:setup_molecule:Multiple occupancies found: CD in GLN B 34.
2022-11-08 13:36:33,190 WARNING:main.py:418:setup_molecule:Multiple occupancies found: NE2 in GLN B 34.
2022-11-08 13:36:33,191 WARNING:main.py:418:setup_molecule:Multiple occupancies found: OE1 in GLN B 34.
2022-11-08 13:36:33,191 WARNING:main.py:424:setup_molecule:Multiple occupancies found in GLN B 34. At least one of the instances is being ignored.
2022-11-08 13:36:33,191 WARNING:main.py:418:setup_molecule:Multiple occupancies found: CA in SER B 101.
2022-11-08 13:36:33,191 WARNING:main.py:418:setup_molecule:Multiple occupancies found: CB in SER B 101.
2022-11-08 13:36:33,191 WARNING:main.py:418:setup_molecule:Multiple occupancies found: OG in SER B 101.
2022-11-08 13:36:33,191 WARNING:main.py:424:setup_molecule:Multiple occupancies found in SER B 101. At least one of the instances is being ignored.
2022-11-08 13:36:33,191 WARNING:main.py:418:setup_molecule:Multiple occupancies found: CA in MET B 104.
2022-11-08 13:36:33,191 WARNING:main.py:418:setup_molecule:Multiple occupancies found: CB in MET B 104.
2022-11-08 13:36:33,192 WARNING:main.py:418:setup_molecule:Multiple occupancies found: CG in MET B 104.
2022-11-08 13:36:33,192 WARNING:main.py:418:setup_molecule:Multiple occupancies found: SD in MET B 104.
2022-11-08 13:36:33,192 WARNING:main.py:418:setup_molecule:Multiple occupancies found: CE in MET B 104.
2022-11-08 13:36:33,192 WARNING:main.py:424:setup_molecule:Multiple occupancies found in MET B 104. At least one of the instances is being ignored.
2022-11-08 13:36:33,192 WARNING:main.py:418:setup_molecule:Multiple occupancies found: CA in ASN B 117.
2022-11-08 13:36:33,192 WARNING:main.py:418:setup_molecule:Multiple occupancies found: CB in ASN B 117.
2022-11-08 13:36:33,192 WARNING:main.py:418:setup_molecule:Multiple occupancies found: CG in ASN B 117.
2022-11-08 13:36:33,192 WARNING:main.py:418:setup_molecule:Multiple occupancies found: ND2 in ASN B 117.
2022-11-08 13:36:33,192 WARNING:main.py:418:setup_molecule:Multiple occupancies found: OD1 in ASN B 117.
2022-11-08 13:36:33,193 WARNING:main.py:424:setup_molecule:Multiple occupancies found in ASN B 117. At least one of the instances is being ignored.
2022-11-08 13:36:33,193 WARNING:main.py:418:setup_molecule:Multiple occupancies found: CA in TRP B 139.
2022-11-08 13:36:33,193 WARNING:main.py:418:setup_molecule:Multiple occupancies found: CB in TRP B 139.
2022-11-08 13:36:33,193 WARNING:main.py:418:setup_molecule:Multiple occupancies found: CG in TRP B 139.
2022-11-08 13:36:33,193 WARNING:main.py:418:setup_molecule:Multiple occupancies found: CD1 in TRP B 139.
2022-11-08 13:36:33,193 WARNING:main.py:418:setup_molecule:Multiple occupancies found: CD2 in TRP B 139.
2022-11-08 13:36:33,193 WARNING:main.py:418:setup_molecule:Multiple occupancies found: CE2 in TRP B 139.
2022-11-08 13:36:33,193 WARNING:main.py:418:setup_molecule:Multiple occupancies found: CE3 in TRP B 139.
2022-11-08 13:36:33,193 WARNING:main.py:418:setup_molecule:Multiple occupancies found: NE1 in TRP B 139.
2022-11-08 13:36:33,194 WARNING:main.py:418:setup_molecule:Multiple occupancies found: CZ2 in TRP B 139.
2022-11-08 13:36:33,194 WARNING:main.py:418:setup_molecule:Multiple occupancies found: CZ3 in TRP B 139.
2022-11-08 13:36:33,194 WARNING:main.py:418:setup_molecule:Multiple occupancies found: CH2 in TRP B 139.
2022-11-08 13:36:33,194 WARNING:main.py:424:setup_molecule:Multiple occupancies found in TRP B 139. At least one of the instances is being ignored.
2022-11-08 13:36:33,194 WARNING:main.py:418:setup_molecule:Multiple occupancies found: CA in VAL B 141.
2022-11-08 13:36:33,194 WARNING:main.py:418:setup_molecule:Multiple occupancies found: CB in VAL B 141.
2022-11-08 13:36:33,194 WARNING:main.py:418:setup_molecule:Multiple occupancies found: CG1 in VAL B 141.
2022-11-08 13:36:33,194 WARNING:main.py:418:setup_molecule:Multiple occupancies found: CG2 in VAL B 141.
2022-11-08 13:36:33,194 WARNING:main.py:424:setup_molecule:Multiple occupancies found in VAL B 141. At least one of the instances is being ignored.
2022-11-08 13:36:33,195 WARNING:main.py:418:setup_molecule:Multiple occupancies found: CA in MET B 143.
2022-11-08 13:36:33,195 WARNING:main.py:418:setup_molecule:Multiple occupancies found: CB in MET B 143.
2022-11-08 13:36:33,195 WARNING:main.py:418:setup_molecule:Multiple occupancies found: CG in MET B 143.
2022-11-08 13:36:33,195 WARNING:main.py:418:setup_molecule:Multiple occupancies found: SD in MET B 143.
2022-11-08 13:36:33,195 WARNING:main.py:418:setup_molecule:Multiple occupancies found: CE in MET B 143.
2022-11-08 13:36:33,195 WARNING:main.py:424:setup_molecule:Multiple occupancies found in MET B 143. At least one of the instances is being ignored.
2022-11-08 13:36:33,195 WARNING:main.py:418:setup_molecule:Multiple occupancies found: CA in ARG B 152.
2022-11-08 13:36:33,195 WARNING:main.py:418:setup_molecule:Multiple occupancies found: CB in ARG B 152.
2022-11-08 13:36:33,195 WARNING:main.py:418:setup_molecule:Multiple occupancies found: CG in ARG B 152.
2022-11-08 13:36:33,196 WARNING:main.py:418:setup_molecule:Multiple occupancies found: CD in ARG B 152.
2022-11-08 13:36:33,196 WARNING:main.py:418:setup_molecule:Multiple occupancies found: NE in ARG B 152.
2022-11-08 13:36:33,196 WARNING:main.py:418:setup_molecule:Multiple occupancies found: CZ in ARG B 152.
2022-11-08 13:36:33,196 WARNING:main.py:418:setup_molecule:Multiple occupancies found: NH1 in ARG B 152.
2022-11-08 13:36:33,196 WARNING:main.py:418:setup_molecule:Multiple occupancies found: NH2 in ARG B 152.
2022-11-08 13:36:33,196 WARNING:main.py:424:setup_molecule:Multiple occupancies found in ARG B 152. At least one of the instances is being ignored.
2022-11-08 13:36:33,196 WARNING:main.py:418:setup_molecule:Multiple occupancies found: N in THR B 198.
2022-11-08 13:36:33,196 WARNING:main.py:418:setup_molecule:Multiple occupancies found: CA in THR B 198.
2022-11-08 13:36:33,197 WARNING:main.py:418:setup_molecule:Multiple occupancies found: C in THR B 198.
2022-11-08 13:36:33,197 WARNING:main.py:418:setup_molecule:Multiple occupancies found: O in THR B 198.
2022-11-08 13:36:33,197 WARNING:main.py:418:setup_molecule:Multiple occupancies found: CB in THR B 198.
2022-11-08 13:36:33,197 WARNING:main.py:418:setup_molecule:Multiple occupancies found: CG2 in THR B 198.
2022-11-08 13:36:33,197 WARNING:main.py:418:setup_molecule:Multiple occupancies found: OG1 in THR B 198.
2022-11-08 13:36:33,197 WARNING:main.py:424:setup_molecule:Multiple occupancies found in THR B 198. At least one of the instances is being ignored.
2022-11-08 13:36:33,197 WARNING:main.py:418:setup_molecule:Multiple occupancies found: N in THR B 338.
2022-11-08 13:36:33,197 WARNING:main.py:418:setup_molecule:Multiple occupancies found: CA in THR B 338.
2022-11-08 13:36:33,198 WARNING:main.py:418:setup_molecule:Multiple occupancies found: C in THR B 338.
2022-11-08 13:36:33,198 WARNING:main.py:418:setup_molecule:Multiple occupancies found: O in THR B 338.
2022-11-08 13:36:33,198 WARNING:main.py:418:setup_molecule:Multiple occupancies found: CB in THR B 338.
2022-11-08 13:36:33,198 WARNING:main.py:418:setup_molecule:Multiple occupancies found: CG2 in THR B 338.
2022-11-08 13:36:33,198 WARNING:main.py:418:setup_molecule:Multiple occupancies found: OG1 in THR B 338.
2022-11-08 13:36:33,198 WARNING:main.py:424:setup_molecule:Multiple occupancies found in THR B 338. At least one of the instances is being ignored.
2022-11-08 13:36:33,198 WARNING:main.py:418:setup_molecule:Multiple occupancies found: N in SER B 348.
2022-11-08 13:36:33,198 WARNING:main.py:418:setup_molecule:Multiple occupancies found: CA in SER B 348.
2022-11-08 13:36:33,198 WARNING:main.py:418:setup_molecule:Multiple occupancies found: C in SER B 348.
2022-11-08 13:36:33,199 WARNING:main.py:418:setup_molecule:Multiple occupancies found: O in SER B 348.
2022-11-08 13:36:33,199 WARNING:main.py:418:setup_molecule:Multiple occupancies found: CB in SER B 348.
2022-11-08 13:36:33,199 WARNING:main.py:418:setup_molecule:Multiple occupancies found: OG in SER B 348.
2022-11-08 13:36:33,199 WARNING:main.py:424:setup_molecule:Multiple occupancies found in SER B 348. At least one of the instances is being ignored.
2022-11-08 13:36:33,199 WARNING:main.py:418:setup_molecule:Multiple occupancies found: N in GLN B 372.
2022-11-08 13:36:33,199 WARNING:main.py:418:setup_molecule:Multiple occupancies found: CA in GLN B 372.
2022-11-08 13:36:33,199 WARNING:main.py:418:setup_molecule:Multiple occupancies found: C in GLN B 372.
2022-11-08 13:36:33,199 WARNING:main.py:418:setup_molecule:Multiple occupancies found: O in GLN B 372.
2022-11-08 13:36:33,199 WARNING:main.py:418:setup_molecule:Multiple occupancies found: CB in GLN B 372.
2022-11-08 13:36:33,200 WARNING:main.py:418:setup_molecule:Multiple occupancies found: CG in GLN B 372.
2022-11-08 13:36:33,200 WARNING:main.py:418:setup_molecule:Multiple occupancies found: CD in GLN B 372.
2022-11-08 13:36:33,200 WARNING:main.py:418:setup_molecule:Multiple occupancies found: NE2 in GLN B 372.
2022-11-08 13:36:33,200 WARNING:main.py:418:setup_molecule:Multiple occupancies found: OE1 in GLN B 372.
2022-11-08 13:36:33,200 WARNING:main.py:424:setup_molecule:Multiple occupancies found in GLN B 372. At least one of the instances is being ignored.
2022-11-08 13:36:41,631 WARNING:main.py:311:print_pqr:Ignoring 5188 header lines in output.
2022-11-08 13:36:41,631 WARNING:main.py:315:print_pqr:Ignoring 131 missing lines in output.
