2022-11-08 13:36:06,073 WARNING:biomolecule.py:966:create_residue:Unable to find amino or nucleic acid definition for MG.  Parsing as new residue.
2022-11-08 13:36:06,074 WARNING:biomolecule.py:966:create_residue:Unable to find amino or nucleic acid definition for SAM.  Parsing as new residue.
2022-11-08 13:36:06,074 WARNING:biomolecule.py:966:create_residue:Unable to find amino or nucleic acid definition for DNC.  Parsing as new residue.
2022-11-08 13:36:06,075 WARNING:main.py:418:setup_molecule:Multiple occupancies found: N in SER A 24.
2022-11-08 13:36:06,075 WARNING:main.py:418:setup_molecule:Multiple occupancies found: CA in SER A 24.
2022-11-08 13:36:06,075 WARNING:main.py:418:setup_molecule:Multiple occupancies found: C in SER A 24.
2022-11-08 13:36:06,076 WARNING:main.py:418:setup_molecule:Multiple occupancies found: O in SER A 24.
2022-11-08 13:36:06,076 WARNING:main.py:418:setup_molecule:Multiple occupancies found: CB in SER A 24.
2022-11-08 13:36:06,076 WARNING:main.py:418:setup_molecule:Multiple occupancies found: OG in SER A 24.
2022-11-08 13:36:06,076 WARNING:main.py:424:setup_molecule:Multiple occupancies found in SER A 24. At least one of the instances is being ignored.
2022-11-08 13:36:06,076 WARNING:main.py:418:setup_molecule:Multiple occupancies found: N in ASP A 44.
2022-11-08 13:36:06,076 WARNING:main.py:418:setup_molecule:Multiple occupancies found: CA in ASP A 44.
2022-11-08 13:36:06,076 WARNING:main.py:418:setup_molecule:Multiple occupancies found: C in ASP A 44.
2022-11-08 13:36:06,077 WARNING:main.py:418:setup_molecule:Multiple occupancies found: O in ASP A 44.
2022-11-08 13:36:06,077 WARNING:main.py:418:setup_molecule:Multiple occupancies found: CB in ASP A 44.
2022-11-08 13:36:06,077 WARNING:main.py:418:setup_molecule:Multiple occupancies found: CG in ASP A 44.
2022-11-08 13:36:06,077 WARNING:main.py:418:setup_molecule:Multiple occupancies found: OD1 in ASP A 44.
2022-11-08 13:36:06,077 WARNING:main.py:418:setup_molecule:Multiple occupancies found: OD2 in ASP A 44.
2022-11-08 13:36:06,077 WARNING:main.py:424:setup_molecule:Multiple occupancies found in ASP A 44. At least one of the instances is being ignored.
2022-11-08 13:36:06,078 WARNING:main.py:418:setup_molecule:Multiple occupancies found: N in LYS A 45.
2022-11-08 13:36:06,078 WARNING:main.py:418:setup_molecule:Multiple occupancies found: CA in LYS A 45.
2022-11-08 13:36:06,078 WARNING:main.py:418:setup_molecule:Multiple occupancies found: C in LYS A 45.
2022-11-08 13:36:06,078 WARNING:main.py:418:setup_molecule:Multiple occupancies found: O in LYS A 45.
2022-11-08 13:36:06,078 WARNING:main.py:418:setup_molecule:Multiple occupancies found: CB in LYS A 45.
2022-11-08 13:36:06,078 WARNING:main.py:418:setup_molecule:Multiple occupancies found: CG in LYS A 45.
2022-11-08 13:36:06,078 WARNING:main.py:418:setup_molecule:Multiple occupancies found: CD in LYS A 45.
2022-11-08 13:36:06,079 WARNING:main.py:418:setup_molecule:Multiple occupancies found: CE in LYS A 45.
2022-11-08 13:36:06,079 WARNING:main.py:418:setup_molecule:Multiple occupancies found: NZ in LYS A 45.
2022-11-08 13:36:06,079 WARNING:main.py:424:setup_molecule:Multiple occupancies found in LYS A 45. At least one of the instances is being ignored.
2022-11-08 13:36:06,079 WARNING:main.py:418:setup_molecule:Multiple occupancies found: N in LEU A 86.
2022-11-08 13:36:06,079 WARNING:main.py:418:setup_molecule:Multiple occupancies found: CA in LEU A 86.
2022-11-08 13:36:06,079 WARNING:main.py:418:setup_molecule:Multiple occupancies found: C in LEU A 86.
2022-11-08 13:36:06,079 WARNING:main.py:418:setup_molecule:Multiple occupancies found: O in LEU A 86.
2022-11-08 13:36:06,080 WARNING:main.py:418:setup_molecule:Multiple occupancies found: CB in LEU A 86.
2022-11-08 13:36:06,080 WARNING:main.py:418:setup_molecule:Multiple occupancies found: CG in LEU A 86.
2022-11-08 13:36:06,080 WARNING:main.py:418:setup_molecule:Multiple occupancies found: CD1 in LEU A 86.
2022-11-08 13:36:06,080 WARNING:main.py:418:setup_molecule:Multiple occupancies found: CD2 in LEU A 86.
2022-11-08 13:36:06,081 WARNING:main.py:424:setup_molecule:Multiple occupancies found in LEU A 86. At least one of the instances is being ignored.
2022-11-08 13:36:06,081 WARNING:main.py:418:setup_molecule:Multiple occupancies found: N in ASP A 133.
2022-11-08 13:36:06,081 WARNING:main.py:418:setup_molecule:Multiple occupancies found: CA in ASP A 133.
2022-11-08 13:36:06,081 WARNING:main.py:418:setup_molecule:Multiple occupancies found: C in ASP A 133.
2022-11-08 13:36:06,082 WARNING:main.py:418:setup_molecule:Multiple occupancies found: O in ASP A 133.
2022-11-08 13:36:06,082 WARNING:main.py:418:setup_molecule:Multiple occupancies found: CB in ASP A 133.
2022-11-08 13:36:06,082 WARNING:main.py:418:setup_molecule:Multiple occupancies found: CG in ASP A 133.
2022-11-08 13:36:06,082 WARNING:main.py:418:setup_molecule:Multiple occupancies found: OD1 in ASP A 133.
2022-11-08 13:36:06,082 WARNING:main.py:418:setup_molecule:Multiple occupancies found: OD2 in ASP A 133.
2022-11-08 13:36:06,082 WARNING:main.py:424:setup_molecule:Multiple occupancies found in ASP A 133. At least one of the instances is being ignored.
2022-11-08 13:36:06,082 WARNING:main.py:418:setup_molecule:Multiple occupancies found: N in GLU A 156.
2022-11-08 13:36:06,083 WARNING:main.py:418:setup_molecule:Multiple occupancies found: CA in GLU A 156.
2022-11-08 13:36:06,083 WARNING:main.py:418:setup_molecule:Multiple occupancies found: C in GLU A 156.
2022-11-08 13:36:06,083 WARNING:main.py:418:setup_molecule:Multiple occupancies found: O in GLU A 156.
2022-11-08 13:36:06,083 WARNING:main.py:418:setup_molecule:Multiple occupancies found: CB in GLU A 156.
2022-11-08 13:36:06,083 WARNING:main.py:418:setup_molecule:Multiple occupancies found: CG in GLU A 156.
2022-11-08 13:36:06,083 WARNING:main.py:418:setup_molecule:Multiple occupancies found: CD in GLU A 156.
2022-11-08 13:36:06,083 WARNING:main.py:418:setup_molecule:Multiple occupancies found: OE1 in GLU A 156.
2022-11-08 13:36:06,084 WARNING:main.py:418:setup_molecule:Multiple occupancies found: OE2 in GLU A 156.
2022-11-08 13:36:06,084 WARNING:main.py:424:setup_molecule:Multiple occupancies found in GLU A 156. At least one of the instances is being ignored.
2022-11-08 13:36:06,084 WARNING:main.py:418:setup_molecule:Multiple occupancies found: N in ASP A 178.
2022-11-08 13:36:06,084 WARNING:main.py:418:setup_molecule:Multiple occupancies found: CA in ASP A 178.
2022-11-08 13:36:06,084 WARNING:main.py:418:setup_molecule:Multiple occupancies found: C in ASP A 178.
2022-11-08 13:36:06,084 WARNING:main.py:418:setup_molecule:Multiple occupancies found: O in ASP A 178.
2022-11-08 13:36:06,084 WARNING:main.py:418:setup_molecule:Multiple occupancies found: CB in ASP A 178.
2022-11-08 13:36:06,085 WARNING:main.py:418:setup_molecule:Multiple occupancies found: CG in ASP A 178.
2022-11-08 13:36:06,085 WARNING:main.py:418:setup_molecule:Multiple occupancies found: OD1 in ASP A 178.
2022-11-08 13:36:06,085 WARNING:main.py:418:setup_molecule:Multiple occupancies found: OD2 in ASP A 178.
2022-11-08 13:36:06,085 WARNING:main.py:424:setup_molecule:Multiple occupancies found in ASP A 178. At least one of the instances is being ignored.
2022-11-08 13:36:06,085 WARNING:main.py:418:setup_molecule:Multiple occupancies found: N in GLU A 190.
2022-11-08 13:36:06,085 WARNING:main.py:418:setup_molecule:Multiple occupancies found: CA in GLU A 190.
2022-11-08 13:36:06,086 WARNING:main.py:418:setup_molecule:Multiple occupancies found: C in GLU A 190.
2022-11-08 13:36:06,086 WARNING:main.py:418:setup_molecule:Multiple occupancies found: O in GLU A 190.
2022-11-08 13:36:06,086 WARNING:main.py:418:setup_molecule:Multiple occupancies found: CB in GLU A 190.
2022-11-08 13:36:06,086 WARNING:main.py:418:setup_molecule:Multiple occupancies found: CG in GLU A 190.
2022-11-08 13:36:06,086 WARNING:main.py:418:setup_molecule:Multiple occupancies found: CD in GLU A 190.
2022-11-08 13:36:06,086 WARNING:main.py:418:setup_molecule:Multiple occupancies found: OE1 in GLU A 190.
2022-11-08 13:36:06,086 WARNING:main.py:418:setup_molecule:Multiple occupancies found: OE2 in GLU A 190.
2022-11-08 13:36:06,087 WARNING:main.py:424:setup_molecule:Multiple occupancies found in GLU A 190. At least one of the instances is being ignored.
2022-11-08 13:36:06,130 WARNING:biomolecule.py:157:num_missing_heavy:Missing atom OXT in residue PRO A 215
2022-11-08 13:36:06,132 WARNING:biomolecule.py:157:num_missing_heavy:Missing atom OXT in residue PRO A 215
2022-11-08 13:36:06,133 WARNING:biomolecule.py:157:num_missing_heavy:Missing atom OXT in residue PRO A 215
2022-11-08 13:36:08,791 WARNING:main.py:311:print_pqr:Ignoring 2224 header lines in output.
2022-11-08 13:36:08,792 WARNING:main.py:315:print_pqr:Ignoring 42 missing lines in output.
