2022-11-08 13:24:55,359 WARNING:biomolecule.py:966:create_residue:Unable to find amino or nucleic acid definition for MSE.  Parsing as new residue.
2022-11-08 13:24:55,363 WARNING:biomolecule.py:966:create_residue:Unable to find amino or nucleic acid definition for MSE.  Parsing as new residue.
2022-11-08 13:24:55,363 WARNING:biomolecule.py:966:create_residue:Unable to find amino or nucleic acid definition for MSE.  Parsing as new residue.
2022-11-08 13:24:55,365 WARNING:biomolecule.py:966:create_residue:Unable to find amino or nucleic acid definition for MSE.  Parsing as new residue.
2022-11-08 13:24:55,369 WARNING:biomolecule.py:966:create_residue:Unable to find amino or nucleic acid definition for MSE.  Parsing as new residue.
2022-11-08 13:24:55,375 WARNING:biomolecule.py:966:create_residue:Unable to find amino or nucleic acid definition for MSE.  Parsing as new residue.
2022-11-08 13:24:55,379 WARNING:biomolecule.py:966:create_residue:Unable to find amino or nucleic acid definition for SAM.  Parsing as new residue.
2022-11-08 13:24:55,391 WARNING:biomolecule.py:600:update_bonds:Gap in backbone detected between TYR A 337 and PRO A 350!
2022-11-08 13:24:55,420 WARNING:biomolecule.py:157:num_missing_heavy:Missing atom CG in residue TRP A 260
2022-11-08 13:24:55,420 WARNING:biomolecule.py:157:num_missing_heavy:Missing atom CD1 in residue TRP A 260
2022-11-08 13:24:55,420 WARNING:biomolecule.py:157:num_missing_heavy:Missing atom CD2 in residue TRP A 260
2022-11-08 13:24:55,420 WARNING:biomolecule.py:157:num_missing_heavy:Missing atom NE1 in residue TRP A 260
2022-11-08 13:24:55,421 WARNING:biomolecule.py:157:num_missing_heavy:Missing atom CE2 in residue TRP A 260
2022-11-08 13:24:55,421 WARNING:biomolecule.py:157:num_missing_heavy:Missing atom CE3 in residue TRP A 260
2022-11-08 13:24:55,421 WARNING:biomolecule.py:157:num_missing_heavy:Missing atom CZ2 in residue TRP A 260
2022-11-08 13:24:55,421 WARNING:biomolecule.py:157:num_missing_heavy:Missing atom CZ3 in residue TRP A 260
2022-11-08 13:24:55,421 WARNING:biomolecule.py:157:num_missing_heavy:Missing atom CH2 in residue TRP A 260
2022-11-08 13:24:55,422 WARNING:biomolecule.py:157:num_missing_heavy:Missing atom OXT in residue GLN A 361
2022-11-08 13:24:55,423 WARNING:biomolecule.py:157:num_missing_heavy:Missing atom CG in residue TRP A 260
2022-11-08 13:24:55,423 WARNING:biomolecule.py:157:num_missing_heavy:Missing atom CD1 in residue TRP A 260
2022-11-08 13:24:55,423 WARNING:biomolecule.py:157:num_missing_heavy:Missing atom CD2 in residue TRP A 260
2022-11-08 13:24:55,423 WARNING:biomolecule.py:157:num_missing_heavy:Missing atom NE1 in residue TRP A 260
2022-11-08 13:24:55,423 WARNING:biomolecule.py:157:num_missing_heavy:Missing atom CE2 in residue TRP A 260
2022-11-08 13:24:55,423 WARNING:biomolecule.py:157:num_missing_heavy:Missing atom CE3 in residue TRP A 260
2022-11-08 13:24:55,423 WARNING:biomolecule.py:157:num_missing_heavy:Missing atom CZ2 in residue TRP A 260
2022-11-08 13:24:55,424 WARNING:biomolecule.py:157:num_missing_heavy:Missing atom CZ3 in residue TRP A 260
2022-11-08 13:24:55,424 WARNING:biomolecule.py:157:num_missing_heavy:Missing atom CH2 in residue TRP A 260
2022-11-08 13:24:55,424 WARNING:biomolecule.py:157:num_missing_heavy:Missing atom OXT in residue GLN A 361
2022-11-08 13:24:55,425 WARNING:biomolecule.py:157:num_missing_heavy:Missing atom CG in residue TRP A 260
2022-11-08 13:24:55,425 WARNING:biomolecule.py:157:num_missing_heavy:Missing atom CD1 in residue TRP A 260
2022-11-08 13:24:55,426 WARNING:biomolecule.py:157:num_missing_heavy:Missing atom CD2 in residue TRP A 260
2022-11-08 13:24:55,426 WARNING:biomolecule.py:157:num_missing_heavy:Missing atom NE1 in residue TRP A 260
2022-11-08 13:24:55,426 WARNING:biomolecule.py:157:num_missing_heavy:Missing atom CE2 in residue TRP A 260
2022-11-08 13:24:55,426 WARNING:biomolecule.py:157:num_missing_heavy:Missing atom CE3 in residue TRP A 260
2022-11-08 13:24:55,426 WARNING:biomolecule.py:157:num_missing_heavy:Missing atom CZ2 in residue TRP A 260
2022-11-08 13:24:55,428 WARNING:biomolecule.py:157:num_missing_heavy:Missing atom CZ3 in residue TRP A 260
2022-11-08 13:24:55,428 WARNING:biomolecule.py:157:num_missing_heavy:Missing atom CH2 in residue TRP A 260
2022-11-08 13:24:55,428 WARNING:biomolecule.py:157:num_missing_heavy:Missing atom OXT in residue GLN A 361
2022-11-08 13:24:58,685 WARNING:main.py:311:print_pqr:Ignoring 3257 header lines in output.
2022-11-08 13:24:58,686 WARNING:main.py:315:print_pqr:Ignoring 75 missing lines in output.
