2022-11-08 13:26:21,962 WARNING:biomolecule.py:966:create_residue:Unable to find amino or nucleic acid definition for SAM.  Parsing as new residue.
2022-11-08 13:26:21,964 WARNING:main.py:418:setup_molecule:Multiple occupancies found: N in SER A 6.
2022-11-08 13:26:21,964 WARNING:main.py:418:setup_molecule:Multiple occupancies found: CA in SER A 6.
2022-11-08 13:26:21,964 WARNING:main.py:418:setup_molecule:Multiple occupancies found: C in SER A 6.
2022-11-08 13:26:21,964 WARNING:main.py:418:setup_molecule:Multiple occupancies found: O in SER A 6.
2022-11-08 13:26:21,964 WARNING:main.py:418:setup_molecule:Multiple occupancies found: CB in SER A 6.
2022-11-08 13:26:21,964 WARNING:main.py:418:setup_molecule:Multiple occupancies found: OG in SER A 6.
2022-11-08 13:26:21,964 WARNING:main.py:424:setup_molecule:Multiple occupancies found in SER A 6. At least one of the instances is being ignored.
2022-11-08 13:26:21,965 WARNING:main.py:418:setup_molecule:Multiple occupancies found: N in LEU A 123.
2022-11-08 13:26:21,965 WARNING:main.py:418:setup_molecule:Multiple occupancies found: CA in LEU A 123.
2022-11-08 13:26:21,965 WARNING:main.py:418:setup_molecule:Multiple occupancies found: C in LEU A 123.
2022-11-08 13:26:21,965 WARNING:main.py:418:setup_molecule:Multiple occupancies found: O in LEU A 123.
2022-11-08 13:26:21,965 WARNING:main.py:418:setup_molecule:Multiple occupancies found: CB in LEU A 123.
2022-11-08 13:26:21,965 WARNING:main.py:418:setup_molecule:Multiple occupancies found: CG in LEU A 123.
2022-11-08 13:26:21,965 WARNING:main.py:418:setup_molecule:Multiple occupancies found: CD1 in LEU A 123.
2022-11-08 13:26:21,965 WARNING:main.py:418:setup_molecule:Multiple occupancies found: CD2 in LEU A 123.
2022-11-08 13:26:21,965 WARNING:main.py:424:setup_molecule:Multiple occupancies found in LEU A 123. At least one of the instances is being ignored.
2022-11-08 13:26:21,974 WARNING:biomolecule.py:600:update_bonds:Gap in backbone detected between PRO A 170 and GLU A 179!
2022-11-08 13:26:22,002 WARNING:biomolecule.py:157:num_missing_heavy:Missing atom NE in residue ARG A 152
2022-11-08 13:26:22,002 WARNING:biomolecule.py:157:num_missing_heavy:Missing atom CZ in residue ARG A 152
2022-11-08 13:26:22,002 WARNING:biomolecule.py:157:num_missing_heavy:Missing atom NH1 in residue ARG A 152
2022-11-08 13:26:22,002 WARNING:biomolecule.py:157:num_missing_heavy:Missing atom NH2 in residue ARG A 152
2022-11-08 13:26:22,002 WARNING:biomolecule.py:157:num_missing_heavy:Missing atom CG in residue ARG A 153
2022-11-08 13:26:22,002 WARNING:biomolecule.py:157:num_missing_heavy:Missing atom CD in residue ARG A 153
2022-11-08 13:26:22,003 WARNING:biomolecule.py:157:num_missing_heavy:Missing atom NE in residue ARG A 153
2022-11-08 13:26:22,003 WARNING:biomolecule.py:157:num_missing_heavy:Missing atom CZ in residue ARG A 153
2022-11-08 13:26:22,003 WARNING:biomolecule.py:157:num_missing_heavy:Missing atom NH1 in residue ARG A 153
2022-11-08 13:26:22,003 WARNING:biomolecule.py:157:num_missing_heavy:Missing atom NH2 in residue ARG A 153
2022-11-08 13:26:22,003 WARNING:biomolecule.py:157:num_missing_heavy:Missing atom CG in residue ARG A 156
2022-11-08 13:26:22,003 WARNING:biomolecule.py:157:num_missing_heavy:Missing atom CD in residue ARG A 156
2022-11-08 13:26:22,003 WARNING:biomolecule.py:157:num_missing_heavy:Missing atom NE in residue ARG A 156
2022-11-08 13:26:22,003 WARNING:biomolecule.py:157:num_missing_heavy:Missing atom CZ in residue ARG A 156
2022-11-08 13:26:22,004 WARNING:biomolecule.py:157:num_missing_heavy:Missing atom NH1 in residue ARG A 156
2022-11-08 13:26:22,004 WARNING:biomolecule.py:157:num_missing_heavy:Missing atom NH2 in residue ARG A 156
2022-11-08 13:26:22,004 WARNING:biomolecule.py:157:num_missing_heavy:Missing atom CG in residue GLU A 160
2022-11-08 13:26:22,004 WARNING:biomolecule.py:157:num_missing_heavy:Missing atom CD in residue GLU A 160
2022-11-08 13:26:22,004 WARNING:biomolecule.py:157:num_missing_heavy:Missing atom OE1 in residue GLU A 160
2022-11-08 13:26:22,005 WARNING:biomolecule.py:157:num_missing_heavy:Missing atom OE2 in residue GLU A 160
2022-11-08 13:26:22,005 WARNING:biomolecule.py:157:num_missing_heavy:Missing atom OXT in residue GLY A 189
2022-11-08 13:26:22,007 WARNING:biomolecule.py:157:num_missing_heavy:Missing atom NE in residue ARG A 152
2022-11-08 13:26:22,007 WARNING:biomolecule.py:157:num_missing_heavy:Missing atom CZ in residue ARG A 152
2022-11-08 13:26:22,007 WARNING:biomolecule.py:157:num_missing_heavy:Missing atom NH1 in residue ARG A 152
2022-11-08 13:26:22,007 WARNING:biomolecule.py:157:num_missing_heavy:Missing atom NH2 in residue ARG A 152
2022-11-08 13:26:22,007 WARNING:biomolecule.py:157:num_missing_heavy:Missing atom CG in residue ARG A 153
2022-11-08 13:26:22,007 WARNING:biomolecule.py:157:num_missing_heavy:Missing atom CD in residue ARG A 153
2022-11-08 13:26:22,007 WARNING:biomolecule.py:157:num_missing_heavy:Missing atom NE in residue ARG A 153
2022-11-08 13:26:22,007 WARNING:biomolecule.py:157:num_missing_heavy:Missing atom CZ in residue ARG A 153
2022-11-08 13:26:22,008 WARNING:biomolecule.py:157:num_missing_heavy:Missing atom NH1 in residue ARG A 153
2022-11-08 13:26:22,008 WARNING:biomolecule.py:157:num_missing_heavy:Missing atom NH2 in residue ARG A 153
2022-11-08 13:26:22,008 WARNING:biomolecule.py:157:num_missing_heavy:Missing atom CG in residue ARG A 156
2022-11-08 13:26:22,008 WARNING:biomolecule.py:157:num_missing_heavy:Missing atom CD in residue ARG A 156
2022-11-08 13:26:22,008 WARNING:biomolecule.py:157:num_missing_heavy:Missing atom NE in residue ARG A 156
2022-11-08 13:26:22,008 WARNING:biomolecule.py:157:num_missing_heavy:Missing atom CZ in residue ARG A 156
2022-11-08 13:26:22,008 WARNING:biomolecule.py:157:num_missing_heavy:Missing atom NH1 in residue ARG A 156
2022-11-08 13:26:22,008 WARNING:biomolecule.py:157:num_missing_heavy:Missing atom NH2 in residue ARG A 156
2022-11-08 13:26:22,009 WARNING:biomolecule.py:157:num_missing_heavy:Missing atom CG in residue GLU A 160
2022-11-08 13:26:22,009 WARNING:biomolecule.py:157:num_missing_heavy:Missing atom CD in residue GLU A 160
2022-11-08 13:26:22,009 WARNING:biomolecule.py:157:num_missing_heavy:Missing atom OE1 in residue GLU A 160
2022-11-08 13:26:22,009 WARNING:biomolecule.py:157:num_missing_heavy:Missing atom OE2 in residue GLU A 160
2022-11-08 13:26:22,009 WARNING:biomolecule.py:157:num_missing_heavy:Missing atom OXT in residue GLY A 189
2022-11-08 13:26:22,010 WARNING:biomolecule.py:157:num_missing_heavy:Missing atom NE in residue ARG A 152
2022-11-08 13:26:22,010 WARNING:biomolecule.py:157:num_missing_heavy:Missing atom CZ in residue ARG A 152
2022-11-08 13:26:22,011 WARNING:biomolecule.py:157:num_missing_heavy:Missing atom NH1 in residue ARG A 152
2022-11-08 13:26:22,011 WARNING:biomolecule.py:157:num_missing_heavy:Missing atom NH2 in residue ARG A 152
2022-11-08 13:26:22,011 WARNING:biomolecule.py:157:num_missing_heavy:Missing atom CG in residue ARG A 153
2022-11-08 13:26:22,011 WARNING:biomolecule.py:157:num_missing_heavy:Missing atom CD in residue ARG A 153
2022-11-08 13:26:22,011 WARNING:biomolecule.py:157:num_missing_heavy:Missing atom NE in residue ARG A 153
2022-11-08 13:26:22,011 WARNING:biomolecule.py:157:num_missing_heavy:Missing atom CZ in residue ARG A 153
2022-11-08 13:26:22,011 WARNING:biomolecule.py:157:num_missing_heavy:Missing atom NH1 in residue ARG A 153
2022-11-08 13:26:22,012 WARNING:biomolecule.py:157:num_missing_heavy:Missing atom NH2 in residue ARG A 153
2022-11-08 13:26:22,012 WARNING:biomolecule.py:157:num_missing_heavy:Missing atom CG in residue ARG A 156
2022-11-08 13:26:22,012 WARNING:biomolecule.py:157:num_missing_heavy:Missing atom CD in residue ARG A 156
2022-11-08 13:26:22,012 WARNING:biomolecule.py:157:num_missing_heavy:Missing atom NE in residue ARG A 156
2022-11-08 13:26:22,012 WARNING:biomolecule.py:157:num_missing_heavy:Missing atom CZ in residue ARG A 156
2022-11-08 13:26:22,012 WARNING:biomolecule.py:157:num_missing_heavy:Missing atom NH1 in residue ARG A 156
2022-11-08 13:26:22,012 WARNING:biomolecule.py:157:num_missing_heavy:Missing atom NH2 in residue ARG A 156
2022-11-08 13:26:22,012 WARNING:biomolecule.py:157:num_missing_heavy:Missing atom CG in residue GLU A 160
2022-11-08 13:26:22,013 WARNING:biomolecule.py:157:num_missing_heavy:Missing atom CD in residue GLU A 160
2022-11-08 13:26:22,013 WARNING:biomolecule.py:157:num_missing_heavy:Missing atom OE1 in residue GLU A 160
2022-11-08 13:26:22,013 WARNING:biomolecule.py:157:num_missing_heavy:Missing atom OE2 in residue GLU A 160
2022-11-08 13:26:22,013 WARNING:biomolecule.py:157:num_missing_heavy:Missing atom OXT in residue GLY A 189
2022-11-08 13:26:24,125 WARNING:main.py:311:print_pqr:Ignoring 1729 header lines in output.
2022-11-08 13:26:24,126 WARNING:main.py:315:print_pqr:Ignoring 27 missing lines in output.
