2022-11-08 13:33:29,614 WARNING:biomolecule.py:966:create_residue:Unable to find amino or nucleic acid definition for ZN.  Parsing as new residue.
2022-11-08 13:33:29,614 WARNING:biomolecule.py:966:create_residue:Unable to find amino or nucleic acid definition for ZN.  Parsing as new residue.
2022-11-08 13:33:29,615 WARNING:biomolecule.py:966:create_residue:Unable to find amino or nucleic acid definition for ZN.  Parsing as new residue.
2022-11-08 13:33:29,615 WARNING:biomolecule.py:966:create_residue:Unable to find amino or nucleic acid definition for ZN.  Parsing as new residue.
2022-11-08 13:33:29,615 WARNING:biomolecule.py:966:create_residue:Unable to find amino or nucleic acid definition for SAM.  Parsing as new residue.
2022-11-08 13:33:29,618 WARNING:main.py:418:setup_molecule:Multiple occupancies found: N in CYS A 923.
2022-11-08 13:33:29,618 WARNING:main.py:418:setup_molecule:Multiple occupancies found: CA in CYS A 923.
2022-11-08 13:33:29,619 WARNING:main.py:418:setup_molecule:Multiple occupancies found: C in CYS A 923.
2022-11-08 13:33:29,619 WARNING:main.py:418:setup_molecule:Multiple occupancies found: O in CYS A 923.
2022-11-08 13:33:29,619 WARNING:main.py:418:setup_molecule:Multiple occupancies found: CB in CYS A 923.
2022-11-08 13:33:29,619 WARNING:main.py:418:setup_molecule:Multiple occupancies found: SG in CYS A 923.
2022-11-08 13:33:29,619 WARNING:main.py:424:setup_molecule:Multiple occupancies found in CYS A 923. At least one of the instances is being ignored.
2022-11-08 13:33:29,620 WARNING:main.py:418:setup_molecule:Multiple occupancies found: N in SER A 1108.
2022-11-08 13:33:29,620 WARNING:main.py:418:setup_molecule:Multiple occupancies found: CA in SER A 1108.
2022-11-08 13:33:29,620 WARNING:main.py:418:setup_molecule:Multiple occupancies found: C in SER A 1108.
2022-11-08 13:33:29,620 WARNING:main.py:418:setup_molecule:Multiple occupancies found: O in SER A 1108.
2022-11-08 13:33:29,620 WARNING:main.py:418:setup_molecule:Multiple occupancies found: CB in SER A 1108.
2022-11-08 13:33:29,620 WARNING:main.py:418:setup_molecule:Multiple occupancies found: OG in SER A 1108.
2022-11-08 13:33:29,620 WARNING:main.py:424:setup_molecule:Multiple occupancies found in SER A 1108. At least one of the instances is being ignored.
2022-11-08 13:33:29,636 WARNING:biomolecule.py:600:update_bonds:Gap in backbone detected between ASP A 1090 and GLU A 1095!
2022-11-08 13:33:29,669 WARNING:biomolecule.py:157:num_missing_heavy:Missing atom OXT in residue SER A 1187
2022-11-08 13:33:29,669 WARNING:biomolecule.py:157:num_missing_heavy:Missing atom CA in residue GLY P 12
2022-11-08 13:33:29,670 WARNING:biomolecule.py:157:num_missing_heavy:Missing atom C in residue GLY P 12
2022-11-08 13:33:29,670 WARNING:biomolecule.py:157:num_missing_heavy:Missing atom O in residue GLY P 12
2022-11-08 13:33:29,670 WARNING:biomolecule.py:157:num_missing_heavy:Missing atom OXT in residue GLY P 12
2022-11-08 13:33:29,672 WARNING:biomolecule.py:157:num_missing_heavy:Missing atom OXT in residue SER A 1187
2022-11-08 13:33:29,672 WARNING:biomolecule.py:157:num_missing_heavy:Missing atom CA in residue GLY P 12
2022-11-08 13:33:29,672 WARNING:biomolecule.py:157:num_missing_heavy:Missing atom C in residue GLY P 12
2022-11-08 13:33:29,672 WARNING:biomolecule.py:157:num_missing_heavy:Missing atom O in residue GLY P 12
2022-11-08 13:33:29,672 WARNING:biomolecule.py:157:num_missing_heavy:Missing atom OXT in residue GLY P 12
2022-11-08 13:33:29,674 WARNING:biomolecule.py:157:num_missing_heavy:Missing atom OXT in residue SER A 1187
2022-11-08 13:33:29,675 WARNING:biomolecule.py:157:num_missing_heavy:Missing atom CA in residue GLY P 12
2022-11-08 13:33:29,675 WARNING:biomolecule.py:157:num_missing_heavy:Missing atom C in residue GLY P 12
2022-11-08 13:33:29,675 WARNING:biomolecule.py:157:num_missing_heavy:Missing atom O in residue GLY P 12
2022-11-08 13:33:29,675 WARNING:biomolecule.py:157:num_missing_heavy:Missing atom OXT in residue GLY P 12
2022-11-08 13:33:29,678 CRITICAL:main.py:793:main_driver:Too few atoms present to reconstruct or cap residue GLY P 12 in structure! This error is generally caused by missing backbone atoms in this biomolecule; you must use an external program to complete gaps in the biomolecule backbone. Heavy atoms missing from GLY P 12:  C O OXT CA
2022-11-08 13:33:29,678 CRITICAL:main.py:794:main_driver:Giving up.
2022-11-08 15:51:56,226 WARNING:biomolecule.py:966:create_residue:Unable to find amino or nucleic acid definition for ZN.  Parsing as new residue.
2022-11-08 15:51:56,234 WARNING:biomolecule.py:966:create_residue:Unable to find amino or nucleic acid definition for ZN.  Parsing as new residue.
2022-11-08 15:51:56,234 WARNING:biomolecule.py:966:create_residue:Unable to find amino or nucleic acid definition for ZN.  Parsing as new residue.
2022-11-08 15:51:56,234 WARNING:biomolecule.py:966:create_residue:Unable to find amino or nucleic acid definition for ZN.  Parsing as new residue.
2022-11-08 15:51:56,234 WARNING:biomolecule.py:966:create_residue:Unable to find amino or nucleic acid definition for SAM.  Parsing as new residue.
2022-11-08 15:51:56,237 WARNING:main.py:418:setup_molecule:Multiple occupancies found: N in CYS A 923.
2022-11-08 15:51:56,238 WARNING:main.py:418:setup_molecule:Multiple occupancies found: CA in CYS A 923.
2022-11-08 15:51:56,238 WARNING:main.py:418:setup_molecule:Multiple occupancies found: C in CYS A 923.
2022-11-08 15:51:56,238 WARNING:main.py:418:setup_molecule:Multiple occupancies found: O in CYS A 923.
2022-11-08 15:51:56,238 WARNING:main.py:418:setup_molecule:Multiple occupancies found: CB in CYS A 923.
2022-11-08 15:51:56,238 WARNING:main.py:418:setup_molecule:Multiple occupancies found: SG in CYS A 923.
2022-11-08 15:51:56,238 WARNING:main.py:424:setup_molecule:Multiple occupancies found in CYS A 923. At least one of the instances is being ignored.
2022-11-08 15:51:56,239 WARNING:main.py:418:setup_molecule:Multiple occupancies found: N in SER A 1108.
2022-11-08 15:51:56,239 WARNING:main.py:418:setup_molecule:Multiple occupancies found: CA in SER A 1108.
2022-11-08 15:51:56,239 WARNING:main.py:418:setup_molecule:Multiple occupancies found: C in SER A 1108.
2022-11-08 15:51:56,239 WARNING:main.py:418:setup_molecule:Multiple occupancies found: O in SER A 1108.
2022-11-08 15:51:56,239 WARNING:main.py:418:setup_molecule:Multiple occupancies found: CB in SER A 1108.
2022-11-08 15:51:56,239 WARNING:main.py:418:setup_molecule:Multiple occupancies found: OG in SER A 1108.
2022-11-08 15:51:56,240 WARNING:main.py:424:setup_molecule:Multiple occupancies found in SER A 1108. At least one of the instances is being ignored.
2022-11-08 15:51:56,254 WARNING:biomolecule.py:600:update_bonds:Gap in backbone detected between ASP A 1090 and GLU A 1095!
2022-11-08 15:51:56,285 WARNING:biomolecule.py:157:num_missing_heavy:Missing atom OXT in residue SER A 1187
2022-11-08 15:51:56,286 WARNING:biomolecule.py:157:num_missing_heavy:Missing atom CA in residue GLY P 12
2022-11-08 15:51:56,286 WARNING:biomolecule.py:157:num_missing_heavy:Missing atom C in residue GLY P 12
2022-11-08 15:51:56,286 WARNING:biomolecule.py:157:num_missing_heavy:Missing atom O in residue GLY P 12
2022-11-08 15:51:56,286 WARNING:biomolecule.py:157:num_missing_heavy:Missing atom OXT in residue GLY P 12
2022-11-08 15:51:56,288 WARNING:biomolecule.py:157:num_missing_heavy:Missing atom OXT in residue SER A 1187
2022-11-08 15:51:56,288 WARNING:biomolecule.py:157:num_missing_heavy:Missing atom CA in residue GLY P 12
2022-11-08 15:51:56,288 WARNING:biomolecule.py:157:num_missing_heavy:Missing atom C in residue GLY P 12
2022-11-08 15:51:56,288 WARNING:biomolecule.py:157:num_missing_heavy:Missing atom O in residue GLY P 12
2022-11-08 15:51:56,288 WARNING:biomolecule.py:157:num_missing_heavy:Missing atom OXT in residue GLY P 12
2022-11-08 15:51:56,290 WARNING:biomolecule.py:157:num_missing_heavy:Missing atom OXT in residue SER A 1187
2022-11-08 15:51:56,290 WARNING:biomolecule.py:157:num_missing_heavy:Missing atom CA in residue GLY P 12
2022-11-08 15:51:56,291 WARNING:biomolecule.py:157:num_missing_heavy:Missing atom C in residue GLY P 12
2022-11-08 15:51:56,291 WARNING:biomolecule.py:157:num_missing_heavy:Missing atom O in residue GLY P 12
2022-11-08 15:51:56,292 WARNING:biomolecule.py:157:num_missing_heavy:Missing atom OXT in residue GLY P 12
2022-11-08 15:51:56,294 CRITICAL:main.py:793:main_driver:Too few atoms present to reconstruct or cap residue GLY P 12 in structure! This error is generally caused by missing backbone atoms in this biomolecule; you must use an external program to complete gaps in the biomolecule backbone. Heavy atoms missing from GLY P 12:  C O OXT CA
2022-11-08 15:51:56,294 CRITICAL:main.py:794:main_driver:Giving up.
