2022-11-08 13:28:27,950 WARNING:biomolecule.py:966:create_residue:Unable to find amino or nucleic acid definition for ZN.  Parsing as new residue.
2022-11-08 13:28:27,951 WARNING:biomolecule.py:966:create_residue:Unable to find amino or nucleic acid definition for ZN.  Parsing as new residue.
2022-11-08 13:28:27,951 WARNING:biomolecule.py:966:create_residue:Unable to find amino or nucleic acid definition for ZN.  Parsing as new residue.
2022-11-08 13:28:27,952 WARNING:biomolecule.py:966:create_residue:Unable to find amino or nucleic acid definition for SO4.  Parsing as new residue.
2022-11-08 13:28:27,952 WARNING:biomolecule.py:966:create_residue:Unable to find amino or nucleic acid definition for SO4.  Parsing as new residue.
2022-11-08 13:28:27,952 WARNING:biomolecule.py:966:create_residue:Unable to find amino or nucleic acid definition for SAM.  Parsing as new residue.
2022-11-08 13:28:27,953 WARNING:main.py:418:setup_molecule:Multiple occupancies found: N in SER A 0.
2022-11-08 13:28:27,953 WARNING:main.py:418:setup_molecule:Multiple occupancies found: CA in SER A 0.
2022-11-08 13:28:27,953 WARNING:main.py:418:setup_molecule:Multiple occupancies found: C in SER A 0.
2022-11-08 13:28:27,953 WARNING:main.py:418:setup_molecule:Multiple occupancies found: O in SER A 0.
2022-11-08 13:28:27,953 WARNING:main.py:418:setup_molecule:Multiple occupancies found: CB in SER A 0.
2022-11-08 13:28:27,953 WARNING:main.py:418:setup_molecule:Multiple occupancies found: OG in SER A 0.
2022-11-08 13:28:27,953 WARNING:main.py:424:setup_molecule:Multiple occupancies found in SER A 0. At least one of the instances is being ignored.
2022-11-08 13:28:27,953 WARNING:main.py:418:setup_molecule:Multiple occupancies found: N in ILE A 56.
2022-11-08 13:28:27,954 WARNING:main.py:418:setup_molecule:Multiple occupancies found: CA in ILE A 56.
2022-11-08 13:28:27,954 WARNING:main.py:418:setup_molecule:Multiple occupancies found: C in ILE A 56.
2022-11-08 13:28:27,954 WARNING:main.py:418:setup_molecule:Multiple occupancies found: O in ILE A 56.
2022-11-08 13:28:27,954 WARNING:main.py:418:setup_molecule:Multiple occupancies found: CB in ILE A 56.
2022-11-08 13:28:27,954 WARNING:main.py:418:setup_molecule:Multiple occupancies found: CG1 in ILE A 56.
2022-11-08 13:28:27,954 WARNING:main.py:418:setup_molecule:Multiple occupancies found: CG2 in ILE A 56.
2022-11-08 13:28:27,954 WARNING:main.py:418:setup_molecule:Multiple occupancies found: CD1 in ILE A 56.
2022-11-08 13:28:27,954 WARNING:main.py:424:setup_molecule:Multiple occupancies found in ILE A 56. At least one of the instances is being ignored.
2022-11-08 13:28:27,955 WARNING:main.py:418:setup_molecule:Multiple occupancies found: N in MET A 64.
2022-11-08 13:28:27,955 WARNING:main.py:418:setup_molecule:Multiple occupancies found: CA in MET A 64.
2022-11-08 13:28:27,955 WARNING:main.py:418:setup_molecule:Multiple occupancies found: C in MET A 64.
2022-11-08 13:28:27,955 WARNING:main.py:418:setup_molecule:Multiple occupancies found: O in MET A 64.
2022-11-08 13:28:27,955 WARNING:main.py:418:setup_molecule:Multiple occupancies found: CB in MET A 64.
2022-11-08 13:28:27,955 WARNING:main.py:418:setup_molecule:Multiple occupancies found: CG in MET A 64.
2022-11-08 13:28:27,955 WARNING:main.py:418:setup_molecule:Multiple occupancies found: SD in MET A 64.
2022-11-08 13:28:27,955 WARNING:main.py:418:setup_molecule:Multiple occupancies found: CE in MET A 64.
2022-11-08 13:28:27,955 WARNING:main.py:424:setup_molecule:Multiple occupancies found in MET A 64. At least one of the instances is being ignored.
2022-11-08 13:28:27,956 WARNING:main.py:418:setup_molecule:Multiple occupancies found: CA in CYS A 84.
2022-11-08 13:28:27,956 WARNING:main.py:418:setup_molecule:Multiple occupancies found: CB in CYS A 84.
2022-11-08 13:28:27,956 WARNING:main.py:418:setup_molecule:Multiple occupancies found: SG in CYS A 84.
2022-11-08 13:28:27,956 WARNING:main.py:424:setup_molecule:Multiple occupancies found in CYS A 84. At least one of the instances is being ignored.
2022-11-08 13:28:27,957 WARNING:main.py:418:setup_molecule:Multiple occupancies found: N in SER A 86.
2022-11-08 13:28:27,957 WARNING:main.py:418:setup_molecule:Multiple occupancies found: CA in SER A 86.
2022-11-08 13:28:27,957 WARNING:main.py:418:setup_molecule:Multiple occupancies found: C in SER A 86.
2022-11-08 13:28:27,957 WARNING:main.py:418:setup_molecule:Multiple occupancies found: O in SER A 86.
2022-11-08 13:28:27,957 WARNING:main.py:418:setup_molecule:Multiple occupancies found: CB in SER A 86.
2022-11-08 13:28:27,958 WARNING:main.py:418:setup_molecule:Multiple occupancies found: OG in SER A 86.
2022-11-08 13:28:27,958 WARNING:main.py:424:setup_molecule:Multiple occupancies found in SER A 86. At least one of the instances is being ignored.
2022-11-08 13:28:27,958 WARNING:main.py:418:setup_molecule:Multiple occupancies found: N in ILE A 95.
2022-11-08 13:28:27,958 WARNING:main.py:418:setup_molecule:Multiple occupancies found: CA in ILE A 95.
2022-11-08 13:28:27,958 WARNING:main.py:418:setup_molecule:Multiple occupancies found: C in ILE A 95.
2022-11-08 13:28:27,958 WARNING:main.py:418:setup_molecule:Multiple occupancies found: O in ILE A 95.
2022-11-08 13:28:27,958 WARNING:main.py:418:setup_molecule:Multiple occupancies found: CB in ILE A 95.
2022-11-08 13:28:27,958 WARNING:main.py:418:setup_molecule:Multiple occupancies found: CG1 in ILE A 95.
2022-11-08 13:28:27,958 WARNING:main.py:418:setup_molecule:Multiple occupancies found: CG2 in ILE A 95.
2022-11-08 13:28:27,959 WARNING:main.py:418:setup_molecule:Multiple occupancies found: CD1 in ILE A 95.
2022-11-08 13:28:27,959 WARNING:main.py:424:setup_molecule:Multiple occupancies found in ILE A 95. At least one of the instances is being ignored.
2022-11-08 13:28:27,959 WARNING:main.py:418:setup_molecule:Multiple occupancies found: N in THR A 109.
2022-11-08 13:28:27,959 WARNING:main.py:418:setup_molecule:Multiple occupancies found: CA in THR A 109.
2022-11-08 13:28:27,959 WARNING:main.py:418:setup_molecule:Multiple occupancies found: C in THR A 109.
2022-11-08 13:28:27,959 WARNING:main.py:418:setup_molecule:Multiple occupancies found: O in THR A 109.
2022-11-08 13:28:27,959 WARNING:main.py:418:setup_molecule:Multiple occupancies found: CB in THR A 109.
2022-11-08 13:28:27,959 WARNING:main.py:418:setup_molecule:Multiple occupancies found: CG2 in THR A 109.
2022-11-08 13:28:27,959 WARNING:main.py:418:setup_molecule:Multiple occupancies found: OG1 in THR A 109.
2022-11-08 13:28:27,960 WARNING:main.py:424:setup_molecule:Multiple occupancies found in THR A 109. At least one of the instances is being ignored.
2022-11-08 13:28:27,960 WARNING:main.py:418:setup_molecule:Multiple occupancies found: N in LEU A 124.
2022-11-08 13:28:27,960 WARNING:main.py:418:setup_molecule:Multiple occupancies found: CA in LEU A 124.
2022-11-08 13:28:27,960 WARNING:main.py:418:setup_molecule:Multiple occupancies found: C in LEU A 124.
2022-11-08 13:28:27,960 WARNING:main.py:418:setup_molecule:Multiple occupancies found: O in LEU A 124.
2022-11-08 13:28:27,960 WARNING:main.py:418:setup_molecule:Multiple occupancies found: CB in LEU A 124.
2022-11-08 13:28:27,960 WARNING:main.py:418:setup_molecule:Multiple occupancies found: CG in LEU A 124.
2022-11-08 13:28:27,960 WARNING:main.py:418:setup_molecule:Multiple occupancies found: CD1 in LEU A 124.
2022-11-08 13:28:27,960 WARNING:main.py:418:setup_molecule:Multiple occupancies found: CD2 in LEU A 124.
2022-11-08 13:28:27,961 WARNING:main.py:424:setup_molecule:Multiple occupancies found in LEU A 124. At least one of the instances is being ignored.
2022-11-08 13:28:27,961 WARNING:main.py:418:setup_molecule:Multiple occupancies found: N in ARG A 131.
2022-11-08 13:28:27,961 WARNING:main.py:418:setup_molecule:Multiple occupancies found: CA in ARG A 131.
2022-11-08 13:28:27,961 WARNING:main.py:418:setup_molecule:Multiple occupancies found: C in ARG A 131.
2022-11-08 13:28:27,961 WARNING:main.py:418:setup_molecule:Multiple occupancies found: O in ARG A 131.
2022-11-08 13:28:27,961 WARNING:main.py:418:setup_molecule:Multiple occupancies found: CB in ARG A 131.
2022-11-08 13:28:27,961 WARNING:main.py:418:setup_molecule:Multiple occupancies found: CG in ARG A 131.
2022-11-08 13:28:27,961 WARNING:main.py:418:setup_molecule:Multiple occupancies found: CD in ARG A 131.
2022-11-08 13:28:27,962 WARNING:main.py:418:setup_molecule:Multiple occupancies found: NE in ARG A 131.
2022-11-08 13:28:27,962 WARNING:main.py:418:setup_molecule:Multiple occupancies found: CZ in ARG A 131.
2022-11-08 13:28:27,962 WARNING:main.py:418:setup_molecule:Multiple occupancies found: NH1 in ARG A 131.
2022-11-08 13:28:27,962 WARNING:main.py:418:setup_molecule:Multiple occupancies found: NH2 in ARG A 131.
2022-11-08 13:28:27,962 WARNING:main.py:424:setup_molecule:Multiple occupancies found in ARG A 131. At least one of the instances is being ignored.
2022-11-08 13:28:27,962 WARNING:main.py:418:setup_molecule:Multiple occupancies found: N in ASP A 153.
2022-11-08 13:28:27,962 WARNING:main.py:418:setup_molecule:Multiple occupancies found: CA in ASP A 153.
2022-11-08 13:28:27,962 WARNING:main.py:418:setup_molecule:Multiple occupancies found: C in ASP A 153.
2022-11-08 13:28:27,962 WARNING:main.py:418:setup_molecule:Multiple occupancies found: O in ASP A 153.
2022-11-08 13:28:27,963 WARNING:main.py:418:setup_molecule:Multiple occupancies found: CB in ASP A 153.
2022-11-08 13:28:27,963 WARNING:main.py:418:setup_molecule:Multiple occupancies found: CG in ASP A 153.
2022-11-08 13:28:27,963 WARNING:main.py:418:setup_molecule:Multiple occupancies found: OD1 in ASP A 153.
2022-11-08 13:28:27,963 WARNING:main.py:418:setup_molecule:Multiple occupancies found: OD2 in ASP A 153.
2022-11-08 13:28:27,963 WARNING:main.py:424:setup_molecule:Multiple occupancies found in ASP A 153. At least one of the instances is being ignored.
2022-11-08 13:28:27,963 WARNING:main.py:418:setup_molecule:Multiple occupancies found: N in LYS A 161.
2022-11-08 13:28:27,963 WARNING:main.py:418:setup_molecule:Multiple occupancies found: CA in LYS A 161.
2022-11-08 13:28:27,963 WARNING:main.py:418:setup_molecule:Multiple occupancies found: C in LYS A 161.
2022-11-08 13:28:27,963 WARNING:main.py:418:setup_molecule:Multiple occupancies found: O in LYS A 161.
2022-11-08 13:28:27,964 WARNING:main.py:418:setup_molecule:Multiple occupancies found: CB in LYS A 161.
2022-11-08 13:28:27,964 WARNING:main.py:418:setup_molecule:Multiple occupancies found: CG in LYS A 161.
2022-11-08 13:28:27,964 WARNING:main.py:418:setup_molecule:Multiple occupancies found: CD in LYS A 161.
2022-11-08 13:28:27,964 WARNING:main.py:418:setup_molecule:Multiple occupancies found: CE in LYS A 161.
2022-11-08 13:28:27,964 WARNING:main.py:418:setup_molecule:Multiple occupancies found: NZ in LYS A 161.
2022-11-08 13:28:27,964 WARNING:main.py:424:setup_molecule:Multiple occupancies found in LYS A 161. At least one of the instances is being ignored.
2022-11-08 13:28:27,964 WARNING:main.py:418:setup_molecule:Multiple occupancies found: N in ASN A 184.
2022-11-08 13:28:27,964 WARNING:main.py:418:setup_molecule:Multiple occupancies found: CA in ASN A 184.
2022-11-08 13:28:27,964 WARNING:main.py:418:setup_molecule:Multiple occupancies found: C in ASN A 184.
2022-11-08 13:28:27,965 WARNING:main.py:418:setup_molecule:Multiple occupancies found: O in ASN A 184.
2022-11-08 13:28:27,965 WARNING:main.py:418:setup_molecule:Multiple occupancies found: CB in ASN A 184.
2022-11-08 13:28:27,965 WARNING:main.py:418:setup_molecule:Multiple occupancies found: CG in ASN A 184.
2022-11-08 13:28:27,965 WARNING:main.py:418:setup_molecule:Multiple occupancies found: ND2 in ASN A 184.
2022-11-08 13:28:27,965 WARNING:main.py:418:setup_molecule:Multiple occupancies found: OD1 in ASN A 184.
2022-11-08 13:28:27,965 WARNING:main.py:424:setup_molecule:Multiple occupancies found in ASN A 184. At least one of the instances is being ignored.
2022-11-08 13:28:27,965 WARNING:main.py:418:setup_molecule:Multiple occupancies found: N in ASN A 208.
2022-11-08 13:28:27,965 WARNING:main.py:418:setup_molecule:Multiple occupancies found: CA in ASN A 208.
2022-11-08 13:28:27,966 WARNING:main.py:418:setup_molecule:Multiple occupancies found: C in ASN A 208.
2022-11-08 13:28:27,966 WARNING:main.py:418:setup_molecule:Multiple occupancies found: O in ASN A 208.
2022-11-08 13:28:27,966 WARNING:main.py:418:setup_molecule:Multiple occupancies found: CB in ASN A 208.
2022-11-08 13:28:27,966 WARNING:main.py:418:setup_molecule:Multiple occupancies found: CG in ASN A 208.
2022-11-08 13:28:27,966 WARNING:main.py:418:setup_molecule:Multiple occupancies found: ND2 in ASN A 208.
2022-11-08 13:28:27,966 WARNING:main.py:418:setup_molecule:Multiple occupancies found: OD1 in ASN A 208.
2022-11-08 13:28:27,966 WARNING:main.py:424:setup_molecule:Multiple occupancies found in ASN A 208. At least one of the instances is being ignored.
2022-11-08 13:28:31,315 WARNING:main.py:311:print_pqr:Ignoring 2153 header lines in output.
2022-11-08 13:28:31,316 WARNING:main.py:315:print_pqr:Ignoring 40 missing lines in output.
