2022-11-08 13:38:26,118 WARNING:biomolecule.py:966:create_residue:Unable to find amino or nucleic acid definition for CL.  Parsing as new residue.
2022-11-08 13:38:26,118 WARNING:biomolecule.py:966:create_residue:Unable to find amino or nucleic acid definition for CL.  Parsing as new residue.
2022-11-08 13:38:26,118 WARNING:biomolecule.py:966:create_residue:Unable to find amino or nucleic acid definition for CL.  Parsing as new residue.
2022-11-08 13:38:26,118 WARNING:biomolecule.py:966:create_residue:Unable to find amino or nucleic acid definition for CL.  Parsing as new residue.
2022-11-08 13:38:26,119 WARNING:biomolecule.py:966:create_residue:Unable to find amino or nucleic acid definition for CL.  Parsing as new residue.
2022-11-08 13:38:26,119 WARNING:biomolecule.py:966:create_residue:Unable to find amino or nucleic acid definition for CL.  Parsing as new residue.
2022-11-08 13:38:26,119 WARNING:biomolecule.py:966:create_residue:Unable to find amino or nucleic acid definition for CL.  Parsing as new residue.
2022-11-08 13:38:26,119 WARNING:biomolecule.py:966:create_residue:Unable to find amino or nucleic acid definition for CL.  Parsing as new residue.
2022-11-08 13:38:26,119 WARNING:biomolecule.py:966:create_residue:Unable to find amino or nucleic acid definition for CL.  Parsing as new residue.
2022-11-08 13:38:26,119 WARNING:io.py:40:filter:Suppressing further "Unable to find amino or nucleic acid definition for" messages
2022-11-08 13:38:26,132 WARNING:main.py:418:setup_molecule:Multiple occupancies found: N in GLU A 6821.
2022-11-08 13:38:26,132 WARNING:main.py:418:setup_molecule:Multiple occupancies found: CA in GLU A 6821.
2022-11-08 13:38:26,132 WARNING:main.py:418:setup_molecule:Multiple occupancies found: C in GLU A 6821.
2022-11-08 13:38:26,133 WARNING:main.py:418:setup_molecule:Multiple occupancies found: O in GLU A 6821.
2022-11-08 13:38:26,133 WARNING:main.py:418:setup_molecule:Multiple occupancies found: CB in GLU A 6821.
2022-11-08 13:38:26,133 WARNING:main.py:418:setup_molecule:Multiple occupancies found: CG in GLU A 6821.
2022-11-08 13:38:26,133 WARNING:main.py:418:setup_molecule:Multiple occupancies found: CD in GLU A 6821.
2022-11-08 13:38:26,133 WARNING:main.py:418:setup_molecule:Multiple occupancies found: OE1 in GLU A 6821.
2022-11-08 13:38:26,133 WARNING:main.py:418:setup_molecule:Multiple occupancies found: OE2 in GLU A 6821.
2022-11-08 13:38:26,133 WARNING:main.py:424:setup_molecule:Multiple occupancies found in GLU A 6821. At least one of the instances is being ignored.
2022-11-08 13:38:26,133 WARNING:main.py:418:setup_molecule:Multiple occupancies found: N in LEU A 6892.
2022-11-08 13:38:26,133 WARNING:main.py:418:setup_molecule:Multiple occupancies found: CA in LEU A 6892.
2022-11-08 13:38:26,134 WARNING:main.py:418:setup_molecule:Multiple occupancies found: C in LEU A 6892.
2022-11-08 13:38:26,134 WARNING:main.py:418:setup_molecule:Multiple occupancies found: O in LEU A 6892.
2022-11-08 13:38:26,134 WARNING:main.py:418:setup_molecule:Multiple occupancies found: CB in LEU A 6892.
2022-11-08 13:38:26,134 WARNING:main.py:418:setup_molecule:Multiple occupancies found: CG in LEU A 6892.
2022-11-08 13:38:26,134 WARNING:main.py:418:setup_molecule:Multiple occupancies found: CD1 in LEU A 6892.
2022-11-08 13:38:26,134 WARNING:main.py:418:setup_molecule:Multiple occupancies found: CD2 in LEU A 6892.
2022-11-08 13:38:26,134 WARNING:main.py:424:setup_molecule:Multiple occupancies found in LEU A 6892. At least one of the instances is being ignored.
2022-11-08 13:38:26,134 WARNING:main.py:418:setup_molecule:Multiple occupancies found: N in VAL A 6902.
2022-11-08 13:38:26,134 WARNING:main.py:418:setup_molecule:Multiple occupancies found: CA in VAL A 6902.
2022-11-08 13:38:26,135 WARNING:main.py:418:setup_molecule:Multiple occupancies found: C in VAL A 6902.
2022-11-08 13:38:26,135 WARNING:main.py:418:setup_molecule:Multiple occupancies found: O in VAL A 6902.
2022-11-08 13:38:26,135 WARNING:main.py:418:setup_molecule:Multiple occupancies found: CB in VAL A 6902.
2022-11-08 13:38:26,136 WARNING:main.py:418:setup_molecule:Multiple occupancies found: CG1 in VAL A 6902.
2022-11-08 13:38:26,136 WARNING:main.py:418:setup_molecule:Multiple occupancies found: CG2 in VAL A 6902.
2022-11-08 13:38:26,136 WARNING:main.py:424:setup_molecule:Multiple occupancies found in VAL A 6902. At least one of the instances is being ignored.
2022-11-08 13:38:26,136 WARNING:main.py:418:setup_molecule:Multiple occupancies found: N in ASP A 6942.
2022-11-08 13:38:26,136 WARNING:main.py:418:setup_molecule:Multiple occupancies found: CA in ASP A 6942.
2022-11-08 13:38:26,136 WARNING:main.py:418:setup_molecule:Multiple occupancies found: C in ASP A 6942.
2022-11-08 13:38:26,137 WARNING:main.py:418:setup_molecule:Multiple occupancies found: O in ASP A 6942.
2022-11-08 13:38:26,137 WARNING:main.py:418:setup_molecule:Multiple occupancies found: CB in ASP A 6942.
2022-11-08 13:38:26,137 WARNING:main.py:418:setup_molecule:Multiple occupancies found: CG in ASP A 6942.
2022-11-08 13:38:26,137 WARNING:main.py:418:setup_molecule:Multiple occupancies found: OD1 in ASP A 6942.
2022-11-08 13:38:26,137 WARNING:main.py:418:setup_molecule:Multiple occupancies found: OD2 in ASP A 6942.
2022-11-08 13:38:26,137 WARNING:main.py:424:setup_molecule:Multiple occupancies found in ASP A 6942. At least one of the instances is being ignored.
2022-11-08 13:38:26,137 WARNING:main.py:418:setup_molecule:Multiple occupancies found: N in GLU A 6945.
2022-11-08 13:38:26,137 WARNING:main.py:418:setup_molecule:Multiple occupancies found: CA in GLU A 6945.
2022-11-08 13:38:26,138 WARNING:main.py:418:setup_molecule:Multiple occupancies found: C in GLU A 6945.
2022-11-08 13:38:26,138 WARNING:main.py:418:setup_molecule:Multiple occupancies found: O in GLU A 6945.
2022-11-08 13:38:26,138 WARNING:main.py:418:setup_molecule:Multiple occupancies found: CB in GLU A 6945.
2022-11-08 13:38:26,138 WARNING:main.py:418:setup_molecule:Multiple occupancies found: CG in GLU A 6945.
2022-11-08 13:38:26,138 WARNING:main.py:418:setup_molecule:Multiple occupancies found: CD in GLU A 6945.
2022-11-08 13:38:26,138 WARNING:main.py:418:setup_molecule:Multiple occupancies found: OE1 in GLU A 6945.
2022-11-08 13:38:26,138 WARNING:main.py:418:setup_molecule:Multiple occupancies found: OE2 in GLU A 6945.
2022-11-08 13:38:26,138 WARNING:main.py:424:setup_molecule:Multiple occupancies found in GLU A 6945. At least one of the instances is being ignored.
2022-11-08 13:38:26,138 WARNING:main.py:418:setup_molecule:Multiple occupancies found: N in ILE A 6951.
2022-11-08 13:38:26,139 WARNING:main.py:418:setup_molecule:Multiple occupancies found: CA in ILE A 6951.
2022-11-08 13:38:26,139 WARNING:main.py:418:setup_molecule:Multiple occupancies found: C in ILE A 6951.
2022-11-08 13:38:26,139 WARNING:main.py:418:setup_molecule:Multiple occupancies found: O in ILE A 6951.
2022-11-08 13:38:26,139 WARNING:main.py:418:setup_molecule:Multiple occupancies found: CB in ILE A 6951.
2022-11-08 13:38:26,139 WARNING:main.py:418:setup_molecule:Multiple occupancies found: CG1 in ILE A 6951.
2022-11-08 13:38:26,139 WARNING:main.py:418:setup_molecule:Multiple occupancies found: CG2 in ILE A 6951.
2022-11-08 13:38:26,139 WARNING:main.py:418:setup_molecule:Multiple occupancies found: CD1 in ILE A 6951.
2022-11-08 13:38:26,139 WARNING:main.py:424:setup_molecule:Multiple occupancies found in ILE A 6951. At least one of the instances is being ignored.
2022-11-08 13:38:26,140 WARNING:main.py:418:setup_molecule:Multiple occupancies found: N in LEU A 6981.
2022-11-08 13:38:26,140 WARNING:main.py:418:setup_molecule:Multiple occupancies found: CA in LEU A 6981.
2022-11-08 13:38:26,140 WARNING:main.py:418:setup_molecule:Multiple occupancies found: C in LEU A 6981.
2022-11-08 13:38:26,140 WARNING:main.py:418:setup_molecule:Multiple occupancies found: O in LEU A 6981.
2022-11-08 13:38:26,140 WARNING:main.py:418:setup_molecule:Multiple occupancies found: CB in LEU A 6981.
2022-11-08 13:38:26,140 WARNING:main.py:418:setup_molecule:Multiple occupancies found: CG in LEU A 6981.
2022-11-08 13:38:26,140 WARNING:main.py:418:setup_molecule:Multiple occupancies found: CD1 in LEU A 6981.
2022-11-08 13:38:26,140 WARNING:main.py:418:setup_molecule:Multiple occupancies found: CD2 in LEU A 6981.
2022-11-08 13:38:26,141 WARNING:main.py:424:setup_molecule:Multiple occupancies found in LEU A 6981. At least one of the instances is being ignored.
2022-11-08 13:38:26,141 WARNING:main.py:418:setup_molecule:Multiple occupancies found: N in LEU A 7004.
2022-11-08 13:38:26,141 WARNING:main.py:418:setup_molecule:Multiple occupancies found: CA in LEU A 7004.
2022-11-08 13:38:26,141 WARNING:main.py:418:setup_molecule:Multiple occupancies found: C in LEU A 7004.
2022-11-08 13:38:26,141 WARNING:main.py:418:setup_molecule:Multiple occupancies found: O in LEU A 7004.
2022-11-08 13:38:26,141 WARNING:main.py:418:setup_molecule:Multiple occupancies found: CB in LEU A 7004.
2022-11-08 13:38:26,141 WARNING:main.py:418:setup_molecule:Multiple occupancies found: CG in LEU A 7004.
2022-11-08 13:38:26,141 WARNING:main.py:418:setup_molecule:Multiple occupancies found: CD1 in LEU A 7004.
2022-11-08 13:38:26,141 WARNING:main.py:418:setup_molecule:Multiple occupancies found: CD2 in LEU A 7004.
2022-11-08 13:38:26,142 WARNING:main.py:424:setup_molecule:Multiple occupancies found in LEU A 7004. At least one of the instances is being ignored.
2022-11-08 13:38:26,142 WARNING:main.py:418:setup_molecule:Multiple occupancies found: N in ARG A 7014.
2022-11-08 13:38:26,142 WARNING:main.py:418:setup_molecule:Multiple occupancies found: CA in ARG A 7014.
2022-11-08 13:38:26,142 WARNING:main.py:418:setup_molecule:Multiple occupancies found: C in ARG A 7014.
2022-11-08 13:38:26,142 WARNING:main.py:418:setup_molecule:Multiple occupancies found: O in ARG A 7014.
2022-11-08 13:38:26,142 WARNING:main.py:418:setup_molecule:Multiple occupancies found: CB in ARG A 7014.
2022-11-08 13:38:26,142 WARNING:main.py:418:setup_molecule:Multiple occupancies found: CG in ARG A 7014.
2022-11-08 13:38:26,142 WARNING:main.py:418:setup_molecule:Multiple occupancies found: CD in ARG A 7014.
2022-11-08 13:38:26,143 WARNING:main.py:418:setup_molecule:Multiple occupancies found: NE in ARG A 7014.
2022-11-08 13:38:26,143 WARNING:main.py:418:setup_molecule:Multiple occupancies found: CZ in ARG A 7014.
2022-11-08 13:38:26,143 WARNING:main.py:418:setup_molecule:Multiple occupancies found: NH1 in ARG A 7014.
2022-11-08 13:38:26,143 WARNING:main.py:418:setup_molecule:Multiple occupancies found: NH2 in ARG A 7014.
2022-11-08 13:38:26,143 WARNING:main.py:424:setup_molecule:Multiple occupancies found in ARG A 7014. At least one of the instances is being ignored.
2022-11-08 13:38:26,143 WARNING:main.py:418:setup_molecule:Multiple occupancies found: N in TYR A 7020.
2022-11-08 13:38:26,143 WARNING:main.py:418:setup_molecule:Multiple occupancies found: CA in TYR A 7020.
2022-11-08 13:38:26,143 WARNING:main.py:418:setup_molecule:Multiple occupancies found: C in TYR A 7020.
2022-11-08 13:38:26,143 WARNING:main.py:418:setup_molecule:Multiple occupancies found: O in TYR A 7020.
2022-11-08 13:38:26,144 WARNING:main.py:418:setup_molecule:Multiple occupancies found: CB in TYR A 7020.
2022-11-08 13:38:26,144 WARNING:main.py:418:setup_molecule:Multiple occupancies found: CG in TYR A 7020.
2022-11-08 13:38:26,144 WARNING:main.py:418:setup_molecule:Multiple occupancies found: CD1 in TYR A 7020.
2022-11-08 13:38:26,144 WARNING:main.py:418:setup_molecule:Multiple occupancies found: CD2 in TYR A 7020.
2022-11-08 13:38:26,144 WARNING:main.py:418:setup_molecule:Multiple occupancies found: CE1 in TYR A 7020.
2022-11-08 13:38:26,144 WARNING:main.py:418:setup_molecule:Multiple occupancies found: CE2 in TYR A 7020.
2022-11-08 13:38:26,144 WARNING:main.py:418:setup_molecule:Multiple occupancies found: CZ in TYR A 7020.
2022-11-08 13:38:26,144 WARNING:main.py:418:setup_molecule:Multiple occupancies found: OH in TYR A 7020.
2022-11-08 13:38:26,145 WARNING:main.py:424:setup_molecule:Multiple occupancies found in TYR A 7020. At least one of the instances is being ignored.
2022-11-08 13:38:26,145 WARNING:main.py:418:setup_molecule:Multiple occupancies found: N in SER A 7039.
2022-11-08 13:38:26,145 WARNING:main.py:418:setup_molecule:Multiple occupancies found: CA in SER A 7039.
2022-11-08 13:38:26,145 WARNING:main.py:418:setup_molecule:Multiple occupancies found: C in SER A 7039.
2022-11-08 13:38:26,145 WARNING:main.py:418:setup_molecule:Multiple occupancies found: O in SER A 7039.
2022-11-08 13:38:26,145 WARNING:main.py:418:setup_molecule:Multiple occupancies found: CB in SER A 7039.
2022-11-08 13:38:26,145 WARNING:main.py:418:setup_molecule:Multiple occupancies found: OG in SER A 7039.
2022-11-08 13:38:26,145 WARNING:main.py:424:setup_molecule:Multiple occupancies found in SER A 7039. At least one of the instances is being ignored.
2022-11-08 13:38:26,146 WARNING:main.py:418:setup_molecule:Multiple occupancies found: N in SER A 7071.
2022-11-08 13:38:26,146 WARNING:main.py:418:setup_molecule:Multiple occupancies found: CA in SER A 7071.
2022-11-08 13:38:26,146 WARNING:main.py:418:setup_molecule:Multiple occupancies found: C in SER A 7071.
2022-11-08 13:38:26,146 WARNING:main.py:418:setup_molecule:Multiple occupancies found: O in SER A 7071.
2022-11-08 13:38:26,146 WARNING:main.py:418:setup_molecule:Multiple occupancies found: CB in SER A 7071.
2022-11-08 13:38:26,146 WARNING:main.py:418:setup_molecule:Multiple occupancies found: OG in SER A 7071.
2022-11-08 13:38:26,146 WARNING:main.py:424:setup_molecule:Multiple occupancies found in SER A 7071. At least one of the instances is being ignored.
2022-11-08 13:38:26,146 WARNING:main.py:418:setup_molecule:Multiple occupancies found: N in SER B 4286.
2022-11-08 13:38:26,147 WARNING:main.py:418:setup_molecule:Multiple occupancies found: CA in SER B 4286.
2022-11-08 13:38:26,147 WARNING:main.py:418:setup_molecule:Multiple occupancies found: C in SER B 4286.
2022-11-08 13:38:26,147 WARNING:main.py:418:setup_molecule:Multiple occupancies found: O in SER B 4286.
2022-11-08 13:38:26,147 WARNING:main.py:418:setup_molecule:Multiple occupancies found: CB in SER B 4286.
2022-11-08 13:38:26,147 WARNING:main.py:418:setup_molecule:Multiple occupancies found: OG in SER B 4286.
2022-11-08 13:38:26,147 WARNING:main.py:424:setup_molecule:Multiple occupancies found in SER B 4286. At least one of the instances is being ignored.
2022-11-08 13:38:26,147 WARNING:main.py:418:setup_molecule:Multiple occupancies found: N in ASN B 4358.
2022-11-08 13:38:26,147 WARNING:main.py:418:setup_molecule:Multiple occupancies found: CA in ASN B 4358.
2022-11-08 13:38:26,148 WARNING:main.py:418:setup_molecule:Multiple occupancies found: C in ASN B 4358.
2022-11-08 13:38:26,148 WARNING:main.py:418:setup_molecule:Multiple occupancies found: O in ASN B 4358.
2022-11-08 13:38:26,148 WARNING:main.py:418:setup_molecule:Multiple occupancies found: CB in ASN B 4358.
2022-11-08 13:38:26,148 WARNING:main.py:418:setup_molecule:Multiple occupancies found: CG in ASN B 4358.
2022-11-08 13:38:26,148 WARNING:main.py:418:setup_molecule:Multiple occupancies found: ND2 in ASN B 4358.
2022-11-08 13:38:26,148 WARNING:main.py:418:setup_molecule:Multiple occupancies found: OD1 in ASN B 4358.
2022-11-08 13:38:26,148 WARNING:main.py:424:setup_molecule:Multiple occupancies found in ASN B 4358. At least one of the instances is being ignored.
2022-11-08 13:38:26,202 WARNING:biomolecule.py:157:num_missing_heavy:Missing atom OXT in residue GLN B 4385
2022-11-08 13:38:26,205 WARNING:biomolecule.py:157:num_missing_heavy:Missing atom OXT in residue GLN B 4385
2022-11-08 13:38:26,208 WARNING:biomolecule.py:157:num_missing_heavy:Missing atom OXT in residue GLN B 4385
2022-11-08 13:38:31,964 WARNING:main.py:311:print_pqr:Ignoring 7565 header lines in output.
2022-11-08 13:38:31,964 WARNING:main.py:315:print_pqr:Ignoring 197 missing lines in output.
