2022-11-08 13:37:27,780 WARNING:biomolecule.py:966:create_residue:Unable to find amino or nucleic acid definition for ZN.  Parsing as new residue.
2022-11-08 13:37:27,781 WARNING:biomolecule.py:966:create_residue:Unable to find amino or nucleic acid definition for ZN.  Parsing as new residue.
2022-11-08 13:37:27,781 WARNING:biomolecule.py:966:create_residue:Unable to find amino or nucleic acid definition for ZN.  Parsing as new residue.
2022-11-08 13:37:27,781 WARNING:biomolecule.py:966:create_residue:Unable to find amino or nucleic acid definition for MG.  Parsing as new residue.
2022-11-08 13:37:27,781 WARNING:biomolecule.py:966:create_residue:Unable to find amino or nucleic acid definition for MG.  Parsing as new residue.
2022-11-08 13:37:27,782 WARNING:biomolecule.py:966:create_residue:Unable to find amino or nucleic acid definition for EDO.  Parsing as new residue.
2022-11-08 13:37:27,782 WARNING:biomolecule.py:966:create_residue:Unable to find amino or nucleic acid definition for SAM.  Parsing as new residue.
2022-11-08 13:37:27,782 WARNING:biomolecule.py:966:create_residue:Unable to find amino or nucleic acid definition for L0J.  Parsing as new residue.
2022-11-08 13:37:27,783 WARNING:main.py:418:setup_molecule:Multiple occupancies found: CA in CYS A 41.
2022-11-08 13:37:27,783 WARNING:main.py:418:setup_molecule:Multiple occupancies found: CB in CYS A 41.
2022-11-08 13:37:27,783 WARNING:main.py:418:setup_molecule:Multiple occupancies found: SG in CYS A 41.
2022-11-08 13:37:27,784 WARNING:main.py:424:setup_molecule:Multiple occupancies found in CYS A 41. At least one of the instances is being ignored.
2022-11-08 13:37:27,784 WARNING:main.py:418:setup_molecule:Multiple occupancies found: CA in ARG A 51.
2022-11-08 13:37:27,784 WARNING:main.py:418:setup_molecule:Multiple occupancies found: CB in ARG A 51.
2022-11-08 13:37:27,784 WARNING:main.py:418:setup_molecule:Multiple occupancies found: CG in ARG A 51.
2022-11-08 13:37:27,784 WARNING:main.py:418:setup_molecule:Multiple occupancies found: CD in ARG A 51.
2022-11-08 13:37:27,784 WARNING:main.py:418:setup_molecule:Multiple occupancies found: NE in ARG A 51.
2022-11-08 13:37:27,784 WARNING:main.py:418:setup_molecule:Multiple occupancies found: CZ in ARG A 51.
2022-11-08 13:37:27,784 WARNING:main.py:418:setup_molecule:Multiple occupancies found: NH1 in ARG A 51.
2022-11-08 13:37:27,784 WARNING:main.py:418:setup_molecule:Multiple occupancies found: NH2 in ARG A 51.
2022-11-08 13:37:27,785 WARNING:main.py:424:setup_molecule:Multiple occupancies found in ARG A 51. At least one of the instances is being ignored.
2022-11-08 13:37:27,785 WARNING:main.py:418:setup_molecule:Multiple occupancies found: CA in GLU A 192.
2022-11-08 13:37:27,785 WARNING:main.py:418:setup_molecule:Multiple occupancies found: CB in GLU A 192.
2022-11-08 13:37:27,785 WARNING:main.py:418:setup_molecule:Multiple occupancies found: CG in GLU A 192.
2022-11-08 13:37:27,785 WARNING:main.py:418:setup_molecule:Multiple occupancies found: CD in GLU A 192.
2022-11-08 13:37:27,785 WARNING:main.py:418:setup_molecule:Multiple occupancies found: OE1 in GLU A 192.
2022-11-08 13:37:27,785 WARNING:main.py:418:setup_molecule:Multiple occupancies found: OE2 in GLU A 192.
2022-11-08 13:37:27,786 WARNING:main.py:424:setup_molecule:Multiple occupancies found in GLU A 192. At least one of the instances is being ignored.
2022-11-08 13:37:27,786 WARNING:main.py:418:setup_molecule:Multiple occupancies found: CA in VAL A 215.
2022-11-08 13:37:27,786 WARNING:main.py:418:setup_molecule:Multiple occupancies found: CB in VAL A 215.
2022-11-08 13:37:27,786 WARNING:main.py:418:setup_molecule:Multiple occupancies found: CG1 in VAL A 215.
2022-11-08 13:37:27,786 WARNING:main.py:418:setup_molecule:Multiple occupancies found: CG2 in VAL A 215.
2022-11-08 13:37:27,786 WARNING:main.py:424:setup_molecule:Multiple occupancies found in VAL A 215. At least one of the instances is being ignored.
2022-11-08 13:37:27,786 WARNING:main.py:418:setup_molecule:Multiple occupancies found: CA in ARG A 227.
2022-11-08 13:37:27,789 WARNING:main.py:418:setup_molecule:Multiple occupancies found: CB in ARG A 227.
2022-11-08 13:37:27,789 WARNING:main.py:418:setup_molecule:Multiple occupancies found: CG in ARG A 227.
2022-11-08 13:37:27,789 WARNING:main.py:418:setup_molecule:Multiple occupancies found: CD in ARG A 227.
2022-11-08 13:37:27,789 WARNING:main.py:418:setup_molecule:Multiple occupancies found: NE in ARG A 227.
2022-11-08 13:37:27,789 WARNING:main.py:418:setup_molecule:Multiple occupancies found: CZ in ARG A 227.
2022-11-08 13:37:27,789 WARNING:main.py:418:setup_molecule:Multiple occupancies found: NH1 in ARG A 227.
2022-11-08 13:37:27,789 WARNING:main.py:418:setup_molecule:Multiple occupancies found: NH2 in ARG A 227.
2022-11-08 13:37:27,789 WARNING:main.py:424:setup_molecule:Multiple occupancies found in ARG A 227. At least one of the instances is being ignored.
2022-11-08 13:37:27,790 WARNING:main.py:418:setup_molecule:Multiple occupancies found: CA in GLN A 252.
2022-11-08 13:37:27,790 WARNING:main.py:418:setup_molecule:Multiple occupancies found: CB in GLN A 252.
2022-11-08 13:37:27,790 WARNING:main.py:418:setup_molecule:Multiple occupancies found: CG in GLN A 252.
2022-11-08 13:37:27,790 WARNING:main.py:418:setup_molecule:Multiple occupancies found: CD in GLN A 252.
2022-11-08 13:37:27,790 WARNING:main.py:418:setup_molecule:Multiple occupancies found: NE2 in GLN A 252.
2022-11-08 13:37:27,790 WARNING:main.py:418:setup_molecule:Multiple occupancies found: OE1 in GLN A 252.
2022-11-08 13:37:27,790 WARNING:main.py:424:setup_molecule:Multiple occupancies found in GLN A 252. At least one of the instances is being ignored.
2022-11-08 13:37:27,790 WARNING:main.py:418:setup_molecule:Multiple occupancies found: CA in GLN A 267.
2022-11-08 13:37:27,791 WARNING:main.py:418:setup_molecule:Multiple occupancies found: CB in GLN A 267.
2022-11-08 13:37:27,791 WARNING:main.py:418:setup_molecule:Multiple occupancies found: CG in GLN A 267.
2022-11-08 13:37:27,791 WARNING:main.py:418:setup_molecule:Multiple occupancies found: CD in GLN A 267.
2022-11-08 13:37:27,791 WARNING:main.py:418:setup_molecule:Multiple occupancies found: NE2 in GLN A 267.
2022-11-08 13:37:27,791 WARNING:main.py:418:setup_molecule:Multiple occupancies found: OE1 in GLN A 267.
2022-11-08 13:37:27,791 WARNING:main.py:424:setup_molecule:Multiple occupancies found in GLN A 267. At least one of the instances is being ignored.
2022-11-08 13:37:27,791 WARNING:main.py:418:setup_molecule:Multiple occupancies found: CA in ASP A 332.
2022-11-08 13:37:27,791 WARNING:main.py:418:setup_molecule:Multiple occupancies found: CB in ASP A 332.
2022-11-08 13:37:27,791 WARNING:main.py:418:setup_molecule:Multiple occupancies found: CG in ASP A 332.
2022-11-08 13:37:27,792 WARNING:main.py:418:setup_molecule:Multiple occupancies found: OD1 in ASP A 332.
2022-11-08 13:37:27,792 WARNING:main.py:418:setup_molecule:Multiple occupancies found: OD2 in ASP A 332.
2022-11-08 13:37:27,792 WARNING:main.py:424:setup_molecule:Multiple occupancies found in ASP A 332. At least one of the instances is being ignored.
2022-11-08 13:37:27,792 WARNING:main.py:418:setup_molecule:Multiple occupancies found: CA in THR A 352.
2022-11-08 13:37:27,792 WARNING:main.py:418:setup_molecule:Multiple occupancies found: CB in THR A 352.
2022-11-08 13:37:27,792 WARNING:main.py:418:setup_molecule:Multiple occupancies found: CG2 in THR A 352.
2022-11-08 13:37:27,792 WARNING:main.py:418:setup_molecule:Multiple occupancies found: OG1 in THR A 352.
2022-11-08 13:37:27,792 WARNING:main.py:424:setup_molecule:Multiple occupancies found in THR A 352. At least one of the instances is being ignored.
2022-11-08 13:37:27,806 WARNING:biomolecule.py:600:update_bonds:Gap in backbone detected between LYS A 56 and LYS A 58!
2022-11-08 13:37:27,807 WARNING:biomolecule.py:600:update_bonds:Gap in backbone detected between CYS A 93 and PRO A 95!
2022-11-08 13:37:27,841 WARNING:biomolecule.py:157:num_missing_heavy:Missing atom CE in residue LYS A 5
2022-11-08 13:37:27,841 WARNING:biomolecule.py:157:num_missing_heavy:Missing atom NZ in residue LYS A 5
2022-11-08 13:37:27,842 WARNING:biomolecule.py:157:num_missing_heavy:Missing atom CG in residue ARG A 25
2022-11-08 13:37:27,842 WARNING:biomolecule.py:157:num_missing_heavy:Missing atom CD in residue ARG A 25
2022-11-08 13:37:27,842 WARNING:biomolecule.py:157:num_missing_heavy:Missing atom NE in residue ARG A 25
2022-11-08 13:37:27,842 WARNING:biomolecule.py:157:num_missing_heavy:Missing atom CZ in residue ARG A 25
2022-11-08 13:37:27,842 WARNING:biomolecule.py:157:num_missing_heavy:Missing atom NH1 in residue ARG A 25
2022-11-08 13:37:27,842 WARNING:biomolecule.py:157:num_missing_heavy:Missing atom NH2 in residue ARG A 25
2022-11-08 13:37:27,843 WARNING:biomolecule.py:157:num_missing_heavy:Missing atom CG in residue LYS A 42
2022-11-08 13:37:27,843 WARNING:biomolecule.py:157:num_missing_heavy:Missing atom CD in residue LYS A 42
2022-11-08 13:37:27,843 WARNING:biomolecule.py:157:num_missing_heavy:Missing atom CE in residue LYS A 42
2022-11-08 13:37:27,843 WARNING:biomolecule.py:157:num_missing_heavy:Missing atom NZ in residue LYS A 42
2022-11-08 13:37:27,843 WARNING:biomolecule.py:157:num_missing_heavy:Missing atom CE in residue LYS A 56
2022-11-08 13:37:27,843 WARNING:biomolecule.py:157:num_missing_heavy:Missing atom NZ in residue LYS A 56
2022-11-08 13:37:27,843 WARNING:biomolecule.py:157:num_missing_heavy:Missing atom CG in residue LYS A 58
2022-11-08 13:37:27,843 WARNING:biomolecule.py:157:num_missing_heavy:Missing atom CD in residue LYS A 58
2022-11-08 13:37:27,844 WARNING:biomolecule.py:157:num_missing_heavy:Missing atom CE in residue LYS A 58
2022-11-08 13:37:27,844 WARNING:biomolecule.py:157:num_missing_heavy:Missing atom NZ in residue LYS A 58
2022-11-08 13:37:27,844 WARNING:biomolecule.py:157:num_missing_heavy:Missing atom CG in residue MET A 60
2022-11-08 13:37:27,844 WARNING:biomolecule.py:157:num_missing_heavy:Missing atom SD in residue MET A 60
2022-11-08 13:37:27,844 WARNING:biomolecule.py:157:num_missing_heavy:Missing atom CE in residue MET A 60
2022-11-08 13:37:27,844 WARNING:biomolecule.py:157:num_missing_heavy:Missing atom CG in residue ARG A 61
2022-11-08 13:37:27,844 WARNING:biomolecule.py:157:num_missing_heavy:Missing atom CD in residue ARG A 61
2022-11-08 13:37:27,844 WARNING:biomolecule.py:157:num_missing_heavy:Missing atom NE in residue ARG A 61
2022-11-08 13:37:27,845 WARNING:biomolecule.py:157:num_missing_heavy:Missing atom CZ in residue ARG A 61
2022-11-08 13:37:27,845 WARNING:biomolecule.py:157:num_missing_heavy:Missing atom NH1 in residue ARG A 61
2022-11-08 13:37:27,845 WARNING:biomolecule.py:157:num_missing_heavy:Missing atom NH2 in residue ARG A 61
2022-11-08 13:37:27,845 WARNING:biomolecule.py:157:num_missing_heavy:Missing atom CG in residue GLN A 64
2022-11-08 13:37:27,845 WARNING:biomolecule.py:157:num_missing_heavy:Missing atom CD in residue GLN A 64
2022-11-08 13:37:27,845 WARNING:biomolecule.py:157:num_missing_heavy:Missing atom OE1 in residue GLN A 64
2022-11-08 13:37:27,845 WARNING:biomolecule.py:157:num_missing_heavy:Missing atom NE2 in residue GLN A 64
2022-11-08 13:37:27,845 WARNING:biomolecule.py:157:num_missing_heavy:Missing atom CG in residue ARG A 66
2022-11-08 13:37:27,846 WARNING:biomolecule.py:157:num_missing_heavy:Missing atom CD in residue ARG A 66
2022-11-08 13:37:27,846 WARNING:biomolecule.py:157:num_missing_heavy:Missing atom NE in residue ARG A 66
2022-11-08 13:37:27,846 WARNING:biomolecule.py:157:num_missing_heavy:Missing atom CZ in residue ARG A 66
2022-11-08 13:37:27,846 WARNING:biomolecule.py:157:num_missing_heavy:Missing atom NH1 in residue ARG A 66
2022-11-08 13:37:27,846 WARNING:biomolecule.py:157:num_missing_heavy:Missing atom NH2 in residue ARG A 66
2022-11-08 13:37:27,846 WARNING:biomolecule.py:157:num_missing_heavy:Missing atom CE in residue LYS A 74
2022-11-08 13:37:27,846 WARNING:biomolecule.py:157:num_missing_heavy:Missing atom NZ in residue LYS A 74
2022-11-08 13:37:27,846 WARNING:biomolecule.py:157:num_missing_heavy:Missing atom CE in residue LYS A 77
2022-11-08 13:37:27,847 WARNING:biomolecule.py:157:num_missing_heavy:Missing atom NZ in residue LYS A 77
2022-11-08 13:37:27,847 WARNING:biomolecule.py:157:num_missing_heavy:Missing atom CD in residue LYS A 78
2022-11-08 13:37:27,847 WARNING:biomolecule.py:157:num_missing_heavy:Missing atom CE in residue LYS A 78
2022-11-08 13:37:27,847 WARNING:biomolecule.py:157:num_missing_heavy:Missing atom NZ in residue LYS A 78
2022-11-08 13:37:27,847 WARNING:biomolecule.py:157:num_missing_heavy:Missing atom CD in residue LYS A 84
2022-11-08 13:37:27,847 WARNING:biomolecule.py:157:num_missing_heavy:Missing atom CE in residue LYS A 84
2022-11-08 13:37:27,847 WARNING:biomolecule.py:157:num_missing_heavy:Missing atom NZ in residue LYS A 84
2022-11-08 13:37:27,847 WARNING:biomolecule.py:157:num_missing_heavy:Missing atom CD in residue LYS A 88
2022-11-08 13:37:27,848 WARNING:biomolecule.py:157:num_missing_heavy:Missing atom CE in residue LYS A 88
2022-11-08 13:37:27,848 WARNING:biomolecule.py:157:num_missing_heavy:Missing atom NZ in residue LYS A 88
2022-11-08 13:37:27,848 WARNING:biomolecule.py:157:num_missing_heavy:Missing atom CE in residue LYS A 91
2022-11-08 13:37:27,848 WARNING:biomolecule.py:157:num_missing_heavy:Missing atom NZ in residue LYS A 91
2022-11-08 13:37:27,848 WARNING:biomolecule.py:157:num_missing_heavy:Missing atom OG in residue SER A 92
2022-11-08 13:37:27,848 WARNING:biomolecule.py:157:num_missing_heavy:Missing atom CG in residue ARG A 96
2022-11-08 13:37:27,848 WARNING:biomolecule.py:157:num_missing_heavy:Missing atom CD in residue ARG A 96
2022-11-08 13:37:27,848 WARNING:biomolecule.py:157:num_missing_heavy:Missing atom NE in residue ARG A 96
2022-11-08 13:37:27,849 WARNING:biomolecule.py:157:num_missing_heavy:Missing atom CZ in residue ARG A 96
2022-11-08 13:37:27,849 WARNING:biomolecule.py:157:num_missing_heavy:Missing atom NH1 in residue ARG A 96
2022-11-08 13:37:27,849 WARNING:biomolecule.py:157:num_missing_heavy:Missing atom NH2 in residue ARG A 96
2022-11-08 13:37:27,849 WARNING:biomolecule.py:157:num_missing_heavy:Missing atom CG in residue GLU A 119
2022-11-08 13:37:27,849 WARNING:biomolecule.py:157:num_missing_heavy:Missing atom CD in residue GLU A 119
2022-11-08 13:37:27,849 WARNING:biomolecule.py:157:num_missing_heavy:Missing atom OE1 in residue GLU A 119
2022-11-08 13:37:27,849 WARNING:biomolecule.py:157:num_missing_heavy:Missing atom OE2 in residue GLU A 119
2022-11-08 13:37:27,850 WARNING:biomolecule.py:157:num_missing_heavy:Missing atom NZ in residue LYS A 122
2022-11-08 13:37:27,851 WARNING:biomolecule.py:157:num_missing_heavy:Missing atom CE in residue LYS A 284
2022-11-08 13:37:27,851 WARNING:biomolecule.py:157:num_missing_heavy:Missing atom NZ in residue LYS A 284
2022-11-08 13:37:27,851 WARNING:biomolecule.py:157:num_missing_heavy:Missing atom CD in residue LYS A 292
2022-11-08 13:37:27,851 WARNING:biomolecule.py:157:num_missing_heavy:Missing atom CE in residue LYS A 292
2022-11-08 13:37:27,851 WARNING:biomolecule.py:157:num_missing_heavy:Missing atom NZ in residue LYS A 292
2022-11-08 13:37:27,851 WARNING:biomolecule.py:157:num_missing_heavy:Missing atom CD in residue GLU A 295
2022-11-08 13:37:27,851 WARNING:biomolecule.py:157:num_missing_heavy:Missing atom OE1 in residue GLU A 295
2022-11-08 13:37:27,852 WARNING:biomolecule.py:157:num_missing_heavy:Missing atom OE2 in residue GLU A 295
2022-11-08 13:37:27,852 WARNING:biomolecule.py:157:num_missing_heavy:Missing atom CD in residue GLN A 383
2022-11-08 13:37:27,852 WARNING:biomolecule.py:157:num_missing_heavy:Missing atom OE1 in residue GLN A 383
2022-11-08 13:37:27,853 WARNING:biomolecule.py:157:num_missing_heavy:Missing atom NE2 in residue GLN A 383
2022-11-08 13:37:27,853 WARNING:biomolecule.py:157:num_missing_heavy:Missing atom CE in residue LYS A 5
2022-11-08 13:37:27,853 WARNING:biomolecule.py:157:num_missing_heavy:Missing atom NZ in residue LYS A 5
2022-11-08 13:37:27,853 WARNING:biomolecule.py:157:num_missing_heavy:Missing atom CG in residue ARG A 25
2022-11-08 13:37:27,853 WARNING:biomolecule.py:157:num_missing_heavy:Missing atom CD in residue ARG A 25
2022-11-08 13:37:27,854 WARNING:biomolecule.py:157:num_missing_heavy:Missing atom NE in residue ARG A 25
2022-11-08 13:37:27,854 WARNING:biomolecule.py:157:num_missing_heavy:Missing atom CZ in residue ARG A 25
2022-11-08 13:37:27,854 WARNING:biomolecule.py:157:num_missing_heavy:Missing atom NH1 in residue ARG A 25
2022-11-08 13:37:27,854 WARNING:biomolecule.py:157:num_missing_heavy:Missing atom NH2 in residue ARG A 25
2022-11-08 13:37:27,854 WARNING:biomolecule.py:157:num_missing_heavy:Missing atom CG in residue LYS A 42
2022-11-08 13:37:27,854 WARNING:biomolecule.py:157:num_missing_heavy:Missing atom CD in residue LYS A 42
2022-11-08 13:37:27,854 WARNING:biomolecule.py:157:num_missing_heavy:Missing atom CE in residue LYS A 42
2022-11-08 13:37:27,855 WARNING:biomolecule.py:157:num_missing_heavy:Missing atom NZ in residue LYS A 42
2022-11-08 13:37:27,855 WARNING:biomolecule.py:157:num_missing_heavy:Missing atom CE in residue LYS A 56
2022-11-08 13:37:27,855 WARNING:biomolecule.py:157:num_missing_heavy:Missing atom NZ in residue LYS A 56
2022-11-08 13:37:27,855 WARNING:biomolecule.py:157:num_missing_heavy:Missing atom CG in residue LYS A 58
2022-11-08 13:37:27,855 WARNING:biomolecule.py:157:num_missing_heavy:Missing atom CD in residue LYS A 58
2022-11-08 13:37:27,855 WARNING:biomolecule.py:157:num_missing_heavy:Missing atom CE in residue LYS A 58
2022-11-08 13:37:27,855 WARNING:biomolecule.py:157:num_missing_heavy:Missing atom NZ in residue LYS A 58
2022-11-08 13:37:27,855 WARNING:biomolecule.py:157:num_missing_heavy:Missing atom CG in residue MET A 60
2022-11-08 13:37:27,856 WARNING:biomolecule.py:157:num_missing_heavy:Missing atom SD in residue MET A 60
2022-11-08 13:37:27,856 WARNING:biomolecule.py:157:num_missing_heavy:Missing atom CE in residue MET A 60
2022-11-08 13:37:27,856 WARNING:biomolecule.py:157:num_missing_heavy:Missing atom CG in residue ARG A 61
2022-11-08 13:37:27,856 WARNING:biomolecule.py:157:num_missing_heavy:Missing atom CD in residue ARG A 61
2022-11-08 13:37:27,856 WARNING:biomolecule.py:157:num_missing_heavy:Missing atom NE in residue ARG A 61
2022-11-08 13:37:27,856 WARNING:biomolecule.py:157:num_missing_heavy:Missing atom CZ in residue ARG A 61
2022-11-08 13:37:27,856 WARNING:biomolecule.py:157:num_missing_heavy:Missing atom NH1 in residue ARG A 61
2022-11-08 13:37:27,856 WARNING:biomolecule.py:157:num_missing_heavy:Missing atom NH2 in residue ARG A 61
2022-11-08 13:37:27,857 WARNING:biomolecule.py:157:num_missing_heavy:Missing atom CG in residue GLN A 64
2022-11-08 13:37:27,857 WARNING:biomolecule.py:157:num_missing_heavy:Missing atom CD in residue GLN A 64
2022-11-08 13:37:27,857 WARNING:biomolecule.py:157:num_missing_heavy:Missing atom OE1 in residue GLN A 64
2022-11-08 13:37:27,857 WARNING:biomolecule.py:157:num_missing_heavy:Missing atom NE2 in residue GLN A 64
2022-11-08 13:37:27,857 WARNING:biomolecule.py:157:num_missing_heavy:Missing atom CG in residue ARG A 66
2022-11-08 13:37:27,857 WARNING:biomolecule.py:157:num_missing_heavy:Missing atom CD in residue ARG A 66
2022-11-08 13:37:27,857 WARNING:biomolecule.py:157:num_missing_heavy:Missing atom NE in residue ARG A 66
2022-11-08 13:37:27,857 WARNING:biomolecule.py:157:num_missing_heavy:Missing atom CZ in residue ARG A 66
2022-11-08 13:37:27,858 WARNING:biomolecule.py:157:num_missing_heavy:Missing atom NH1 in residue ARG A 66
2022-11-08 13:37:27,858 WARNING:biomolecule.py:157:num_missing_heavy:Missing atom NH2 in residue ARG A 66
2022-11-08 13:37:27,858 WARNING:biomolecule.py:157:num_missing_heavy:Missing atom CE in residue LYS A 74
2022-11-08 13:37:27,858 WARNING:biomolecule.py:157:num_missing_heavy:Missing atom NZ in residue LYS A 74
2022-11-08 13:37:27,858 WARNING:biomolecule.py:157:num_missing_heavy:Missing atom CE in residue LYS A 77
2022-11-08 13:37:27,858 WARNING:biomolecule.py:157:num_missing_heavy:Missing atom NZ in residue LYS A 77
2022-11-08 13:37:27,858 WARNING:biomolecule.py:157:num_missing_heavy:Missing atom CD in residue LYS A 78
2022-11-08 13:37:27,858 WARNING:biomolecule.py:157:num_missing_heavy:Missing atom CE in residue LYS A 78
2022-11-08 13:37:27,859 WARNING:biomolecule.py:157:num_missing_heavy:Missing atom NZ in residue LYS A 78
2022-11-08 13:37:27,859 WARNING:biomolecule.py:157:num_missing_heavy:Missing atom CD in residue LYS A 84
2022-11-08 13:37:27,859 WARNING:biomolecule.py:157:num_missing_heavy:Missing atom CE in residue LYS A 84
2022-11-08 13:37:27,859 WARNING:biomolecule.py:157:num_missing_heavy:Missing atom NZ in residue LYS A 84
2022-11-08 13:37:27,859 WARNING:biomolecule.py:157:num_missing_heavy:Missing atom CD in residue LYS A 88
2022-11-08 13:37:27,859 WARNING:biomolecule.py:157:num_missing_heavy:Missing atom CE in residue LYS A 88
2022-11-08 13:37:27,859 WARNING:biomolecule.py:157:num_missing_heavy:Missing atom NZ in residue LYS A 88
2022-11-08 13:37:27,859 WARNING:biomolecule.py:157:num_missing_heavy:Missing atom CE in residue LYS A 91
2022-11-08 13:37:27,860 WARNING:biomolecule.py:157:num_missing_heavy:Missing atom NZ in residue LYS A 91
2022-11-08 13:37:27,860 WARNING:biomolecule.py:157:num_missing_heavy:Missing atom OG in residue SER A 92
2022-11-08 13:37:27,860 WARNING:biomolecule.py:157:num_missing_heavy:Missing atom CG in residue ARG A 96
2022-11-08 13:37:27,860 WARNING:biomolecule.py:157:num_missing_heavy:Missing atom CD in residue ARG A 96
2022-11-08 13:37:27,860 WARNING:biomolecule.py:157:num_missing_heavy:Missing atom NE in residue ARG A 96
2022-11-08 13:37:27,860 WARNING:biomolecule.py:157:num_missing_heavy:Missing atom CZ in residue ARG A 96
2022-11-08 13:37:27,860 WARNING:biomolecule.py:157:num_missing_heavy:Missing atom NH1 in residue ARG A 96
2022-11-08 13:37:27,860 WARNING:biomolecule.py:157:num_missing_heavy:Missing atom NH2 in residue ARG A 96
2022-11-08 13:37:27,861 WARNING:biomolecule.py:157:num_missing_heavy:Missing atom CG in residue GLU A 119
2022-11-08 13:37:27,861 WARNING:biomolecule.py:157:num_missing_heavy:Missing atom CD in residue GLU A 119
2022-11-08 13:37:27,861 WARNING:biomolecule.py:157:num_missing_heavy:Missing atom OE1 in residue GLU A 119
2022-11-08 13:37:27,861 WARNING:biomolecule.py:157:num_missing_heavy:Missing atom OE2 in residue GLU A 119
2022-11-08 13:37:27,861 WARNING:biomolecule.py:157:num_missing_heavy:Missing atom NZ in residue LYS A 122
2022-11-08 13:37:27,862 WARNING:biomolecule.py:157:num_missing_heavy:Missing atom CE in residue LYS A 284
2022-11-08 13:37:27,862 WARNING:biomolecule.py:157:num_missing_heavy:Missing atom NZ in residue LYS A 284
2022-11-08 13:37:27,863 WARNING:biomolecule.py:157:num_missing_heavy:Missing atom CD in residue LYS A 292
2022-11-08 13:37:27,863 WARNING:biomolecule.py:157:num_missing_heavy:Missing atom CE in residue LYS A 292
2022-11-08 13:37:27,863 WARNING:biomolecule.py:157:num_missing_heavy:Missing atom NZ in residue LYS A 292
2022-11-08 13:37:27,863 WARNING:biomolecule.py:157:num_missing_heavy:Missing atom CD in residue GLU A 295
2022-11-08 13:37:27,863 WARNING:biomolecule.py:157:num_missing_heavy:Missing atom OE1 in residue GLU A 295
2022-11-08 13:37:27,863 WARNING:biomolecule.py:157:num_missing_heavy:Missing atom OE2 in residue GLU A 295
2022-11-08 13:37:27,864 WARNING:biomolecule.py:157:num_missing_heavy:Missing atom CD in residue GLN A 383
2022-11-08 13:37:27,864 WARNING:biomolecule.py:157:num_missing_heavy:Missing atom OE1 in residue GLN A 383
2022-11-08 13:37:27,864 WARNING:biomolecule.py:157:num_missing_heavy:Missing atom NE2 in residue GLN A 383
2022-11-08 13:37:27,865 WARNING:biomolecule.py:157:num_missing_heavy:Missing atom CE in residue LYS A 5
2022-11-08 13:37:27,865 WARNING:biomolecule.py:157:num_missing_heavy:Missing atom NZ in residue LYS A 5
2022-11-08 13:37:27,865 WARNING:biomolecule.py:157:num_missing_heavy:Missing atom CG in residue ARG A 25
2022-11-08 13:37:27,865 WARNING:biomolecule.py:157:num_missing_heavy:Missing atom CD in residue ARG A 25
2022-11-08 13:37:27,865 WARNING:biomolecule.py:157:num_missing_heavy:Missing atom NE in residue ARG A 25
2022-11-08 13:37:27,865 WARNING:biomolecule.py:157:num_missing_heavy:Missing atom CZ in residue ARG A 25
2022-11-08 13:37:27,865 WARNING:biomolecule.py:157:num_missing_heavy:Missing atom NH1 in residue ARG A 25
2022-11-08 13:37:27,866 WARNING:biomolecule.py:157:num_missing_heavy:Missing atom NH2 in residue ARG A 25
2022-11-08 13:37:27,866 WARNING:biomolecule.py:157:num_missing_heavy:Missing atom CG in residue LYS A 42
2022-11-08 13:37:27,866 WARNING:biomolecule.py:157:num_missing_heavy:Missing atom CD in residue LYS A 42
2022-11-08 13:37:27,866 WARNING:biomolecule.py:157:num_missing_heavy:Missing atom CE in residue LYS A 42
2022-11-08 13:37:27,866 WARNING:biomolecule.py:157:num_missing_heavy:Missing atom NZ in residue LYS A 42
2022-11-08 13:37:27,866 WARNING:biomolecule.py:157:num_missing_heavy:Missing atom CE in residue LYS A 56
2022-11-08 13:37:27,866 WARNING:biomolecule.py:157:num_missing_heavy:Missing atom NZ in residue LYS A 56
2022-11-08 13:37:27,867 WARNING:biomolecule.py:157:num_missing_heavy:Missing atom CG in residue LYS A 58
2022-11-08 13:37:27,867 WARNING:biomolecule.py:157:num_missing_heavy:Missing atom CD in residue LYS A 58
2022-11-08 13:37:27,867 WARNING:biomolecule.py:157:num_missing_heavy:Missing atom CE in residue LYS A 58
2022-11-08 13:37:27,867 WARNING:biomolecule.py:157:num_missing_heavy:Missing atom NZ in residue LYS A 58
2022-11-08 13:37:27,867 WARNING:biomolecule.py:157:num_missing_heavy:Missing atom CG in residue MET A 60
2022-11-08 13:37:27,867 WARNING:biomolecule.py:157:num_missing_heavy:Missing atom SD in residue MET A 60
2022-11-08 13:37:27,867 WARNING:biomolecule.py:157:num_missing_heavy:Missing atom CE in residue MET A 60
2022-11-08 13:37:27,867 WARNING:biomolecule.py:157:num_missing_heavy:Missing atom CG in residue ARG A 61
2022-11-08 13:37:27,868 WARNING:biomolecule.py:157:num_missing_heavy:Missing atom CD in residue ARG A 61
2022-11-08 13:37:27,868 WARNING:biomolecule.py:157:num_missing_heavy:Missing atom NE in residue ARG A 61
2022-11-08 13:37:27,868 WARNING:biomolecule.py:157:num_missing_heavy:Missing atom CZ in residue ARG A 61
2022-11-08 13:37:27,868 WARNING:biomolecule.py:157:num_missing_heavy:Missing atom NH1 in residue ARG A 61
2022-11-08 13:37:27,868 WARNING:biomolecule.py:157:num_missing_heavy:Missing atom NH2 in residue ARG A 61
2022-11-08 13:37:27,868 WARNING:biomolecule.py:157:num_missing_heavy:Missing atom CG in residue GLN A 64
2022-11-08 13:37:27,868 WARNING:biomolecule.py:157:num_missing_heavy:Missing atom CD in residue GLN A 64
2022-11-08 13:37:27,868 WARNING:biomolecule.py:157:num_missing_heavy:Missing atom OE1 in residue GLN A 64
2022-11-08 13:37:27,869 WARNING:biomolecule.py:157:num_missing_heavy:Missing atom NE2 in residue GLN A 64
2022-11-08 13:37:27,869 WARNING:biomolecule.py:157:num_missing_heavy:Missing atom CG in residue ARG A 66
2022-11-08 13:37:27,869 WARNING:biomolecule.py:157:num_missing_heavy:Missing atom CD in residue ARG A 66
2022-11-08 13:37:27,869 WARNING:biomolecule.py:157:num_missing_heavy:Missing atom NE in residue ARG A 66
2022-11-08 13:37:27,869 WARNING:biomolecule.py:157:num_missing_heavy:Missing atom CZ in residue ARG A 66
2022-11-08 13:37:27,869 WARNING:biomolecule.py:157:num_missing_heavy:Missing atom NH1 in residue ARG A 66
2022-11-08 13:37:27,869 WARNING:biomolecule.py:157:num_missing_heavy:Missing atom NH2 in residue ARG A 66
2022-11-08 13:37:27,869 WARNING:biomolecule.py:157:num_missing_heavy:Missing atom CE in residue LYS A 74
2022-11-08 13:37:27,870 WARNING:biomolecule.py:157:num_missing_heavy:Missing atom NZ in residue LYS A 74
2022-11-08 13:37:27,870 WARNING:biomolecule.py:157:num_missing_heavy:Missing atom CE in residue LYS A 77
2022-11-08 13:37:27,870 WARNING:biomolecule.py:157:num_missing_heavy:Missing atom NZ in residue LYS A 77
2022-11-08 13:37:27,870 WARNING:biomolecule.py:157:num_missing_heavy:Missing atom CD in residue LYS A 78
2022-11-08 13:37:27,870 WARNING:biomolecule.py:157:num_missing_heavy:Missing atom CE in residue LYS A 78
2022-11-08 13:37:27,870 WARNING:biomolecule.py:157:num_missing_heavy:Missing atom NZ in residue LYS A 78
2022-11-08 13:37:27,870 WARNING:biomolecule.py:157:num_missing_heavy:Missing atom CD in residue LYS A 84
2022-11-08 13:37:27,870 WARNING:biomolecule.py:157:num_missing_heavy:Missing atom CE in residue LYS A 84
2022-11-08 13:37:27,871 WARNING:biomolecule.py:157:num_missing_heavy:Missing atom NZ in residue LYS A 84
2022-11-08 13:37:27,871 WARNING:biomolecule.py:157:num_missing_heavy:Missing atom CD in residue LYS A 88
2022-11-08 13:37:27,871 WARNING:biomolecule.py:157:num_missing_heavy:Missing atom CE in residue LYS A 88
2022-11-08 13:37:27,871 WARNING:biomolecule.py:157:num_missing_heavy:Missing atom NZ in residue LYS A 88
2022-11-08 13:37:27,871 WARNING:biomolecule.py:157:num_missing_heavy:Missing atom CE in residue LYS A 91
2022-11-08 13:37:27,871 WARNING:biomolecule.py:157:num_missing_heavy:Missing atom NZ in residue LYS A 91
2022-11-08 13:37:27,871 WARNING:biomolecule.py:157:num_missing_heavy:Missing atom OG in residue SER A 92
2022-11-08 13:37:27,871 WARNING:biomolecule.py:157:num_missing_heavy:Missing atom CG in residue ARG A 96
2022-11-08 13:37:27,872 WARNING:biomolecule.py:157:num_missing_heavy:Missing atom CD in residue ARG A 96
2022-11-08 13:37:27,872 WARNING:biomolecule.py:157:num_missing_heavy:Missing atom NE in residue ARG A 96
2022-11-08 13:37:27,872 WARNING:biomolecule.py:157:num_missing_heavy:Missing atom CZ in residue ARG A 96
2022-11-08 13:37:27,872 WARNING:biomolecule.py:157:num_missing_heavy:Missing atom NH1 in residue ARG A 96
2022-11-08 13:37:27,872 WARNING:biomolecule.py:157:num_missing_heavy:Missing atom NH2 in residue ARG A 96
2022-11-08 13:37:27,872 WARNING:biomolecule.py:157:num_missing_heavy:Missing atom CG in residue GLU A 119
2022-11-08 13:37:27,872 WARNING:biomolecule.py:157:num_missing_heavy:Missing atom CD in residue GLU A 119
2022-11-08 13:37:27,872 WARNING:biomolecule.py:157:num_missing_heavy:Missing atom OE1 in residue GLU A 119
2022-11-08 13:37:27,873 WARNING:biomolecule.py:157:num_missing_heavy:Missing atom OE2 in residue GLU A 119
2022-11-08 13:37:27,873 WARNING:biomolecule.py:157:num_missing_heavy:Missing atom NZ in residue LYS A 122
2022-11-08 13:37:27,874 WARNING:biomolecule.py:157:num_missing_heavy:Missing atom CE in residue LYS A 284
2022-11-08 13:37:27,874 WARNING:biomolecule.py:157:num_missing_heavy:Missing atom NZ in residue LYS A 284
2022-11-08 13:37:27,874 WARNING:biomolecule.py:157:num_missing_heavy:Missing atom CD in residue LYS A 292
2022-11-08 13:37:27,874 WARNING:biomolecule.py:157:num_missing_heavy:Missing atom CE in residue LYS A 292
2022-11-08 13:37:27,874 WARNING:biomolecule.py:157:num_missing_heavy:Missing atom NZ in residue LYS A 292
2022-11-08 13:37:27,875 WARNING:biomolecule.py:157:num_missing_heavy:Missing atom CD in residue GLU A 295
2022-11-08 13:37:27,875 WARNING:biomolecule.py:157:num_missing_heavy:Missing atom OE1 in residue GLU A 295
2022-11-08 13:37:27,875 WARNING:biomolecule.py:157:num_missing_heavy:Missing atom OE2 in residue GLU A 295
2022-11-08 13:37:27,876 WARNING:biomolecule.py:157:num_missing_heavy:Missing atom CD in residue GLN A 383
2022-11-08 13:37:27,876 WARNING:biomolecule.py:157:num_missing_heavy:Missing atom OE1 in residue GLN A 383
2022-11-08 13:37:27,876 WARNING:biomolecule.py:157:num_missing_heavy:Missing atom NE2 in residue GLN A 383
2022-11-08 13:37:33,675 WARNING:main.py:311:print_pqr:Ignoring 2803 header lines in output.
2022-11-08 13:37:33,675 WARNING:main.py:315:print_pqr:Ignoring 59 missing lines in output.
