2022-11-08 13:25:36,434 WARNING:biomolecule.py:966:create_residue:Unable to find amino or nucleic acid definition for SAM.  Parsing as new residue.
2022-11-08 13:25:36,462 WARNING:biomolecule.py:966:create_residue:Unable to find amino or nucleic acid definition for SAM.  Parsing as new residue.
2022-11-08 13:25:36,519 WARNING:biomolecule.py:157:num_missing_heavy:Missing atom CG in residue GLN A 36
2022-11-08 13:25:36,520 WARNING:biomolecule.py:157:num_missing_heavy:Missing atom CD in residue GLN A 36
2022-11-08 13:25:36,520 WARNING:biomolecule.py:157:num_missing_heavy:Missing atom OE1 in residue GLN A 36
2022-11-08 13:25:36,520 WARNING:biomolecule.py:157:num_missing_heavy:Missing atom NE2 in residue GLN A 36
2022-11-08 13:25:36,522 WARNING:biomolecule.py:157:num_missing_heavy:Missing atom OXT in residue SER A 313
2022-11-08 13:25:36,522 WARNING:biomolecule.py:157:num_missing_heavy:Missing atom CG in residue GLN B 36
2022-11-08 13:25:36,522 WARNING:biomolecule.py:157:num_missing_heavy:Missing atom CD in residue GLN B 36
2022-11-08 13:25:36,522 WARNING:biomolecule.py:157:num_missing_heavy:Missing atom OE1 in residue GLN B 36
2022-11-08 13:25:36,522 WARNING:biomolecule.py:157:num_missing_heavy:Missing atom NE2 in residue GLN B 36
2022-11-08 13:25:36,524 WARNING:biomolecule.py:157:num_missing_heavy:Missing atom OXT in residue SER B 313
2022-11-08 13:25:36,524 WARNING:biomolecule.py:157:num_missing_heavy:Missing atom CG in residue GLN A 36
2022-11-08 13:25:36,525 WARNING:biomolecule.py:157:num_missing_heavy:Missing atom CD in residue GLN A 36
2022-11-08 13:25:36,525 WARNING:biomolecule.py:157:num_missing_heavy:Missing atom OE1 in residue GLN A 36
2022-11-08 13:25:36,525 WARNING:biomolecule.py:157:num_missing_heavy:Missing atom NE2 in residue GLN A 36
2022-11-08 13:25:36,527 WARNING:biomolecule.py:157:num_missing_heavy:Missing atom OXT in residue SER A 313
2022-11-08 13:25:36,527 WARNING:biomolecule.py:157:num_missing_heavy:Missing atom CG in residue GLN B 36
2022-11-08 13:25:36,527 WARNING:biomolecule.py:157:num_missing_heavy:Missing atom CD in residue GLN B 36
2022-11-08 13:25:36,527 WARNING:biomolecule.py:157:num_missing_heavy:Missing atom OE1 in residue GLN B 36
2022-11-08 13:25:36,527 WARNING:biomolecule.py:157:num_missing_heavy:Missing atom NE2 in residue GLN B 36
2022-11-08 13:25:36,529 WARNING:biomolecule.py:157:num_missing_heavy:Missing atom OXT in residue SER B 313
2022-11-08 13:25:36,529 WARNING:biomolecule.py:157:num_missing_heavy:Missing atom CG in residue GLN A 36
2022-11-08 13:25:36,530 WARNING:biomolecule.py:157:num_missing_heavy:Missing atom CD in residue GLN A 36
2022-11-08 13:25:36,530 WARNING:biomolecule.py:157:num_missing_heavy:Missing atom OE1 in residue GLN A 36
2022-11-08 13:25:36,530 WARNING:biomolecule.py:157:num_missing_heavy:Missing atom NE2 in residue GLN A 36
2022-11-08 13:25:36,532 WARNING:biomolecule.py:157:num_missing_heavy:Missing atom OXT in residue SER A 313
2022-11-08 13:25:36,532 WARNING:biomolecule.py:157:num_missing_heavy:Missing atom CG in residue GLN B 36
2022-11-08 13:25:36,532 WARNING:biomolecule.py:157:num_missing_heavy:Missing atom CD in residue GLN B 36
2022-11-08 13:25:36,532 WARNING:biomolecule.py:157:num_missing_heavy:Missing atom OE1 in residue GLN B 36
2022-11-08 13:25:36,532 WARNING:biomolecule.py:157:num_missing_heavy:Missing atom NE2 in residue GLN B 36
2022-11-08 13:25:36,534 WARNING:biomolecule.py:157:num_missing_heavy:Missing atom OXT in residue SER B 313
2022-11-08 13:25:42,806 WARNING:main.py:311:print_pqr:Ignoring 2681 header lines in output.
2022-11-08 13:25:42,807 WARNING:main.py:315:print_pqr:Ignoring 54 missing lines in output.
