2022-11-08 13:37:16,114 WARNING:biomolecule.py:966:create_residue:Unable to find amino or nucleic acid definition for SAM.  Parsing as new residue.
2022-11-08 13:37:16,133 WARNING:biomolecule.py:966:create_residue:Unable to find amino or nucleic acid definition for SAM.  Parsing as new residue.
2022-11-08 13:37:16,133 WARNING:biomolecule.py:966:create_residue:Unable to find amino or nucleic acid definition for SO4.  Parsing as new residue.
2022-11-08 13:37:16,134 WARNING:main.py:418:setup_molecule:Multiple occupancies found: CA in LEU A 79.
2022-11-08 13:37:16,134 WARNING:main.py:418:setup_molecule:Multiple occupancies found: CB in LEU A 79.
2022-11-08 13:37:16,134 WARNING:main.py:418:setup_molecule:Multiple occupancies found: CG in LEU A 79.
2022-11-08 13:37:16,134 WARNING:main.py:418:setup_molecule:Multiple occupancies found: CD1 in LEU A 79.
2022-11-08 13:37:16,134 WARNING:main.py:418:setup_molecule:Multiple occupancies found: CD2 in LEU A 79.
2022-11-08 13:37:16,135 WARNING:main.py:424:setup_molecule:Multiple occupancies found in LEU A 79. At least one of the instances is being ignored.
2022-11-08 13:37:16,135 WARNING:main.py:418:setup_molecule:Multiple occupancies found: CA in LEU A 146.
2022-11-08 13:37:16,135 WARNING:main.py:418:setup_molecule:Multiple occupancies found: CB in LEU A 146.
2022-11-08 13:37:16,135 WARNING:main.py:418:setup_molecule:Multiple occupancies found: CG in LEU A 146.
2022-11-08 13:37:16,135 WARNING:main.py:418:setup_molecule:Multiple occupancies found: CD1 in LEU A 146.
2022-11-08 13:37:16,135 WARNING:main.py:418:setup_molecule:Multiple occupancies found: CD2 in LEU A 146.
2022-11-08 13:37:16,135 WARNING:main.py:424:setup_molecule:Multiple occupancies found in LEU A 146. At least one of the instances is being ignored.
2022-11-08 13:37:16,135 WARNING:main.py:418:setup_molecule:Multiple occupancies found: CA in SER A 183.
2022-11-08 13:37:16,136 WARNING:main.py:418:setup_molecule:Multiple occupancies found: CB in SER A 183.
2022-11-08 13:37:16,136 WARNING:main.py:418:setup_molecule:Multiple occupancies found: OG in SER A 183.
2022-11-08 13:37:16,136 WARNING:main.py:424:setup_molecule:Multiple occupancies found in SER A 183. At least one of the instances is being ignored.
2022-11-08 13:37:16,136 WARNING:main.py:418:setup_molecule:Multiple occupancies found: CA in SER A 189.
2022-11-08 13:37:16,136 WARNING:main.py:418:setup_molecule:Multiple occupancies found: CB in SER A 189.
2022-11-08 13:37:16,136 WARNING:main.py:418:setup_molecule:Multiple occupancies found: OG in SER A 189.
2022-11-08 13:37:16,136 WARNING:main.py:424:setup_molecule:Multiple occupancies found in SER A 189. At least one of the instances is being ignored.
2022-11-08 13:37:16,136 WARNING:main.py:418:setup_molecule:Multiple occupancies found: CA in SER A 215.
2022-11-08 13:37:16,136 WARNING:main.py:418:setup_molecule:Multiple occupancies found: CB in SER A 215.
2022-11-08 13:37:16,137 WARNING:main.py:418:setup_molecule:Multiple occupancies found: OG in SER A 215.
2022-11-08 13:37:16,137 WARNING:main.py:424:setup_molecule:Multiple occupancies found in SER A 215. At least one of the instances is being ignored.
2022-11-08 13:37:16,137 WARNING:main.py:418:setup_molecule:Multiple occupancies found: CA in TYR B 12.
2022-11-08 13:37:16,137 WARNING:main.py:418:setup_molecule:Multiple occupancies found: CB in TYR B 12.
2022-11-08 13:37:16,137 WARNING:main.py:418:setup_molecule:Multiple occupancies found: CG in TYR B 12.
2022-11-08 13:37:16,137 WARNING:main.py:418:setup_molecule:Multiple occupancies found: CD1 in TYR B 12.
2022-11-08 13:37:16,137 WARNING:main.py:418:setup_molecule:Multiple occupancies found: CD2 in TYR B 12.
2022-11-08 13:37:16,137 WARNING:main.py:418:setup_molecule:Multiple occupancies found: CE1 in TYR B 12.
2022-11-08 13:37:16,138 WARNING:main.py:418:setup_molecule:Multiple occupancies found: CE2 in TYR B 12.
2022-11-08 13:37:16,138 WARNING:main.py:418:setup_molecule:Multiple occupancies found: CZ in TYR B 12.
2022-11-08 13:37:16,139 WARNING:main.py:418:setup_molecule:Multiple occupancies found: OH in TYR B 12.
2022-11-08 13:37:16,139 WARNING:main.py:424:setup_molecule:Multiple occupancies found in TYR B 12. At least one of the instances is being ignored.
2022-11-08 13:37:16,139 WARNING:main.py:418:setup_molecule:Multiple occupancies found: CA in ARG B 125.
2022-11-08 13:37:16,139 WARNING:main.py:418:setup_molecule:Multiple occupancies found: CB in ARG B 125.
2022-11-08 13:37:16,139 WARNING:main.py:418:setup_molecule:Multiple occupancies found: CG in ARG B 125.
2022-11-08 13:37:16,139 WARNING:main.py:418:setup_molecule:Multiple occupancies found: CD in ARG B 125.
2022-11-08 13:37:16,139 WARNING:main.py:418:setup_molecule:Multiple occupancies found: NE in ARG B 125.
2022-11-08 13:37:16,140 WARNING:main.py:418:setup_molecule:Multiple occupancies found: CZ in ARG B 125.
2022-11-08 13:37:16,140 WARNING:main.py:418:setup_molecule:Multiple occupancies found: NH1 in ARG B 125.
2022-11-08 13:37:16,140 WARNING:main.py:418:setup_molecule:Multiple occupancies found: NH2 in ARG B 125.
2022-11-08 13:37:16,140 WARNING:main.py:424:setup_molecule:Multiple occupancies found in ARG B 125. At least one of the instances is being ignored.
2022-11-08 13:37:16,140 WARNING:main.py:418:setup_molecule:Multiple occupancies found: CA in SER B 183.
2022-11-08 13:37:16,140 WARNING:main.py:418:setup_molecule:Multiple occupancies found: CB in SER B 183.
2022-11-08 13:37:16,140 WARNING:main.py:418:setup_molecule:Multiple occupancies found: OG in SER B 183.
2022-11-08 13:37:16,140 WARNING:main.py:424:setup_molecule:Multiple occupancies found in SER B 183. At least one of the instances is being ignored.
2022-11-08 13:37:16,141 WARNING:main.py:418:setup_molecule:Multiple occupancies found: CA in SER B 189.
2022-11-08 13:37:16,141 WARNING:main.py:418:setup_molecule:Multiple occupancies found: CB in SER B 189.
2022-11-08 13:37:16,141 WARNING:main.py:418:setup_molecule:Multiple occupancies found: OG in SER B 189.
2022-11-08 13:37:16,141 WARNING:main.py:424:setup_molecule:Multiple occupancies found in SER B 189. At least one of the instances is being ignored.
2022-11-08 13:37:16,141 WARNING:main.py:418:setup_molecule:Multiple occupancies found: CA in SER B 215.
2022-11-08 13:37:16,141 WARNING:main.py:418:setup_molecule:Multiple occupancies found: CB in SER B 215.
2022-11-08 13:37:16,141 WARNING:main.py:418:setup_molecule:Multiple occupancies found: OG in SER B 215.
2022-11-08 13:37:16,141 WARNING:main.py:424:setup_molecule:Multiple occupancies found in SER B 215. At least one of the instances is being ignored.
2022-11-08 13:37:16,157 WARNING:biomolecule.py:600:update_bonds:Gap in backbone detected between GLY A 161 and SER A 177!
2022-11-08 13:37:16,159 WARNING:biomolecule.py:600:update_bonds:Gap in backbone detected between SER B 19 and ALA B 24!
2022-11-08 13:37:16,161 WARNING:biomolecule.py:600:update_bonds:Gap in backbone detected between LEU B 160 and SER B 177!
2022-11-08 13:37:16,192 WARNING:biomolecule.py:157:num_missing_heavy:Missing atom CG in residue GLN A 18
2022-11-08 13:37:16,192 WARNING:biomolecule.py:157:num_missing_heavy:Missing atom CD in residue GLN A 18
2022-11-08 13:37:16,192 WARNING:biomolecule.py:157:num_missing_heavy:Missing atom OE1 in residue GLN A 18
2022-11-08 13:37:16,192 WARNING:biomolecule.py:157:num_missing_heavy:Missing atom NE2 in residue GLN A 18
2022-11-08 13:37:16,192 WARNING:biomolecule.py:157:num_missing_heavy:Missing atom CG in residue LYS A 23
2022-11-08 13:37:16,192 WARNING:biomolecule.py:157:num_missing_heavy:Missing atom CD in residue LYS A 23
2022-11-08 13:37:16,192 WARNING:biomolecule.py:157:num_missing_heavy:Missing atom CE in residue LYS A 23
2022-11-08 13:37:16,193 WARNING:biomolecule.py:157:num_missing_heavy:Missing atom NZ in residue LYS A 23
2022-11-08 13:37:16,193 WARNING:biomolecule.py:157:num_missing_heavy:Missing atom OG in residue SER A 177
2022-11-08 13:37:16,194 WARNING:biomolecule.py:157:num_missing_heavy:Missing atom OXT in residue LEU A 227
2022-11-08 13:37:16,194 WARNING:biomolecule.py:157:num_missing_heavy:Missing atom NE in residue ARG B 17
2022-11-08 13:37:16,194 WARNING:biomolecule.py:157:num_missing_heavy:Missing atom CZ in residue ARG B 17
2022-11-08 13:37:16,194 WARNING:biomolecule.py:157:num_missing_heavy:Missing atom NH1 in residue ARG B 17
2022-11-08 13:37:16,195 WARNING:biomolecule.py:157:num_missing_heavy:Missing atom NH2 in residue ARG B 17
2022-11-08 13:37:16,195 WARNING:biomolecule.py:157:num_missing_heavy:Missing atom CG1 in residue ILE B 25
2022-11-08 13:37:16,195 WARNING:biomolecule.py:157:num_missing_heavy:Missing atom CG2 in residue ILE B 25
2022-11-08 13:37:16,195 WARNING:biomolecule.py:157:num_missing_heavy:Missing atom CD1 in residue ILE B 25
2022-11-08 13:37:16,195 WARNING:biomolecule.py:157:num_missing_heavy:Missing atom CG in residue ASP B 26
2022-11-08 13:37:16,195 WARNING:biomolecule.py:157:num_missing_heavy:Missing atom OD1 in residue ASP B 26
2022-11-08 13:37:16,195 WARNING:biomolecule.py:157:num_missing_heavy:Missing atom OD2 in residue ASP B 26
2022-11-08 13:37:16,196 WARNING:biomolecule.py:157:num_missing_heavy:Missing atom CZ in residue ARG B 39
2022-11-08 13:37:16,196 WARNING:biomolecule.py:157:num_missing_heavy:Missing atom NH1 in residue ARG B 39
2022-11-08 13:37:16,196 WARNING:biomolecule.py:157:num_missing_heavy:Missing atom NH2 in residue ARG B 39
2022-11-08 13:37:16,196 WARNING:biomolecule.py:157:num_missing_heavy:Missing atom CG1 in residue VAL B 44
2022-11-08 13:37:16,196 WARNING:biomolecule.py:157:num_missing_heavy:Missing atom CG2 in residue VAL B 44
2022-11-08 13:37:16,196 WARNING:biomolecule.py:157:num_missing_heavy:Missing atom CE in residue LYS B 46
2022-11-08 13:37:16,196 WARNING:biomolecule.py:157:num_missing_heavy:Missing atom NZ in residue LYS B 46
2022-11-08 13:37:16,197 WARNING:biomolecule.py:157:num_missing_heavy:Missing atom CD in residue GLU B 77
2022-11-08 13:37:16,197 WARNING:biomolecule.py:157:num_missing_heavy:Missing atom OE1 in residue GLU B 77
2022-11-08 13:37:16,197 WARNING:biomolecule.py:157:num_missing_heavy:Missing atom OE2 in residue GLU B 77
2022-11-08 13:37:16,197 WARNING:biomolecule.py:157:num_missing_heavy:Missing atom CG in residue LEU B 160
2022-11-08 13:37:16,198 WARNING:biomolecule.py:157:num_missing_heavy:Missing atom CD1 in residue LEU B 160
2022-11-08 13:37:16,198 WARNING:biomolecule.py:157:num_missing_heavy:Missing atom CD2 in residue LEU B 160
2022-11-08 13:37:16,198 WARNING:biomolecule.py:157:num_missing_heavy:Missing atom ND1 in residue HIS B 204
2022-11-08 13:37:16,198 WARNING:biomolecule.py:157:num_missing_heavy:Missing atom CD2 in residue HIS B 204
2022-11-08 13:37:16,198 WARNING:biomolecule.py:157:num_missing_heavy:Missing atom CE1 in residue HIS B 204
2022-11-08 13:37:16,198 WARNING:biomolecule.py:157:num_missing_heavy:Missing atom NE2 in residue HIS B 204
2022-11-08 13:37:16,198 WARNING:biomolecule.py:157:num_missing_heavy:Missing atom CE in residue LYS B 206
2022-11-08 13:37:16,199 WARNING:biomolecule.py:157:num_missing_heavy:Missing atom NZ in residue LYS B 206
2022-11-08 13:37:16,199 WARNING:biomolecule.py:157:num_missing_heavy:Missing atom OXT in residue SER B 231
2022-11-08 13:37:16,199 WARNING:biomolecule.py:157:num_missing_heavy:Missing atom CG in residue GLN A 18
2022-11-08 13:37:16,199 WARNING:biomolecule.py:157:num_missing_heavy:Missing atom CD in residue GLN A 18
2022-11-08 13:37:16,199 WARNING:biomolecule.py:157:num_missing_heavy:Missing atom OE1 in residue GLN A 18
2022-11-08 13:37:16,200 WARNING:biomolecule.py:157:num_missing_heavy:Missing atom NE2 in residue GLN A 18
2022-11-08 13:37:16,200 WARNING:biomolecule.py:157:num_missing_heavy:Missing atom CG in residue LYS A 23
2022-11-08 13:37:16,200 WARNING:biomolecule.py:157:num_missing_heavy:Missing atom CD in residue LYS A 23
2022-11-08 13:37:16,200 WARNING:biomolecule.py:157:num_missing_heavy:Missing atom CE in residue LYS A 23
2022-11-08 13:37:16,200 WARNING:biomolecule.py:157:num_missing_heavy:Missing atom NZ in residue LYS A 23
2022-11-08 13:37:16,201 WARNING:biomolecule.py:157:num_missing_heavy:Missing atom OG in residue SER A 177
2022-11-08 13:37:16,201 WARNING:biomolecule.py:157:num_missing_heavy:Missing atom OXT in residue LEU A 227
2022-11-08 13:37:16,202 WARNING:biomolecule.py:157:num_missing_heavy:Missing atom NE in residue ARG B 17
2022-11-08 13:37:16,202 WARNING:biomolecule.py:157:num_missing_heavy:Missing atom CZ in residue ARG B 17
2022-11-08 13:37:16,202 WARNING:biomolecule.py:157:num_missing_heavy:Missing atom NH1 in residue ARG B 17
2022-11-08 13:37:16,202 WARNING:biomolecule.py:157:num_missing_heavy:Missing atom NH2 in residue ARG B 17
2022-11-08 13:37:16,202 WARNING:biomolecule.py:157:num_missing_heavy:Missing atom CG1 in residue ILE B 25
2022-11-08 13:37:16,202 WARNING:biomolecule.py:157:num_missing_heavy:Missing atom CG2 in residue ILE B 25
2022-11-08 13:37:16,202 WARNING:biomolecule.py:157:num_missing_heavy:Missing atom CD1 in residue ILE B 25
2022-11-08 13:37:16,203 WARNING:biomolecule.py:157:num_missing_heavy:Missing atom CG in residue ASP B 26
2022-11-08 13:37:16,203 WARNING:biomolecule.py:157:num_missing_heavy:Missing atom OD1 in residue ASP B 26
2022-11-08 13:37:16,203 WARNING:biomolecule.py:157:num_missing_heavy:Missing atom OD2 in residue ASP B 26
2022-11-08 13:37:16,203 WARNING:biomolecule.py:157:num_missing_heavy:Missing atom CZ in residue ARG B 39
2022-11-08 13:37:16,203 WARNING:biomolecule.py:157:num_missing_heavy:Missing atom NH1 in residue ARG B 39
2022-11-08 13:37:16,203 WARNING:biomolecule.py:157:num_missing_heavy:Missing atom NH2 in residue ARG B 39
2022-11-08 13:37:16,203 WARNING:biomolecule.py:157:num_missing_heavy:Missing atom CG1 in residue VAL B 44
2022-11-08 13:37:16,204 WARNING:biomolecule.py:157:num_missing_heavy:Missing atom CG2 in residue VAL B 44
2022-11-08 13:37:16,204 WARNING:biomolecule.py:157:num_missing_heavy:Missing atom CE in residue LYS B 46
2022-11-08 13:37:16,204 WARNING:biomolecule.py:157:num_missing_heavy:Missing atom NZ in residue LYS B 46
2022-11-08 13:37:16,204 WARNING:biomolecule.py:157:num_missing_heavy:Missing atom CD in residue GLU B 77
2022-11-08 13:37:16,204 WARNING:biomolecule.py:157:num_missing_heavy:Missing atom OE1 in residue GLU B 77
2022-11-08 13:37:16,204 WARNING:biomolecule.py:157:num_missing_heavy:Missing atom OE2 in residue GLU B 77
2022-11-08 13:37:16,205 WARNING:biomolecule.py:157:num_missing_heavy:Missing atom CG in residue LEU B 160
2022-11-08 13:37:16,205 WARNING:biomolecule.py:157:num_missing_heavy:Missing atom CD1 in residue LEU B 160
2022-11-08 13:37:16,205 WARNING:biomolecule.py:157:num_missing_heavy:Missing atom CD2 in residue LEU B 160
2022-11-08 13:37:16,206 WARNING:biomolecule.py:157:num_missing_heavy:Missing atom ND1 in residue HIS B 204
2022-11-08 13:37:16,206 WARNING:biomolecule.py:157:num_missing_heavy:Missing atom CD2 in residue HIS B 204
2022-11-08 13:37:16,206 WARNING:biomolecule.py:157:num_missing_heavy:Missing atom CE1 in residue HIS B 204
2022-11-08 13:37:16,206 WARNING:biomolecule.py:157:num_missing_heavy:Missing atom NE2 in residue HIS B 204
2022-11-08 13:37:16,206 WARNING:biomolecule.py:157:num_missing_heavy:Missing atom CE in residue LYS B 206
2022-11-08 13:37:16,206 WARNING:biomolecule.py:157:num_missing_heavy:Missing atom NZ in residue LYS B 206
2022-11-08 13:37:16,206 WARNING:biomolecule.py:157:num_missing_heavy:Missing atom OXT in residue SER B 231
2022-11-08 13:37:16,207 WARNING:biomolecule.py:157:num_missing_heavy:Missing atom CG in residue GLN A 18
2022-11-08 13:37:16,207 WARNING:biomolecule.py:157:num_missing_heavy:Missing atom CD in residue GLN A 18
2022-11-08 13:37:16,207 WARNING:biomolecule.py:157:num_missing_heavy:Missing atom OE1 in residue GLN A 18
2022-11-08 13:37:16,207 WARNING:biomolecule.py:157:num_missing_heavy:Missing atom NE2 in residue GLN A 18
2022-11-08 13:37:16,207 WARNING:biomolecule.py:157:num_missing_heavy:Missing atom CG in residue LYS A 23
2022-11-08 13:37:16,207 WARNING:biomolecule.py:157:num_missing_heavy:Missing atom CD in residue LYS A 23
2022-11-08 13:37:16,207 WARNING:biomolecule.py:157:num_missing_heavy:Missing atom CE in residue LYS A 23
2022-11-08 13:37:16,208 WARNING:biomolecule.py:157:num_missing_heavy:Missing atom NZ in residue LYS A 23
2022-11-08 13:37:16,209 WARNING:biomolecule.py:157:num_missing_heavy:Missing atom OG in residue SER A 177
2022-11-08 13:37:16,209 WARNING:biomolecule.py:157:num_missing_heavy:Missing atom OXT in residue LEU A 227
2022-11-08 13:37:16,209 WARNING:biomolecule.py:157:num_missing_heavy:Missing atom NE in residue ARG B 17
2022-11-08 13:37:16,209 WARNING:biomolecule.py:157:num_missing_heavy:Missing atom CZ in residue ARG B 17
2022-11-08 13:37:16,209 WARNING:biomolecule.py:157:num_missing_heavy:Missing atom NH1 in residue ARG B 17
2022-11-08 13:37:16,210 WARNING:biomolecule.py:157:num_missing_heavy:Missing atom NH2 in residue ARG B 17
2022-11-08 13:37:16,210 WARNING:biomolecule.py:157:num_missing_heavy:Missing atom CG1 in residue ILE B 25
2022-11-08 13:37:16,210 WARNING:biomolecule.py:157:num_missing_heavy:Missing atom CG2 in residue ILE B 25
2022-11-08 13:37:16,210 WARNING:biomolecule.py:157:num_missing_heavy:Missing atom CD1 in residue ILE B 25
2022-11-08 13:37:16,210 WARNING:biomolecule.py:157:num_missing_heavy:Missing atom CG in residue ASP B 26
2022-11-08 13:37:16,210 WARNING:biomolecule.py:157:num_missing_heavy:Missing atom OD1 in residue ASP B 26
2022-11-08 13:37:16,210 WARNING:biomolecule.py:157:num_missing_heavy:Missing atom OD2 in residue ASP B 26
2022-11-08 13:37:16,211 WARNING:biomolecule.py:157:num_missing_heavy:Missing atom CZ in residue ARG B 39
2022-11-08 13:37:16,211 WARNING:biomolecule.py:157:num_missing_heavy:Missing atom NH1 in residue ARG B 39
2022-11-08 13:37:16,211 WARNING:biomolecule.py:157:num_missing_heavy:Missing atom NH2 in residue ARG B 39
2022-11-08 13:37:16,211 WARNING:biomolecule.py:157:num_missing_heavy:Missing atom CG1 in residue VAL B 44
2022-11-08 13:37:16,211 WARNING:biomolecule.py:157:num_missing_heavy:Missing atom CG2 in residue VAL B 44
2022-11-08 13:37:16,211 WARNING:biomolecule.py:157:num_missing_heavy:Missing atom CE in residue LYS B 46
2022-11-08 13:37:16,211 WARNING:biomolecule.py:157:num_missing_heavy:Missing atom NZ in residue LYS B 46
2022-11-08 13:37:16,212 WARNING:biomolecule.py:157:num_missing_heavy:Missing atom CD in residue GLU B 77
2022-11-08 13:37:16,212 WARNING:biomolecule.py:157:num_missing_heavy:Missing atom OE1 in residue GLU B 77
2022-11-08 13:37:16,212 WARNING:biomolecule.py:157:num_missing_heavy:Missing atom OE2 in residue GLU B 77
2022-11-08 13:37:16,212 WARNING:biomolecule.py:157:num_missing_heavy:Missing atom CG in residue LEU B 160
2022-11-08 13:37:16,213 WARNING:biomolecule.py:157:num_missing_heavy:Missing atom CD1 in residue LEU B 160
2022-11-08 13:37:16,213 WARNING:biomolecule.py:157:num_missing_heavy:Missing atom CD2 in residue LEU B 160
2022-11-08 13:37:16,213 WARNING:biomolecule.py:157:num_missing_heavy:Missing atom ND1 in residue HIS B 204
2022-11-08 13:37:16,213 WARNING:biomolecule.py:157:num_missing_heavy:Missing atom CD2 in residue HIS B 204
2022-11-08 13:37:16,213 WARNING:biomolecule.py:157:num_missing_heavy:Missing atom CE1 in residue HIS B 204
2022-11-08 13:37:16,213 WARNING:biomolecule.py:157:num_missing_heavy:Missing atom NE2 in residue HIS B 204
2022-11-08 13:37:16,214 WARNING:biomolecule.py:157:num_missing_heavy:Missing atom CE in residue LYS B 206
2022-11-08 13:37:16,214 WARNING:biomolecule.py:157:num_missing_heavy:Missing atom NZ in residue LYS B 206
2022-11-08 13:37:16,214 WARNING:biomolecule.py:157:num_missing_heavy:Missing atom OXT in residue SER B 231
2022-11-08 13:37:21,413 WARNING:main.py:311:print_pqr:Ignoring 2792 header lines in output.
2022-11-08 13:37:21,414 WARNING:main.py:315:print_pqr:Ignoring 59 missing lines in output.
