2022-11-08 13:30:23,706 WARNING:biomolecule.py:966:create_residue:Unable to find amino or nucleic acid definition for SAM.  Parsing as new residue.
2022-11-08 13:30:23,707 WARNING:biomolecule.py:966:create_residue:Unable to find amino or nucleic acid definition for EDO.  Parsing as new residue.
2022-11-08 13:30:23,707 WARNING:biomolecule.py:966:create_residue:Unable to find amino or nucleic acid definition for UNX.  Parsing as new residue.
2022-11-08 13:30:23,707 WARNING:biomolecule.py:966:create_residue:Unable to find amino or nucleic acid definition for UNX.  Parsing as new residue.
2022-11-08 13:30:23,708 WARNING:biomolecule.py:966:create_residue:Unable to find amino or nucleic acid definition for UNX.  Parsing as new residue.
2022-11-08 13:30:23,708 WARNING:biomolecule.py:966:create_residue:Unable to find amino or nucleic acid definition for UNX.  Parsing as new residue.
2022-11-08 13:30:23,708 WARNING:biomolecule.py:966:create_residue:Unable to find amino or nucleic acid definition for UNX.  Parsing as new residue.
2022-11-08 13:30:23,708 WARNING:biomolecule.py:966:create_residue:Unable to find amino or nucleic acid definition for UNX.  Parsing as new residue.
2022-11-08 13:30:23,708 WARNING:biomolecule.py:966:create_residue:Unable to find amino or nucleic acid definition for UNX.  Parsing as new residue.
2022-11-08 13:30:23,709 WARNING:io.py:40:filter:Suppressing further "Unable to find amino or nucleic acid definition for" messages
2022-11-08 13:30:23,749 WARNING:main.py:418:setup_molecule:Multiple occupancies found: CA in VAL A 27.
2022-11-08 13:30:23,750 WARNING:main.py:418:setup_molecule:Multiple occupancies found: CB in VAL A 27.
2022-11-08 13:30:23,750 WARNING:main.py:418:setup_molecule:Multiple occupancies found: CG1 in VAL A 27.
2022-11-08 13:30:23,750 WARNING:main.py:418:setup_molecule:Multiple occupancies found: CG2 in VAL A 27.
2022-11-08 13:30:23,750 WARNING:main.py:424:setup_molecule:Multiple occupancies found in VAL A 27. At least one of the instances is being ignored.
2022-11-08 13:30:23,750 WARNING:main.py:418:setup_molecule:Multiple occupancies found: CA in ARG A 29.
2022-11-08 13:30:23,750 WARNING:main.py:418:setup_molecule:Multiple occupancies found: CB in ARG A 29.
2022-11-08 13:30:23,750 WARNING:main.py:418:setup_molecule:Multiple occupancies found: CG in ARG A 29.
2022-11-08 13:30:23,750 WARNING:main.py:418:setup_molecule:Multiple occupancies found: CD in ARG A 29.
2022-11-08 13:30:23,750 WARNING:main.py:418:setup_molecule:Multiple occupancies found: NE in ARG A 29.
2022-11-08 13:30:23,751 WARNING:main.py:418:setup_molecule:Multiple occupancies found: CZ in ARG A 29.
2022-11-08 13:30:23,751 WARNING:main.py:418:setup_molecule:Multiple occupancies found: NH1 in ARG A 29.
2022-11-08 13:30:23,751 WARNING:main.py:418:setup_molecule:Multiple occupancies found: NH2 in ARG A 29.
2022-11-08 13:30:23,751 WARNING:main.py:424:setup_molecule:Multiple occupancies found in ARG A 29. At least one of the instances is being ignored.
2022-11-08 13:30:23,751 WARNING:main.py:418:setup_molecule:Multiple occupancies found: N in ILE A 146.
2022-11-08 13:30:23,751 WARNING:main.py:418:setup_molecule:Multiple occupancies found: CA in ILE A 146.
2022-11-08 13:30:23,751 WARNING:main.py:418:setup_molecule:Multiple occupancies found: C in ILE A 146.
2022-11-08 13:30:23,751 WARNING:main.py:418:setup_molecule:Multiple occupancies found: O in ILE A 146.
2022-11-08 13:30:23,752 WARNING:main.py:418:setup_molecule:Multiple occupancies found: CB in ILE A 146.
2022-11-08 13:30:23,752 WARNING:main.py:418:setup_molecule:Multiple occupancies found: CG1 in ILE A 146.
2022-11-08 13:30:23,752 WARNING:main.py:418:setup_molecule:Multiple occupancies found: CG2 in ILE A 146.
2022-11-08 13:30:23,752 WARNING:main.py:418:setup_molecule:Multiple occupancies found: CD1 in ILE A 146.
2022-11-08 13:30:23,752 WARNING:main.py:424:setup_molecule:Multiple occupancies found in ILE A 146. At least one of the instances is being ignored.
2022-11-08 13:30:23,753 WARNING:main.py:418:setup_molecule:Multiple occupancies found: N in TYR A 147.
2022-11-08 13:30:23,753 WARNING:main.py:418:setup_molecule:Multiple occupancies found: CA in TYR A 147.
2022-11-08 13:30:23,753 WARNING:main.py:418:setup_molecule:Multiple occupancies found: C in TYR A 147.
2022-11-08 13:30:23,753 WARNING:main.py:418:setup_molecule:Multiple occupancies found: O in TYR A 147.
2022-11-08 13:30:23,754 WARNING:main.py:418:setup_molecule:Multiple occupancies found: CB in TYR A 147.
2022-11-08 13:30:23,754 WARNING:main.py:418:setup_molecule:Multiple occupancies found: CG in TYR A 147.
2022-11-08 13:30:23,754 WARNING:main.py:418:setup_molecule:Multiple occupancies found: CD1 in TYR A 147.
2022-11-08 13:30:23,754 WARNING:main.py:418:setup_molecule:Multiple occupancies found: CD2 in TYR A 147.
2022-11-08 13:30:23,754 WARNING:main.py:418:setup_molecule:Multiple occupancies found: CE1 in TYR A 147.
2022-11-08 13:30:23,754 WARNING:main.py:418:setup_molecule:Multiple occupancies found: CE2 in TYR A 147.
2022-11-08 13:30:23,754 WARNING:main.py:418:setup_molecule:Multiple occupancies found: CZ in TYR A 147.
2022-11-08 13:30:23,754 WARNING:main.py:418:setup_molecule:Multiple occupancies found: OH in TYR A 147.
2022-11-08 13:30:23,754 WARNING:main.py:424:setup_molecule:Multiple occupancies found in TYR A 147. At least one of the instances is being ignored.
2022-11-08 13:30:23,755 WARNING:main.py:418:setup_molecule:Multiple occupancies found: CA in ILE A 162.
2022-11-08 13:30:23,755 WARNING:main.py:418:setup_molecule:Multiple occupancies found: CB in ILE A 162.
2022-11-08 13:30:23,755 WARNING:main.py:418:setup_molecule:Multiple occupancies found: CG1 in ILE A 162.
2022-11-08 13:30:23,755 WARNING:main.py:418:setup_molecule:Multiple occupancies found: CG2 in ILE A 162.
2022-11-08 13:30:23,755 WARNING:main.py:418:setup_molecule:Multiple occupancies found: CD1 in ILE A 162.
2022-11-08 13:30:23,755 WARNING:main.py:424:setup_molecule:Multiple occupancies found in ILE A 162. At least one of the instances is being ignored.
2022-11-08 13:30:23,755 WARNING:main.py:418:setup_molecule:Multiple occupancies found: CA in ARG A 176.
2022-11-08 13:30:23,755 WARNING:main.py:418:setup_molecule:Multiple occupancies found: CB in ARG A 176.
2022-11-08 13:30:23,755 WARNING:main.py:418:setup_molecule:Multiple occupancies found: CG in ARG A 176.
2022-11-08 13:30:23,756 WARNING:main.py:418:setup_molecule:Multiple occupancies found: CD in ARG A 176.
2022-11-08 13:30:23,756 WARNING:main.py:418:setup_molecule:Multiple occupancies found: NE in ARG A 176.
2022-11-08 13:30:23,756 WARNING:main.py:418:setup_molecule:Multiple occupancies found: CZ in ARG A 176.
2022-11-08 13:30:23,756 WARNING:main.py:418:setup_molecule:Multiple occupancies found: NH1 in ARG A 176.
2022-11-08 13:30:23,756 WARNING:main.py:418:setup_molecule:Multiple occupancies found: NH2 in ARG A 176.
2022-11-08 13:30:23,756 WARNING:main.py:424:setup_molecule:Multiple occupancies found in ARG A 176. At least one of the instances is being ignored.
2022-11-08 13:30:23,756 WARNING:main.py:418:setup_molecule:Multiple occupancies found: CA in GLU A 199.
2022-11-08 13:30:23,756 WARNING:main.py:418:setup_molecule:Multiple occupancies found: CB in GLU A 199.
2022-11-08 13:30:23,756 WARNING:main.py:418:setup_molecule:Multiple occupancies found: CG in GLU A 199.
2022-11-08 13:30:23,757 WARNING:main.py:424:setup_molecule:Multiple occupancies found in GLU A 199. At least one of the instances is being ignored.
2022-11-08 13:30:23,757 WARNING:main.py:418:setup_molecule:Multiple occupancies found: CA in ARG B 18.
2022-11-08 13:30:23,757 WARNING:main.py:418:setup_molecule:Multiple occupancies found: CB in ARG B 18.
2022-11-08 13:30:23,757 WARNING:main.py:418:setup_molecule:Multiple occupancies found: CG in ARG B 18.
2022-11-08 13:30:23,757 WARNING:main.py:418:setup_molecule:Multiple occupancies found: CD in ARG B 18.
2022-11-08 13:30:23,757 WARNING:main.py:418:setup_molecule:Multiple occupancies found: NE in ARG B 18.
2022-11-08 13:30:23,757 WARNING:main.py:418:setup_molecule:Multiple occupancies found: CZ in ARG B 18.
2022-11-08 13:30:23,757 WARNING:main.py:418:setup_molecule:Multiple occupancies found: NH1 in ARG B 18.
2022-11-08 13:30:23,758 WARNING:main.py:418:setup_molecule:Multiple occupancies found: NH2 in ARG B 18.
2022-11-08 13:30:23,758 WARNING:main.py:424:setup_molecule:Multiple occupancies found in ARG B 18. At least one of the instances is being ignored.
2022-11-08 13:30:23,758 WARNING:main.py:418:setup_molecule:Multiple occupancies found: CA in VAL B 27.
2022-11-08 13:30:23,758 WARNING:main.py:418:setup_molecule:Multiple occupancies found: CB in VAL B 27.
2022-11-08 13:30:23,758 WARNING:main.py:418:setup_molecule:Multiple occupancies found: CG1 in VAL B 27.
2022-11-08 13:30:23,758 WARNING:main.py:418:setup_molecule:Multiple occupancies found: CG2 in VAL B 27.
2022-11-08 13:30:23,758 WARNING:main.py:424:setup_molecule:Multiple occupancies found in VAL B 27. At least one of the instances is being ignored.
2022-11-08 13:30:23,758 WARNING:main.py:418:setup_molecule:Multiple occupancies found: CA in MET B 106.
2022-11-08 13:30:23,759 WARNING:main.py:418:setup_molecule:Multiple occupancies found: CB in MET B 106.
2022-11-08 13:30:23,759 WARNING:main.py:418:setup_molecule:Multiple occupancies found: CG in MET B 106.
2022-11-08 13:30:23,759 WARNING:main.py:418:setup_molecule:Multiple occupancies found: SD in MET B 106.
2022-11-08 13:30:23,759 WARNING:main.py:418:setup_molecule:Multiple occupancies found: CE in MET B 106.
2022-11-08 13:30:23,759 WARNING:main.py:424:setup_molecule:Multiple occupancies found in MET B 106. At least one of the instances is being ignored.
2022-11-08 13:30:23,759 WARNING:main.py:418:setup_molecule:Multiple occupancies found: CA in ILE B 146.
2022-11-08 13:30:23,759 WARNING:main.py:418:setup_molecule:Multiple occupancies found: CB in ILE B 146.
2022-11-08 13:30:23,759 WARNING:main.py:418:setup_molecule:Multiple occupancies found: CG1 in ILE B 146.
2022-11-08 13:30:23,760 WARNING:main.py:418:setup_molecule:Multiple occupancies found: CG2 in ILE B 146.
2022-11-08 13:30:23,760 WARNING:main.py:418:setup_molecule:Multiple occupancies found: CD1 in ILE B 146.
2022-11-08 13:30:23,760 WARNING:main.py:424:setup_molecule:Multiple occupancies found in ILE B 146. At least one of the instances is being ignored.
2022-11-08 13:30:23,760 WARNING:main.py:418:setup_molecule:Multiple occupancies found: CA in ILE B 162.
2022-11-08 13:30:23,760 WARNING:main.py:418:setup_molecule:Multiple occupancies found: CB in ILE B 162.
2022-11-08 13:30:23,760 WARNING:main.py:418:setup_molecule:Multiple occupancies found: CG1 in ILE B 162.
2022-11-08 13:30:23,760 WARNING:main.py:418:setup_molecule:Multiple occupancies found: CG2 in ILE B 162.
2022-11-08 13:30:23,760 WARNING:main.py:418:setup_molecule:Multiple occupancies found: CD1 in ILE B 162.
2022-11-08 13:30:23,760 WARNING:main.py:424:setup_molecule:Multiple occupancies found in ILE B 162. At least one of the instances is being ignored.
2022-11-08 13:30:23,761 WARNING:main.py:418:setup_molecule:Multiple occupancies found: CA in ARG B 176.
2022-11-08 13:30:23,761 WARNING:main.py:418:setup_molecule:Multiple occupancies found: CB in ARG B 176.
2022-11-08 13:30:23,761 WARNING:main.py:418:setup_molecule:Multiple occupancies found: CG in ARG B 176.
2022-11-08 13:30:23,761 WARNING:main.py:418:setup_molecule:Multiple occupancies found: CD in ARG B 176.
2022-11-08 13:30:23,761 WARNING:main.py:418:setup_molecule:Multiple occupancies found: NE in ARG B 176.
2022-11-08 13:30:23,761 WARNING:main.py:418:setup_molecule:Multiple occupancies found: CZ in ARG B 176.
2022-11-08 13:30:23,761 WARNING:main.py:418:setup_molecule:Multiple occupancies found: NH1 in ARG B 176.
2022-11-08 13:30:23,761 WARNING:main.py:418:setup_molecule:Multiple occupancies found: NH2 in ARG B 176.
2022-11-08 13:30:23,761 WARNING:main.py:424:setup_molecule:Multiple occupancies found in ARG B 176. At least one of the instances is being ignored.
2022-11-08 13:30:23,762 WARNING:main.py:418:setup_molecule:Multiple occupancies found: N in ILE C 146.
2022-11-08 13:30:23,762 WARNING:main.py:418:setup_molecule:Multiple occupancies found: CA in ILE C 146.
2022-11-08 13:30:23,762 WARNING:main.py:418:setup_molecule:Multiple occupancies found: C in ILE C 146.
2022-11-08 13:30:23,762 WARNING:main.py:418:setup_molecule:Multiple occupancies found: O in ILE C 146.
2022-11-08 13:30:23,762 WARNING:main.py:418:setup_molecule:Multiple occupancies found: CB in ILE C 146.
2022-11-08 13:30:23,762 WARNING:main.py:418:setup_molecule:Multiple occupancies found: CG1 in ILE C 146.
2022-11-08 13:30:23,763 WARNING:main.py:418:setup_molecule:Multiple occupancies found: CG2 in ILE C 146.
2022-11-08 13:30:23,763 WARNING:main.py:418:setup_molecule:Multiple occupancies found: CD1 in ILE C 146.
2022-11-08 13:30:23,763 WARNING:main.py:424:setup_molecule:Multiple occupancies found in ILE C 146. At least one of the instances is being ignored.
2022-11-08 13:30:23,763 WARNING:main.py:418:setup_molecule:Multiple occupancies found: N in TYR C 147.
2022-11-08 13:30:23,763 WARNING:main.py:418:setup_molecule:Multiple occupancies found: CA in TYR C 147.
2022-11-08 13:30:23,763 WARNING:main.py:418:setup_molecule:Multiple occupancies found: C in TYR C 147.
2022-11-08 13:30:23,763 WARNING:main.py:418:setup_molecule:Multiple occupancies found: O in TYR C 147.
2022-11-08 13:30:23,763 WARNING:main.py:418:setup_molecule:Multiple occupancies found: CB in TYR C 147.
2022-11-08 13:30:23,763 WARNING:main.py:418:setup_molecule:Multiple occupancies found: CG in TYR C 147.
2022-11-08 13:30:23,764 WARNING:main.py:418:setup_molecule:Multiple occupancies found: CD1 in TYR C 147.
2022-11-08 13:30:23,764 WARNING:main.py:418:setup_molecule:Multiple occupancies found: CD2 in TYR C 147.
2022-11-08 13:30:23,764 WARNING:main.py:418:setup_molecule:Multiple occupancies found: CE1 in TYR C 147.
2022-11-08 13:30:23,764 WARNING:main.py:418:setup_molecule:Multiple occupancies found: CE2 in TYR C 147.
2022-11-08 13:30:23,764 WARNING:main.py:418:setup_molecule:Multiple occupancies found: CZ in TYR C 147.
2022-11-08 13:30:23,764 WARNING:main.py:418:setup_molecule:Multiple occupancies found: OH in TYR C 147.
2022-11-08 13:30:23,764 WARNING:main.py:424:setup_molecule:Multiple occupancies found in TYR C 147. At least one of the instances is being ignored.
2022-11-08 13:30:23,764 WARNING:main.py:418:setup_molecule:Multiple occupancies found: CA in ARG C 176.
2022-11-08 13:30:23,765 WARNING:main.py:418:setup_molecule:Multiple occupancies found: CB in ARG C 176.
2022-11-08 13:30:23,765 WARNING:main.py:418:setup_molecule:Multiple occupancies found: CG in ARG C 176.
2022-11-08 13:30:23,765 WARNING:main.py:418:setup_molecule:Multiple occupancies found: CD in ARG C 176.
2022-11-08 13:30:23,765 WARNING:main.py:418:setup_molecule:Multiple occupancies found: NE in ARG C 176.
2022-11-08 13:30:23,765 WARNING:main.py:418:setup_molecule:Multiple occupancies found: CZ in ARG C 176.
2022-11-08 13:30:23,765 WARNING:main.py:418:setup_molecule:Multiple occupancies found: NH1 in ARG C 176.
2022-11-08 13:30:23,765 WARNING:main.py:418:setup_molecule:Multiple occupancies found: NH2 in ARG C 176.
2022-11-08 13:30:23,765 WARNING:main.py:424:setup_molecule:Multiple occupancies found in ARG C 176. At least one of the instances is being ignored.
2022-11-08 13:30:23,788 WARNING:biomolecule.py:600:update_bonds:Gap in backbone detected between GLU A 131 and PHE A 133!
2022-11-08 13:30:23,792 WARNING:biomolecule.py:600:update_bonds:Gap in backbone detected between GLU B 131 and PRO B 134!
2022-11-08 13:30:23,794 WARNING:biomolecule.py:600:update_bonds:Gap in backbone detected between SER C 35 and VAL C 38!
2022-11-08 13:30:23,796 WARNING:biomolecule.py:600:update_bonds:Gap in backbone detected between GLU C 131 and SER C 135!
2022-11-08 13:30:23,827 WARNING:biomolecule.py:157:num_missing_heavy:Missing atom OG in residue SER A 35
2022-11-08 13:30:23,827 WARNING:biomolecule.py:157:num_missing_heavy:Missing atom NZ in residue LYS A 122
2022-11-08 13:30:23,827 WARNING:biomolecule.py:157:num_missing_heavy:Missing atom CG in residue GLU A 129
2022-11-08 13:30:23,828 WARNING:biomolecule.py:157:num_missing_heavy:Missing atom CD in residue GLU A 129
2022-11-08 13:30:23,828 WARNING:biomolecule.py:157:num_missing_heavy:Missing atom OE1 in residue GLU A 129
2022-11-08 13:30:23,828 WARNING:biomolecule.py:157:num_missing_heavy:Missing atom OE2 in residue GLU A 129
2022-11-08 13:30:23,828 WARNING:biomolecule.py:157:num_missing_heavy:Missing atom CG in residue GLU A 131
2022-11-08 13:30:23,828 WARNING:biomolecule.py:157:num_missing_heavy:Missing atom CD in residue GLU A 131
2022-11-08 13:30:23,828 WARNING:biomolecule.py:157:num_missing_heavy:Missing atom OE1 in residue GLU A 131
2022-11-08 13:30:23,828 WARNING:biomolecule.py:157:num_missing_heavy:Missing atom OE2 in residue GLU A 131
2022-11-08 13:30:23,828 WARNING:biomolecule.py:157:num_missing_heavy:Missing atom CG in residue PHE A 133
2022-11-08 13:30:23,829 WARNING:biomolecule.py:157:num_missing_heavy:Missing atom CD1 in residue PHE A 133
2022-11-08 13:30:23,829 WARNING:biomolecule.py:157:num_missing_heavy:Missing atom CD2 in residue PHE A 133
2022-11-08 13:30:23,829 WARNING:biomolecule.py:157:num_missing_heavy:Missing atom CE1 in residue PHE A 133
2022-11-08 13:30:23,829 WARNING:biomolecule.py:157:num_missing_heavy:Missing atom CE2 in residue PHE A 133
2022-11-08 13:30:23,829 WARNING:biomolecule.py:157:num_missing_heavy:Missing atom CZ in residue PHE A 133
2022-11-08 13:30:23,829 WARNING:biomolecule.py:157:num_missing_heavy:Missing atom CG in residue GLU A 149
2022-11-08 13:30:23,829 WARNING:biomolecule.py:157:num_missing_heavy:Missing atom CD in residue GLU A 149
2022-11-08 13:30:23,830 WARNING:biomolecule.py:157:num_missing_heavy:Missing atom OE1 in residue GLU A 149
2022-11-08 13:30:23,830 WARNING:biomolecule.py:157:num_missing_heavy:Missing atom OE2 in residue GLU A 149
2022-11-08 13:30:23,830 WARNING:biomolecule.py:157:num_missing_heavy:Missing atom NZ in residue LYS A 160
2022-11-08 13:30:23,830 WARNING:biomolecule.py:157:num_missing_heavy:Missing atom CD in residue LYS A 180
2022-11-08 13:30:23,830 WARNING:biomolecule.py:157:num_missing_heavy:Missing atom CE in residue LYS A 180
2022-11-08 13:30:23,830 WARNING:biomolecule.py:157:num_missing_heavy:Missing atom NZ in residue LYS A 180
2022-11-08 13:30:23,830 WARNING:biomolecule.py:157:num_missing_heavy:Missing atom CD in residue GLU A 183
2022-11-08 13:30:23,831 WARNING:biomolecule.py:157:num_missing_heavy:Missing atom OE1 in residue GLU A 183
2022-11-08 13:30:23,831 WARNING:biomolecule.py:157:num_missing_heavy:Missing atom OE2 in residue GLU A 183
2022-11-08 13:30:23,831 WARNING:biomolecule.py:157:num_missing_heavy:Missing atom CD in residue GLU A 199
2022-11-08 13:30:23,831 WARNING:biomolecule.py:157:num_missing_heavy:Missing atom OE1 in residue GLU A 199
2022-11-08 13:30:23,831 WARNING:biomolecule.py:157:num_missing_heavy:Missing atom OE2 in residue GLU A 199
2022-11-08 13:30:23,832 WARNING:biomolecule.py:157:num_missing_heavy:Missing atom NE in residue ARG A 221
2022-11-08 13:30:23,832 WARNING:biomolecule.py:157:num_missing_heavy:Missing atom CZ in residue ARG A 221
2022-11-08 13:30:23,832 WARNING:biomolecule.py:157:num_missing_heavy:Missing atom NH1 in residue ARG A 221
2022-11-08 13:30:23,832 WARNING:biomolecule.py:157:num_missing_heavy:Missing atom NH2 in residue ARG A 221
2022-11-08 13:30:23,832 WARNING:biomolecule.py:157:num_missing_heavy:Missing atom CG in residue LYS A 224
2022-11-08 13:30:23,832 WARNING:biomolecule.py:157:num_missing_heavy:Missing atom CD in residue LYS A 224
2022-11-08 13:30:23,832 WARNING:biomolecule.py:157:num_missing_heavy:Missing atom CE in residue LYS A 224
2022-11-08 13:30:23,832 WARNING:biomolecule.py:157:num_missing_heavy:Missing atom NZ in residue LYS A 224
2022-11-08 13:30:23,833 WARNING:biomolecule.py:157:num_missing_heavy:Missing atom OXT in residue PRO A 228
2022-11-08 13:30:23,833 WARNING:biomolecule.py:157:num_missing_heavy:Missing atom CG in residue ARG B 14
2022-11-08 13:30:23,833 WARNING:biomolecule.py:157:num_missing_heavy:Missing atom CD in residue ARG B 14
2022-11-08 13:30:23,833 WARNING:biomolecule.py:157:num_missing_heavy:Missing atom NE in residue ARG B 14
2022-11-08 13:30:23,833 WARNING:biomolecule.py:157:num_missing_heavy:Missing atom CZ in residue ARG B 14
2022-11-08 13:30:23,833 WARNING:biomolecule.py:157:num_missing_heavy:Missing atom NH1 in residue ARG B 14
2022-11-08 13:30:23,833 WARNING:biomolecule.py:157:num_missing_heavy:Missing atom NH2 in residue ARG B 14
2022-11-08 13:30:23,834 WARNING:biomolecule.py:157:num_missing_heavy:Missing atom OG in residue SER B 15
2022-11-08 13:30:23,834 WARNING:biomolecule.py:157:num_missing_heavy:Missing atom CG in residue GLU B 131
2022-11-08 13:30:23,835 WARNING:biomolecule.py:157:num_missing_heavy:Missing atom CD in residue GLU B 131
2022-11-08 13:30:23,835 WARNING:biomolecule.py:157:num_missing_heavy:Missing atom OE1 in residue GLU B 131
2022-11-08 13:30:23,835 WARNING:biomolecule.py:157:num_missing_heavy:Missing atom OE2 in residue GLU B 131
2022-11-08 13:30:23,835 WARNING:biomolecule.py:157:num_missing_heavy:Missing atom OG in residue SER B 135
2022-11-08 13:30:23,835 WARNING:biomolecule.py:157:num_missing_heavy:Missing atom CD in residue LYS B 160
2022-11-08 13:30:23,835 WARNING:biomolecule.py:157:num_missing_heavy:Missing atom CE in residue LYS B 160
2022-11-08 13:30:23,836 WARNING:biomolecule.py:157:num_missing_heavy:Missing atom NZ in residue LYS B 160
2022-11-08 13:30:23,836 WARNING:biomolecule.py:157:num_missing_heavy:Missing atom CD in residue LYS B 180
2022-11-08 13:30:23,836 WARNING:biomolecule.py:157:num_missing_heavy:Missing atom CE in residue LYS B 180
2022-11-08 13:30:23,836 WARNING:biomolecule.py:157:num_missing_heavy:Missing atom NZ in residue LYS B 180
2022-11-08 13:30:23,836 WARNING:biomolecule.py:157:num_missing_heavy:Missing atom CG in residue GLU B 183
2022-11-08 13:30:23,836 WARNING:biomolecule.py:157:num_missing_heavy:Missing atom CD in residue GLU B 183
2022-11-08 13:30:23,836 WARNING:biomolecule.py:157:num_missing_heavy:Missing atom OE1 in residue GLU B 183
2022-11-08 13:30:23,837 WARNING:biomolecule.py:157:num_missing_heavy:Missing atom OE2 in residue GLU B 183
2022-11-08 13:30:23,837 WARNING:biomolecule.py:157:num_missing_heavy:Missing atom CG in residue GLU B 208
2022-11-08 13:30:23,837 WARNING:biomolecule.py:157:num_missing_heavy:Missing atom CD in residue GLU B 208
2022-11-08 13:30:23,837 WARNING:biomolecule.py:157:num_missing_heavy:Missing atom OE1 in residue GLU B 208
2022-11-08 13:30:23,837 WARNING:biomolecule.py:157:num_missing_heavy:Missing atom OE2 in residue GLU B 208
2022-11-08 13:30:23,837 WARNING:biomolecule.py:157:num_missing_heavy:Missing atom CG in residue GLU B 213
2022-11-08 13:30:23,838 WARNING:biomolecule.py:157:num_missing_heavy:Missing atom CD in residue GLU B 213
2022-11-08 13:30:23,838 WARNING:biomolecule.py:157:num_missing_heavy:Missing atom OE1 in residue GLU B 213
2022-11-08 13:30:23,838 WARNING:biomolecule.py:157:num_missing_heavy:Missing atom OE2 in residue GLU B 213
2022-11-08 13:30:23,838 WARNING:biomolecule.py:157:num_missing_heavy:Missing atom CE in residue LYS B 224
2022-11-08 13:30:23,838 WARNING:biomolecule.py:157:num_missing_heavy:Missing atom NZ in residue LYS B 224
2022-11-08 13:30:23,838 WARNING:biomolecule.py:157:num_missing_heavy:Missing atom OXT in residue PRO B 228
2022-11-08 13:30:23,839 WARNING:biomolecule.py:157:num_missing_heavy:Missing atom CD in residue ARG C 23
2022-11-08 13:30:23,839 WARNING:biomolecule.py:157:num_missing_heavy:Missing atom NE in residue ARG C 23
2022-11-08 13:30:23,839 WARNING:biomolecule.py:157:num_missing_heavy:Missing atom CZ in residue ARG C 23
2022-11-08 13:30:23,839 WARNING:biomolecule.py:157:num_missing_heavy:Missing atom NH1 in residue ARG C 23
2022-11-08 13:30:23,839 WARNING:biomolecule.py:157:num_missing_heavy:Missing atom NH2 in residue ARG C 23
2022-11-08 13:30:23,839 WARNING:biomolecule.py:157:num_missing_heavy:Missing atom CG in residue ASP C 61
2022-11-08 13:30:23,839 WARNING:biomolecule.py:157:num_missing_heavy:Missing atom OD1 in residue ASP C 61
2022-11-08 13:30:23,840 WARNING:biomolecule.py:157:num_missing_heavy:Missing atom OD2 in residue ASP C 61
2022-11-08 13:30:23,840 WARNING:biomolecule.py:157:num_missing_heavy:Missing atom CG in residue ARG C 68
2022-11-08 13:30:23,840 WARNING:biomolecule.py:157:num_missing_heavy:Missing atom CD in residue ARG C 68
2022-11-08 13:30:23,840 WARNING:biomolecule.py:157:num_missing_heavy:Missing atom NE in residue ARG C 68
2022-11-08 13:30:23,840 WARNING:biomolecule.py:157:num_missing_heavy:Missing atom CZ in residue ARG C 68
2022-11-08 13:30:23,840 WARNING:biomolecule.py:157:num_missing_heavy:Missing atom NH1 in residue ARG C 68
2022-11-08 13:30:23,840 WARNING:biomolecule.py:157:num_missing_heavy:Missing atom NH2 in residue ARG C 68
2022-11-08 13:30:23,841 WARNING:biomolecule.py:157:num_missing_heavy:Missing atom NZ in residue LYS C 105
2022-11-08 13:30:23,841 WARNING:biomolecule.py:157:num_missing_heavy:Missing atom CG in residue GLU C 129
2022-11-08 13:30:23,841 WARNING:biomolecule.py:157:num_missing_heavy:Missing atom CD in residue GLU C 129
2022-11-08 13:30:23,841 WARNING:biomolecule.py:157:num_missing_heavy:Missing atom OE1 in residue GLU C 129
2022-11-08 13:30:23,841 WARNING:biomolecule.py:157:num_missing_heavy:Missing atom OE2 in residue GLU C 129
2022-11-08 13:30:23,842 WARNING:biomolecule.py:157:num_missing_heavy:Missing atom CG1 in residue ILE C 130
2022-11-08 13:30:23,842 WARNING:biomolecule.py:157:num_missing_heavy:Missing atom CG2 in residue ILE C 130
2022-11-08 13:30:23,842 WARNING:biomolecule.py:157:num_missing_heavy:Missing atom CD1 in residue ILE C 130
2022-11-08 13:30:23,842 WARNING:biomolecule.py:157:num_missing_heavy:Missing atom CG in residue GLU C 131
2022-11-08 13:30:23,842 WARNING:biomolecule.py:157:num_missing_heavy:Missing atom CD in residue GLU C 131
2022-11-08 13:30:23,842 WARNING:biomolecule.py:157:num_missing_heavy:Missing atom OE1 in residue GLU C 131
2022-11-08 13:30:23,842 WARNING:biomolecule.py:157:num_missing_heavy:Missing atom OE2 in residue GLU C 131
2022-11-08 13:30:23,842 WARNING:biomolecule.py:157:num_missing_heavy:Missing atom CG in residue GLU C 149
2022-11-08 13:30:23,843 WARNING:biomolecule.py:157:num_missing_heavy:Missing atom CD in residue GLU C 149
2022-11-08 13:30:23,843 WARNING:biomolecule.py:157:num_missing_heavy:Missing atom OE1 in residue GLU C 149
2022-11-08 13:30:23,843 WARNING:biomolecule.py:157:num_missing_heavy:Missing atom OE2 in residue GLU C 149
2022-11-08 13:30:23,843 WARNING:biomolecule.py:157:num_missing_heavy:Missing atom CG in residue LYS C 160
2022-11-08 13:30:23,843 WARNING:biomolecule.py:157:num_missing_heavy:Missing atom CD in residue LYS C 160
2022-11-08 13:30:23,843 WARNING:biomolecule.py:157:num_missing_heavy:Missing atom CE in residue LYS C 160
2022-11-08 13:30:23,843 WARNING:biomolecule.py:157:num_missing_heavy:Missing atom NZ in residue LYS C 160
2022-11-08 13:30:23,844 WARNING:biomolecule.py:157:num_missing_heavy:Missing atom CG in residue MET C 178
2022-11-08 13:30:23,844 WARNING:biomolecule.py:157:num_missing_heavy:Missing atom SD in residue MET C 178
2022-11-08 13:30:23,844 WARNING:biomolecule.py:157:num_missing_heavy:Missing atom CE in residue MET C 178
2022-11-08 13:30:23,844 WARNING:biomolecule.py:157:num_missing_heavy:Missing atom CG in residue LYS C 180
2022-11-08 13:30:23,844 WARNING:biomolecule.py:157:num_missing_heavy:Missing atom CD in residue LYS C 180
2022-11-08 13:30:23,844 WARNING:biomolecule.py:157:num_missing_heavy:Missing atom CE in residue LYS C 180
2022-11-08 13:30:23,844 WARNING:biomolecule.py:157:num_missing_heavy:Missing atom NZ in residue LYS C 180
2022-11-08 13:30:23,845 WARNING:biomolecule.py:157:num_missing_heavy:Missing atom CG in residue GLU C 183
2022-11-08 13:30:23,845 WARNING:biomolecule.py:157:num_missing_heavy:Missing atom CD in residue GLU C 183
2022-11-08 13:30:23,845 WARNING:biomolecule.py:157:num_missing_heavy:Missing atom OE1 in residue GLU C 183
2022-11-08 13:30:23,845 WARNING:biomolecule.py:157:num_missing_heavy:Missing atom OE2 in residue GLU C 183
2022-11-08 13:30:23,845 WARNING:biomolecule.py:157:num_missing_heavy:Missing atom CE in residue LYS C 186
2022-11-08 13:30:23,845 WARNING:biomolecule.py:157:num_missing_heavy:Missing atom NZ in residue LYS C 186
2022-11-08 13:30:23,845 WARNING:biomolecule.py:157:num_missing_heavy:Missing atom CD in residue GLU C 199
2022-11-08 13:30:23,846 WARNING:biomolecule.py:157:num_missing_heavy:Missing atom OE1 in residue GLU C 199
2022-11-08 13:30:23,846 WARNING:biomolecule.py:157:num_missing_heavy:Missing atom OE2 in residue GLU C 199
2022-11-08 13:30:23,846 WARNING:biomolecule.py:157:num_missing_heavy:Missing atom CD in residue LYS C 205
2022-11-08 13:30:23,846 WARNING:biomolecule.py:157:num_missing_heavy:Missing atom CE in residue LYS C 205
2022-11-08 13:30:23,846 WARNING:biomolecule.py:157:num_missing_heavy:Missing atom NZ in residue LYS C 205
2022-11-08 13:30:23,846 WARNING:biomolecule.py:157:num_missing_heavy:Missing atom CD in residue GLU C 213
2022-11-08 13:30:23,846 WARNING:biomolecule.py:157:num_missing_heavy:Missing atom OE1 in residue GLU C 213
2022-11-08 13:30:23,847 WARNING:biomolecule.py:157:num_missing_heavy:Missing atom OE2 in residue GLU C 213
2022-11-08 13:30:23,847 WARNING:biomolecule.py:157:num_missing_heavy:Missing atom CG in residue LYS C 224
2022-11-08 13:30:23,847 WARNING:biomolecule.py:157:num_missing_heavy:Missing atom CD in residue LYS C 224
2022-11-08 13:30:23,847 WARNING:biomolecule.py:157:num_missing_heavy:Missing atom CE in residue LYS C 224
2022-11-08 13:30:23,847 WARNING:biomolecule.py:157:num_missing_heavy:Missing atom NZ in residue LYS C 224
2022-11-08 13:30:23,847 WARNING:biomolecule.py:157:num_missing_heavy:Missing atom OXT in residue PHE C 227
2022-11-08 13:30:23,848 WARNING:biomolecule.py:157:num_missing_heavy:Missing atom OG in residue SER A 35
2022-11-08 13:30:23,848 WARNING:biomolecule.py:157:num_missing_heavy:Missing atom NZ in residue LYS A 122
2022-11-08 13:30:23,848 WARNING:biomolecule.py:157:num_missing_heavy:Missing atom CG in residue GLU A 129
2022-11-08 13:30:23,849 WARNING:biomolecule.py:157:num_missing_heavy:Missing atom CD in residue GLU A 129
2022-11-08 13:30:23,849 WARNING:biomolecule.py:157:num_missing_heavy:Missing atom OE1 in residue GLU A 129
2022-11-08 13:30:23,849 WARNING:biomolecule.py:157:num_missing_heavy:Missing atom OE2 in residue GLU A 129
2022-11-08 13:30:23,849 WARNING:biomolecule.py:157:num_missing_heavy:Missing atom CG in residue GLU A 131
2022-11-08 13:30:23,849 WARNING:biomolecule.py:157:num_missing_heavy:Missing atom CD in residue GLU A 131
2022-11-08 13:30:23,849 WARNING:biomolecule.py:157:num_missing_heavy:Missing atom OE1 in residue GLU A 131
2022-11-08 13:30:23,849 WARNING:biomolecule.py:157:num_missing_heavy:Missing atom OE2 in residue GLU A 131
2022-11-08 13:30:23,849 WARNING:biomolecule.py:157:num_missing_heavy:Missing atom CG in residue PHE A 133
2022-11-08 13:30:23,850 WARNING:biomolecule.py:157:num_missing_heavy:Missing atom CD1 in residue PHE A 133
2022-11-08 13:30:23,850 WARNING:biomolecule.py:157:num_missing_heavy:Missing atom CD2 in residue PHE A 133
2022-11-08 13:30:23,850 WARNING:biomolecule.py:157:num_missing_heavy:Missing atom CE1 in residue PHE A 133
2022-11-08 13:30:23,850 WARNING:biomolecule.py:157:num_missing_heavy:Missing atom CE2 in residue PHE A 133
2022-11-08 13:30:23,850 WARNING:biomolecule.py:157:num_missing_heavy:Missing atom CZ in residue PHE A 133
2022-11-08 13:30:23,850 WARNING:biomolecule.py:157:num_missing_heavy:Missing atom CG in residue GLU A 149
2022-11-08 13:30:23,850 WARNING:biomolecule.py:157:num_missing_heavy:Missing atom CD in residue GLU A 149
2022-11-08 13:30:23,851 WARNING:biomolecule.py:157:num_missing_heavy:Missing atom OE1 in residue GLU A 149
2022-11-08 13:30:23,851 WARNING:biomolecule.py:157:num_missing_heavy:Missing atom OE2 in residue GLU A 149
2022-11-08 13:30:23,851 WARNING:biomolecule.py:157:num_missing_heavy:Missing atom NZ in residue LYS A 160
2022-11-08 13:30:23,851 WARNING:biomolecule.py:157:num_missing_heavy:Missing atom CD in residue LYS A 180
2022-11-08 13:30:23,851 WARNING:biomolecule.py:157:num_missing_heavy:Missing atom CE in residue LYS A 180
2022-11-08 13:30:23,851 WARNING:biomolecule.py:157:num_missing_heavy:Missing atom NZ in residue LYS A 180
2022-11-08 13:30:23,852 WARNING:biomolecule.py:157:num_missing_heavy:Missing atom CD in residue GLU A 183
2022-11-08 13:30:23,852 WARNING:biomolecule.py:157:num_missing_heavy:Missing atom OE1 in residue GLU A 183
2022-11-08 13:30:23,852 WARNING:biomolecule.py:157:num_missing_heavy:Missing atom OE2 in residue GLU A 183
2022-11-08 13:30:23,852 WARNING:biomolecule.py:157:num_missing_heavy:Missing atom CD in residue GLU A 199
2022-11-08 13:30:23,852 WARNING:biomolecule.py:157:num_missing_heavy:Missing atom OE1 in residue GLU A 199
2022-11-08 13:30:23,852 WARNING:biomolecule.py:157:num_missing_heavy:Missing atom OE2 in residue GLU A 199
2022-11-08 13:30:23,853 WARNING:biomolecule.py:157:num_missing_heavy:Missing atom NE in residue ARG A 221
2022-11-08 13:30:23,853 WARNING:biomolecule.py:157:num_missing_heavy:Missing atom CZ in residue ARG A 221
2022-11-08 13:30:23,853 WARNING:biomolecule.py:157:num_missing_heavy:Missing atom NH1 in residue ARG A 221
2022-11-08 13:30:23,853 WARNING:biomolecule.py:157:num_missing_heavy:Missing atom NH2 in residue ARG A 221
2022-11-08 13:30:23,853 WARNING:biomolecule.py:157:num_missing_heavy:Missing atom CG in residue LYS A 224
2022-11-08 13:30:23,853 WARNING:biomolecule.py:157:num_missing_heavy:Missing atom CD in residue LYS A 224
2022-11-08 13:30:23,853 WARNING:biomolecule.py:157:num_missing_heavy:Missing atom CE in residue LYS A 224
2022-11-08 13:30:23,853 WARNING:biomolecule.py:157:num_missing_heavy:Missing atom NZ in residue LYS A 224
2022-11-08 13:30:23,854 WARNING:biomolecule.py:157:num_missing_heavy:Missing atom OXT in residue PRO A 228
2022-11-08 13:30:23,854 WARNING:biomolecule.py:157:num_missing_heavy:Missing atom CG in residue ARG B 14
2022-11-08 13:30:23,854 WARNING:biomolecule.py:157:num_missing_heavy:Missing atom CD in residue ARG B 14
2022-11-08 13:30:23,854 WARNING:biomolecule.py:157:num_missing_heavy:Missing atom NE in residue ARG B 14
2022-11-08 13:30:23,854 WARNING:biomolecule.py:157:num_missing_heavy:Missing atom CZ in residue ARG B 14
2022-11-08 13:30:23,854 WARNING:biomolecule.py:157:num_missing_heavy:Missing atom NH1 in residue ARG B 14
2022-11-08 13:30:23,854 WARNING:biomolecule.py:157:num_missing_heavy:Missing atom NH2 in residue ARG B 14
2022-11-08 13:30:23,854 WARNING:biomolecule.py:157:num_missing_heavy:Missing atom OG in residue SER B 15
2022-11-08 13:30:23,855 WARNING:biomolecule.py:157:num_missing_heavy:Missing atom CG in residue GLU B 131
2022-11-08 13:30:23,855 WARNING:biomolecule.py:157:num_missing_heavy:Missing atom CD in residue GLU B 131
2022-11-08 13:30:23,855 WARNING:biomolecule.py:157:num_missing_heavy:Missing atom OE1 in residue GLU B 131
2022-11-08 13:30:23,856 WARNING:biomolecule.py:157:num_missing_heavy:Missing atom OE2 in residue GLU B 131
2022-11-08 13:30:23,856 WARNING:biomolecule.py:157:num_missing_heavy:Missing atom OG in residue SER B 135
2022-11-08 13:30:23,856 WARNING:biomolecule.py:157:num_missing_heavy:Missing atom CD in residue LYS B 160
2022-11-08 13:30:23,856 WARNING:biomolecule.py:157:num_missing_heavy:Missing atom CE in residue LYS B 160
2022-11-08 13:30:23,856 WARNING:biomolecule.py:157:num_missing_heavy:Missing atom NZ in residue LYS B 160
2022-11-08 13:30:23,857 WARNING:biomolecule.py:157:num_missing_heavy:Missing atom CD in residue LYS B 180
2022-11-08 13:30:23,857 WARNING:biomolecule.py:157:num_missing_heavy:Missing atom CE in residue LYS B 180
2022-11-08 13:30:23,857 WARNING:biomolecule.py:157:num_missing_heavy:Missing atom NZ in residue LYS B 180
2022-11-08 13:30:23,857 WARNING:biomolecule.py:157:num_missing_heavy:Missing atom CG in residue GLU B 183
2022-11-08 13:30:23,857 WARNING:biomolecule.py:157:num_missing_heavy:Missing atom CD in residue GLU B 183
2022-11-08 13:30:23,857 WARNING:biomolecule.py:157:num_missing_heavy:Missing atom OE1 in residue GLU B 183
2022-11-08 13:30:23,857 WARNING:biomolecule.py:157:num_missing_heavy:Missing atom OE2 in residue GLU B 183
2022-11-08 13:30:23,858 WARNING:biomolecule.py:157:num_missing_heavy:Missing atom CG in residue GLU B 208
2022-11-08 13:30:23,858 WARNING:biomolecule.py:157:num_missing_heavy:Missing atom CD in residue GLU B 208
2022-11-08 13:30:23,858 WARNING:biomolecule.py:157:num_missing_heavy:Missing atom OE1 in residue GLU B 208
2022-11-08 13:30:23,858 WARNING:biomolecule.py:157:num_missing_heavy:Missing atom OE2 in residue GLU B 208
2022-11-08 13:30:23,858 WARNING:biomolecule.py:157:num_missing_heavy:Missing atom CG in residue GLU B 213
2022-11-08 13:30:23,858 WARNING:biomolecule.py:157:num_missing_heavy:Missing atom CD in residue GLU B 213
2022-11-08 13:30:23,858 WARNING:biomolecule.py:157:num_missing_heavy:Missing atom OE1 in residue GLU B 213
2022-11-08 13:30:23,858 WARNING:biomolecule.py:157:num_missing_heavy:Missing atom OE2 in residue GLU B 213
2022-11-08 13:30:23,859 WARNING:biomolecule.py:157:num_missing_heavy:Missing atom CE in residue LYS B 224
2022-11-08 13:30:23,859 WARNING:biomolecule.py:157:num_missing_heavy:Missing atom NZ in residue LYS B 224
2022-11-08 13:30:23,859 WARNING:biomolecule.py:157:num_missing_heavy:Missing atom OXT in residue PRO B 228
2022-11-08 13:30:23,859 WARNING:biomolecule.py:157:num_missing_heavy:Missing atom CD in residue ARG C 23
2022-11-08 13:30:23,859 WARNING:biomolecule.py:157:num_missing_heavy:Missing atom NE in residue ARG C 23
2022-11-08 13:30:23,859 WARNING:biomolecule.py:157:num_missing_heavy:Missing atom CZ in residue ARG C 23
2022-11-08 13:30:23,859 WARNING:biomolecule.py:157:num_missing_heavy:Missing atom NH1 in residue ARG C 23
2022-11-08 13:30:23,860 WARNING:biomolecule.py:157:num_missing_heavy:Missing atom NH2 in residue ARG C 23
2022-11-08 13:30:23,860 WARNING:biomolecule.py:157:num_missing_heavy:Missing atom CG in residue ASP C 61
2022-11-08 13:30:23,860 WARNING:biomolecule.py:157:num_missing_heavy:Missing atom OD1 in residue ASP C 61
2022-11-08 13:30:23,860 WARNING:biomolecule.py:157:num_missing_heavy:Missing atom OD2 in residue ASP C 61
2022-11-08 13:30:23,860 WARNING:biomolecule.py:157:num_missing_heavy:Missing atom CG in residue ARG C 68
2022-11-08 13:30:23,861 WARNING:biomolecule.py:157:num_missing_heavy:Missing atom CD in residue ARG C 68
2022-11-08 13:30:23,861 WARNING:biomolecule.py:157:num_missing_heavy:Missing atom NE in residue ARG C 68
2022-11-08 13:30:23,861 WARNING:biomolecule.py:157:num_missing_heavy:Missing atom CZ in residue ARG C 68
2022-11-08 13:30:23,861 WARNING:biomolecule.py:157:num_missing_heavy:Missing atom NH1 in residue ARG C 68
2022-11-08 13:30:23,861 WARNING:biomolecule.py:157:num_missing_heavy:Missing atom NH2 in residue ARG C 68
2022-11-08 13:30:23,861 WARNING:biomolecule.py:157:num_missing_heavy:Missing atom NZ in residue LYS C 105
2022-11-08 13:30:23,862 WARNING:biomolecule.py:157:num_missing_heavy:Missing atom CG in residue GLU C 129
2022-11-08 13:30:23,862 WARNING:biomolecule.py:157:num_missing_heavy:Missing atom CD in residue GLU C 129
2022-11-08 13:30:23,862 WARNING:biomolecule.py:157:num_missing_heavy:Missing atom OE1 in residue GLU C 129
2022-11-08 13:30:23,862 WARNING:biomolecule.py:157:num_missing_heavy:Missing atom OE2 in residue GLU C 129
2022-11-08 13:30:23,862 WARNING:biomolecule.py:157:num_missing_heavy:Missing atom CG1 in residue ILE C 130
2022-11-08 13:30:23,862 WARNING:biomolecule.py:157:num_missing_heavy:Missing atom CG2 in residue ILE C 130
2022-11-08 13:30:23,862 WARNING:biomolecule.py:157:num_missing_heavy:Missing atom CD1 in residue ILE C 130
2022-11-08 13:30:23,862 WARNING:biomolecule.py:157:num_missing_heavy:Missing atom CG in residue GLU C 131
2022-11-08 13:30:23,863 WARNING:biomolecule.py:157:num_missing_heavy:Missing atom CD in residue GLU C 131
2022-11-08 13:30:23,863 WARNING:biomolecule.py:157:num_missing_heavy:Missing atom OE1 in residue GLU C 131
2022-11-08 13:30:23,863 WARNING:biomolecule.py:157:num_missing_heavy:Missing atom OE2 in residue GLU C 131
2022-11-08 13:30:23,863 WARNING:biomolecule.py:157:num_missing_heavy:Missing atom CG in residue GLU C 149
2022-11-08 13:30:23,863 WARNING:biomolecule.py:157:num_missing_heavy:Missing atom CD in residue GLU C 149
2022-11-08 13:30:23,863 WARNING:biomolecule.py:157:num_missing_heavy:Missing atom OE1 in residue GLU C 149
2022-11-08 13:30:23,863 WARNING:biomolecule.py:157:num_missing_heavy:Missing atom OE2 in residue GLU C 149
2022-11-08 13:30:23,864 WARNING:biomolecule.py:157:num_missing_heavy:Missing atom CG in residue LYS C 160
2022-11-08 13:30:23,864 WARNING:biomolecule.py:157:num_missing_heavy:Missing atom CD in residue LYS C 160
2022-11-08 13:30:23,864 WARNING:biomolecule.py:157:num_missing_heavy:Missing atom CE in residue LYS C 160
2022-11-08 13:30:23,864 WARNING:biomolecule.py:157:num_missing_heavy:Missing atom NZ in residue LYS C 160
2022-11-08 13:30:23,864 WARNING:biomolecule.py:157:num_missing_heavy:Missing atom CG in residue MET C 178
2022-11-08 13:30:23,864 WARNING:biomolecule.py:157:num_missing_heavy:Missing atom SD in residue MET C 178
2022-11-08 13:30:23,864 WARNING:biomolecule.py:157:num_missing_heavy:Missing atom CE in residue MET C 178
2022-11-08 13:30:23,865 WARNING:biomolecule.py:157:num_missing_heavy:Missing atom CG in residue LYS C 180
2022-11-08 13:30:23,865 WARNING:biomolecule.py:157:num_missing_heavy:Missing atom CD in residue LYS C 180
2022-11-08 13:30:23,865 WARNING:biomolecule.py:157:num_missing_heavy:Missing atom CE in residue LYS C 180
2022-11-08 13:30:23,865 WARNING:biomolecule.py:157:num_missing_heavy:Missing atom NZ in residue LYS C 180
2022-11-08 13:30:23,865 WARNING:biomolecule.py:157:num_missing_heavy:Missing atom CG in residue GLU C 183
2022-11-08 13:30:23,865 WARNING:biomolecule.py:157:num_missing_heavy:Missing atom CD in residue GLU C 183
2022-11-08 13:30:23,865 WARNING:biomolecule.py:157:num_missing_heavy:Missing atom OE1 in residue GLU C 183
2022-11-08 13:30:23,865 WARNING:biomolecule.py:157:num_missing_heavy:Missing atom OE2 in residue GLU C 183
2022-11-08 13:30:23,866 WARNING:biomolecule.py:157:num_missing_heavy:Missing atom CE in residue LYS C 186
2022-11-08 13:30:23,866 WARNING:biomolecule.py:157:num_missing_heavy:Missing atom NZ in residue LYS C 186
2022-11-08 13:30:23,866 WARNING:biomolecule.py:157:num_missing_heavy:Missing atom CD in residue GLU C 199
2022-11-08 13:30:23,866 WARNING:biomolecule.py:157:num_missing_heavy:Missing atom OE1 in residue GLU C 199
2022-11-08 13:30:23,866 WARNING:biomolecule.py:157:num_missing_heavy:Missing atom OE2 in residue GLU C 199
2022-11-08 13:30:23,866 WARNING:biomolecule.py:157:num_missing_heavy:Missing atom CD in residue LYS C 205
2022-11-08 13:30:23,866 WARNING:biomolecule.py:157:num_missing_heavy:Missing atom CE in residue LYS C 205
2022-11-08 13:30:23,867 WARNING:biomolecule.py:157:num_missing_heavy:Missing atom NZ in residue LYS C 205
2022-11-08 13:30:23,867 WARNING:biomolecule.py:157:num_missing_heavy:Missing atom CD in residue GLU C 213
2022-11-08 13:30:23,867 WARNING:biomolecule.py:157:num_missing_heavy:Missing atom OE1 in residue GLU C 213
2022-11-08 13:30:23,867 WARNING:biomolecule.py:157:num_missing_heavy:Missing atom OE2 in residue GLU C 213
2022-11-08 13:30:23,867 WARNING:biomolecule.py:157:num_missing_heavy:Missing atom CG in residue LYS C 224
2022-11-08 13:30:23,867 WARNING:biomolecule.py:157:num_missing_heavy:Missing atom CD in residue LYS C 224
2022-11-08 13:30:23,867 WARNING:biomolecule.py:157:num_missing_heavy:Missing atom CE in residue LYS C 224
2022-11-08 13:30:23,868 WARNING:biomolecule.py:157:num_missing_heavy:Missing atom NZ in residue LYS C 224
2022-11-08 13:30:23,868 WARNING:biomolecule.py:157:num_missing_heavy:Missing atom OXT in residue PHE C 227
2022-11-08 13:30:23,868 WARNING:biomolecule.py:157:num_missing_heavy:Missing atom OG in residue SER A 35
2022-11-08 13:30:23,869 WARNING:biomolecule.py:157:num_missing_heavy:Missing atom NZ in residue LYS A 122
2022-11-08 13:30:23,869 WARNING:biomolecule.py:157:num_missing_heavy:Missing atom CG in residue GLU A 129
2022-11-08 13:30:23,869 WARNING:biomolecule.py:157:num_missing_heavy:Missing atom CD in residue GLU A 129
2022-11-08 13:30:23,869 WARNING:biomolecule.py:157:num_missing_heavy:Missing atom OE1 in residue GLU A 129
2022-11-08 13:30:23,869 WARNING:biomolecule.py:157:num_missing_heavy:Missing atom OE2 in residue GLU A 129
2022-11-08 13:30:23,869 WARNING:biomolecule.py:157:num_missing_heavy:Missing atom CG in residue GLU A 131
2022-11-08 13:30:23,869 WARNING:biomolecule.py:157:num_missing_heavy:Missing atom CD in residue GLU A 131
2022-11-08 13:30:23,870 WARNING:biomolecule.py:157:num_missing_heavy:Missing atom OE1 in residue GLU A 131
2022-11-08 13:30:23,870 WARNING:biomolecule.py:157:num_missing_heavy:Missing atom OE2 in residue GLU A 131
2022-11-08 13:30:23,870 WARNING:biomolecule.py:157:num_missing_heavy:Missing atom CG in residue PHE A 133
2022-11-08 13:30:23,870 WARNING:biomolecule.py:157:num_missing_heavy:Missing atom CD1 in residue PHE A 133
2022-11-08 13:30:23,870 WARNING:biomolecule.py:157:num_missing_heavy:Missing atom CD2 in residue PHE A 133
2022-11-08 13:30:23,870 WARNING:biomolecule.py:157:num_missing_heavy:Missing atom CE1 in residue PHE A 133
2022-11-08 13:30:23,870 WARNING:biomolecule.py:157:num_missing_heavy:Missing atom CE2 in residue PHE A 133
2022-11-08 13:30:23,870 WARNING:biomolecule.py:157:num_missing_heavy:Missing atom CZ in residue PHE A 133
2022-11-08 13:30:23,871 WARNING:biomolecule.py:157:num_missing_heavy:Missing atom CG in residue GLU A 149
2022-11-08 13:30:23,871 WARNING:biomolecule.py:157:num_missing_heavy:Missing atom CD in residue GLU A 149
2022-11-08 13:30:23,871 WARNING:biomolecule.py:157:num_missing_heavy:Missing atom OE1 in residue GLU A 149
2022-11-08 13:30:23,871 WARNING:biomolecule.py:157:num_missing_heavy:Missing atom OE2 in residue GLU A 149
2022-11-08 13:30:23,871 WARNING:biomolecule.py:157:num_missing_heavy:Missing atom NZ in residue LYS A 160
2022-11-08 13:30:23,872 WARNING:biomolecule.py:157:num_missing_heavy:Missing atom CD in residue LYS A 180
2022-11-08 13:30:23,872 WARNING:biomolecule.py:157:num_missing_heavy:Missing atom CE in residue LYS A 180
2022-11-08 13:30:23,872 WARNING:biomolecule.py:157:num_missing_heavy:Missing atom NZ in residue LYS A 180
2022-11-08 13:30:23,872 WARNING:biomolecule.py:157:num_missing_heavy:Missing atom CD in residue GLU A 183
2022-11-08 13:30:23,872 WARNING:biomolecule.py:157:num_missing_heavy:Missing atom OE1 in residue GLU A 183
2022-11-08 13:30:23,872 WARNING:biomolecule.py:157:num_missing_heavy:Missing atom OE2 in residue GLU A 183
2022-11-08 13:30:23,872 WARNING:biomolecule.py:157:num_missing_heavy:Missing atom CD in residue GLU A 199
2022-11-08 13:30:23,873 WARNING:biomolecule.py:157:num_missing_heavy:Missing atom OE1 in residue GLU A 199
2022-11-08 13:30:23,873 WARNING:biomolecule.py:157:num_missing_heavy:Missing atom OE2 in residue GLU A 199
2022-11-08 13:30:23,873 WARNING:biomolecule.py:157:num_missing_heavy:Missing atom NE in residue ARG A 221
2022-11-08 13:30:23,873 WARNING:biomolecule.py:157:num_missing_heavy:Missing atom CZ in residue ARG A 221
2022-11-08 13:30:23,873 WARNING:biomolecule.py:157:num_missing_heavy:Missing atom NH1 in residue ARG A 221
2022-11-08 13:30:23,873 WARNING:biomolecule.py:157:num_missing_heavy:Missing atom NH2 in residue ARG A 221
2022-11-08 13:30:23,873 WARNING:biomolecule.py:157:num_missing_heavy:Missing atom CG in residue LYS A 224
2022-11-08 13:30:23,874 WARNING:biomolecule.py:157:num_missing_heavy:Missing atom CD in residue LYS A 224
2022-11-08 13:30:23,874 WARNING:biomolecule.py:157:num_missing_heavy:Missing atom CE in residue LYS A 224
2022-11-08 13:30:23,874 WARNING:biomolecule.py:157:num_missing_heavy:Missing atom NZ in residue LYS A 224
2022-11-08 13:30:23,874 WARNING:biomolecule.py:157:num_missing_heavy:Missing atom OXT in residue PRO A 228
2022-11-08 13:30:23,874 WARNING:biomolecule.py:157:num_missing_heavy:Missing atom CG in residue ARG B 14
2022-11-08 13:30:23,874 WARNING:biomolecule.py:157:num_missing_heavy:Missing atom CD in residue ARG B 14
2022-11-08 13:30:23,874 WARNING:biomolecule.py:157:num_missing_heavy:Missing atom NE in residue ARG B 14
2022-11-08 13:30:23,875 WARNING:biomolecule.py:157:num_missing_heavy:Missing atom CZ in residue ARG B 14
2022-11-08 13:30:23,875 WARNING:biomolecule.py:157:num_missing_heavy:Missing atom NH1 in residue ARG B 14
2022-11-08 13:30:23,875 WARNING:biomolecule.py:157:num_missing_heavy:Missing atom NH2 in residue ARG B 14
2022-11-08 13:30:23,875 WARNING:biomolecule.py:157:num_missing_heavy:Missing atom OG in residue SER B 15
2022-11-08 13:30:23,876 WARNING:biomolecule.py:157:num_missing_heavy:Missing atom CG in residue GLU B 131
2022-11-08 13:30:23,876 WARNING:biomolecule.py:157:num_missing_heavy:Missing atom CD in residue GLU B 131
2022-11-08 13:30:23,876 WARNING:biomolecule.py:157:num_missing_heavy:Missing atom OE1 in residue GLU B 131
2022-11-08 13:30:23,876 WARNING:biomolecule.py:157:num_missing_heavy:Missing atom OE2 in residue GLU B 131
2022-11-08 13:30:23,876 WARNING:biomolecule.py:157:num_missing_heavy:Missing atom OG in residue SER B 135
2022-11-08 13:30:23,877 WARNING:biomolecule.py:157:num_missing_heavy:Missing atom CD in residue LYS B 160
2022-11-08 13:30:23,877 WARNING:biomolecule.py:157:num_missing_heavy:Missing atom CE in residue LYS B 160
2022-11-08 13:30:23,877 WARNING:biomolecule.py:157:num_missing_heavy:Missing atom NZ in residue LYS B 160
2022-11-08 13:30:23,877 WARNING:biomolecule.py:157:num_missing_heavy:Missing atom CD in residue LYS B 180
2022-11-08 13:30:23,877 WARNING:biomolecule.py:157:num_missing_heavy:Missing atom CE in residue LYS B 180
2022-11-08 13:30:23,877 WARNING:biomolecule.py:157:num_missing_heavy:Missing atom NZ in residue LYS B 180
2022-11-08 13:30:23,877 WARNING:biomolecule.py:157:num_missing_heavy:Missing atom CG in residue GLU B 183
2022-11-08 13:30:23,878 WARNING:biomolecule.py:157:num_missing_heavy:Missing atom CD in residue GLU B 183
2022-11-08 13:30:23,878 WARNING:biomolecule.py:157:num_missing_heavy:Missing atom OE1 in residue GLU B 183
2022-11-08 13:30:23,878 WARNING:biomolecule.py:157:num_missing_heavy:Missing atom OE2 in residue GLU B 183
2022-11-08 13:30:23,878 WARNING:biomolecule.py:157:num_missing_heavy:Missing atom CG in residue GLU B 208
2022-11-08 13:30:23,878 WARNING:biomolecule.py:157:num_missing_heavy:Missing atom CD in residue GLU B 208
2022-11-08 13:30:23,878 WARNING:biomolecule.py:157:num_missing_heavy:Missing atom OE1 in residue GLU B 208
2022-11-08 13:30:23,879 WARNING:biomolecule.py:157:num_missing_heavy:Missing atom OE2 in residue GLU B 208
2022-11-08 13:30:23,879 WARNING:biomolecule.py:157:num_missing_heavy:Missing atom CG in residue GLU B 213
2022-11-08 13:30:23,879 WARNING:biomolecule.py:157:num_missing_heavy:Missing atom CD in residue GLU B 213
2022-11-08 13:30:23,879 WARNING:biomolecule.py:157:num_missing_heavy:Missing atom OE1 in residue GLU B 213
2022-11-08 13:30:23,879 WARNING:biomolecule.py:157:num_missing_heavy:Missing atom OE2 in residue GLU B 213
2022-11-08 13:30:23,879 WARNING:biomolecule.py:157:num_missing_heavy:Missing atom CE in residue LYS B 224
2022-11-08 13:30:23,879 WARNING:biomolecule.py:157:num_missing_heavy:Missing atom NZ in residue LYS B 224
2022-11-08 13:30:23,880 WARNING:biomolecule.py:157:num_missing_heavy:Missing atom OXT in residue PRO B 228
2022-11-08 13:30:23,880 WARNING:biomolecule.py:157:num_missing_heavy:Missing atom CD in residue ARG C 23
2022-11-08 13:30:23,880 WARNING:biomolecule.py:157:num_missing_heavy:Missing atom NE in residue ARG C 23
2022-11-08 13:30:23,880 WARNING:biomolecule.py:157:num_missing_heavy:Missing atom CZ in residue ARG C 23
2022-11-08 13:30:23,880 WARNING:biomolecule.py:157:num_missing_heavy:Missing atom NH1 in residue ARG C 23
2022-11-08 13:30:23,880 WARNING:biomolecule.py:157:num_missing_heavy:Missing atom NH2 in residue ARG C 23
2022-11-08 13:30:23,881 WARNING:biomolecule.py:157:num_missing_heavy:Missing atom CG in residue ASP C 61
2022-11-08 13:30:23,881 WARNING:biomolecule.py:157:num_missing_heavy:Missing atom OD1 in residue ASP C 61
2022-11-08 13:30:23,881 WARNING:biomolecule.py:157:num_missing_heavy:Missing atom OD2 in residue ASP C 61
2022-11-08 13:30:23,881 WARNING:biomolecule.py:157:num_missing_heavy:Missing atom CG in residue ARG C 68
2022-11-08 13:30:23,881 WARNING:biomolecule.py:157:num_missing_heavy:Missing atom CD in residue ARG C 68
2022-11-08 13:30:23,881 WARNING:biomolecule.py:157:num_missing_heavy:Missing atom NE in residue ARG C 68
2022-11-08 13:30:23,881 WARNING:biomolecule.py:157:num_missing_heavy:Missing atom CZ in residue ARG C 68
2022-11-08 13:30:23,882 WARNING:biomolecule.py:157:num_missing_heavy:Missing atom NH1 in residue ARG C 68
2022-11-08 13:30:23,882 WARNING:biomolecule.py:157:num_missing_heavy:Missing atom NH2 in residue ARG C 68
2022-11-08 13:30:23,882 WARNING:biomolecule.py:157:num_missing_heavy:Missing atom NZ in residue LYS C 105
2022-11-08 13:30:23,882 WARNING:biomolecule.py:157:num_missing_heavy:Missing atom CG in residue GLU C 129
2022-11-08 13:30:23,882 WARNING:biomolecule.py:157:num_missing_heavy:Missing atom CD in residue GLU C 129
2022-11-08 13:30:23,883 WARNING:biomolecule.py:157:num_missing_heavy:Missing atom OE1 in residue GLU C 129
2022-11-08 13:30:23,883 WARNING:biomolecule.py:157:num_missing_heavy:Missing atom OE2 in residue GLU C 129
2022-11-08 13:30:23,883 WARNING:biomolecule.py:157:num_missing_heavy:Missing atom CG1 in residue ILE C 130
2022-11-08 13:30:23,883 WARNING:biomolecule.py:157:num_missing_heavy:Missing atom CG2 in residue ILE C 130
2022-11-08 13:30:23,883 WARNING:biomolecule.py:157:num_missing_heavy:Missing atom CD1 in residue ILE C 130
2022-11-08 13:30:23,883 WARNING:biomolecule.py:157:num_missing_heavy:Missing atom CG in residue GLU C 131
2022-11-08 13:30:23,884 WARNING:biomolecule.py:157:num_missing_heavy:Missing atom CD in residue GLU C 131
2022-11-08 13:30:23,884 WARNING:biomolecule.py:157:num_missing_heavy:Missing atom OE1 in residue GLU C 131
2022-11-08 13:30:23,884 WARNING:biomolecule.py:157:num_missing_heavy:Missing atom OE2 in residue GLU C 131
2022-11-08 13:30:23,884 WARNING:biomolecule.py:157:num_missing_heavy:Missing atom CG in residue GLU C 149
2022-11-08 13:30:23,884 WARNING:biomolecule.py:157:num_missing_heavy:Missing atom CD in residue GLU C 149
2022-11-08 13:30:23,884 WARNING:biomolecule.py:157:num_missing_heavy:Missing atom OE1 in residue GLU C 149
2022-11-08 13:30:23,884 WARNING:biomolecule.py:157:num_missing_heavy:Missing atom OE2 in residue GLU C 149
2022-11-08 13:30:23,885 WARNING:biomolecule.py:157:num_missing_heavy:Missing atom CG in residue LYS C 160
2022-11-08 13:30:23,885 WARNING:biomolecule.py:157:num_missing_heavy:Missing atom CD in residue LYS C 160
2022-11-08 13:30:23,885 WARNING:biomolecule.py:157:num_missing_heavy:Missing atom CE in residue LYS C 160
2022-11-08 13:30:23,885 WARNING:biomolecule.py:157:num_missing_heavy:Missing atom NZ in residue LYS C 160
2022-11-08 13:30:23,885 WARNING:biomolecule.py:157:num_missing_heavy:Missing atom CG in residue MET C 178
2022-11-08 13:30:23,885 WARNING:biomolecule.py:157:num_missing_heavy:Missing atom SD in residue MET C 178
2022-11-08 13:30:23,886 WARNING:biomolecule.py:157:num_missing_heavy:Missing atom CE in residue MET C 178
2022-11-08 13:30:23,886 WARNING:biomolecule.py:157:num_missing_heavy:Missing atom CG in residue LYS C 180
2022-11-08 13:30:23,886 WARNING:biomolecule.py:157:num_missing_heavy:Missing atom CD in residue LYS C 180
2022-11-08 13:30:23,886 WARNING:biomolecule.py:157:num_missing_heavy:Missing atom CE in residue LYS C 180
2022-11-08 13:30:23,886 WARNING:biomolecule.py:157:num_missing_heavy:Missing atom NZ in residue LYS C 180
2022-11-08 13:30:23,886 WARNING:biomolecule.py:157:num_missing_heavy:Missing atom CG in residue GLU C 183
2022-11-08 13:30:23,886 WARNING:biomolecule.py:157:num_missing_heavy:Missing atom CD in residue GLU C 183
2022-11-08 13:30:23,886 WARNING:biomolecule.py:157:num_missing_heavy:Missing atom OE1 in residue GLU C 183
2022-11-08 13:30:23,887 WARNING:biomolecule.py:157:num_missing_heavy:Missing atom OE2 in residue GLU C 183
2022-11-08 13:30:23,887 WARNING:biomolecule.py:157:num_missing_heavy:Missing atom CE in residue LYS C 186
2022-11-08 13:30:23,887 WARNING:biomolecule.py:157:num_missing_heavy:Missing atom NZ in residue LYS C 186
2022-11-08 13:30:23,887 WARNING:biomolecule.py:157:num_missing_heavy:Missing atom CD in residue GLU C 199
2022-11-08 13:30:23,887 WARNING:biomolecule.py:157:num_missing_heavy:Missing atom OE1 in residue GLU C 199
2022-11-08 13:30:23,887 WARNING:biomolecule.py:157:num_missing_heavy:Missing atom OE2 in residue GLU C 199
2022-11-08 13:30:23,887 WARNING:biomolecule.py:157:num_missing_heavy:Missing atom CD in residue LYS C 205
2022-11-08 13:30:23,888 WARNING:biomolecule.py:157:num_missing_heavy:Missing atom CE in residue LYS C 205
2022-11-08 13:30:23,888 WARNING:biomolecule.py:157:num_missing_heavy:Missing atom NZ in residue LYS C 205
2022-11-08 13:30:23,888 WARNING:biomolecule.py:157:num_missing_heavy:Missing atom CD in residue GLU C 213
2022-11-08 13:30:23,888 WARNING:biomolecule.py:157:num_missing_heavy:Missing atom OE1 in residue GLU C 213
2022-11-08 13:30:23,888 WARNING:biomolecule.py:157:num_missing_heavy:Missing atom OE2 in residue GLU C 213
2022-11-08 13:30:23,888 WARNING:biomolecule.py:157:num_missing_heavy:Missing atom CG in residue LYS C 224
2022-11-08 13:30:23,888 WARNING:biomolecule.py:157:num_missing_heavy:Missing atom CD in residue LYS C 224
2022-11-08 13:30:23,889 WARNING:biomolecule.py:157:num_missing_heavy:Missing atom CE in residue LYS C 224
2022-11-08 13:30:23,889 WARNING:biomolecule.py:157:num_missing_heavy:Missing atom NZ in residue LYS C 224
2022-11-08 13:30:23,889 WARNING:biomolecule.py:157:num_missing_heavy:Missing atom OXT in residue PHE C 227
2022-11-08 13:30:32,007 WARNING:main.py:311:print_pqr:Ignoring 4571 header lines in output.
2022-11-08 13:30:32,007 WARNING:main.py:315:print_pqr:Ignoring 112 missing lines in output.
