2022-11-08 13:30:09,558 WARNING:biomolecule.py:966:create_residue:Unable to find amino or nucleic acid definition for SAM.  Parsing as new residue.
2022-11-08 13:30:09,559 WARNING:main.py:418:setup_molecule:Multiple occupancies found: CA in GLY A 117.
2022-11-08 13:30:09,560 WARNING:main.py:424:setup_molecule:Multiple occupancies found in GLY A 117. At least one of the instances is being ignored.
2022-11-08 13:30:09,560 WARNING:main.py:418:setup_molecule:Multiple occupancies found: N in VAL A 118.
2022-11-08 13:30:09,560 WARNING:main.py:418:setup_molecule:Multiple occupancies found: CA in VAL A 118.
2022-11-08 13:30:09,560 WARNING:main.py:418:setup_molecule:Multiple occupancies found: C in VAL A 118.
2022-11-08 13:30:09,560 WARNING:main.py:418:setup_molecule:Multiple occupancies found: O in VAL A 118.
2022-11-08 13:30:09,560 WARNING:main.py:418:setup_molecule:Multiple occupancies found: CB in VAL A 118.
2022-11-08 13:30:09,560 WARNING:main.py:418:setup_molecule:Multiple occupancies found: CG1 in VAL A 118.
2022-11-08 13:30:09,560 WARNING:main.py:418:setup_molecule:Multiple occupancies found: CG2 in VAL A 118.
2022-11-08 13:30:09,561 WARNING:main.py:424:setup_molecule:Multiple occupancies found in VAL A 118. At least one of the instances is being ignored.
2022-11-08 13:30:09,561 WARNING:main.py:418:setup_molecule:Multiple occupancies found: N in CYS A 119.
2022-11-08 13:30:09,561 WARNING:main.py:418:setup_molecule:Multiple occupancies found: CA in CYS A 119.
2022-11-08 13:30:09,561 WARNING:main.py:418:setup_molecule:Multiple occupancies found: C in CYS A 119.
2022-11-08 13:30:09,561 WARNING:main.py:418:setup_molecule:Multiple occupancies found: O in CYS A 119.
2022-11-08 13:30:09,561 WARNING:main.py:418:setup_molecule:Multiple occupancies found: CB in CYS A 119.
2022-11-08 13:30:09,561 WARNING:main.py:418:setup_molecule:Multiple occupancies found: SG in CYS A 119.
2022-11-08 13:30:09,561 WARNING:main.py:424:setup_molecule:Multiple occupancies found in CYS A 119. At least one of the instances is being ignored.
2022-11-08 13:30:09,561 WARNING:main.py:418:setup_molecule:Multiple occupancies found: CA in ARG A 179.
2022-11-08 13:30:09,562 WARNING:main.py:418:setup_molecule:Multiple occupancies found: CB in ARG A 179.
2022-11-08 13:30:09,562 WARNING:main.py:418:setup_molecule:Multiple occupancies found: CG in ARG A 179.
2022-11-08 13:30:09,562 WARNING:main.py:418:setup_molecule:Multiple occupancies found: CD in ARG A 179.
2022-11-08 13:30:09,562 WARNING:main.py:418:setup_molecule:Multiple occupancies found: NE in ARG A 179.
2022-11-08 13:30:09,562 WARNING:main.py:418:setup_molecule:Multiple occupancies found: CZ in ARG A 179.
2022-11-08 13:30:09,562 WARNING:main.py:418:setup_molecule:Multiple occupancies found: NH1 in ARG A 179.
2022-11-08 13:30:09,562 WARNING:main.py:418:setup_molecule:Multiple occupancies found: NH2 in ARG A 179.
2022-11-08 13:30:09,562 WARNING:main.py:424:setup_molecule:Multiple occupancies found in ARG A 179. At least one of the instances is being ignored.
2022-11-08 13:30:09,562 WARNING:main.py:418:setup_molecule:Multiple occupancies found: N in SER A 189.
2022-11-08 13:30:09,563 WARNING:main.py:418:setup_molecule:Multiple occupancies found: CA in SER A 189.
2022-11-08 13:30:09,563 WARNING:main.py:418:setup_molecule:Multiple occupancies found: C in SER A 189.
2022-11-08 13:30:09,563 WARNING:main.py:418:setup_molecule:Multiple occupancies found: O in SER A 189.
2022-11-08 13:30:09,563 WARNING:main.py:418:setup_molecule:Multiple occupancies found: CB in SER A 189.
2022-11-08 13:30:09,563 WARNING:main.py:418:setup_molecule:Multiple occupancies found: OG in SER A 189.
2022-11-08 13:30:09,563 WARNING:main.py:424:setup_molecule:Multiple occupancies found in SER A 189. At least one of the instances is being ignored.
2022-11-08 13:30:09,563 WARNING:main.py:418:setup_molecule:Multiple occupancies found: N in VAL A 190.
2022-11-08 13:30:09,563 WARNING:main.py:418:setup_molecule:Multiple occupancies found: CA in VAL A 190.
2022-11-08 13:30:09,564 WARNING:main.py:418:setup_molecule:Multiple occupancies found: C in VAL A 190.
2022-11-08 13:30:09,565 WARNING:main.py:418:setup_molecule:Multiple occupancies found: O in VAL A 190.
2022-11-08 13:30:09,565 WARNING:main.py:418:setup_molecule:Multiple occupancies found: CB in VAL A 190.
2022-11-08 13:30:09,565 WARNING:main.py:418:setup_molecule:Multiple occupancies found: CG1 in VAL A 190.
2022-11-08 13:30:09,565 WARNING:main.py:418:setup_molecule:Multiple occupancies found: CG2 in VAL A 190.
2022-11-08 13:30:09,565 WARNING:main.py:424:setup_molecule:Multiple occupancies found in VAL A 190. At least one of the instances is being ignored.
2022-11-08 13:30:09,565 WARNING:main.py:418:setup_molecule:Multiple occupancies found: CA in HIS A 192.
2022-11-08 13:30:09,565 WARNING:main.py:418:setup_molecule:Multiple occupancies found: CB in HIS A 192.
2022-11-08 13:30:09,565 WARNING:main.py:418:setup_molecule:Multiple occupancies found: CG in HIS A 192.
2022-11-08 13:30:09,565 WARNING:main.py:418:setup_molecule:Multiple occupancies found: CD2 in HIS A 192.
2022-11-08 13:30:09,566 WARNING:main.py:418:setup_molecule:Multiple occupancies found: ND1 in HIS A 192.
2022-11-08 13:30:09,566 WARNING:main.py:418:setup_molecule:Multiple occupancies found: CE1 in HIS A 192.
2022-11-08 13:30:09,566 WARNING:main.py:418:setup_molecule:Multiple occupancies found: NE2 in HIS A 192.
2022-11-08 13:30:09,566 WARNING:main.py:424:setup_molecule:Multiple occupancies found in HIS A 192. At least one of the instances is being ignored.
2022-11-08 13:30:09,566 WARNING:main.py:418:setup_molecule:Multiple occupancies found: N in SER A 198.
2022-11-08 13:30:09,566 WARNING:main.py:418:setup_molecule:Multiple occupancies found: CA in SER A 198.
2022-11-08 13:30:09,566 WARNING:main.py:418:setup_molecule:Multiple occupancies found: C in SER A 198.
2022-11-08 13:30:09,566 WARNING:main.py:418:setup_molecule:Multiple occupancies found: O in SER A 198.
2022-11-08 13:30:09,566 WARNING:main.py:418:setup_molecule:Multiple occupancies found: CB in SER A 198.
2022-11-08 13:30:09,567 WARNING:main.py:418:setup_molecule:Multiple occupancies found: OG in SER A 198.
2022-11-08 13:30:09,567 WARNING:main.py:424:setup_molecule:Multiple occupancies found in SER A 198. At least one of the instances is being ignored.
2022-11-08 13:30:09,567 WARNING:main.py:418:setup_molecule:Multiple occupancies found: CA in SER A 213.
2022-11-08 13:30:09,567 WARNING:main.py:418:setup_molecule:Multiple occupancies found: CB in SER A 213.
2022-11-08 13:30:09,567 WARNING:main.py:418:setup_molecule:Multiple occupancies found: OG in SER A 213.
2022-11-08 13:30:09,567 WARNING:main.py:424:setup_molecule:Multiple occupancies found in SER A 213. At least one of the instances is being ignored.
2022-11-08 13:30:09,567 WARNING:main.py:418:setup_molecule:Multiple occupancies found: N in LYS A 233.
2022-11-08 13:30:09,567 WARNING:main.py:418:setup_molecule:Multiple occupancies found: CA in LYS A 233.
2022-11-08 13:30:09,568 WARNING:main.py:418:setup_molecule:Multiple occupancies found: C in LYS A 233.
2022-11-08 13:30:09,568 WARNING:main.py:418:setup_molecule:Multiple occupancies found: O in LYS A 233.
2022-11-08 13:30:09,568 WARNING:main.py:418:setup_molecule:Multiple occupancies found: CB in LYS A 233.
2022-11-08 13:30:09,568 WARNING:main.py:418:setup_molecule:Multiple occupancies found: CG in LYS A 233.
2022-11-08 13:30:09,568 WARNING:main.py:418:setup_molecule:Multiple occupancies found: CD in LYS A 233.
2022-11-08 13:30:09,568 WARNING:main.py:418:setup_molecule:Multiple occupancies found: CE in LYS A 233.
2022-11-08 13:30:09,568 WARNING:main.py:418:setup_molecule:Multiple occupancies found: NZ in LYS A 233.
2022-11-08 13:30:09,568 WARNING:main.py:424:setup_molecule:Multiple occupancies found in LYS A 233. At least one of the instances is being ignored.
2022-11-08 13:30:09,568 WARNING:main.py:418:setup_molecule:Multiple occupancies found: N in ASN A 239.
2022-11-08 13:30:09,569 WARNING:main.py:418:setup_molecule:Multiple occupancies found: CA in ASN A 239.
2022-11-08 13:30:09,569 WARNING:main.py:418:setup_molecule:Multiple occupancies found: C in ASN A 239.
2022-11-08 13:30:09,569 WARNING:main.py:418:setup_molecule:Multiple occupancies found: O in ASN A 239.
2022-11-08 13:30:09,569 WARNING:main.py:418:setup_molecule:Multiple occupancies found: CB in ASN A 239.
2022-11-08 13:30:09,569 WARNING:main.py:418:setup_molecule:Multiple occupancies found: CG in ASN A 239.
2022-11-08 13:30:09,569 WARNING:main.py:418:setup_molecule:Multiple occupancies found: ND2 in ASN A 239.
2022-11-08 13:30:09,569 WARNING:main.py:418:setup_molecule:Multiple occupancies found: OD1 in ASN A 239.
2022-11-08 13:30:09,569 WARNING:main.py:424:setup_molecule:Multiple occupancies found in ASN A 239. At least one of the instances is being ignored.
2022-11-08 13:30:09,569 WARNING:main.py:418:setup_molecule:Multiple occupancies found: N in SER A 257.
2022-11-08 13:30:09,570 WARNING:main.py:418:setup_molecule:Multiple occupancies found: CA in SER A 257.
2022-11-08 13:30:09,570 WARNING:main.py:418:setup_molecule:Multiple occupancies found: C in SER A 257.
2022-11-08 13:30:09,570 WARNING:main.py:418:setup_molecule:Multiple occupancies found: O in SER A 257.
2022-11-08 13:30:09,570 WARNING:main.py:418:setup_molecule:Multiple occupancies found: CB in SER A 257.
2022-11-08 13:30:09,570 WARNING:main.py:418:setup_molecule:Multiple occupancies found: OG in SER A 257.
2022-11-08 13:30:09,570 WARNING:main.py:424:setup_molecule:Multiple occupancies found in SER A 257. At least one of the instances is being ignored.
2022-11-08 13:30:09,570 WARNING:main.py:418:setup_molecule:Multiple occupancies found: CA in ILE A 319.
2022-11-08 13:30:09,570 WARNING:main.py:418:setup_molecule:Multiple occupancies found: CB in ILE A 319.
2022-11-08 13:30:09,571 WARNING:main.py:418:setup_molecule:Multiple occupancies found: CG1 in ILE A 319.
2022-11-08 13:30:09,571 WARNING:main.py:418:setup_molecule:Multiple occupancies found: CG2 in ILE A 319.
2022-11-08 13:30:09,571 WARNING:main.py:418:setup_molecule:Multiple occupancies found: CD1 in ILE A 319.
2022-11-08 13:30:09,571 WARNING:main.py:424:setup_molecule:Multiple occupancies found in ILE A 319. At least one of the instances is being ignored.
2022-11-08 13:30:09,571 WARNING:main.py:418:setup_molecule:Multiple occupancies found: CA in TYR A 337.
2022-11-08 13:30:09,571 WARNING:main.py:418:setup_molecule:Multiple occupancies found: CB in TYR A 337.
2022-11-08 13:30:09,571 WARNING:main.py:418:setup_molecule:Multiple occupancies found: CG in TYR A 337.
2022-11-08 13:30:09,571 WARNING:main.py:418:setup_molecule:Multiple occupancies found: CD1 in TYR A 337.
2022-11-08 13:30:09,572 WARNING:main.py:418:setup_molecule:Multiple occupancies found: CD2 in TYR A 337.
2022-11-08 13:30:09,572 WARNING:main.py:418:setup_molecule:Multiple occupancies found: CE1 in TYR A 337.
2022-11-08 13:30:09,572 WARNING:main.py:418:setup_molecule:Multiple occupancies found: CE2 in TYR A 337.
2022-11-08 13:30:09,572 WARNING:main.py:418:setup_molecule:Multiple occupancies found: CZ in TYR A 337.
2022-11-08 13:30:09,572 WARNING:main.py:418:setup_molecule:Multiple occupancies found: OH in TYR A 337.
2022-11-08 13:30:09,572 WARNING:main.py:424:setup_molecule:Multiple occupancies found in TYR A 337. At least one of the instances is being ignored.
2022-11-08 13:30:09,585 WARNING:biomolecule.py:600:update_bonds:Gap in backbone detected between PRO A 341 and PRO A 347!
2022-11-08 13:30:09,613 WARNING:biomolecule.py:157:num_missing_heavy:Missing atom CG in residue GLU A 135
2022-11-08 13:30:09,613 WARNING:biomolecule.py:157:num_missing_heavy:Missing atom CD in residue GLU A 135
2022-11-08 13:30:09,613 WARNING:biomolecule.py:157:num_missing_heavy:Missing atom OE1 in residue GLU A 135
2022-11-08 13:30:09,613 WARNING:biomolecule.py:157:num_missing_heavy:Missing atom OE2 in residue GLU A 135
2022-11-08 13:30:09,614 WARNING:biomolecule.py:157:num_missing_heavy:Missing atom CG in residue ASP A 136
2022-11-08 13:30:09,614 WARNING:biomolecule.py:157:num_missing_heavy:Missing atom OD1 in residue ASP A 136
2022-11-08 13:30:09,614 WARNING:biomolecule.py:157:num_missing_heavy:Missing atom OD2 in residue ASP A 136
2022-11-08 13:30:09,614 WARNING:biomolecule.py:157:num_missing_heavy:Missing atom CG in residue ARG A 152
2022-11-08 13:30:09,614 WARNING:biomolecule.py:157:num_missing_heavy:Missing atom CD in residue ARG A 152
2022-11-08 13:30:09,614 WARNING:biomolecule.py:157:num_missing_heavy:Missing atom NE in residue ARG A 152
2022-11-08 13:30:09,614 WARNING:biomolecule.py:157:num_missing_heavy:Missing atom CZ in residue ARG A 152
2022-11-08 13:30:09,615 WARNING:biomolecule.py:157:num_missing_heavy:Missing atom NH1 in residue ARG A 152
2022-11-08 13:30:09,615 WARNING:biomolecule.py:157:num_missing_heavy:Missing atom NH2 in residue ARG A 152
2022-11-08 13:30:09,615 WARNING:biomolecule.py:157:num_missing_heavy:Missing atom CG in residue ASN A 188
2022-11-08 13:30:09,615 WARNING:biomolecule.py:157:num_missing_heavy:Missing atom OD1 in residue ASN A 188
2022-11-08 13:30:09,615 WARNING:biomolecule.py:157:num_missing_heavy:Missing atom ND2 in residue ASN A 188
2022-11-08 13:30:09,616 WARNING:biomolecule.py:157:num_missing_heavy:Missing atom CG in residue GLU A 220
2022-11-08 13:30:09,616 WARNING:biomolecule.py:157:num_missing_heavy:Missing atom CD in residue GLU A 220
2022-11-08 13:30:09,616 WARNING:biomolecule.py:157:num_missing_heavy:Missing atom OE1 in residue GLU A 220
2022-11-08 13:30:09,616 WARNING:biomolecule.py:157:num_missing_heavy:Missing atom OE2 in residue GLU A 220
2022-11-08 13:30:09,616 WARNING:biomolecule.py:157:num_missing_heavy:Missing atom CG in residue GLN A 253
2022-11-08 13:30:09,616 WARNING:biomolecule.py:157:num_missing_heavy:Missing atom CD in residue GLN A 253
2022-11-08 13:30:09,616 WARNING:biomolecule.py:157:num_missing_heavy:Missing atom OE1 in residue GLN A 253
2022-11-08 13:30:09,617 WARNING:biomolecule.py:157:num_missing_heavy:Missing atom NE2 in residue GLN A 253
2022-11-08 13:30:09,617 WARNING:biomolecule.py:157:num_missing_heavy:Missing atom CG in residue ASP A 259
2022-11-08 13:30:09,617 WARNING:biomolecule.py:157:num_missing_heavy:Missing atom OD1 in residue ASP A 259
2022-11-08 13:30:09,617 WARNING:biomolecule.py:157:num_missing_heavy:Missing atom OD2 in residue ASP A 259
2022-11-08 13:30:09,617 WARNING:biomolecule.py:157:num_missing_heavy:Missing atom CG in residue GLU A 271
2022-11-08 13:30:09,617 WARNING:biomolecule.py:157:num_missing_heavy:Missing atom CD in residue GLU A 271
2022-11-08 13:30:09,617 WARNING:biomolecule.py:157:num_missing_heavy:Missing atom OE1 in residue GLU A 271
2022-11-08 13:30:09,618 WARNING:biomolecule.py:157:num_missing_heavy:Missing atom OE2 in residue GLU A 271
2022-11-08 13:30:09,618 WARNING:biomolecule.py:157:num_missing_heavy:Missing atom CG in residue GLU A 272
2022-11-08 13:30:09,618 WARNING:biomolecule.py:157:num_missing_heavy:Missing atom CD in residue GLU A 272
2022-11-08 13:30:09,618 WARNING:biomolecule.py:157:num_missing_heavy:Missing atom OE1 in residue GLU A 272
2022-11-08 13:30:09,618 WARNING:biomolecule.py:157:num_missing_heavy:Missing atom OE2 in residue GLU A 272
2022-11-08 13:30:09,618 WARNING:biomolecule.py:157:num_missing_heavy:Missing atom CG in residue GLU A 279
2022-11-08 13:30:09,618 WARNING:biomolecule.py:157:num_missing_heavy:Missing atom CD in residue GLU A 279
2022-11-08 13:30:09,618 WARNING:biomolecule.py:157:num_missing_heavy:Missing atom OE1 in residue GLU A 279
2022-11-08 13:30:09,619 WARNING:biomolecule.py:157:num_missing_heavy:Missing atom OE2 in residue GLU A 279
2022-11-08 13:30:09,619 WARNING:biomolecule.py:157:num_missing_heavy:Missing atom CG in residue GLU A 326
2022-11-08 13:30:09,619 WARNING:biomolecule.py:157:num_missing_heavy:Missing atom CD in residue GLU A 326
2022-11-08 13:30:09,619 WARNING:biomolecule.py:157:num_missing_heavy:Missing atom OE1 in residue GLU A 326
2022-11-08 13:30:09,619 WARNING:biomolecule.py:157:num_missing_heavy:Missing atom OE2 in residue GLU A 326
2022-11-08 13:30:09,620 WARNING:biomolecule.py:157:num_missing_heavy:Missing atom OG in residue SER A 340
2022-11-08 13:30:09,620 WARNING:biomolecule.py:157:num_missing_heavy:Missing atom CG in residue GLU A 351
2022-11-08 13:30:09,620 WARNING:biomolecule.py:157:num_missing_heavy:Missing atom CD in residue GLU A 351
2022-11-08 13:30:09,620 WARNING:biomolecule.py:157:num_missing_heavy:Missing atom OE1 in residue GLU A 351
2022-11-08 13:30:09,620 WARNING:biomolecule.py:157:num_missing_heavy:Missing atom OE2 in residue GLU A 351
2022-11-08 13:30:09,620 WARNING:biomolecule.py:157:num_missing_heavy:Missing atom CG in residue LYS A 358
2022-11-08 13:30:09,620 WARNING:biomolecule.py:157:num_missing_heavy:Missing atom CD in residue LYS A 358
2022-11-08 13:30:09,621 WARNING:biomolecule.py:157:num_missing_heavy:Missing atom CE in residue LYS A 358
2022-11-08 13:30:09,621 WARNING:biomolecule.py:157:num_missing_heavy:Missing atom NZ in residue LYS A 358
2022-11-08 13:30:09,621 WARNING:biomolecule.py:157:num_missing_heavy:Missing atom OXT in residue THR A 363
2022-11-08 13:30:09,621 WARNING:biomolecule.py:157:num_missing_heavy:Missing atom CG in residue ARG B 191
2022-11-08 13:30:09,621 WARNING:biomolecule.py:157:num_missing_heavy:Missing atom CD in residue ARG B 191
2022-11-08 13:30:09,621 WARNING:biomolecule.py:157:num_missing_heavy:Missing atom NE in residue ARG B 191
2022-11-08 13:30:09,621 WARNING:biomolecule.py:157:num_missing_heavy:Missing atom CZ in residue ARG B 191
2022-11-08 13:30:09,621 WARNING:biomolecule.py:157:num_missing_heavy:Missing atom NH1 in residue ARG B 191
2022-11-08 13:30:09,622 WARNING:biomolecule.py:157:num_missing_heavy:Missing atom NH2 in residue ARG B 191
2022-11-08 13:30:09,622 WARNING:biomolecule.py:157:num_missing_heavy:Missing atom OXT in residue ARG B 191
2022-11-08 13:30:09,622 WARNING:biomolecule.py:157:num_missing_heavy:Missing atom CG in residue GLU A 135
2022-11-08 13:30:09,622 WARNING:biomolecule.py:157:num_missing_heavy:Missing atom CD in residue GLU A 135
2022-11-08 13:30:09,622 WARNING:biomolecule.py:157:num_missing_heavy:Missing atom OE1 in residue GLU A 135
2022-11-08 13:30:09,622 WARNING:biomolecule.py:157:num_missing_heavy:Missing atom OE2 in residue GLU A 135
2022-11-08 13:30:09,622 WARNING:biomolecule.py:157:num_missing_heavy:Missing atom CG in residue ASP A 136
2022-11-08 13:30:09,623 WARNING:biomolecule.py:157:num_missing_heavy:Missing atom OD1 in residue ASP A 136
2022-11-08 13:30:09,623 WARNING:biomolecule.py:157:num_missing_heavy:Missing atom OD2 in residue ASP A 136
2022-11-08 13:30:09,623 WARNING:biomolecule.py:157:num_missing_heavy:Missing atom CG in residue ARG A 152
2022-11-08 13:30:09,623 WARNING:biomolecule.py:157:num_missing_heavy:Missing atom CD in residue ARG A 152
2022-11-08 13:30:09,623 WARNING:biomolecule.py:157:num_missing_heavy:Missing atom NE in residue ARG A 152
2022-11-08 13:30:09,623 WARNING:biomolecule.py:157:num_missing_heavy:Missing atom CZ in residue ARG A 152
2022-11-08 13:30:09,623 WARNING:biomolecule.py:157:num_missing_heavy:Missing atom NH1 in residue ARG A 152
2022-11-08 13:30:09,623 WARNING:biomolecule.py:157:num_missing_heavy:Missing atom NH2 in residue ARG A 152
2022-11-08 13:30:09,624 WARNING:biomolecule.py:157:num_missing_heavy:Missing atom CG in residue ASN A 188
2022-11-08 13:30:09,624 WARNING:biomolecule.py:157:num_missing_heavy:Missing atom OD1 in residue ASN A 188
2022-11-08 13:30:09,624 WARNING:biomolecule.py:157:num_missing_heavy:Missing atom ND2 in residue ASN A 188
2022-11-08 13:30:09,624 WARNING:biomolecule.py:157:num_missing_heavy:Missing atom CG in residue GLU A 220
2022-11-08 13:30:09,625 WARNING:biomolecule.py:157:num_missing_heavy:Missing atom CD in residue GLU A 220
2022-11-08 13:30:09,625 WARNING:biomolecule.py:157:num_missing_heavy:Missing atom OE1 in residue GLU A 220
2022-11-08 13:30:09,625 WARNING:biomolecule.py:157:num_missing_heavy:Missing atom OE2 in residue GLU A 220
2022-11-08 13:30:09,625 WARNING:biomolecule.py:157:num_missing_heavy:Missing atom CG in residue GLN A 253
2022-11-08 13:30:09,625 WARNING:biomolecule.py:157:num_missing_heavy:Missing atom CD in residue GLN A 253
2022-11-08 13:30:09,625 WARNING:biomolecule.py:157:num_missing_heavy:Missing atom OE1 in residue GLN A 253
2022-11-08 13:30:09,625 WARNING:biomolecule.py:157:num_missing_heavy:Missing atom NE2 in residue GLN A 253
2022-11-08 13:30:09,626 WARNING:biomolecule.py:157:num_missing_heavy:Missing atom CG in residue ASP A 259
2022-11-08 13:30:09,626 WARNING:biomolecule.py:157:num_missing_heavy:Missing atom OD1 in residue ASP A 259
2022-11-08 13:30:09,626 WARNING:biomolecule.py:157:num_missing_heavy:Missing atom OD2 in residue ASP A 259
2022-11-08 13:30:09,626 WARNING:biomolecule.py:157:num_missing_heavy:Missing atom CG in residue GLU A 271
2022-11-08 13:30:09,626 WARNING:biomolecule.py:157:num_missing_heavy:Missing atom CD in residue GLU A 271
2022-11-08 13:30:09,626 WARNING:biomolecule.py:157:num_missing_heavy:Missing atom OE1 in residue GLU A 271
2022-11-08 13:30:09,626 WARNING:biomolecule.py:157:num_missing_heavy:Missing atom OE2 in residue GLU A 271
2022-11-08 13:30:09,627 WARNING:biomolecule.py:157:num_missing_heavy:Missing atom CG in residue GLU A 272
2022-11-08 13:30:09,627 WARNING:biomolecule.py:157:num_missing_heavy:Missing atom CD in residue GLU A 272
2022-11-08 13:30:09,627 WARNING:biomolecule.py:157:num_missing_heavy:Missing atom OE1 in residue GLU A 272
2022-11-08 13:30:09,627 WARNING:biomolecule.py:157:num_missing_heavy:Missing atom OE2 in residue GLU A 272
2022-11-08 13:30:09,627 WARNING:biomolecule.py:157:num_missing_heavy:Missing atom CG in residue GLU A 279
2022-11-08 13:30:09,627 WARNING:biomolecule.py:157:num_missing_heavy:Missing atom CD in residue GLU A 279
2022-11-08 13:30:09,627 WARNING:biomolecule.py:157:num_missing_heavy:Missing atom OE1 in residue GLU A 279
2022-11-08 13:30:09,627 WARNING:biomolecule.py:157:num_missing_heavy:Missing atom OE2 in residue GLU A 279
2022-11-08 13:30:09,628 WARNING:biomolecule.py:157:num_missing_heavy:Missing atom CG in residue GLU A 326
2022-11-08 13:30:09,628 WARNING:biomolecule.py:157:num_missing_heavy:Missing atom CD in residue GLU A 326
2022-11-08 13:30:09,628 WARNING:biomolecule.py:157:num_missing_heavy:Missing atom OE1 in residue GLU A 326
2022-11-08 13:30:09,628 WARNING:biomolecule.py:157:num_missing_heavy:Missing atom OE2 in residue GLU A 326
2022-11-08 13:30:09,628 WARNING:biomolecule.py:157:num_missing_heavy:Missing atom OG in residue SER A 340
2022-11-08 13:30:09,629 WARNING:biomolecule.py:157:num_missing_heavy:Missing atom CG in residue GLU A 351
2022-11-08 13:30:09,629 WARNING:biomolecule.py:157:num_missing_heavy:Missing atom CD in residue GLU A 351
2022-11-08 13:30:09,629 WARNING:biomolecule.py:157:num_missing_heavy:Missing atom OE1 in residue GLU A 351
2022-11-08 13:30:09,629 WARNING:biomolecule.py:157:num_missing_heavy:Missing atom OE2 in residue GLU A 351
2022-11-08 13:30:09,629 WARNING:biomolecule.py:157:num_missing_heavy:Missing atom CG in residue LYS A 358
2022-11-08 13:30:09,629 WARNING:biomolecule.py:157:num_missing_heavy:Missing atom CD in residue LYS A 358
2022-11-08 13:30:09,629 WARNING:biomolecule.py:157:num_missing_heavy:Missing atom CE in residue LYS A 358
2022-11-08 13:30:09,629 WARNING:biomolecule.py:157:num_missing_heavy:Missing atom NZ in residue LYS A 358
2022-11-08 13:30:09,630 WARNING:biomolecule.py:157:num_missing_heavy:Missing atom OXT in residue THR A 363
2022-11-08 13:30:09,630 WARNING:biomolecule.py:157:num_missing_heavy:Missing atom CG in residue ARG B 191
2022-11-08 13:30:09,630 WARNING:biomolecule.py:157:num_missing_heavy:Missing atom CD in residue ARG B 191
2022-11-08 13:30:09,630 WARNING:biomolecule.py:157:num_missing_heavy:Missing atom NE in residue ARG B 191
2022-11-08 13:30:09,630 WARNING:biomolecule.py:157:num_missing_heavy:Missing atom CZ in residue ARG B 191
2022-11-08 13:30:09,630 WARNING:biomolecule.py:157:num_missing_heavy:Missing atom NH1 in residue ARG B 191
2022-11-08 13:30:09,630 WARNING:biomolecule.py:157:num_missing_heavy:Missing atom NH2 in residue ARG B 191
2022-11-08 13:30:09,631 WARNING:biomolecule.py:157:num_missing_heavy:Missing atom OXT in residue ARG B 191
2022-11-08 13:30:09,631 WARNING:biomolecule.py:157:num_missing_heavy:Missing atom CG in residue GLU A 135
2022-11-08 13:30:09,631 WARNING:biomolecule.py:157:num_missing_heavy:Missing atom CD in residue GLU A 135
2022-11-08 13:30:09,631 WARNING:biomolecule.py:157:num_missing_heavy:Missing atom OE1 in residue GLU A 135
2022-11-08 13:30:09,631 WARNING:biomolecule.py:157:num_missing_heavy:Missing atom OE2 in residue GLU A 135
2022-11-08 13:30:09,631 WARNING:biomolecule.py:157:num_missing_heavy:Missing atom CG in residue ASP A 136
2022-11-08 13:30:09,631 WARNING:biomolecule.py:157:num_missing_heavy:Missing atom OD1 in residue ASP A 136
2022-11-08 13:30:09,631 WARNING:biomolecule.py:157:num_missing_heavy:Missing atom OD2 in residue ASP A 136
2022-11-08 13:30:09,632 WARNING:biomolecule.py:157:num_missing_heavy:Missing atom CG in residue ARG A 152
2022-11-08 13:30:09,632 WARNING:biomolecule.py:157:num_missing_heavy:Missing atom CD in residue ARG A 152
2022-11-08 13:30:09,632 WARNING:biomolecule.py:157:num_missing_heavy:Missing atom NE in residue ARG A 152
2022-11-08 13:30:09,632 WARNING:biomolecule.py:157:num_missing_heavy:Missing atom CZ in residue ARG A 152
2022-11-08 13:30:09,632 WARNING:biomolecule.py:157:num_missing_heavy:Missing atom NH1 in residue ARG A 152
2022-11-08 13:30:09,632 WARNING:biomolecule.py:157:num_missing_heavy:Missing atom NH2 in residue ARG A 152
2022-11-08 13:30:09,633 WARNING:biomolecule.py:157:num_missing_heavy:Missing atom CG in residue ASN A 188
2022-11-08 13:30:09,633 WARNING:biomolecule.py:157:num_missing_heavy:Missing atom OD1 in residue ASN A 188
2022-11-08 13:30:09,633 WARNING:biomolecule.py:157:num_missing_heavy:Missing atom ND2 in residue ASN A 188
2022-11-08 13:30:09,633 WARNING:biomolecule.py:157:num_missing_heavy:Missing atom CG in residue GLU A 220
2022-11-08 13:30:09,633 WARNING:biomolecule.py:157:num_missing_heavy:Missing atom CD in residue GLU A 220
2022-11-08 13:30:09,633 WARNING:biomolecule.py:157:num_missing_heavy:Missing atom OE1 in residue GLU A 220
2022-11-08 13:30:09,634 WARNING:biomolecule.py:157:num_missing_heavy:Missing atom OE2 in residue GLU A 220
2022-11-08 13:30:09,634 WARNING:biomolecule.py:157:num_missing_heavy:Missing atom CG in residue GLN A 253
2022-11-08 13:30:09,634 WARNING:biomolecule.py:157:num_missing_heavy:Missing atom CD in residue GLN A 253
2022-11-08 13:30:09,634 WARNING:biomolecule.py:157:num_missing_heavy:Missing atom OE1 in residue GLN A 253
2022-11-08 13:30:09,634 WARNING:biomolecule.py:157:num_missing_heavy:Missing atom NE2 in residue GLN A 253
2022-11-08 13:30:09,634 WARNING:biomolecule.py:157:num_missing_heavy:Missing atom CG in residue ASP A 259
2022-11-08 13:30:09,635 WARNING:biomolecule.py:157:num_missing_heavy:Missing atom OD1 in residue ASP A 259
2022-11-08 13:30:09,635 WARNING:biomolecule.py:157:num_missing_heavy:Missing atom OD2 in residue ASP A 259
2022-11-08 13:30:09,635 WARNING:biomolecule.py:157:num_missing_heavy:Missing atom CG in residue GLU A 271
2022-11-08 13:30:09,635 WARNING:biomolecule.py:157:num_missing_heavy:Missing atom CD in residue GLU A 271
2022-11-08 13:30:09,635 WARNING:biomolecule.py:157:num_missing_heavy:Missing atom OE1 in residue GLU A 271
2022-11-08 13:30:09,636 WARNING:biomolecule.py:157:num_missing_heavy:Missing atom OE2 in residue GLU A 271
2022-11-08 13:30:09,636 WARNING:biomolecule.py:157:num_missing_heavy:Missing atom CG in residue GLU A 272
2022-11-08 13:30:09,636 WARNING:biomolecule.py:157:num_missing_heavy:Missing atom CD in residue GLU A 272
2022-11-08 13:30:09,636 WARNING:biomolecule.py:157:num_missing_heavy:Missing atom OE1 in residue GLU A 272
2022-11-08 13:30:09,636 WARNING:biomolecule.py:157:num_missing_heavy:Missing atom OE2 in residue GLU A 272
2022-11-08 13:30:09,636 WARNING:biomolecule.py:157:num_missing_heavy:Missing atom CG in residue GLU A 279
2022-11-08 13:30:09,637 WARNING:biomolecule.py:157:num_missing_heavy:Missing atom CD in residue GLU A 279
2022-11-08 13:30:09,637 WARNING:biomolecule.py:157:num_missing_heavy:Missing atom OE1 in residue GLU A 279
2022-11-08 13:30:09,637 WARNING:biomolecule.py:157:num_missing_heavy:Missing atom OE2 in residue GLU A 279
2022-11-08 13:30:09,637 WARNING:biomolecule.py:157:num_missing_heavy:Missing atom CG in residue GLU A 326
2022-11-08 13:30:09,637 WARNING:biomolecule.py:157:num_missing_heavy:Missing atom CD in residue GLU A 326
2022-11-08 13:30:09,638 WARNING:biomolecule.py:157:num_missing_heavy:Missing atom OE1 in residue GLU A 326
2022-11-08 13:30:09,638 WARNING:biomolecule.py:157:num_missing_heavy:Missing atom OE2 in residue GLU A 326
2022-11-08 13:30:09,638 WARNING:biomolecule.py:157:num_missing_heavy:Missing atom OG in residue SER A 340
2022-11-08 13:30:09,638 WARNING:biomolecule.py:157:num_missing_heavy:Missing atom CG in residue GLU A 351
2022-11-08 13:30:09,638 WARNING:biomolecule.py:157:num_missing_heavy:Missing atom CD in residue GLU A 351
2022-11-08 13:30:09,638 WARNING:biomolecule.py:157:num_missing_heavy:Missing atom OE1 in residue GLU A 351
2022-11-08 13:30:09,638 WARNING:biomolecule.py:157:num_missing_heavy:Missing atom OE2 in residue GLU A 351
2022-11-08 13:30:09,639 WARNING:biomolecule.py:157:num_missing_heavy:Missing atom CG in residue LYS A 358
2022-11-08 13:30:09,639 WARNING:biomolecule.py:157:num_missing_heavy:Missing atom CD in residue LYS A 358
2022-11-08 13:30:09,639 WARNING:biomolecule.py:157:num_missing_heavy:Missing atom CE in residue LYS A 358
2022-11-08 13:30:09,639 WARNING:biomolecule.py:157:num_missing_heavy:Missing atom NZ in residue LYS A 358
2022-11-08 13:30:09,639 WARNING:biomolecule.py:157:num_missing_heavy:Missing atom OXT in residue THR A 363
2022-11-08 13:30:09,639 WARNING:biomolecule.py:157:num_missing_heavy:Missing atom CG in residue ARG B 191
2022-11-08 13:30:09,639 WARNING:biomolecule.py:157:num_missing_heavy:Missing atom CD in residue ARG B 191
2022-11-08 13:30:09,640 WARNING:biomolecule.py:157:num_missing_heavy:Missing atom NE in residue ARG B 191
2022-11-08 13:30:09,640 WARNING:biomolecule.py:157:num_missing_heavy:Missing atom CZ in residue ARG B 191
2022-11-08 13:30:09,640 WARNING:biomolecule.py:157:num_missing_heavy:Missing atom NH1 in residue ARG B 191
2022-11-08 13:30:09,640 WARNING:biomolecule.py:157:num_missing_heavy:Missing atom NH2 in residue ARG B 191
2022-11-08 13:30:09,640 WARNING:biomolecule.py:157:num_missing_heavy:Missing atom OXT in residue ARG B 191
2022-11-08 13:30:13,566 WARNING:main.py:311:print_pqr:Ignoring 1731 header lines in output.
2022-11-08 13:30:13,567 WARNING:main.py:315:print_pqr:Ignoring 27 missing lines in output.
