2022-11-08 13:28:40,655 WARNING:biomolecule.py:966:create_residue:Unable to find amino or nucleic acid definition for ZN.  Parsing as new residue.
2022-11-08 13:28:40,656 WARNING:biomolecule.py:966:create_residue:Unable to find amino or nucleic acid definition for ZN.  Parsing as new residue.
2022-11-08 13:28:40,656 WARNING:biomolecule.py:966:create_residue:Unable to find amino or nucleic acid definition for ZN.  Parsing as new residue.
2022-11-08 13:28:40,656 WARNING:biomolecule.py:966:create_residue:Unable to find amino or nucleic acid definition for SAM.  Parsing as new residue.
2022-11-08 13:28:40,657 WARNING:biomolecule.py:966:create_residue:Unable to find amino or nucleic acid definition for GOL.  Parsing as new residue.
2022-11-08 13:28:40,657 WARNING:biomolecule.py:966:create_residue:Unable to find amino or nucleic acid definition for GOL.  Parsing as new residue.
2022-11-08 13:28:40,657 WARNING:biomolecule.py:966:create_residue:Unable to find amino or nucleic acid definition for GOL.  Parsing as new residue.
2022-11-08 13:28:40,657 WARNING:biomolecule.py:966:create_residue:Unable to find amino or nucleic acid definition for GOL.  Parsing as new residue.
2022-11-08 13:28:40,657 WARNING:biomolecule.py:966:create_residue:Unable to find amino or nucleic acid definition for GOL.  Parsing as new residue.
2022-11-08 13:28:40,658 WARNING:io.py:40:filter:Suppressing further "Unable to find amino or nucleic acid definition for" messages
2022-11-08 13:28:40,659 WARNING:main.py:418:setup_molecule:Multiple occupancies found: N in CYS A 41.
2022-11-08 13:28:40,659 WARNING:main.py:418:setup_molecule:Multiple occupancies found: CA in CYS A 41.
2022-11-08 13:28:40,659 WARNING:main.py:418:setup_molecule:Multiple occupancies found: C in CYS A 41.
2022-11-08 13:28:40,659 WARNING:main.py:418:setup_molecule:Multiple occupancies found: O in CYS A 41.
2022-11-08 13:28:40,659 WARNING:main.py:418:setup_molecule:Multiple occupancies found: CB in CYS A 41.
2022-11-08 13:28:40,659 WARNING:main.py:418:setup_molecule:Multiple occupancies found: SG in CYS A 41.
2022-11-08 13:28:40,660 WARNING:main.py:424:setup_molecule:Multiple occupancies found in CYS A 41. At least one of the instances is being ignored.
2022-11-08 13:28:40,660 WARNING:main.py:418:setup_molecule:Multiple occupancies found: N in TYR A 127.
2022-11-08 13:28:40,660 WARNING:main.py:418:setup_molecule:Multiple occupancies found: CA in TYR A 127.
2022-11-08 13:28:40,660 WARNING:main.py:418:setup_molecule:Multiple occupancies found: C in TYR A 127.
2022-11-08 13:28:40,660 WARNING:main.py:418:setup_molecule:Multiple occupancies found: O in TYR A 127.
2022-11-08 13:28:40,660 WARNING:main.py:418:setup_molecule:Multiple occupancies found: CB in TYR A 127.
2022-11-08 13:28:40,660 WARNING:main.py:418:setup_molecule:Multiple occupancies found: CG in TYR A 127.
2022-11-08 13:28:40,660 WARNING:main.py:418:setup_molecule:Multiple occupancies found: CD1 in TYR A 127.
2022-11-08 13:28:40,660 WARNING:main.py:418:setup_molecule:Multiple occupancies found: CD2 in TYR A 127.
2022-11-08 13:28:40,661 WARNING:main.py:418:setup_molecule:Multiple occupancies found: CE1 in TYR A 127.
2022-11-08 13:28:40,661 WARNING:main.py:418:setup_molecule:Multiple occupancies found: CE2 in TYR A 127.
2022-11-08 13:28:40,661 WARNING:main.py:418:setup_molecule:Multiple occupancies found: CZ in TYR A 127.
2022-11-08 13:28:40,661 WARNING:main.py:418:setup_molecule:Multiple occupancies found: OH in TYR A 127.
2022-11-08 13:28:40,661 WARNING:main.py:424:setup_molecule:Multiple occupancies found in TYR A 127. At least one of the instances is being ignored.
2022-11-08 13:28:40,661 WARNING:main.py:418:setup_molecule:Multiple occupancies found: N in GLN A 191.
2022-11-08 13:28:40,661 WARNING:main.py:418:setup_molecule:Multiple occupancies found: CA in GLN A 191.
2022-11-08 13:28:40,661 WARNING:main.py:418:setup_molecule:Multiple occupancies found: C in GLN A 191.
2022-11-08 13:28:40,662 WARNING:main.py:418:setup_molecule:Multiple occupancies found: O in GLN A 191.
2022-11-08 13:28:40,662 WARNING:main.py:418:setup_molecule:Multiple occupancies found: CB in GLN A 191.
2022-11-08 13:28:40,663 WARNING:main.py:418:setup_molecule:Multiple occupancies found: CG in GLN A 191.
2022-11-08 13:28:40,663 WARNING:main.py:418:setup_molecule:Multiple occupancies found: CD in GLN A 191.
2022-11-08 13:28:40,663 WARNING:main.py:418:setup_molecule:Multiple occupancies found: NE2 in GLN A 191.
2022-11-08 13:28:40,663 WARNING:main.py:418:setup_molecule:Multiple occupancies found: OE1 in GLN A 191.
2022-11-08 13:28:40,663 WARNING:main.py:424:setup_molecule:Multiple occupancies found in GLN A 191. At least one of the instances is being ignored.
2022-11-08 13:28:40,663 WARNING:main.py:418:setup_molecule:Multiple occupancies found: N in CYS A 261.
2022-11-08 13:28:40,663 WARNING:main.py:418:setup_molecule:Multiple occupancies found: CA in CYS A 261.
2022-11-08 13:28:40,663 WARNING:main.py:418:setup_molecule:Multiple occupancies found: C in CYS A 261.
2022-11-08 13:28:40,664 WARNING:main.py:418:setup_molecule:Multiple occupancies found: O in CYS A 261.
2022-11-08 13:28:40,664 WARNING:main.py:418:setup_molecule:Multiple occupancies found: CB in CYS A 261.
2022-11-08 13:28:40,664 WARNING:main.py:418:setup_molecule:Multiple occupancies found: SG in CYS A 261.
2022-11-08 13:28:40,664 WARNING:main.py:424:setup_molecule:Multiple occupancies found in CYS A 261. At least one of the instances is being ignored.
2022-11-08 13:28:40,664 WARNING:main.py:418:setup_molecule:Multiple occupancies found: N in ASP A 262.
2022-11-08 13:28:40,664 WARNING:main.py:418:setup_molecule:Multiple occupancies found: CA in ASP A 262.
2022-11-08 13:28:40,664 WARNING:main.py:418:setup_molecule:Multiple occupancies found: C in ASP A 262.
2022-11-08 13:28:40,664 WARNING:main.py:418:setup_molecule:Multiple occupancies found: O in ASP A 262.
2022-11-08 13:28:40,664 WARNING:main.py:418:setup_molecule:Multiple occupancies found: CB in ASP A 262.
2022-11-08 13:28:40,665 WARNING:main.py:418:setup_molecule:Multiple occupancies found: CG in ASP A 262.
2022-11-08 13:28:40,665 WARNING:main.py:418:setup_molecule:Multiple occupancies found: OD1 in ASP A 262.
2022-11-08 13:28:40,665 WARNING:main.py:418:setup_molecule:Multiple occupancies found: OD2 in ASP A 262.
2022-11-08 13:28:40,665 WARNING:main.py:424:setup_molecule:Multiple occupancies found in ASP A 262. At least one of the instances is being ignored.
2022-11-08 13:28:40,665 WARNING:main.py:418:setup_molecule:Multiple occupancies found: N in CYS A 263.
2022-11-08 13:28:40,665 WARNING:main.py:418:setup_molecule:Multiple occupancies found: CA in CYS A 263.
2022-11-08 13:28:40,665 WARNING:main.py:418:setup_molecule:Multiple occupancies found: C in CYS A 263.
2022-11-08 13:28:40,665 WARNING:main.py:418:setup_molecule:Multiple occupancies found: O in CYS A 263.
2022-11-08 13:28:40,665 WARNING:main.py:418:setup_molecule:Multiple occupancies found: CB in CYS A 263.
2022-11-08 13:28:40,666 WARNING:main.py:418:setup_molecule:Multiple occupancies found: SG in CYS A 263.
2022-11-08 13:28:40,666 WARNING:main.py:424:setup_molecule:Multiple occupancies found in CYS A 263. At least one of the instances is being ignored.
2022-11-08 13:28:40,666 WARNING:main.py:418:setup_molecule:Multiple occupancies found: N in GLN A 267.
2022-11-08 13:28:40,666 WARNING:main.py:418:setup_molecule:Multiple occupancies found: CA in GLN A 267.
2022-11-08 13:28:40,666 WARNING:main.py:418:setup_molecule:Multiple occupancies found: C in GLN A 267.
2022-11-08 13:28:40,666 WARNING:main.py:418:setup_molecule:Multiple occupancies found: O in GLN A 267.
2022-11-08 13:28:40,666 WARNING:main.py:418:setup_molecule:Multiple occupancies found: CB in GLN A 267.
2022-11-08 13:28:40,666 WARNING:main.py:418:setup_molecule:Multiple occupancies found: CG in GLN A 267.
2022-11-08 13:28:40,666 WARNING:main.py:418:setup_molecule:Multiple occupancies found: CD in GLN A 267.
2022-11-08 13:28:40,667 WARNING:main.py:418:setup_molecule:Multiple occupancies found: NE2 in GLN A 267.
2022-11-08 13:28:40,667 WARNING:main.py:418:setup_molecule:Multiple occupancies found: OE1 in GLN A 267.
2022-11-08 13:28:40,667 WARNING:main.py:424:setup_molecule:Multiple occupancies found in GLN A 267. At least one of the instances is being ignored.
2022-11-08 13:28:40,667 WARNING:main.py:418:setup_molecule:Multiple occupancies found: N in GLU A 303.
2022-11-08 13:28:40,667 WARNING:main.py:418:setup_molecule:Multiple occupancies found: CA in GLU A 303.
2022-11-08 13:28:40,667 WARNING:main.py:418:setup_molecule:Multiple occupancies found: C in GLU A 303.
2022-11-08 13:28:40,667 WARNING:main.py:418:setup_molecule:Multiple occupancies found: O in GLU A 303.
2022-11-08 13:28:40,667 WARNING:main.py:418:setup_molecule:Multiple occupancies found: CB in GLU A 303.
2022-11-08 13:28:40,667 WARNING:main.py:418:setup_molecule:Multiple occupancies found: CG in GLU A 303.
2022-11-08 13:28:40,668 WARNING:main.py:418:setup_molecule:Multiple occupancies found: CD in GLU A 303.
2022-11-08 13:28:40,668 WARNING:main.py:418:setup_molecule:Multiple occupancies found: OE1 in GLU A 303.
2022-11-08 13:28:40,668 WARNING:main.py:418:setup_molecule:Multiple occupancies found: OE2 in GLU A 303.
2022-11-08 13:28:40,668 WARNING:main.py:424:setup_molecule:Multiple occupancies found in GLU A 303. At least one of the instances is being ignored.
2022-11-08 13:28:40,668 WARNING:main.py:418:setup_molecule:Multiple occupancies found: N in GLN A 304.
2022-11-08 13:28:40,668 WARNING:main.py:418:setup_molecule:Multiple occupancies found: CA in GLN A 304.
2022-11-08 13:28:40,668 WARNING:main.py:418:setup_molecule:Multiple occupancies found: C in GLN A 304.
2022-11-08 13:28:40,668 WARNING:main.py:418:setup_molecule:Multiple occupancies found: O in GLN A 304.
2022-11-08 13:28:40,668 WARNING:main.py:418:setup_molecule:Multiple occupancies found: CB in GLN A 304.
2022-11-08 13:28:40,669 WARNING:main.py:418:setup_molecule:Multiple occupancies found: CG in GLN A 304.
2022-11-08 13:28:40,669 WARNING:main.py:418:setup_molecule:Multiple occupancies found: CD in GLN A 304.
2022-11-08 13:28:40,669 WARNING:main.py:418:setup_molecule:Multiple occupancies found: NE2 in GLN A 304.
2022-11-08 13:28:40,669 WARNING:main.py:418:setup_molecule:Multiple occupancies found: OE1 in GLN A 304.
2022-11-08 13:28:40,669 WARNING:main.py:424:setup_molecule:Multiple occupancies found in GLN A 304. At least one of the instances is being ignored.
2022-11-08 13:28:40,669 WARNING:main.py:418:setup_molecule:Multiple occupancies found: N in ASN A 316.
2022-11-08 13:28:40,669 WARNING:main.py:418:setup_molecule:Multiple occupancies found: CA in ASN A 316.
2022-11-08 13:28:40,669 WARNING:main.py:418:setup_molecule:Multiple occupancies found: C in ASN A 316.
2022-11-08 13:28:40,669 WARNING:main.py:418:setup_molecule:Multiple occupancies found: O in ASN A 316.
2022-11-08 13:28:40,670 WARNING:main.py:418:setup_molecule:Multiple occupancies found: CB in ASN A 316.
2022-11-08 13:28:40,670 WARNING:main.py:418:setup_molecule:Multiple occupancies found: CG in ASN A 316.
2022-11-08 13:28:40,670 WARNING:main.py:418:setup_molecule:Multiple occupancies found: ND2 in ASN A 316.
2022-11-08 13:28:40,670 WARNING:main.py:418:setup_molecule:Multiple occupancies found: OD1 in ASN A 316.
2022-11-08 13:28:40,670 WARNING:main.py:424:setup_molecule:Multiple occupancies found in ASN A 316. At least one of the instances is being ignored.
2022-11-08 13:28:40,670 WARNING:main.py:418:setup_molecule:Multiple occupancies found: N in THR A 352.
2022-11-08 13:28:40,670 WARNING:main.py:418:setup_molecule:Multiple occupancies found: CA in THR A 352.
2022-11-08 13:28:40,670 WARNING:main.py:418:setup_molecule:Multiple occupancies found: C in THR A 352.
2022-11-08 13:28:40,670 WARNING:main.py:418:setup_molecule:Multiple occupancies found: O in THR A 352.
2022-11-08 13:28:40,671 WARNING:main.py:418:setup_molecule:Multiple occupancies found: CB in THR A 352.
2022-11-08 13:28:40,671 WARNING:main.py:418:setup_molecule:Multiple occupancies found: CG2 in THR A 352.
2022-11-08 13:28:40,671 WARNING:main.py:418:setup_molecule:Multiple occupancies found: OG1 in THR A 352.
2022-11-08 13:28:40,671 WARNING:main.py:424:setup_molecule:Multiple occupancies found in THR A 352. At least one of the instances is being ignored.
2022-11-08 13:28:40,671 WARNING:main.py:418:setup_molecule:Multiple occupancies found: N in HIS A 382.
2022-11-08 13:28:40,671 WARNING:main.py:418:setup_molecule:Multiple occupancies found: CA in HIS A 382.
2022-11-08 13:28:40,671 WARNING:main.py:418:setup_molecule:Multiple occupancies found: C in HIS A 382.
2022-11-08 13:28:40,671 WARNING:main.py:418:setup_molecule:Multiple occupancies found: O in HIS A 382.
2022-11-08 13:28:40,672 WARNING:main.py:418:setup_molecule:Multiple occupancies found: CB in HIS A 382.
2022-11-08 13:28:40,672 WARNING:main.py:418:setup_molecule:Multiple occupancies found: CG in HIS A 382.
2022-11-08 13:28:40,672 WARNING:main.py:418:setup_molecule:Multiple occupancies found: CD2 in HIS A 382.
2022-11-08 13:28:40,672 WARNING:main.py:418:setup_molecule:Multiple occupancies found: ND1 in HIS A 382.
2022-11-08 13:28:40,672 WARNING:main.py:418:setup_molecule:Multiple occupancies found: CE1 in HIS A 382.
2022-11-08 13:28:40,672 WARNING:main.py:418:setup_molecule:Multiple occupancies found: NE2 in HIS A 382.
2022-11-08 13:28:40,672 WARNING:main.py:424:setup_molecule:Multiple occupancies found in HIS A 382. At least one of the instances is being ignored.
2022-11-08 13:28:40,672 WARNING:main.py:418:setup_molecule:Multiple occupancies found: N in CYS A 421.
2022-11-08 13:28:40,672 WARNING:main.py:418:setup_molecule:Multiple occupancies found: CA in CYS A 421.
2022-11-08 13:28:40,673 WARNING:main.py:418:setup_molecule:Multiple occupancies found: C in CYS A 421.
2022-11-08 13:28:40,673 WARNING:main.py:418:setup_molecule:Multiple occupancies found: O in CYS A 421.
2022-11-08 13:28:40,673 WARNING:main.py:418:setup_molecule:Multiple occupancies found: CB in CYS A 421.
2022-11-08 13:28:40,673 WARNING:main.py:418:setup_molecule:Multiple occupancies found: SG in CYS A 421.
2022-11-08 13:28:40,673 WARNING:main.py:424:setup_molecule:Multiple occupancies found in CYS A 421. At least one of the instances is being ignored.
2022-11-08 13:28:40,722 WARNING:biomolecule.py:157:num_missing_heavy:Missing atom CG in residue ARG A 25
2022-11-08 13:28:40,722 WARNING:biomolecule.py:157:num_missing_heavy:Missing atom CD in residue ARG A 25
2022-11-08 13:28:40,722 WARNING:biomolecule.py:157:num_missing_heavy:Missing atom NE in residue ARG A 25
2022-11-08 13:28:40,722 WARNING:biomolecule.py:157:num_missing_heavy:Missing atom CZ in residue ARG A 25
2022-11-08 13:28:40,723 WARNING:biomolecule.py:157:num_missing_heavy:Missing atom NH1 in residue ARG A 25
2022-11-08 13:28:40,723 WARNING:biomolecule.py:157:num_missing_heavy:Missing atom NH2 in residue ARG A 25
2022-11-08 13:28:40,723 WARNING:biomolecule.py:157:num_missing_heavy:Missing atom CG in residue LYS A 56
2022-11-08 13:28:40,723 WARNING:biomolecule.py:157:num_missing_heavy:Missing atom CD in residue LYS A 56
2022-11-08 13:28:40,723 WARNING:biomolecule.py:157:num_missing_heavy:Missing atom CE in residue LYS A 56
2022-11-08 13:28:40,723 WARNING:biomolecule.py:157:num_missing_heavy:Missing atom NZ in residue LYS A 56
2022-11-08 13:28:40,724 WARNING:biomolecule.py:157:num_missing_heavy:Missing atom CG in residue GLU A 57
2022-11-08 13:28:40,724 WARNING:biomolecule.py:157:num_missing_heavy:Missing atom CD in residue GLU A 57
2022-11-08 13:28:40,724 WARNING:biomolecule.py:157:num_missing_heavy:Missing atom OE1 in residue GLU A 57
2022-11-08 13:28:40,724 WARNING:biomolecule.py:157:num_missing_heavy:Missing atom OE2 in residue GLU A 57
2022-11-08 13:28:40,724 WARNING:biomolecule.py:157:num_missing_heavy:Missing atom CG in residue LYS A 58
2022-11-08 13:28:40,724 WARNING:biomolecule.py:157:num_missing_heavy:Missing atom CD in residue LYS A 58
2022-11-08 13:28:40,724 WARNING:biomolecule.py:157:num_missing_heavy:Missing atom CE in residue LYS A 58
2022-11-08 13:28:40,724 WARNING:biomolecule.py:157:num_missing_heavy:Missing atom NZ in residue LYS A 58
2022-11-08 13:28:40,725 WARNING:biomolecule.py:157:num_missing_heavy:Missing atom CD in residue GLN A 64
2022-11-08 13:28:40,725 WARNING:biomolecule.py:157:num_missing_heavy:Missing atom OE1 in residue GLN A 64
2022-11-08 13:28:40,725 WARNING:biomolecule.py:157:num_missing_heavy:Missing atom NE2 in residue GLN A 64
2022-11-08 13:28:40,725 WARNING:biomolecule.py:157:num_missing_heavy:Missing atom CE in residue LYS A 74
2022-11-08 13:28:40,725 WARNING:biomolecule.py:157:num_missing_heavy:Missing atom NZ in residue LYS A 74
2022-11-08 13:28:40,725 WARNING:biomolecule.py:157:num_missing_heavy:Missing atom CD in residue LYS A 77
2022-11-08 13:28:40,725 WARNING:biomolecule.py:157:num_missing_heavy:Missing atom CE in residue LYS A 77
2022-11-08 13:28:40,726 WARNING:biomolecule.py:157:num_missing_heavy:Missing atom NZ in residue LYS A 77
2022-11-08 13:28:40,726 WARNING:biomolecule.py:157:num_missing_heavy:Missing atom CD in residue LYS A 78
2022-11-08 13:28:40,726 WARNING:biomolecule.py:157:num_missing_heavy:Missing atom CE in residue LYS A 78
2022-11-08 13:28:40,726 WARNING:biomolecule.py:157:num_missing_heavy:Missing atom NZ in residue LYS A 78
2022-11-08 13:28:40,726 WARNING:biomolecule.py:157:num_missing_heavy:Missing atom CG in residue LYS A 88
2022-11-08 13:28:40,726 WARNING:biomolecule.py:157:num_missing_heavy:Missing atom CD in residue LYS A 88
2022-11-08 13:28:40,726 WARNING:biomolecule.py:157:num_missing_heavy:Missing atom CE in residue LYS A 88
2022-11-08 13:28:40,727 WARNING:biomolecule.py:157:num_missing_heavy:Missing atom NZ in residue LYS A 88
2022-11-08 13:28:40,727 WARNING:biomolecule.py:157:num_missing_heavy:Missing atom CE in residue LYS A 91
2022-11-08 13:28:40,727 WARNING:biomolecule.py:157:num_missing_heavy:Missing atom NZ in residue LYS A 91
2022-11-08 13:28:40,727 WARNING:biomolecule.py:157:num_missing_heavy:Missing atom CG in residue LYS A 94
2022-11-08 13:28:40,727 WARNING:biomolecule.py:157:num_missing_heavy:Missing atom CD in residue LYS A 94
2022-11-08 13:28:40,727 WARNING:biomolecule.py:157:num_missing_heavy:Missing atom CE in residue LYS A 94
2022-11-08 13:28:40,727 WARNING:biomolecule.py:157:num_missing_heavy:Missing atom NZ in residue LYS A 94
2022-11-08 13:28:40,727 WARNING:biomolecule.py:157:num_missing_heavy:Missing atom CG in residue ARG A 96
2022-11-08 13:28:40,728 WARNING:biomolecule.py:157:num_missing_heavy:Missing atom CD in residue ARG A 96
2022-11-08 13:28:40,728 WARNING:biomolecule.py:157:num_missing_heavy:Missing atom NE in residue ARG A 96
2022-11-08 13:28:40,728 WARNING:biomolecule.py:157:num_missing_heavy:Missing atom CZ in residue ARG A 96
2022-11-08 13:28:40,728 WARNING:biomolecule.py:157:num_missing_heavy:Missing atom NH1 in residue ARG A 96
2022-11-08 13:28:40,728 WARNING:biomolecule.py:157:num_missing_heavy:Missing atom NH2 in residue ARG A 96
2022-11-08 13:28:40,728 WARNING:biomolecule.py:157:num_missing_heavy:Missing atom NZ in residue LYS A 111
2022-11-08 13:28:40,728 WARNING:biomolecule.py:157:num_missing_heavy:Missing atom CD in residue GLU A 119
2022-11-08 13:28:40,729 WARNING:biomolecule.py:157:num_missing_heavy:Missing atom OE1 in residue GLU A 119
2022-11-08 13:28:40,729 WARNING:biomolecule.py:157:num_missing_heavy:Missing atom OE2 in residue GLU A 119
2022-11-08 13:28:40,730 WARNING:biomolecule.py:157:num_missing_heavy:Missing atom CE in residue LYS A 301
2022-11-08 13:28:40,730 WARNING:biomolecule.py:157:num_missing_heavy:Missing atom NZ in residue LYS A 301
2022-11-08 13:28:40,731 WARNING:biomolecule.py:157:num_missing_heavy:Missing atom CZ in residue ARG A 406
2022-11-08 13:28:40,731 WARNING:biomolecule.py:157:num_missing_heavy:Missing atom NH1 in residue ARG A 406
2022-11-08 13:28:40,731 WARNING:biomolecule.py:157:num_missing_heavy:Missing atom NH2 in residue ARG A 406
2022-11-08 13:28:40,731 WARNING:biomolecule.py:157:num_missing_heavy:Missing atom OXT in residue ALA A 427
2022-11-08 13:28:40,732 WARNING:biomolecule.py:157:num_missing_heavy:Missing atom CG in residue ARG A 25
2022-11-08 13:28:40,732 WARNING:biomolecule.py:157:num_missing_heavy:Missing atom CD in residue ARG A 25
2022-11-08 13:28:40,732 WARNING:biomolecule.py:157:num_missing_heavy:Missing atom NE in residue ARG A 25
2022-11-08 13:28:40,732 WARNING:biomolecule.py:157:num_missing_heavy:Missing atom CZ in residue ARG A 25
2022-11-08 13:28:40,732 WARNING:biomolecule.py:157:num_missing_heavy:Missing atom NH1 in residue ARG A 25
2022-11-08 13:28:40,732 WARNING:biomolecule.py:157:num_missing_heavy:Missing atom NH2 in residue ARG A 25
2022-11-08 13:28:40,733 WARNING:biomolecule.py:157:num_missing_heavy:Missing atom CG in residue LYS A 56
2022-11-08 13:28:40,733 WARNING:biomolecule.py:157:num_missing_heavy:Missing atom CD in residue LYS A 56
2022-11-08 13:28:40,733 WARNING:biomolecule.py:157:num_missing_heavy:Missing atom CE in residue LYS A 56
2022-11-08 13:28:40,733 WARNING:biomolecule.py:157:num_missing_heavy:Missing atom NZ in residue LYS A 56
2022-11-08 13:28:40,733 WARNING:biomolecule.py:157:num_missing_heavy:Missing atom CG in residue GLU A 57
2022-11-08 13:28:40,733 WARNING:biomolecule.py:157:num_missing_heavy:Missing atom CD in residue GLU A 57
2022-11-08 13:28:40,733 WARNING:biomolecule.py:157:num_missing_heavy:Missing atom OE1 in residue GLU A 57
2022-11-08 13:28:40,734 WARNING:biomolecule.py:157:num_missing_heavy:Missing atom OE2 in residue GLU A 57
2022-11-08 13:28:40,734 WARNING:biomolecule.py:157:num_missing_heavy:Missing atom CG in residue LYS A 58
2022-11-08 13:28:40,734 WARNING:biomolecule.py:157:num_missing_heavy:Missing atom CD in residue LYS A 58
2022-11-08 13:28:40,734 WARNING:biomolecule.py:157:num_missing_heavy:Missing atom CE in residue LYS A 58
2022-11-08 13:28:40,734 WARNING:biomolecule.py:157:num_missing_heavy:Missing atom NZ in residue LYS A 58
2022-11-08 13:28:40,734 WARNING:biomolecule.py:157:num_missing_heavy:Missing atom CD in residue GLN A 64
2022-11-08 13:28:40,734 WARNING:biomolecule.py:157:num_missing_heavy:Missing atom OE1 in residue GLN A 64
2022-11-08 13:28:40,734 WARNING:biomolecule.py:157:num_missing_heavy:Missing atom NE2 in residue GLN A 64
2022-11-08 13:28:40,735 WARNING:biomolecule.py:157:num_missing_heavy:Missing atom CE in residue LYS A 74
2022-11-08 13:28:40,735 WARNING:biomolecule.py:157:num_missing_heavy:Missing atom NZ in residue LYS A 74
2022-11-08 13:28:40,735 WARNING:biomolecule.py:157:num_missing_heavy:Missing atom CD in residue LYS A 77
2022-11-08 13:28:40,735 WARNING:biomolecule.py:157:num_missing_heavy:Missing atom CE in residue LYS A 77
2022-11-08 13:28:40,735 WARNING:biomolecule.py:157:num_missing_heavy:Missing atom NZ in residue LYS A 77
2022-11-08 13:28:40,735 WARNING:biomolecule.py:157:num_missing_heavy:Missing atom CD in residue LYS A 78
2022-11-08 13:28:40,735 WARNING:biomolecule.py:157:num_missing_heavy:Missing atom CE in residue LYS A 78
2022-11-08 13:28:40,736 WARNING:biomolecule.py:157:num_missing_heavy:Missing atom NZ in residue LYS A 78
2022-11-08 13:28:40,736 WARNING:biomolecule.py:157:num_missing_heavy:Missing atom CG in residue LYS A 88
2022-11-08 13:28:40,736 WARNING:biomolecule.py:157:num_missing_heavy:Missing atom CD in residue LYS A 88
2022-11-08 13:28:40,736 WARNING:biomolecule.py:157:num_missing_heavy:Missing atom CE in residue LYS A 88
2022-11-08 13:28:40,736 WARNING:biomolecule.py:157:num_missing_heavy:Missing atom NZ in residue LYS A 88
2022-11-08 13:28:40,736 WARNING:biomolecule.py:157:num_missing_heavy:Missing atom CE in residue LYS A 91
2022-11-08 13:28:40,736 WARNING:biomolecule.py:157:num_missing_heavy:Missing atom NZ in residue LYS A 91
2022-11-08 13:28:40,736 WARNING:biomolecule.py:157:num_missing_heavy:Missing atom CG in residue LYS A 94
2022-11-08 13:28:40,737 WARNING:biomolecule.py:157:num_missing_heavy:Missing atom CD in residue LYS A 94
2022-11-08 13:28:40,737 WARNING:biomolecule.py:157:num_missing_heavy:Missing atom CE in residue LYS A 94
2022-11-08 13:28:40,737 WARNING:biomolecule.py:157:num_missing_heavy:Missing atom NZ in residue LYS A 94
2022-11-08 13:28:40,737 WARNING:biomolecule.py:157:num_missing_heavy:Missing atom CG in residue ARG A 96
2022-11-08 13:28:40,737 WARNING:biomolecule.py:157:num_missing_heavy:Missing atom CD in residue ARG A 96
2022-11-08 13:28:40,737 WARNING:biomolecule.py:157:num_missing_heavy:Missing atom NE in residue ARG A 96
2022-11-08 13:28:40,737 WARNING:biomolecule.py:157:num_missing_heavy:Missing atom CZ in residue ARG A 96
2022-11-08 13:28:40,737 WARNING:biomolecule.py:157:num_missing_heavy:Missing atom NH1 in residue ARG A 96
2022-11-08 13:28:40,738 WARNING:biomolecule.py:157:num_missing_heavy:Missing atom NH2 in residue ARG A 96
2022-11-08 13:28:40,738 WARNING:biomolecule.py:157:num_missing_heavy:Missing atom NZ in residue LYS A 111
2022-11-08 13:28:40,738 WARNING:biomolecule.py:157:num_missing_heavy:Missing atom CD in residue GLU A 119
2022-11-08 13:28:40,738 WARNING:biomolecule.py:157:num_missing_heavy:Missing atom OE1 in residue GLU A 119
2022-11-08 13:28:40,738 WARNING:biomolecule.py:157:num_missing_heavy:Missing atom OE2 in residue GLU A 119
2022-11-08 13:28:40,740 WARNING:biomolecule.py:157:num_missing_heavy:Missing atom CE in residue LYS A 301
2022-11-08 13:28:40,740 WARNING:biomolecule.py:157:num_missing_heavy:Missing atom NZ in residue LYS A 301
2022-11-08 13:28:40,740 WARNING:biomolecule.py:157:num_missing_heavy:Missing atom CZ in residue ARG A 406
2022-11-08 13:28:40,741 WARNING:biomolecule.py:157:num_missing_heavy:Missing atom NH1 in residue ARG A 406
2022-11-08 13:28:40,741 WARNING:biomolecule.py:157:num_missing_heavy:Missing atom NH2 in residue ARG A 406
2022-11-08 13:28:40,741 WARNING:biomolecule.py:157:num_missing_heavy:Missing atom OXT in residue ALA A 427
2022-11-08 13:28:40,741 WARNING:biomolecule.py:157:num_missing_heavy:Missing atom CG in residue ARG A 25
2022-11-08 13:28:40,741 WARNING:biomolecule.py:157:num_missing_heavy:Missing atom CD in residue ARG A 25
2022-11-08 13:28:40,742 WARNING:biomolecule.py:157:num_missing_heavy:Missing atom NE in residue ARG A 25
2022-11-08 13:28:40,742 WARNING:biomolecule.py:157:num_missing_heavy:Missing atom CZ in residue ARG A 25
2022-11-08 13:28:40,742 WARNING:biomolecule.py:157:num_missing_heavy:Missing atom NH1 in residue ARG A 25
2022-11-08 13:28:40,742 WARNING:biomolecule.py:157:num_missing_heavy:Missing atom NH2 in residue ARG A 25
2022-11-08 13:28:40,742 WARNING:biomolecule.py:157:num_missing_heavy:Missing atom CG in residue LYS A 56
2022-11-08 13:28:40,742 WARNING:biomolecule.py:157:num_missing_heavy:Missing atom CD in residue LYS A 56
2022-11-08 13:28:40,742 WARNING:biomolecule.py:157:num_missing_heavy:Missing atom CE in residue LYS A 56
2022-11-08 13:28:40,743 WARNING:biomolecule.py:157:num_missing_heavy:Missing atom NZ in residue LYS A 56
2022-11-08 13:28:40,743 WARNING:biomolecule.py:157:num_missing_heavy:Missing atom CG in residue GLU A 57
2022-11-08 13:28:40,743 WARNING:biomolecule.py:157:num_missing_heavy:Missing atom CD in residue GLU A 57
2022-11-08 13:28:40,743 WARNING:biomolecule.py:157:num_missing_heavy:Missing atom OE1 in residue GLU A 57
2022-11-08 13:28:40,743 WARNING:biomolecule.py:157:num_missing_heavy:Missing atom OE2 in residue GLU A 57
2022-11-08 13:28:40,743 WARNING:biomolecule.py:157:num_missing_heavy:Missing atom CG in residue LYS A 58
2022-11-08 13:28:40,743 WARNING:biomolecule.py:157:num_missing_heavy:Missing atom CD in residue LYS A 58
2022-11-08 13:28:40,743 WARNING:biomolecule.py:157:num_missing_heavy:Missing atom CE in residue LYS A 58
2022-11-08 13:28:40,744 WARNING:biomolecule.py:157:num_missing_heavy:Missing atom NZ in residue LYS A 58
2022-11-08 13:28:40,744 WARNING:biomolecule.py:157:num_missing_heavy:Missing atom CD in residue GLN A 64
2022-11-08 13:28:40,744 WARNING:biomolecule.py:157:num_missing_heavy:Missing atom OE1 in residue GLN A 64
2022-11-08 13:28:40,744 WARNING:biomolecule.py:157:num_missing_heavy:Missing atom NE2 in residue GLN A 64
2022-11-08 13:28:40,744 WARNING:biomolecule.py:157:num_missing_heavy:Missing atom CE in residue LYS A 74
2022-11-08 13:28:40,744 WARNING:biomolecule.py:157:num_missing_heavy:Missing atom NZ in residue LYS A 74
2022-11-08 13:28:40,744 WARNING:biomolecule.py:157:num_missing_heavy:Missing atom CD in residue LYS A 77
2022-11-08 13:28:40,745 WARNING:biomolecule.py:157:num_missing_heavy:Missing atom CE in residue LYS A 77
2022-11-08 13:28:40,745 WARNING:biomolecule.py:157:num_missing_heavy:Missing atom NZ in residue LYS A 77
2022-11-08 13:28:40,745 WARNING:biomolecule.py:157:num_missing_heavy:Missing atom CD in residue LYS A 78
2022-11-08 13:28:40,745 WARNING:biomolecule.py:157:num_missing_heavy:Missing atom CE in residue LYS A 78
2022-11-08 13:28:40,745 WARNING:biomolecule.py:157:num_missing_heavy:Missing atom NZ in residue LYS A 78
2022-11-08 13:28:40,745 WARNING:biomolecule.py:157:num_missing_heavy:Missing atom CG in residue LYS A 88
2022-11-08 13:28:40,745 WARNING:biomolecule.py:157:num_missing_heavy:Missing atom CD in residue LYS A 88
2022-11-08 13:28:40,746 WARNING:biomolecule.py:157:num_missing_heavy:Missing atom CE in residue LYS A 88
2022-11-08 13:28:40,746 WARNING:biomolecule.py:157:num_missing_heavy:Missing atom NZ in residue LYS A 88
2022-11-08 13:28:40,746 WARNING:biomolecule.py:157:num_missing_heavy:Missing atom CE in residue LYS A 91
2022-11-08 13:28:40,746 WARNING:biomolecule.py:157:num_missing_heavy:Missing atom NZ in residue LYS A 91
2022-11-08 13:28:40,746 WARNING:biomolecule.py:157:num_missing_heavy:Missing atom CG in residue LYS A 94
2022-11-08 13:28:40,746 WARNING:biomolecule.py:157:num_missing_heavy:Missing atom CD in residue LYS A 94
2022-11-08 13:28:40,746 WARNING:biomolecule.py:157:num_missing_heavy:Missing atom CE in residue LYS A 94
2022-11-08 13:28:40,746 WARNING:biomolecule.py:157:num_missing_heavy:Missing atom NZ in residue LYS A 94
2022-11-08 13:28:40,746 WARNING:biomolecule.py:157:num_missing_heavy:Missing atom CG in residue ARG A 96
2022-11-08 13:28:40,747 WARNING:biomolecule.py:157:num_missing_heavy:Missing atom CD in residue ARG A 96
2022-11-08 13:28:40,747 WARNING:biomolecule.py:157:num_missing_heavy:Missing atom NE in residue ARG A 96
2022-11-08 13:28:40,747 WARNING:biomolecule.py:157:num_missing_heavy:Missing atom CZ in residue ARG A 96
2022-11-08 13:28:40,747 WARNING:biomolecule.py:157:num_missing_heavy:Missing atom NH1 in residue ARG A 96
2022-11-08 13:28:40,747 WARNING:biomolecule.py:157:num_missing_heavy:Missing atom NH2 in residue ARG A 96
2022-11-08 13:28:40,747 WARNING:biomolecule.py:157:num_missing_heavy:Missing atom NZ in residue LYS A 111
2022-11-08 13:28:40,748 WARNING:biomolecule.py:157:num_missing_heavy:Missing atom CD in residue GLU A 119
2022-11-08 13:28:40,748 WARNING:biomolecule.py:157:num_missing_heavy:Missing atom OE1 in residue GLU A 119
2022-11-08 13:28:40,748 WARNING:biomolecule.py:157:num_missing_heavy:Missing atom OE2 in residue GLU A 119
2022-11-08 13:28:40,749 WARNING:biomolecule.py:157:num_missing_heavy:Missing atom CE in residue LYS A 301
2022-11-08 13:28:40,749 WARNING:biomolecule.py:157:num_missing_heavy:Missing atom NZ in residue LYS A 301
2022-11-08 13:28:40,750 WARNING:biomolecule.py:157:num_missing_heavy:Missing atom CZ in residue ARG A 406
2022-11-08 13:28:40,750 WARNING:biomolecule.py:157:num_missing_heavy:Missing atom NH1 in residue ARG A 406
2022-11-08 13:28:40,750 WARNING:biomolecule.py:157:num_missing_heavy:Missing atom NH2 in residue ARG A 406
2022-11-08 13:28:40,751 WARNING:biomolecule.py:157:num_missing_heavy:Missing atom OXT in residue ALA A 427
2022-11-08 13:28:46,771 WARNING:main.py:311:print_pqr:Ignoring 3457 header lines in output.
2022-11-08 13:28:46,772 WARNING:main.py:315:print_pqr:Ignoring 78 missing lines in output.
