2022-11-08 13:31:53,828 WARNING:biomolecule.py:966:create_residue:Unable to find amino or nucleic acid definition for SAM.  Parsing as new residue.
2022-11-08 13:31:53,868 WARNING:biomolecule.py:157:num_missing_heavy:Missing atom CG in residue HIS A -2
2022-11-08 13:31:53,869 WARNING:biomolecule.py:157:num_missing_heavy:Missing atom ND1 in residue HIS A -2
2022-11-08 13:31:53,869 WARNING:biomolecule.py:157:num_missing_heavy:Missing atom CD2 in residue HIS A -2
2022-11-08 13:31:53,869 WARNING:biomolecule.py:157:num_missing_heavy:Missing atom CE1 in residue HIS A -2
2022-11-08 13:31:53,869 WARNING:biomolecule.py:157:num_missing_heavy:Missing atom NE2 in residue HIS A -2
2022-11-08 13:31:53,869 WARNING:biomolecule.py:157:num_missing_heavy:Missing atom CG in residue MET A -1
2022-11-08 13:31:53,869 WARNING:biomolecule.py:157:num_missing_heavy:Missing atom SD in residue MET A -1
2022-11-08 13:31:53,869 WARNING:biomolecule.py:157:num_missing_heavy:Missing atom CE in residue MET A -1
2022-11-08 13:31:53,870 WARNING:biomolecule.py:157:num_missing_heavy:Missing atom CG in residue GLU A 73
2022-11-08 13:31:53,870 WARNING:biomolecule.py:157:num_missing_heavy:Missing atom CD in residue GLU A 73
2022-11-08 13:31:53,870 WARNING:biomolecule.py:157:num_missing_heavy:Missing atom OE1 in residue GLU A 73
2022-11-08 13:31:53,870 WARNING:biomolecule.py:157:num_missing_heavy:Missing atom OE2 in residue GLU A 73
2022-11-08 13:31:53,871 WARNING:biomolecule.py:157:num_missing_heavy:Missing atom CG in residue LYS A 121
2022-11-08 13:31:53,871 WARNING:biomolecule.py:157:num_missing_heavy:Missing atom CD in residue LYS A 121
2022-11-08 13:31:53,871 WARNING:biomolecule.py:157:num_missing_heavy:Missing atom CE in residue LYS A 121
2022-11-08 13:31:53,871 WARNING:biomolecule.py:157:num_missing_heavy:Missing atom NZ in residue LYS A 121
2022-11-08 13:31:53,872 WARNING:biomolecule.py:157:num_missing_heavy:Missing atom CG in residue GLU A 187
2022-11-08 13:31:53,872 WARNING:biomolecule.py:157:num_missing_heavy:Missing atom CD in residue GLU A 187
2022-11-08 13:31:53,872 WARNING:biomolecule.py:157:num_missing_heavy:Missing atom OE1 in residue GLU A 187
2022-11-08 13:31:53,872 WARNING:biomolecule.py:157:num_missing_heavy:Missing atom OE2 in residue GLU A 187
2022-11-08 13:31:53,872 WARNING:biomolecule.py:157:num_missing_heavy:Missing atom CG in residue LYS A 189
2022-11-08 13:31:53,872 WARNING:biomolecule.py:157:num_missing_heavy:Missing atom CD in residue LYS A 189
2022-11-08 13:31:53,872 WARNING:biomolecule.py:157:num_missing_heavy:Missing atom CE in residue LYS A 189
2022-11-08 13:31:53,873 WARNING:biomolecule.py:157:num_missing_heavy:Missing atom NZ in residue LYS A 189
2022-11-08 13:31:53,873 WARNING:biomolecule.py:157:num_missing_heavy:Missing atom CG in residue LYS A 202
2022-11-08 13:31:53,873 WARNING:biomolecule.py:157:num_missing_heavy:Missing atom CD in residue LYS A 202
2022-11-08 13:31:53,873 WARNING:biomolecule.py:157:num_missing_heavy:Missing atom CE in residue LYS A 202
2022-11-08 13:31:53,873 WARNING:biomolecule.py:157:num_missing_heavy:Missing atom NZ in residue LYS A 202
2022-11-08 13:31:53,873 WARNING:biomolecule.py:157:num_missing_heavy:Missing atom OXT in residue GLN A 206
2022-11-08 13:31:53,874 WARNING:biomolecule.py:157:num_missing_heavy:Missing atom CG in residue HIS A -2
2022-11-08 13:31:53,874 WARNING:biomolecule.py:157:num_missing_heavy:Missing atom ND1 in residue HIS A -2
2022-11-08 13:31:53,874 WARNING:biomolecule.py:157:num_missing_heavy:Missing atom CD2 in residue HIS A -2
2022-11-08 13:31:53,874 WARNING:biomolecule.py:157:num_missing_heavy:Missing atom CE1 in residue HIS A -2
2022-11-08 13:31:53,874 WARNING:biomolecule.py:157:num_missing_heavy:Missing atom NE2 in residue HIS A -2
2022-11-08 13:31:53,874 WARNING:biomolecule.py:157:num_missing_heavy:Missing atom CG in residue MET A -1
2022-11-08 13:31:53,874 WARNING:biomolecule.py:157:num_missing_heavy:Missing atom SD in residue MET A -1
2022-11-08 13:31:53,874 WARNING:biomolecule.py:157:num_missing_heavy:Missing atom CE in residue MET A -1
2022-11-08 13:31:53,876 WARNING:biomolecule.py:157:num_missing_heavy:Missing atom CG in residue GLU A 73
2022-11-08 13:31:53,876 WARNING:biomolecule.py:157:num_missing_heavy:Missing atom CD in residue GLU A 73
2022-11-08 13:31:53,876 WARNING:biomolecule.py:157:num_missing_heavy:Missing atom OE1 in residue GLU A 73
2022-11-08 13:31:53,876 WARNING:biomolecule.py:157:num_missing_heavy:Missing atom OE2 in residue GLU A 73
2022-11-08 13:31:53,877 WARNING:biomolecule.py:157:num_missing_heavy:Missing atom CG in residue LYS A 121
2022-11-08 13:31:53,877 WARNING:biomolecule.py:157:num_missing_heavy:Missing atom CD in residue LYS A 121
2022-11-08 13:31:53,877 WARNING:biomolecule.py:157:num_missing_heavy:Missing atom CE in residue LYS A 121
2022-11-08 13:31:53,877 WARNING:biomolecule.py:157:num_missing_heavy:Missing atom NZ in residue LYS A 121
2022-11-08 13:31:53,878 WARNING:biomolecule.py:157:num_missing_heavy:Missing atom CG in residue GLU A 187
2022-11-08 13:31:53,878 WARNING:biomolecule.py:157:num_missing_heavy:Missing atom CD in residue GLU A 187
2022-11-08 13:31:53,878 WARNING:biomolecule.py:157:num_missing_heavy:Missing atom OE1 in residue GLU A 187
2022-11-08 13:31:53,878 WARNING:biomolecule.py:157:num_missing_heavy:Missing atom OE2 in residue GLU A 187
2022-11-08 13:31:53,878 WARNING:biomolecule.py:157:num_missing_heavy:Missing atom CG in residue LYS A 189
2022-11-08 13:31:53,878 WARNING:biomolecule.py:157:num_missing_heavy:Missing atom CD in residue LYS A 189
2022-11-08 13:31:53,878 WARNING:biomolecule.py:157:num_missing_heavy:Missing atom CE in residue LYS A 189
2022-11-08 13:31:53,879 WARNING:biomolecule.py:157:num_missing_heavy:Missing atom NZ in residue LYS A 189
2022-11-08 13:31:53,879 WARNING:biomolecule.py:157:num_missing_heavy:Missing atom CG in residue LYS A 202
2022-11-08 13:31:53,879 WARNING:biomolecule.py:157:num_missing_heavy:Missing atom CD in residue LYS A 202
2022-11-08 13:31:53,879 WARNING:biomolecule.py:157:num_missing_heavy:Missing atom CE in residue LYS A 202
2022-11-08 13:31:53,879 WARNING:biomolecule.py:157:num_missing_heavy:Missing atom NZ in residue LYS A 202
2022-11-08 13:31:53,879 WARNING:biomolecule.py:157:num_missing_heavy:Missing atom OXT in residue GLN A 206
2022-11-08 13:31:53,880 WARNING:biomolecule.py:157:num_missing_heavy:Missing atom CG in residue HIS A -2
2022-11-08 13:31:53,880 WARNING:biomolecule.py:157:num_missing_heavy:Missing atom ND1 in residue HIS A -2
2022-11-08 13:31:53,880 WARNING:biomolecule.py:157:num_missing_heavy:Missing atom CD2 in residue HIS A -2
2022-11-08 13:31:53,880 WARNING:biomolecule.py:157:num_missing_heavy:Missing atom CE1 in residue HIS A -2
2022-11-08 13:31:53,880 WARNING:biomolecule.py:157:num_missing_heavy:Missing atom NE2 in residue HIS A -2
2022-11-08 13:31:53,880 WARNING:biomolecule.py:157:num_missing_heavy:Missing atom CG in residue MET A -1
2022-11-08 13:31:53,880 WARNING:biomolecule.py:157:num_missing_heavy:Missing atom SD in residue MET A -1
2022-11-08 13:31:53,880 WARNING:biomolecule.py:157:num_missing_heavy:Missing atom CE in residue MET A -1
2022-11-08 13:31:53,881 WARNING:biomolecule.py:157:num_missing_heavy:Missing atom CG in residue GLU A 73
2022-11-08 13:31:53,881 WARNING:biomolecule.py:157:num_missing_heavy:Missing atom CD in residue GLU A 73
2022-11-08 13:31:53,881 WARNING:biomolecule.py:157:num_missing_heavy:Missing atom OE1 in residue GLU A 73
2022-11-08 13:31:53,881 WARNING:biomolecule.py:157:num_missing_heavy:Missing atom OE2 in residue GLU A 73
2022-11-08 13:31:53,882 WARNING:biomolecule.py:157:num_missing_heavy:Missing atom CG in residue LYS A 121
2022-11-08 13:31:53,882 WARNING:biomolecule.py:157:num_missing_heavy:Missing atom CD in residue LYS A 121
2022-11-08 13:31:53,882 WARNING:biomolecule.py:157:num_missing_heavy:Missing atom CE in residue LYS A 121
2022-11-08 13:31:53,882 WARNING:biomolecule.py:157:num_missing_heavy:Missing atom NZ in residue LYS A 121
2022-11-08 13:31:53,883 WARNING:biomolecule.py:157:num_missing_heavy:Missing atom CG in residue GLU A 187
2022-11-08 13:31:53,883 WARNING:biomolecule.py:157:num_missing_heavy:Missing atom CD in residue GLU A 187
2022-11-08 13:31:53,883 WARNING:biomolecule.py:157:num_missing_heavy:Missing atom OE1 in residue GLU A 187
2022-11-08 13:31:53,883 WARNING:biomolecule.py:157:num_missing_heavy:Missing atom OE2 in residue GLU A 187
2022-11-08 13:31:53,883 WARNING:biomolecule.py:157:num_missing_heavy:Missing atom CG in residue LYS A 189
2022-11-08 13:31:53,884 WARNING:biomolecule.py:157:num_missing_heavy:Missing atom CD in residue LYS A 189
2022-11-08 13:31:53,884 WARNING:biomolecule.py:157:num_missing_heavy:Missing atom CE in residue LYS A 189
2022-11-08 13:31:53,884 WARNING:biomolecule.py:157:num_missing_heavy:Missing atom NZ in residue LYS A 189
2022-11-08 13:31:53,884 WARNING:biomolecule.py:157:num_missing_heavy:Missing atom CG in residue LYS A 202
2022-11-08 13:31:53,884 WARNING:biomolecule.py:157:num_missing_heavy:Missing atom CD in residue LYS A 202
2022-11-08 13:31:53,884 WARNING:biomolecule.py:157:num_missing_heavy:Missing atom CE in residue LYS A 202
2022-11-08 13:31:53,884 WARNING:biomolecule.py:157:num_missing_heavy:Missing atom NZ in residue LYS A 202
2022-11-08 13:31:53,885 WARNING:biomolecule.py:157:num_missing_heavy:Missing atom OXT in residue GLN A 206
2022-11-08 13:31:56,894 WARNING:main.py:311:print_pqr:Ignoring 1730 header lines in output.
2022-11-08 13:31:56,894 WARNING:main.py:315:print_pqr:Ignoring 27 missing lines in output.
