2022-11-08 13:31:57,798 WARNING:biomolecule.py:966:create_residue:Unable to find amino or nucleic acid definition for SAM.  Parsing as new residue.
2022-11-08 13:31:57,799 WARNING:biomolecule.py:966:create_residue:Unable to find amino or nucleic acid definition for EDO.  Parsing as new residue.
2022-11-08 13:31:57,825 WARNING:biomolecule.py:966:create_residue:Unable to find amino or nucleic acid definition for SEP.  Parsing as new residue.
2022-11-08 13:31:57,825 WARNING:biomolecule.py:966:create_residue:Unable to find amino or nucleic acid definition for EDO.  Parsing as new residue.
2022-11-08 13:31:57,825 WARNING:biomolecule.py:966:create_residue:Unable to find amino or nucleic acid definition for EDO.  Parsing as new residue.
2022-11-08 13:31:57,848 WARNING:biomolecule.py:600:update_bonds:Gap in backbone detected between THR B 202 and ILE B 204!
2022-11-08 13:31:57,879 WARNING:biomolecule.py:157:num_missing_heavy:Missing atom CG in residue MET A 402
2022-11-08 13:31:57,880 WARNING:biomolecule.py:157:num_missing_heavy:Missing atom SD in residue MET A 402
2022-11-08 13:31:57,880 WARNING:biomolecule.py:157:num_missing_heavy:Missing atom CE in residue MET A 402
2022-11-08 13:31:57,880 WARNING:biomolecule.py:157:num_missing_heavy:Missing atom CG in residue GLU A 403
2022-11-08 13:31:57,880 WARNING:biomolecule.py:157:num_missing_heavy:Missing atom CD in residue GLU A 403
2022-11-08 13:31:57,880 WARNING:biomolecule.py:157:num_missing_heavy:Missing atom OE1 in residue GLU A 403
2022-11-08 13:31:57,880 WARNING:biomolecule.py:157:num_missing_heavy:Missing atom OE2 in residue GLU A 403
2022-11-08 13:31:57,880 WARNING:biomolecule.py:157:num_missing_heavy:Missing atom CG in residue LEU A 404
2022-11-08 13:31:57,881 WARNING:biomolecule.py:157:num_missing_heavy:Missing atom CD1 in residue LEU A 404
2022-11-08 13:31:57,881 WARNING:biomolecule.py:157:num_missing_heavy:Missing atom CD2 in residue LEU A 404
2022-11-08 13:31:57,882 WARNING:biomolecule.py:157:num_missing_heavy:Missing atom OXT in residue PRO A 570
2022-11-08 13:31:57,883 WARNING:biomolecule.py:157:num_missing_heavy:Missing atom OG1 in residue THR B 202
2022-11-08 13:31:57,883 WARNING:biomolecule.py:157:num_missing_heavy:Missing atom CG2 in residue THR B 202
2022-11-08 13:31:57,883 WARNING:biomolecule.py:157:num_missing_heavy:Missing atom CG in residue LYS B 209
2022-11-08 13:31:57,883 WARNING:biomolecule.py:157:num_missing_heavy:Missing atom CD in residue LYS B 209
2022-11-08 13:31:57,883 WARNING:biomolecule.py:157:num_missing_heavy:Missing atom CE in residue LYS B 209
2022-11-08 13:31:57,884 WARNING:biomolecule.py:157:num_missing_heavy:Missing atom NZ in residue LYS B 209
2022-11-08 13:31:57,885 WARNING:biomolecule.py:157:num_missing_heavy:Missing atom OXT in residue PRO B 402
2022-11-08 13:31:57,885 WARNING:biomolecule.py:157:num_missing_heavy:Missing atom CG in residue MET A 402
2022-11-08 13:31:57,885 WARNING:biomolecule.py:157:num_missing_heavy:Missing atom SD in residue MET A 402
2022-11-08 13:31:57,886 WARNING:biomolecule.py:157:num_missing_heavy:Missing atom CE in residue MET A 402
2022-11-08 13:31:57,886 WARNING:biomolecule.py:157:num_missing_heavy:Missing atom CG in residue GLU A 403
2022-11-08 13:31:57,886 WARNING:biomolecule.py:157:num_missing_heavy:Missing atom CD in residue GLU A 403
2022-11-08 13:31:57,886 WARNING:biomolecule.py:157:num_missing_heavy:Missing atom OE1 in residue GLU A 403
2022-11-08 13:31:57,886 WARNING:biomolecule.py:157:num_missing_heavy:Missing atom OE2 in residue GLU A 403
2022-11-08 13:31:57,886 WARNING:biomolecule.py:157:num_missing_heavy:Missing atom CG in residue LEU A 404
2022-11-08 13:31:57,886 WARNING:biomolecule.py:157:num_missing_heavy:Missing atom CD1 in residue LEU A 404
2022-11-08 13:31:57,886 WARNING:biomolecule.py:157:num_missing_heavy:Missing atom CD2 in residue LEU A 404
2022-11-08 13:31:57,888 WARNING:biomolecule.py:157:num_missing_heavy:Missing atom OXT in residue PRO A 570
2022-11-08 13:31:57,888 WARNING:biomolecule.py:157:num_missing_heavy:Missing atom OG1 in residue THR B 202
2022-11-08 13:31:57,890 WARNING:biomolecule.py:157:num_missing_heavy:Missing atom CG2 in residue THR B 202
2022-11-08 13:31:57,890 WARNING:biomolecule.py:157:num_missing_heavy:Missing atom CG in residue LYS B 209
2022-11-08 13:31:57,890 WARNING:biomolecule.py:157:num_missing_heavy:Missing atom CD in residue LYS B 209
2022-11-08 13:31:57,890 WARNING:biomolecule.py:157:num_missing_heavy:Missing atom CE in residue LYS B 209
2022-11-08 13:31:57,890 WARNING:biomolecule.py:157:num_missing_heavy:Missing atom NZ in residue LYS B 209
2022-11-08 13:31:57,892 WARNING:biomolecule.py:157:num_missing_heavy:Missing atom OXT in residue PRO B 402
2022-11-08 13:31:57,892 WARNING:biomolecule.py:157:num_missing_heavy:Missing atom CG in residue MET A 402
2022-11-08 13:31:57,892 WARNING:biomolecule.py:157:num_missing_heavy:Missing atom SD in residue MET A 402
2022-11-08 13:31:57,892 WARNING:biomolecule.py:157:num_missing_heavy:Missing atom CE in residue MET A 402
2022-11-08 13:31:57,893 WARNING:biomolecule.py:157:num_missing_heavy:Missing atom CG in residue GLU A 403
2022-11-08 13:31:57,893 WARNING:biomolecule.py:157:num_missing_heavy:Missing atom CD in residue GLU A 403
2022-11-08 13:31:57,893 WARNING:biomolecule.py:157:num_missing_heavy:Missing atom OE1 in residue GLU A 403
2022-11-08 13:31:57,893 WARNING:biomolecule.py:157:num_missing_heavy:Missing atom OE2 in residue GLU A 403
2022-11-08 13:31:57,893 WARNING:biomolecule.py:157:num_missing_heavy:Missing atom CG in residue LEU A 404
2022-11-08 13:31:57,893 WARNING:biomolecule.py:157:num_missing_heavy:Missing atom CD1 in residue LEU A 404
2022-11-08 13:31:57,893 WARNING:biomolecule.py:157:num_missing_heavy:Missing atom CD2 in residue LEU A 404
2022-11-08 13:31:57,895 WARNING:biomolecule.py:157:num_missing_heavy:Missing atom OXT in residue PRO A 570
2022-11-08 13:31:57,895 WARNING:biomolecule.py:157:num_missing_heavy:Missing atom OG1 in residue THR B 202
2022-11-08 13:31:57,895 WARNING:biomolecule.py:157:num_missing_heavy:Missing atom CG2 in residue THR B 202
2022-11-08 13:31:57,896 WARNING:biomolecule.py:157:num_missing_heavy:Missing atom CG in residue LYS B 209
2022-11-08 13:31:57,896 WARNING:biomolecule.py:157:num_missing_heavy:Missing atom CD in residue LYS B 209
2022-11-08 13:31:57,896 WARNING:biomolecule.py:157:num_missing_heavy:Missing atom CE in residue LYS B 209
2022-11-08 13:31:57,896 WARNING:biomolecule.py:157:num_missing_heavy:Missing atom NZ in residue LYS B 209
2022-11-08 13:31:57,897 WARNING:biomolecule.py:157:num_missing_heavy:Missing atom OXT in residue PRO B 402
2022-11-08 13:32:05,304 WARNING:main.py:311:print_pqr:Ignoring 2456 header lines in output.
2022-11-08 13:32:05,304 WARNING:main.py:315:print_pqr:Ignoring 49 missing lines in output.
