2022-11-08 13:35:51,752 WARNING:biomolecule.py:966:create_residue:Unable to find amino or nucleic acid definition for SAM.  Parsing as new residue.
2022-11-08 13:35:51,754 WARNING:main.py:418:setup_molecule:Multiple occupancies found: CA in GLU A 939.
2022-11-08 13:35:51,754 WARNING:main.py:418:setup_molecule:Multiple occupancies found: CB in GLU A 939.
2022-11-08 13:35:51,754 WARNING:main.py:418:setup_molecule:Multiple occupancies found: CG in GLU A 939.
2022-11-08 13:35:51,754 WARNING:main.py:418:setup_molecule:Multiple occupancies found: CD in GLU A 939.
2022-11-08 13:35:51,754 WARNING:main.py:418:setup_molecule:Multiple occupancies found: OE1 in GLU A 939.
2022-11-08 13:35:51,754 WARNING:main.py:418:setup_molecule:Multiple occupancies found: OE2 in GLU A 939.
2022-11-08 13:35:51,755 WARNING:main.py:424:setup_molecule:Multiple occupancies found in GLU A 939. At least one of the instances is being ignored.
2022-11-08 13:35:51,755 WARNING:main.py:418:setup_molecule:Multiple occupancies found: CA in HIS A 1021.
2022-11-08 13:35:51,755 WARNING:main.py:418:setup_molecule:Multiple occupancies found: CB in HIS A 1021.
2022-11-08 13:35:51,755 WARNING:main.py:418:setup_molecule:Multiple occupancies found: CG in HIS A 1021.
2022-11-08 13:35:51,755 WARNING:main.py:418:setup_molecule:Multiple occupancies found: CD2 in HIS A 1021.
2022-11-08 13:35:51,755 WARNING:main.py:418:setup_molecule:Multiple occupancies found: ND1 in HIS A 1021.
2022-11-08 13:35:51,755 WARNING:main.py:418:setup_molecule:Multiple occupancies found: CE1 in HIS A 1021.
2022-11-08 13:35:51,755 WARNING:main.py:418:setup_molecule:Multiple occupancies found: NE2 in HIS A 1021.
2022-11-08 13:35:51,756 WARNING:main.py:424:setup_molecule:Multiple occupancies found in HIS A 1021. At least one of the instances is being ignored.
2022-11-08 13:35:51,756 WARNING:main.py:418:setup_molecule:Multiple occupancies found: CA in GLU A 1077.
2022-11-08 13:35:51,756 WARNING:main.py:418:setup_molecule:Multiple occupancies found: CB in GLU A 1077.
2022-11-08 13:35:51,756 WARNING:main.py:418:setup_molecule:Multiple occupancies found: CG in GLU A 1077.
2022-11-08 13:35:51,756 WARNING:main.py:418:setup_molecule:Multiple occupancies found: CD in GLU A 1077.
2022-11-08 13:35:51,756 WARNING:main.py:418:setup_molecule:Multiple occupancies found: OE1 in GLU A 1077.
2022-11-08 13:35:51,756 WARNING:main.py:418:setup_molecule:Multiple occupancies found: OE2 in GLU A 1077.
2022-11-08 13:35:51,756 WARNING:main.py:424:setup_molecule:Multiple occupancies found in GLU A 1077. At least one of the instances is being ignored.
2022-11-08 13:35:51,757 WARNING:main.py:418:setup_molecule:Multiple occupancies found: CA in ASN A 1119.
2022-11-08 13:35:51,757 WARNING:main.py:418:setup_molecule:Multiple occupancies found: CB in ASN A 1119.
2022-11-08 13:35:51,757 WARNING:main.py:418:setup_molecule:Multiple occupancies found: CG in ASN A 1119.
2022-11-08 13:35:51,757 WARNING:main.py:418:setup_molecule:Multiple occupancies found: ND2 in ASN A 1119.
2022-11-08 13:35:51,757 WARNING:main.py:418:setup_molecule:Multiple occupancies found: OD1 in ASN A 1119.
2022-11-08 13:35:51,757 WARNING:main.py:424:setup_molecule:Multiple occupancies found in ASN A 1119. At least one of the instances is being ignored.
2022-11-08 13:35:51,757 WARNING:main.py:418:setup_molecule:Multiple occupancies found: CA in ARG A 1197.
2022-11-08 13:35:51,758 WARNING:main.py:418:setup_molecule:Multiple occupancies found: CB in ARG A 1197.
2022-11-08 13:35:51,758 WARNING:main.py:418:setup_molecule:Multiple occupancies found: CG in ARG A 1197.
2022-11-08 13:35:51,758 WARNING:main.py:418:setup_molecule:Multiple occupancies found: CD in ARG A 1197.
2022-11-08 13:35:51,758 WARNING:main.py:418:setup_molecule:Multiple occupancies found: NE in ARG A 1197.
2022-11-08 13:35:51,758 WARNING:main.py:418:setup_molecule:Multiple occupancies found: CZ in ARG A 1197.
2022-11-08 13:35:51,758 WARNING:main.py:418:setup_molecule:Multiple occupancies found: NH1 in ARG A 1197.
2022-11-08 13:35:51,759 WARNING:main.py:418:setup_molecule:Multiple occupancies found: NH2 in ARG A 1197.
2022-11-08 13:35:51,759 WARNING:main.py:424:setup_molecule:Multiple occupancies found in ARG A 1197. At least one of the instances is being ignored.
2022-11-08 13:35:51,802 WARNING:biomolecule.py:157:num_missing_heavy:Missing atom CG in residue GLU A 907
2022-11-08 13:35:51,802 WARNING:biomolecule.py:157:num_missing_heavy:Missing atom CD in residue GLU A 907
2022-11-08 13:35:51,802 WARNING:biomolecule.py:157:num_missing_heavy:Missing atom OE1 in residue GLU A 907
2022-11-08 13:35:51,803 WARNING:biomolecule.py:157:num_missing_heavy:Missing atom OE2 in residue GLU A 907
2022-11-08 13:35:51,803 WARNING:biomolecule.py:157:num_missing_heavy:Missing atom CG in residue ARG A 962
2022-11-08 13:35:51,803 WARNING:biomolecule.py:157:num_missing_heavy:Missing atom CD in residue ARG A 962
2022-11-08 13:35:51,803 WARNING:biomolecule.py:157:num_missing_heavy:Missing atom NE in residue ARG A 962
2022-11-08 13:35:51,803 WARNING:biomolecule.py:157:num_missing_heavy:Missing atom CZ in residue ARG A 962
2022-11-08 13:35:51,804 WARNING:biomolecule.py:157:num_missing_heavy:Missing atom NH1 in residue ARG A 962
2022-11-08 13:35:51,804 WARNING:biomolecule.py:157:num_missing_heavy:Missing atom NH2 in residue ARG A 962
2022-11-08 13:35:51,804 WARNING:biomolecule.py:157:num_missing_heavy:Missing atom CG in residue GLU A 965
2022-11-08 13:35:51,804 WARNING:biomolecule.py:157:num_missing_heavy:Missing atom CD in residue GLU A 965
2022-11-08 13:35:51,804 WARNING:biomolecule.py:157:num_missing_heavy:Missing atom OE1 in residue GLU A 965
2022-11-08 13:35:51,804 WARNING:biomolecule.py:157:num_missing_heavy:Missing atom OE2 in residue GLU A 965
2022-11-08 13:35:51,804 WARNING:biomolecule.py:157:num_missing_heavy:Missing atom CG in residue GLU A 967
2022-11-08 13:35:51,804 WARNING:biomolecule.py:157:num_missing_heavy:Missing atom CD in residue GLU A 967
2022-11-08 13:35:51,805 WARNING:biomolecule.py:157:num_missing_heavy:Missing atom OE1 in residue GLU A 967
2022-11-08 13:35:51,805 WARNING:biomolecule.py:157:num_missing_heavy:Missing atom OE2 in residue GLU A 967
2022-11-08 13:35:51,805 WARNING:biomolecule.py:157:num_missing_heavy:Missing atom CG1 in residue VAL A 968
2022-11-08 13:35:51,805 WARNING:biomolecule.py:157:num_missing_heavy:Missing atom CG2 in residue VAL A 968
2022-11-08 13:35:51,805 WARNING:biomolecule.py:157:num_missing_heavy:Missing atom CG in residue ARG A 975
2022-11-08 13:35:51,805 WARNING:biomolecule.py:157:num_missing_heavy:Missing atom CD in residue ARG A 975
2022-11-08 13:35:51,805 WARNING:biomolecule.py:157:num_missing_heavy:Missing atom NE in residue ARG A 975
2022-11-08 13:35:51,805 WARNING:biomolecule.py:157:num_missing_heavy:Missing atom CZ in residue ARG A 975
2022-11-08 13:35:51,806 WARNING:biomolecule.py:157:num_missing_heavy:Missing atom NH1 in residue ARG A 975
2022-11-08 13:35:51,806 WARNING:biomolecule.py:157:num_missing_heavy:Missing atom NH2 in residue ARG A 975
2022-11-08 13:35:51,806 WARNING:biomolecule.py:157:num_missing_heavy:Missing atom CG in residue LYS A 978
2022-11-08 13:35:51,806 WARNING:biomolecule.py:157:num_missing_heavy:Missing atom CD in residue LYS A 978
2022-11-08 13:35:51,806 WARNING:biomolecule.py:157:num_missing_heavy:Missing atom CE in residue LYS A 978
2022-11-08 13:35:51,806 WARNING:biomolecule.py:157:num_missing_heavy:Missing atom NZ in residue LYS A 978
2022-11-08 13:35:51,807 WARNING:biomolecule.py:157:num_missing_heavy:Missing atom CG in residue ARG A 1015
2022-11-08 13:35:51,807 WARNING:biomolecule.py:157:num_missing_heavy:Missing atom CD in residue ARG A 1015
2022-11-08 13:35:51,807 WARNING:biomolecule.py:157:num_missing_heavy:Missing atom NE in residue ARG A 1015
2022-11-08 13:35:51,807 WARNING:biomolecule.py:157:num_missing_heavy:Missing atom CZ in residue ARG A 1015
2022-11-08 13:35:51,807 WARNING:biomolecule.py:157:num_missing_heavy:Missing atom NH1 in residue ARG A 1015
2022-11-08 13:35:51,807 WARNING:biomolecule.py:157:num_missing_heavy:Missing atom NH2 in residue ARG A 1015
2022-11-08 13:35:51,807 WARNING:biomolecule.py:157:num_missing_heavy:Missing atom CG in residue GLU A 1034
2022-11-08 13:35:51,808 WARNING:biomolecule.py:157:num_missing_heavy:Missing atom CD in residue GLU A 1034
2022-11-08 13:35:51,808 WARNING:biomolecule.py:157:num_missing_heavy:Missing atom OE1 in residue GLU A 1034
2022-11-08 13:35:51,808 WARNING:biomolecule.py:157:num_missing_heavy:Missing atom OE2 in residue GLU A 1034
2022-11-08 13:35:51,808 WARNING:biomolecule.py:157:num_missing_heavy:Missing atom OG1 in residue THR A 1036
2022-11-08 13:35:51,808 WARNING:biomolecule.py:157:num_missing_heavy:Missing atom CG2 in residue THR A 1036
2022-11-08 13:35:51,808 WARNING:biomolecule.py:157:num_missing_heavy:Missing atom CG in residue PHE A 1038
2022-11-08 13:35:51,808 WARNING:biomolecule.py:157:num_missing_heavy:Missing atom CD1 in residue PHE A 1038
2022-11-08 13:35:51,808 WARNING:biomolecule.py:157:num_missing_heavy:Missing atom CD2 in residue PHE A 1038
2022-11-08 13:35:51,809 WARNING:biomolecule.py:157:num_missing_heavy:Missing atom CE1 in residue PHE A 1038
2022-11-08 13:35:51,809 WARNING:biomolecule.py:157:num_missing_heavy:Missing atom CE2 in residue PHE A 1038
2022-11-08 13:35:51,809 WARNING:biomolecule.py:157:num_missing_heavy:Missing atom CZ in residue PHE A 1038
2022-11-08 13:35:51,810 WARNING:biomolecule.py:157:num_missing_heavy:Missing atom CG in residue LYS A 1159
2022-11-08 13:35:51,810 WARNING:biomolecule.py:157:num_missing_heavy:Missing atom CD in residue LYS A 1159
2022-11-08 13:35:51,810 WARNING:biomolecule.py:157:num_missing_heavy:Missing atom CE in residue LYS A 1159
2022-11-08 13:35:51,810 WARNING:biomolecule.py:157:num_missing_heavy:Missing atom NZ in residue LYS A 1159
2022-11-08 13:35:51,810 WARNING:biomolecule.py:157:num_missing_heavy:Missing atom CG in residue GLU A 1167
2022-11-08 13:35:51,810 WARNING:biomolecule.py:157:num_missing_heavy:Missing atom CD in residue GLU A 1167
2022-11-08 13:35:51,810 WARNING:biomolecule.py:157:num_missing_heavy:Missing atom OE1 in residue GLU A 1167
2022-11-08 13:35:51,811 WARNING:biomolecule.py:157:num_missing_heavy:Missing atom OE2 in residue GLU A 1167
2022-11-08 13:35:51,811 WARNING:biomolecule.py:157:num_missing_heavy:Missing atom CG in residue ASP A 1225
2022-11-08 13:35:51,811 WARNING:biomolecule.py:157:num_missing_heavy:Missing atom OD1 in residue ASP A 1225
2022-11-08 13:35:51,811 WARNING:biomolecule.py:157:num_missing_heavy:Missing atom OD2 in residue ASP A 1225
2022-11-08 13:35:51,811 WARNING:biomolecule.py:157:num_missing_heavy:Missing atom OXT in residue ASP A 1225
2022-11-08 13:35:51,812 WARNING:biomolecule.py:157:num_missing_heavy:Missing atom CG in residue GLU A 907
2022-11-08 13:35:51,812 WARNING:biomolecule.py:157:num_missing_heavy:Missing atom CD in residue GLU A 907
2022-11-08 13:35:51,812 WARNING:biomolecule.py:157:num_missing_heavy:Missing atom OE1 in residue GLU A 907
2022-11-08 13:35:51,812 WARNING:biomolecule.py:157:num_missing_heavy:Missing atom OE2 in residue GLU A 907
2022-11-08 13:35:51,812 WARNING:biomolecule.py:157:num_missing_heavy:Missing atom CG in residue ARG A 962
2022-11-08 13:35:51,813 WARNING:biomolecule.py:157:num_missing_heavy:Missing atom CD in residue ARG A 962
2022-11-08 13:35:51,813 WARNING:biomolecule.py:157:num_missing_heavy:Missing atom NE in residue ARG A 962
2022-11-08 13:35:51,813 WARNING:biomolecule.py:157:num_missing_heavy:Missing atom CZ in residue ARG A 962
2022-11-08 13:35:51,813 WARNING:biomolecule.py:157:num_missing_heavy:Missing atom NH1 in residue ARG A 962
2022-11-08 13:35:51,813 WARNING:biomolecule.py:157:num_missing_heavy:Missing atom NH2 in residue ARG A 962
2022-11-08 13:35:51,813 WARNING:biomolecule.py:157:num_missing_heavy:Missing atom CG in residue GLU A 965
2022-11-08 13:35:51,813 WARNING:biomolecule.py:157:num_missing_heavy:Missing atom CD in residue GLU A 965
2022-11-08 13:35:51,813 WARNING:biomolecule.py:157:num_missing_heavy:Missing atom OE1 in residue GLU A 965
2022-11-08 13:35:51,814 WARNING:biomolecule.py:157:num_missing_heavy:Missing atom OE2 in residue GLU A 965
2022-11-08 13:35:51,814 WARNING:biomolecule.py:157:num_missing_heavy:Missing atom CG in residue GLU A 967
2022-11-08 13:35:51,814 WARNING:biomolecule.py:157:num_missing_heavy:Missing atom CD in residue GLU A 967
2022-11-08 13:35:51,814 WARNING:biomolecule.py:157:num_missing_heavy:Missing atom OE1 in residue GLU A 967
2022-11-08 13:35:51,814 WARNING:biomolecule.py:157:num_missing_heavy:Missing atom OE2 in residue GLU A 967
2022-11-08 13:35:51,814 WARNING:biomolecule.py:157:num_missing_heavy:Missing atom CG1 in residue VAL A 968
2022-11-08 13:35:51,814 WARNING:biomolecule.py:157:num_missing_heavy:Missing atom CG2 in residue VAL A 968
2022-11-08 13:35:51,814 WARNING:biomolecule.py:157:num_missing_heavy:Missing atom CG in residue ARG A 975
2022-11-08 13:35:51,815 WARNING:biomolecule.py:157:num_missing_heavy:Missing atom CD in residue ARG A 975
2022-11-08 13:35:51,815 WARNING:biomolecule.py:157:num_missing_heavy:Missing atom NE in residue ARG A 975
2022-11-08 13:35:51,815 WARNING:biomolecule.py:157:num_missing_heavy:Missing atom CZ in residue ARG A 975
2022-11-08 13:35:51,815 WARNING:biomolecule.py:157:num_missing_heavy:Missing atom NH1 in residue ARG A 975
2022-11-08 13:35:51,815 WARNING:biomolecule.py:157:num_missing_heavy:Missing atom NH2 in residue ARG A 975
2022-11-08 13:35:51,815 WARNING:biomolecule.py:157:num_missing_heavy:Missing atom CG in residue LYS A 978
2022-11-08 13:35:51,815 WARNING:biomolecule.py:157:num_missing_heavy:Missing atom CD in residue LYS A 978
2022-11-08 13:35:51,815 WARNING:biomolecule.py:157:num_missing_heavy:Missing atom CE in residue LYS A 978
2022-11-08 13:35:51,816 WARNING:biomolecule.py:157:num_missing_heavy:Missing atom NZ in residue LYS A 978
2022-11-08 13:35:51,816 WARNING:biomolecule.py:157:num_missing_heavy:Missing atom CG in residue ARG A 1015
2022-11-08 13:35:51,816 WARNING:biomolecule.py:157:num_missing_heavy:Missing atom CD in residue ARG A 1015
2022-11-08 13:35:51,816 WARNING:biomolecule.py:157:num_missing_heavy:Missing atom NE in residue ARG A 1015
2022-11-08 13:35:51,816 WARNING:biomolecule.py:157:num_missing_heavy:Missing atom CZ in residue ARG A 1015
2022-11-08 13:35:51,816 WARNING:biomolecule.py:157:num_missing_heavy:Missing atom NH1 in residue ARG A 1015
2022-11-08 13:35:51,816 WARNING:biomolecule.py:157:num_missing_heavy:Missing atom NH2 in residue ARG A 1015
2022-11-08 13:35:51,817 WARNING:biomolecule.py:157:num_missing_heavy:Missing atom CG in residue GLU A 1034
2022-11-08 13:35:51,817 WARNING:biomolecule.py:157:num_missing_heavy:Missing atom CD in residue GLU A 1034
2022-11-08 13:35:51,817 WARNING:biomolecule.py:157:num_missing_heavy:Missing atom OE1 in residue GLU A 1034
2022-11-08 13:35:51,817 WARNING:biomolecule.py:157:num_missing_heavy:Missing atom OE2 in residue GLU A 1034
2022-11-08 13:35:51,817 WARNING:biomolecule.py:157:num_missing_heavy:Missing atom OG1 in residue THR A 1036
2022-11-08 13:35:51,817 WARNING:biomolecule.py:157:num_missing_heavy:Missing atom CG2 in residue THR A 1036
2022-11-08 13:35:51,817 WARNING:biomolecule.py:157:num_missing_heavy:Missing atom CG in residue PHE A 1038
2022-11-08 13:35:51,818 WARNING:biomolecule.py:157:num_missing_heavy:Missing atom CD1 in residue PHE A 1038
2022-11-08 13:35:51,818 WARNING:biomolecule.py:157:num_missing_heavy:Missing atom CD2 in residue PHE A 1038
2022-11-08 13:35:51,818 WARNING:biomolecule.py:157:num_missing_heavy:Missing atom CE1 in residue PHE A 1038
2022-11-08 13:35:51,818 WARNING:biomolecule.py:157:num_missing_heavy:Missing atom CE2 in residue PHE A 1038
2022-11-08 13:35:51,818 WARNING:biomolecule.py:157:num_missing_heavy:Missing atom CZ in residue PHE A 1038
2022-11-08 13:35:51,819 WARNING:biomolecule.py:157:num_missing_heavy:Missing atom CG in residue LYS A 1159
2022-11-08 13:35:51,819 WARNING:biomolecule.py:157:num_missing_heavy:Missing atom CD in residue LYS A 1159
2022-11-08 13:35:51,819 WARNING:biomolecule.py:157:num_missing_heavy:Missing atom CE in residue LYS A 1159
2022-11-08 13:35:51,819 WARNING:biomolecule.py:157:num_missing_heavy:Missing atom NZ in residue LYS A 1159
2022-11-08 13:35:51,820 WARNING:biomolecule.py:157:num_missing_heavy:Missing atom CG in residue GLU A 1167
2022-11-08 13:35:51,820 WARNING:biomolecule.py:157:num_missing_heavy:Missing atom CD in residue GLU A 1167
2022-11-08 13:35:51,820 WARNING:biomolecule.py:157:num_missing_heavy:Missing atom OE1 in residue GLU A 1167
2022-11-08 13:35:51,820 WARNING:biomolecule.py:157:num_missing_heavy:Missing atom OE2 in residue GLU A 1167
2022-11-08 13:35:51,820 WARNING:biomolecule.py:157:num_missing_heavy:Missing atom CG in residue ASP A 1225
2022-11-08 13:35:51,820 WARNING:biomolecule.py:157:num_missing_heavy:Missing atom OD1 in residue ASP A 1225
2022-11-08 13:35:51,821 WARNING:biomolecule.py:157:num_missing_heavy:Missing atom OD2 in residue ASP A 1225
2022-11-08 13:35:51,821 WARNING:biomolecule.py:157:num_missing_heavy:Missing atom OXT in residue ASP A 1225
2022-11-08 13:35:51,821 WARNING:biomolecule.py:157:num_missing_heavy:Missing atom CG in residue GLU A 907
2022-11-08 13:35:51,821 WARNING:biomolecule.py:157:num_missing_heavy:Missing atom CD in residue GLU A 907
2022-11-08 13:35:51,821 WARNING:biomolecule.py:157:num_missing_heavy:Missing atom OE1 in residue GLU A 907
2022-11-08 13:35:51,821 WARNING:biomolecule.py:157:num_missing_heavy:Missing atom OE2 in residue GLU A 907
2022-11-08 13:35:51,822 WARNING:biomolecule.py:157:num_missing_heavy:Missing atom CG in residue ARG A 962
2022-11-08 13:35:51,822 WARNING:biomolecule.py:157:num_missing_heavy:Missing atom CD in residue ARG A 962
2022-11-08 13:35:51,822 WARNING:biomolecule.py:157:num_missing_heavy:Missing atom NE in residue ARG A 962
2022-11-08 13:35:51,822 WARNING:biomolecule.py:157:num_missing_heavy:Missing atom CZ in residue ARG A 962
2022-11-08 13:35:51,822 WARNING:biomolecule.py:157:num_missing_heavy:Missing atom NH1 in residue ARG A 962
2022-11-08 13:35:51,822 WARNING:biomolecule.py:157:num_missing_heavy:Missing atom NH2 in residue ARG A 962
2022-11-08 13:35:51,822 WARNING:biomolecule.py:157:num_missing_heavy:Missing atom CG in residue GLU A 965
2022-11-08 13:35:51,823 WARNING:biomolecule.py:157:num_missing_heavy:Missing atom CD in residue GLU A 965
2022-11-08 13:35:51,823 WARNING:biomolecule.py:157:num_missing_heavy:Missing atom OE1 in residue GLU A 965
2022-11-08 13:35:51,823 WARNING:biomolecule.py:157:num_missing_heavy:Missing atom OE2 in residue GLU A 965
2022-11-08 13:35:51,823 WARNING:biomolecule.py:157:num_missing_heavy:Missing atom CG in residue GLU A 967
2022-11-08 13:35:51,823 WARNING:biomolecule.py:157:num_missing_heavy:Missing atom CD in residue GLU A 967
2022-11-08 13:35:51,823 WARNING:biomolecule.py:157:num_missing_heavy:Missing atom OE1 in residue GLU A 967
2022-11-08 13:35:51,823 WARNING:biomolecule.py:157:num_missing_heavy:Missing atom OE2 in residue GLU A 967
2022-11-08 13:35:51,823 WARNING:biomolecule.py:157:num_missing_heavy:Missing atom CG1 in residue VAL A 968
2022-11-08 13:35:51,824 WARNING:biomolecule.py:157:num_missing_heavy:Missing atom CG2 in residue VAL A 968
2022-11-08 13:35:51,824 WARNING:biomolecule.py:157:num_missing_heavy:Missing atom CG in residue ARG A 975
2022-11-08 13:35:51,824 WARNING:biomolecule.py:157:num_missing_heavy:Missing atom CD in residue ARG A 975
2022-11-08 13:35:51,824 WARNING:biomolecule.py:157:num_missing_heavy:Missing atom NE in residue ARG A 975
2022-11-08 13:35:51,824 WARNING:biomolecule.py:157:num_missing_heavy:Missing atom CZ in residue ARG A 975
2022-11-08 13:35:51,824 WARNING:biomolecule.py:157:num_missing_heavy:Missing atom NH1 in residue ARG A 975
2022-11-08 13:35:51,824 WARNING:biomolecule.py:157:num_missing_heavy:Missing atom NH2 in residue ARG A 975
2022-11-08 13:35:51,824 WARNING:biomolecule.py:157:num_missing_heavy:Missing atom CG in residue LYS A 978
2022-11-08 13:35:51,825 WARNING:biomolecule.py:157:num_missing_heavy:Missing atom CD in residue LYS A 978
2022-11-08 13:35:51,825 WARNING:biomolecule.py:157:num_missing_heavy:Missing atom CE in residue LYS A 978
2022-11-08 13:35:51,825 WARNING:biomolecule.py:157:num_missing_heavy:Missing atom NZ in residue LYS A 978
2022-11-08 13:35:51,825 WARNING:biomolecule.py:157:num_missing_heavy:Missing atom CG in residue ARG A 1015
2022-11-08 13:35:51,825 WARNING:biomolecule.py:157:num_missing_heavy:Missing atom CD in residue ARG A 1015
2022-11-08 13:35:51,825 WARNING:biomolecule.py:157:num_missing_heavy:Missing atom NE in residue ARG A 1015
2022-11-08 13:35:51,826 WARNING:biomolecule.py:157:num_missing_heavy:Missing atom CZ in residue ARG A 1015
2022-11-08 13:35:51,826 WARNING:biomolecule.py:157:num_missing_heavy:Missing atom NH1 in residue ARG A 1015
2022-11-08 13:35:51,826 WARNING:biomolecule.py:157:num_missing_heavy:Missing atom NH2 in residue ARG A 1015
2022-11-08 13:35:51,826 WARNING:biomolecule.py:157:num_missing_heavy:Missing atom CG in residue GLU A 1034
2022-11-08 13:35:51,826 WARNING:biomolecule.py:157:num_missing_heavy:Missing atom CD in residue GLU A 1034
2022-11-08 13:35:51,826 WARNING:biomolecule.py:157:num_missing_heavy:Missing atom OE1 in residue GLU A 1034
2022-11-08 13:35:51,826 WARNING:biomolecule.py:157:num_missing_heavy:Missing atom OE2 in residue GLU A 1034
2022-11-08 13:35:51,826 WARNING:biomolecule.py:157:num_missing_heavy:Missing atom OG1 in residue THR A 1036
2022-11-08 13:35:51,827 WARNING:biomolecule.py:157:num_missing_heavy:Missing atom CG2 in residue THR A 1036
2022-11-08 13:35:51,827 WARNING:biomolecule.py:157:num_missing_heavy:Missing atom CG in residue PHE A 1038
2022-11-08 13:35:51,827 WARNING:biomolecule.py:157:num_missing_heavy:Missing atom CD1 in residue PHE A 1038
2022-11-08 13:35:51,827 WARNING:biomolecule.py:157:num_missing_heavy:Missing atom CD2 in residue PHE A 1038
2022-11-08 13:35:51,827 WARNING:biomolecule.py:157:num_missing_heavy:Missing atom CE1 in residue PHE A 1038
2022-11-08 13:35:51,827 WARNING:biomolecule.py:157:num_missing_heavy:Missing atom CE2 in residue PHE A 1038
2022-11-08 13:35:51,827 WARNING:biomolecule.py:157:num_missing_heavy:Missing atom CZ in residue PHE A 1038
2022-11-08 13:35:51,828 WARNING:biomolecule.py:157:num_missing_heavy:Missing atom CG in residue LYS A 1159
2022-11-08 13:35:51,828 WARNING:biomolecule.py:157:num_missing_heavy:Missing atom CD in residue LYS A 1159
2022-11-08 13:35:51,828 WARNING:biomolecule.py:157:num_missing_heavy:Missing atom CE in residue LYS A 1159
2022-11-08 13:35:51,829 WARNING:biomolecule.py:157:num_missing_heavy:Missing atom NZ in residue LYS A 1159
2022-11-08 13:35:51,829 WARNING:biomolecule.py:157:num_missing_heavy:Missing atom CG in residue GLU A 1167
2022-11-08 13:35:51,829 WARNING:biomolecule.py:157:num_missing_heavy:Missing atom CD in residue GLU A 1167
2022-11-08 13:35:51,829 WARNING:biomolecule.py:157:num_missing_heavy:Missing atom OE1 in residue GLU A 1167
2022-11-08 13:35:51,829 WARNING:biomolecule.py:157:num_missing_heavy:Missing atom OE2 in residue GLU A 1167
2022-11-08 13:35:51,830 WARNING:biomolecule.py:157:num_missing_heavy:Missing atom CG in residue ASP A 1225
2022-11-08 13:35:51,830 WARNING:biomolecule.py:157:num_missing_heavy:Missing atom OD1 in residue ASP A 1225
2022-11-08 13:35:51,830 WARNING:biomolecule.py:157:num_missing_heavy:Missing atom OD2 in residue ASP A 1225
2022-11-08 13:35:51,830 WARNING:biomolecule.py:157:num_missing_heavy:Missing atom OXT in residue ASP A 1225
2022-11-08 13:35:55,510 WARNING:main.py:311:print_pqr:Ignoring 1758 header lines in output.
2022-11-08 13:35:55,511 WARNING:main.py:315:print_pqr:Ignoring 27 missing lines in output.
