2022-11-08 13:26:14,746 WARNING:biomolecule.py:966:create_residue:Unable to find amino or nucleic acid definition for SAM.  Parsing as new residue.
2022-11-08 13:26:14,747 WARNING:biomolecule.py:966:create_residue:Unable to find amino or nucleic acid definition for F21.  Parsing as new residue.
2022-11-08 13:26:14,748 WARNING:main.py:418:setup_molecule:Multiple occupancies found: CA in ARG A 59.
2022-11-08 13:26:14,748 WARNING:main.py:418:setup_molecule:Multiple occupancies found: C in ARG A 59.
2022-11-08 13:26:14,748 WARNING:main.py:418:setup_molecule:Multiple occupancies found: O in ARG A 59.
2022-11-08 13:26:14,748 WARNING:main.py:424:setup_molecule:Multiple occupancies found in ARG A 59. At least one of the instances is being ignored.
2022-11-08 13:26:14,749 WARNING:main.py:418:setup_molecule:Multiple occupancies found: N in CYS A 60.
2022-11-08 13:26:14,749 WARNING:main.py:418:setup_molecule:Multiple occupancies found: CA in CYS A 60.
2022-11-08 13:26:14,749 WARNING:main.py:418:setup_molecule:Multiple occupancies found: C in CYS A 60.
2022-11-08 13:26:14,749 WARNING:main.py:418:setup_molecule:Multiple occupancies found: O in CYS A 60.
2022-11-08 13:26:14,749 WARNING:main.py:418:setup_molecule:Multiple occupancies found: CB in CYS A 60.
2022-11-08 13:26:14,749 WARNING:main.py:418:setup_molecule:Multiple occupancies found: SG in CYS A 60.
2022-11-08 13:26:14,749 WARNING:main.py:424:setup_molecule:Multiple occupancies found in CYS A 60. At least one of the instances is being ignored.
2022-11-08 13:26:14,749 WARNING:main.py:418:setup_molecule:Multiple occupancies found: N in LEU A 61.
2022-11-08 13:26:14,749 WARNING:main.py:418:setup_molecule:Multiple occupancies found: CA in LEU A 61.
2022-11-08 13:26:14,750 WARNING:main.py:424:setup_molecule:Multiple occupancies found in LEU A 61. At least one of the instances is being ignored.
2022-11-08 13:26:14,750 WARNING:main.py:418:setup_molecule:Multiple occupancies found: N in GLU A 104.
2022-11-08 13:26:14,750 WARNING:main.py:418:setup_molecule:Multiple occupancies found: CA in GLU A 104.
2022-11-08 13:26:14,750 WARNING:main.py:418:setup_molecule:Multiple occupancies found: C in GLU A 104.
2022-11-08 13:26:14,750 WARNING:main.py:418:setup_molecule:Multiple occupancies found: O in GLU A 104.
2022-11-08 13:26:14,750 WARNING:main.py:418:setup_molecule:Multiple occupancies found: CB in GLU A 104.
2022-11-08 13:26:14,750 WARNING:main.py:418:setup_molecule:Multiple occupancies found: CG in GLU A 104.
2022-11-08 13:26:14,750 WARNING:main.py:418:setup_molecule:Multiple occupancies found: CD in GLU A 104.
2022-11-08 13:26:14,751 WARNING:main.py:418:setup_molecule:Multiple occupancies found: OE1 in GLU A 104.
2022-11-08 13:26:14,751 WARNING:main.py:418:setup_molecule:Multiple occupancies found: OE2 in GLU A 104.
2022-11-08 13:26:14,751 WARNING:main.py:424:setup_molecule:Multiple occupancies found in GLU A 104. At least one of the instances is being ignored.
2022-11-08 13:26:14,751 WARNING:main.py:418:setup_molecule:Multiple occupancies found: CB in GLN A 128.
2022-11-08 13:26:14,751 WARNING:main.py:418:setup_molecule:Multiple occupancies found: CG in GLN A 128.
2022-11-08 13:26:14,751 WARNING:main.py:418:setup_molecule:Multiple occupancies found: CD in GLN A 128.
2022-11-08 13:26:14,751 WARNING:main.py:418:setup_molecule:Multiple occupancies found: NE2 in GLN A 128.
2022-11-08 13:26:14,751 WARNING:main.py:418:setup_molecule:Multiple occupancies found: OE1 in GLN A 128.
2022-11-08 13:26:14,751 WARNING:main.py:424:setup_molecule:Multiple occupancies found in GLN A 128. At least one of the instances is being ignored.
2022-11-08 13:26:14,752 WARNING:main.py:418:setup_molecule:Multiple occupancies found: N in ALA A 167.
2022-11-08 13:26:14,752 WARNING:main.py:418:setup_molecule:Multiple occupancies found: CA in ALA A 167.
2022-11-08 13:26:14,752 WARNING:main.py:418:setup_molecule:Multiple occupancies found: C in ALA A 167.
2022-11-08 13:26:14,752 WARNING:main.py:418:setup_molecule:Multiple occupancies found: O in ALA A 167.
2022-11-08 13:26:14,753 WARNING:main.py:418:setup_molecule:Multiple occupancies found: CB in ALA A 167.
2022-11-08 13:26:14,753 WARNING:main.py:424:setup_molecule:Multiple occupancies found in ALA A 167. At least one of the instances is being ignored.
2022-11-08 13:26:14,753 WARNING:main.py:418:setup_molecule:Multiple occupancies found: N in GLY A 168.
2022-11-08 13:26:14,753 WARNING:main.py:418:setup_molecule:Multiple occupancies found: CA in GLY A 168.
2022-11-08 13:26:14,753 WARNING:main.py:418:setup_molecule:Multiple occupancies found: C in GLY A 168.
2022-11-08 13:26:14,753 WARNING:main.py:418:setup_molecule:Multiple occupancies found: O in GLY A 168.
2022-11-08 13:26:14,754 WARNING:main.py:424:setup_molecule:Multiple occupancies found in GLY A 168. At least one of the instances is being ignored.
2022-11-08 13:26:14,754 WARNING:main.py:418:setup_molecule:Multiple occupancies found: N in GLU A 237.
2022-11-08 13:26:14,754 WARNING:main.py:418:setup_molecule:Multiple occupancies found: CA in GLU A 237.
2022-11-08 13:26:14,754 WARNING:main.py:418:setup_molecule:Multiple occupancies found: C in GLU A 237.
2022-11-08 13:26:14,754 WARNING:main.py:418:setup_molecule:Multiple occupancies found: O in GLU A 237.
2022-11-08 13:26:14,754 WARNING:main.py:418:setup_molecule:Multiple occupancies found: CB in GLU A 237.
2022-11-08 13:26:14,754 WARNING:main.py:418:setup_molecule:Multiple occupancies found: CG in GLU A 237.
2022-11-08 13:26:14,754 WARNING:main.py:418:setup_molecule:Multiple occupancies found: CD in GLU A 237.
2022-11-08 13:26:14,755 WARNING:main.py:418:setup_molecule:Multiple occupancies found: OE1 in GLU A 237.
2022-11-08 13:26:14,755 WARNING:main.py:418:setup_molecule:Multiple occupancies found: OE2 in GLU A 237.
2022-11-08 13:26:14,755 WARNING:main.py:424:setup_molecule:Multiple occupancies found in GLU A 237. At least one of the instances is being ignored.
2022-11-08 13:26:14,797 WARNING:biomolecule.py:157:num_missing_heavy:Missing atom OXT in residue VAL A 280
2022-11-08 13:26:14,799 WARNING:biomolecule.py:157:num_missing_heavy:Missing atom OXT in residue VAL A 280
2022-11-08 13:26:14,801 WARNING:biomolecule.py:157:num_missing_heavy:Missing atom OXT in residue VAL A 280
2022-11-08 13:26:17,925 WARNING:main.py:311:print_pqr:Ignoring 2477 header lines in output.
2022-11-08 13:26:17,926 WARNING:main.py:315:print_pqr:Ignoring 48 missing lines in output.
