2022-11-08 13:26:40,294 WARNING:biomolecule.py:966:create_residue:Unable to find amino or nucleic acid definition for SAM.  Parsing as new residue.
2022-11-08 13:26:40,305 WARNING:biomolecule.py:600:update_bonds:Gap in backbone detected between MET A 57 and ASP A 70!
2022-11-08 13:26:40,308 WARNING:biomolecule.py:600:update_bonds:Gap in backbone detected between ALA A 240 and LEU A 252!
2022-11-08 13:26:40,337 WARNING:biomolecule.py:157:num_missing_heavy:Missing atom CG in residue MET A 20
2022-11-08 13:26:40,337 WARNING:biomolecule.py:157:num_missing_heavy:Missing atom SD in residue MET A 20
2022-11-08 13:26:40,337 WARNING:biomolecule.py:157:num_missing_heavy:Missing atom CE in residue MET A 20
2022-11-08 13:26:40,338 WARNING:biomolecule.py:157:num_missing_heavy:Missing atom CG in residue LEU A 53
2022-11-08 13:26:40,338 WARNING:biomolecule.py:157:num_missing_heavy:Missing atom CD1 in residue LEU A 53
2022-11-08 13:26:40,338 WARNING:biomolecule.py:157:num_missing_heavy:Missing atom CD2 in residue LEU A 53
2022-11-08 13:26:40,338 WARNING:biomolecule.py:157:num_missing_heavy:Missing atom CG in residue GLU A 55
2022-11-08 13:26:40,338 WARNING:biomolecule.py:157:num_missing_heavy:Missing atom CD in residue GLU A 55
2022-11-08 13:26:40,338 WARNING:biomolecule.py:157:num_missing_heavy:Missing atom OE1 in residue GLU A 55
2022-11-08 13:26:40,338 WARNING:biomolecule.py:157:num_missing_heavy:Missing atom OE2 in residue GLU A 55
2022-11-08 13:26:40,339 WARNING:biomolecule.py:157:num_missing_heavy:Missing atom CG in residue MET A 57
2022-11-08 13:26:40,339 WARNING:biomolecule.py:157:num_missing_heavy:Missing atom SD in residue MET A 57
2022-11-08 13:26:40,339 WARNING:biomolecule.py:157:num_missing_heavy:Missing atom CE in residue MET A 57
2022-11-08 13:26:40,339 WARNING:biomolecule.py:157:num_missing_heavy:Missing atom CG in residue MET A 76
2022-11-08 13:26:40,339 WARNING:biomolecule.py:157:num_missing_heavy:Missing atom SD in residue MET A 76
2022-11-08 13:26:40,339 WARNING:biomolecule.py:157:num_missing_heavy:Missing atom CE in residue MET A 76
2022-11-08 13:26:40,340 WARNING:biomolecule.py:157:num_missing_heavy:Missing atom CG in residue GLU A 146
2022-11-08 13:26:40,340 WARNING:biomolecule.py:157:num_missing_heavy:Missing atom CD in residue GLU A 146
2022-11-08 13:26:40,340 WARNING:biomolecule.py:157:num_missing_heavy:Missing atom OE1 in residue GLU A 146
2022-11-08 13:26:40,340 WARNING:biomolecule.py:157:num_missing_heavy:Missing atom OE2 in residue GLU A 146
2022-11-08 13:26:40,341 WARNING:biomolecule.py:157:num_missing_heavy:Missing atom CG in residue ASP A 224
2022-11-08 13:26:40,341 WARNING:biomolecule.py:157:num_missing_heavy:Missing atom OD1 in residue ASP A 224
2022-11-08 13:26:40,341 WARNING:biomolecule.py:157:num_missing_heavy:Missing atom OD2 in residue ASP A 224
2022-11-08 13:26:40,341 WARNING:biomolecule.py:157:num_missing_heavy:Missing atom CG in residue GLU A 225
2022-11-08 13:26:40,341 WARNING:biomolecule.py:157:num_missing_heavy:Missing atom CD in residue GLU A 225
2022-11-08 13:26:40,341 WARNING:biomolecule.py:157:num_missing_heavy:Missing atom OE1 in residue GLU A 225
2022-11-08 13:26:40,341 WARNING:biomolecule.py:157:num_missing_heavy:Missing atom OE2 in residue GLU A 225
2022-11-08 13:26:40,342 WARNING:biomolecule.py:157:num_missing_heavy:Missing atom CG in residue TRP A 226
2022-11-08 13:26:40,342 WARNING:biomolecule.py:157:num_missing_heavy:Missing atom CD1 in residue TRP A 226
2022-11-08 13:26:40,342 WARNING:biomolecule.py:157:num_missing_heavy:Missing atom CD2 in residue TRP A 226
2022-11-08 13:26:40,342 WARNING:biomolecule.py:157:num_missing_heavy:Missing atom NE1 in residue TRP A 226
2022-11-08 13:26:40,342 WARNING:biomolecule.py:157:num_missing_heavy:Missing atom CE2 in residue TRP A 226
2022-11-08 13:26:40,342 WARNING:biomolecule.py:157:num_missing_heavy:Missing atom CE3 in residue TRP A 226
2022-11-08 13:26:40,342 WARNING:biomolecule.py:157:num_missing_heavy:Missing atom CZ2 in residue TRP A 226
2022-11-08 13:26:40,343 WARNING:biomolecule.py:157:num_missing_heavy:Missing atom CZ3 in residue TRP A 226
2022-11-08 13:26:40,343 WARNING:biomolecule.py:157:num_missing_heavy:Missing atom CH2 in residue TRP A 226
2022-11-08 13:26:40,343 WARNING:biomolecule.py:157:num_missing_heavy:Missing atom CG in residue ARG A 227
2022-11-08 13:26:40,344 WARNING:biomolecule.py:157:num_missing_heavy:Missing atom CD in residue ARG A 227
2022-11-08 13:26:40,344 WARNING:biomolecule.py:157:num_missing_heavy:Missing atom NE in residue ARG A 227
2022-11-08 13:26:40,344 WARNING:biomolecule.py:157:num_missing_heavy:Missing atom CZ in residue ARG A 227
2022-11-08 13:26:40,344 WARNING:biomolecule.py:157:num_missing_heavy:Missing atom NH1 in residue ARG A 227
2022-11-08 13:26:40,344 WARNING:biomolecule.py:157:num_missing_heavy:Missing atom NH2 in residue ARG A 227
2022-11-08 13:26:40,344 WARNING:biomolecule.py:157:num_missing_heavy:Missing atom CG in residue GLU A 228
2022-11-08 13:26:40,344 WARNING:biomolecule.py:157:num_missing_heavy:Missing atom CD in residue GLU A 228
2022-11-08 13:26:40,344 WARNING:biomolecule.py:157:num_missing_heavy:Missing atom OE1 in residue GLU A 228
2022-11-08 13:26:40,345 WARNING:biomolecule.py:157:num_missing_heavy:Missing atom OE2 in residue GLU A 228
2022-11-08 13:26:40,345 WARNING:biomolecule.py:157:num_missing_heavy:Missing atom CG in residue GLN A 229
2022-11-08 13:26:40,345 WARNING:biomolecule.py:157:num_missing_heavy:Missing atom CD in residue GLN A 229
2022-11-08 13:26:40,345 WARNING:biomolecule.py:157:num_missing_heavy:Missing atom OE1 in residue GLN A 229
2022-11-08 13:26:40,345 WARNING:biomolecule.py:157:num_missing_heavy:Missing atom NE2 in residue GLN A 229
2022-11-08 13:26:40,345 WARNING:biomolecule.py:157:num_missing_heavy:Missing atom CG in residue MET A 230
2022-11-08 13:26:40,345 WARNING:biomolecule.py:157:num_missing_heavy:Missing atom SD in residue MET A 230
2022-11-08 13:26:40,345 WARNING:biomolecule.py:157:num_missing_heavy:Missing atom CE in residue MET A 230
2022-11-08 13:26:40,346 WARNING:biomolecule.py:157:num_missing_heavy:Missing atom CG in residue GLN A 231
2022-11-08 13:26:40,346 WARNING:biomolecule.py:157:num_missing_heavy:Missing atom CD in residue GLN A 231
2022-11-08 13:26:40,346 WARNING:biomolecule.py:157:num_missing_heavy:Missing atom OE1 in residue GLN A 231
2022-11-08 13:26:40,346 WARNING:biomolecule.py:157:num_missing_heavy:Missing atom NE2 in residue GLN A 231
2022-11-08 13:26:40,346 WARNING:biomolecule.py:157:num_missing_heavy:Missing atom CG in residue LEU A 232
2022-11-08 13:26:40,346 WARNING:biomolecule.py:157:num_missing_heavy:Missing atom CD1 in residue LEU A 232
2022-11-08 13:26:40,346 WARNING:biomolecule.py:157:num_missing_heavy:Missing atom CD2 in residue LEU A 232
2022-11-08 13:26:40,346 WARNING:biomolecule.py:157:num_missing_heavy:Missing atom CG in residue ARG A 233
2022-11-08 13:26:40,347 WARNING:biomolecule.py:157:num_missing_heavy:Missing atom CD in residue ARG A 233
2022-11-08 13:26:40,347 WARNING:biomolecule.py:157:num_missing_heavy:Missing atom NE in residue ARG A 233
2022-11-08 13:26:40,347 WARNING:biomolecule.py:157:num_missing_heavy:Missing atom CZ in residue ARG A 233
2022-11-08 13:26:40,347 WARNING:biomolecule.py:157:num_missing_heavy:Missing atom NH1 in residue ARG A 233
2022-11-08 13:26:40,347 WARNING:biomolecule.py:157:num_missing_heavy:Missing atom NH2 in residue ARG A 233
2022-11-08 13:26:40,347 WARNING:biomolecule.py:157:num_missing_heavy:Missing atom CG in residue PHE A 234
2022-11-08 13:26:40,347 WARNING:biomolecule.py:157:num_missing_heavy:Missing atom CD1 in residue PHE A 234
2022-11-08 13:26:40,347 WARNING:biomolecule.py:157:num_missing_heavy:Missing atom CD2 in residue PHE A 234
2022-11-08 13:26:40,347 WARNING:biomolecule.py:157:num_missing_heavy:Missing atom CE1 in residue PHE A 234
2022-11-08 13:26:40,348 WARNING:biomolecule.py:157:num_missing_heavy:Missing atom CE2 in residue PHE A 234
2022-11-08 13:26:40,348 WARNING:biomolecule.py:157:num_missing_heavy:Missing atom CZ in residue PHE A 234
2022-11-08 13:26:40,348 WARNING:biomolecule.py:157:num_missing_heavy:Missing atom CG in residue ARG A 235
2022-11-08 13:26:40,348 WARNING:biomolecule.py:157:num_missing_heavy:Missing atom CD in residue ARG A 235
2022-11-08 13:26:40,348 WARNING:biomolecule.py:157:num_missing_heavy:Missing atom NE in residue ARG A 235
2022-11-08 13:26:40,348 WARNING:biomolecule.py:157:num_missing_heavy:Missing atom CZ in residue ARG A 235
2022-11-08 13:26:40,348 WARNING:biomolecule.py:157:num_missing_heavy:Missing atom NH1 in residue ARG A 235
2022-11-08 13:26:40,348 WARNING:biomolecule.py:157:num_missing_heavy:Missing atom NH2 in residue ARG A 235
2022-11-08 13:26:40,349 WARNING:biomolecule.py:157:num_missing_heavy:Missing atom CG in residue ARG A 236
2022-11-08 13:26:40,349 WARNING:biomolecule.py:157:num_missing_heavy:Missing atom CD in residue ARG A 236
2022-11-08 13:26:40,349 WARNING:biomolecule.py:157:num_missing_heavy:Missing atom NE in residue ARG A 236
2022-11-08 13:26:40,349 WARNING:biomolecule.py:157:num_missing_heavy:Missing atom CZ in residue ARG A 236
2022-11-08 13:26:40,349 WARNING:biomolecule.py:157:num_missing_heavy:Missing atom NH1 in residue ARG A 236
2022-11-08 13:26:40,349 WARNING:biomolecule.py:157:num_missing_heavy:Missing atom NH2 in residue ARG A 236
2022-11-08 13:26:40,349 WARNING:biomolecule.py:157:num_missing_heavy:Missing atom CG1 in residue VAL A 237
2022-11-08 13:26:40,349 WARNING:biomolecule.py:157:num_missing_heavy:Missing atom CG2 in residue VAL A 237
2022-11-08 13:26:40,350 WARNING:biomolecule.py:157:num_missing_heavy:Missing atom OG in residue SER A 238
2022-11-08 13:26:40,350 WARNING:biomolecule.py:157:num_missing_heavy:Missing atom CG in residue ASP A 239
2022-11-08 13:26:40,350 WARNING:biomolecule.py:157:num_missing_heavy:Missing atom OD1 in residue ASP A 239
2022-11-08 13:26:40,350 WARNING:biomolecule.py:157:num_missing_heavy:Missing atom OD2 in residue ASP A 239
2022-11-08 13:26:40,350 WARNING:biomolecule.py:157:num_missing_heavy:Missing atom CG in residue MET A 294
2022-11-08 13:26:40,350 WARNING:biomolecule.py:157:num_missing_heavy:Missing atom SD in residue MET A 294
2022-11-08 13:26:40,351 WARNING:biomolecule.py:157:num_missing_heavy:Missing atom CE in residue MET A 294
2022-11-08 13:26:40,351 WARNING:biomolecule.py:157:num_missing_heavy:Missing atom CG in residue ASP A 296
2022-11-08 13:26:40,351 WARNING:biomolecule.py:157:num_missing_heavy:Missing atom OD1 in residue ASP A 296
2022-11-08 13:26:40,351 WARNING:biomolecule.py:157:num_missing_heavy:Missing atom OD2 in residue ASP A 296
2022-11-08 13:26:40,351 WARNING:biomolecule.py:157:num_missing_heavy:Missing atom CG in residue ASP A 297
2022-11-08 13:26:40,351 WARNING:biomolecule.py:157:num_missing_heavy:Missing atom OD1 in residue ASP A 297
2022-11-08 13:26:40,351 WARNING:biomolecule.py:157:num_missing_heavy:Missing atom OD2 in residue ASP A 297
2022-11-08 13:26:40,351 WARNING:biomolecule.py:157:num_missing_heavy:Missing atom CG in residue LYS A 298
2022-11-08 13:26:40,352 WARNING:biomolecule.py:157:num_missing_heavy:Missing atom CD in residue LYS A 298
2022-11-08 13:26:40,352 WARNING:biomolecule.py:157:num_missing_heavy:Missing atom CE in residue LYS A 298
2022-11-08 13:26:40,352 WARNING:biomolecule.py:157:num_missing_heavy:Missing atom NZ in residue LYS A 298
2022-11-08 13:26:40,352 WARNING:biomolecule.py:157:num_missing_heavy:Missing atom CG in residue MET A 20
2022-11-08 13:26:40,352 WARNING:biomolecule.py:157:num_missing_heavy:Missing atom SD in residue MET A 20
2022-11-08 13:26:40,352 WARNING:biomolecule.py:157:num_missing_heavy:Missing atom CE in residue MET A 20
2022-11-08 13:26:40,353 WARNING:biomolecule.py:157:num_missing_heavy:Missing atom CG in residue LEU A 53
2022-11-08 13:26:40,353 WARNING:biomolecule.py:157:num_missing_heavy:Missing atom CD1 in residue LEU A 53
2022-11-08 13:26:40,353 WARNING:biomolecule.py:157:num_missing_heavy:Missing atom CD2 in residue LEU A 53
2022-11-08 13:26:40,353 WARNING:biomolecule.py:157:num_missing_heavy:Missing atom CG in residue GLU A 55
2022-11-08 13:26:40,353 WARNING:biomolecule.py:157:num_missing_heavy:Missing atom CD in residue GLU A 55
2022-11-08 13:26:40,353 WARNING:biomolecule.py:157:num_missing_heavy:Missing atom OE1 in residue GLU A 55
2022-11-08 13:26:40,353 WARNING:biomolecule.py:157:num_missing_heavy:Missing atom OE2 in residue GLU A 55
2022-11-08 13:26:40,353 WARNING:biomolecule.py:157:num_missing_heavy:Missing atom CG in residue MET A 57
2022-11-08 13:26:40,354 WARNING:biomolecule.py:157:num_missing_heavy:Missing atom SD in residue MET A 57
2022-11-08 13:26:40,354 WARNING:biomolecule.py:157:num_missing_heavy:Missing atom CE in residue MET A 57
2022-11-08 13:26:40,354 WARNING:biomolecule.py:157:num_missing_heavy:Missing atom CG in residue MET A 76
2022-11-08 13:26:40,354 WARNING:biomolecule.py:157:num_missing_heavy:Missing atom SD in residue MET A 76
2022-11-08 13:26:40,354 WARNING:biomolecule.py:157:num_missing_heavy:Missing atom CE in residue MET A 76
2022-11-08 13:26:40,355 WARNING:biomolecule.py:157:num_missing_heavy:Missing atom CG in residue GLU A 146
2022-11-08 13:26:40,355 WARNING:biomolecule.py:157:num_missing_heavy:Missing atom CD in residue GLU A 146
2022-11-08 13:26:40,355 WARNING:biomolecule.py:157:num_missing_heavy:Missing atom OE1 in residue GLU A 146
2022-11-08 13:26:40,355 WARNING:biomolecule.py:157:num_missing_heavy:Missing atom OE2 in residue GLU A 146
2022-11-08 13:26:40,356 WARNING:biomolecule.py:157:num_missing_heavy:Missing atom CG in residue ASP A 224
2022-11-08 13:26:40,356 WARNING:biomolecule.py:157:num_missing_heavy:Missing atom OD1 in residue ASP A 224
2022-11-08 13:26:40,356 WARNING:biomolecule.py:157:num_missing_heavy:Missing atom OD2 in residue ASP A 224
2022-11-08 13:26:40,356 WARNING:biomolecule.py:157:num_missing_heavy:Missing atom CG in residue GLU A 225
2022-11-08 13:26:40,356 WARNING:biomolecule.py:157:num_missing_heavy:Missing atom CD in residue GLU A 225
2022-11-08 13:26:40,356 WARNING:biomolecule.py:157:num_missing_heavy:Missing atom OE1 in residue GLU A 225
2022-11-08 13:26:40,356 WARNING:biomolecule.py:157:num_missing_heavy:Missing atom OE2 in residue GLU A 225
2022-11-08 13:26:40,356 WARNING:biomolecule.py:157:num_missing_heavy:Missing atom CG in residue TRP A 226
2022-11-08 13:26:40,357 WARNING:biomolecule.py:157:num_missing_heavy:Missing atom CD1 in residue TRP A 226
2022-11-08 13:26:40,357 WARNING:biomolecule.py:157:num_missing_heavy:Missing atom CD2 in residue TRP A 226
2022-11-08 13:26:40,357 WARNING:biomolecule.py:157:num_missing_heavy:Missing atom NE1 in residue TRP A 226
2022-11-08 13:26:40,357 WARNING:biomolecule.py:157:num_missing_heavy:Missing atom CE2 in residue TRP A 226
2022-11-08 13:26:40,357 WARNING:biomolecule.py:157:num_missing_heavy:Missing atom CE3 in residue TRP A 226
2022-11-08 13:26:40,357 WARNING:biomolecule.py:157:num_missing_heavy:Missing atom CZ2 in residue TRP A 226
2022-11-08 13:26:40,357 WARNING:biomolecule.py:157:num_missing_heavy:Missing atom CZ3 in residue TRP A 226
2022-11-08 13:26:40,357 WARNING:biomolecule.py:157:num_missing_heavy:Missing atom CH2 in residue TRP A 226
2022-11-08 13:26:40,358 WARNING:biomolecule.py:157:num_missing_heavy:Missing atom CG in residue ARG A 227
2022-11-08 13:26:40,358 WARNING:biomolecule.py:157:num_missing_heavy:Missing atom CD in residue ARG A 227
2022-11-08 13:26:40,358 WARNING:biomolecule.py:157:num_missing_heavy:Missing atom NE in residue ARG A 227
2022-11-08 13:26:40,358 WARNING:biomolecule.py:157:num_missing_heavy:Missing atom CZ in residue ARG A 227
2022-11-08 13:26:40,358 WARNING:biomolecule.py:157:num_missing_heavy:Missing atom NH1 in residue ARG A 227
2022-11-08 13:26:40,358 WARNING:biomolecule.py:157:num_missing_heavy:Missing atom NH2 in residue ARG A 227
2022-11-08 13:26:40,358 WARNING:biomolecule.py:157:num_missing_heavy:Missing atom CG in residue GLU A 228
2022-11-08 13:26:40,358 WARNING:biomolecule.py:157:num_missing_heavy:Missing atom CD in residue GLU A 228
2022-11-08 13:26:40,358 WARNING:biomolecule.py:157:num_missing_heavy:Missing atom OE1 in residue GLU A 228
2022-11-08 13:26:40,359 WARNING:biomolecule.py:157:num_missing_heavy:Missing atom OE2 in residue GLU A 228
2022-11-08 13:26:40,359 WARNING:biomolecule.py:157:num_missing_heavy:Missing atom CG in residue GLN A 229
2022-11-08 13:26:40,359 WARNING:biomolecule.py:157:num_missing_heavy:Missing atom CD in residue GLN A 229
2022-11-08 13:26:40,359 WARNING:biomolecule.py:157:num_missing_heavy:Missing atom OE1 in residue GLN A 229
2022-11-08 13:26:40,359 WARNING:biomolecule.py:157:num_missing_heavy:Missing atom NE2 in residue GLN A 229
2022-11-08 13:26:40,359 WARNING:biomolecule.py:157:num_missing_heavy:Missing atom CG in residue MET A 230
2022-11-08 13:26:40,359 WARNING:biomolecule.py:157:num_missing_heavy:Missing atom SD in residue MET A 230
2022-11-08 13:26:40,359 WARNING:biomolecule.py:157:num_missing_heavy:Missing atom CE in residue MET A 230
2022-11-08 13:26:40,360 WARNING:biomolecule.py:157:num_missing_heavy:Missing atom CG in residue GLN A 231
2022-11-08 13:26:40,360 WARNING:biomolecule.py:157:num_missing_heavy:Missing atom CD in residue GLN A 231
2022-11-08 13:26:40,360 WARNING:biomolecule.py:157:num_missing_heavy:Missing atom OE1 in residue GLN A 231
2022-11-08 13:26:40,360 WARNING:biomolecule.py:157:num_missing_heavy:Missing atom NE2 in residue GLN A 231
2022-11-08 13:26:40,360 WARNING:biomolecule.py:157:num_missing_heavy:Missing atom CG in residue LEU A 232
2022-11-08 13:26:40,360 WARNING:biomolecule.py:157:num_missing_heavy:Missing atom CD1 in residue LEU A 232
2022-11-08 13:26:40,360 WARNING:biomolecule.py:157:num_missing_heavy:Missing atom CD2 in residue LEU A 232
2022-11-08 13:26:40,360 WARNING:biomolecule.py:157:num_missing_heavy:Missing atom CG in residue ARG A 233
2022-11-08 13:26:40,360 WARNING:biomolecule.py:157:num_missing_heavy:Missing atom CD in residue ARG A 233
2022-11-08 13:26:40,361 WARNING:biomolecule.py:157:num_missing_heavy:Missing atom NE in residue ARG A 233
2022-11-08 13:26:40,361 WARNING:biomolecule.py:157:num_missing_heavy:Missing atom CZ in residue ARG A 233
2022-11-08 13:26:40,361 WARNING:biomolecule.py:157:num_missing_heavy:Missing atom NH1 in residue ARG A 233
2022-11-08 13:26:40,361 WARNING:biomolecule.py:157:num_missing_heavy:Missing atom NH2 in residue ARG A 233
2022-11-08 13:26:40,361 WARNING:biomolecule.py:157:num_missing_heavy:Missing atom CG in residue PHE A 234
2022-11-08 13:26:40,361 WARNING:biomolecule.py:157:num_missing_heavy:Missing atom CD1 in residue PHE A 234
2022-11-08 13:26:40,361 WARNING:biomolecule.py:157:num_missing_heavy:Missing atom CD2 in residue PHE A 234
2022-11-08 13:26:40,361 WARNING:biomolecule.py:157:num_missing_heavy:Missing atom CE1 in residue PHE A 234
2022-11-08 13:26:40,362 WARNING:biomolecule.py:157:num_missing_heavy:Missing atom CE2 in residue PHE A 234
2022-11-08 13:26:40,362 WARNING:biomolecule.py:157:num_missing_heavy:Missing atom CZ in residue PHE A 234
2022-11-08 13:26:40,362 WARNING:biomolecule.py:157:num_missing_heavy:Missing atom CG in residue ARG A 235
2022-11-08 13:26:40,362 WARNING:biomolecule.py:157:num_missing_heavy:Missing atom CD in residue ARG A 235
2022-11-08 13:26:40,362 WARNING:biomolecule.py:157:num_missing_heavy:Missing atom NE in residue ARG A 235
2022-11-08 13:26:40,362 WARNING:biomolecule.py:157:num_missing_heavy:Missing atom CZ in residue ARG A 235
2022-11-08 13:26:40,362 WARNING:biomolecule.py:157:num_missing_heavy:Missing atom NH1 in residue ARG A 235
2022-11-08 13:26:40,362 WARNING:biomolecule.py:157:num_missing_heavy:Missing atom NH2 in residue ARG A 235
2022-11-08 13:26:40,363 WARNING:biomolecule.py:157:num_missing_heavy:Missing atom CG in residue ARG A 236
2022-11-08 13:26:40,363 WARNING:biomolecule.py:157:num_missing_heavy:Missing atom CD in residue ARG A 236
2022-11-08 13:26:40,363 WARNING:biomolecule.py:157:num_missing_heavy:Missing atom NE in residue ARG A 236
2022-11-08 13:26:40,363 WARNING:biomolecule.py:157:num_missing_heavy:Missing atom CZ in residue ARG A 236
2022-11-08 13:26:40,363 WARNING:biomolecule.py:157:num_missing_heavy:Missing atom NH1 in residue ARG A 236
2022-11-08 13:26:40,363 WARNING:biomolecule.py:157:num_missing_heavy:Missing atom NH2 in residue ARG A 236
2022-11-08 13:26:40,363 WARNING:biomolecule.py:157:num_missing_heavy:Missing atom CG1 in residue VAL A 237
2022-11-08 13:26:40,363 WARNING:biomolecule.py:157:num_missing_heavy:Missing atom CG2 in residue VAL A 237
2022-11-08 13:26:40,363 WARNING:biomolecule.py:157:num_missing_heavy:Missing atom OG in residue SER A 238
2022-11-08 13:26:40,364 WARNING:biomolecule.py:157:num_missing_heavy:Missing atom CG in residue ASP A 239
2022-11-08 13:26:40,364 WARNING:biomolecule.py:157:num_missing_heavy:Missing atom OD1 in residue ASP A 239
2022-11-08 13:26:40,364 WARNING:biomolecule.py:157:num_missing_heavy:Missing atom OD2 in residue ASP A 239
2022-11-08 13:26:40,364 WARNING:biomolecule.py:157:num_missing_heavy:Missing atom CG in residue MET A 294
2022-11-08 13:26:40,364 WARNING:biomolecule.py:157:num_missing_heavy:Missing atom SD in residue MET A 294
2022-11-08 13:26:40,364 WARNING:biomolecule.py:157:num_missing_heavy:Missing atom CE in residue MET A 294
2022-11-08 13:26:40,365 WARNING:biomolecule.py:157:num_missing_heavy:Missing atom CG in residue ASP A 296
2022-11-08 13:26:40,365 WARNING:biomolecule.py:157:num_missing_heavy:Missing atom OD1 in residue ASP A 296
2022-11-08 13:26:40,365 WARNING:biomolecule.py:157:num_missing_heavy:Missing atom OD2 in residue ASP A 296
2022-11-08 13:26:40,365 WARNING:biomolecule.py:157:num_missing_heavy:Missing atom CG in residue ASP A 297
2022-11-08 13:26:40,365 WARNING:biomolecule.py:157:num_missing_heavy:Missing atom OD1 in residue ASP A 297
2022-11-08 13:26:40,365 WARNING:biomolecule.py:157:num_missing_heavy:Missing atom OD2 in residue ASP A 297
2022-11-08 13:26:40,365 WARNING:biomolecule.py:157:num_missing_heavy:Missing atom CG in residue LYS A 298
2022-11-08 13:26:40,365 WARNING:biomolecule.py:157:num_missing_heavy:Missing atom CD in residue LYS A 298
2022-11-08 13:26:40,366 WARNING:biomolecule.py:157:num_missing_heavy:Missing atom CE in residue LYS A 298
2022-11-08 13:26:40,366 WARNING:biomolecule.py:157:num_missing_heavy:Missing atom NZ in residue LYS A 298
2022-11-08 13:26:40,366 WARNING:biomolecule.py:157:num_missing_heavy:Missing atom CG in residue MET A 20
2022-11-08 13:26:40,366 WARNING:biomolecule.py:157:num_missing_heavy:Missing atom SD in residue MET A 20
2022-11-08 13:26:40,366 WARNING:biomolecule.py:157:num_missing_heavy:Missing atom CE in residue MET A 20
2022-11-08 13:26:40,367 WARNING:biomolecule.py:157:num_missing_heavy:Missing atom CG in residue LEU A 53
2022-11-08 13:26:40,367 WARNING:biomolecule.py:157:num_missing_heavy:Missing atom CD1 in residue LEU A 53
2022-11-08 13:26:40,367 WARNING:biomolecule.py:157:num_missing_heavy:Missing atom CD2 in residue LEU A 53
2022-11-08 13:26:40,367 WARNING:biomolecule.py:157:num_missing_heavy:Missing atom CG in residue GLU A 55
2022-11-08 13:26:40,367 WARNING:biomolecule.py:157:num_missing_heavy:Missing atom CD in residue GLU A 55
2022-11-08 13:26:40,367 WARNING:biomolecule.py:157:num_missing_heavy:Missing atom OE1 in residue GLU A 55
2022-11-08 13:26:40,367 WARNING:biomolecule.py:157:num_missing_heavy:Missing atom OE2 in residue GLU A 55
2022-11-08 13:26:40,367 WARNING:biomolecule.py:157:num_missing_heavy:Missing atom CG in residue MET A 57
2022-11-08 13:26:40,367 WARNING:biomolecule.py:157:num_missing_heavy:Missing atom SD in residue MET A 57
2022-11-08 13:26:40,368 WARNING:biomolecule.py:157:num_missing_heavy:Missing atom CE in residue MET A 57
2022-11-08 13:26:40,368 WARNING:biomolecule.py:157:num_missing_heavy:Missing atom CG in residue MET A 76
2022-11-08 13:26:40,368 WARNING:biomolecule.py:157:num_missing_heavy:Missing atom SD in residue MET A 76
2022-11-08 13:26:40,368 WARNING:biomolecule.py:157:num_missing_heavy:Missing atom CE in residue MET A 76
2022-11-08 13:26:40,369 WARNING:biomolecule.py:157:num_missing_heavy:Missing atom CG in residue GLU A 146
2022-11-08 13:26:40,369 WARNING:biomolecule.py:157:num_missing_heavy:Missing atom CD in residue GLU A 146
2022-11-08 13:26:40,369 WARNING:biomolecule.py:157:num_missing_heavy:Missing atom OE1 in residue GLU A 146
2022-11-08 13:26:40,369 WARNING:biomolecule.py:157:num_missing_heavy:Missing atom OE2 in residue GLU A 146
2022-11-08 13:26:40,370 WARNING:biomolecule.py:157:num_missing_heavy:Missing atom CG in residue ASP A 224
2022-11-08 13:26:40,370 WARNING:biomolecule.py:157:num_missing_heavy:Missing atom OD1 in residue ASP A 224
2022-11-08 13:26:40,370 WARNING:biomolecule.py:157:num_missing_heavy:Missing atom OD2 in residue ASP A 224
2022-11-08 13:26:40,370 WARNING:biomolecule.py:157:num_missing_heavy:Missing atom CG in residue GLU A 225
2022-11-08 13:26:40,370 WARNING:biomolecule.py:157:num_missing_heavy:Missing atom CD in residue GLU A 225
2022-11-08 13:26:40,370 WARNING:biomolecule.py:157:num_missing_heavy:Missing atom OE1 in residue GLU A 225
2022-11-08 13:26:40,370 WARNING:biomolecule.py:157:num_missing_heavy:Missing atom OE2 in residue GLU A 225
2022-11-08 13:26:40,370 WARNING:biomolecule.py:157:num_missing_heavy:Missing atom CG in residue TRP A 226
2022-11-08 13:26:40,371 WARNING:biomolecule.py:157:num_missing_heavy:Missing atom CD1 in residue TRP A 226
2022-11-08 13:26:40,371 WARNING:biomolecule.py:157:num_missing_heavy:Missing atom CD2 in residue TRP A 226
2022-11-08 13:26:40,371 WARNING:biomolecule.py:157:num_missing_heavy:Missing atom NE1 in residue TRP A 226
2022-11-08 13:26:40,371 WARNING:biomolecule.py:157:num_missing_heavy:Missing atom CE2 in residue TRP A 226
2022-11-08 13:26:40,371 WARNING:biomolecule.py:157:num_missing_heavy:Missing atom CE3 in residue TRP A 226
2022-11-08 13:26:40,371 WARNING:biomolecule.py:157:num_missing_heavy:Missing atom CZ2 in residue TRP A 226
2022-11-08 13:26:40,371 WARNING:biomolecule.py:157:num_missing_heavy:Missing atom CZ3 in residue TRP A 226
2022-11-08 13:26:40,371 WARNING:biomolecule.py:157:num_missing_heavy:Missing atom CH2 in residue TRP A 226
2022-11-08 13:26:40,371 WARNING:biomolecule.py:157:num_missing_heavy:Missing atom CG in residue ARG A 227
2022-11-08 13:26:40,372 WARNING:biomolecule.py:157:num_missing_heavy:Missing atom CD in residue ARG A 227
2022-11-08 13:26:40,372 WARNING:biomolecule.py:157:num_missing_heavy:Missing atom NE in residue ARG A 227
2022-11-08 13:26:40,372 WARNING:biomolecule.py:157:num_missing_heavy:Missing atom CZ in residue ARG A 227
2022-11-08 13:26:40,372 WARNING:biomolecule.py:157:num_missing_heavy:Missing atom NH1 in residue ARG A 227
2022-11-08 13:26:40,372 WARNING:biomolecule.py:157:num_missing_heavy:Missing atom NH2 in residue ARG A 227
2022-11-08 13:26:40,372 WARNING:biomolecule.py:157:num_missing_heavy:Missing atom CG in residue GLU A 228
2022-11-08 13:26:40,372 WARNING:biomolecule.py:157:num_missing_heavy:Missing atom CD in residue GLU A 228
2022-11-08 13:26:40,372 WARNING:biomolecule.py:157:num_missing_heavy:Missing atom OE1 in residue GLU A 228
2022-11-08 13:26:40,373 WARNING:biomolecule.py:157:num_missing_heavy:Missing atom OE2 in residue GLU A 228
2022-11-08 13:26:40,373 WARNING:biomolecule.py:157:num_missing_heavy:Missing atom CG in residue GLN A 229
2022-11-08 13:26:40,373 WARNING:biomolecule.py:157:num_missing_heavy:Missing atom CD in residue GLN A 229
2022-11-08 13:26:40,373 WARNING:biomolecule.py:157:num_missing_heavy:Missing atom OE1 in residue GLN A 229
2022-11-08 13:26:40,373 WARNING:biomolecule.py:157:num_missing_heavy:Missing atom NE2 in residue GLN A 229
2022-11-08 13:26:40,373 WARNING:biomolecule.py:157:num_missing_heavy:Missing atom CG in residue MET A 230
2022-11-08 13:26:40,373 WARNING:biomolecule.py:157:num_missing_heavy:Missing atom SD in residue MET A 230
2022-11-08 13:26:40,373 WARNING:biomolecule.py:157:num_missing_heavy:Missing atom CE in residue MET A 230
2022-11-08 13:26:40,374 WARNING:biomolecule.py:157:num_missing_heavy:Missing atom CG in residue GLN A 231
2022-11-08 13:26:40,374 WARNING:biomolecule.py:157:num_missing_heavy:Missing atom CD in residue GLN A 231
2022-11-08 13:26:40,374 WARNING:biomolecule.py:157:num_missing_heavy:Missing atom OE1 in residue GLN A 231
2022-11-08 13:26:40,374 WARNING:biomolecule.py:157:num_missing_heavy:Missing atom NE2 in residue GLN A 231
2022-11-08 13:26:40,374 WARNING:biomolecule.py:157:num_missing_heavy:Missing atom CG in residue LEU A 232
2022-11-08 13:26:40,374 WARNING:biomolecule.py:157:num_missing_heavy:Missing atom CD1 in residue LEU A 232
2022-11-08 13:26:40,374 WARNING:biomolecule.py:157:num_missing_heavy:Missing atom CD2 in residue LEU A 232
2022-11-08 13:26:40,374 WARNING:biomolecule.py:157:num_missing_heavy:Missing atom CG in residue ARG A 233
2022-11-08 13:26:40,375 WARNING:biomolecule.py:157:num_missing_heavy:Missing atom CD in residue ARG A 233
2022-11-08 13:26:40,375 WARNING:biomolecule.py:157:num_missing_heavy:Missing atom NE in residue ARG A 233
2022-11-08 13:26:40,375 WARNING:biomolecule.py:157:num_missing_heavy:Missing atom CZ in residue ARG A 233
2022-11-08 13:26:40,375 WARNING:biomolecule.py:157:num_missing_heavy:Missing atom NH1 in residue ARG A 233
2022-11-08 13:26:40,375 WARNING:biomolecule.py:157:num_missing_heavy:Missing atom NH2 in residue ARG A 233
2022-11-08 13:26:40,375 WARNING:biomolecule.py:157:num_missing_heavy:Missing atom CG in residue PHE A 234
2022-11-08 13:26:40,375 WARNING:biomolecule.py:157:num_missing_heavy:Missing atom CD1 in residue PHE A 234
2022-11-08 13:26:40,375 WARNING:biomolecule.py:157:num_missing_heavy:Missing atom CD2 in residue PHE A 234
2022-11-08 13:26:40,375 WARNING:biomolecule.py:157:num_missing_heavy:Missing atom CE1 in residue PHE A 234
2022-11-08 13:26:40,376 WARNING:biomolecule.py:157:num_missing_heavy:Missing atom CE2 in residue PHE A 234
2022-11-08 13:26:40,376 WARNING:biomolecule.py:157:num_missing_heavy:Missing atom CZ in residue PHE A 234
2022-11-08 13:26:40,376 WARNING:biomolecule.py:157:num_missing_heavy:Missing atom CG in residue ARG A 235
2022-11-08 13:26:40,376 WARNING:biomolecule.py:157:num_missing_heavy:Missing atom CD in residue ARG A 235
2022-11-08 13:26:40,376 WARNING:biomolecule.py:157:num_missing_heavy:Missing atom NE in residue ARG A 235
2022-11-08 13:26:40,376 WARNING:biomolecule.py:157:num_missing_heavy:Missing atom CZ in residue ARG A 235
2022-11-08 13:26:40,376 WARNING:biomolecule.py:157:num_missing_heavy:Missing atom NH1 in residue ARG A 235
2022-11-08 13:26:40,376 WARNING:biomolecule.py:157:num_missing_heavy:Missing atom NH2 in residue ARG A 235
2022-11-08 13:26:40,377 WARNING:biomolecule.py:157:num_missing_heavy:Missing atom CG in residue ARG A 236
2022-11-08 13:26:40,377 WARNING:biomolecule.py:157:num_missing_heavy:Missing atom CD in residue ARG A 236
2022-11-08 13:26:40,377 WARNING:biomolecule.py:157:num_missing_heavy:Missing atom NE in residue ARG A 236
2022-11-08 13:26:40,377 WARNING:biomolecule.py:157:num_missing_heavy:Missing atom CZ in residue ARG A 236
2022-11-08 13:26:40,377 WARNING:biomolecule.py:157:num_missing_heavy:Missing atom NH1 in residue ARG A 236
2022-11-08 13:26:40,377 WARNING:biomolecule.py:157:num_missing_heavy:Missing atom NH2 in residue ARG A 236
2022-11-08 13:26:40,377 WARNING:biomolecule.py:157:num_missing_heavy:Missing atom CG1 in residue VAL A 237
2022-11-08 13:26:40,377 WARNING:biomolecule.py:157:num_missing_heavy:Missing atom CG2 in residue VAL A 237
2022-11-08 13:26:40,378 WARNING:biomolecule.py:157:num_missing_heavy:Missing atom OG in residue SER A 238
2022-11-08 13:26:40,378 WARNING:biomolecule.py:157:num_missing_heavy:Missing atom CG in residue ASP A 239
2022-11-08 13:26:40,378 WARNING:biomolecule.py:157:num_missing_heavy:Missing atom OD1 in residue ASP A 239
2022-11-08 13:26:40,378 WARNING:biomolecule.py:157:num_missing_heavy:Missing atom OD2 in residue ASP A 239
2022-11-08 13:26:40,378 WARNING:biomolecule.py:157:num_missing_heavy:Missing atom CG in residue MET A 294
2022-11-08 13:26:40,378 WARNING:biomolecule.py:157:num_missing_heavy:Missing atom SD in residue MET A 294
2022-11-08 13:26:40,379 WARNING:biomolecule.py:157:num_missing_heavy:Missing atom CE in residue MET A 294
2022-11-08 13:26:40,379 WARNING:biomolecule.py:157:num_missing_heavy:Missing atom CG in residue ASP A 296
2022-11-08 13:26:40,379 WARNING:biomolecule.py:157:num_missing_heavy:Missing atom OD1 in residue ASP A 296
2022-11-08 13:26:40,379 WARNING:biomolecule.py:157:num_missing_heavy:Missing atom OD2 in residue ASP A 296
2022-11-08 13:26:40,379 WARNING:biomolecule.py:157:num_missing_heavy:Missing atom CG in residue ASP A 297
2022-11-08 13:26:40,379 WARNING:biomolecule.py:157:num_missing_heavy:Missing atom OD1 in residue ASP A 297
2022-11-08 13:26:40,379 WARNING:biomolecule.py:157:num_missing_heavy:Missing atom OD2 in residue ASP A 297
2022-11-08 13:26:40,380 WARNING:biomolecule.py:157:num_missing_heavy:Missing atom CG in residue LYS A 298
2022-11-08 13:26:40,380 WARNING:biomolecule.py:157:num_missing_heavy:Missing atom CD in residue LYS A 298
2022-11-08 13:26:40,380 WARNING:biomolecule.py:157:num_missing_heavy:Missing atom CE in residue LYS A 298
2022-11-08 13:26:40,380 WARNING:biomolecule.py:157:num_missing_heavy:Missing atom NZ in residue LYS A 298
2022-11-08 13:26:42,893 WARNING:debump.py:172:debump_biomolecule:WARNING: Unable to debump GLN A 231
2022-11-08 13:26:44,465 WARNING:main.py:311:print_pqr:Ignoring 1418 header lines in output.
2022-11-08 13:26:44,465 WARNING:main.py:315:print_pqr:Ignoring 17 missing lines in output.
