2022-11-08 13:39:45,770 WARNING:biomolecule.py:966:create_residue:Unable to find amino or nucleic acid definition for UZK.  Parsing as new residue.
2022-11-08 13:39:45,771 WARNING:biomolecule.py:966:create_residue:Unable to find amino or nucleic acid definition for SAM.  Parsing as new residue.
2022-11-08 13:39:45,771 WARNING:biomolecule.py:966:create_residue:Unable to find amino or nucleic acid definition for ZN.  Parsing as new residue.
2022-11-08 13:39:45,771 WARNING:biomolecule.py:966:create_residue:Unable to find amino or nucleic acid definition for ZN.  Parsing as new residue.
2022-11-08 13:39:45,771 WARNING:biomolecule.py:966:create_residue:Unable to find amino or nucleic acid definition for ZN.  Parsing as new residue.
2022-11-08 13:39:45,772 WARNING:main.py:418:setup_molecule:Multiple occupancies found: CA in ARG A 51.
2022-11-08 13:39:45,772 WARNING:main.py:418:setup_molecule:Multiple occupancies found: CB in ARG A 51.
2022-11-08 13:39:45,773 WARNING:main.py:418:setup_molecule:Multiple occupancies found: CG in ARG A 51.
2022-11-08 13:39:45,773 WARNING:main.py:418:setup_molecule:Multiple occupancies found: CD in ARG A 51.
2022-11-08 13:39:45,773 WARNING:main.py:418:setup_molecule:Multiple occupancies found: NE in ARG A 51.
2022-11-08 13:39:45,773 WARNING:main.py:418:setup_molecule:Multiple occupancies found: CZ in ARG A 51.
2022-11-08 13:39:45,773 WARNING:main.py:418:setup_molecule:Multiple occupancies found: NH1 in ARG A 51.
2022-11-08 13:39:45,773 WARNING:main.py:418:setup_molecule:Multiple occupancies found: NH2 in ARG A 51.
2022-11-08 13:39:45,773 WARNING:main.py:424:setup_molecule:Multiple occupancies found in ARG A 51. At least one of the instances is being ignored.
2022-11-08 13:39:45,774 WARNING:main.py:418:setup_molecule:Multiple occupancies found: CA in PHE A 154.
2022-11-08 13:39:45,774 WARNING:main.py:418:setup_molecule:Multiple occupancies found: CB in PHE A 154.
2022-11-08 13:39:45,774 WARNING:main.py:418:setup_molecule:Multiple occupancies found: CG in PHE A 154.
2022-11-08 13:39:45,774 WARNING:main.py:418:setup_molecule:Multiple occupancies found: CD1 in PHE A 154.
2022-11-08 13:39:45,774 WARNING:main.py:418:setup_molecule:Multiple occupancies found: CD2 in PHE A 154.
2022-11-08 13:39:45,774 WARNING:main.py:418:setup_molecule:Multiple occupancies found: CE1 in PHE A 154.
2022-11-08 13:39:45,774 WARNING:main.py:418:setup_molecule:Multiple occupancies found: CE2 in PHE A 154.
2022-11-08 13:39:45,774 WARNING:main.py:418:setup_molecule:Multiple occupancies found: CZ in PHE A 154.
2022-11-08 13:39:45,775 WARNING:main.py:424:setup_molecule:Multiple occupancies found in PHE A 154. At least one of the instances is being ignored.
2022-11-08 13:39:45,775 WARNING:main.py:418:setup_molecule:Multiple occupancies found: CA in ASP A 170.
2022-11-08 13:39:45,775 WARNING:main.py:418:setup_molecule:Multiple occupancies found: CB in ASP A 170.
2022-11-08 13:39:45,775 WARNING:main.py:418:setup_molecule:Multiple occupancies found: CG in ASP A 170.
2022-11-08 13:39:45,775 WARNING:main.py:418:setup_molecule:Multiple occupancies found: OD1 in ASP A 170.
2022-11-08 13:39:45,775 WARNING:main.py:418:setup_molecule:Multiple occupancies found: OD2 in ASP A 170.
2022-11-08 13:39:45,775 WARNING:main.py:424:setup_molecule:Multiple occupancies found in ASP A 170. At least one of the instances is being ignored.
2022-11-08 13:39:45,775 WARNING:main.py:418:setup_molecule:Multiple occupancies found: CA in SER A 213.
2022-11-08 13:39:45,776 WARNING:main.py:418:setup_molecule:Multiple occupancies found: CB in SER A 213.
2022-11-08 13:39:45,776 WARNING:main.py:418:setup_molecule:Multiple occupancies found: OG in SER A 213.
2022-11-08 13:39:45,776 WARNING:main.py:424:setup_molecule:Multiple occupancies found in SER A 213. At least one of the instances is being ignored.
2022-11-08 13:39:45,776 WARNING:main.py:418:setup_molecule:Multiple occupancies found: CA in ASP A 279.
2022-11-08 13:39:45,776 WARNING:main.py:418:setup_molecule:Multiple occupancies found: CB in ASP A 279.
2022-11-08 13:39:45,777 WARNING:main.py:418:setup_molecule:Multiple occupancies found: CG in ASP A 279.
2022-11-08 13:39:45,777 WARNING:main.py:418:setup_molecule:Multiple occupancies found: OD1 in ASP A 279.
2022-11-08 13:39:45,777 WARNING:main.py:418:setup_molecule:Multiple occupancies found: OD2 in ASP A 279.
2022-11-08 13:39:45,777 WARNING:main.py:424:setup_molecule:Multiple occupancies found in ASP A 279. At least one of the instances is being ignored.
2022-11-08 13:39:45,778 WARNING:main.py:418:setup_molecule:Multiple occupancies found: CA in ASP A 332.
2022-11-08 13:39:45,778 WARNING:main.py:418:setup_molecule:Multiple occupancies found: CB in ASP A 332.
2022-11-08 13:39:45,778 WARNING:main.py:418:setup_molecule:Multiple occupancies found: CG in ASP A 332.
2022-11-08 13:39:45,778 WARNING:main.py:418:setup_molecule:Multiple occupancies found: OD1 in ASP A 332.
2022-11-08 13:39:45,778 WARNING:main.py:418:setup_molecule:Multiple occupancies found: OD2 in ASP A 332.
2022-11-08 13:39:45,778 WARNING:main.py:424:setup_molecule:Multiple occupancies found in ASP A 332. At least one of the instances is being ignored.
2022-11-08 13:39:45,778 WARNING:main.py:418:setup_molecule:Multiple occupancies found: CA in THR A 352.
2022-11-08 13:39:45,778 WARNING:main.py:418:setup_molecule:Multiple occupancies found: CB in THR A 352.
2022-11-08 13:39:45,779 WARNING:main.py:418:setup_molecule:Multiple occupancies found: CG2 in THR A 352.
2022-11-08 13:39:45,779 WARNING:main.py:418:setup_molecule:Multiple occupancies found: OG1 in THR A 352.
2022-11-08 13:39:45,779 WARNING:main.py:424:setup_molecule:Multiple occupancies found in THR A 352. At least one of the instances is being ignored.
2022-11-08 13:39:45,830 WARNING:biomolecule.py:157:num_missing_heavy:Missing atom CG in residue GLU A 2
2022-11-08 13:39:45,830 WARNING:biomolecule.py:157:num_missing_heavy:Missing atom CD in residue GLU A 2
2022-11-08 13:39:45,830 WARNING:biomolecule.py:157:num_missing_heavy:Missing atom OE1 in residue GLU A 2
2022-11-08 13:39:45,830 WARNING:biomolecule.py:157:num_missing_heavy:Missing atom OE2 in residue GLU A 2
2022-11-08 13:39:45,831 WARNING:biomolecule.py:157:num_missing_heavy:Missing atom CG in residue GLU A 57
2022-11-08 13:39:45,831 WARNING:biomolecule.py:157:num_missing_heavy:Missing atom CD in residue GLU A 57
2022-11-08 13:39:45,831 WARNING:biomolecule.py:157:num_missing_heavy:Missing atom OE1 in residue GLU A 57
2022-11-08 13:39:45,831 WARNING:biomolecule.py:157:num_missing_heavy:Missing atom OE2 in residue GLU A 57
2022-11-08 13:39:45,831 WARNING:biomolecule.py:157:num_missing_heavy:Missing atom CG in residue LYS A 58
2022-11-08 13:39:45,831 WARNING:biomolecule.py:157:num_missing_heavy:Missing atom CD in residue LYS A 58
2022-11-08 13:39:45,831 WARNING:biomolecule.py:157:num_missing_heavy:Missing atom CE in residue LYS A 58
2022-11-08 13:39:45,832 WARNING:biomolecule.py:157:num_missing_heavy:Missing atom NZ in residue LYS A 58
2022-11-08 13:39:45,832 WARNING:biomolecule.py:157:num_missing_heavy:Missing atom CG in residue LYS A 94
2022-11-08 13:39:45,832 WARNING:biomolecule.py:157:num_missing_heavy:Missing atom CD in residue LYS A 94
2022-11-08 13:39:45,832 WARNING:biomolecule.py:157:num_missing_heavy:Missing atom CE in residue LYS A 94
2022-11-08 13:39:45,832 WARNING:biomolecule.py:157:num_missing_heavy:Missing atom NZ in residue LYS A 94
2022-11-08 13:39:45,832 WARNING:biomolecule.py:157:num_missing_heavy:Missing atom CG in residue ARG A 96
2022-11-08 13:39:45,833 WARNING:biomolecule.py:157:num_missing_heavy:Missing atom CD in residue ARG A 96
2022-11-08 13:39:45,833 WARNING:biomolecule.py:157:num_missing_heavy:Missing atom NE in residue ARG A 96
2022-11-08 13:39:45,833 WARNING:biomolecule.py:157:num_missing_heavy:Missing atom CZ in residue ARG A 96
2022-11-08 13:39:45,833 WARNING:biomolecule.py:157:num_missing_heavy:Missing atom NH1 in residue ARG A 96
2022-11-08 13:39:45,833 WARNING:biomolecule.py:157:num_missing_heavy:Missing atom NH2 in residue ARG A 96
2022-11-08 13:39:45,835 WARNING:biomolecule.py:157:num_missing_heavy:Missing atom CG in residue ARG A 426
2022-11-08 13:39:45,836 WARNING:biomolecule.py:157:num_missing_heavy:Missing atom CD in residue ARG A 426
2022-11-08 13:39:45,836 WARNING:biomolecule.py:157:num_missing_heavy:Missing atom NE in residue ARG A 426
2022-11-08 13:39:45,836 WARNING:biomolecule.py:157:num_missing_heavy:Missing atom CZ in residue ARG A 426
2022-11-08 13:39:45,836 WARNING:biomolecule.py:157:num_missing_heavy:Missing atom NH1 in residue ARG A 426
2022-11-08 13:39:45,836 WARNING:biomolecule.py:157:num_missing_heavy:Missing atom NH2 in residue ARG A 426
2022-11-08 13:39:45,836 WARNING:biomolecule.py:157:num_missing_heavy:Missing atom CG in residue GLU A 2
2022-11-08 13:39:45,836 WARNING:biomolecule.py:157:num_missing_heavy:Missing atom CD in residue GLU A 2
2022-11-08 13:39:45,836 WARNING:biomolecule.py:157:num_missing_heavy:Missing atom OE1 in residue GLU A 2
2022-11-08 13:39:45,837 WARNING:biomolecule.py:157:num_missing_heavy:Missing atom OE2 in residue GLU A 2
2022-11-08 13:39:45,837 WARNING:biomolecule.py:157:num_missing_heavy:Missing atom CG in residue GLU A 57
2022-11-08 13:39:45,837 WARNING:biomolecule.py:157:num_missing_heavy:Missing atom CD in residue GLU A 57
2022-11-08 13:39:45,837 WARNING:biomolecule.py:157:num_missing_heavy:Missing atom OE1 in residue GLU A 57
2022-11-08 13:39:45,837 WARNING:biomolecule.py:157:num_missing_heavy:Missing atom OE2 in residue GLU A 57
2022-11-08 13:39:45,838 WARNING:biomolecule.py:157:num_missing_heavy:Missing atom CG in residue LYS A 58
2022-11-08 13:39:45,838 WARNING:biomolecule.py:157:num_missing_heavy:Missing atom CD in residue LYS A 58
2022-11-08 13:39:45,838 WARNING:biomolecule.py:157:num_missing_heavy:Missing atom CE in residue LYS A 58
2022-11-08 13:39:45,838 WARNING:biomolecule.py:157:num_missing_heavy:Missing atom NZ in residue LYS A 58
2022-11-08 13:39:45,838 WARNING:biomolecule.py:157:num_missing_heavy:Missing atom CG in residue LYS A 94
2022-11-08 13:39:45,838 WARNING:biomolecule.py:157:num_missing_heavy:Missing atom CD in residue LYS A 94
2022-11-08 13:39:45,838 WARNING:biomolecule.py:157:num_missing_heavy:Missing atom CE in residue LYS A 94
2022-11-08 13:39:45,839 WARNING:biomolecule.py:157:num_missing_heavy:Missing atom NZ in residue LYS A 94
2022-11-08 13:39:45,839 WARNING:biomolecule.py:157:num_missing_heavy:Missing atom CG in residue ARG A 96
2022-11-08 13:39:45,839 WARNING:biomolecule.py:157:num_missing_heavy:Missing atom CD in residue ARG A 96
2022-11-08 13:39:45,839 WARNING:biomolecule.py:157:num_missing_heavy:Missing atom NE in residue ARG A 96
2022-11-08 13:39:45,839 WARNING:biomolecule.py:157:num_missing_heavy:Missing atom CZ in residue ARG A 96
2022-11-08 13:39:45,839 WARNING:biomolecule.py:157:num_missing_heavy:Missing atom NH1 in residue ARG A 96
2022-11-08 13:39:45,839 WARNING:biomolecule.py:157:num_missing_heavy:Missing atom NH2 in residue ARG A 96
2022-11-08 13:39:45,842 WARNING:biomolecule.py:157:num_missing_heavy:Missing atom CG in residue ARG A 426
2022-11-08 13:39:45,842 WARNING:biomolecule.py:157:num_missing_heavy:Missing atom CD in residue ARG A 426
2022-11-08 13:39:45,842 WARNING:biomolecule.py:157:num_missing_heavy:Missing atom NE in residue ARG A 426
2022-11-08 13:39:45,842 WARNING:biomolecule.py:157:num_missing_heavy:Missing atom CZ in residue ARG A 426
2022-11-08 13:39:45,842 WARNING:biomolecule.py:157:num_missing_heavy:Missing atom NH1 in residue ARG A 426
2022-11-08 13:39:45,842 WARNING:biomolecule.py:157:num_missing_heavy:Missing atom NH2 in residue ARG A 426
2022-11-08 13:39:45,842 WARNING:biomolecule.py:157:num_missing_heavy:Missing atom CG in residue GLU A 2
2022-11-08 13:39:45,843 WARNING:biomolecule.py:157:num_missing_heavy:Missing atom CD in residue GLU A 2
2022-11-08 13:39:45,843 WARNING:biomolecule.py:157:num_missing_heavy:Missing atom OE1 in residue GLU A 2
2022-11-08 13:39:45,843 WARNING:biomolecule.py:157:num_missing_heavy:Missing atom OE2 in residue GLU A 2
2022-11-08 13:39:45,843 WARNING:biomolecule.py:157:num_missing_heavy:Missing atom CG in residue GLU A 57
2022-11-08 13:39:45,843 WARNING:biomolecule.py:157:num_missing_heavy:Missing atom CD in residue GLU A 57
2022-11-08 13:39:45,844 WARNING:biomolecule.py:157:num_missing_heavy:Missing atom OE1 in residue GLU A 57
2022-11-08 13:39:45,844 WARNING:biomolecule.py:157:num_missing_heavy:Missing atom OE2 in residue GLU A 57
2022-11-08 13:39:45,844 WARNING:biomolecule.py:157:num_missing_heavy:Missing atom CG in residue LYS A 58
2022-11-08 13:39:45,844 WARNING:biomolecule.py:157:num_missing_heavy:Missing atom CD in residue LYS A 58
2022-11-08 13:39:45,844 WARNING:biomolecule.py:157:num_missing_heavy:Missing atom CE in residue LYS A 58
2022-11-08 13:39:45,844 WARNING:biomolecule.py:157:num_missing_heavy:Missing atom NZ in residue LYS A 58
2022-11-08 13:39:45,844 WARNING:biomolecule.py:157:num_missing_heavy:Missing atom CG in residue LYS A 94
2022-11-08 13:39:45,845 WARNING:biomolecule.py:157:num_missing_heavy:Missing atom CD in residue LYS A 94
2022-11-08 13:39:45,845 WARNING:biomolecule.py:157:num_missing_heavy:Missing atom CE in residue LYS A 94
2022-11-08 13:39:45,845 WARNING:biomolecule.py:157:num_missing_heavy:Missing atom NZ in residue LYS A 94
2022-11-08 13:39:45,845 WARNING:biomolecule.py:157:num_missing_heavy:Missing atom CG in residue ARG A 96
2022-11-08 13:39:45,845 WARNING:biomolecule.py:157:num_missing_heavy:Missing atom CD in residue ARG A 96
2022-11-08 13:39:45,845 WARNING:biomolecule.py:157:num_missing_heavy:Missing atom NE in residue ARG A 96
2022-11-08 13:39:45,845 WARNING:biomolecule.py:157:num_missing_heavy:Missing atom CZ in residue ARG A 96
2022-11-08 13:39:45,845 WARNING:biomolecule.py:157:num_missing_heavy:Missing atom NH1 in residue ARG A 96
2022-11-08 13:39:45,846 WARNING:biomolecule.py:157:num_missing_heavy:Missing atom NH2 in residue ARG A 96
2022-11-08 13:39:45,848 WARNING:biomolecule.py:157:num_missing_heavy:Missing atom CG in residue ARG A 426
2022-11-08 13:39:45,848 WARNING:biomolecule.py:157:num_missing_heavy:Missing atom CD in residue ARG A 426
2022-11-08 13:39:45,848 WARNING:biomolecule.py:157:num_missing_heavy:Missing atom NE in residue ARG A 426
2022-11-08 13:39:45,848 WARNING:biomolecule.py:157:num_missing_heavy:Missing atom CZ in residue ARG A 426
2022-11-08 13:39:45,848 WARNING:biomolecule.py:157:num_missing_heavy:Missing atom NH1 in residue ARG A 426
2022-11-08 13:39:45,849 WARNING:biomolecule.py:157:num_missing_heavy:Missing atom NH2 in residue ARG A 426
2022-11-08 13:39:51,855 WARNING:main.py:311:print_pqr:Ignoring 2803 header lines in output.
2022-11-08 13:39:51,855 WARNING:main.py:315:print_pqr:Ignoring 59 missing lines in output.
