2022-11-08 13:38:38,433 WARNING:biomolecule.py:966:create_residue:Unable to find amino or nucleic acid definition for UK7.  Parsing as new residue.
2022-11-08 13:38:38,434 WARNING:biomolecule.py:966:create_residue:Unable to find amino or nucleic acid definition for ZN.  Parsing as new residue.
2022-11-08 13:38:38,434 WARNING:biomolecule.py:966:create_residue:Unable to find amino or nucleic acid definition for ZN.  Parsing as new residue.
2022-11-08 13:38:38,435 WARNING:biomolecule.py:966:create_residue:Unable to find amino or nucleic acid definition for ZN.  Parsing as new residue.
2022-11-08 13:38:38,435 WARNING:biomolecule.py:966:create_residue:Unable to find amino or nucleic acid definition for SAM.  Parsing as new residue.
2022-11-08 13:38:38,482 WARNING:biomolecule.py:157:num_missing_heavy:Missing atom CG in residue LYS A 2070
2022-11-08 13:38:38,483 WARNING:biomolecule.py:157:num_missing_heavy:Missing atom CD in residue LYS A 2070
2022-11-08 13:38:38,483 WARNING:biomolecule.py:157:num_missing_heavy:Missing atom CE in residue LYS A 2070
2022-11-08 13:38:38,483 WARNING:biomolecule.py:157:num_missing_heavy:Missing atom NZ in residue LYS A 2070
2022-11-08 13:38:38,483 WARNING:biomolecule.py:157:num_missing_heavy:Missing atom CG in residue ARG A 2073
2022-11-08 13:38:38,483 WARNING:biomolecule.py:157:num_missing_heavy:Missing atom CD in residue ARG A 2073
2022-11-08 13:38:38,483 WARNING:biomolecule.py:157:num_missing_heavy:Missing atom NE in residue ARG A 2073
2022-11-08 13:38:38,483 WARNING:biomolecule.py:157:num_missing_heavy:Missing atom CZ in residue ARG A 2073
2022-11-08 13:38:38,484 WARNING:biomolecule.py:157:num_missing_heavy:Missing atom NH1 in residue ARG A 2073
2022-11-08 13:38:38,484 WARNING:biomolecule.py:157:num_missing_heavy:Missing atom NH2 in residue ARG A 2073
2022-11-08 13:38:38,484 WARNING:biomolecule.py:157:num_missing_heavy:Missing atom CG in residue ASP A 2106
2022-11-08 13:38:38,484 WARNING:biomolecule.py:157:num_missing_heavy:Missing atom OD1 in residue ASP A 2106
2022-11-08 13:38:38,484 WARNING:biomolecule.py:157:num_missing_heavy:Missing atom OD2 in residue ASP A 2106
2022-11-08 13:38:38,486 WARNING:biomolecule.py:157:num_missing_heavy:Missing atom OXT in residue GLY A 2281
2022-11-08 13:38:38,486 WARNING:biomolecule.py:157:num_missing_heavy:Missing atom CG in residue LYS A 2070
2022-11-08 13:38:38,486 WARNING:biomolecule.py:157:num_missing_heavy:Missing atom CD in residue LYS A 2070
2022-11-08 13:38:38,486 WARNING:biomolecule.py:157:num_missing_heavy:Missing atom CE in residue LYS A 2070
2022-11-08 13:38:38,486 WARNING:biomolecule.py:157:num_missing_heavy:Missing atom NZ in residue LYS A 2070
2022-11-08 13:38:38,486 WARNING:biomolecule.py:157:num_missing_heavy:Missing atom CG in residue ARG A 2073
2022-11-08 13:38:38,486 WARNING:biomolecule.py:157:num_missing_heavy:Missing atom CD in residue ARG A 2073
2022-11-08 13:38:38,487 WARNING:biomolecule.py:157:num_missing_heavy:Missing atom NE in residue ARG A 2073
2022-11-08 13:38:38,487 WARNING:biomolecule.py:157:num_missing_heavy:Missing atom CZ in residue ARG A 2073
2022-11-08 13:38:38,487 WARNING:biomolecule.py:157:num_missing_heavy:Missing atom NH1 in residue ARG A 2073
2022-11-08 13:38:38,487 WARNING:biomolecule.py:157:num_missing_heavy:Missing atom NH2 in residue ARG A 2073
2022-11-08 13:38:38,487 WARNING:biomolecule.py:157:num_missing_heavy:Missing atom CG in residue ASP A 2106
2022-11-08 13:38:38,487 WARNING:biomolecule.py:157:num_missing_heavy:Missing atom OD1 in residue ASP A 2106
2022-11-08 13:38:38,488 WARNING:biomolecule.py:157:num_missing_heavy:Missing atom OD2 in residue ASP A 2106
2022-11-08 13:38:38,489 WARNING:biomolecule.py:157:num_missing_heavy:Missing atom OXT in residue GLY A 2281
2022-11-08 13:38:38,489 WARNING:biomolecule.py:157:num_missing_heavy:Missing atom CG in residue LYS A 2070
2022-11-08 13:38:38,489 WARNING:biomolecule.py:157:num_missing_heavy:Missing atom CD in residue LYS A 2070
2022-11-08 13:38:38,489 WARNING:biomolecule.py:157:num_missing_heavy:Missing atom CE in residue LYS A 2070
2022-11-08 13:38:38,490 WARNING:biomolecule.py:157:num_missing_heavy:Missing atom NZ in residue LYS A 2070
2022-11-08 13:38:38,490 WARNING:biomolecule.py:157:num_missing_heavy:Missing atom CG in residue ARG A 2073
2022-11-08 13:38:38,491 WARNING:biomolecule.py:157:num_missing_heavy:Missing atom CD in residue ARG A 2073
2022-11-08 13:38:38,491 WARNING:biomolecule.py:157:num_missing_heavy:Missing atom NE in residue ARG A 2073
2022-11-08 13:38:38,491 WARNING:biomolecule.py:157:num_missing_heavy:Missing atom CZ in residue ARG A 2073
2022-11-08 13:38:38,491 WARNING:biomolecule.py:157:num_missing_heavy:Missing atom NH1 in residue ARG A 2073
2022-11-08 13:38:38,491 WARNING:biomolecule.py:157:num_missing_heavy:Missing atom NH2 in residue ARG A 2073
2022-11-08 13:38:38,491 WARNING:biomolecule.py:157:num_missing_heavy:Missing atom CG in residue ASP A 2106
2022-11-08 13:38:38,492 WARNING:biomolecule.py:157:num_missing_heavy:Missing atom OD1 in residue ASP A 2106
2022-11-08 13:38:38,492 WARNING:biomolecule.py:157:num_missing_heavy:Missing atom OD2 in residue ASP A 2106
2022-11-08 13:38:38,493 WARNING:biomolecule.py:157:num_missing_heavy:Missing atom OXT in residue GLY A 2281
2022-11-08 13:38:42,789 WARNING:main.py:311:print_pqr:Ignoring 2661 header lines in output.
2022-11-08 13:38:42,790 WARNING:main.py:315:print_pqr:Ignoring 53 missing lines in output.
