2022-11-08 13:36:09,790 WARNING:biomolecule.py:966:create_residue:Unable to find amino or nucleic acid definition for SAM.  Parsing as new residue.
2022-11-08 13:36:09,833 WARNING:biomolecule.py:157:num_missing_heavy:Missing atom CG in residue MET A 1
2022-11-08 13:36:09,833 WARNING:biomolecule.py:157:num_missing_heavy:Missing atom SD in residue MET A 1
2022-11-08 13:36:09,833 WARNING:biomolecule.py:157:num_missing_heavy:Missing atom CE in residue MET A 1
2022-11-08 13:36:09,833 WARNING:biomolecule.py:157:num_missing_heavy:Missing atom CG in residue LYS A 3
2022-11-08 13:36:09,833 WARNING:biomolecule.py:157:num_missing_heavy:Missing atom CD in residue LYS A 3
2022-11-08 13:36:09,834 WARNING:biomolecule.py:157:num_missing_heavy:Missing atom CE in residue LYS A 3
2022-11-08 13:36:09,834 WARNING:biomolecule.py:157:num_missing_heavy:Missing atom NZ in residue LYS A 3
2022-11-08 13:36:09,835 WARNING:biomolecule.py:157:num_missing_heavy:Missing atom CG in residue GLU A 157
2022-11-08 13:36:09,835 WARNING:biomolecule.py:157:num_missing_heavy:Missing atom CD in residue GLU A 157
2022-11-08 13:36:09,835 WARNING:biomolecule.py:157:num_missing_heavy:Missing atom OE1 in residue GLU A 157
2022-11-08 13:36:09,835 WARNING:biomolecule.py:157:num_missing_heavy:Missing atom OE2 in residue GLU A 157
2022-11-08 13:36:09,836 WARNING:biomolecule.py:157:num_missing_heavy:Missing atom CG in residue LYS A 289
2022-11-08 13:36:09,836 WARNING:biomolecule.py:157:num_missing_heavy:Missing atom CD in residue LYS A 289
2022-11-08 13:36:09,836 WARNING:biomolecule.py:157:num_missing_heavy:Missing atom CE in residue LYS A 289
2022-11-08 13:36:09,837 WARNING:biomolecule.py:157:num_missing_heavy:Missing atom NZ in residue LYS A 289
2022-11-08 13:36:09,837 WARNING:biomolecule.py:157:num_missing_heavy:Missing atom OXT in residue PHE A 292
2022-11-08 13:36:09,837 WARNING:biomolecule.py:157:num_missing_heavy:Missing atom CG in residue MET A 1
2022-11-08 13:36:09,837 WARNING:biomolecule.py:157:num_missing_heavy:Missing atom SD in residue MET A 1
2022-11-08 13:36:09,837 WARNING:biomolecule.py:157:num_missing_heavy:Missing atom CE in residue MET A 1
2022-11-08 13:36:09,837 WARNING:biomolecule.py:157:num_missing_heavy:Missing atom CG in residue LYS A 3
2022-11-08 13:36:09,837 WARNING:biomolecule.py:157:num_missing_heavy:Missing atom CD in residue LYS A 3
2022-11-08 13:36:09,837 WARNING:biomolecule.py:157:num_missing_heavy:Missing atom CE in residue LYS A 3
2022-11-08 13:36:09,838 WARNING:biomolecule.py:157:num_missing_heavy:Missing atom NZ in residue LYS A 3
2022-11-08 13:36:09,839 WARNING:biomolecule.py:157:num_missing_heavy:Missing atom CG in residue GLU A 157
2022-11-08 13:36:09,839 WARNING:biomolecule.py:157:num_missing_heavy:Missing atom CD in residue GLU A 157
2022-11-08 13:36:09,839 WARNING:biomolecule.py:157:num_missing_heavy:Missing atom OE1 in residue GLU A 157
2022-11-08 13:36:09,839 WARNING:biomolecule.py:157:num_missing_heavy:Missing atom OE2 in residue GLU A 157
2022-11-08 13:36:09,840 WARNING:biomolecule.py:157:num_missing_heavy:Missing atom CG in residue LYS A 289
2022-11-08 13:36:09,840 WARNING:biomolecule.py:157:num_missing_heavy:Missing atom CD in residue LYS A 289
2022-11-08 13:36:09,840 WARNING:biomolecule.py:157:num_missing_heavy:Missing atom CE in residue LYS A 289
2022-11-08 13:36:09,840 WARNING:biomolecule.py:157:num_missing_heavy:Missing atom NZ in residue LYS A 289
2022-11-08 13:36:09,840 WARNING:biomolecule.py:157:num_missing_heavy:Missing atom OXT in residue PHE A 292
2022-11-08 13:36:09,841 WARNING:biomolecule.py:157:num_missing_heavy:Missing atom CG in residue MET A 1
2022-11-08 13:36:09,841 WARNING:biomolecule.py:157:num_missing_heavy:Missing atom SD in residue MET A 1
2022-11-08 13:36:09,841 WARNING:biomolecule.py:157:num_missing_heavy:Missing atom CE in residue MET A 1
2022-11-08 13:36:09,841 WARNING:biomolecule.py:157:num_missing_heavy:Missing atom CG in residue LYS A 3
2022-11-08 13:36:09,841 WARNING:biomolecule.py:157:num_missing_heavy:Missing atom CD in residue LYS A 3
2022-11-08 13:36:09,843 WARNING:biomolecule.py:157:num_missing_heavy:Missing atom CE in residue LYS A 3
2022-11-08 13:36:09,843 WARNING:biomolecule.py:157:num_missing_heavy:Missing atom NZ in residue LYS A 3
2022-11-08 13:36:09,844 WARNING:biomolecule.py:157:num_missing_heavy:Missing atom CG in residue GLU A 157
2022-11-08 13:36:09,844 WARNING:biomolecule.py:157:num_missing_heavy:Missing atom CD in residue GLU A 157
2022-11-08 13:36:09,844 WARNING:biomolecule.py:157:num_missing_heavy:Missing atom OE1 in residue GLU A 157
2022-11-08 13:36:09,844 WARNING:biomolecule.py:157:num_missing_heavy:Missing atom OE2 in residue GLU A 157
2022-11-08 13:36:09,845 WARNING:biomolecule.py:157:num_missing_heavy:Missing atom CG in residue LYS A 289
2022-11-08 13:36:09,845 WARNING:biomolecule.py:157:num_missing_heavy:Missing atom CD in residue LYS A 289
2022-11-08 13:36:09,846 WARNING:biomolecule.py:157:num_missing_heavy:Missing atom CE in residue LYS A 289
2022-11-08 13:36:09,846 WARNING:biomolecule.py:157:num_missing_heavy:Missing atom NZ in residue LYS A 289
2022-11-08 13:36:09,846 WARNING:biomolecule.py:157:num_missing_heavy:Missing atom OXT in residue PHE A 292
2022-11-08 13:36:13,364 WARNING:main.py:311:print_pqr:Ignoring 1730 header lines in output.
2022-11-08 13:36:13,365 WARNING:main.py:315:print_pqr:Ignoring 27 missing lines in output.
