2022-11-08 13:28:05,076 WARNING:biomolecule.py:966:create_residue:Unable to find amino or nucleic acid definition for SAM.  Parsing as new residue.
2022-11-08 13:28:05,079 WARNING:main.py:418:setup_molecule:Multiple occupancies found: N in ARG A 148.
2022-11-08 13:28:05,079 WARNING:main.py:418:setup_molecule:Multiple occupancies found: CA in ARG A 148.
2022-11-08 13:28:05,079 WARNING:main.py:418:setup_molecule:Multiple occupancies found: C in ARG A 148.
2022-11-08 13:28:05,079 WARNING:main.py:418:setup_molecule:Multiple occupancies found: O in ARG A 148.
2022-11-08 13:28:05,079 WARNING:main.py:418:setup_molecule:Multiple occupancies found: CB in ARG A 148.
2022-11-08 13:28:05,079 WARNING:main.py:418:setup_molecule:Multiple occupancies found: CG in ARG A 148.
2022-11-08 13:28:05,079 WARNING:main.py:418:setup_molecule:Multiple occupancies found: CD in ARG A 148.
2022-11-08 13:28:05,079 WARNING:main.py:418:setup_molecule:Multiple occupancies found: NE in ARG A 148.
2022-11-08 13:28:05,080 WARNING:main.py:418:setup_molecule:Multiple occupancies found: CZ in ARG A 148.
2022-11-08 13:28:05,080 WARNING:main.py:418:setup_molecule:Multiple occupancies found: NH1 in ARG A 148.
2022-11-08 13:28:05,080 WARNING:main.py:418:setup_molecule:Multiple occupancies found: NH2 in ARG A 148.
2022-11-08 13:28:05,080 WARNING:main.py:424:setup_molecule:Multiple occupancies found in ARG A 148. At least one of the instances is being ignored.
2022-11-08 13:28:05,080 WARNING:main.py:418:setup_molecule:Multiple occupancies found: N in ARG A 203.
2022-11-08 13:28:05,080 WARNING:main.py:418:setup_molecule:Multiple occupancies found: CA in ARG A 203.
2022-11-08 13:28:05,080 WARNING:main.py:418:setup_molecule:Multiple occupancies found: C in ARG A 203.
2022-11-08 13:28:05,080 WARNING:main.py:418:setup_molecule:Multiple occupancies found: O in ARG A 203.
2022-11-08 13:28:05,081 WARNING:main.py:418:setup_molecule:Multiple occupancies found: CB in ARG A 203.
2022-11-08 13:28:05,081 WARNING:main.py:418:setup_molecule:Multiple occupancies found: CG in ARG A 203.
2022-11-08 13:28:05,081 WARNING:main.py:418:setup_molecule:Multiple occupancies found: CD in ARG A 203.
2022-11-08 13:28:05,081 WARNING:main.py:418:setup_molecule:Multiple occupancies found: NE in ARG A 203.
2022-11-08 13:28:05,081 WARNING:main.py:418:setup_molecule:Multiple occupancies found: CZ in ARG A 203.
2022-11-08 13:28:05,081 WARNING:main.py:418:setup_molecule:Multiple occupancies found: NH1 in ARG A 203.
2022-11-08 13:28:05,081 WARNING:main.py:418:setup_molecule:Multiple occupancies found: NH2 in ARG A 203.
2022-11-08 13:28:05,081 WARNING:main.py:424:setup_molecule:Multiple occupancies found in ARG A 203. At least one of the instances is being ignored.
2022-11-08 13:28:05,134 WARNING:biomolecule.py:157:num_missing_heavy:Missing atom OXT in residue HIS A 459
2022-11-08 13:28:05,137 WARNING:biomolecule.py:157:num_missing_heavy:Missing atom OXT in residue HIS A 459
2022-11-08 13:28:05,140 WARNING:biomolecule.py:157:num_missing_heavy:Missing atom OXT in residue HIS A 459
2022-11-08 13:28:09,773 WARNING:main.py:311:print_pqr:Ignoring 1729 header lines in output.
2022-11-08 13:28:09,774 WARNING:main.py:315:print_pqr:Ignoring 27 missing lines in output.
