2022-11-08 13:31:15,741 WARNING:biomolecule.py:966:create_residue:Unable to find amino or nucleic acid definition for SAM.  Parsing as new residue.
2022-11-08 13:31:15,743 WARNING:biomolecule.py:966:create_residue:Unable to find amino or nucleic acid definition for 5KY.  Parsing as new residue.
2022-11-08 13:31:15,744 WARNING:main.py:418:setup_molecule:Multiple occupancies found: N in LYS A 12.
2022-11-08 13:31:15,744 WARNING:main.py:418:setup_molecule:Multiple occupancies found: CA in LYS A 12.
2022-11-08 13:31:15,744 WARNING:main.py:418:setup_molecule:Multiple occupancies found: C in LYS A 12.
2022-11-08 13:31:15,745 WARNING:main.py:418:setup_molecule:Multiple occupancies found: O in LYS A 12.
2022-11-08 13:31:15,745 WARNING:main.py:418:setup_molecule:Multiple occupancies found: CB in LYS A 12.
2022-11-08 13:31:15,745 WARNING:main.py:418:setup_molecule:Multiple occupancies found: CG in LYS A 12.
2022-11-08 13:31:15,745 WARNING:main.py:418:setup_molecule:Multiple occupancies found: CD in LYS A 12.
2022-11-08 13:31:15,746 WARNING:main.py:418:setup_molecule:Multiple occupancies found: CE in LYS A 12.
2022-11-08 13:31:15,746 WARNING:main.py:418:setup_molecule:Multiple occupancies found: NZ in LYS A 12.
2022-11-08 13:31:15,746 WARNING:main.py:424:setup_molecule:Multiple occupancies found in LYS A 12. At least one of the instances is being ignored.
2022-11-08 13:31:15,746 WARNING:main.py:418:setup_molecule:Multiple occupancies found: N in GLU A 74.
2022-11-08 13:31:15,747 WARNING:main.py:418:setup_molecule:Multiple occupancies found: CA in GLU A 74.
2022-11-08 13:31:15,747 WARNING:main.py:418:setup_molecule:Multiple occupancies found: C in GLU A 74.
2022-11-08 13:31:15,747 WARNING:main.py:418:setup_molecule:Multiple occupancies found: O in GLU A 74.
2022-11-08 13:31:15,747 WARNING:main.py:418:setup_molecule:Multiple occupancies found: CB in GLU A 74.
2022-11-08 13:31:15,747 WARNING:main.py:418:setup_molecule:Multiple occupancies found: CG in GLU A 74.
2022-11-08 13:31:15,748 WARNING:main.py:418:setup_molecule:Multiple occupancies found: CD in GLU A 74.
2022-11-08 13:31:15,748 WARNING:main.py:418:setup_molecule:Multiple occupancies found: OE1 in GLU A 74.
2022-11-08 13:31:15,748 WARNING:main.py:418:setup_molecule:Multiple occupancies found: OE2 in GLU A 74.
2022-11-08 13:31:15,748 WARNING:main.py:424:setup_molecule:Multiple occupancies found in GLU A 74. At least one of the instances is being ignored.
2022-11-08 13:31:15,749 WARNING:main.py:418:setup_molecule:Multiple occupancies found: N in LEU A 204.
2022-11-08 13:31:15,749 WARNING:main.py:418:setup_molecule:Multiple occupancies found: CA in LEU A 204.
2022-11-08 13:31:15,749 WARNING:main.py:418:setup_molecule:Multiple occupancies found: C in LEU A 204.
2022-11-08 13:31:15,749 WARNING:main.py:418:setup_molecule:Multiple occupancies found: O in LEU A 204.
2022-11-08 13:31:15,749 WARNING:main.py:418:setup_molecule:Multiple occupancies found: CB in LEU A 204.
2022-11-08 13:31:15,749 WARNING:main.py:418:setup_molecule:Multiple occupancies found: CG in LEU A 204.
2022-11-08 13:31:15,750 WARNING:main.py:418:setup_molecule:Multiple occupancies found: CD1 in LEU A 204.
2022-11-08 13:31:15,750 WARNING:main.py:418:setup_molecule:Multiple occupancies found: CD2 in LEU A 204.
2022-11-08 13:31:15,750 WARNING:main.py:424:setup_molecule:Multiple occupancies found in LEU A 204. At least one of the instances is being ignored.
2022-11-08 13:31:15,750 WARNING:main.py:418:setup_molecule:Multiple occupancies found: N in MET A 233.
2022-11-08 13:31:15,750 WARNING:main.py:418:setup_molecule:Multiple occupancies found: CA in MET A 233.
2022-11-08 13:31:15,750 WARNING:main.py:418:setup_molecule:Multiple occupancies found: C in MET A 233.
2022-11-08 13:31:15,751 WARNING:main.py:418:setup_molecule:Multiple occupancies found: O in MET A 233.
2022-11-08 13:31:15,751 WARNING:main.py:418:setup_molecule:Multiple occupancies found: CB in MET A 233.
2022-11-08 13:31:15,751 WARNING:main.py:418:setup_molecule:Multiple occupancies found: CG in MET A 233.
2022-11-08 13:31:15,752 WARNING:main.py:418:setup_molecule:Multiple occupancies found: SD in MET A 233.
2022-11-08 13:31:15,752 WARNING:main.py:418:setup_molecule:Multiple occupancies found: CE in MET A 233.
2022-11-08 13:31:15,752 WARNING:main.py:424:setup_molecule:Multiple occupancies found in MET A 233. At least one of the instances is being ignored.
2022-11-08 13:31:15,766 WARNING:biomolecule.py:600:update_bonds:Gap in backbone detected between LYS A 96 and THR A 98!
2022-11-08 13:31:19,749 WARNING:main.py:311:print_pqr:Ignoring 2557 header lines in output.
2022-11-08 13:31:19,750 WARNING:main.py:315:print_pqr:Ignoring 52 missing lines in output.
