2022-11-08 13:30:33,001 WARNING:biomolecule.py:966:create_residue:Unable to find amino or nucleic acid definition for SAM.  Parsing as new residue.
2022-11-08 13:30:33,002 WARNING:biomolecule.py:966:create_residue:Unable to find amino or nucleic acid definition for MGT.  Parsing as new residue.
2022-11-08 13:30:33,003 WARNING:biomolecule.py:966:create_residue:Unable to find amino or nucleic acid definition for NA.  Parsing as new residue.
2022-11-08 13:30:33,004 WARNING:main.py:418:setup_molecule:Multiple occupancies found: CA in CYS A 152.
2022-11-08 13:30:33,004 WARNING:main.py:418:setup_molecule:Multiple occupancies found: CB in CYS A 152.
2022-11-08 13:30:33,004 WARNING:main.py:418:setup_molecule:Multiple occupancies found: SG in CYS A 152.
2022-11-08 13:30:33,004 WARNING:main.py:424:setup_molecule:Multiple occupancies found in CYS A 152. At least one of the instances is being ignored.
2022-11-08 13:30:33,004 WARNING:main.py:418:setup_molecule:Multiple occupancies found: N in SER A 156.
2022-11-08 13:30:33,004 WARNING:main.py:418:setup_molecule:Multiple occupancies found: CA in SER A 156.
2022-11-08 13:30:33,005 WARNING:main.py:418:setup_molecule:Multiple occupancies found: C in SER A 156.
2022-11-08 13:30:33,005 WARNING:main.py:418:setup_molecule:Multiple occupancies found: O in SER A 156.
2022-11-08 13:30:33,005 WARNING:main.py:418:setup_molecule:Multiple occupancies found: CB in SER A 156.
2022-11-08 13:30:33,005 WARNING:main.py:418:setup_molecule:Multiple occupancies found: OG in SER A 156.
2022-11-08 13:30:33,005 WARNING:main.py:424:setup_molecule:Multiple occupancies found in SER A 156. At least one of the instances is being ignored.
2022-11-08 13:30:33,005 WARNING:main.py:418:setup_molecule:Multiple occupancies found: CA in SER A 198.
2022-11-08 13:30:33,005 WARNING:main.py:418:setup_molecule:Multiple occupancies found: CB in SER A 198.
2022-11-08 13:30:33,005 WARNING:main.py:418:setup_molecule:Multiple occupancies found: OG in SER A 198.
2022-11-08 13:30:33,006 WARNING:main.py:424:setup_molecule:Multiple occupancies found in SER A 198. At least one of the instances is being ignored.
2022-11-08 13:30:33,006 WARNING:main.py:418:setup_molecule:Multiple occupancies found: CA in MET A 214.
2022-11-08 13:30:33,006 WARNING:main.py:418:setup_molecule:Multiple occupancies found: CB in MET A 214.
2022-11-08 13:30:33,006 WARNING:main.py:418:setup_molecule:Multiple occupancies found: CG in MET A 214.
2022-11-08 13:30:33,006 WARNING:main.py:418:setup_molecule:Multiple occupancies found: SD in MET A 214.
2022-11-08 13:30:33,006 WARNING:main.py:418:setup_molecule:Multiple occupancies found: CE in MET A 214.
2022-11-08 13:30:33,006 WARNING:main.py:424:setup_molecule:Multiple occupancies found in MET A 214. At least one of the instances is being ignored.
2022-11-08 13:30:33,006 WARNING:main.py:418:setup_molecule:Multiple occupancies found: CA in SER A 257.
2022-11-08 13:30:33,007 WARNING:main.py:418:setup_molecule:Multiple occupancies found: CB in SER A 257.
2022-11-08 13:30:33,007 WARNING:main.py:418:setup_molecule:Multiple occupancies found: OG in SER A 257.
2022-11-08 13:30:33,007 WARNING:main.py:424:setup_molecule:Multiple occupancies found in SER A 257. At least one of the instances is being ignored.
2022-11-08 13:30:33,007 WARNING:main.py:418:setup_molecule:Multiple occupancies found: CA in SER A 380.
2022-11-08 13:30:33,007 WARNING:main.py:418:setup_molecule:Multiple occupancies found: CB in SER A 380.
2022-11-08 13:30:33,007 WARNING:main.py:418:setup_molecule:Multiple occupancies found: OG in SER A 380.
2022-11-08 13:30:33,007 WARNING:main.py:424:setup_molecule:Multiple occupancies found in SER A 380. At least one of the instances is being ignored.
2022-11-08 13:30:33,008 WARNING:main.py:418:setup_molecule:Multiple occupancies found: CA in CYS A 428.
2022-11-08 13:30:33,008 WARNING:main.py:418:setup_molecule:Multiple occupancies found: CB in CYS A 428.
2022-11-08 13:30:33,008 WARNING:main.py:418:setup_molecule:Multiple occupancies found: SG in CYS A 428.
2022-11-08 13:30:33,010 WARNING:main.py:424:setup_molecule:Multiple occupancies found in CYS A 428. At least one of the instances is being ignored.
2022-11-08 13:30:33,010 WARNING:main.py:418:setup_molecule:Multiple occupancies found: CA in VAL A 451.
2022-11-08 13:30:33,010 WARNING:main.py:418:setup_molecule:Multiple occupancies found: CB in VAL A 451.
2022-11-08 13:30:33,010 WARNING:main.py:418:setup_molecule:Multiple occupancies found: CG1 in VAL A 451.
2022-11-08 13:30:33,010 WARNING:main.py:418:setup_molecule:Multiple occupancies found: CG2 in VAL A 451.
2022-11-08 13:30:33,010 WARNING:main.py:424:setup_molecule:Multiple occupancies found in VAL A 451. At least one of the instances is being ignored.
2022-11-08 13:30:33,011 WARNING:main.py:418:setup_molecule:Multiple occupancies found: CA in ASP A 474.
2022-11-08 13:30:33,011 WARNING:main.py:418:setup_molecule:Multiple occupancies found: CB in ASP A 474.
2022-11-08 13:30:33,011 WARNING:main.py:418:setup_molecule:Multiple occupancies found: CG in ASP A 474.
2022-11-08 13:30:33,011 WARNING:main.py:418:setup_molecule:Multiple occupancies found: OD1 in ASP A 474.
2022-11-08 13:30:33,011 WARNING:main.py:418:setup_molecule:Multiple occupancies found: OD2 in ASP A 474.
2022-11-08 13:30:33,011 WARNING:main.py:424:setup_molecule:Multiple occupancies found in ASP A 474. At least one of the instances is being ignored.
2022-11-08 13:30:33,011 WARNING:main.py:418:setup_molecule:Multiple occupancies found: CA in HIS A 490.
2022-11-08 13:30:33,011 WARNING:main.py:418:setup_molecule:Multiple occupancies found: CB in HIS A 490.
2022-11-08 13:30:33,012 WARNING:main.py:418:setup_molecule:Multiple occupancies found: CG in HIS A 490.
2022-11-08 13:30:33,012 WARNING:main.py:418:setup_molecule:Multiple occupancies found: CD2 in HIS A 490.
2022-11-08 13:30:33,012 WARNING:main.py:418:setup_molecule:Multiple occupancies found: ND1 in HIS A 490.
2022-11-08 13:30:33,012 WARNING:main.py:418:setup_molecule:Multiple occupancies found: CE1 in HIS A 490.
2022-11-08 13:30:33,012 WARNING:main.py:418:setup_molecule:Multiple occupancies found: NE2 in HIS A 490.
2022-11-08 13:30:33,012 WARNING:main.py:424:setup_molecule:Multiple occupancies found in HIS A 490. At least one of the instances is being ignored.
2022-11-08 13:30:33,012 WARNING:main.py:418:setup_molecule:Multiple occupancies found: CA in HIS A 503.
2022-11-08 13:30:33,012 WARNING:main.py:418:setup_molecule:Multiple occupancies found: CB in HIS A 503.
2022-11-08 13:30:33,012 WARNING:main.py:418:setup_molecule:Multiple occupancies found: CG in HIS A 503.
2022-11-08 13:30:33,013 WARNING:main.py:418:setup_molecule:Multiple occupancies found: CD2 in HIS A 503.
2022-11-08 13:30:33,013 WARNING:main.py:418:setup_molecule:Multiple occupancies found: ND1 in HIS A 503.
2022-11-08 13:30:33,013 WARNING:main.py:418:setup_molecule:Multiple occupancies found: CE1 in HIS A 503.
2022-11-08 13:30:33,013 WARNING:main.py:418:setup_molecule:Multiple occupancies found: NE2 in HIS A 503.
2022-11-08 13:30:33,013 WARNING:main.py:424:setup_molecule:Multiple occupancies found in HIS A 503. At least one of the instances is being ignored.
2022-11-08 13:30:33,013 WARNING:main.py:418:setup_molecule:Multiple occupancies found: CA in CYS A 504.
2022-11-08 13:30:33,013 WARNING:main.py:418:setup_molecule:Multiple occupancies found: CB in CYS A 504.
2022-11-08 13:30:33,013 WARNING:main.py:418:setup_molecule:Multiple occupancies found: SG in CYS A 504.
2022-11-08 13:30:33,014 WARNING:main.py:424:setup_molecule:Multiple occupancies found in CYS A 504. At least one of the instances is being ignored.
2022-11-08 13:30:33,014 WARNING:main.py:418:setup_molecule:Multiple occupancies found: CA in SER A 505.
2022-11-08 13:30:33,014 WARNING:main.py:418:setup_molecule:Multiple occupancies found: CB in SER A 505.
2022-11-08 13:30:33,014 WARNING:main.py:418:setup_molecule:Multiple occupancies found: OG in SER A 505.
2022-11-08 13:30:33,014 WARNING:main.py:424:setup_molecule:Multiple occupancies found in SER A 505. At least one of the instances is being ignored.
2022-11-08 13:30:33,030 WARNING:biomolecule.py:600:update_bonds:Gap in backbone detected between SER A 315 and PHE A 321!
2022-11-08 13:30:33,063 WARNING:biomolecule.py:157:num_missing_heavy:Missing atom CG in residue GLU A 148
2022-11-08 13:30:33,063 WARNING:biomolecule.py:157:num_missing_heavy:Missing atom CD in residue GLU A 148
2022-11-08 13:30:33,064 WARNING:biomolecule.py:157:num_missing_heavy:Missing atom OE1 in residue GLU A 148
2022-11-08 13:30:33,064 WARNING:biomolecule.py:157:num_missing_heavy:Missing atom OE2 in residue GLU A 148
2022-11-08 13:30:33,064 WARNING:biomolecule.py:157:num_missing_heavy:Missing atom CG in residue GLU A 160
2022-11-08 13:30:33,064 WARNING:biomolecule.py:157:num_missing_heavy:Missing atom CD in residue GLU A 160
2022-11-08 13:30:33,064 WARNING:biomolecule.py:157:num_missing_heavy:Missing atom OE1 in residue GLU A 160
2022-11-08 13:30:33,064 WARNING:biomolecule.py:157:num_missing_heavy:Missing atom OE2 in residue GLU A 160
2022-11-08 13:30:33,065 WARNING:biomolecule.py:157:num_missing_heavy:Missing atom CE in residue LYS A 264
2022-11-08 13:30:33,065 WARNING:biomolecule.py:157:num_missing_heavy:Missing atom NZ in residue LYS A 264
2022-11-08 13:30:33,066 WARNING:biomolecule.py:157:num_missing_heavy:Missing atom CE in residue LYS A 309
2022-11-08 13:30:33,066 WARNING:biomolecule.py:157:num_missing_heavy:Missing atom NZ in residue LYS A 309
2022-11-08 13:30:33,067 WARNING:biomolecule.py:157:num_missing_heavy:Missing atom CD in residue GLU A 425
2022-11-08 13:30:33,067 WARNING:biomolecule.py:157:num_missing_heavy:Missing atom OE1 in residue GLU A 425
2022-11-08 13:30:33,067 WARNING:biomolecule.py:157:num_missing_heavy:Missing atom OE2 in residue GLU A 425
2022-11-08 13:30:33,068 WARNING:biomolecule.py:157:num_missing_heavy:Missing atom CG in residue GLU A 530
2022-11-08 13:30:33,068 WARNING:biomolecule.py:157:num_missing_heavy:Missing atom CD in residue GLU A 530
2022-11-08 13:30:33,068 WARNING:biomolecule.py:157:num_missing_heavy:Missing atom OE1 in residue GLU A 530
2022-11-08 13:30:33,068 WARNING:biomolecule.py:157:num_missing_heavy:Missing atom OE2 in residue GLU A 530
2022-11-08 13:30:33,068 WARNING:biomolecule.py:157:num_missing_heavy:Missing atom CE in residue LYS A 533
2022-11-08 13:30:33,069 WARNING:biomolecule.py:157:num_missing_heavy:Missing atom NZ in residue LYS A 533
2022-11-08 13:30:33,069 WARNING:biomolecule.py:157:num_missing_heavy:Missing atom CG1 in residue VAL A 547
2022-11-08 13:30:33,069 WARNING:biomolecule.py:157:num_missing_heavy:Missing atom CG2 in residue VAL A 547
2022-11-08 13:30:33,069 WARNING:biomolecule.py:157:num_missing_heavy:Missing atom OXT in residue VAL A 547
2022-11-08 13:30:33,069 WARNING:biomolecule.py:157:num_missing_heavy:Missing atom CG in residue GLU A 148
2022-11-08 13:30:33,069 WARNING:biomolecule.py:157:num_missing_heavy:Missing atom CD in residue GLU A 148
2022-11-08 13:30:33,070 WARNING:biomolecule.py:157:num_missing_heavy:Missing atom OE1 in residue GLU A 148
2022-11-08 13:30:33,070 WARNING:biomolecule.py:157:num_missing_heavy:Missing atom OE2 in residue GLU A 148
2022-11-08 13:30:33,070 WARNING:biomolecule.py:157:num_missing_heavy:Missing atom CG in residue GLU A 160
2022-11-08 13:30:33,070 WARNING:biomolecule.py:157:num_missing_heavy:Missing atom CD in residue GLU A 160
2022-11-08 13:30:33,070 WARNING:biomolecule.py:157:num_missing_heavy:Missing atom OE1 in residue GLU A 160
2022-11-08 13:30:33,070 WARNING:biomolecule.py:157:num_missing_heavy:Missing atom OE2 in residue GLU A 160
2022-11-08 13:30:33,071 WARNING:biomolecule.py:157:num_missing_heavy:Missing atom CE in residue LYS A 264
2022-11-08 13:30:33,071 WARNING:biomolecule.py:157:num_missing_heavy:Missing atom NZ in residue LYS A 264
2022-11-08 13:30:33,072 WARNING:biomolecule.py:157:num_missing_heavy:Missing atom CE in residue LYS A 309
2022-11-08 13:30:33,072 WARNING:biomolecule.py:157:num_missing_heavy:Missing atom NZ in residue LYS A 309
2022-11-08 13:30:33,073 WARNING:biomolecule.py:157:num_missing_heavy:Missing atom CD in residue GLU A 425
2022-11-08 13:30:33,073 WARNING:biomolecule.py:157:num_missing_heavy:Missing atom OE1 in residue GLU A 425
2022-11-08 13:30:33,073 WARNING:biomolecule.py:157:num_missing_heavy:Missing atom OE2 in residue GLU A 425
2022-11-08 13:30:33,074 WARNING:biomolecule.py:157:num_missing_heavy:Missing atom CG in residue GLU A 530
2022-11-08 13:30:33,074 WARNING:biomolecule.py:157:num_missing_heavy:Missing atom CD in residue GLU A 530
2022-11-08 13:30:33,074 WARNING:biomolecule.py:157:num_missing_heavy:Missing atom OE1 in residue GLU A 530
2022-11-08 13:30:33,074 WARNING:biomolecule.py:157:num_missing_heavy:Missing atom OE2 in residue GLU A 530
2022-11-08 13:30:33,074 WARNING:biomolecule.py:157:num_missing_heavy:Missing atom CE in residue LYS A 533
2022-11-08 13:30:33,074 WARNING:biomolecule.py:157:num_missing_heavy:Missing atom NZ in residue LYS A 533
2022-11-08 13:30:33,075 WARNING:biomolecule.py:157:num_missing_heavy:Missing atom CG1 in residue VAL A 547
2022-11-08 13:30:33,075 WARNING:biomolecule.py:157:num_missing_heavy:Missing atom CG2 in residue VAL A 547
2022-11-08 13:30:33,075 WARNING:biomolecule.py:157:num_missing_heavy:Missing atom OXT in residue VAL A 547
2022-11-08 13:30:33,075 WARNING:biomolecule.py:157:num_missing_heavy:Missing atom CG in residue GLU A 148
2022-11-08 13:30:33,075 WARNING:biomolecule.py:157:num_missing_heavy:Missing atom CD in residue GLU A 148
2022-11-08 13:30:33,075 WARNING:biomolecule.py:157:num_missing_heavy:Missing atom OE1 in residue GLU A 148
2022-11-08 13:30:33,076 WARNING:biomolecule.py:157:num_missing_heavy:Missing atom OE2 in residue GLU A 148
2022-11-08 13:30:33,076 WARNING:biomolecule.py:157:num_missing_heavy:Missing atom CG in residue GLU A 160
2022-11-08 13:30:33,076 WARNING:biomolecule.py:157:num_missing_heavy:Missing atom CD in residue GLU A 160
2022-11-08 13:30:33,076 WARNING:biomolecule.py:157:num_missing_heavy:Missing atom OE1 in residue GLU A 160
2022-11-08 13:30:33,076 WARNING:biomolecule.py:157:num_missing_heavy:Missing atom OE2 in residue GLU A 160
2022-11-08 13:30:33,077 WARNING:biomolecule.py:157:num_missing_heavy:Missing atom CE in residue LYS A 264
2022-11-08 13:30:33,077 WARNING:biomolecule.py:157:num_missing_heavy:Missing atom NZ in residue LYS A 264
2022-11-08 13:30:33,077 WARNING:biomolecule.py:157:num_missing_heavy:Missing atom CE in residue LYS A 309
2022-11-08 13:30:33,078 WARNING:biomolecule.py:157:num_missing_heavy:Missing atom NZ in residue LYS A 309
2022-11-08 13:30:33,078 WARNING:biomolecule.py:157:num_missing_heavy:Missing atom CD in residue GLU A 425
2022-11-08 13:30:33,079 WARNING:biomolecule.py:157:num_missing_heavy:Missing atom OE1 in residue GLU A 425
2022-11-08 13:30:33,079 WARNING:biomolecule.py:157:num_missing_heavy:Missing atom OE2 in residue GLU A 425
2022-11-08 13:30:33,080 WARNING:biomolecule.py:157:num_missing_heavy:Missing atom CG in residue GLU A 530
2022-11-08 13:30:33,080 WARNING:biomolecule.py:157:num_missing_heavy:Missing atom CD in residue GLU A 530
2022-11-08 13:30:33,080 WARNING:biomolecule.py:157:num_missing_heavy:Missing atom OE1 in residue GLU A 530
2022-11-08 13:30:33,080 WARNING:biomolecule.py:157:num_missing_heavy:Missing atom OE2 in residue GLU A 530
2022-11-08 13:30:33,080 WARNING:biomolecule.py:157:num_missing_heavy:Missing atom CE in residue LYS A 533
2022-11-08 13:30:33,080 WARNING:biomolecule.py:157:num_missing_heavy:Missing atom NZ in residue LYS A 533
2022-11-08 13:30:33,080 WARNING:biomolecule.py:157:num_missing_heavy:Missing atom CG1 in residue VAL A 547
2022-11-08 13:30:33,081 WARNING:biomolecule.py:157:num_missing_heavy:Missing atom CG2 in residue VAL A 547
2022-11-08 13:30:33,081 WARNING:biomolecule.py:157:num_missing_heavy:Missing atom OXT in residue VAL A 547
2022-11-08 13:30:38,308 WARNING:main.py:311:print_pqr:Ignoring 2837 header lines in output.
2022-11-08 13:30:38,308 WARNING:main.py:315:print_pqr:Ignoring 60 missing lines in output.
